[0.139s] Invoking command in '/home/hansol/ros2_ws/build/Darknet': /usr/local/bin/cmake --build /home/hansol/ros2_ws/build/Darknet -- -j4 -l4
[0.159s] Change Dir: '/home/hansol/ros2_ws/build/Darknet'
[0.160s] 
[0.160s] Run Build Command(s): /usr/local/bin/cmake -E env VERBOSE=1 /usr/bin/make -f Makefile -j4 -l4
[0.188s] /usr/local/bin/cmake -S/home/hansol/ros2_ws/src/darknet_ros/darknet -B/home/hansol/ros2_ws/build/Darknet --check-build-system CMakeFiles/Makefile.cmake 0
[0.216s] /usr/local/bin/cmake -E cmake_progress_start /home/hansol/ros2_ws/build/Darknet/CMakeFiles /home/hansol/ros2_ws/build/Darknet//CMakeFiles/progress.marks
[0.235s] /usr/bin/make  -f CMakeFiles/Makefile2 all
[0.253s] make[1]: Entering directory '/home/hansol/ros2_ws/build/Darknet'
[0.254s] /usr/bin/make  -f CMakeFiles/dark.dir/build.make CMakeFiles/dark.dir/depend
[0.256s] /usr/bin/make  -f CMakeFiles/darknet.dir/build.make CMakeFiles/darknet.dir/depend
[0.342s] make[2]: Entering directory '/home/hansol/ros2_ws/build/Darknet'
[0.344s] cd /home/hansol/ros2_ws/build/Darknet && /usr/local/bin/cmake -E cmake_depends "Unix Makefiles" /home/hansol/ros2_ws/src/darknet_ros/darknet /home/hansol/ros2_ws/src/darknet_ros/darknet /home/hansol/ros2_ws/build/Darknet /home/hansol/ros2_ws/build/Darknet /home/hansol/ros2_ws/build/Darknet/CMakeFiles/dark.dir/DependInfo.cmake "--color="
[0.363s] make[2]: Entering directory '/home/hansol/ros2_ws/build/Darknet'
[0.364s] cd /home/hansol/ros2_ws/build/Darknet && /usr/local/bin/cmake -E cmake_depends "Unix Makefiles" /home/hansol/ros2_ws/src/darknet_ros/darknet /home/hansol/ros2_ws/src/darknet_ros/darknet /home/hansol/ros2_ws/build/Darknet /home/hansol/ros2_ws/build/Darknet /home/hansol/ros2_ws/build/Darknet/CMakeFiles/darknet.dir/DependInfo.cmake "--color="
[0.395s] make[2]: Leaving directory '/home/hansol/ros2_ws/build/Darknet'
[0.396s] /usr/bin/make  -f CMakeFiles/dark.dir/build.make CMakeFiles/dark.dir/build
[0.419s] make[2]: Leaving directory '/home/hansol/ros2_ws/build/Darknet'
[0.423s] /usr/bin/make  -f CMakeFiles/darknet.dir/build.make CMakeFiles/darknet.dir/build
[0.499s] make[2]: Entering directory '/home/hansol/ros2_ws/build/Darknet'
[0.500s] make[2]: Nothing to be done for 'CMakeFiles/darknet.dir/build'.
[0.501s] make[2]: Leaving directory '/home/hansol/ros2_ws/build/Darknet'
[0.504s] make[2]: Entering directory '/home/hansol/ros2_ws/build/Darknet'
[0.506s] make[2]: Nothing to be done for 'CMakeFiles/dark.dir/build'.
[0.508s] make[2]: Leaving directory '/home/hansol/ros2_ws/build/Darknet'
[0.543s] [ 78%] Built target darknet
[0.558s] [ 97%] Built target dark
[0.559s] /usr/bin/make  -f CMakeFiles/uselib_track.dir/build.make CMakeFiles/uselib_track.dir/depend
[0.561s] /usr/bin/make  -f CMakeFiles/uselib.dir/build.make CMakeFiles/uselib.dir/depend
[0.567s] make[2]: Entering directory '/home/hansol/ros2_ws/build/Darknet'
[0.568s] cd /home/hansol/ros2_ws/build/Darknet && /usr/local/bin/cmake -E cmake_depends "Unix Makefiles" /home/hansol/ros2_ws/src/darknet_ros/darknet /home/hansol/ros2_ws/src/darknet_ros/darknet /home/hansol/ros2_ws/build/Darknet /home/hansol/ros2_ws/build/Darknet /home/hansol/ros2_ws/build/Darknet/CMakeFiles/uselib_track.dir/DependInfo.cmake "--color="
[0.573s] make[2]: Entering directory '/home/hansol/ros2_ws/build/Darknet'
[0.574s] cd /home/hansol/ros2_ws/build/Darknet && /usr/local/bin/cmake -E cmake_depends "Unix Makefiles" /home/hansol/ros2_ws/src/darknet_ros/darknet /home/hansol/ros2_ws/src/darknet_ros/darknet /home/hansol/ros2_ws/build/Darknet /home/hansol/ros2_ws/build/Darknet /home/hansol/ros2_ws/build/Darknet/CMakeFiles/uselib.dir/DependInfo.cmake "--color="
[0.606s] make[2]: Leaving directory '/home/hansol/ros2_ws/build/Darknet'
[0.607s] /usr/bin/make  -f CMakeFiles/uselib.dir/build.make CMakeFiles/uselib.dir/build
[0.614s] make[2]: Leaving directory '/home/hansol/ros2_ws/build/Darknet'
[0.615s] /usr/bin/make  -f CMakeFiles/uselib_track.dir/build.make CMakeFiles/uselib_track.dir/build
[0.622s] make[2]: Entering directory '/home/hansol/ros2_ws/build/Darknet'
[0.623s] make[2]: Nothing to be done for 'CMakeFiles/uselib.dir/build'.
[0.624s] make[2]: Leaving directory '/home/hansol/ros2_ws/build/Darknet'
[0.637s] make[2]: Entering directory '/home/hansol/ros2_ws/build/Darknet'
[0.638s] make[2]: Nothing to be done for 'CMakeFiles/uselib_track.dir/build'.
[0.639s] make[2]: Leaving directory '/home/hansol/ros2_ws/build/Darknet'
[0.645s] [ 98%] Built target uselib
[0.662s] [100%] Built target uselib_track
[0.664s] make[1]: Leaving directory '/home/hansol/ros2_ws/build/Darknet'
[0.666s] /usr/local/bin/cmake -E cmake_progress_start /home/hansol/ros2_ws/build/Darknet/CMakeFiles 0
[0.704s] 
[0.728s] Invoked command in '/home/hansol/ros2_ws/build/Darknet' returned '0': /usr/local/bin/cmake --build /home/hansol/ros2_ws/build/Darknet -- -j4 -l4
[1.873s] Invoking command in '/home/hansol/ros2_ws/build/Darknet': /usr/local/bin/cmake --install /home/hansol/ros2_ws/build/Darknet
[1.917s] -- Install configuration: "Release"
[1.920s] -- Up-to-date: /home/hansol/ros2_ws/src/darknet_ros/darknet/libdarknet.so
[1.924s] -- Up-to-date: /home/hansol/ros2_ws/install/Darknet/include/darknet/darknet.h
[1.934s] -- Up-to-date: /home/hansol/ros2_ws/install/Darknet/include/darknet/yolo_v2_class.hpp
[1.935s] -- Up-to-date: /home/hansol/ros2_ws/src/darknet_ros/darknet/uselib
[1.936s] -- Up-to-date: /home/hansol/ros2_ws/src/darknet_ros/darknet/darknet
[1.937s] -- Up-to-date: /home/hansol/ros2_ws/src/darknet_ros/darknet/uselib_track
[1.938s] -- Up-to-date: /home/hansol/ros2_ws/install/Darknet/share/darknet/DarknetTargets.cmake
[1.939s] -- Up-to-date: /home/hansol/ros2_ws/install/Darknet/share/darknet/DarknetTargets-release.cmake
[1.940s] -- Up-to-date: /home/hansol/ros2_ws/install/Darknet/share/darknet/DarknetConfig.cmake
[1.941s] -- Up-to-date: /home/hansol/ros2_ws/install/Darknet/share/darknet/DarknetConfigVersion.cmake
[2.056s] Invoked command in '/home/hansol/ros2_ws/build/Darknet' returned '0': /usr/local/bin/cmake --install /home/hansol/ros2_ws/build/Darknet
