[0.144s] Invoking command in '/home/hansol/ros2_ws/build/Darknet': /usr/local/bin/cmake --build /home/hansol/ros2_ws/build/Darknet -- -j4 -l4
[0.156s] Change Dir: '/home/hansol/ros2_ws/build/Darknet'
[0.157s] 
[0.158s] Run Build Command(s): /usr/local/bin/cmake -E env VERBOSE=1 /usr/bin/make -f Makefile -j4 -l4
[0.181s] /usr/local/bin/cmake -S/home/hansol/ros2_ws/src/darknet_ros/darknet -B/home/hansol/ros2_ws/build/Darknet --check-build-system CMakeFiles/Makefile.cmake 0
[0.204s] /usr/local/bin/cmake -E cmake_progress_start /home/hansol/ros2_ws/build/Darknet/CMakeFiles /home/hansol/ros2_ws/build/Darknet//CMakeFiles/progress.marks
[0.228s] /usr/bin/make  -f CMakeFiles/Makefile2 all
[0.237s] make[1]: Entering directory '/home/hansol/ros2_ws/build/Darknet'
[0.238s] /usr/bin/make  -f CMakeFiles/dark.dir/build.make CMakeFiles/dark.dir/depend
[0.241s] /usr/bin/make  -f CMakeFiles/darknet.dir/build.make CMakeFiles/darknet.dir/depend
[0.320s] make[2]: Entering directory '/home/hansol/ros2_ws/build/Darknet'
[0.321s] cd /home/hansol/ros2_ws/build/Darknet && /usr/local/bin/cmake -E cmake_depends "Unix Makefiles" /home/hansol/ros2_ws/src/darknet_ros/darknet /home/hansol/ros2_ws/src/darknet_ros/darknet /home/hansol/ros2_ws/build/Darknet /home/hansol/ros2_ws/build/Darknet /home/hansol/ros2_ws/build/Darknet/CMakeFiles/dark.dir/DependInfo.cmake "--color="
[0.352s] make[2]: Entering directory '/home/hansol/ros2_ws/build/Darknet'
[0.353s] cd /home/hansol/ros2_ws/build/Darknet && /usr/local/bin/cmake -E cmake_depends "Unix Makefiles" /home/hansol/ros2_ws/src/darknet_ros/darknet /home/hansol/ros2_ws/src/darknet_ros/darknet /home/hansol/ros2_ws/build/Darknet /home/hansol/ros2_ws/build/Darknet /home/hansol/ros2_ws/build/Darknet/CMakeFiles/darknet.dir/DependInfo.cmake "--color="
[0.384s] make[2]: Leaving directory '/home/hansol/ros2_ws/build/Darknet'
[0.386s] /usr/bin/make  -f CMakeFiles/dark.dir/build.make CMakeFiles/dark.dir/build
[0.402s] make[2]: Leaving directory '/home/hansol/ros2_ws/build/Darknet'
[0.403s] /usr/bin/make  -f CMakeFiles/darknet.dir/build.make CMakeFiles/darknet.dir/build
[0.506s] make[2]: Entering directory '/home/hansol/ros2_ws/build/Darknet'
[0.508s] make[2]: Nothing to be done for 'CMakeFiles/dark.dir/build'.
[0.509s] make[2]: Leaving directory '/home/hansol/ros2_ws/build/Darknet'
[0.538s] make[2]: Entering directory '/home/hansol/ros2_ws/build/Darknet'
[0.549s] make[2]: Nothing to be done for 'CMakeFiles/darknet.dir/build'.
[0.555s] [ 49%] Built target dark
[0.556s] /usr/bin/make  -f CMakeFiles/uselib_track.dir/build.make CMakeFiles/uselib_track.dir/depend
[0.557s] /usr/bin/make  -f CMakeFiles/uselib.dir/build.make CMakeFiles/uselib.dir/depend
[0.558s] make[2]: Leaving directory '/home/hansol/ros2_ws/build/Darknet'
[0.569s] make[2]: Entering directory '/home/hansol/ros2_ws/build/Darknet'
[0.584s] cd /home/hansol/ros2_ws/build/Darknet && /usr/local/bin/cmake -E cmake_depends "Unix Makefiles" /home/hansol/ros2_ws/src/darknet_ros/darknet /home/hansol/ros2_ws/src/darknet_ros/darknet /home/hansol/ros2_ws/build/Darknet /home/hansol/ros2_ws/build/Darknet /home/hansol/ros2_ws/build/Darknet/CMakeFiles/uselib_track.dir/DependInfo.cmake "--color="
[0.587s] make[2]: Entering directory '/home/hansol/ros2_ws/build/Darknet'
[0.589s] cd /home/hansol/ros2_ws/build/Darknet && /usr/local/bin/cmake -E cmake_depends "Unix Makefiles" /home/hansol/ros2_ws/src/darknet_ros/darknet /home/hansol/ros2_ws/src/darknet_ros/darknet /home/hansol/ros2_ws/build/Darknet /home/hansol/ros2_ws/build/Darknet /home/hansol/ros2_ws/build/Darknet/CMakeFiles/uselib.dir/DependInfo.cmake "--color="
[0.596s] [ 97%] Built target darknet
[0.621s] make[2]: Leaving directory '/home/hansol/ros2_ws/build/Darknet'
[0.626s] /usr/bin/make  -f CMakeFiles/uselib.dir/build.make CMakeFiles/uselib.dir/build
[0.633s] make[2]: Leaving directory '/home/hansol/ros2_ws/build/Darknet'
[0.634s] /usr/bin/make  -f CMakeFiles/uselib_track.dir/build.make CMakeFiles/uselib_track.dir/build
[0.650s] make[2]: Entering directory '/home/hansol/ros2_ws/build/Darknet'
[0.652s] make[2]: Nothing to be done for 'CMakeFiles/uselib_track.dir/build'.
[0.652s] make[2]: Leaving directory '/home/hansol/ros2_ws/build/Darknet'
[0.657s] make[2]: Entering directory '/home/hansol/ros2_ws/build/Darknet'
[0.658s] make[2]: Nothing to be done for 'CMakeFiles/uselib.dir/build'.
[0.659s] make[2]: Leaving directory '/home/hansol/ros2_ws/build/Darknet'
[0.674s] [ 98%] Built target uselib
[0.694s] [100%] Built target uselib_track
[0.696s] make[1]: Leaving directory '/home/hansol/ros2_ws/build/Darknet'
[0.698s] /usr/local/bin/cmake -E cmake_progress_start /home/hansol/ros2_ws/build/Darknet/CMakeFiles 0
[0.727s] 
[0.736s] Invoked command in '/home/hansol/ros2_ws/build/Darknet' returned '0': /usr/local/bin/cmake --build /home/hansol/ros2_ws/build/Darknet -- -j4 -l4
[1.963s] Invoking command in '/home/hansol/ros2_ws/build/Darknet': /usr/local/bin/cmake --install /home/hansol/ros2_ws/build/Darknet
[2.000s] -- Install configuration: "Release"
[2.008s] -- Up-to-date: /home/hansol/ros2_ws/src/darknet_ros/darknet/libdarknet.so
[2.009s] -- Up-to-date: /home/hansol/ros2_ws/install/Darknet/include/darknet/darknet.h
[2.010s] -- Up-to-date: /home/hansol/ros2_ws/install/Darknet/include/darknet/yolo_v2_class.hpp
[2.022s] -- Up-to-date: /home/hansol/ros2_ws/src/darknet_ros/darknet/uselib
[2.025s] -- Up-to-date: /home/hansol/ros2_ws/src/darknet_ros/darknet/darknet
[2.027s] -- Up-to-date: /home/hansol/ros2_ws/src/darknet_ros/darknet/uselib_track
[2.031s] -- Up-to-date: /home/hansol/ros2_ws/install/Darknet/share/darknet/DarknetTargets.cmake
[2.034s] -- Up-to-date: /home/hansol/ros2_ws/install/Darknet/share/darknet/DarknetTargets-release.cmake
[2.040s] -- Up-to-date: /home/hansol/ros2_ws/install/Darknet/share/darknet/DarknetConfig.cmake
[2.045s] -- Up-to-date: /home/hansol/ros2_ws/install/Darknet/share/darknet/DarknetConfigVersion.cmake
[2.051s] Invoked command in '/home/hansol/ros2_ws/build/Darknet' returned '0': /usr/local/bin/cmake --install /home/hansol/ros2_ws/build/Darknet
