[0.101s] Invoking command in '/home/hansol/ros2_ws/build/Darknet': /usr/local/bin/cmake --build /home/hansol/ros2_ws/build/Darknet -- -j4 -l4
[0.118s] Change Dir: '/home/hansol/ros2_ws/build/Darknet'
[0.119s] 
[0.119s] Run Build Command(s): /usr/local/bin/cmake -E env VERBOSE=1 /usr/bin/make -f Makefile -j4 -l4
[0.143s] /usr/local/bin/cmake -S/home/hansol/ros2_ws/src/darknet_ros/darknet -B/home/hansol/ros2_ws/build/Darknet --check-build-system CMakeFiles/Makefile.cmake 0
[0.165s] /usr/local/bin/cmake -E cmake_progress_start /home/hansol/ros2_ws/build/Darknet/CMakeFiles /home/hansol/ros2_ws/build/Darknet//CMakeFiles/progress.marks
[0.188s] /usr/bin/make  -f CMakeFiles/Makefile2 all
[0.198s] make[1]: Entering directory '/home/hansol/ros2_ws/build/Darknet'
[0.199s] /usr/bin/make  -f CMakeFiles/dark.dir/build.make CMakeFiles/dark.dir/depend
[0.203s] /usr/bin/make  -f CMakeFiles/darknet.dir/build.make CMakeFiles/darknet.dir/depend
[0.272s] make[2]: Entering directory '/home/hansol/ros2_ws/build/Darknet'
[0.273s] cd /home/hansol/ros2_ws/build/Darknet && /usr/local/bin/cmake -E cmake_depends "Unix Makefiles" /home/hansol/ros2_ws/src/darknet_ros/darknet /home/hansol/ros2_ws/src/darknet_ros/darknet /home/hansol/ros2_ws/build/Darknet /home/hansol/ros2_ws/build/Darknet /home/hansol/ros2_ws/build/Darknet/CMakeFiles/darknet.dir/DependInfo.cmake "--color="
[0.311s] make[2]: Entering directory '/home/hansol/ros2_ws/build/Darknet'
[0.312s] cd /home/hansol/ros2_ws/build/Darknet && /usr/local/bin/cmake -E cmake_depends "Unix Makefiles" /home/hansol/ros2_ws/src/darknet_ros/darknet /home/hansol/ros2_ws/src/darknet_ros/darknet /home/hansol/ros2_ws/build/Darknet /home/hansol/ros2_ws/build/Darknet /home/hansol/ros2_ws/build/Darknet/CMakeFiles/dark.dir/DependInfo.cmake "--color="
[0.327s] make[2]: Leaving directory '/home/hansol/ros2_ws/build/Darknet'
[0.329s] /usr/bin/make  -f CMakeFiles/darknet.dir/build.make CMakeFiles/darknet.dir/build
[0.373s] make[2]: Leaving directory '/home/hansol/ros2_ws/build/Darknet'
[0.374s] /usr/bin/make  -f CMakeFiles/dark.dir/build.make CMakeFiles/dark.dir/build
[0.414s] make[2]: Entering directory '/home/hansol/ros2_ws/build/Darknet'
[0.418s] make[2]: Nothing to be done for 'CMakeFiles/darknet.dir/build'.
[0.419s] make[2]: Leaving directory '/home/hansol/ros2_ws/build/Darknet'
[0.437s] make[2]: Entering directory '/home/hansol/ros2_ws/build/Darknet'
[0.438s] make[2]: Nothing to be done for 'CMakeFiles/dark.dir/build'.
[0.439s] make[2]: Leaving directory '/home/hansol/ros2_ws/build/Darknet'
[0.452s] [ 48%] Built target darknet
[0.460s] [ 97%] Built target dark
[0.463s] /usr/bin/make  -f CMakeFiles/uselib_track.dir/build.make CMakeFiles/uselib_track.dir/depend
[0.465s] /usr/bin/make  -f CMakeFiles/uselib.dir/build.make CMakeFiles/uselib.dir/depend
[0.476s] make[2]: Entering directory '/home/hansol/ros2_ws/build/Darknet'
[0.477s] cd /home/hansol/ros2_ws/build/Darknet && /usr/local/bin/cmake -E cmake_depends "Unix Makefiles" /home/hansol/ros2_ws/src/darknet_ros/darknet /home/hansol/ros2_ws/src/darknet_ros/darknet /home/hansol/ros2_ws/build/Darknet /home/hansol/ros2_ws/build/Darknet /home/hansol/ros2_ws/build/Darknet/CMakeFiles/uselib_track.dir/DependInfo.cmake "--color="
[0.482s] make[2]: Entering directory '/home/hansol/ros2_ws/build/Darknet'
[0.483s] cd /home/hansol/ros2_ws/build/Darknet && /usr/local/bin/cmake -E cmake_depends "Unix Makefiles" /home/hansol/ros2_ws/src/darknet_ros/darknet /home/hansol/ros2_ws/src/darknet_ros/darknet /home/hansol/ros2_ws/build/Darknet /home/hansol/ros2_ws/build/Darknet /home/hansol/ros2_ws/build/Darknet/CMakeFiles/uselib.dir/DependInfo.cmake "--color="
[0.496s] make[2]: Leaving directory '/home/hansol/ros2_ws/build/Darknet'
[0.497s] /usr/bin/make  -f CMakeFiles/uselib_track.dir/build.make CMakeFiles/uselib_track.dir/build
[0.510s] make[2]: Entering directory '/home/hansol/ros2_ws/build/Darknet'
[0.512s] make[2]: Nothing to be done for 'CMakeFiles/uselib_track.dir/build'.
[0.514s] make[2]: Leaving directory '/home/hansol/ros2_ws/build/Darknet'
[0.521s] make[2]: Leaving directory '/home/hansol/ros2_ws/build/Darknet'
[0.522s] /usr/bin/make  -f CMakeFiles/uselib.dir/build.make CMakeFiles/uselib.dir/build
[0.533s] [ 99%] Built target uselib_track
[0.540s] make[2]: Entering directory '/home/hansol/ros2_ws/build/Darknet'
[0.540s] make[2]: Nothing to be done for 'CMakeFiles/uselib.dir/build'.
[0.541s] make[2]: Leaving directory '/home/hansol/ros2_ws/build/Darknet'
[0.553s] [100%] Built target uselib
[0.556s] make[1]: Leaving directory '/home/hansol/ros2_ws/build/Darknet'
[0.556s] /usr/local/bin/cmake -E cmake_progress_start /home/hansol/ros2_ws/build/Darknet/CMakeFiles 0
[0.579s] 
[0.596s] Invoked command in '/home/hansol/ros2_ws/build/Darknet' returned '0': /usr/local/bin/cmake --build /home/hansol/ros2_ws/build/Darknet -- -j4 -l4
[1.514s] Invoking command in '/home/hansol/ros2_ws/build/Darknet': /usr/local/bin/cmake --install /home/hansol/ros2_ws/build/Darknet
[1.552s] -- Install configuration: "Release"
[1.552s] -- Up-to-date: /home/hansol/ros2_ws/src/darknet_ros/darknet/libdarknet.so
[1.553s] -- Up-to-date: /home/hansol/ros2_ws/install/Darknet/include/darknet/darknet.h
[1.554s] -- Up-to-date: /home/hansol/ros2_ws/install/Darknet/include/darknet/yolo_v2_class.hpp
[1.554s] -- Up-to-date: /home/hansol/ros2_ws/src/darknet_ros/darknet/uselib
[1.555s] -- Up-to-date: /home/hansol/ros2_ws/src/darknet_ros/darknet/darknet
[1.556s] -- Up-to-date: /home/hansol/ros2_ws/src/darknet_ros/darknet/uselib_track
[1.556s] -- Up-to-date: /home/hansol/ros2_ws/install/Darknet/share/darknet/DarknetTargets.cmake
[1.557s] -- Up-to-date: /home/hansol/ros2_ws/install/Darknet/share/darknet/DarknetTargets-release.cmake
[1.557s] -- Up-to-date: /home/hansol/ros2_ws/install/Darknet/share/darknet/DarknetConfig.cmake
[1.562s] -- Up-to-date: /home/hansol/ros2_ws/install/Darknet/share/darknet/DarknetConfigVersion.cmake
[1.651s] Invoked command in '/home/hansol/ros2_ws/build/Darknet' returned '0': /usr/local/bin/cmake --install /home/hansol/ros2_ws/build/Darknet
