[0.109s] Invoking command in '/home/hansol/ros2_ws/build/realsense_camera_msgs': CMAKE_PREFIX_PATH=${CMAKE_PREFIX_PATH}:/opt/ros/dashing /usr/local/bin/cmake --build /home/hansol/ros2_ws/build/realsense_camera_msgs -- -j4 -l4
[0.240s] [  2%] Built target realsense_camera_msgs__cpp
[0.261s] [ 13%] Built target realsense_camera_msgs__rosidl_generator_c
[0.361s] [ 24%] Built target realsense_camera_msgs__rosidl_typesupport_introspection_c
[0.380s] [ 45%] Built target realsense_camera_msgs__rosidl_typesupport_fastrtps_cpp
[0.388s] [ 45%] Built target realsense_camera_msgs__rosidl_typesupport_introspection_cpp
[0.474s] [ 56%] Built target realsense_camera_msgs__rosidl_typesupport_cpp
[0.486s] [ 67%] Built target realsense_camera_msgs__rosidl_typesupport_fastrtps_c
[0.545s] [ 78%] Built target realsense_camera_msgs__rosidl_typesupport_c
[0.598s] [ 78%] Built target realsense_camera_msgs
[0.636s] [ 81%] Built target realsense_camera_msgs__py
[0.683s] [ 89%] Built target realsense_camera_msgs__python
[0.738s] [ 94%] Built target realsense_camera_msgs__rosidl_typesupport_fastrtps_c__pyext
[0.750s] [100%] Built target realsense_camera_msgs__rosidl_typesupport_c__pyext
[0.777s] Invoked command in '/home/hansol/ros2_ws/build/realsense_camera_msgs' returned '0': CMAKE_PREFIX_PATH=${CMAKE_PREFIX_PATH}:/opt/ros/dashing /usr/local/bin/cmake --build /home/hansol/ros2_ws/build/realsense_camera_msgs -- -j4 -l4
[1.066s] Invoking command in '/home/hansol/ros2_ws/build/realsense_camera_msgs': CMAKE_PREFIX_PATH=${CMAKE_PREFIX_PATH}:/opt/ros/dashing /usr/local/bin/cmake --install /home/hansol/ros2_ws/build/realsense_camera_msgs
[1.085s] -- Install configuration: ""
[1.086s] -- Execute custom install script
[1.089s] -- Up-to-date symlink: /home/hansol/ros2_ws/install/realsense_camera_msgs/share/ament_index/resource_index/rosidl_interfaces/realsense_camera_msgs
[1.090s] -- Up-to-date symlink: /home/hansol/ros2_ws/install/realsense_camera_msgs/lib/librealsense_camera_msgs__rosidl_typesupport_c.so
[1.092s] -- Up-to-date symlink: /home/hansol/ros2_ws/install/realsense_camera_msgs/share/realsense_camera_msgs/environment/library_path.sh
[1.094s] -- Up-to-date symlink: /home/hansol/ros2_ws/install/realsense_camera_msgs/lib/librealsense_camera_msgs__rosidl_typesupport_cpp.so
[1.096s] -- Up-to-date symlink: /home/hansol/ros2_ws/install/realsense_camera_msgs/include/realsense_camera_msgs/msg/extrinsics__rosidl_typesupport_fastrtps_c.h
[1.097s] -- Up-to-date symlink: /home/hansol/ros2_ws/install/realsense_camera_msgs/include/realsense_camera_msgs/msg/imu_info__rosidl_typesupport_fastrtps_c.h
[1.101s] -- Up-to-date symlink: /home/hansol/ros2_ws/install/realsense_camera_msgs/include/realsense_camera_msgs/msg/rosidl_typesupport_fastrtps_c__visibility_control.h
[1.104s] -- Up-to-date symlink: /home/hansol/ros2_ws/install/realsense_camera_msgs/lib/librealsense_camera_msgs__rosidl_typesupport_fastrtps_c.so
[1.106s] -- Up-to-date symlink: /home/hansol/ros2_ws/install/realsense_camera_msgs/include/realsense_camera_msgs/msg/extrinsics.h
[1.108s] -- Up-to-date symlink: /home/hansol/ros2_ws/install/realsense_camera_msgs/include/realsense_camera_msgs/msg/extrinsics__functions.h
[1.111s] -- Up-to-date symlink: /home/hansol/ros2_ws/install/realsense_camera_msgs/include/realsense_camera_msgs/msg/extrinsics__struct.h
[1.112s] -- Up-to-date symlink: /home/hansol/ros2_ws/install/realsense_camera_msgs/include/realsense_camera_msgs/msg/extrinsics__type_support.h
[1.114s] -- Up-to-date symlink: /home/hansol/ros2_ws/install/realsense_camera_msgs/include/realsense_camera_msgs/msg/imu_info.h
[1.116s] -- Up-to-date symlink: /home/hansol/ros2_ws/install/realsense_camera_msgs/include/realsense_camera_msgs/msg/imu_info__functions.h
[1.118s] -- Up-to-date symlink: /home/hansol/ros2_ws/install/realsense_camera_msgs/include/realsense_camera_msgs/msg/imu_info__struct.h
[1.119s] -- Up-to-date symlink: /home/hansol/ros2_ws/install/realsense_camera_msgs/include/realsense_camera_msgs/msg/imu_info__type_support.h
[1.121s] -- Up-to-date symlink: /home/hansol/ros2_ws/install/realsense_camera_msgs/include/realsense_camera_msgs/msg/rosidl_generator_c__visibility_control.h
[1.122s] -- Up-to-date symlink: /home/hansol/ros2_ws/install/realsense_camera_msgs/lib/librealsense_camera_msgs__rosidl_generator_c.so
[1.122s] -- Up-to-date symlink: /home/hansol/ros2_ws/install/realsense_camera_msgs/include/realsense_camera_msgs/msg/extrinsics__rosidl_typesupport_fastrtps_cpp.hpp
[1.124s] -- Up-to-date symlink: /home/hansol/ros2_ws/install/realsense_camera_msgs/include/realsense_camera_msgs/msg/imu_info__rosidl_typesupport_fastrtps_cpp.hpp
[1.126s] -- Up-to-date symlink: /home/hansol/ros2_ws/install/realsense_camera_msgs/include/realsense_camera_msgs/msg/rosidl_typesupport_fastrtps_cpp__visibility_control.h
[1.126s] -- Up-to-date symlink: /home/hansol/ros2_ws/install/realsense_camera_msgs/lib/librealsense_camera_msgs__rosidl_typesupport_fastrtps_cpp.so
[1.128s] -- Up-to-date symlink: /home/hansol/ros2_ws/install/realsense_camera_msgs/include/realsense_camera_msgs/msg/extrinsics.hpp
[1.129s] -- Up-to-date symlink: /home/hansol/ros2_ws/install/realsense_camera_msgs/include/realsense_camera_msgs/msg/extrinsics__struct.hpp
[1.129s] -- Up-to-date symlink: /home/hansol/ros2_ws/install/realsense_camera_msgs/include/realsense_camera_msgs/msg/extrinsics__traits.hpp
[1.131s] -- Up-to-date symlink: /home/hansol/ros2_ws/install/realsense_camera_msgs/include/realsense_camera_msgs/msg/imu_info.hpp
[1.132s] -- Up-to-date symlink: /home/hansol/ros2_ws/install/realsense_camera_msgs/include/realsense_camera_msgs/msg/imu_info__struct.hpp
[1.132s] -- Up-to-date symlink: /home/hansol/ros2_ws/install/realsense_camera_msgs/include/realsense_camera_msgs/msg/imu_info__traits.hpp
[1.134s] -- Up-to-date symlink: /home/hansol/ros2_ws/install/realsense_camera_msgs/include/realsense_camera_msgs/msg/extrinsics__rosidl_typesupport_introspection_c.h
[1.135s] -- Up-to-date symlink: /home/hansol/ros2_ws/install/realsense_camera_msgs/include/realsense_camera_msgs/msg/imu_info__rosidl_typesupport_introspection_c.h
[1.136s] -- Up-to-date symlink: /home/hansol/ros2_ws/install/realsense_camera_msgs/include/realsense_camera_msgs/msg/rosidl_typesupport_introspection_c__visibility_control.h
[1.137s] -- Up-to-date symlink: /home/hansol/ros2_ws/install/realsense_camera_msgs/lib/librealsense_camera_msgs__rosidl_typesupport_introspection_c.so
[1.139s] -- Up-to-date symlink: /home/hansol/ros2_ws/install/realsense_camera_msgs/include/realsense_camera_msgs/msg/extrinsics__rosidl_typesupport_introspection_cpp.hpp
[1.142s] -- Up-to-date symlink: /home/hansol/ros2_ws/install/realsense_camera_msgs/include/realsense_camera_msgs/msg/imu_info__rosidl_typesupport_introspection_cpp.hpp
[1.145s] -- Up-to-date symlink: /home/hansol/ros2_ws/install/realsense_camera_msgs/lib/librealsense_camera_msgs__rosidl_typesupport_introspection_cpp.so
[1.145s] -- Up-to-date symlink: /home/hansol/ros2_ws/install/realsense_camera_msgs/share/realsense_camera_msgs/environment/pythonpath.sh
[1.148s] -- Up-to-date symlink: /home/hansol/ros2_ws/install/realsense_camera_msgs/lib/python3.6/site-packages/realsense_camera_msgs/__init__.py
[1.151s] -- Up-to-date symlink: /home/hansol/ros2_ws/install/realsense_camera_msgs/lib/python3.6/site-packages/realsense_camera_msgs/msg/__init__.py
[1.153s] -- Up-to-date symlink: /home/hansol/ros2_ws/install/realsense_camera_msgs/lib/python3.6/site-packages/realsense_camera_msgs/msg/_extrinsics.py
[1.154s] -- Up-to-date symlink: /home/hansol/ros2_ws/install/realsense_camera_msgs/lib/python3.6/site-packages/realsense_camera_msgs/msg/_imu_info.py
[1.158s] -- Up-to-date symlink: /home/hansol/ros2_ws/install/realsense_camera_msgs/lib/python3.6/site-packages/realsense_camera_msgs/realsense_camera_msgs_s__rosidl_typesupport_c.cpython-36m-aarch64-linux-gnu.so
[1.159s] -- Up-to-date symlink: /home/hansol/ros2_ws/install/realsense_camera_msgs/lib/python3.6/site-packages/realsense_camera_msgs/realsense_camera_msgs_s__rosidl_typesupport_fastrtps_c.cpython-36m-aarch64-linux-gnu.so
[1.163s] -- Up-to-date symlink: /home/hansol/ros2_ws/install/realsense_camera_msgs/lib/librealsense_camera_msgs__python.so
[1.165s] -- Up-to-date symlink: /home/hansol/ros2_ws/install/realsense_camera_msgs/share/realsense_camera_msgs/msg/IMUInfo.idl
[1.169s] -- Up-to-date symlink: /home/hansol/ros2_ws/install/realsense_camera_msgs/share/realsense_camera_msgs/msg/Extrinsics.idl
[1.176s] -- Up-to-date symlink: /home/hansol/ros2_ws/install/realsense_camera_msgs/share/realsense_camera_msgs/msg/IMUInfo.msg
[1.177s] -- Up-to-date symlink: /home/hansol/ros2_ws/install/realsense_camera_msgs/share/realsense_camera_msgs/msg/Extrinsics.msg
[1.178s] -- Up-to-date symlink: /home/hansol/ros2_ws/install/realsense_camera_msgs/share/ament_index/resource_index/package_run_dependencies/realsense_camera_msgs
[1.180s] -- Up-to-date symlink: /home/hansol/ros2_ws/install/realsense_camera_msgs/share/ament_index/resource_index/parent_prefix_path/realsense_camera_msgs
[1.180s] -- Up-to-date symlink: /home/hansol/ros2_ws/install/realsense_camera_msgs/share/realsense_camera_msgs/environment/ament_prefix_path.sh
[1.182s] -- Up-to-date symlink: /home/hansol/ros2_ws/install/realsense_camera_msgs/share/realsense_camera_msgs/environment/path.sh
[1.183s] -- Up-to-date symlink: /home/hansol/ros2_ws/install/realsense_camera_msgs/share/realsense_camera_msgs/local_setup.bash
[1.183s] -- Up-to-date symlink: /home/hansol/ros2_ws/install/realsense_camera_msgs/share/realsense_camera_msgs/local_setup.sh
[1.184s] -- Up-to-date symlink: /home/hansol/ros2_ws/install/realsense_camera_msgs/share/realsense_camera_msgs/local_setup.zsh
[1.185s] -- Up-to-date symlink: /home/hansol/ros2_ws/install/realsense_camera_msgs/share/ament_index/resource_index/packages/realsense_camera_msgs
[1.185s] -- Up-to-date symlink: /home/hansol/ros2_ws/install/realsense_camera_msgs/share/realsense_camera_msgs/cmake/rosidl_cmake-extras.cmake
[1.186s] -- Up-to-date symlink: /home/hansol/ros2_ws/install/realsense_camera_msgs/share/realsense_camera_msgs/cmake/ament_cmake_export_dependencies-extras.cmake
[1.186s] -- Up-to-date symlink: /home/hansol/ros2_ws/install/realsense_camera_msgs/share/realsense_camera_msgs/cmake/ament_cmake_export_libraries-extras.cmake
[1.187s] -- Up-to-date symlink: /home/hansol/ros2_ws/install/realsense_camera_msgs/share/realsense_camera_msgs/cmake/ament_cmake_export_include_directories-extras.cmake
[1.188s] -- Up-to-date symlink: /home/hansol/ros2_ws/install/realsense_camera_msgs/share/realsense_camera_msgs/cmake/realsense_camera_msgsConfig.cmake
[1.188s] -- Up-to-date symlink: /home/hansol/ros2_ws/install/realsense_camera_msgs/share/realsense_camera_msgs/cmake/realsense_camera_msgsConfig-version.cmake
[1.189s] -- Up-to-date symlink: /home/hansol/ros2_ws/install/realsense_camera_msgs/share/realsense_camera_msgs/package.xml
[1.420s] Invoked command in '/home/hansol/ros2_ws/build/realsense_camera_msgs' returned '0': CMAKE_PREFIX_PATH=${CMAKE_PREFIX_PATH}:/opt/ros/dashing /usr/local/bin/cmake --install /home/hansol/ros2_ws/build/realsense_camera_msgs
