[0.143s] Invoking command in '/home/hansol/ros2_ws/build/Darknet': /usr/local/bin/cmake --build /home/hansol/ros2_ws/build/Darknet -- -j4 -l4
[0.174s] Change Dir: '/home/hansol/ros2_ws/build/Darknet'
[0.177s] 
[0.184s] Run Build Command(s): /usr/local/bin/cmake -E env VERBOSE=1 /usr/bin/make -f Makefile -j4 -l4
[0.249s] /usr/local/bin/cmake -S/home/hansol/ros2_ws/src/darknet_ros/darknet -B/home/hansol/ros2_ws/build/Darknet --check-build-system CMakeFiles/Makefile.cmake 0
[0.295s] /usr/local/bin/cmake -E cmake_progress_start /home/hansol/ros2_ws/build/Darknet/CMakeFiles /home/hansol/ros2_ws/build/Darknet//CMakeFiles/progress.marks
[0.339s] /usr/bin/make  -f CMakeFiles/Makefile2 all
[0.347s] make[1]: Entering directory '/home/hansol/ros2_ws/build/Darknet'
[0.350s] /usr/bin/make  -f CMakeFiles/dark.dir/build.make CMakeFiles/dark.dir/depend
[0.354s] /usr/bin/make  -f CMakeFiles/darknet.dir/build.make CMakeFiles/darknet.dir/depend
[0.449s] make[2]: Entering directory '/home/hansol/ros2_ws/build/Darknet'
[0.450s] cd /home/hansol/ros2_ws/build/Darknet && /usr/local/bin/cmake -E cmake_depends "Unix Makefiles" /home/hansol/ros2_ws/src/darknet_ros/darknet /home/hansol/ros2_ws/src/darknet_ros/darknet /home/hansol/ros2_ws/build/Darknet /home/hansol/ros2_ws/build/Darknet /home/hansol/ros2_ws/build/Darknet/CMakeFiles/darknet.dir/DependInfo.cmake "--color="
[0.463s] make[2]: Entering directory '/home/hansol/ros2_ws/build/Darknet'
[0.464s] cd /home/hansol/ros2_ws/build/Darknet && /usr/local/bin/cmake -E cmake_depends "Unix Makefiles" /home/hansol/ros2_ws/src/darknet_ros/darknet /home/hansol/ros2_ws/src/darknet_ros/darknet /home/hansol/ros2_ws/build/Darknet /home/hansol/ros2_ws/build/Darknet /home/hansol/ros2_ws/build/Darknet/CMakeFiles/dark.dir/DependInfo.cmake "--color="
[0.496s] make[2]: Leaving directory '/home/hansol/ros2_ws/build/Darknet'
[0.500s] /usr/bin/make  -f CMakeFiles/dark.dir/build.make CMakeFiles/dark.dir/build
[0.559s] make[2]: Leaving directory '/home/hansol/ros2_ws/build/Darknet'
[0.560s] /usr/bin/make  -f CMakeFiles/darknet.dir/build.make CMakeFiles/darknet.dir/build
[0.607s] make[2]: Entering directory '/home/hansol/ros2_ws/build/Darknet'
[0.609s] make[2]: Nothing to be done for 'CMakeFiles/dark.dir/build'.
[0.612s] make[2]: Leaving directory '/home/hansol/ros2_ws/build/Darknet'
[0.634s] make[2]: Entering directory '/home/hansol/ros2_ws/build/Darknet'
[0.637s] make[2]: Nothing to be done for 'CMakeFiles/darknet.dir/build'.
[0.640s] make[2]: Leaving directory '/home/hansol/ros2_ws/build/Darknet'
[0.647s] [ 49%] Built target dark
[0.651s] /usr/bin/make  -f CMakeFiles/uselib_track.dir/build.make CMakeFiles/uselib_track.dir/depend
[0.652s] /usr/bin/make  -f CMakeFiles/uselib.dir/build.make CMakeFiles/uselib.dir/depend
[0.665s] make[2]: Entering directory '/home/hansol/ros2_ws/build/Darknet'
[0.667s] cd /home/hansol/ros2_ws/build/Darknet && /usr/local/bin/cmake -E cmake_depends "Unix Makefiles" /home/hansol/ros2_ws/src/darknet_ros/darknet /home/hansol/ros2_ws/src/darknet_ros/darknet /home/hansol/ros2_ws/build/Darknet /home/hansol/ros2_ws/build/Darknet /home/hansol/ros2_ws/build/Darknet/CMakeFiles/uselib_track.dir/DependInfo.cmake "--color="
[0.679s] make[2]: Entering directory '/home/hansol/ros2_ws/build/Darknet'
[0.680s] cd /home/hansol/ros2_ws/build/Darknet && /usr/local/bin/cmake -E cmake_depends "Unix Makefiles" /home/hansol/ros2_ws/src/darknet_ros/darknet /home/hansol/ros2_ws/src/darknet_ros/darknet /home/hansol/ros2_ws/build/Darknet /home/hansol/ros2_ws/build/Darknet /home/hansol/ros2_ws/build/Darknet/CMakeFiles/uselib.dir/DependInfo.cmake "--color="
[0.713s] [ 97%] Built target darknet
[0.716s] make[2]: Leaving directory '/home/hansol/ros2_ws/build/Darknet'
[0.718s] /usr/bin/make  -f CMakeFiles/uselib_track.dir/build.make CMakeFiles/uselib_track.dir/build
[0.738s] make[2]: Leaving directory '/home/hansol/ros2_ws/build/Darknet'
[0.739s] /usr/bin/make  -f CMakeFiles/uselib.dir/build.make CMakeFiles/uselib.dir/build
[0.740s] make[2]: Entering directory '/home/hansol/ros2_ws/build/Darknet'
[0.741s] make[2]: Nothing to be done for 'CMakeFiles/uselib_track.dir/build'.
[0.742s] make[2]: Leaving directory '/home/hansol/ros2_ws/build/Darknet'
[0.761s] make[2]: Entering directory '/home/hansol/ros2_ws/build/Darknet'
[0.764s] make[2]: Nothing to be done for 'CMakeFiles/uselib.dir/build'.
[0.765s] make[2]: Leaving directory '/home/hansol/ros2_ws/build/Darknet'
[0.766s] [ 99%] Built target uselib_track
[0.791s] [100%] Built target uselib
[0.795s] make[1]: Leaving directory '/home/hansol/ros2_ws/build/Darknet'
[0.796s] /usr/local/bin/cmake -E cmake_progress_start /home/hansol/ros2_ws/build/Darknet/CMakeFiles 0
[0.826s] 
[0.838s] Invoked command in '/home/hansol/ros2_ws/build/Darknet' returned '0': /usr/local/bin/cmake --build /home/hansol/ros2_ws/build/Darknet -- -j4 -l4
[2.051s] Invoking command in '/home/hansol/ros2_ws/build/Darknet': /usr/local/bin/cmake --install /home/hansol/ros2_ws/build/Darknet
[2.100s] -- Install configuration: "Release"
[2.114s] -- Up-to-date: /home/hansol/ros2_ws/src/darknet_ros/darknet/libdarknet.so
[2.122s] -- Up-to-date: /home/hansol/ros2_ws/install/Darknet/include/darknet/darknet.h
[2.125s] -- Up-to-date: /home/hansol/ros2_ws/install/Darknet/include/darknet/yolo_v2_class.hpp
[2.126s] -- Up-to-date: /home/hansol/ros2_ws/src/darknet_ros/darknet/uselib
[2.127s] -- Up-to-date: /home/hansol/ros2_ws/src/darknet_ros/darknet/darknet
[2.128s] -- Up-to-date: /home/hansol/ros2_ws/src/darknet_ros/darknet/uselib_track
[2.129s] -- Up-to-date: /home/hansol/ros2_ws/install/Darknet/share/darknet/DarknetTargets.cmake
[2.130s] -- Up-to-date: /home/hansol/ros2_ws/install/Darknet/share/darknet/DarknetTargets-release.cmake
[2.131s] -- Up-to-date: /home/hansol/ros2_ws/install/Darknet/share/darknet/DarknetConfig.cmake
[2.132s] -- Up-to-date: /home/hansol/ros2_ws/install/Darknet/share/darknet/DarknetConfigVersion.cmake
[2.246s] Invoked command in '/home/hansol/ros2_ws/build/Darknet' returned '0': /usr/local/bin/cmake --install /home/hansol/ros2_ws/build/Darknet
