[0.147s] Invoking command in '/home/hansol/ros2_ws/build/Darknet': /usr/local/bin/cmake --build /home/hansol/ros2_ws/build/Darknet -- -j4 -l4
[0.167s] Change Dir: '/home/hansol/ros2_ws/build/Darknet'
[0.168s] 
[0.169s] Run Build Command(s): /usr/local/bin/cmake -E env VERBOSE=1 /usr/bin/make -f Makefile -j4 -l4
[0.194s] /usr/local/bin/cmake -S/home/hansol/ros2_ws/src/darknet_ros/darknet -B/home/hansol/ros2_ws/build/Darknet --check-build-system CMakeFiles/Makefile.cmake 0
[0.217s] /usr/local/bin/cmake -E cmake_progress_start /home/hansol/ros2_ws/build/Darknet/CMakeFiles /home/hansol/ros2_ws/build/Darknet//CMakeFiles/progress.marks
[0.241s] /usr/bin/make  -f CMakeFiles/Makefile2 all
[0.251s] make[1]: Entering directory '/home/hansol/ros2_ws/build/Darknet'
[0.254s] /usr/bin/make  -f CMakeFiles/dark.dir/build.make CMakeFiles/dark.dir/depend
[0.260s] /usr/bin/make  -f CMakeFiles/darknet.dir/build.make CMakeFiles/darknet.dir/depend
[0.344s] make[2]: Entering directory '/home/hansol/ros2_ws/build/Darknet'
[0.345s] cd /home/hansol/ros2_ws/build/Darknet && /usr/local/bin/cmake -E cmake_depends "Unix Makefiles" /home/hansol/ros2_ws/src/darknet_ros/darknet /home/hansol/ros2_ws/src/darknet_ros/darknet /home/hansol/ros2_ws/build/Darknet /home/hansol/ros2_ws/build/Darknet /home/hansol/ros2_ws/build/Darknet/CMakeFiles/dark.dir/DependInfo.cmake "--color="
[0.381s] make[2]: Entering directory '/home/hansol/ros2_ws/build/Darknet'
[0.385s] cd /home/hansol/ros2_ws/build/Darknet && /usr/local/bin/cmake -E cmake_depends "Unix Makefiles" /home/hansol/ros2_ws/src/darknet_ros/darknet /home/hansol/ros2_ws/src/darknet_ros/darknet /home/hansol/ros2_ws/build/Darknet /home/hansol/ros2_ws/build/Darknet /home/hansol/ros2_ws/build/Darknet/CMakeFiles/darknet.dir/DependInfo.cmake "--color="
[0.433s] make[2]: Leaving directory '/home/hansol/ros2_ws/build/Darknet'
[0.435s] /usr/bin/make  -f CMakeFiles/dark.dir/build.make CMakeFiles/dark.dir/build
[0.476s] make[2]: Leaving directory '/home/hansol/ros2_ws/build/Darknet'
[0.479s] /usr/bin/make  -f CMakeFiles/darknet.dir/build.make CMakeFiles/darknet.dir/build
[0.516s] make[2]: Entering directory '/home/hansol/ros2_ws/build/Darknet'
[0.517s] make[2]: Nothing to be done for 'CMakeFiles/dark.dir/build'.
[0.518s] make[2]: Leaving directory '/home/hansol/ros2_ws/build/Darknet'
[0.563s] [ 49%] Built target dark
[0.571s] /usr/bin/make  -f CMakeFiles/uselib_track.dir/build.make CMakeFiles/uselib_track.dir/depend
[0.573s] /usr/bin/make  -f CMakeFiles/uselib.dir/build.make CMakeFiles/uselib.dir/depend
[0.581s] make[2]: Entering directory '/home/hansol/ros2_ws/build/Darknet'
[0.586s] make[2]: Nothing to be done for 'CMakeFiles/darknet.dir/build'.
[0.587s] make[2]: Leaving directory '/home/hansol/ros2_ws/build/Darknet'
[0.596s] make[2]: Entering directory '/home/hansol/ros2_ws/build/Darknet'
[0.597s] cd /home/hansol/ros2_ws/build/Darknet && /usr/local/bin/cmake -E cmake_depends "Unix Makefiles" /home/hansol/ros2_ws/src/darknet_ros/darknet /home/hansol/ros2_ws/src/darknet_ros/darknet /home/hansol/ros2_ws/build/Darknet /home/hansol/ros2_ws/build/Darknet /home/hansol/ros2_ws/build/Darknet/CMakeFiles/uselib_track.dir/DependInfo.cmake "--color="
[0.607s] make[2]: Entering directory '/home/hansol/ros2_ws/build/Darknet'
[0.614s] cd /home/hansol/ros2_ws/build/Darknet && /usr/local/bin/cmake -E cmake_depends "Unix Makefiles" /home/hansol/ros2_ws/src/darknet_ros/darknet /home/hansol/ros2_ws/src/darknet_ros/darknet /home/hansol/ros2_ws/build/Darknet /home/hansol/ros2_ws/build/Darknet /home/hansol/ros2_ws/build/Darknet/CMakeFiles/uselib.dir/DependInfo.cmake "--color="
[0.621s] make[2]: Leaving directory '/home/hansol/ros2_ws/build/Darknet'
[0.622s] /usr/bin/make  -f CMakeFiles/uselib_track.dir/build.make CMakeFiles/uselib_track.dir/build
[0.624s] [ 97%] Built target darknet
[0.640s] make[2]: Entering directory '/home/hansol/ros2_ws/build/Darknet'
[0.643s] make[2]: Nothing to be done for 'CMakeFiles/uselib_track.dir/build'.
[0.644s] make[2]: Leaving directory '/home/hansol/ros2_ws/build/Darknet'
[0.646s] make[2]: Leaving directory '/home/hansol/ros2_ws/build/Darknet'
[0.647s] /usr/bin/make  -f CMakeFiles/uselib.dir/build.make CMakeFiles/uselib.dir/build
[0.660s] make[2]: Entering directory '/home/hansol/ros2_ws/build/Darknet'
[0.661s] make[2]: Nothing to be done for 'CMakeFiles/uselib.dir/build'.
[0.663s] make[2]: Leaving directory '/home/hansol/ros2_ws/build/Darknet'
[0.675s] [ 99%] Built target uselib_track
[0.684s] [100%] Built target uselib
[0.685s] make[1]: Leaving directory '/home/hansol/ros2_ws/build/Darknet'
[0.686s] /usr/local/bin/cmake -E cmake_progress_start /home/hansol/ros2_ws/build/Darknet/CMakeFiles 0
[0.722s] 
[0.731s] Invoked command in '/home/hansol/ros2_ws/build/Darknet' returned '0': /usr/local/bin/cmake --build /home/hansol/ros2_ws/build/Darknet -- -j4 -l4
[1.975s] Invoking command in '/home/hansol/ros2_ws/build/Darknet': /usr/local/bin/cmake --install /home/hansol/ros2_ws/build/Darknet
[2.015s] -- Install configuration: "Release"
[2.016s] -- Up-to-date: /home/hansol/ros2_ws/src/darknet_ros/darknet/libdarknet.so
[2.017s] -- Up-to-date: /home/hansol/ros2_ws/install/Darknet/include/darknet/darknet.h
[2.023s] -- Up-to-date: /home/hansol/ros2_ws/install/Darknet/include/darknet/yolo_v2_class.hpp
[2.025s] -- Up-to-date: /home/hansol/ros2_ws/src/darknet_ros/darknet/uselib
[2.026s] -- Up-to-date: /home/hansol/ros2_ws/src/darknet_ros/darknet/darknet
[2.027s] -- Up-to-date: /home/hansol/ros2_ws/src/darknet_ros/darknet/uselib_track
[2.028s] -- Up-to-date: /home/hansol/ros2_ws/install/Darknet/share/darknet/DarknetTargets.cmake
[2.029s] -- Up-to-date: /home/hansol/ros2_ws/install/Darknet/share/darknet/DarknetTargets-release.cmake
[2.030s] -- Up-to-date: /home/hansol/ros2_ws/install/Darknet/share/darknet/DarknetConfig.cmake
[2.032s] -- Up-to-date: /home/hansol/ros2_ws/install/Darknet/share/darknet/DarknetConfigVersion.cmake
[2.142s] Invoked command in '/home/hansol/ros2_ws/build/Darknet' returned '0': /usr/local/bin/cmake --install /home/hansol/ros2_ws/build/Darknet
