[0.089s] Invoking command in '/home/hansol/ros2_ws/build/realsense_ros2_camera': CMAKE_PREFIX_PATH=/home/hansol/ros2_ws/install/realsense_camera_msgs:/home/hansol/ros2_ws/install/realsense_ros2_camera:/home/hansol/ros2_ws/install/darknet_ros:/home/hansol/ros2_ws/install/darknet_ros_msgs:/home/hansol/ros2_ws/install/Darknet:/opt/ros/dashing LD_LIBRARY_PATH=/home/hansol/ros2_ws/install/realsense_camera_msgs/lib:/home/hansol/ros2_ws/install/darknet_ros/lib:/home/hansol/ros2_ws/install/darknet_ros_msgs/lib:/opt/ros/dashing/lib:/usr/local/cuda-10.2/lib64 /usr/local/bin/cmake --build /home/hansol/ros2_ws/build/realsense_ros2_camera -- -j4 -l4
[0.251s] [100%] Built target realsense_ros2_camera
[0.279s] Invoked command in '/home/hansol/ros2_ws/build/realsense_ros2_camera' returned '0': CMAKE_PREFIX_PATH=/home/hansol/ros2_ws/install/realsense_camera_msgs:/home/hansol/ros2_ws/install/realsense_ros2_camera:/home/hansol/ros2_ws/install/darknet_ros:/home/hansol/ros2_ws/install/darknet_ros_msgs:/home/hansol/ros2_ws/install/Darknet:/opt/ros/dashing LD_LIBRARY_PATH=/home/hansol/ros2_ws/install/realsense_camera_msgs/lib:/home/hansol/ros2_ws/install/darknet_ros/lib:/home/hansol/ros2_ws/install/darknet_ros_msgs/lib:/opt/ros/dashing/lib:/usr/local/cuda-10.2/lib64 /usr/local/bin/cmake --build /home/hansol/ros2_ws/build/realsense_ros2_camera -- -j4 -l4
[0.476s] Invoking command in '/home/hansol/ros2_ws/build/realsense_ros2_camera': CMAKE_PREFIX_PATH=/home/hansol/ros2_ws/install/realsense_camera_msgs:/home/hansol/ros2_ws/install/realsense_ros2_camera:/home/hansol/ros2_ws/install/darknet_ros:/home/hansol/ros2_ws/install/darknet_ros_msgs:/home/hansol/ros2_ws/install/Darknet:/opt/ros/dashing LD_LIBRARY_PATH=/home/hansol/ros2_ws/install/realsense_camera_msgs/lib:/home/hansol/ros2_ws/install/darknet_ros/lib:/home/hansol/ros2_ws/install/darknet_ros_msgs/lib:/opt/ros/dashing/lib:/usr/local/cuda-10.2/lib64 /usr/local/bin/cmake --install /home/hansol/ros2_ws/build/realsense_ros2_camera
[0.517s] -- Install configuration: ""
[0.518s] -- Execute custom install script
[0.519s] -- Up-to-date symlink: /home/hansol/ros2_ws/install/realsense_ros2_camera/bin/realsense_ros2_camera
[0.521s] -- Up-to-date symlink: /home/hansol/ros2_ws/install/realsense_ros2_camera/lib/realsense_ros2_camera/realsense_ros2_camera
[0.522s] -- Up-to-date symlink: /home/hansol/ros2_ws/install/realsense_ros2_camera/include/realsense_ros2_camera/constants.hpp
[0.525s] -- Up-to-date symlink: /home/hansol/ros2_ws/install/realsense_ros2_camera/share/realsense_ros2_camera//launch/default.rviz
[0.529s] -- Up-to-date symlink: /home/hansol/ros2_ws/install/realsense_ros2_camera/share/realsense_ros2_camera//launch/realsense2_to_laserscan.py
[0.547s] -- Up-to-date symlink: /home/hansol/ros2_ws/install/realsense_ros2_camera/share/realsense_ros2_camera//launch/ros2_intel_realsense.launch.py
[0.548s] -- Up-to-date symlink: /home/hansol/ros2_ws/install/realsense_ros2_camera/share/realsense_ros2_camera//launch/rs.launch.py
[0.549s] -- Up-to-date symlink: /home/hansol/ros2_ws/install/realsense_ros2_camera/share/ament_index/resource_index/package_run_dependencies/realsense_ros2_camera
[0.550s] -- Up-to-date symlink: /home/hansol/ros2_ws/install/realsense_ros2_camera/share/ament_index/resource_index/parent_prefix_path/realsense_ros2_camera
[0.562s] -- Up-to-date symlink: /home/hansol/ros2_ws/install/realsense_ros2_camera/share/realsense_ros2_camera/environment/ament_prefix_path.sh
[0.563s] -- Up-to-date symlink: /home/hansol/ros2_ws/install/realsense_ros2_camera/share/realsense_ros2_camera/environment/path.sh
[0.564s] -- Up-to-date symlink: /home/hansol/ros2_ws/install/realsense_ros2_camera/share/realsense_ros2_camera/local_setup.bash
[0.567s] -- Up-to-date symlink: /home/hansol/ros2_ws/install/realsense_ros2_camera/share/realsense_ros2_camera/local_setup.sh
[0.569s] -- Up-to-date symlink: /home/hansol/ros2_ws/install/realsense_ros2_camera/share/realsense_ros2_camera/local_setup.zsh
[0.573s] -- Up-to-date symlink: /home/hansol/ros2_ws/install/realsense_ros2_camera/share/ament_index/resource_index/packages/realsense_ros2_camera
[0.577s] -- Up-to-date symlink: /home/hansol/ros2_ws/install/realsense_ros2_camera/share/realsense_ros2_camera/cmake/realsense_ros2_cameraConfig.cmake
[0.583s] -- Up-to-date symlink: /home/hansol/ros2_ws/install/realsense_ros2_camera/share/realsense_ros2_camera/cmake/realsense_ros2_cameraConfig-version.cmake
[0.585s] -- Up-to-date symlink: /home/hansol/ros2_ws/install/realsense_ros2_camera/share/realsense_ros2_camera/package.xml
[0.586s] Invoked command in '/home/hansol/ros2_ws/build/realsense_ros2_camera' returned '0': CMAKE_PREFIX_PATH=/home/hansol/ros2_ws/install/realsense_camera_msgs:/home/hansol/ros2_ws/install/realsense_ros2_camera:/home/hansol/ros2_ws/install/darknet_ros:/home/hansol/ros2_ws/install/darknet_ros_msgs:/home/hansol/ros2_ws/install/Darknet:/opt/ros/dashing LD_LIBRARY_PATH=/home/hansol/ros2_ws/install/realsense_camera_msgs/lib:/home/hansol/ros2_ws/install/darknet_ros/lib:/home/hansol/ros2_ws/install/darknet_ros_msgs/lib:/opt/ros/dashing/lib:/usr/local/cuda-10.2/lib64 /usr/local/bin/cmake --install /home/hansol/ros2_ws/build/realsense_ros2_camera
