[0.159s] Invoking command in '/home/hansol/ros2_ws/build/Darknet': /usr/local/bin/cmake --build /home/hansol/ros2_ws/build/Darknet -- -j4 -l4
[0.175s] Change Dir: '/home/hansol/ros2_ws/build/Darknet'
[0.176s] 
[0.177s] Run Build Command(s): /usr/local/bin/cmake -E env VERBOSE=1 /usr/bin/make -f Makefile -j4 -l4
[0.204s] /usr/local/bin/cmake -S/home/hansol/ros2_ws/src/darknet_ros/darknet -B/home/hansol/ros2_ws/build/Darknet --check-build-system CMakeFiles/Makefile.cmake 0
[0.229s] /usr/local/bin/cmake -E cmake_progress_start /home/hansol/ros2_ws/build/Darknet/CMakeFiles /home/hansol/ros2_ws/build/Darknet//CMakeFiles/progress.marks
[0.263s] /usr/bin/make  -f CMakeFiles/Makefile2 all
[0.288s] make[1]: Entering directory '/home/hansol/ros2_ws/build/Darknet'
[0.289s] /usr/bin/make  -f CMakeFiles/dark.dir/build.make CMakeFiles/dark.dir/depend
[0.290s] /usr/bin/make  -f CMakeFiles/darknet.dir/build.make CMakeFiles/darknet.dir/depend
[0.375s] make[2]: Entering directory '/home/hansol/ros2_ws/build/Darknet'
[0.378s] cd /home/hansol/ros2_ws/build/Darknet && /usr/local/bin/cmake -E cmake_depends "Unix Makefiles" /home/hansol/ros2_ws/src/darknet_ros/darknet /home/hansol/ros2_ws/src/darknet_ros/darknet /home/hansol/ros2_ws/build/Darknet /home/hansol/ros2_ws/build/Darknet /home/hansol/ros2_ws/build/Darknet/CMakeFiles/darknet.dir/DependInfo.cmake "--color="
[0.389s] make[2]: Entering directory '/home/hansol/ros2_ws/build/Darknet'
[0.395s] cd /home/hansol/ros2_ws/build/Darknet && /usr/local/bin/cmake -E cmake_depends "Unix Makefiles" /home/hansol/ros2_ws/src/darknet_ros/darknet /home/hansol/ros2_ws/src/darknet_ros/darknet /home/hansol/ros2_ws/build/Darknet /home/hansol/ros2_ws/build/Darknet /home/hansol/ros2_ws/build/Darknet/CMakeFiles/dark.dir/DependInfo.cmake "--color="
[0.447s] make[2]: Leaving directory '/home/hansol/ros2_ws/build/Darknet'
[0.452s] /usr/bin/make  -f CMakeFiles/darknet.dir/build.make CMakeFiles/darknet.dir/build
[0.456s] make[2]: Leaving directory '/home/hansol/ros2_ws/build/Darknet'
[0.460s] /usr/bin/make  -f CMakeFiles/dark.dir/build.make CMakeFiles/dark.dir/build
[0.559s] make[2]: Entering directory '/home/hansol/ros2_ws/build/Darknet'
[0.560s] make[2]: Nothing to be done for 'CMakeFiles/darknet.dir/build'.
[0.561s] make[2]: Leaving directory '/home/hansol/ros2_ws/build/Darknet'
[0.590s] [ 48%] Built target darknet
[0.603s] make[2]: Entering directory '/home/hansol/ros2_ws/build/Darknet'
[0.604s] make[2]: Nothing to be done for 'CMakeFiles/dark.dir/build'.
[0.606s] make[2]: Leaving directory '/home/hansol/ros2_ws/build/Darknet'
[0.632s] [ 97%] Built target dark
[0.636s] /usr/bin/make  -f CMakeFiles/uselib_track.dir/build.make CMakeFiles/uselib_track.dir/depend
[0.639s] /usr/bin/make  -f CMakeFiles/uselib.dir/build.make CMakeFiles/uselib.dir/depend
[0.654s] make[2]: Entering directory '/home/hansol/ros2_ws/build/Darknet'
[0.656s] cd /home/hansol/ros2_ws/build/Darknet && /usr/local/bin/cmake -E cmake_depends "Unix Makefiles" /home/hansol/ros2_ws/src/darknet_ros/darknet /home/hansol/ros2_ws/src/darknet_ros/darknet /home/hansol/ros2_ws/build/Darknet /home/hansol/ros2_ws/build/Darknet /home/hansol/ros2_ws/build/Darknet/CMakeFiles/uselib.dir/DependInfo.cmake "--color="
[0.658s] make[2]: Entering directory '/home/hansol/ros2_ws/build/Darknet'
[0.659s] cd /home/hansol/ros2_ws/build/Darknet && /usr/local/bin/cmake -E cmake_depends "Unix Makefiles" /home/hansol/ros2_ws/src/darknet_ros/darknet /home/hansol/ros2_ws/src/darknet_ros/darknet /home/hansol/ros2_ws/build/Darknet /home/hansol/ros2_ws/build/Darknet /home/hansol/ros2_ws/build/Darknet/CMakeFiles/uselib_track.dir/DependInfo.cmake "--color="
[0.680s] make[2]: Leaving directory '/home/hansol/ros2_ws/build/Darknet'
[0.682s] /usr/bin/make  -f CMakeFiles/uselib_track.dir/build.make CMakeFiles/uselib_track.dir/build
[0.687s] make[2]: Leaving directory '/home/hansol/ros2_ws/build/Darknet'
[0.691s] /usr/bin/make  -f CMakeFiles/uselib.dir/build.make CMakeFiles/uselib.dir/build
[0.708s] make[2]: Entering directory '/home/hansol/ros2_ws/build/Darknet'
[0.713s] make[2]: Nothing to be done for 'CMakeFiles/uselib.dir/build'.
[0.714s] make[2]: Entering directory '/home/hansol/ros2_ws/build/Darknet'
[0.715s] make[2]: Nothing to be done for 'CMakeFiles/uselib_track.dir/build'.
[0.716s] make[2]: Leaving directory '/home/hansol/ros2_ws/build/Darknet'
[0.716s] make[2]: Leaving directory '/home/hansol/ros2_ws/build/Darknet'
[0.730s] [ 99%] Built target uselib_track
[0.740s] [100%] Built target uselib
[0.742s] make[1]: Leaving directory '/home/hansol/ros2_ws/build/Darknet'
[0.743s] /usr/local/bin/cmake -E cmake_progress_start /home/hansol/ros2_ws/build/Darknet/CMakeFiles 0
[0.775s] 
[0.803s] Invoked command in '/home/hansol/ros2_ws/build/Darknet' returned '0': /usr/local/bin/cmake --build /home/hansol/ros2_ws/build/Darknet -- -j4 -l4
[2.081s] Invoking command in '/home/hansol/ros2_ws/build/Darknet': /usr/local/bin/cmake --install /home/hansol/ros2_ws/build/Darknet
[2.130s] -- Install configuration: "Release"
[2.136s] -- Up-to-date: /home/hansol/ros2_ws/src/darknet_ros/darknet/libdarknet.so
[2.139s] -- Up-to-date: /home/hansol/ros2_ws/install/Darknet/include/darknet/darknet.h
[2.140s] -- Up-to-date: /home/hansol/ros2_ws/install/Darknet/include/darknet/yolo_v2_class.hpp
[2.154s] -- Up-to-date: /home/hansol/ros2_ws/src/darknet_ros/darknet/uselib
[2.157s] -- Up-to-date: /home/hansol/ros2_ws/src/darknet_ros/darknet/darknet
[2.157s] -- Up-to-date: /home/hansol/ros2_ws/src/darknet_ros/darknet/uselib_track
[2.160s] -- Up-to-date: /home/hansol/ros2_ws/install/Darknet/share/darknet/DarknetTargets.cmake
[2.161s] -- Up-to-date: /home/hansol/ros2_ws/install/Darknet/share/darknet/DarknetTargets-release.cmake
[2.162s] -- Up-to-date: /home/hansol/ros2_ws/install/Darknet/share/darknet/DarknetConfig.cmake
[2.163s] -- Up-to-date: /home/hansol/ros2_ws/install/Darknet/share/darknet/DarknetConfigVersion.cmake
[2.164s] Invoked command in '/home/hansol/ros2_ws/build/Darknet' returned '0': /usr/local/bin/cmake --install /home/hansol/ros2_ws/build/Darknet
