[  2%] [32mBuilding CXX object CMakeFiles/darknet_ros_lib.dir/src/YoloObjectDetector.cpp.o[0m
[  2%] [32mBuilding CXX object CMakeFiles/darknet_ros_lib.dir/src/yolo_object_detector_node.cpp.o[0m
In file included from [01m[K/home/hansol/ros2_ws/src/darknet_ros/darknet_ros/src/yolo_object_detector_node.cpp:9:0[m[K:
[01m[K/home/hansol/ros2_ws/src/darknet_ros/darknet_ros/include/darknet_ros/YoloObjectDetector.hpp:126:47:[m[K [01;31m[Kerror: [m[K‘[01m[KCompressed_Image[m[K’ in namespace ‘[01m[Ksensor_msgs::msg[m[K’ does not name a type
   void cameraCallback(const sensor_msgs::msg::[01;31m[KCompressed_Image[m[K::ConstSharedPtr& msg);
                                               [01;31m[K^~~~~~~~~~~~~~~~[m[K
In file included from [01m[K/home/hansol/ros2_ws/src/darknet_ros/darknet_ros/src/YoloObjectDetector.cpp:10:0[m[K:
[01m[K/home/hansol/ros2_ws/src/darknet_ros/darknet_ros/include/darknet_ros/YoloObjectDetector.hpp:126:47:[m[K [01;31m[Kerror: [m[K‘[01m[KCompressed_Image[m[K’ in namespace ‘[01m[Ksensor_msgs::msg[m[K’ does not name a type
   void cameraCallback(const sensor_msgs::msg::[01;31m[KCompressed_Image[m[K::ConstSharedPtr& msg);
                                               [01;31m[K^~~~~~~~~~~~~~~~[m[K
[01m[K/home/hansol/ros2_ws/src/darknet_ros/darknet_ros/include/darknet_ros/YoloObjectDetector.hpp:126:79:[m[K [01;31m[Kerror: [m[Kexpected unqualified-id before ‘[01m[K&[m[K’ token
   void cameraCallback(const sensor_msgs::msg::Compressed_Image::ConstSharedPtr[01;31m[K&[m[K msg);
                                                                               [01;31m[K^[m[K
[01m[K/home/hansol/ros2_ws/src/darknet_ros/darknet_ros/include/darknet_ros/YoloObjectDetector.hpp:126:79:[m[K [01;31m[Kerror: [m[Kexpected unqualified-id before ‘[01m[K&[m[K’ token
   void cameraCallback(const sensor_msgs::msg::Compressed_Image::ConstSharedPtr[01;31m[K&[m[K msg);
                                                                               [01;31m[K^[m[K
[01m[K/home/hansol/ros2_ws/src/darknet_ros/darknet_ros/include/darknet_ros/YoloObjectDetector.hpp:126:79:[m[K [01;31m[Kerror: [m[Kexpected ‘[01m[K)[m[K’ before ‘[01m[K&[m[K’ token
[01m[K/home/hansol/ros2_ws/src/darknet_ros/darknet_ros/include/darknet_ros/YoloObjectDetector.hpp:126:79:[m[K [01;31m[Kerror: [m[Kexpected ‘[01m[K)[m[K’ before ‘[01m[K&[m[K’ token
[01m[K/home/hansol/ros2_ws/src/darknet_ros/darknet_ros/include/darknet_ros/YoloObjectDetector.hpp:126:79:[m[K [01;31m[Kerror: [m[Kexpected ‘[01m[K;[m[K’ at end of member declaration
[01m[K/home/hansol/ros2_ws/src/darknet_ros/darknet_ros/include/darknet_ros/YoloObjectDetector.hpp:126:79:[m[K [01;31m[Kerror: [m[Kexpected ‘[01m[K;[m[K’ at end of member declaration
[01m[K/home/hansol/ros2_ws/src/darknet_ros/darknet_ros/include/darknet_ros/YoloObjectDetector.hpp:126:81:[m[K [01;31m[Kerror: [m[K‘[01m[Kmsg[m[K’ does not name a type
   void cameraCallback(const sensor_msgs::msg::Compressed_Image::ConstSharedPtr& [01;31m[Kmsg[m[K);
                                                                                 [01;31m[K^~~[m[K
[01m[K/home/hansol/ros2_ws/src/darknet_ros/darknet_ros/include/darknet_ros/YoloObjectDetector.hpp:126:81:[m[K [01;31m[Kerror: [m[K‘[01m[Kmsg[m[K’ does not name a type
   void cameraCallback(const sensor_msgs::msg::Compressed_Image::ConstSharedPtr& [01;31m[Kmsg[m[K);
                                                                                 [01;31m[K^~~[m[K
[01m[K/home/hansol/ros2_ws/src/darknet_ros/darknet_ros/src/YoloObjectDetector.cpp:232:65:[m[K [01;31m[Kerror: [m[K‘[01m[KCompressed_Image[m[K’ in namespace ‘[01m[Ksensor_msgs::msg[m[K’ does not name a type
 void YoloObjectDetector::cameraCallback(const sensor_msgs::msg::[01;31m[KCompressed_Image[m[K::ConstSharedPtr & msg)
                                                                 [01;31m[K^~~~~~~~~~~~~~~~[m[K
[01m[K/home/hansol/ros2_ws/src/darknet_ros/darknet_ros/src/YoloObjectDetector.cpp:232:98:[m[K [01;31m[Kerror: [m[Kexpected unqualified-id before ‘[01m[K&[m[K’ token
 void YoloObjectDetector::cameraCallback(const sensor_msgs::msg::Compressed_Image::ConstSharedPtr [01;31m[K&[m[K msg)
                                                                                                  [01;31m[K^[m[K
[01m[K/home/hansol/ros2_ws/src/darknet_ros/darknet_ros/src/YoloObjectDetector.cpp:232:98:[m[K [01;31m[Kerror: [m[Kexpected ‘[01m[K)[m[K’ before ‘[01m[K&[m[K’ token
[01m[K/home/hansol/ros2_ws/src/darknet_ros/darknet_ros/src/YoloObjectDetector.cpp:232:100:[m[K [01;31m[Kerror: [m[Kexpected initializer before ‘[01m[Kmsg[m[K’
 void YoloObjectDetector::cameraCallback(const sensor_msgs::msg::Compressed_Image::ConstSharedPtr & [01;31m[Kmsg[m[K)
                                                                                                    [01;31m[K^~~[m[K
CMakeFiles/darknet_ros_lib.dir/build.make:2398: recipe for target 'CMakeFiles/darknet_ros_lib.dir/src/yolo_object_detector_node.cpp.o' failed
make[2]: *** [CMakeFiles/darknet_ros_lib.dir/src/yolo_object_detector_node.cpp.o] Error 1
make[2]: *** Waiting for unfinished jobs....
CMakeFiles/darknet_ros_lib.dir/build.make:2370: recipe for target 'CMakeFiles/darknet_ros_lib.dir/src/YoloObjectDetector.cpp.o' failed
make[2]: *** [CMakeFiles/darknet_ros_lib.dir/src/YoloObjectDetector.cpp.o] Error 1
make[1]: *** [CMakeFiles/darknet_ros_lib.dir/all] Error 2
CMakeFiles/Makefile2:111: recipe for target 'CMakeFiles/darknet_ros_lib.dir/all' failed
make: *** [all] Error 2
Makefile:145: recipe for target 'all' failed
