[0.135s] Invoking command in '/home/hansol/ros2_ws/build/Darknet': /usr/local/bin/cmake --build /home/hansol/ros2_ws/build/Darknet -- -j4 -l4
[0.163s] Change Dir: '/home/hansol/ros2_ws/build/Darknet'
[0.164s] 
[0.164s] Run Build Command(s): /usr/local/bin/cmake -E env VERBOSE=1 /usr/bin/make -f Makefile -j4 -l4
[0.186s] /usr/local/bin/cmake -S/home/hansol/ros2_ws/src/darknet_ros/darknet -B/home/hansol/ros2_ws/build/Darknet --check-build-system CMakeFiles/Makefile.cmake 0
[0.219s] /usr/local/bin/cmake -E cmake_progress_start /home/hansol/ros2_ws/build/Darknet/CMakeFiles /home/hansol/ros2_ws/build/Darknet//CMakeFiles/progress.marks
[0.239s] /usr/bin/make  -f CMakeFiles/Makefile2 all
[0.260s] make[1]: Entering directory '/home/hansol/ros2_ws/build/Darknet'
[0.264s] /usr/bin/make  -f CMakeFiles/dark.dir/build.make CMakeFiles/dark.dir/depend
[0.265s] /usr/bin/make  -f CMakeFiles/darknet.dir/build.make CMakeFiles/darknet.dir/depend
[0.409s] make[2]: Entering directory '/home/hansol/ros2_ws/build/Darknet'
[0.410s] cd /home/hansol/ros2_ws/build/Darknet && /usr/local/bin/cmake -E cmake_depends "Unix Makefiles" /home/hansol/ros2_ws/src/darknet_ros/darknet /home/hansol/ros2_ws/src/darknet_ros/darknet /home/hansol/ros2_ws/build/Darknet /home/hansol/ros2_ws/build/Darknet /home/hansol/ros2_ws/build/Darknet/CMakeFiles/darknet.dir/DependInfo.cmake "--color="
[0.417s] make[2]: Entering directory '/home/hansol/ros2_ws/build/Darknet'
[0.424s] cd /home/hansol/ros2_ws/build/Darknet && /usr/local/bin/cmake -E cmake_depends "Unix Makefiles" /home/hansol/ros2_ws/src/darknet_ros/darknet /home/hansol/ros2_ws/src/darknet_ros/darknet /home/hansol/ros2_ws/build/Darknet /home/hansol/ros2_ws/build/Darknet /home/hansol/ros2_ws/build/Darknet/CMakeFiles/dark.dir/DependInfo.cmake "--color="
[0.482s] make[2]: Leaving directory '/home/hansol/ros2_ws/build/Darknet'
[0.484s] /usr/bin/make  -f CMakeFiles/darknet.dir/build.make CMakeFiles/darknet.dir/build
[0.495s] make[2]: Leaving directory '/home/hansol/ros2_ws/build/Darknet'
[0.498s] /usr/bin/make  -f CMakeFiles/dark.dir/build.make CMakeFiles/dark.dir/build
[0.576s] make[2]: Entering directory '/home/hansol/ros2_ws/build/Darknet'
[0.577s] make[2]: Nothing to be done for 'CMakeFiles/dark.dir/build'.
[0.579s] make[2]: Leaving directory '/home/hansol/ros2_ws/build/Darknet'
[0.593s] make[2]: Entering directory '/home/hansol/ros2_ws/build/Darknet'
[0.594s] make[2]: Nothing to be done for 'CMakeFiles/darknet.dir/build'.
[0.595s] make[2]: Leaving directory '/home/hansol/ros2_ws/build/Darknet'
[0.605s] [ 49%] Built target dark
[0.607s] /usr/bin/make  -f CMakeFiles/uselib_track.dir/build.make CMakeFiles/uselib_track.dir/depend
[0.610s] /usr/bin/make  -f CMakeFiles/uselib.dir/build.make CMakeFiles/uselib.dir/depend
[0.620s] make[2]: Entering directory '/home/hansol/ros2_ws/build/Darknet'
[0.621s] cd /home/hansol/ros2_ws/build/Darknet && /usr/local/bin/cmake -E cmake_depends "Unix Makefiles" /home/hansol/ros2_ws/src/darknet_ros/darknet /home/hansol/ros2_ws/src/darknet_ros/darknet /home/hansol/ros2_ws/build/Darknet /home/hansol/ros2_ws/build/Darknet /home/hansol/ros2_ws/build/Darknet/CMakeFiles/uselib.dir/DependInfo.cmake "--color="
[0.627s] make[2]: Entering directory '/home/hansol/ros2_ws/build/Darknet'
[0.628s] cd /home/hansol/ros2_ws/build/Darknet && /usr/local/bin/cmake -E cmake_depends "Unix Makefiles" /home/hansol/ros2_ws/src/darknet_ros/darknet /home/hansol/ros2_ws/src/darknet_ros/darknet /home/hansol/ros2_ws/build/Darknet /home/hansol/ros2_ws/build/Darknet /home/hansol/ros2_ws/build/Darknet/CMakeFiles/uselib_track.dir/DependInfo.cmake "--color="
[0.632s] [ 97%] Built target darknet
[0.653s] make[2]: Leaving directory '/home/hansol/ros2_ws/build/Darknet'
[0.655s] /usr/bin/make  -f CMakeFiles/uselib_track.dir/build.make CMakeFiles/uselib_track.dir/build
[0.675s] make[2]: Entering directory '/home/hansol/ros2_ws/build/Darknet'
[0.677s] make[2]: Nothing to be done for 'CMakeFiles/uselib_track.dir/build'.
[0.680s] make[2]: Leaving directory '/home/hansol/ros2_ws/build/Darknet'
[0.688s] make[2]: Leaving directory '/home/hansol/ros2_ws/build/Darknet'
[0.689s] /usr/bin/make  -f CMakeFiles/uselib.dir/build.make CMakeFiles/uselib.dir/build
[0.698s] [ 99%] Built target uselib_track
[0.708s] make[2]: Entering directory '/home/hansol/ros2_ws/build/Darknet'
[0.710s] make[2]: Nothing to be done for 'CMakeFiles/uselib.dir/build'.
[0.711s] make[2]: Leaving directory '/home/hansol/ros2_ws/build/Darknet'
[0.731s] [100%] Built target uselib
[0.733s] make[1]: Leaving directory '/home/hansol/ros2_ws/build/Darknet'
[0.735s] /usr/local/bin/cmake -E cmake_progress_start /home/hansol/ros2_ws/build/Darknet/CMakeFiles 0
[0.766s] 
[0.786s] Invoked command in '/home/hansol/ros2_ws/build/Darknet' returned '0': /usr/local/bin/cmake --build /home/hansol/ros2_ws/build/Darknet -- -j4 -l4
[1.959s] Invoking command in '/home/hansol/ros2_ws/build/Darknet': /usr/local/bin/cmake --install /home/hansol/ros2_ws/build/Darknet
[1.979s] -- Install configuration: "Release"
[1.980s] -- Up-to-date: /home/hansol/ros2_ws/src/darknet_ros/darknet/libdarknet.so
[1.981s] -- Up-to-date: /home/hansol/ros2_ws/install/Darknet/include/darknet/darknet.h
[1.982s] -- Up-to-date: /home/hansol/ros2_ws/install/Darknet/include/darknet/yolo_v2_class.hpp
[1.991s] -- Up-to-date: /home/hansol/ros2_ws/src/darknet_ros/darknet/uselib
[2.001s] -- Up-to-date: /home/hansol/ros2_ws/src/darknet_ros/darknet/darknet
[2.004s] -- Up-to-date: /home/hansol/ros2_ws/src/darknet_ros/darknet/uselib_track
[2.009s] -- Up-to-date: /home/hansol/ros2_ws/install/Darknet/share/darknet/DarknetTargets.cmake
[2.010s] -- Up-to-date: /home/hansol/ros2_ws/install/Darknet/share/darknet/DarknetTargets-release.cmake
[2.011s] -- Up-to-date: /home/hansol/ros2_ws/install/Darknet/share/darknet/DarknetConfig.cmake
[2.012s] -- Up-to-date: /home/hansol/ros2_ws/install/Darknet/share/darknet/DarknetConfigVersion.cmake
[2.118s] Invoked command in '/home/hansol/ros2_ws/build/Darknet' returned '0': /usr/local/bin/cmake --install /home/hansol/ros2_ws/build/Darknet
