[0.124s] Invoking command in '/home/hansol/ros2_ws/build/darknet_ros': CMAKE_PREFIX_PATH=/home/hansol/ros2_ws/install/darknet_ros_msgs:/home/hansol/ros2_ws/install/realsense_ros2_camera:/home/hansol/ros2_ws/install/realsense_camera_msgs:/home/hansol/ros2_ws/install/darknet_ros:/home/hansol/ros2_ws/install/Darknet:/opt/ros/dashing LD_LIBRARY_PATH=/home/hansol/ros2_ws/install/darknet_ros_msgs/lib:/home/hansol/ros2_ws/install/realsense_camera_msgs/lib:/home/hansol/ros2_ws/install/darknet_ros/lib:/opt/ros/dashing/lib:/usr/local/cuda-10.2/lib64 PYTHONPATH=/home/hansol/ros2_ws/install/darknet_ros_msgs/lib/python3.6/site-packages:/home/hansol/ros2_ws/install/realsense_camera_msgs/lib/python3.6/site-packages:/opt/ros/dashing/lib/python3.6/site-packages /usr/local/bin/cmake --build /home/hansol/ros2_ws/build/darknet_ros -- -j4 -l4
[0.469s] [  1%] [32mBuilding CXX object CMakeFiles/darknet_ros_lib.dir/src/yolo_object_detector_node.cpp.o[0m
[0.470s] [  2%] [32mBuilding CXX object CMakeFiles/darknet_ros_lib.dir/src/YoloObjectDetector.cpp.o[0m
[56.432s] [  3%] [32m[1mLinking CXX static library libdarknet_ros_lib.a[0m
[58.029s] [ 97%] Built target darknet_ros_lib
[58.100s] [ 98%] [32mBuilding CXX object CMakeFiles/darknet_ros.dir/src/yolo_object_detector_node.cpp.o[0m
[76.097s] [100%] [32m[1mLinking CXX executable darknet_ros[0m
[81.627s] /usr/bin/ld: warning: libopencv_imgcodecs.so.3.2, needed by /opt/ros/dashing/lib/libcv_bridge.so, may conflict with libopencv_imgcodecs.so.4.5
[81.628s] /usr/bin/ld: warning: libopencv_imgproc.so.3.2, needed by /opt/ros/dashing/lib/libcv_bridge.so, may conflict with libopencv_imgproc.so.4.5
[81.629s] /usr/bin/ld: warning: libopencv_core.so.3.2, needed by /opt/ros/dashing/lib/libcv_bridge.so, may conflict with libopencv_core.so.4.5
[81.647s] [100%] Built target darknet_ros
[81.680s] Invoked command in '/home/hansol/ros2_ws/build/darknet_ros' returned '0': CMAKE_PREFIX_PATH=/home/hansol/ros2_ws/install/darknet_ros_msgs:/home/hansol/ros2_ws/install/realsense_ros2_camera:/home/hansol/ros2_ws/install/realsense_camera_msgs:/home/hansol/ros2_ws/install/darknet_ros:/home/hansol/ros2_ws/install/Darknet:/opt/ros/dashing LD_LIBRARY_PATH=/home/hansol/ros2_ws/install/darknet_ros_msgs/lib:/home/hansol/ros2_ws/install/realsense_camera_msgs/lib:/home/hansol/ros2_ws/install/darknet_ros/lib:/opt/ros/dashing/lib:/usr/local/cuda-10.2/lib64 PYTHONPATH=/home/hansol/ros2_ws/install/darknet_ros_msgs/lib/python3.6/site-packages:/home/hansol/ros2_ws/install/realsense_camera_msgs/lib/python3.6/site-packages:/opt/ros/dashing/lib/python3.6/site-packages /usr/local/bin/cmake --build /home/hansol/ros2_ws/build/darknet_ros -- -j4 -l4
[82.502s] Invoking command in '/home/hansol/ros2_ws/build/darknet_ros': CMAKE_PREFIX_PATH=/home/hansol/ros2_ws/install/darknet_ros_msgs:/home/hansol/ros2_ws/install/realsense_ros2_camera:/home/hansol/ros2_ws/install/realsense_camera_msgs:/home/hansol/ros2_ws/install/darknet_ros:/home/hansol/ros2_ws/install/Darknet:/opt/ros/dashing LD_LIBRARY_PATH=/home/hansol/ros2_ws/install/darknet_ros_msgs/lib:/home/hansol/ros2_ws/install/realsense_camera_msgs/lib:/home/hansol/ros2_ws/install/darknet_ros/lib:/opt/ros/dashing/lib:/usr/local/cuda-10.2/lib64 PYTHONPATH=/home/hansol/ros2_ws/install/darknet_ros_msgs/lib/python3.6/site-packages:/home/hansol/ros2_ws/install/realsense_camera_msgs/lib/python3.6/site-packages:/opt/ros/dashing/lib/python3.6/site-packages /usr/local/bin/cmake --install /home/hansol/ros2_ws/build/darknet_ros
[82.542s] -- Install configuration: ""
[82.543s] -- Execute custom install script
[82.544s] -- Up-to-date symlink: /home/hansol/ros2_ws/install/darknet_ros/lib/libdarknet_ros_lib.a
[82.545s] -- Up-to-date symlink: /home/hansol/ros2_ws/install/darknet_ros/lib/darknet_ros/darknet_ros
[82.548s] -- Up-to-date symlink: /home/hansol/ros2_ws/install/darknet_ros/share/darknet_ros/yolo_network_config//cfg/yolov2-tiny.cfg
[82.549s] -- Up-to-date symlink: /home/hansol/ros2_ws/install/darknet_ros/share/darknet_ros/yolo_network_config//cfg/yolov3.cfg
[82.550s] -- Up-to-date symlink: /home/hansol/ros2_ws/install/darknet_ros/share/darknet_ros/yolo_network_config//cfg/yolov4-csp.cfg
[82.551s] -- Up-to-date symlink: /home/hansol/ros2_ws/install/darknet_ros/share/darknet_ros/yolo_network_config//cfg/yolov4-tiny.cfg
[82.552s] -- Up-to-date symlink: /home/hansol/ros2_ws/install/darknet_ros/share/darknet_ros/yolo_network_config//cfg/yolov4.cfg
[82.553s] -- Up-to-date symlink: /home/hansol/ros2_ws/install/darknet_ros/share/darknet_ros/yolo_network_config//cfg/yolov7-tiny.cfg
[82.554s] -- Up-to-date symlink: /home/hansol/ros2_ws/install/darknet_ros/share/darknet_ros/yolo_network_config//weights/.gitignore
[82.555s] -- Up-to-date symlink: /home/hansol/ros2_ws/install/darknet_ros/share/darknet_ros/yolo_network_config//weights/how_to_download_weights.txt
[82.556s] -- Up-to-date symlink: /home/hansol/ros2_ws/install/darknet_ros/share/darknet_ros/yolo_network_config//weights/yolov4-csp.weights
[82.556s] -- Up-to-date symlink: /home/hansol/ros2_ws/install/darknet_ros/share/darknet_ros/yolo_network_config//weights/yolov4-tiny.weights
[82.557s] -- Up-to-date symlink: /home/hansol/ros2_ws/install/darknet_ros/share/darknet_ros/yolo_network_config//weights/yolov7-tiny.weights
[82.558s] -- Up-to-date symlink: /home/hansol/ros2_ws/install/darknet_ros/share/darknet_ros//launch/darknet_ros.launch.py
[82.558s] -- Up-to-date symlink: /home/hansol/ros2_ws/install/darknet_ros/share/darknet_ros//launch/yolov4-csp.launch.py
[82.559s] -- Up-to-date symlink: /home/hansol/ros2_ws/install/darknet_ros/share/darknet_ros//launch/yolov4-tiny.launch.py
[82.560s] -- Up-to-date symlink: /home/hansol/ros2_ws/install/darknet_ros/share/darknet_ros//launch/yolov7-tiny.launch.py
[82.560s] -- Up-to-date symlink: /home/hansol/ros2_ws/install/darknet_ros/share/darknet_ros//config/ros.yaml
[82.561s] -- Up-to-date symlink: /home/hansol/ros2_ws/install/darknet_ros/share/darknet_ros//config/yolov2-tiny.yaml
[82.562s] -- Up-to-date symlink: /home/hansol/ros2_ws/install/darknet_ros/share/darknet_ros//config/yolov3.yaml
[82.562s] -- Up-to-date symlink: /home/hansol/ros2_ws/install/darknet_ros/share/darknet_ros//config/yolov4-csp.yaml
[82.563s] -- Up-to-date symlink: /home/hansol/ros2_ws/install/darknet_ros/share/darknet_ros//config/yolov4-tiny.yaml
[82.564s] -- Up-to-date symlink: /home/hansol/ros2_ws/install/darknet_ros/share/darknet_ros//config/yolov4.yaml
[82.564s] -- Up-to-date symlink: /home/hansol/ros2_ws/install/darknet_ros/share/darknet_ros//config/yolov7-tiny.yaml
[82.565s] -- Up-to-date symlink: /home/hansol/ros2_ws/install/darknet_ros/share/darknet_ros/environment/library_path.sh
[82.565s] -- Up-to-date symlink: /home/hansol/ros2_ws/install/darknet_ros/share/ament_index/resource_index/package_run_dependencies/darknet_ros
[82.566s] -- Up-to-date symlink: /home/hansol/ros2_ws/install/darknet_ros/share/ament_index/resource_index/parent_prefix_path/darknet_ros
[82.567s] -- Up-to-date symlink: /home/hansol/ros2_ws/install/darknet_ros/share/darknet_ros/environment/ament_prefix_path.sh
[82.567s] -- Up-to-date symlink: /home/hansol/ros2_ws/install/darknet_ros/share/darknet_ros/environment/path.sh
[82.570s] -- Up-to-date symlink: /home/hansol/ros2_ws/install/darknet_ros/share/darknet_ros/local_setup.bash
[82.571s] -- Up-to-date symlink: /home/hansol/ros2_ws/install/darknet_ros/share/darknet_ros/local_setup.sh
[82.572s] -- Up-to-date symlink: /home/hansol/ros2_ws/install/darknet_ros/share/darknet_ros/local_setup.zsh
[82.573s] -- Up-to-date symlink: /home/hansol/ros2_ws/install/darknet_ros/share/ament_index/resource_index/packages/darknet_ros
[82.573s] -- Up-to-date symlink: /home/hansol/ros2_ws/install/darknet_ros/share/darknet_ros/cmake/ament_cmake_export_include_directories-extras.cmake
[82.574s] -- Up-to-date symlink: /home/hansol/ros2_ws/install/darknet_ros/share/darknet_ros/cmake/ament_cmake_export_libraries-extras.cmake
[82.575s] -- Up-to-date symlink: /home/hansol/ros2_ws/install/darknet_ros/share/darknet_ros/cmake/ament_cmake_export_dependencies-extras.cmake
[82.576s] -- Up-to-date symlink: /home/hansol/ros2_ws/install/darknet_ros/share/darknet_ros/cmake/darknet_rosConfig.cmake
[82.577s] -- Up-to-date symlink: /home/hansol/ros2_ws/install/darknet_ros/share/darknet_ros/cmake/darknet_rosConfig-version.cmake
[82.578s] -- Up-to-date symlink: /home/hansol/ros2_ws/install/darknet_ros/share/darknet_ros/package.xml
[82.578s] -- Up-to-date: /home/hansol/ros2_ws/install/darknet_ros/include/
[82.579s] -- Up-to-date: /home/hansol/ros2_ws/install/darknet_ros/include//darknet_ros
[82.580s] -- Up-to-date: /home/hansol/ros2_ws/install/darknet_ros/include//darknet_ros/constants.h
[82.590s] Invoked command in '/home/hansol/ros2_ws/build/darknet_ros' returned '0': CMAKE_PREFIX_PATH=/home/hansol/ros2_ws/install/darknet_ros_msgs:/home/hansol/ros2_ws/install/realsense_ros2_camera:/home/hansol/ros2_ws/install/realsense_camera_msgs:/home/hansol/ros2_ws/install/darknet_ros:/home/hansol/ros2_ws/install/Darknet:/opt/ros/dashing LD_LIBRARY_PATH=/home/hansol/ros2_ws/install/darknet_ros_msgs/lib:/home/hansol/ros2_ws/install/realsense_camera_msgs/lib:/home/hansol/ros2_ws/install/darknet_ros/lib:/opt/ros/dashing/lib:/usr/local/cuda-10.2/lib64 PYTHONPATH=/home/hansol/ros2_ws/install/darknet_ros_msgs/lib/python3.6/site-packages:/home/hansol/ros2_ws/install/realsense_camera_msgs/lib/python3.6/site-packages:/opt/ros/dashing/lib/python3.6/site-packages /usr/local/bin/cmake --install /home/hansol/ros2_ws/build/darknet_ros
