[0.137s] Invoking command in '/home/hansol/ros2_ws/build/Darknet': /usr/local/bin/cmake --build /home/hansol/ros2_ws/build/Darknet -- -j4 -l4
[0.157s] Change Dir: '/home/hansol/ros2_ws/build/Darknet'
[0.158s] 
[0.159s] Run Build Command(s): /usr/local/bin/cmake -E env VERBOSE=1 /usr/bin/make -f Makefile -j4 -l4
[0.191s] /usr/local/bin/cmake -S/home/hansol/ros2_ws/src/darknet_ros/darknet -B/home/hansol/ros2_ws/build/Darknet --check-build-system CMakeFiles/Makefile.cmake 0
[0.214s] /usr/local/bin/cmake -E cmake_progress_start /home/hansol/ros2_ws/build/Darknet/CMakeFiles /home/hansol/ros2_ws/build/Darknet//CMakeFiles/progress.marks
[0.239s] /usr/bin/make  -f CMakeFiles/Makefile2 all
[0.259s] make[1]: Entering directory '/home/hansol/ros2_ws/build/Darknet'
[0.262s] /usr/bin/make  -f CMakeFiles/dark.dir/build.make CMakeFiles/dark.dir/depend
[0.263s] /usr/bin/make  -f CMakeFiles/darknet.dir/build.make CMakeFiles/darknet.dir/depend
[0.349s] make[2]: Entering directory '/home/hansol/ros2_ws/build/Darknet'
[0.373s] cd /home/hansol/ros2_ws/build/Darknet && /usr/local/bin/cmake -E cmake_depends "Unix Makefiles" /home/hansol/ros2_ws/src/darknet_ros/darknet /home/hansol/ros2_ws/src/darknet_ros/darknet /home/hansol/ros2_ws/build/Darknet /home/hansol/ros2_ws/build/Darknet /home/hansol/ros2_ws/build/Darknet/CMakeFiles/darknet.dir/DependInfo.cmake "--color="
[0.378s] make[2]: Entering directory '/home/hansol/ros2_ws/build/Darknet'
[0.380s] cd /home/hansol/ros2_ws/build/Darknet && /usr/local/bin/cmake -E cmake_depends "Unix Makefiles" /home/hansol/ros2_ws/src/darknet_ros/darknet /home/hansol/ros2_ws/src/darknet_ros/darknet /home/hansol/ros2_ws/build/Darknet /home/hansol/ros2_ws/build/Darknet /home/hansol/ros2_ws/build/Darknet/CMakeFiles/dark.dir/DependInfo.cmake "--color="
[0.448s] make[2]: Leaving directory '/home/hansol/ros2_ws/build/Darknet'
[0.450s] /usr/bin/make  -f CMakeFiles/darknet.dir/build.make CMakeFiles/darknet.dir/build
[0.529s] make[2]: Leaving directory '/home/hansol/ros2_ws/build/Darknet'
[0.531s] /usr/bin/make  -f CMakeFiles/dark.dir/build.make CMakeFiles/dark.dir/build
[0.560s] make[2]: Entering directory '/home/hansol/ros2_ws/build/Darknet'
[0.563s] make[2]: Nothing to be done for 'CMakeFiles/darknet.dir/build'.
[0.564s] make[2]: Leaving directory '/home/hansol/ros2_ws/build/Darknet'
[0.610s] [ 48%] Built target darknet
[0.622s] make[2]: Entering directory '/home/hansol/ros2_ws/build/Darknet'
[0.623s] make[2]: Nothing to be done for 'CMakeFiles/dark.dir/build'.
[0.624s] make[2]: Leaving directory '/home/hansol/ros2_ws/build/Darknet'
[0.645s] [ 97%] Built target dark
[0.648s] /usr/bin/make  -f CMakeFiles/uselib_track.dir/build.make CMakeFiles/uselib_track.dir/depend
[0.649s] /usr/bin/make  -f CMakeFiles/uselib.dir/build.make CMakeFiles/uselib.dir/depend
[0.657s] make[2]: Entering directory '/home/hansol/ros2_ws/build/Darknet'
[0.659s] cd /home/hansol/ros2_ws/build/Darknet && /usr/local/bin/cmake -E cmake_depends "Unix Makefiles" /home/hansol/ros2_ws/src/darknet_ros/darknet /home/hansol/ros2_ws/src/darknet_ros/darknet /home/hansol/ros2_ws/build/Darknet /home/hansol/ros2_ws/build/Darknet /home/hansol/ros2_ws/build/Darknet/CMakeFiles/uselib_track.dir/DependInfo.cmake "--color="
[0.664s] make[2]: Entering directory '/home/hansol/ros2_ws/build/Darknet'
[0.665s] cd /home/hansol/ros2_ws/build/Darknet && /usr/local/bin/cmake -E cmake_depends "Unix Makefiles" /home/hansol/ros2_ws/src/darknet_ros/darknet /home/hansol/ros2_ws/src/darknet_ros/darknet /home/hansol/ros2_ws/build/Darknet /home/hansol/ros2_ws/build/Darknet /home/hansol/ros2_ws/build/Darknet/CMakeFiles/uselib.dir/DependInfo.cmake "--color="
[0.685s] make[2]: Leaving directory '/home/hansol/ros2_ws/build/Darknet'
[0.688s] /usr/bin/make  -f CMakeFiles/uselib_track.dir/build.make CMakeFiles/uselib_track.dir/build
[0.693s] make[2]: Leaving directory '/home/hansol/ros2_ws/build/Darknet'
[0.696s] /usr/bin/make  -f CMakeFiles/uselib.dir/build.make CMakeFiles/uselib.dir/build
[0.713s] make[2]: Entering directory '/home/hansol/ros2_ws/build/Darknet'
[0.715s] make[2]: Nothing to be done for 'CMakeFiles/uselib_track.dir/build'.
[0.721s] make[2]: Leaving directory '/home/hansol/ros2_ws/build/Darknet'
[0.722s] make[2]: Entering directory '/home/hansol/ros2_ws/build/Darknet'
[0.723s] make[2]: Nothing to be done for 'CMakeFiles/uselib.dir/build'.
[0.724s] make[2]: Leaving directory '/home/hansol/ros2_ws/build/Darknet'
[0.742s] [ 99%] Built target uselib_track
[0.747s] [100%] Built target uselib
[0.749s] make[1]: Leaving directory '/home/hansol/ros2_ws/build/Darknet'
[0.753s] /usr/local/bin/cmake -E cmake_progress_start /home/hansol/ros2_ws/build/Darknet/CMakeFiles 0
[0.782s] 
[0.792s] Invoked command in '/home/hansol/ros2_ws/build/Darknet' returned '0': /usr/local/bin/cmake --build /home/hansol/ros2_ws/build/Darknet -- -j4 -l4
[2.161s] Invoking command in '/home/hansol/ros2_ws/build/Darknet': /usr/local/bin/cmake --install /home/hansol/ros2_ws/build/Darknet
[2.211s] -- Install configuration: "Release"
[2.213s] -- Up-to-date: /home/hansol/ros2_ws/src/darknet_ros/darknet/libdarknet.so
[2.214s] -- Up-to-date: /home/hansol/ros2_ws/install/Darknet/include/darknet/darknet.h
[2.216s] -- Up-to-date: /home/hansol/ros2_ws/install/Darknet/include/darknet/yolo_v2_class.hpp
[2.217s] -- Up-to-date: /home/hansol/ros2_ws/src/darknet_ros/darknet/uselib
[2.231s] -- Up-to-date: /home/hansol/ros2_ws/src/darknet_ros/darknet/darknet
[2.239s] -- Up-to-date: /home/hansol/ros2_ws/src/darknet_ros/darknet/uselib_track
[2.241s] -- Up-to-date: /home/hansol/ros2_ws/install/Darknet/share/darknet/DarknetTargets.cmake
[2.243s] -- Up-to-date: /home/hansol/ros2_ws/install/Darknet/share/darknet/DarknetTargets-release.cmake
[2.244s] -- Up-to-date: /home/hansol/ros2_ws/install/Darknet/share/darknet/DarknetConfig.cmake
[2.245s] -- Up-to-date: /home/hansol/ros2_ws/install/Darknet/share/darknet/DarknetConfigVersion.cmake
[2.247s] Invoked command in '/home/hansol/ros2_ws/build/Darknet' returned '0': /usr/local/bin/cmake --install /home/hansol/ros2_ws/build/Darknet
