[0.154s] Invoking command in '/home/hansol/ros2_ws/build/darknet_ros_msgs': CMAKE_PREFIX_PATH=${CMAKE_PREFIX_PATH}:/opt/ros/dashing /usr/local/bin/cmake --build /home/hansol/ros2_ws/build/darknet_ros_msgs -- -j4 -l4
[0.334s] [  1%] Built target darknet_ros_msgs__cpp
[0.359s] [ 13%] Built target darknet_ros_msgs__rosidl_generator_c
[0.507s] [ 24%] Built target darknet_ros_msgs__rosidl_typesupport_fastrtps_cpp
[0.528s] [ 35%] Built target darknet_ros_msgs__rosidl_typesupport_introspection_cpp
[0.565s] [ 47%] Built target darknet_ros_msgs__rosidl_typesupport_introspection_c
[0.639s] [ 58%] Built target darknet_ros_msgs__rosidl_typesupport_fastrtps_c
[0.699s] [ 69%] Built target darknet_ros_msgs__rosidl_typesupport_cpp
[0.751s] [ 81%] Built target darknet_ros_msgs__rosidl_typesupport_c
[0.879s] [ 81%] Built target darknet_ros_msgs
[0.925s] [ 83%] Built target darknet_ros_msgs__py
[0.998s] [ 92%] Built target darknet_ros_msgs__python
[1.081s] [ 96%] Built target darknet_ros_msgs__rosidl_typesupport_c__pyext
[1.085s] [100%] Built target darknet_ros_msgs__rosidl_typesupport_fastrtps_c__pyext
[1.127s] Invoked command in '/home/hansol/ros2_ws/build/darknet_ros_msgs' returned '0': CMAKE_PREFIX_PATH=${CMAKE_PREFIX_PATH}:/opt/ros/dashing /usr/local/bin/cmake --build /home/hansol/ros2_ws/build/darknet_ros_msgs -- -j4 -l4
[1.686s] Invoking command in '/home/hansol/ros2_ws/build/darknet_ros_msgs': CMAKE_PREFIX_PATH=${CMAKE_PREFIX_PATH}:/opt/ros/dashing /usr/local/bin/cmake --install /home/hansol/ros2_ws/build/darknet_ros_msgs
[1.708s] -- Install configuration: ""
[1.715s] -- Execute custom install script
[1.716s] -- Up-to-date symlink: /home/hansol/ros2_ws/install/darknet_ros_msgs/share/ament_index/resource_index/rosidl_interfaces/darknet_ros_msgs
[1.721s] -- Up-to-date symlink: /home/hansol/ros2_ws/install/darknet_ros_msgs/include/darknet_ros_msgs/action/check_for_objects.hpp
[1.724s] -- Up-to-date symlink: /home/hansol/ros2_ws/install/darknet_ros_msgs/include/darknet_ros_msgs/action/check_for_objects__struct.hpp
[1.727s] -- Up-to-date symlink: /home/hansol/ros2_ws/install/darknet_ros_msgs/include/darknet_ros_msgs/action/check_for_objects__traits.hpp
[1.745s] -- Up-to-date symlink: /home/hansol/ros2_ws/install/darknet_ros_msgs/include/darknet_ros_msgs/msg/bounding_box.hpp
[1.751s] -- Up-to-date symlink: /home/hansol/ros2_ws/install/darknet_ros_msgs/include/darknet_ros_msgs/msg/bounding_box__struct.hpp
[1.755s] -- Up-to-date symlink: /home/hansol/ros2_ws/install/darknet_ros_msgs/include/darknet_ros_msgs/msg/bounding_box__traits.hpp
[1.759s] -- Up-to-date symlink: /home/hansol/ros2_ws/install/darknet_ros_msgs/include/darknet_ros_msgs/msg/bounding_boxes.hpp
[1.775s] -- Up-to-date symlink: /home/hansol/ros2_ws/install/darknet_ros_msgs/include/darknet_ros_msgs/msg/bounding_boxes__struct.hpp
[1.776s] -- Up-to-date symlink: /home/hansol/ros2_ws/install/darknet_ros_msgs/include/darknet_ros_msgs/msg/bounding_boxes__traits.hpp
[1.777s] -- Up-to-date symlink: /home/hansol/ros2_ws/install/darknet_ros_msgs/include/darknet_ros_msgs/msg/object_count.hpp
[1.780s] -- Up-to-date symlink: /home/hansol/ros2_ws/install/darknet_ros_msgs/include/darknet_ros_msgs/msg/object_count__struct.hpp
[1.781s] -- Up-to-date symlink: /home/hansol/ros2_ws/install/darknet_ros_msgs/include/darknet_ros_msgs/msg/object_count__traits.hpp
[1.782s] -- Up-to-date symlink: /home/hansol/ros2_ws/install/darknet_ros_msgs/include/darknet_ros_msgs/action/check_for_objects.h
[1.785s] -- Up-to-date symlink: /home/hansol/ros2_ws/install/darknet_ros_msgs/include/darknet_ros_msgs/action/check_for_objects__functions.h
[1.786s] -- Up-to-date symlink: /home/hansol/ros2_ws/install/darknet_ros_msgs/include/darknet_ros_msgs/action/check_for_objects__struct.h
[1.787s] -- Up-to-date symlink: /home/hansol/ros2_ws/install/darknet_ros_msgs/include/darknet_ros_msgs/action/check_for_objects__type_support.h
[1.788s] -- Up-to-date symlink: /home/hansol/ros2_ws/install/darknet_ros_msgs/include/darknet_ros_msgs/msg/bounding_box.h
[1.788s] -- Up-to-date symlink: /home/hansol/ros2_ws/install/darknet_ros_msgs/include/darknet_ros_msgs/msg/bounding_box__functions.h
[1.789s] -- Up-to-date symlink: /home/hansol/ros2_ws/install/darknet_ros_msgs/include/darknet_ros_msgs/msg/bounding_box__struct.h
[1.790s] -- Up-to-date symlink: /home/hansol/ros2_ws/install/darknet_ros_msgs/include/darknet_ros_msgs/msg/bounding_box__type_support.h
[1.791s] -- Up-to-date symlink: /home/hansol/ros2_ws/install/darknet_ros_msgs/include/darknet_ros_msgs/msg/bounding_boxes.h
[1.792s] -- Up-to-date symlink: /home/hansol/ros2_ws/install/darknet_ros_msgs/include/darknet_ros_msgs/msg/bounding_boxes__functions.h
[1.792s] -- Up-to-date symlink: /home/hansol/ros2_ws/install/darknet_ros_msgs/include/darknet_ros_msgs/msg/bounding_boxes__struct.h
[1.793s] -- Up-to-date symlink: /home/hansol/ros2_ws/install/darknet_ros_msgs/include/darknet_ros_msgs/msg/bounding_boxes__type_support.h
[1.795s] -- Up-to-date symlink: /home/hansol/ros2_ws/install/darknet_ros_msgs/include/darknet_ros_msgs/msg/object_count.h
[1.797s] -- Up-to-date symlink: /home/hansol/ros2_ws/install/darknet_ros_msgs/include/darknet_ros_msgs/msg/object_count__functions.h
[1.799s] -- Up-to-date symlink: /home/hansol/ros2_ws/install/darknet_ros_msgs/include/darknet_ros_msgs/msg/object_count__struct.h
[1.799s] -- Up-to-date symlink: /home/hansol/ros2_ws/install/darknet_ros_msgs/include/darknet_ros_msgs/msg/object_count__type_support.h
[1.801s] -- Up-to-date symlink: /home/hansol/ros2_ws/install/darknet_ros_msgs/include/darknet_ros_msgs/msg/rosidl_generator_c__visibility_control.h
[1.803s] -- Up-to-date symlink: /home/hansol/ros2_ws/install/darknet_ros_msgs/share/darknet_ros_msgs/environment/library_path.sh
[1.807s] -- Up-to-date symlink: /home/hansol/ros2_ws/install/darknet_ros_msgs/lib/libdarknet_ros_msgs__rosidl_generator_c.so
[1.807s] -- Up-to-date symlink: /home/hansol/ros2_ws/install/darknet_ros_msgs/lib/libdarknet_ros_msgs__rosidl_typesupport_c.so
[1.812s] -- Up-to-date symlink: /home/hansol/ros2_ws/install/darknet_ros_msgs/lib/libdarknet_ros_msgs__rosidl_typesupport_cpp.so
[1.815s] -- Up-to-date symlink: /home/hansol/ros2_ws/install/darknet_ros_msgs/include/darknet_ros_msgs/action/check_for_objects__rosidl_typesupport_introspection_c.h
[1.817s] -- Up-to-date symlink: /home/hansol/ros2_ws/install/darknet_ros_msgs/include/darknet_ros_msgs/msg/bounding_box__rosidl_typesupport_introspection_c.h
[1.820s] -- Up-to-date symlink: /home/hansol/ros2_ws/install/darknet_ros_msgs/include/darknet_ros_msgs/msg/bounding_boxes__rosidl_typesupport_introspection_c.h
[1.822s] -- Up-to-date symlink: /home/hansol/ros2_ws/install/darknet_ros_msgs/include/darknet_ros_msgs/msg/object_count__rosidl_typesupport_introspection_c.h
[1.823s] -- Up-to-date symlink: /home/hansol/ros2_ws/install/darknet_ros_msgs/include/darknet_ros_msgs/msg/rosidl_typesupport_introspection_c__visibility_control.h
[1.824s] -- Up-to-date symlink: /home/hansol/ros2_ws/install/darknet_ros_msgs/lib/libdarknet_ros_msgs__rosidl_typesupport_introspection_c.so
[1.825s] -- Up-to-date symlink: /home/hansol/ros2_ws/install/darknet_ros_msgs/include/darknet_ros_msgs/action/check_for_objects__rosidl_typesupport_introspection_cpp.hpp
[1.831s] -- Up-to-date symlink: /home/hansol/ros2_ws/install/darknet_ros_msgs/include/darknet_ros_msgs/msg/bounding_box__rosidl_typesupport_introspection_cpp.hpp
[1.832s] -- Up-to-date symlink: /home/hansol/ros2_ws/install/darknet_ros_msgs/include/darknet_ros_msgs/msg/bounding_boxes__rosidl_typesupport_introspection_cpp.hpp
[1.833s] -- Up-to-date symlink: /home/hansol/ros2_ws/install/darknet_ros_msgs/include/darknet_ros_msgs/msg/object_count__rosidl_typesupport_introspection_cpp.hpp
[1.834s] -- Up-to-date symlink: /home/hansol/ros2_ws/install/darknet_ros_msgs/lib/libdarknet_ros_msgs__rosidl_typesupport_introspection_cpp.so
[1.835s] -- Up-to-date symlink: /home/hansol/ros2_ws/install/darknet_ros_msgs/include/darknet_ros_msgs/action/check_for_objects__rosidl_typesupport_fastrtps_c.h
[1.836s] -- Up-to-date symlink: /home/hansol/ros2_ws/install/darknet_ros_msgs/include/darknet_ros_msgs/msg/bounding_box__rosidl_typesupport_fastrtps_c.h
[1.836s] -- Up-to-date symlink: /home/hansol/ros2_ws/install/darknet_ros_msgs/include/darknet_ros_msgs/msg/bounding_boxes__rosidl_typesupport_fastrtps_c.h
[1.838s] -- Up-to-date symlink: /home/hansol/ros2_ws/install/darknet_ros_msgs/include/darknet_ros_msgs/msg/object_count__rosidl_typesupport_fastrtps_c.h
[1.839s] -- Up-to-date symlink: /home/hansol/ros2_ws/install/darknet_ros_msgs/include/darknet_ros_msgs/msg/rosidl_typesupport_fastrtps_c__visibility_control.h
[1.840s] -- Up-to-date symlink: /home/hansol/ros2_ws/install/darknet_ros_msgs/lib/libdarknet_ros_msgs__rosidl_typesupport_fastrtps_c.so
[1.840s] -- Up-to-date symlink: /home/hansol/ros2_ws/install/darknet_ros_msgs/include/darknet_ros_msgs/action/check_for_objects__rosidl_typesupport_fastrtps_cpp.hpp
[1.841s] -- Up-to-date symlink: /home/hansol/ros2_ws/install/darknet_ros_msgs/include/darknet_ros_msgs/msg/bounding_box__rosidl_typesupport_fastrtps_cpp.hpp
[1.842s] -- Up-to-date symlink: /home/hansol/ros2_ws/install/darknet_ros_msgs/include/darknet_ros_msgs/msg/bounding_boxes__rosidl_typesupport_fastrtps_cpp.hpp
[1.843s] -- Up-to-date symlink: /home/hansol/ros2_ws/install/darknet_ros_msgs/include/darknet_ros_msgs/msg/object_count__rosidl_typesupport_fastrtps_cpp.hpp
[1.844s] -- Up-to-date symlink: /home/hansol/ros2_ws/install/darknet_ros_msgs/include/darknet_ros_msgs/msg/rosidl_typesupport_fastrtps_cpp__visibility_control.h
[1.845s] -- Up-to-date symlink: /home/hansol/ros2_ws/install/darknet_ros_msgs/lib/libdarknet_ros_msgs__rosidl_typesupport_fastrtps_cpp.so
[1.845s] -- Up-to-date symlink: /home/hansol/ros2_ws/install/darknet_ros_msgs/share/darknet_ros_msgs/environment/pythonpath.sh
[1.846s] -- Up-to-date symlink: /home/hansol/ros2_ws/install/darknet_ros_msgs/lib/python3.6/site-packages/darknet_ros_msgs/__init__.py
[1.847s] -- Up-to-date symlink: /home/hansol/ros2_ws/install/darknet_ros_msgs/lib/python3.6/site-packages/darknet_ros_msgs/msg/__init__.py
[1.849s] -- Up-to-date symlink: /home/hansol/ros2_ws/install/darknet_ros_msgs/lib/python3.6/site-packages/darknet_ros_msgs/msg/_bounding_box.py
[1.850s] -- Up-to-date symlink: /home/hansol/ros2_ws/install/darknet_ros_msgs/lib/python3.6/site-packages/darknet_ros_msgs/msg/_bounding_boxes.py
[1.851s] -- Up-to-date symlink: /home/hansol/ros2_ws/install/darknet_ros_msgs/lib/python3.6/site-packages/darknet_ros_msgs/msg/_object_count.py
[1.852s] -- Up-to-date symlink: /home/hansol/ros2_ws/install/darknet_ros_msgs/lib/python3.6/site-packages/darknet_ros_msgs/action/__init__.py
[1.853s] -- Up-to-date symlink: /home/hansol/ros2_ws/install/darknet_ros_msgs/lib/python3.6/site-packages/darknet_ros_msgs/action/_check_for_objects.py
[1.853s] -- Up-to-date symlink: /home/hansol/ros2_ws/install/darknet_ros_msgs/lib/python3.6/site-packages/darknet_ros_msgs/darknet_ros_msgs_s__rosidl_typesupport_c.cpython-36m-aarch64-linux-gnu.so
[1.864s] -- Up-to-date symlink: /home/hansol/ros2_ws/install/darknet_ros_msgs/lib/python3.6/site-packages/darknet_ros_msgs/darknet_ros_msgs_s__rosidl_typesupport_fastrtps_c.cpython-36m-aarch64-linux-gnu.so
[1.865s] -- Up-to-date symlink: /home/hansol/ros2_ws/install/darknet_ros_msgs/lib/libdarknet_ros_msgs__python.so
[1.866s] -- Up-to-date symlink: /home/hansol/ros2_ws/install/darknet_ros_msgs/share/darknet_ros_msgs/msg/BoundingBox.idl
[1.867s] -- Up-to-date symlink: /home/hansol/ros2_ws/install/darknet_ros_msgs/share/darknet_ros_msgs/msg/BoundingBoxes.idl
[1.869s] -- Up-to-date symlink: /home/hansol/ros2_ws/install/darknet_ros_msgs/share/darknet_ros_msgs/msg/ObjectCount.idl
[1.871s] -- Up-to-date symlink: /home/hansol/ros2_ws/install/darknet_ros_msgs/share/darknet_ros_msgs/action/CheckForObjects.idl
[1.871s] -- Up-to-date symlink: /home/hansol/ros2_ws/install/darknet_ros_msgs/share/darknet_ros_msgs/msg/BoundingBox.msg
[1.872s] -- Up-to-date symlink: /home/hansol/ros2_ws/install/darknet_ros_msgs/share/darknet_ros_msgs/msg/BoundingBoxes.msg
[1.873s] -- Up-to-date symlink: /home/hansol/ros2_ws/install/darknet_ros_msgs/share/darknet_ros_msgs/msg/ObjectCount.msg
[1.874s] -- Up-to-date symlink: /home/hansol/ros2_ws/install/darknet_ros_msgs/share/darknet_ros_msgs/action/CheckForObjects.action
[1.875s] -- Up-to-date symlink: /home/hansol/ros2_ws/install/darknet_ros_msgs/share/ament_index/resource_index/package_run_dependencies/darknet_ros_msgs
[1.875s] -- Up-to-date symlink: /home/hansol/ros2_ws/install/darknet_ros_msgs/share/ament_index/resource_index/parent_prefix_path/darknet_ros_msgs
[1.876s] -- Up-to-date symlink: /home/hansol/ros2_ws/install/darknet_ros_msgs/share/darknet_ros_msgs/environment/ament_prefix_path.sh
[1.877s] -- Up-to-date symlink: /home/hansol/ros2_ws/install/darknet_ros_msgs/share/darknet_ros_msgs/environment/path.sh
[1.877s] -- Up-to-date symlink: /home/hansol/ros2_ws/install/darknet_ros_msgs/share/darknet_ros_msgs/local_setup.bash
[1.878s] -- Up-to-date symlink: /home/hansol/ros2_ws/install/darknet_ros_msgs/share/darknet_ros_msgs/local_setup.sh
[1.879s] -- Up-to-date symlink: /home/hansol/ros2_ws/install/darknet_ros_msgs/share/darknet_ros_msgs/local_setup.zsh
[1.879s] -- Up-to-date symlink: /home/hansol/ros2_ws/install/darknet_ros_msgs/share/ament_index/resource_index/packages/darknet_ros_msgs
[1.881s] -- Up-to-date symlink: /home/hansol/ros2_ws/install/darknet_ros_msgs/share/darknet_ros_msgs/cmake/rosidl_cmake-extras.cmake
[1.882s] -- Up-to-date symlink: /home/hansol/ros2_ws/install/darknet_ros_msgs/share/darknet_ros_msgs/cmake/ament_cmake_export_dependencies-extras.cmake
[1.882s] -- Up-to-date symlink: /home/hansol/ros2_ws/install/darknet_ros_msgs/share/darknet_ros_msgs/cmake/ament_cmake_export_include_directories-extras.cmake
[1.883s] -- Up-to-date symlink: /home/hansol/ros2_ws/install/darknet_ros_msgs/share/darknet_ros_msgs/cmake/ament_cmake_export_libraries-extras.cmake
[1.884s] -- Up-to-date symlink: /home/hansol/ros2_ws/install/darknet_ros_msgs/share/darknet_ros_msgs/cmake/darknet_ros_msgsConfig.cmake
[1.884s] -- Up-to-date symlink: /home/hansol/ros2_ws/install/darknet_ros_msgs/share/darknet_ros_msgs/cmake/darknet_ros_msgsConfig-version.cmake
[1.885s] -- Up-to-date symlink: /home/hansol/ros2_ws/install/darknet_ros_msgs/share/darknet_ros_msgs/package.xml
[2.167s] Invoked command in '/home/hansol/ros2_ws/build/darknet_ros_msgs' returned '0': CMAKE_PREFIX_PATH=${CMAKE_PREFIX_PATH}:/opt/ros/dashing /usr/local/bin/cmake --install /home/hansol/ros2_ws/build/darknet_ros_msgs
