[0.141s] Invoking command in '/home/hansol/ros2_ws/build/Darknet': /usr/local/bin/cmake --build /home/hansol/ros2_ws/build/Darknet -- -j4 -l4
[0.159s] Change Dir: '/home/hansol/ros2_ws/build/Darknet'
[0.161s] 
[0.161s] Run Build Command(s): /usr/local/bin/cmake -E env VERBOSE=1 /usr/bin/make -f Makefile -j4 -l4
[0.188s] /usr/local/bin/cmake -S/home/hansol/ros2_ws/src/darknet_ros/darknet -B/home/hansol/ros2_ws/build/Darknet --check-build-system CMakeFiles/Makefile.cmake 0
[0.213s] /usr/local/bin/cmake -E cmake_progress_start /home/hansol/ros2_ws/build/Darknet/CMakeFiles /home/hansol/ros2_ws/build/Darknet//CMakeFiles/progress.marks
[0.233s] /usr/bin/make  -f CMakeFiles/Makefile2 all
[0.240s] make[1]: Entering directory '/home/hansol/ros2_ws/build/Darknet'
[0.241s] /usr/bin/make  -f CMakeFiles/dark.dir/build.make CMakeFiles/dark.dir/depend
[0.246s] /usr/bin/make  -f CMakeFiles/darknet.dir/build.make CMakeFiles/darknet.dir/depend
[0.324s] make[2]: Entering directory '/home/hansol/ros2_ws/build/Darknet'
[0.325s] cd /home/hansol/ros2_ws/build/Darknet && /usr/local/bin/cmake -E cmake_depends "Unix Makefiles" /home/hansol/ros2_ws/src/darknet_ros/darknet /home/hansol/ros2_ws/src/darknet_ros/darknet /home/hansol/ros2_ws/build/Darknet /home/hansol/ros2_ws/build/Darknet /home/hansol/ros2_ws/build/Darknet/CMakeFiles/darknet.dir/DependInfo.cmake "--color="
[0.391s] make[2]: Entering directory '/home/hansol/ros2_ws/build/Darknet'
[0.393s] cd /home/hansol/ros2_ws/build/Darknet && /usr/local/bin/cmake -E cmake_depends "Unix Makefiles" /home/hansol/ros2_ws/src/darknet_ros/darknet /home/hansol/ros2_ws/src/darknet_ros/darknet /home/hansol/ros2_ws/build/Darknet /home/hansol/ros2_ws/build/Darknet /home/hansol/ros2_ws/build/Darknet/CMakeFiles/dark.dir/DependInfo.cmake "--color="
[0.396s] make[2]: Leaving directory '/home/hansol/ros2_ws/build/Darknet'
[0.397s] /usr/bin/make  -f CMakeFiles/darknet.dir/build.make CMakeFiles/darknet.dir/build
[0.484s] make[2]: Leaving directory '/home/hansol/ros2_ws/build/Darknet'
[0.492s] /usr/bin/make  -f CMakeFiles/dark.dir/build.make CMakeFiles/dark.dir/build
[0.571s] make[2]: Entering directory '/home/hansol/ros2_ws/build/Darknet'
[0.577s] make[2]: Nothing to be done for 'CMakeFiles/darknet.dir/build'.
[0.579s] make[2]: Leaving directory '/home/hansol/ros2_ws/build/Darknet'
[0.600s] make[2]: Entering directory '/home/hansol/ros2_ws/build/Darknet'
[0.601s] make[2]: Nothing to be done for 'CMakeFiles/dark.dir/build'.
[0.602s] make[2]: Leaving directory '/home/hansol/ros2_ws/build/Darknet'
[0.608s] [ 48%] Built target darknet
[0.632s] [ 97%] Built target dark
[0.638s] /usr/bin/make  -f CMakeFiles/uselib_track.dir/build.make CMakeFiles/uselib_track.dir/depend
[0.641s] /usr/bin/make  -f CMakeFiles/uselib.dir/build.make CMakeFiles/uselib.dir/depend
[0.652s] make[2]: Entering directory '/home/hansol/ros2_ws/build/Darknet'
[0.654s] make[2]: Entering directory '/home/hansol/ros2_ws/build/Darknet'
[0.656s] cd /home/hansol/ros2_ws/build/Darknet && /usr/local/bin/cmake -E cmake_depends "Unix Makefiles" /home/hansol/ros2_ws/src/darknet_ros/darknet /home/hansol/ros2_ws/src/darknet_ros/darknet /home/hansol/ros2_ws/build/Darknet /home/hansol/ros2_ws/build/Darknet /home/hansol/ros2_ws/build/Darknet/CMakeFiles/uselib_track.dir/DependInfo.cmake "--color="
[0.657s] cd /home/hansol/ros2_ws/build/Darknet && /usr/local/bin/cmake -E cmake_depends "Unix Makefiles" /home/hansol/ros2_ws/src/darknet_ros/darknet /home/hansol/ros2_ws/src/darknet_ros/darknet /home/hansol/ros2_ws/build/Darknet /home/hansol/ros2_ws/build/Darknet /home/hansol/ros2_ws/build/Darknet/CMakeFiles/uselib.dir/DependInfo.cmake "--color="
[0.677s] make[2]: Leaving directory '/home/hansol/ros2_ws/build/Darknet'
[0.680s] /usr/bin/make  -f CMakeFiles/uselib_track.dir/build.make CMakeFiles/uselib_track.dir/build
[0.683s] make[2]: Leaving directory '/home/hansol/ros2_ws/build/Darknet'
[0.684s] /usr/bin/make  -f CMakeFiles/uselib.dir/build.make CMakeFiles/uselib.dir/build
[0.700s] make[2]: Entering directory '/home/hansol/ros2_ws/build/Darknet'
[0.702s] make[2]: Entering directory '/home/hansol/ros2_ws/build/Darknet'
[0.703s] make[2]: Nothing to be done for 'CMakeFiles/uselib_track.dir/build'.
[0.704s] make[2]: Nothing to be done for 'CMakeFiles/uselib.dir/build'.
[0.705s] make[2]: Leaving directory '/home/hansol/ros2_ws/build/Darknet'
[0.706s] make[2]: Leaving directory '/home/hansol/ros2_ws/build/Darknet'
[0.722s] [ 98%] Built target uselib
[0.737s] [100%] Built target uselib_track
[0.742s] make[1]: Leaving directory '/home/hansol/ros2_ws/build/Darknet'
[0.744s] /usr/local/bin/cmake -E cmake_progress_start /home/hansol/ros2_ws/build/Darknet/CMakeFiles 0
[0.769s] 
[0.777s] Invoked command in '/home/hansol/ros2_ws/build/Darknet' returned '0': /usr/local/bin/cmake --build /home/hansol/ros2_ws/build/Darknet -- -j4 -l4
[2.190s] Invoking command in '/home/hansol/ros2_ws/build/Darknet': /usr/local/bin/cmake --install /home/hansol/ros2_ws/build/Darknet
[2.227s] -- Install configuration: "Release"
[2.230s] -- Up-to-date: /home/hansol/ros2_ws/src/darknet_ros/darknet/libdarknet.so
[2.237s] -- Up-to-date: /home/hansol/ros2_ws/install/Darknet/include/darknet/darknet.h
[2.239s] -- Up-to-date: /home/hansol/ros2_ws/install/Darknet/include/darknet/yolo_v2_class.hpp
[2.240s] -- Up-to-date: /home/hansol/ros2_ws/src/darknet_ros/darknet/uselib
[2.241s] -- Up-to-date: /home/hansol/ros2_ws/src/darknet_ros/darknet/darknet
[2.245s] -- Up-to-date: /home/hansol/ros2_ws/src/darknet_ros/darknet/uselib_track
[2.255s] -- Up-to-date: /home/hansol/ros2_ws/install/Darknet/share/darknet/DarknetTargets.cmake
[2.258s] -- Up-to-date: /home/hansol/ros2_ws/install/Darknet/share/darknet/DarknetTargets-release.cmake
[2.262s] -- Up-to-date: /home/hansol/ros2_ws/install/Darknet/share/darknet/DarknetConfig.cmake
[2.263s] -- Up-to-date: /home/hansol/ros2_ws/install/Darknet/share/darknet/DarknetConfigVersion.cmake
[2.265s] Invoked command in '/home/hansol/ros2_ws/build/Darknet' returned '0': /usr/local/bin/cmake --install /home/hansol/ros2_ws/build/Darknet
