[0.139s] Invoking command in '/home/hansol/ros2_ws/build/Darknet': /usr/local/bin/cmake --build /home/hansol/ros2_ws/build/Darknet -- -j4 -l4
[0.156s] Change Dir: '/home/hansol/ros2_ws/build/Darknet'
[0.157s] 
[0.157s] Run Build Command(s): /usr/local/bin/cmake -E env VERBOSE=1 /usr/bin/make -f Makefile -j4 -l4
[0.183s] /usr/local/bin/cmake -S/home/hansol/ros2_ws/src/darknet_ros/darknet -B/home/hansol/ros2_ws/build/Darknet --check-build-system CMakeFiles/Makefile.cmake 0
[0.206s] /usr/local/bin/cmake -E cmake_progress_start /home/hansol/ros2_ws/build/Darknet/CMakeFiles /home/hansol/ros2_ws/build/Darknet//CMakeFiles/progress.marks
[0.232s] /usr/bin/make  -f CMakeFiles/Makefile2 all
[0.251s] make[1]: Entering directory '/home/hansol/ros2_ws/build/Darknet'
[0.261s] /usr/bin/make  -f CMakeFiles/dark.dir/build.make CMakeFiles/dark.dir/depend
[0.266s] /usr/bin/make  -f CMakeFiles/darknet.dir/build.make CMakeFiles/darknet.dir/depend
[0.329s] make[2]: Entering directory '/home/hansol/ros2_ws/build/Darknet'
[0.333s] cd /home/hansol/ros2_ws/build/Darknet && /usr/local/bin/cmake -E cmake_depends "Unix Makefiles" /home/hansol/ros2_ws/src/darknet_ros/darknet /home/hansol/ros2_ws/src/darknet_ros/darknet /home/hansol/ros2_ws/build/Darknet /home/hansol/ros2_ws/build/Darknet /home/hansol/ros2_ws/build/Darknet/CMakeFiles/dark.dir/DependInfo.cmake "--color="
[0.352s] make[2]: Entering directory '/home/hansol/ros2_ws/build/Darknet'
[0.355s] cd /home/hansol/ros2_ws/build/Darknet && /usr/local/bin/cmake -E cmake_depends "Unix Makefiles" /home/hansol/ros2_ws/src/darknet_ros/darknet /home/hansol/ros2_ws/src/darknet_ros/darknet /home/hansol/ros2_ws/build/Darknet /home/hansol/ros2_ws/build/Darknet /home/hansol/ros2_ws/build/Darknet/CMakeFiles/darknet.dir/DependInfo.cmake "--color="
[0.403s] make[2]: Leaving directory '/home/hansol/ros2_ws/build/Darknet'
[0.405s] /usr/bin/make  -f CMakeFiles/dark.dir/build.make CMakeFiles/dark.dir/build
[0.453s] make[2]: Leaving directory '/home/hansol/ros2_ws/build/Darknet'
[0.458s] /usr/bin/make  -f CMakeFiles/darknet.dir/build.make CMakeFiles/darknet.dir/build
[0.493s] make[2]: Entering directory '/home/hansol/ros2_ws/build/Darknet'
[0.494s] make[2]: Nothing to be done for 'CMakeFiles/dark.dir/build'.
[0.495s] make[2]: Leaving directory '/home/hansol/ros2_ws/build/Darknet'
[0.543s] make[2]: Entering directory '/home/hansol/ros2_ws/build/Darknet'
[0.544s] make[2]: Nothing to be done for 'CMakeFiles/darknet.dir/build'.
[0.544s] make[2]: Leaving directory '/home/hansol/ros2_ws/build/Darknet'
[0.557s] [ 49%] Built target dark
[0.561s] /usr/bin/make  -f CMakeFiles/uselib_track.dir/build.make CMakeFiles/uselib_track.dir/depend
[0.565s] /usr/bin/make  -f CMakeFiles/uselib.dir/build.make CMakeFiles/uselib.dir/depend
[0.567s] [ 97%] Built target darknet
[0.573s] make[2]: Entering directory '/home/hansol/ros2_ws/build/Darknet'
[0.573s] cd /home/hansol/ros2_ws/build/Darknet && /usr/local/bin/cmake -E cmake_depends "Unix Makefiles" /home/hansol/ros2_ws/src/darknet_ros/darknet /home/hansol/ros2_ws/src/darknet_ros/darknet /home/hansol/ros2_ws/build/Darknet /home/hansol/ros2_ws/build/Darknet /home/hansol/ros2_ws/build/Darknet/CMakeFiles/uselib_track.dir/DependInfo.cmake "--color="
[0.582s] make[2]: Entering directory '/home/hansol/ros2_ws/build/Darknet'
[0.583s] cd /home/hansol/ros2_ws/build/Darknet && /usr/local/bin/cmake -E cmake_depends "Unix Makefiles" /home/hansol/ros2_ws/src/darknet_ros/darknet /home/hansol/ros2_ws/src/darknet_ros/darknet /home/hansol/ros2_ws/build/Darknet /home/hansol/ros2_ws/build/Darknet /home/hansol/ros2_ws/build/Darknet/CMakeFiles/uselib.dir/DependInfo.cmake "--color="
[0.601s] make[2]: Leaving directory '/home/hansol/ros2_ws/build/Darknet'
[0.602s] /usr/bin/make  -f CMakeFiles/uselib_track.dir/build.make CMakeFiles/uselib_track.dir/build
[0.616s] make[2]: Entering directory '/home/hansol/ros2_ws/build/Darknet'
[0.618s] make[2]: Leaving directory '/home/hansol/ros2_ws/build/Darknet'
[0.619s] /usr/bin/make  -f CMakeFiles/uselib.dir/build.make CMakeFiles/uselib.dir/build
[0.621s] make[2]: Nothing to be done for 'CMakeFiles/uselib_track.dir/build'.
[0.623s] make[2]: Leaving directory '/home/hansol/ros2_ws/build/Darknet'
[0.633s] make[2]: Entering directory '/home/hansol/ros2_ws/build/Darknet'
[0.636s] make[2]: Nothing to be done for 'CMakeFiles/uselib.dir/build'.
[0.638s] make[2]: Leaving directory '/home/hansol/ros2_ws/build/Darknet'
[0.644s] [ 99%] Built target uselib_track
[0.660s] [100%] Built target uselib
[0.664s] make[1]: Leaving directory '/home/hansol/ros2_ws/build/Darknet'
[0.665s] /usr/local/bin/cmake -E cmake_progress_start /home/hansol/ros2_ws/build/Darknet/CMakeFiles 0
[0.692s] 
[0.701s] Invoked command in '/home/hansol/ros2_ws/build/Darknet' returned '0': /usr/local/bin/cmake --build /home/hansol/ros2_ws/build/Darknet -- -j4 -l4
[1.871s] Invoking command in '/home/hansol/ros2_ws/build/Darknet': /usr/local/bin/cmake --install /home/hansol/ros2_ws/build/Darknet
[1.909s] -- Install configuration: "Release"
[1.910s] -- Up-to-date: /home/hansol/ros2_ws/src/darknet_ros/darknet/libdarknet.so
[1.912s] -- Up-to-date: /home/hansol/ros2_ws/install/Darknet/include/darknet/darknet.h
[1.913s] -- Up-to-date: /home/hansol/ros2_ws/install/Darknet/include/darknet/yolo_v2_class.hpp
[1.914s] -- Up-to-date: /home/hansol/ros2_ws/src/darknet_ros/darknet/uselib
[1.915s] -- Up-to-date: /home/hansol/ros2_ws/src/darknet_ros/darknet/darknet
[1.916s] -- Up-to-date: /home/hansol/ros2_ws/src/darknet_ros/darknet/uselib_track
[1.917s] -- Up-to-date: /home/hansol/ros2_ws/install/Darknet/share/darknet/DarknetTargets.cmake
[1.918s] -- Up-to-date: /home/hansol/ros2_ws/install/Darknet/share/darknet/DarknetTargets-release.cmake
[1.919s] -- Up-to-date: /home/hansol/ros2_ws/install/Darknet/share/darknet/DarknetConfig.cmake
[1.920s] -- Up-to-date: /home/hansol/ros2_ws/install/Darknet/share/darknet/DarknetConfigVersion.cmake
[2.038s] Invoked command in '/home/hansol/ros2_ws/build/Darknet' returned '0': /usr/local/bin/cmake --install /home/hansol/ros2_ws/build/Darknet
