[0.150s] Invoking command in '/home/hansol/ros2_ws/build/darknet_ros_msgs': CMAKE_PREFIX_PATH=${CMAKE_PREFIX_PATH}:/opt/ros/dashing /usr/local/bin/cmake --build /home/hansol/ros2_ws/build/darknet_ros_msgs -- -j4 -l4
[0.335s] [  1%] Built target darknet_ros_msgs__cpp
[0.345s] [ 13%] Built target darknet_ros_msgs__rosidl_generator_c
[0.479s] [ 24%] Built target darknet_ros_msgs__rosidl_typesupport_introspection_c
[0.498s] [ 35%] Built target darknet_ros_msgs__rosidl_typesupport_fastrtps_cpp
[0.539s] [ 47%] Built target darknet_ros_msgs__rosidl_typesupport_introspection_cpp
[0.648s] [ 58%] Built target darknet_ros_msgs__rosidl_typesupport_fastrtps_c
[0.655s] [ 69%] Built target darknet_ros_msgs__rosidl_typesupport_cpp
[0.742s] [ 81%] Built target darknet_ros_msgs__rosidl_typesupport_c
[0.808s] [ 81%] Built target darknet_ros_msgs
[0.881s] [ 83%] Built target darknet_ros_msgs__py
[0.944s] [ 92%] Built target darknet_ros_msgs__python
[1.021s] [100%] Built target darknet_ros_msgs__rosidl_typesupport_c__pyext
[1.042s] [100%] Built target darknet_ros_msgs__rosidl_typesupport_fastrtps_c__pyext
[1.086s] Invoked command in '/home/hansol/ros2_ws/build/darknet_ros_msgs' returned '0': CMAKE_PREFIX_PATH=${CMAKE_PREFIX_PATH}:/opt/ros/dashing /usr/local/bin/cmake --build /home/hansol/ros2_ws/build/darknet_ros_msgs -- -j4 -l4
[1.648s] Invoking command in '/home/hansol/ros2_ws/build/darknet_ros_msgs': CMAKE_PREFIX_PATH=${CMAKE_PREFIX_PATH}:/opt/ros/dashing /usr/local/bin/cmake --install /home/hansol/ros2_ws/build/darknet_ros_msgs
[1.692s] -- Install configuration: ""
[1.694s] -- Execute custom install script
[1.697s] -- Up-to-date symlink: /home/hansol/ros2_ws/install/darknet_ros_msgs/share/ament_index/resource_index/rosidl_interfaces/darknet_ros_msgs
[1.701s] -- Up-to-date symlink: /home/hansol/ros2_ws/install/darknet_ros_msgs/include/darknet_ros_msgs/action/check_for_objects.hpp
[1.702s] -- Up-to-date symlink: /home/hansol/ros2_ws/install/darknet_ros_msgs/include/darknet_ros_msgs/action/check_for_objects__struct.hpp
[1.708s] -- Up-to-date symlink: /home/hansol/ros2_ws/install/darknet_ros_msgs/include/darknet_ros_msgs/action/check_for_objects__traits.hpp
[1.711s] -- Up-to-date symlink: /home/hansol/ros2_ws/install/darknet_ros_msgs/include/darknet_ros_msgs/msg/bounding_box.hpp
[1.715s] -- Up-to-date symlink: /home/hansol/ros2_ws/install/darknet_ros_msgs/include/darknet_ros_msgs/msg/bounding_box__struct.hpp
[1.719s] -- Up-to-date symlink: /home/hansol/ros2_ws/install/darknet_ros_msgs/include/darknet_ros_msgs/msg/bounding_box__traits.hpp
[1.726s] -- Up-to-date symlink: /home/hansol/ros2_ws/install/darknet_ros_msgs/include/darknet_ros_msgs/msg/bounding_boxes.hpp
[1.727s] -- Up-to-date symlink: /home/hansol/ros2_ws/install/darknet_ros_msgs/include/darknet_ros_msgs/msg/bounding_boxes__struct.hpp
[1.731s] -- Up-to-date symlink: /home/hansol/ros2_ws/install/darknet_ros_msgs/include/darknet_ros_msgs/msg/bounding_boxes__traits.hpp
[1.736s] -- Up-to-date symlink: /home/hansol/ros2_ws/install/darknet_ros_msgs/include/darknet_ros_msgs/msg/object_count.hpp
[1.739s] -- Up-to-date symlink: /home/hansol/ros2_ws/install/darknet_ros_msgs/include/darknet_ros_msgs/msg/object_count__struct.hpp
[1.741s] -- Up-to-date symlink: /home/hansol/ros2_ws/install/darknet_ros_msgs/include/darknet_ros_msgs/msg/object_count__traits.hpp
[1.742s] -- Up-to-date symlink: /home/hansol/ros2_ws/install/darknet_ros_msgs/include/darknet_ros_msgs/action/check_for_objects.h
[1.746s] -- Up-to-date symlink: /home/hansol/ros2_ws/install/darknet_ros_msgs/include/darknet_ros_msgs/action/check_for_objects__functions.h
[1.748s] -- Up-to-date symlink: /home/hansol/ros2_ws/install/darknet_ros_msgs/include/darknet_ros_msgs/action/check_for_objects__struct.h
[1.755s] -- Up-to-date symlink: /home/hansol/ros2_ws/install/darknet_ros_msgs/include/darknet_ros_msgs/action/check_for_objects__type_support.h
[1.759s] -- Up-to-date symlink: /home/hansol/ros2_ws/install/darknet_ros_msgs/include/darknet_ros_msgs/msg/bounding_box.h
[1.760s] -- Up-to-date symlink: /home/hansol/ros2_ws/install/darknet_ros_msgs/include/darknet_ros_msgs/msg/bounding_box__functions.h
[1.764s] -- Up-to-date symlink: /home/hansol/ros2_ws/install/darknet_ros_msgs/include/darknet_ros_msgs/msg/bounding_box__struct.h
[1.769s] -- Up-to-date symlink: /home/hansol/ros2_ws/install/darknet_ros_msgs/include/darknet_ros_msgs/msg/bounding_box__type_support.h
[1.771s] -- Up-to-date symlink: /home/hansol/ros2_ws/install/darknet_ros_msgs/include/darknet_ros_msgs/msg/bounding_boxes.h
[1.772s] -- Up-to-date symlink: /home/hansol/ros2_ws/install/darknet_ros_msgs/include/darknet_ros_msgs/msg/bounding_boxes__functions.h
[1.775s] -- Up-to-date symlink: /home/hansol/ros2_ws/install/darknet_ros_msgs/include/darknet_ros_msgs/msg/bounding_boxes__struct.h
[1.778s] -- Up-to-date symlink: /home/hansol/ros2_ws/install/darknet_ros_msgs/include/darknet_ros_msgs/msg/bounding_boxes__type_support.h
[1.784s] -- Up-to-date symlink: /home/hansol/ros2_ws/install/darknet_ros_msgs/include/darknet_ros_msgs/msg/object_count.h
[1.787s] -- Up-to-date symlink: /home/hansol/ros2_ws/install/darknet_ros_msgs/include/darknet_ros_msgs/msg/object_count__functions.h
[1.791s] -- Up-to-date symlink: /home/hansol/ros2_ws/install/darknet_ros_msgs/include/darknet_ros_msgs/msg/object_count__struct.h
[1.792s] -- Up-to-date symlink: /home/hansol/ros2_ws/install/darknet_ros_msgs/include/darknet_ros_msgs/msg/object_count__type_support.h
[1.795s] -- Up-to-date symlink: /home/hansol/ros2_ws/install/darknet_ros_msgs/include/darknet_ros_msgs/msg/rosidl_generator_c__visibility_control.h
[1.796s] -- Up-to-date symlink: /home/hansol/ros2_ws/install/darknet_ros_msgs/share/darknet_ros_msgs/environment/library_path.sh
[1.797s] -- Up-to-date symlink: /home/hansol/ros2_ws/install/darknet_ros_msgs/lib/libdarknet_ros_msgs__rosidl_generator_c.so
[1.798s] -- Up-to-date symlink: /home/hansol/ros2_ws/install/darknet_ros_msgs/lib/libdarknet_ros_msgs__rosidl_typesupport_c.so
[1.799s] -- Up-to-date symlink: /home/hansol/ros2_ws/install/darknet_ros_msgs/lib/libdarknet_ros_msgs__rosidl_typesupport_cpp.so
[1.800s] -- Up-to-date symlink: /home/hansol/ros2_ws/install/darknet_ros_msgs/include/darknet_ros_msgs/action/check_for_objects__rosidl_typesupport_introspection_c.h
[1.800s] -- Up-to-date symlink: /home/hansol/ros2_ws/install/darknet_ros_msgs/include/darknet_ros_msgs/msg/bounding_box__rosidl_typesupport_introspection_c.h
[1.802s] -- Up-to-date symlink: /home/hansol/ros2_ws/install/darknet_ros_msgs/include/darknet_ros_msgs/msg/bounding_boxes__rosidl_typesupport_introspection_c.h
[1.803s] -- Up-to-date symlink: /home/hansol/ros2_ws/install/darknet_ros_msgs/include/darknet_ros_msgs/msg/object_count__rosidl_typesupport_introspection_c.h
[1.804s] -- Up-to-date symlink: /home/hansol/ros2_ws/install/darknet_ros_msgs/include/darknet_ros_msgs/msg/rosidl_typesupport_introspection_c__visibility_control.h
[1.809s] -- Up-to-date symlink: /home/hansol/ros2_ws/install/darknet_ros_msgs/lib/libdarknet_ros_msgs__rosidl_typesupport_introspection_c.so
[1.812s] -- Up-to-date symlink: /home/hansol/ros2_ws/install/darknet_ros_msgs/include/darknet_ros_msgs/action/check_for_objects__rosidl_typesupport_introspection_cpp.hpp
[1.814s] -- Up-to-date symlink: /home/hansol/ros2_ws/install/darknet_ros_msgs/include/darknet_ros_msgs/msg/bounding_box__rosidl_typesupport_introspection_cpp.hpp
[1.816s] -- Up-to-date symlink: /home/hansol/ros2_ws/install/darknet_ros_msgs/include/darknet_ros_msgs/msg/bounding_boxes__rosidl_typesupport_introspection_cpp.hpp
[1.817s] -- Up-to-date symlink: /home/hansol/ros2_ws/install/darknet_ros_msgs/include/darknet_ros_msgs/msg/object_count__rosidl_typesupport_introspection_cpp.hpp
[1.819s] -- Up-to-date symlink: /home/hansol/ros2_ws/install/darknet_ros_msgs/lib/libdarknet_ros_msgs__rosidl_typesupport_introspection_cpp.so
[1.823s] -- Up-to-date symlink: /home/hansol/ros2_ws/install/darknet_ros_msgs/include/darknet_ros_msgs/action/check_for_objects__rosidl_typesupport_fastrtps_c.h
[1.824s] -- Up-to-date symlink: /home/hansol/ros2_ws/install/darknet_ros_msgs/include/darknet_ros_msgs/msg/bounding_box__rosidl_typesupport_fastrtps_c.h
[1.825s] -- Up-to-date symlink: /home/hansol/ros2_ws/install/darknet_ros_msgs/include/darknet_ros_msgs/msg/bounding_boxes__rosidl_typesupport_fastrtps_c.h
[1.826s] -- Up-to-date symlink: /home/hansol/ros2_ws/install/darknet_ros_msgs/include/darknet_ros_msgs/msg/object_count__rosidl_typesupport_fastrtps_c.h
[1.827s] -- Up-to-date symlink: /home/hansol/ros2_ws/install/darknet_ros_msgs/include/darknet_ros_msgs/msg/rosidl_typesupport_fastrtps_c__visibility_control.h
[1.828s] -- Up-to-date symlink: /home/hansol/ros2_ws/install/darknet_ros_msgs/lib/libdarknet_ros_msgs__rosidl_typesupport_fastrtps_c.so
[1.829s] -- Up-to-date symlink: /home/hansol/ros2_ws/install/darknet_ros_msgs/include/darknet_ros_msgs/action/check_for_objects__rosidl_typesupport_fastrtps_cpp.hpp
[1.836s] -- Up-to-date symlink: /home/hansol/ros2_ws/install/darknet_ros_msgs/include/darknet_ros_msgs/msg/bounding_box__rosidl_typesupport_fastrtps_cpp.hpp
[1.837s] -- Up-to-date symlink: /home/hansol/ros2_ws/install/darknet_ros_msgs/include/darknet_ros_msgs/msg/bounding_boxes__rosidl_typesupport_fastrtps_cpp.hpp
[1.840s] -- Up-to-date symlink: /home/hansol/ros2_ws/install/darknet_ros_msgs/include/darknet_ros_msgs/msg/object_count__rosidl_typesupport_fastrtps_cpp.hpp
[1.842s] -- Up-to-date symlink: /home/hansol/ros2_ws/install/darknet_ros_msgs/include/darknet_ros_msgs/msg/rosidl_typesupport_fastrtps_cpp__visibility_control.h
[1.843s] -- Up-to-date symlink: /home/hansol/ros2_ws/install/darknet_ros_msgs/lib/libdarknet_ros_msgs__rosidl_typesupport_fastrtps_cpp.so
[1.844s] -- Up-to-date symlink: /home/hansol/ros2_ws/install/darknet_ros_msgs/share/darknet_ros_msgs/environment/pythonpath.sh
[1.845s] -- Up-to-date symlink: /home/hansol/ros2_ws/install/darknet_ros_msgs/lib/python3.6/site-packages/darknet_ros_msgs/__init__.py
[1.846s] -- Up-to-date symlink: /home/hansol/ros2_ws/install/darknet_ros_msgs/lib/python3.6/site-packages/darknet_ros_msgs/msg/__init__.py
[1.847s] -- Up-to-date symlink: /home/hansol/ros2_ws/install/darknet_ros_msgs/lib/python3.6/site-packages/darknet_ros_msgs/msg/_bounding_box.py
[1.849s] -- Up-to-date symlink: /home/hansol/ros2_ws/install/darknet_ros_msgs/lib/python3.6/site-packages/darknet_ros_msgs/msg/_bounding_boxes.py
[1.872s] -- Up-to-date symlink: /home/hansol/ros2_ws/install/darknet_ros_msgs/lib/python3.6/site-packages/darknet_ros_msgs/msg/_object_count.py
[1.873s] -- Up-to-date symlink: /home/hansol/ros2_ws/install/darknet_ros_msgs/lib/python3.6/site-packages/darknet_ros_msgs/action/__init__.py
[1.874s] -- Up-to-date symlink: /home/hansol/ros2_ws/install/darknet_ros_msgs/lib/python3.6/site-packages/darknet_ros_msgs/action/_check_for_objects.py
[1.875s] -- Up-to-date symlink: /home/hansol/ros2_ws/install/darknet_ros_msgs/lib/python3.6/site-packages/darknet_ros_msgs/darknet_ros_msgs_s__rosidl_typesupport_c.cpython-36m-aarch64-linux-gnu.so
[1.876s] -- Up-to-date symlink: /home/hansol/ros2_ws/install/darknet_ros_msgs/lib/python3.6/site-packages/darknet_ros_msgs/darknet_ros_msgs_s__rosidl_typesupport_fastrtps_c.cpython-36m-aarch64-linux-gnu.so
[1.877s] -- Up-to-date symlink: /home/hansol/ros2_ws/install/darknet_ros_msgs/lib/libdarknet_ros_msgs__python.so
[1.878s] -- Up-to-date symlink: /home/hansol/ros2_ws/install/darknet_ros_msgs/share/darknet_ros_msgs/msg/BoundingBox.idl
[1.879s] -- Up-to-date symlink: /home/hansol/ros2_ws/install/darknet_ros_msgs/share/darknet_ros_msgs/msg/BoundingBoxes.idl
[1.880s] -- Up-to-date symlink: /home/hansol/ros2_ws/install/darknet_ros_msgs/share/darknet_ros_msgs/msg/ObjectCount.idl
[1.880s] -- Up-to-date symlink: /home/hansol/ros2_ws/install/darknet_ros_msgs/share/darknet_ros_msgs/action/CheckForObjects.idl
[1.881s] -- Up-to-date symlink: /home/hansol/ros2_ws/install/darknet_ros_msgs/share/darknet_ros_msgs/msg/BoundingBox.msg
[1.882s] -- Up-to-date symlink: /home/hansol/ros2_ws/install/darknet_ros_msgs/share/darknet_ros_msgs/msg/BoundingBoxes.msg
[1.883s] -- Up-to-date symlink: /home/hansol/ros2_ws/install/darknet_ros_msgs/share/darknet_ros_msgs/msg/ObjectCount.msg
[1.883s] -- Up-to-date symlink: /home/hansol/ros2_ws/install/darknet_ros_msgs/share/darknet_ros_msgs/action/CheckForObjects.action
[1.884s] -- Up-to-date symlink: /home/hansol/ros2_ws/install/darknet_ros_msgs/share/ament_index/resource_index/package_run_dependencies/darknet_ros_msgs
[1.885s] -- Up-to-date symlink: /home/hansol/ros2_ws/install/darknet_ros_msgs/share/ament_index/resource_index/parent_prefix_path/darknet_ros_msgs
[1.886s] -- Up-to-date symlink: /home/hansol/ros2_ws/install/darknet_ros_msgs/share/darknet_ros_msgs/environment/ament_prefix_path.sh
[1.891s] -- Up-to-date symlink: /home/hansol/ros2_ws/install/darknet_ros_msgs/share/darknet_ros_msgs/environment/path.sh
[1.892s] -- Up-to-date symlink: /home/hansol/ros2_ws/install/darknet_ros_msgs/share/darknet_ros_msgs/local_setup.bash
[1.893s] -- Up-to-date symlink: /home/hansol/ros2_ws/install/darknet_ros_msgs/share/darknet_ros_msgs/local_setup.sh
[1.894s] -- Up-to-date symlink: /home/hansol/ros2_ws/install/darknet_ros_msgs/share/darknet_ros_msgs/local_setup.zsh
[1.894s] -- Up-to-date symlink: /home/hansol/ros2_ws/install/darknet_ros_msgs/share/ament_index/resource_index/packages/darknet_ros_msgs
[1.895s] -- Up-to-date symlink: /home/hansol/ros2_ws/install/darknet_ros_msgs/share/darknet_ros_msgs/cmake/rosidl_cmake-extras.cmake
[1.896s] -- Up-to-date symlink: /home/hansol/ros2_ws/install/darknet_ros_msgs/share/darknet_ros_msgs/cmake/ament_cmake_export_dependencies-extras.cmake
[1.897s] -- Up-to-date symlink: /home/hansol/ros2_ws/install/darknet_ros_msgs/share/darknet_ros_msgs/cmake/ament_cmake_export_include_directories-extras.cmake
[1.898s] -- Up-to-date symlink: /home/hansol/ros2_ws/install/darknet_ros_msgs/share/darknet_ros_msgs/cmake/ament_cmake_export_libraries-extras.cmake
[1.898s] -- Up-to-date symlink: /home/hansol/ros2_ws/install/darknet_ros_msgs/share/darknet_ros_msgs/cmake/darknet_ros_msgsConfig.cmake
[1.899s] -- Up-to-date symlink: /home/hansol/ros2_ws/install/darknet_ros_msgs/share/darknet_ros_msgs/cmake/darknet_ros_msgsConfig-version.cmake
[1.900s] -- Up-to-date symlink: /home/hansol/ros2_ws/install/darknet_ros_msgs/share/darknet_ros_msgs/package.xml
[2.212s] Invoked command in '/home/hansol/ros2_ws/build/darknet_ros_msgs' returned '0': CMAKE_PREFIX_PATH=${CMAKE_PREFIX_PATH}:/opt/ros/dashing /usr/local/bin/cmake --install /home/hansol/ros2_ws/build/darknet_ros_msgs
