[0.096s] Invoking command in '/home/hansol/ros2_ws/build/darknet_ros': CMAKE_PREFIX_PATH=/home/hansol/ros2_ws/install/darknet_ros_msgs:/home/hansol/ros2_ws/install/realsense_ros2_camera:/home/hansol/ros2_ws/install/realsense_camera_msgs:/home/hansol/ros2_ws/install/darknet_ros:/home/hansol/ros2_ws/install/Darknet:/opt/ros/dashing LD_LIBRARY_PATH=/home/hansol/ros2_ws/install/darknet_ros_msgs/lib:/home/hansol/ros2_ws/install/realsense_camera_msgs/lib:/home/hansol/ros2_ws/install/darknet_ros/lib:/opt/ros/dashing/lib:/usr/local/cuda-10.2/lib64 PYTHONPATH=/home/hansol/ros2_ws/install/darknet_ros_msgs/lib/python3.6/site-packages:/home/hansol/ros2_ws/install/realsense_camera_msgs/lib/python3.6/site-packages:/opt/ros/dashing/lib/python3.6/site-packages /usr/local/bin/cmake --build /home/hansol/ros2_ws/build/darknet_ros -- -j4 -l4
[0.551s] [  1%] [32mBuilding CXX object CMakeFiles/darknet_ros_lib.dir/src/YoloObjectDetector.cpp.o[0m
[9.147s] In file included from [01m[K/usr/include/c++/7/ext/alloc_traits.h:36:0[m[K,
[9.147s]                  from [01m[K/usr/include/c++/7/bits/basic_string.h:40[m[K,
[9.148s]                  from [01m[K/usr/include/c++/7/string:52[m[K,
[9.149s]                  from [01m[K/home/hansol/ros2_ws/src/darknet_ros/darknet_ros/include/darknet_ros/YoloObjectDetector.hpp:13[m[K,
[9.149s]                  from [01m[K/home/hansol/ros2_ws/src/darknet_ros/darknet_ros/src/YoloObjectDetector.cpp:10[m[K:
[9.150s] /usr/include/c++/7/bits/alloc_traits.h: In instantiation of ‘[01m[Kstruct std::allocator_traits<std::allocator<const std::shared_ptr<const sensor_msgs::msg::CompressedImage_<std::allocator<void> > >&> >[m[K’:
[9.150s] [01m[K/opt/ros/dashing/include/rclcpp/message_memory_strategy.hpp:46:67:[m[K   required from ‘[01m[Kclass rclcpp::message_memory_strategy::MessageMemoryStrategy<const std::shared_ptr<const sensor_msgs::msg::CompressedImage_<std::allocator<void> > >&, std::allocator<void> >[m[K’
[9.151s] [01m[K/opt/ros/dashing/include/rclcpp/node_impl.hpp:115:1:[m[K   required by substitution of ‘[01m[Ktemplate<class MessageT, class CallbackT, class AllocatorT, class SubscriptionT> std::shared_ptr<SubscriptionT> rclcpp::Node::create_subscription(const string&, const rclcpp::QoS&, CallbackT&&, const rclcpp::SubscriptionOptionsWithAllocator<AllocatorT>&, typename rclcpp::message_memory_strategy::MessageMemoryStrategy<typename rclcpp::subscription_traits::has_message_type<CallbackT>::type, AllocatorT>::SharedPtr) [with MessageT = sensor_msgs::msg::CompressedImage_<std::allocator<void> >; CallbackT = std::_Bind<void (darknet_ros::YoloObjectDetector::*(darknet_ros::YoloObjectDetector*, std::_Placeholder<1>))(const std::shared_ptr<const sensor_msgs::msg::CompressedImage_<std::allocator<void> > >&)>; AllocatorT = std::allocator<void>; SubscriptionT = rclcpp::Subscription<const std::shared_ptr<const sensor_msgs::msg::CompressedImage_<std::allocator<void> > >&, std::allocator<void> >][m[K’
[9.152s] [01m[K/home/hansol/ros2_ws/src/darknet_ros/darknet_ros/src/YoloObjectDetector.cpp:188:104:[m[K   required from here
[9.152s] [01m[K/usr/include/c++/7/bits/alloc_traits.h:392:27:[m[K [01;31m[Kerror: [m[Kforming pointer to reference type ‘[01m[Kconst std::shared_ptr<const sensor_msgs::msg::CompressedImage_<std::allocator<void> > >&[m[K’
[9.153s]        using pointer = _Tp*[01;31m[K;[m[K
[9.153s]                            [01;31m[K^[m[K
[9.154s] [01m[K/usr/include/c++/7/bits/alloc_traits.h:395:39:[m[K [01;31m[Kerror: [m[Kforming pointer to reference type ‘[01m[Kconst std::shared_ptr<const sensor_msgs::msg::CompressedImage_<std::allocator<void> > >&[m[K’
[9.155s]        using const_pointer = const _Tp*[01;31m[K;[m[K
[9.155s]                                        [01;31m[K^[m[K
[9.160s] In file included from [01m[K/usr/include/c++/7/memory:80:0[m[K,
[9.161s]                  from [01m[K/usr/include/c++/7/thread:39[m[K,
[9.162s]                  from [01m[K/home/hansol/ros2_ws/src/darknet_ros/darknet_ros/include/darknet_ros/YoloObjectDetector.hpp:17[m[K,
[9.163s]                  from [01m[K/home/hansol/ros2_ws/src/darknet_ros/darknet_ros/src/YoloObjectDetector.cpp:10[m[K:
[9.163s] /usr/include/c++/7/bits/unique_ptr.h: In instantiation of ‘[01m[Kstruct std::default_delete<const std::shared_ptr<const sensor_msgs::msg::CompressedImage_<std::allocator<void> > >&>[m[K’:
[9.164s] [01m[K/opt/ros/dashing/include/rclcpp/message_memory_strategy.hpp:135:18:[m[K   required from ‘[01m[Kclass rclcpp::message_memory_strategy::MessageMemoryStrategy<const std::shared_ptr<const sensor_msgs::msg::CompressedImage_<std::allocator<void> > >&, std::allocator<void> >[m[K’
[9.165s] [01m[K/opt/ros/dashing/include/rclcpp/node_impl.hpp:115:1:[m[K   required by substitution of ‘[01m[Ktemplate<class MessageT, class CallbackT, class AllocatorT, class SubscriptionT> std::shared_ptr<SubscriptionT> rclcpp::Node::create_subscription(const string&, const rclcpp::QoS&, CallbackT&&, const rclcpp::SubscriptionOptionsWithAllocator<AllocatorT>&, typename rclcpp::message_memory_strategy::MessageMemoryStrategy<typename rclcpp::subscription_traits::has_message_type<CallbackT>::type, AllocatorT>::SharedPtr) [with MessageT = sensor_msgs::msg::CompressedImage_<std::allocator<void> >; CallbackT = std::_Bind<void (darknet_ros::YoloObjectDetector::*(darknet_ros::YoloObjectDetector*, std::_Placeholder<1>))(const std::shared_ptr<const sensor_msgs::msg::CompressedImage_<std::allocator<void> > >&)>; AllocatorT = std::allocator<void>; SubscriptionT = rclcpp::Subscription<const std::shared_ptr<const sensor_msgs::msg::CompressedImage_<std::allocator<void> > >&, std::allocator<void> >][m[K’
[9.165s] [01m[K/home/hansol/ros2_ws/src/darknet_ros/darknet_ros/src/YoloObjectDetector.cpp:188:104:[m[K   required from here
[9.166s] [01m[K/usr/include/c++/7/bits/unique_ptr.h:68:9:[m[K [01;31m[Kerror: [m[Kforming pointer to reference type ‘[01m[Kconst std::shared_ptr<const sensor_msgs::msg::CompressedImage_<std::allocator<void> > >&[m[K’
[9.166s]          [01;31m[Kdefault_delete[m[K(const default_delete<_Up>&) noexcept { }
[9.167s]          [01;31m[K^~~~~~~~~~~~~~[m[K
[9.168s] [01m[K/usr/include/c++/7/bits/unique_ptr.h:72:7:[m[K [01;31m[Kerror: [m[Kforming pointer to reference type ‘[01m[Kconst std::shared_ptr<const sensor_msgs::msg::CompressedImage_<std::allocator<void> > >&[m[K’
[9.169s]        [01;31m[Koperator[m[K()(_Tp* __ptr) const
[9.169s]        [01;31m[K^~~~~~~~[m[K
[9.222s] In file included from [01m[K/opt/ros/dashing/include/rclcpp/subscription_base.hpp:28:0[m[K,
[9.223s]                  from [01m[K/opt/ros/dashing/include/rclcpp/intra_process_manager_impl.hpp:38[m[K,
[9.224s]                  from [01m[K/opt/ros/dashing/include/rclcpp/intra_process_manager.hpp:32[m[K,
[9.224s]                  from [01m[K/opt/ros/dashing/include/rclcpp/publisher.hpp:35[m[K,
[9.225s]                  from [01m[K/opt/ros/dashing/include/rclcpp/callback_group.hpp:24[m[K,
[9.225s]                  from [01m[K/opt/ros/dashing/include/rclcpp/any_executable.hpp:20[m[K,
[9.226s]                  from [01m[K/opt/ros/dashing/include/rclcpp/memory_strategy.hpp:24[m[K,
[9.226s]                  from [01m[K/opt/ros/dashing/include/rclcpp/memory_strategies.hpp:18[m[K,
[9.227s]                  from [01m[K/opt/ros/dashing/include/rclcpp/executor.hpp:33[m[K,
[9.227s]                  from [01m[K/opt/ros/dashing/include/rclcpp/executors/multi_threaded_executor.hpp:24[m[K,
[9.228s]                  from [01m[K/opt/ros/dashing/include/rclcpp/executors.hpp:21[m[K,
[9.229s]                  from [01m[K/opt/ros/dashing/include/rclcpp/rclcpp.hpp:144[m[K,
[9.229s]                  from [01m[K/home/hansol/ros2_ws/src/darknet_ros/darknet_ros/include/darknet_ros/YoloObjectDetector.hpp:25[m[K,
[9.230s]                  from [01m[K/home/hansol/ros2_ws/src/darknet_ros/darknet_ros/src/YoloObjectDetector.cpp:10[m[K:
[9.230s] /opt/ros/dashing/include/rclcpp/any_subscription_callback.hpp: In instantiation of ‘[01m[Kclass rclcpp::AnySubscriptionCallback<const std::shared_ptr<const sensor_msgs::msg::CompressedImage_<std::allocator<void> > >&, std::allocator<void> >[m[K’:
[9.231s] [01m[K/opt/ros/dashing/include/rclcpp/subscription.hpp:275:52:[m[K   required from ‘[01m[Kclass rclcpp::Subscription<const std::shared_ptr<const sensor_msgs::msg::CompressedImage_<std::allocator<void> > >&, std::allocator<void> >[m[K’
[9.232s] [01m[K/usr/include/c++/7/type_traits:1529:45:[m[K   required by substitution of ‘[01m[Ktemplate<class _From1, class _To1, class> static std::true_type std::__is_convertible_helper<rclcpp::Subscription<const std::shared_ptr<const sensor_msgs::msg::CompressedImage_<std::allocator<void> > >&, std::allocator<void> >*, rclcpp::Subscription<sensor_msgs::msg::CompressedImage_<std::allocator<void> > >*, false>::__test<_From1, _To1, <template-parameter-1-3> >(int) [with _From1 = rclcpp::Subscription<const std::shared_ptr<const sensor_msgs::msg::CompressedImage_<std::allocator<void> > >&, std::allocator<void> >*; _To1 = rclcpp::Subscription<sensor_msgs::msg::CompressedImage_<std::allocator<void> > >*; <template-parameter-1-3> = <missing>][m[K’
[9.232s] [01m[K/usr/include/c++/7/type_traits:1538:42:[m[K   required from ‘[01m[Kstruct std::__is_convertible_helper<rclcpp::Subscription<const std::shared_ptr<const sensor_msgs::msg::CompressedImage_<std::allocator<void> > >&, std::allocator<void> >*, rclcpp::Subscription<sensor_msgs::msg::CompressedImage_<std::allocator<void> > >*, false>[m[K’
[9.233s] [01m[K/usr/include/c++/7/type_traits:1544:12:[m[K   required from ‘[01m[Kstruct std::is_convertible<rclcpp::Subscription<const std::shared_ptr<const sensor_msgs::msg::CompressedImage_<std::allocator<void> > >&, std::allocator<void> >*, rclcpp::Subscription<sensor_msgs::msg::CompressedImage_<std::allocator<void> > >*>[m[K’
[9.233s] [01m[K/usr/include/c++/7/bits/shared_ptr_base.h:881:12:[m[K   [ skipping 3 instantiation contexts, use -ftemplate-backtrace-limit=0 to disable ]
[9.235s] [01m[K/usr/include/c++/7/bits/shared_ptr_base.h:1219:2:[m[K   required by substitution of ‘[01m[Ktemplate<class _Yp> std::__shared_ptr<rclcpp::Subscription<sensor_msgs::msg::CompressedImage_<std::allocator<void> > >, (__gnu_cxx::_Lock_policy)2>::_Assignable<_Yp> std::__shared_ptr<rclcpp::Subscription<sensor_msgs::msg::CompressedImage_<std::allocator<void> > >, (__gnu_cxx::_Lock_policy)2>::operator=<_Yp>(std::__shared_ptr<_Tp>&&) [with _Yp = rclcpp::Subscription<const std::shared_ptr<const sensor_msgs::msg::CompressedImage_<std::allocator<void> > >&, std::allocator<void> >][m[K’
[9.236s] [01m[K/usr/include/c++/7/type_traits:1259:45:[m[K   required by substitution of ‘[01m[Ktemplate<class _Tp1, class _Up1, class> static std::true_type std::__is_assignable_helper<std::__shared_ptr<rclcpp::Subscription<sensor_msgs::msg::CompressedImage_<std::allocator<void> > >, (__gnu_cxx::_Lock_policy)2>&, std::shared_ptr<rclcpp::Subscription<const std::shared_ptr<const sensor_msgs::msg::CompressedImage_<std::allocator<void> > >&, std::allocator<void> > > >::__test<_Tp1, _Up1, <template-parameter-1-3> >(int) [with _Tp1 = std::__shared_ptr<rclcpp::Subscription<sensor_msgs::msg::CompressedImage_<std::allocator<void> > >, (__gnu_cxx::_Lock_policy)2>&; _Up1 = std::shared_ptr<rclcpp::Subscription<const std::shared_ptr<const sensor_msgs::msg::CompressedImage_<std::allocator<void> > >&, std::allocator<void> > >; <template-parameter-1-3> = <missing>][m[K’
[9.237s] [01m[K/usr/include/c++/7/type_traits:1268:40:[m[K   required from ‘[01m[Kclass std::__is_assignable_helper<std::__shared_ptr<rclcpp::Subscription<sensor_msgs::msg::CompressedImage_<std::allocator<void> > >, (__gnu_cxx::_Lock_policy)2>&, std::shared_ptr<rclcpp::Subscription<const std::shared_ptr<const sensor_msgs::msg::CompressedImage_<std::allocator<void> > >&, std::allocator<void> > > >[m[K’
[9.237s] [01m[K/usr/include/c++/7/type_traits:1273:12:[m[K   required from ‘[01m[Kstruct std::is_assignable<std::__shared_ptr<rclcpp::Subscription<sensor_msgs::msg::CompressedImage_<std::allocator<void> > >, (__gnu_cxx::_Lock_policy)2>&, std::shared_ptr<rclcpp::Subscription<const std::shared_ptr<const sensor_msgs::msg::CompressedImage_<std::allocator<void> > >&, std::allocator<void> > > >[m[K’
[9.238s] [01m[K/usr/include/c++/7/bits/shared_ptr.h:103:9:[m[K   required by substitution of ‘[01m[Ktemplate<class _Tp> template<class _Arg> using _Assignable = typename std::enable_if<std::is_assignable<std::__shared_ptr<_Tp>&, _Arg>::value, std::shared_ptr<_Tp>&>::type [with _Arg = std::shared_ptr<rclcpp::Subscription<const std::shared_ptr<const sensor_msgs::msg::CompressedImage_<std::allocator<void> > >&, std::allocator<void> > >; _Tp = rclcpp::Subscription<sensor_msgs::msg::CompressedImage_<std::allocator<void> > >][m[K’
[9.239s] [01m[K/usr/include/c++/7/bits/shared_ptr.h:325:2:[m[K   required by substitution of ‘[01m[Ktemplate<class _Yp> std::shared_ptr<rclcpp::Subscription<sensor_msgs::msg::CompressedImage_<std::allocator<void> > > >::_Assignable<std::shared_ptr<_Tp> > std::shared_ptr<rclcpp::Subscription<sensor_msgs::msg::CompressedImage_<std::allocator<void> > > >::operator=<_Yp>(std::shared_ptr<_Tp>&&) [with _Yp = rclcpp::Subscription<const std::shared_ptr<const sensor_msgs::msg::CompressedImage_<std::allocator<void> > >&, std::allocator<void> >][m[K’
[9.239s] [01m[K/home/hansol/ros2_ws/src/darknet_ros/darknet_ros/src/YoloObjectDetector.cpp:188:104:[m[K   required from here
[9.240s] [01m[K/opt/ros/dashing/include/rclcpp/any_subscription_callback.hpp:108:8:[m[K [01;31m[Kerror: [m[K‘[01m[Ktemplate<class CallbackT, typename std::enable_if<rclcpp::function_traits::same_arguments<CallbackT, std::function<void(std::shared_ptr<const std::shared_ptr<const sensor_msgs::msg::CompressedImage_<std::allocator<void> > >&>)> >::value, void>::type* <anonymous> > void rclcpp::AnySubscriptionCallback<MessageT, Alloc>::set(CallbackT) [with CallbackT = CallbackT; typename std::enable_if<rclcpp::function_traits::same_arguments<CallbackT, std::function<void(std::shared_ptr<const _Tp>)> >::value>::type* <anonymous> = <enumerator>; MessageT = const std::shared_ptr<const sensor_msgs::msg::CompressedImage_<std::allocator<void> > >&; Alloc = std::allocator<void>][m[K’ cannot be overloaded
[9.241s]    void [01;31m[Kset[m[K(CallbackT callback)
[9.241s]         [01;31m[K^~~[m[K
[9.242s] [01m[K/opt/ros/dashing/include/rclcpp/any_subscription_callback.hpp:80:8:[m[K [01;31m[Kerror: [m[Kwith ‘[01m[Ktemplate<class CallbackT, typename std::enable_if<rclcpp::function_traits::same_arguments<CallbackT, std::function<void(std::shared_ptr<const std::shared_ptr<const sensor_msgs::msg::CompressedImage_<std::allocator<void> > >&>)> >::value, void>::type* <anonymous> > void rclcpp::AnySubscriptionCallback<MessageT, Alloc>::set(CallbackT) [with CallbackT = CallbackT; typename std::enable_if<rclcpp::function_traits::same_arguments<CallbackT, std::function<void(std::shared_ptr<_Tp>)> >::value>::type* <anonymous> = <enumerator>; MessageT = const std::shared_ptr<const sensor_msgs::msg::CompressedImage_<std::allocator<void> > >&; Alloc = std::allocator<void>][m[K’
[9.242s]    void [01;31m[Kset[m[K(CallbackT callback)
[9.243s]         [01;31m[K^~~[m[K
[9.244s] [01m[K/opt/ros/dashing/include/rclcpp/any_subscription_callback.hpp:122:8:[m[K [01;31m[Kerror: [m[K‘[01m[Ktemplate<class CallbackT, typename std::enable_if<rclcpp::function_traits::same_arguments<CallbackT, std::function<void(std::shared_ptr<const std::shared_ptr<const sensor_msgs::msg::CompressedImage_<std::allocator<void> > >&>, const rmw_message_info_t&)> >::value, void>::type* <anonymous> > void rclcpp::AnySubscriptionCallback<MessageT, Alloc>::set(CallbackT) [with CallbackT = CallbackT; typename std::enable_if<rclcpp::function_traits::same_arguments<CallbackT, std::function<void(std::shared_ptr<const _Tp>, const rmw_message_info_t&)> >::value>::type* <anonymous> = <enumerator>; MessageT = const std::shared_ptr<const sensor_msgs::msg::CompressedImage_<std::allocator<void> > >&; Alloc = std::allocator<void>][m[K’ cannot be overloaded
[9.244s]    void [01;31m[Kset[m[K(CallbackT callback)
[9.245s]         [01;31m[K^~~[m[K
[9.245s] [01m[K/opt/ros/dashing/include/rclcpp/any_subscription_callback.hpp:94:8:[m[K [01;31m[Kerror: [m[Kwith ‘[01m[Ktemplate<class CallbackT, typename std::enable_if<rclcpp::function_traits::same_arguments<CallbackT, std::function<void(std::shared_ptr<const std::shared_ptr<const sensor_msgs::msg::CompressedImage_<std::allocator<void> > >&>, const rmw_message_info_t&)> >::value, void>::type* <anonymous> > void rclcpp::AnySubscriptionCallback<MessageT, Alloc>::set(CallbackT) [with CallbackT = CallbackT; typename std::enable_if<rclcpp::function_traits::same_arguments<CallbackT, std::function<void(std::shared_ptr<_Tp>, const rmw_message_info_t&)> >::value>::type* <anonymous> = <enumerator>; MessageT = const std::shared_ptr<const sensor_msgs::msg::CompressedImage_<std::allocator<void> > >&; Alloc = std::allocator<void>][m[K’
[9.246s]    void [01;31m[Kset[m[K(CallbackT callback)
[9.246s]         [01;31m[K^~~[m[K
[9.247s] [01m[K/home/hansol/ros2_ws/src/darknet_ros/darknet_ros/src/YoloObjectDetector.cpp:[m[K In member function ‘[01m[Kvoid darknet_ros::YoloObjectDetector::init()[m[K’:
[9.248s] [01m[K/home/hansol/ros2_ws/src/darknet_ros/darknet_ros/src/YoloObjectDetector.cpp:188:104:[m[K [01;31m[Kerror: [m[Kno match for ‘[01m[Koperator=[m[K’ (operand types are ‘[01m[Krclcpp::Subscription<sensor_msgs::msg::CompressedImage_<std::allocator<void> > >::SharedPtr {aka std::shared_ptr<rclcpp::Subscription<sensor_msgs::msg::CompressedImage_<std::allocator<void> > > >}[m[K’ and ‘[01m[Kstd::shared_ptr<rclcpp::Subscription<const std::shared_ptr<const sensor_msgs::msg::CompressedImage_<std::allocator<void> > >&, std::allocator<void> > >[m[K’)
[9.248s]        cameraTopicName, qos, std::bind(&YoloObjectDetector::cameraCallback, this, std::placeholders::_1)[01;31m[K)[m[K;
[9.249s]                                                                                                         [01;31m[K^[m[K
[9.249s] In file included from [01m[K/usr/include/c++/7/memory:81:0[m[K,
[9.250s]                  from [01m[K/usr/include/c++/7/thread:39[m[K,
[9.251s]                  from [01m[K/home/hansol/ros2_ws/src/darknet_ros/darknet_ros/include/darknet_ros/YoloObjectDetector.hpp:17[m[K,
[9.251s]                  from [01m[K/home/hansol/ros2_ws/src/darknet_ros/darknet_ros/src/YoloObjectDetector.cpp:10[m[K:
[9.252s] [01m[K/usr/include/c++/7/bits/shared_ptr.h:296:19:[m[K [01;36m[Knote: [m[Kcandidate: std::shared_ptr<_Tp>& std::shared_ptr<_Tp>::operator=(const std::shared_ptr<_Tp>&) [with _Tp = rclcpp::Subscription<sensor_msgs::msg::CompressedImage_<std::allocator<void> > >]
[9.252s]        shared_ptr& [01;36m[Koperator[m[K=(const shared_ptr&) noexcept = default;
[9.253s]                    [01;36m[K^~~~~~~~[m[K
[9.253s] [01m[K/usr/include/c++/7/bits/shared_ptr.h:296:19:[m[K [01;36m[Knote: [m[K  no known conversion for argument 1 from ‘[01m[Kstd::shared_ptr<rclcpp::Subscription<const std::shared_ptr<const sensor_msgs::msg::CompressedImage_<std::allocator<void> > >&, std::allocator<void> > >[m[K’ to ‘[01m[Kconst std::shared_ptr<rclcpp::Subscription<sensor_msgs::msg::CompressedImage_<std::allocator<void> > > >&[m[K’
[9.254s] [01m[K/usr/include/c++/7/bits/shared_ptr.h:300:2:[m[K [01;36m[Knote: [m[Kcandidate: template<class _Yp> std::shared_ptr<_Tp>::_Assignable<const std::shared_ptr<_Yp>&> std::shared_ptr<_Tp>::operator=(const std::shared_ptr<_Yp>&) [with _Yp = _Yp; _Tp = rclcpp::Subscription<sensor_msgs::msg::CompressedImage_<std::allocator<void> > >]
[9.255s]   [01;36m[Koperator[m[K=(const shared_ptr<_Yp>& __r) noexcept
[9.255s]   [01;36m[K^~~~~~~~[m[K
[9.256s] [01m[K/usr/include/c++/7/bits/shared_ptr.h:300:2:[m[K [01;36m[Knote: [m[K  template argument deduction/substitution failed:
[9.256s] [01m[K/usr/include/c++/7/bits/shared_ptr.h:309:2:[m[K [01;36m[Knote: [m[Kcandidate: template<class _Yp> std::shared_ptr<_Tp>::_Assignable<std::auto_ptr<_Up> > std::shared_ptr<_Tp>::operator=(std::auto_ptr<_Up>&&) [with _Yp = _Yp; _Tp = rclcpp::Subscription<sensor_msgs::msg::CompressedImage_<std::allocator<void> > >]
[9.257s]   [01;36m[Koperator[m[K=(auto_ptr<_Yp>&& __r)
[9.258s]   [01;36m[K^~~~~~~~[m[K
[9.258s] [01m[K/usr/include/c++/7/bits/shared_ptr.h:309:2:[m[K [01;36m[Knote: [m[K  template argument deduction/substitution failed:
[9.259s] [01m[K/home/hansol/ros2_ws/src/darknet_ros/darknet_ros/src/YoloObjectDetector.cpp:188:104:[m[K [01;36m[Knote: [m[K  ‘[01m[Kstd::shared_ptr<rclcpp::Subscription<const std::shared_ptr<const sensor_msgs::msg::CompressedImage_<std::allocator<void> > >&, std::allocator<void> > >[m[K’ is not derived from ‘[01m[Kstd::auto_ptr<_Up>[m[K’
[9.259s]        cameraTopicName, qos, std::bind(&YoloObjectDetector::cameraCallback, this, std::placeholders::_1)[01;36m[K)[m[K;
[9.260s]                                                                                                         [01;36m[K^[m[K
[9.260s] In file included from [01m[K/usr/include/c++/7/memory:81:0[m[K,
[9.262s]                  from [01m[K/usr/include/c++/7/thread:39[m[K,
[9.262s]                  from [01m[K/home/hansol/ros2_ws/src/darknet_ros/darknet_ros/include/darknet_ros/YoloObjectDetector.hpp:17[m[K,
[9.263s]                  from [01m[K/home/hansol/ros2_ws/src/darknet_ros/darknet_ros/src/YoloObjectDetector.cpp:10[m[K:
[9.263s] [01m[K/usr/include/c++/7/bits/shared_ptr.h:317:7:[m[K [01;36m[Knote: [m[Kcandidate: std::shared_ptr<_Tp>& std::shared_ptr<_Tp>::operator=(std::shared_ptr<_Tp>&&) [with _Tp = rclcpp::Subscription<sensor_msgs::msg::CompressedImage_<std::allocator<void> > >]
[9.264s]        [01;36m[Koperator[m[K=(shared_ptr&& __r) noexcept
[9.264s]        [01;36m[K^~~~~~~~[m[K
[9.265s] [01m[K/usr/include/c++/7/bits/shared_ptr.h:317:7:[m[K [01;36m[Knote: [m[K  no known conversion for argument 1 from ‘[01m[Kstd::shared_ptr<rclcpp::Subscription<const std::shared_ptr<const sensor_msgs::msg::CompressedImage_<std::allocator<void> > >&, std::allocator<void> > >[m[K’ to ‘[01m[Kstd::shared_ptr<rclcpp::Subscription<sensor_msgs::msg::CompressedImage_<std::allocator<void> > > >&&[m[K’
[9.266s] [01m[K/usr/include/c++/7/bits/shared_ptr.h:325:2:[m[K [01;36m[Knote: [m[Kcandidate: template<class _Yp> std::shared_ptr<_Tp>::_Assignable<std::shared_ptr<_Yp> > std::shared_ptr<_Tp>::operator=(std::shared_ptr<_Yp>&&) [with _Yp = _Yp; _Tp = rclcpp::Subscription<sensor_msgs::msg::CompressedImage_<std::allocator<void> > >]
[9.266s]   [01;36m[Koperator[m[K=(shared_ptr<_Yp>&& __r) noexcept
[9.267s]   [01;36m[K^~~~~~~~[m[K
[9.267s] [01m[K/usr/include/c++/7/bits/shared_ptr.h:325:2:[m[K [01;36m[Knote: [m[K  substitution of deduced template arguments resulted in errors seen above
[9.268s] [01m[K/usr/include/c++/7/bits/shared_ptr.h:333:2:[m[K [01;36m[Knote: [m[Kcandidate: template<class _Yp, class _Del> std::shared_ptr<_Tp>::_Assignable<std::unique_ptr<_Up, _Ep> > std::shared_ptr<_Tp>::operator=(std::unique_ptr<_Up, _Ep>&&) [with _Yp = _Yp; _Del = _Del; _Tp = rclcpp::Subscription<sensor_msgs::msg::CompressedImage_<std::allocator<void> > >]
[9.268s]   [01;36m[Koperator[m[K=(unique_ptr<_Yp, _Del>&& __r)
[9.269s]   [01;36m[K^~~~~~~~[m[K
[9.269s] [01m[K/usr/include/c++/7/bits/shared_ptr.h:333:2:[m[K [01;36m[Knote: [m[K  template argument deduction/substitution failed:
[9.270s] [01m[K/home/hansol/ros2_ws/src/darknet_ros/darknet_ros/src/YoloObjectDetector.cpp:188:104:[m[K [01;36m[Knote: [m[K  ‘[01m[Kstd::shared_ptr<rclcpp::Subscription<const std::shared_ptr<const sensor_msgs::msg::CompressedImage_<std::allocator<void> > >&, std::allocator<void> > >[m[K’ is not derived from ‘[01m[Kstd::unique_ptr<_Tp, _Dp>[m[K’
[9.271s]        cameraTopicName, qos, std::bind(&YoloObjectDetector::cameraCallback, this, std::placeholders::_1)[01;36m[K)[m[K;
[9.271s]                                                                                                         [01;36m[K^[m[K
[10.881s] In file included from [01m[K/opt/ros/dashing/include/rclcpp/node_interfaces/node_topics_interface.hpp:29:0[m[K,
[10.882s]                  from [01m[K/opt/ros/dashing/include/rclcpp/node.hpp:53[m[K,
[10.883s]                  from [01m[K/opt/ros/dashing/include/rclcpp/executors/single_threaded_executor.hpp:28[m[K,
[10.883s]                  from [01m[K/opt/ros/dashing/include/rclcpp/executors.hpp:22[m[K,
[10.884s]                  from [01m[K/opt/ros/dashing/include/rclcpp/rclcpp.hpp:144[m[K,
[10.884s]                  from [01m[K/home/hansol/ros2_ws/src/darknet_ros/darknet_ros/include/darknet_ros/YoloObjectDetector.hpp:25[m[K,
[10.885s]                  from [01m[K/home/hansol/ros2_ws/src/darknet_ros/darknet_ros/src/YoloObjectDetector.cpp:10[m[K:
[10.886s] /opt/ros/dashing/include/rclcpp/subscription_factory.hpp: In instantiation of ‘[01m[Krclcpp::SubscriptionFactory rclcpp::create_subscription_factory(CallbackT&&, const rclcpp::SubscriptionEventCallbacks&, typename rclcpp::message_memory_strategy::MessageMemoryStrategy<CallbackMessageT, Alloc>::SharedPtr, std::shared_ptr<PublisherT>) [with MessageT = sensor_msgs::msg::CompressedImage_<std::allocator<void> >; CallbackT = std::_Bind<void (darknet_ros::YoloObjectDetector::*(darknet_ros::YoloObjectDetector*, std::_Placeholder<1>))(const std::shared_ptr<const sensor_msgs::msg::CompressedImage_<std::allocator<void> > >&)>; Alloc = std::allocator<void>; CallbackMessageT = const std::shared_ptr<const sensor_msgs::msg::CompressedImage_<std::allocator<void> > >&; SubscriptionT = rclcpp::Subscription<const std::shared_ptr<const sensor_msgs::msg::CompressedImage_<std::allocator<void> > >&, std::allocator<void> >; typename rclcpp::message_memory_strategy::MessageMemoryStrategy<CallbackMessageT, Alloc>::SharedPtr = std::shared_ptr<rclcpp::message_memory_strategy::MessageMemoryStrategy<const std::shared_ptr<const sensor_msgs::msg::CompressedImage_<std::allocator<void> > >&, std::allocator<void> > >][m[K’:
[10.887s] [01m[K/opt/ros/dashing/include/rclcpp/create_subscription.hpp:115:71:[m[K   required from ‘[01m[Kstd::shared_ptr<SubscriptionT> rclcpp::create_subscription(NodeT&&, const string&, const rclcpp::QoS&, CallbackT&&, const rclcpp::SubscriptionOptionsWithAllocator<AllocatorT>&, typename rclcpp::message_memory_strategy::MessageMemoryStrategy<CallbackMessageT, Alloc>::SharedPtr) [with MessageT = sensor_msgs::msg::CompressedImage_<std::allocator<void> >; CallbackT = std::_Bind<void (darknet_ros::YoloObjectDetector::*(darknet_ros::YoloObjectDetector*, std::_Placeholder<1>))(const std::shared_ptr<const sensor_msgs::msg::CompressedImage_<std::allocator<void> > >&)>; AllocatorT = std::allocator<void>; CallbackMessageT = const std::shared_ptr<const sensor_msgs::msg::CompressedImage_<std::allocator<void> > >&; SubscriptionT = rclcpp::Subscription<const std::shared_ptr<const sensor_msgs::msg::CompressedImage_<std::allocator<void> > >&, std::allocator<void> >; NodeT = rclcpp::Node&; std::__cxx11::string = std::__cxx11::basic_string<char>; typename rclcpp::message_memory_strategy::MessageMemoryStrategy<CallbackMessageT, Alloc>::SharedPtr = std::shared_ptr<rclcpp::message_memory_strategy::MessageMemoryStrategy<const std::shared_ptr<const sensor_msgs::msg::CompressedImage_<std::allocator<void> > >&, std::allocator<void> > >][m[K’
[10.887s] [01m[K/opt/ros/dashing/include/rclcpp/node_impl.hpp:124:47:[m[K   required from ‘[01m[Kstd::shared_ptr<SubscriptionT> rclcpp::Node::create_subscription(const string&, const rclcpp::QoS&, CallbackT&&, const rclcpp::SubscriptionOptionsWithAllocator<AllocatorT>&, typename rclcpp::message_memory_strategy::MessageMemoryStrategy<typename rclcpp::subscription_traits::has_message_type<CallbackT>::type, AllocatorT>::SharedPtr) [with MessageT = sensor_msgs::msg::CompressedImage_<std::allocator<void> >; CallbackT = std::_Bind<void (darknet_ros::YoloObjectDetector::*(darknet_ros::YoloObjectDetector*, std::_Placeholder<1>))(const std::shared_ptr<const sensor_msgs::msg::CompressedImage_<std::allocator<void> > >&)>; AllocatorT = std::allocator<void>; SubscriptionT = rclcpp::Subscription<const std::shared_ptr<const sensor_msgs::msg::CompressedImage_<std::allocator<void> > >&, std::allocator<void> >; std::__cxx11::string = std::__cxx11::basic_string<char>; typename rclcpp::message_memory_strategy::MessageMemoryStrategy<typename rclcpp::subscription_traits::has_message_type<CallbackT>::type, AllocatorT>::SharedPtr = std::shared_ptr<rclcpp::message_memory_strategy::MessageMemoryStrategy<const std::shared_ptr<const sensor_msgs::msg::CompressedImage_<std::allocator<void> > >&, std::allocator<void> > >][m[K’
[10.888s] [01m[K/home/hansol/ros2_ws/src/darknet_ros/darknet_ros/src/YoloObjectDetector.cpp:188:104:[m[K   required from here
[10.888s] [01m[K/opt/ros/dashing/include/rclcpp/subscription_factory.hpp:93:3:[m[K [01;31m[Kerror: [m[Kno matching function for call to ‘[01m[Krclcpp::AnySubscriptionCallback<const std::shared_ptr<const sensor_msgs::msg::CompressedImage_<std::allocator<void> > >&, std::allocator<void> >::set(std::_Bind<void (darknet_ros::YoloObjectDetector::*(darknet_ros::YoloObjectDetector*, std::_Placeholder<1>))(const std::shared_ptr<const sensor_msgs::msg::CompressedImage_<std::allocator<void> > >&)>)[m[K’
[10.889s]    [01;31m[Kany_subscription_callback[m[K.set(std::forward<CallbackT>(callback));
[10.889s]    [01;31m[K^~~~~~~~~~~~~~~~~~~~~~~~~[m[K
[10.890s] In file included from [01m[K/opt/ros/dashing/include/rclcpp/subscription_base.hpp:28:0[m[K,
[10.891s]                  from [01m[K/opt/ros/dashing/include/rclcpp/intra_process_manager_impl.hpp:38[m[K,
[10.891s]                  from [01m[K/opt/ros/dashing/include/rclcpp/intra_process_manager.hpp:32[m[K,
[10.892s]                  from [01m[K/opt/ros/dashing/include/rclcpp/publisher.hpp:35[m[K,
[10.892s]                  from [01m[K/opt/ros/dashing/include/rclcpp/callback_group.hpp:24[m[K,
[10.893s]                  from [01m[K/opt/ros/dashing/include/rclcpp/any_executable.hpp:20[m[K,
[10.893s]                  from [01m[K/opt/ros/dashing/include/rclcpp/memory_strategy.hpp:24[m[K,
[10.894s]                  from [01m[K/opt/ros/dashing/include/rclcpp/memory_strategies.hpp:18[m[K,
[10.895s]                  from [01m[K/opt/ros/dashing/include/rclcpp/executor.hpp:33[m[K,
[10.895s]                  from [01m[K/opt/ros/dashing/include/rclcpp/executors/multi_threaded_executor.hpp:24[m[K,
[10.896s]                  from [01m[K/opt/ros/dashing/include/rclcpp/executors.hpp:21[m[K,
[10.896s]                  from [01m[K/opt/ros/dashing/include/rclcpp/rclcpp.hpp:144[m[K,
[10.897s]                  from [01m[K/home/hansol/ros2_ws/src/darknet_ros/darknet_ros/include/darknet_ros/YoloObjectDetector.hpp:25[m[K,
[10.897s]                  from [01m[K/home/hansol/ros2_ws/src/darknet_ros/darknet_ros/src/YoloObjectDetector.cpp:10[m[K:
[10.898s] [01m[K/opt/ros/dashing/include/rclcpp/any_subscription_callback.hpp:80:8:[m[K [01;36m[Knote: [m[Kcandidate: template<class CallbackT, typename std::enable_if<rclcpp::function_traits::same_arguments<CallbackT, std::function<void(std::shared_ptr<const std::shared_ptr<const sensor_msgs::msg::CompressedImage_<std::allocator<void> > >&>)> >::value, void>::type* <anonymous> > void rclcpp::AnySubscriptionCallback<MessageT, Alloc>::set(CallbackT) [with CallbackT = CallbackT; typename std::enable_if<rclcpp::function_traits::same_arguments<CallbackT, std::function<void(std::shared_ptr<_Tp>)> >::value>::type* <anonymous> = <enumerator>; MessageT = const std::shared_ptr<const sensor_msgs::msg::CompressedImage_<std::allocator<void> > >&; Alloc = std::allocator<void>]
[10.899s]    void [01;36m[Kset[m[K(CallbackT callback)
[10.899s]         [01;36m[K^~~[m[K
[10.900s] [01m[K/opt/ros/dashing/include/rclcpp/any_subscription_callback.hpp:80:8:[m[K [01;36m[Knote: [m[K  template argument deduction/substitution failed:
[10.900s] [01m[K/opt/ros/dashing/include/rclcpp/any_subscription_callback.hpp:78:17:[m[K [01;31m[Kerror: [m[Kno type named ‘[01m[Ktype[m[K’ in ‘[01m[Kstruct std::enable_if<false, void>[m[K’
[10.901s]      >::type * = [01;31m[Knullptr[m[K
[10.901s]                  [01;31m[K^~~~~~~[m[K
[10.902s] [01m[K/opt/ros/dashing/include/rclcpp/any_subscription_callback.hpp:78:17:[m[K [01;36m[Knote: [m[Kinvalid template non-type parameter
[10.903s] [01m[K/opt/ros/dashing/include/rclcpp/any_subscription_callback.hpp:94:8:[m[K [01;36m[Knote: [m[Kcandidate: template<class CallbackT, typename std::enable_if<rclcpp::function_traits::same_arguments<CallbackT, std::function<void(std::shared_ptr<const std::shared_ptr<const sensor_msgs::msg::CompressedImage_<std::allocator<void> > >&>, const rmw_message_info_t&)> >::value, void>::type* <anonymous> > void rclcpp::AnySubscriptionCallback<MessageT, Alloc>::set(CallbackT) [with CallbackT = CallbackT; typename std::enable_if<rclcpp::function_traits::same_arguments<CallbackT, std::function<void(std::shared_ptr<_Tp>, const rmw_message_info_t&)> >::value>::type* <anonymous> = <enumerator>; MessageT = const std::shared_ptr<const sensor_msgs::msg::CompressedImage_<std::allocator<void> > >&; Alloc = std::allocator<void>]
[10.903s]    void [01;36m[Kset[m[K(CallbackT callback)
[10.904s]         [01;36m[K^~~[m[K
[10.905s] [01m[K/opt/ros/dashing/include/rclcpp/any_subscription_callback.hpp:94:8:[m[K [01;36m[Knote: [m[K  template argument deduction/substitution failed:
[10.905s] [01m[K/opt/ros/dashing/include/rclcpp/any_subscription_callback.hpp:92:17:[m[K [01;31m[Kerror: [m[Kno type named ‘[01m[Ktype[m[K’ in ‘[01m[Kstruct std::enable_if<false, void>[m[K’
[10.906s]      >::type * = [01;31m[Knullptr[m[K
[10.907s]                  [01;31m[K^~~~~~~[m[K
[10.907s] [01m[K/opt/ros/dashing/include/rclcpp/any_subscription_callback.hpp:92:17:[m[K [01;36m[Knote: [m[Kinvalid template non-type parameter
[10.908s] [01m[K/opt/ros/dashing/include/rclcpp/any_subscription_callback.hpp:136:8:[m[K [01;36m[Knote: [m[Kcandidate: template<class CallbackT, typename std::enable_if<rclcpp::function_traits::same_arguments<CallbackT, std::function<void(std::unique_ptr<const std::shared_ptr<const sensor_msgs::msg::CompressedImage_<std::allocator<void> > >&, std::default_delete<const std::shared_ptr<const sensor_msgs::msg::CompressedImage_<std::allocator<void> > >&> >)> >::value, void>::type* <anonymous> > void rclcpp::AnySubscriptionCallback<MessageT, Alloc>::set(CallbackT) [with CallbackT = CallbackT; typename std::enable_if<rclcpp::function_traits::same_arguments<CallbackT, std::function<void(std::unique_ptr<T, typename std::conditional<std::is_same<typename std::allocator_traits<typename std::allocator_traits<_Alloc>::rebind_traits<T>::allocator_type>::rebind_alloc<T>, typename std::allocator<void>::rebind<_Tp1>::other>::value, std::default_delete<_Tp>, rclcpp::allocator::AllocatorDeleter<typename std::allocator_traits<_Alloc>::rebind_traits<T>::allocator_type> >::type>)> >::value>::type* <anonymous> = <enumerator>; MessageT = const std::shared_ptr<const sensor_msgs::msg::CompressedImage_<std::allocator<void> > >&; Alloc = std::allocator<void>]
[10.909s]    void [01;36m[Kset[m[K(CallbackT callback)
[10.909s]         [01;36m[K^~~[m[K
[10.910s] [01m[K/opt/ros/dashing/include/rclcpp/any_subscription_callback.hpp:136:8:[m[K [01;36m[Knote: [m[K  template argument deduction/substitution failed:
[10.910s] [01m[K/opt/ros/dashing/include/rclcpp/any_subscription_callback.hpp:134:17:[m[K [01;31m[Kerror: [m[Kno type named ‘[01m[Ktype[m[K’ in ‘[01m[Kstruct std::enable_if<false, void>[m[K’
[10.911s]      >::type * = [01;31m[Knullptr[m[K
[10.912s]                  [01;31m[K^~~~~~~[m[K
[10.912s] [01m[K/opt/ros/dashing/include/rclcpp/any_subscription_callback.hpp:134:17:[m[K [01;36m[Knote: [m[Kinvalid template non-type parameter
[10.913s] [01m[K/opt/ros/dashing/include/rclcpp/any_subscription_callback.hpp:150:8:[m[K [01;36m[Knote: [m[Kcandidate: template<class CallbackT, typename std::enable_if<rclcpp::function_traits::same_arguments<CallbackT, std::function<void(std::unique_ptr<const std::shared_ptr<const sensor_msgs::msg::CompressedImage_<std::allocator<void> > >&, std::default_delete<const std::shared_ptr<const sensor_msgs::msg::CompressedImage_<std::allocator<void> > >&> >, const rmw_message_info_t&)> >::value, void>::type* <anonymous> > void rclcpp::AnySubscriptionCallback<MessageT, Alloc>::set(CallbackT) [with CallbackT = CallbackT; typename std::enable_if<rclcpp::function_traits::same_arguments<CallbackT, std::function<void(std::unique_ptr<T, typename std::conditional<std::is_same<typename std::allocator_traits<typename std::allocator_traits<_Alloc>::rebind_traits<T>::allocator_type>::rebind_alloc<T>, typename std::allocator<void>::rebind<_Tp1>::other>::value, std::default_delete<_Tp>, rclcpp::allocator::AllocatorDeleter<typename std::allocator_traits<_Alloc>::rebind_traits<T>::allocator_type> >::type>, const rmw_message_info_t&)> >::value>::type* <anonymous> = <enumerator>; MessageT = const std::shared_ptr<const sensor_msgs::msg::CompressedImage_<std::allocator<void> > >&; Alloc = std::allocator<void>]
[10.913s]    void [01;36m[Kset[m[K(CallbackT callback)
[10.914s]         [01;36m[K^~~[m[K
[10.914s] [01m[K/opt/ros/dashing/include/rclcpp/any_subscription_callback.hpp:150:8:[m[K [01;36m[Knote: [m[K  template argument deduction/substitution failed:
[10.915s] [01m[K/opt/ros/dashing/include/rclcpp/any_subscription_callback.hpp:148:17:[m[K [01;31m[Kerror: [m[Kno type named ‘[01m[Ktype[m[K’ in ‘[01m[Kstruct std::enable_if<false, void>[m[K’
[10.916s]      >::type * = [01;31m[Knullptr[m[K
[10.916s]                  [01;31m[K^~~~~~~[m[K
[10.917s] [01m[K/opt/ros/dashing/include/rclcpp/any_subscription_callback.hpp:148:17:[m[K [01;36m[Knote: [m[Kinvalid template non-type parameter
[13.197s] In file included from [01m[K/usr/include/aarch64-linux-gnu/c++/7/bits/c++allocator.h:33:0[m[K,
[13.199s]                  from [01m[K/usr/include/c++/7/bits/allocator.h:46[m[K,
[13.200s]                  from [01m[K/usr/include/c++/7/string:41[m[K,
[13.201s]                  from [01m[K/home/hansol/ros2_ws/src/darknet_ros/darknet_ros/include/darknet_ros/YoloObjectDetector.hpp:13[m[K,
[13.202s]                  from [01m[K/home/hansol/ros2_ws/src/darknet_ros/darknet_ros/src/YoloObjectDetector.cpp:10[m[K:
[13.203s] /usr/include/c++/7/ext/new_allocator.h: In instantiation of ‘[01m[Kclass __gnu_cxx::new_allocator<const std::shared_ptr<const sensor_msgs::msg::CompressedImage_<std::allocator<void> > >&>[m[K’:
[13.203s] [01m[K/usr/include/c++/7/bits/allocator.h:108:11:[m[K   required from ‘[01m[Kclass std::allocator<const std::shared_ptr<const sensor_msgs::msg::CompressedImage_<std::allocator<void> > >&>[m[K’
[13.204s] [01m[K/usr/include/c++/7/bits/shared_ptr_base.h:1355:63:[m[K   required by substitution of ‘[01m[Ktemplate<class _Yp> struct std::__shared_ptr<std::allocator<const std::shared_ptr<const sensor_msgs::msg::CompressedImage_<std::allocator<void> > >&>, (__gnu_cxx::_Lock_policy)2>::__has_esft_base<_Yp, std::__void_t<decltype (__enable_shared_from_this_base(declval<const std::__shared_count<(__gnu_cxx::_Lock_policy)2>&>(), declval<_Yp*>()))> > [with _Yp = std::allocator<const std::shared_ptr<const sensor_msgs::msg::CompressedImage_<std::allocator<void> > >&>][m[K’
[13.204s] [01m[K/usr/include/c++/7/bits/shared_ptr_base.h:1377:21:[m[K   required by substitution of ‘[01m[Ktemplate<class _Yp, class _Yp2> typename std::enable_if<(! std::__shared_ptr<std::allocator<const std::shared_ptr<const sensor_msgs::msg::CompressedImage_<std::allocator<void> > >&>, (__gnu_cxx::_Lock_policy)2>::__has_esft_base<_Yp2, void>::value), void>::type std::__shared_ptr<std::allocator<const std::shared_ptr<const sensor_msgs::msg::CompressedImage_<std::allocator<void> > >&>, (__gnu_cxx::_Lock_policy)2>::_M_enable_shared_from_this_with<_Yp, _Yp2>(_Yp*) [with _Yp = std::allocator<const std::shared_ptr<const sensor_msgs::msg::CompressedImage_<std::allocator<void> > >&>; _Yp2 = std::allocator<const std::shared_ptr<const sensor_msgs::msg::CompressedImage_<std::allocator<void> > >&>][m[K’
[13.205s] [01m[K/usr/include/c++/7/bits/shared_ptr_base.h:1301:35:[m[K   required from ‘[01m[Kstd::__shared_ptr<_Tp, _Lp>::__shared_ptr(std::_Sp_make_shared_tag, const _Alloc&, _Args&& ...) [with _Alloc = std::allocator<std::allocator<const std::shared_ptr<const sensor_msgs::msg::CompressedImage_<std::allocator<void> > >&> >; _Args = {std::allocator<void>&}; _Tp = std::allocator<const std::shared_ptr<const sensor_msgs::msg::CompressedImage_<std::allocator<void> > >&>; __gnu_cxx::_Lock_policy _Lp = (__gnu_cxx::_Lock_policy)2][m[K’
[13.206s] [01m[K/usr/include/c++/7/bits/shared_ptr.h:344:64:[m[K   [ skipping 2 instantiation contexts, use -ftemplate-backtrace-limit=0 to disable ]
[13.206s] [01m[K/usr/include/c++/7/bits/shared_ptr.h:706:39:[m[K   required from ‘[01m[Kstd::shared_ptr<_Tp> std::make_shared(_Args&& ...) [with _Tp = std::allocator<const std::shared_ptr<const sensor_msgs::msg::CompressedImage_<std::allocator<void> > >&>; _Args = {std::allocator<void>&}][m[K’
[13.207s] [01m[K/opt/ros/dashing/include/rclcpp/any_subscription_callback.hpp:65:56:[m[K   required from ‘[01m[Krclcpp::AnySubscriptionCallback<MessageT, Alloc>::AnySubscriptionCallback(std::shared_ptr<_Up>) [with MessageT = const std::shared_ptr<const sensor_msgs::msg::CompressedImage_<std::allocator<void> > >&; Alloc = std::allocator<void>][m[K’
[13.208s] [01m[K/opt/ros/dashing/include/rclcpp/subscription_factory.hpp:92:52:[m[K   required from ‘[01m[Krclcpp::SubscriptionFactory rclcpp::create_subscription_factory(CallbackT&&, const rclcpp::SubscriptionEventCallbacks&, typename rclcpp::message_memory_strategy::MessageMemoryStrategy<CallbackMessageT, Alloc>::SharedPtr, std::shared_ptr<PublisherT>) [with MessageT = sensor_msgs::msg::CompressedImage_<std::allocator<void> >; CallbackT = std::_Bind<void (darknet_ros::YoloObjectDetector::*(darknet_ros::YoloObjectDetector*, std::_Placeholder<1>))(const std::shared_ptr<const sensor_msgs::msg::CompressedImage_<std::allocator<void> > >&)>; Alloc = std::allocator<void>; CallbackMessageT = const std::shared_ptr<const sensor_msgs::msg::CompressedImage_<std::allocator<void> > >&; SubscriptionT = rclcpp::Subscription<const std::shared_ptr<const sensor_msgs::msg::CompressedImage_<std::allocator<void> > >&, std::allocator<void> >; typename rclcpp::message_memory_strategy::MessageMemoryStrategy<CallbackMessageT, Alloc>::SharedPtr = std::shared_ptr<rclcpp::message_memory_strategy::MessageMemoryStrategy<const std::shared_ptr<const sensor_msgs::msg::CompressedImage_<std::allocator<void> > >&, std::allocator<void> > >][m[K’
[13.208s] [01m[K/opt/ros/dashing/include/rclcpp/create_subscription.hpp:115:71:[m[K   required from ‘[01m[Kstd::shared_ptr<SubscriptionT> rclcpp::create_subscription(NodeT&&, const string&, const rclcpp::QoS&, CallbackT&&, const rclcpp::SubscriptionOptionsWithAllocator<AllocatorT>&, typename rclcpp::message_memory_strategy::MessageMemoryStrategy<CallbackMessageT, Alloc>::SharedPtr) [with MessageT = sensor_msgs::msg::CompressedImage_<std::allocator<void> >; CallbackT = std::_Bind<void (darknet_ros::YoloObjectDetector::*(darknet_ros::YoloObjectDetector*, std::_Placeholder<1>))(const std::shared_ptr<const sensor_msgs::msg::CompressedImage_<std::allocator<void> > >&)>; AllocatorT = std::allocator<void>; CallbackMessageT = const std::shared_ptr<const sensor_msgs::msg::CompressedImage_<std::allocator<void> > >&; SubscriptionT = rclcpp::Subscription<const std::shared_ptr<const sensor_msgs::msg::CompressedImage_<std::allocator<void> > >&, std::allocator<void> >; NodeT = rclcpp::Node&; std::__cxx11::string = std::__cxx11::basic_string<char>; typename rclcpp::message_memory_strategy::MessageMemoryStrategy<CallbackMessageT, Alloc>::SharedPtr = std::shared_ptr<rclcpp::message_memory_strategy::MessageMemoryStrategy<const std::shared_ptr<const sensor_msgs::msg::CompressedImage_<std::allocator<void> > >&, std::allocator<void> > >][m[K’
[13.209s] [01m[K/opt/ros/dashing/include/rclcpp/node_impl.hpp:124:47:[m[K   required from ‘[01m[Kstd::shared_ptr<SubscriptionT> rclcpp::Node::create_subscription(const string&, const rclcpp::QoS&, CallbackT&&, const rclcpp::SubscriptionOptionsWithAllocator<AllocatorT>&, typename rclcpp::message_memory_strategy::MessageMemoryStrategy<typename rclcpp::subscription_traits::has_message_type<CallbackT>::type, AllocatorT>::SharedPtr) [with MessageT = sensor_msgs::msg::CompressedImage_<std::allocator<void> >; CallbackT = std::_Bind<void (darknet_ros::YoloObjectDetector::*(darknet_ros::YoloObjectDetector*, std::_Placeholder<1>))(const std::shared_ptr<const sensor_msgs::msg::CompressedImage_<std::allocator<void> > >&)>; AllocatorT = std::allocator<void>; SubscriptionT = rclcpp::Subscription<const std::shared_ptr<const sensor_msgs::msg::CompressedImage_<std::allocator<void> > >&, std::allocator<void> >; std::__cxx11::string = std::__cxx11::basic_string<char>; typename rclcpp::message_memory_strategy::MessageMemoryStrategy<typename rclcpp::subscription_traits::has_message_type<CallbackT>::type, AllocatorT>::SharedPtr = std::shared_ptr<rclcpp::message_memory_strategy::MessageMemoryStrategy<const std::shared_ptr<const sensor_msgs::msg::CompressedImage_<std::allocator<void> > >&, std::allocator<void> > >][m[K’
[13.210s] [01m[K/home/hansol/ros2_ws/src/darknet_ros/darknet_ros/src/YoloObjectDetector.cpp:188:104:[m[K   required from here
[13.210s] [01m[K/usr/include/c++/7/ext/new_allocator.h:63:26:[m[K [01;31m[Kerror: [m[Kforming pointer to reference type ‘[01m[Kconst std::shared_ptr<const sensor_msgs::msg::CompressedImage_<std::allocator<void> > >&[m[K’
[13.211s]        typedef _Tp*       [01;31m[Kpointer[m[K;
[13.211s]                           [01;31m[K^~~~~~~[m[K
[13.212s] [01m[K/usr/include/c++/7/ext/new_allocator.h:64:26:[m[K [01;31m[Kerror: [m[Kforming pointer to reference type ‘[01m[Kconst std::shared_ptr<const sensor_msgs::msg::CompressedImage_<std::allocator<void> > >&[m[K’
[13.213s]        typedef const _Tp* [01;31m[Kconst_pointer[m[K;
[13.213s]                           [01;31m[K^~~~~~~~~~~~~[m[K
[13.214s] In file included from [01m[K/usr/include/c++/7/string:41:0[m[K,
[13.214s]                  from [01m[K/home/hansol/ros2_ws/src/darknet_ros/darknet_ros/include/darknet_ros/YoloObjectDetector.hpp:13[m[K,
[13.215s]                  from [01m[K/home/hansol/ros2_ws/src/darknet_ros/darknet_ros/src/YoloObjectDetector.cpp:10[m[K:
[13.216s] /usr/include/c++/7/bits/allocator.h: In instantiation of ‘[01m[Kclass std::allocator<const std::shared_ptr<const sensor_msgs::msg::CompressedImage_<std::allocator<void> > >&>[m[K’:
[13.216s] [01m[K/usr/include/c++/7/bits/shared_ptr_base.h:1355:63:[m[K   required by substitution of ‘[01m[Ktemplate<class _Yp> struct std::__shared_ptr<std::allocator<const std::shared_ptr<const sensor_msgs::msg::CompressedImage_<std::allocator<void> > >&>, (__gnu_cxx::_Lock_policy)2>::__has_esft_base<_Yp, std::__void_t<decltype (__enable_shared_from_this_base(declval<const std::__shared_count<(__gnu_cxx::_Lock_policy)2>&>(), declval<_Yp*>()))> > [with _Yp = std::allocator<const std::shared_ptr<const sensor_msgs::msg::CompressedImage_<std::allocator<void> > >&>][m[K’
[13.217s] [01m[K/usr/include/c++/7/bits/shared_ptr_base.h:1377:21:[m[K   required by substitution of ‘[01m[Ktemplate<class _Yp, class _Yp2> typename std::enable_if<(! std::__shared_ptr<std::allocator<const std::shared_ptr<const sensor_msgs::msg::CompressedImage_<std::allocator<void> > >&>, (__gnu_cxx::_Lock_policy)2>::__has_esft_base<_Yp2, void>::value), void>::type std::__shared_ptr<std::allocator<const std::shared_ptr<const sensor_msgs::msg::CompressedImage_<std::allocator<void> > >&>, (__gnu_cxx::_Lock_policy)2>::_M_enable_shared_from_this_with<_Yp, _Yp2>(_Yp*) [with _Yp = std::allocator<const std::shared_ptr<const sensor_msgs::msg::CompressedImage_<std::allocator<void> > >&>; _Yp2 = std::allocator<const std::shared_ptr<const sensor_msgs::msg::CompressedImage_<std::allocator<void> > >&>][m[K’
[13.217s] [01m[K/usr/include/c++/7/bits/shared_ptr_base.h:1301:35:[m[K   required from ‘[01m[Kstd::__shared_ptr<_Tp, _Lp>::__shared_ptr(std::_Sp_make_shared_tag, const _Alloc&, _Args&& ...) [with _Alloc = std::allocator<std::allocator<const std::shared_ptr<const sensor_msgs::msg::CompressedImage_<std::allocator<void> > >&> >; _Args = {std::allocator<void>&}; _Tp = std::allocator<const std::shared_ptr<const sensor_msgs::msg::CompressedImage_<std::allocator<void> > >&>; __gnu_cxx::_Lock_policy _Lp = (__gnu_cxx::_Lock_policy)2][m[K’
[13.218s] [01m[K/usr/include/c++/7/bits/shared_ptr.h:344:64:[m[K   required from ‘[01m[Kstd::shared_ptr<_Tp>::shared_ptr(std::_Sp_make_shared_tag, const _Alloc&, _Args&& ...) [with _Alloc = std::allocator<std::allocator<const std::shared_ptr<const sensor_msgs::msg::CompressedImage_<std::allocator<void> > >&> >; _Args = {std::allocator<void>&}; _Tp = std::allocator<const std::shared_ptr<const sensor_msgs::msg::CompressedImage_<std::allocator<void> > >&>][m[K’
[13.219s] [01m[K/usr/include/c++/7/bits/shared_ptr.h:690:14:[m[K   required from ‘[01m[Kstd::shared_ptr<_Tp> std::allocate_shared(const _Alloc&, _Args&& ...) [with _Tp = std::allocator<const std::shared_ptr<const sensor_msgs::msg::CompressedImage_<std::allocator<void> > >&>; _Alloc = std::allocator<std::allocator<const std::shared_ptr<const sensor_msgs::msg::CompressedImage_<std::allocator<void> > >&> >; _Args = {std::allocator<void>&}][m[K’
[13.219s] [01m[K/usr/include/c++/7/bits/shared_ptr.h:706:39:[m[K   required from ‘[01m[Kstd::shared_ptr<_Tp> std::make_shared(_Args&& ...) [with _Tp = std::allocator<const std::shared_ptr<const sensor_msgs::msg::CompressedImage_<std::allocator<void> > >&>; _Args = {std::allocator<void>&}][m[K’
[13.220s] [01m[K/opt/ros/dashing/include/rclcpp/any_subscription_callback.hpp:65:56:[m[K   required from ‘[01m[Krclcpp::AnySubscriptionCallback<MessageT, Alloc>::AnySubscriptionCallback(std::shared_ptr<_Up>) [with MessageT = const std::shared_ptr<const sensor_msgs::msg::CompressedImage_<std::allocator<void> > >&; Alloc = std::allocator<void>][m[K’
[13.221s] [01m[K/opt/ros/dashing/include/rclcpp/subscription_factory.hpp:92:52:[m[K   required from ‘[01m[Krclcpp::SubscriptionFactory rclcpp::create_subscription_factory(CallbackT&&, const rclcpp::SubscriptionEventCallbacks&, typename rclcpp::message_memory_strategy::MessageMemoryStrategy<CallbackMessageT, Alloc>::SharedPtr, std::shared_ptr<PublisherT>) [with MessageT = sensor_msgs::msg::CompressedImage_<std::allocator<void> >; CallbackT = std::_Bind<void (darknet_ros::YoloObjectDetector::*(darknet_ros::YoloObjectDetector*, std::_Placeholder<1>))(const std::shared_ptr<const sensor_msgs::msg::CompressedImage_<std::allocator<void> > >&)>; Alloc = std::allocator<void>; CallbackMessageT = const std::shared_ptr<const sensor_msgs::msg::CompressedImage_<std::allocator<void> > >&; SubscriptionT = rclcpp::Subscription<const std::shared_ptr<const sensor_msgs::msg::CompressedImage_<std::allocator<void> > >&, std::allocator<void> >; typename rclcpp::message_memory_strategy::MessageMemoryStrategy<CallbackMessageT, Alloc>::SharedPtr = std::shared_ptr<rclcpp::message_memory_strategy::MessageMemoryStrategy<const std::shared_ptr<const sensor_msgs::msg::CompressedImage_<std::allocator<void> > >&, std::allocator<void> > >][m[K’
[13.221s] [01m[K/opt/ros/dashing/include/rclcpp/create_subscription.hpp:115:71:[m[K   required from ‘[01m[Kstd::shared_ptr<SubscriptionT> rclcpp::create_subscription(NodeT&&, const string&, const rclcpp::QoS&, CallbackT&&, const rclcpp::SubscriptionOptionsWithAllocator<AllocatorT>&, typename rclcpp::message_memory_strategy::MessageMemoryStrategy<CallbackMessageT, Alloc>::SharedPtr) [with MessageT = sensor_msgs::msg::CompressedImage_<std::allocator<void> >; CallbackT = std::_Bind<void (darknet_ros::YoloObjectDetector::*(darknet_ros::YoloObjectDetector*, std::_Placeholder<1>))(const std::shared_ptr<const sensor_msgs::msg::CompressedImage_<std::allocator<void> > >&)>; AllocatorT = std::allocator<void>; CallbackMessageT = const std::shared_ptr<const sensor_msgs::msg::CompressedImage_<std::allocator<void> > >&; SubscriptionT = rclcpp::Subscription<const std::shared_ptr<const sensor_msgs::msg::CompressedImage_<std::allocator<void> > >&, std::allocator<void> >; NodeT = rclcpp::Node&; std::__cxx11::string = std::__cxx11::basic_string<char>; typename rclcpp::message_memory_strategy::MessageMemoryStrategy<CallbackMessageT, Alloc>::SharedPtr = std::shared_ptr<rclcpp::message_memory_strategy::MessageMemoryStrategy<const std::shared_ptr<const sensor_msgs::msg::CompressedImage_<std::allocator<void> > >&, std::allocator<void> > >][m[K’
[13.222s] [01m[K/opt/ros/dashing/include/rclcpp/node_impl.hpp:124:47:[m[K   required from ‘[01m[Kstd::shared_ptr<SubscriptionT> rclcpp::Node::create_subscription(const string&, const rclcpp::QoS&, CallbackT&&, const rclcpp::SubscriptionOptionsWithAllocator<AllocatorT>&, typename rclcpp::message_memory_strategy::MessageMemoryStrategy<typename rclcpp::subscription_traits::has_message_type<CallbackT>::type, AllocatorT>::SharedPtr) [with MessageT = sensor_msgs::msg::CompressedImage_<std::allocator<void> >; CallbackT = std::_Bind<void (darknet_ros::YoloObjectDetector::*(darknet_ros::YoloObjectDetector*, std::_Placeholder<1>))(const std::shared_ptr<const sensor_msgs::msg::CompressedImage_<std::allocator<void> > >&)>; AllocatorT = std::allocator<void>; SubscriptionT = rclcpp::Subscription<const std::shared_ptr<const sensor_msgs::msg::CompressedImage_<std::allocator<void> > >&, std::allocator<void> >; std::__cxx11::string = std::__cxx11::basic_string<char>; typename rclcpp::message_memory_strategy::MessageMemoryStrategy<typename rclcpp::subscription_traits::has_message_type<CallbackT>::type, AllocatorT>::SharedPtr = std::shared_ptr<rclcpp::message_memory_strategy::MessageMemoryStrategy<const std::shared_ptr<const sensor_msgs::msg::CompressedImage_<std::allocator<void> > >&, std::allocator<void> > >][m[K’
[13.223s] [01m[K/home/hansol/ros2_ws/src/darknet_ros/darknet_ros/src/YoloObjectDetector.cpp:188:104:[m[K   required from here
[13.223s] [01m[K/usr/include/c++/7/bits/allocator.h:113:26:[m[K [01;31m[Kerror: [m[Kforming pointer to reference type ‘[01m[Kconst std::shared_ptr<const sensor_msgs::msg::CompressedImage_<std::allocator<void> > >&[m[K’
[13.224s]        typedef _Tp*       [01;31m[Kpointer[m[K;
[13.224s]                           [01;31m[K^~~~~~~[m[K
[13.225s] [01m[K/usr/include/c++/7/bits/allocator.h:114:26:[m[K [01;31m[Kerror: [m[Kforming pointer to reference type ‘[01m[Kconst std::shared_ptr<const sensor_msgs::msg::CompressedImage_<std::allocator<void> > >&[m[K’
[13.226s]        typedef const _Tp* [01;31m[Kconst_pointer[m[K;
[13.226s]                           [01;31m[K^~~~~~~~~~~~~[m[K
[13.648s] In file included from [01m[K/usr/include/c++/7/bits/shared_ptr.h:52:0[m[K,
[13.650s]                  from [01m[K/usr/include/c++/7/memory:81[m[K,
[13.651s]                  from [01m[K/usr/include/c++/7/thread:39[m[K,
[13.652s]                  from [01m[K/home/hansol/ros2_ws/src/darknet_ros/darknet_ros/include/darknet_ros/YoloObjectDetector.hpp:17[m[K,
[13.653s]                  from [01m[K/home/hansol/ros2_ws/src/darknet_ros/darknet_ros/src/YoloObjectDetector.cpp:10[m[K:
[13.653s] /usr/include/c++/7/bits/shared_ptr_base.h: In instantiation of ‘[01m[Kclass std::__shared_ptr_access<const std::shared_ptr<const sensor_msgs::msg::CompressedImage_<std::allocator<void> > >&, (__gnu_cxx::_Lock_policy)2, false, false>[m[K’:
[13.654s] [01m[K/usr/include/c++/7/bits/shared_ptr_base.h:1034:11:[m[K   required from ‘[01m[Kclass std::__shared_ptr<const std::shared_ptr<const sensor_msgs::msg::CompressedImage_<std::allocator<void> > >&, (__gnu_cxx::_Lock_policy)2>[m[K’
[13.655s] [01m[K/usr/include/c++/7/bits/shared_ptr.h:93:11:[m[K   required from ‘[01m[Kclass std::shared_ptr<const std::shared_ptr<const sensor_msgs::msg::CompressedImage_<std::allocator<void> > >&>[m[K’
[13.656s] [01m[K/opt/ros/dashing/include/rclcpp/message_memory_strategy.hpp:84:37:[m[K   required from ‘[01m[Kstd::shared_ptr<_Tp> rclcpp::message_memory_strategy::MessageMemoryStrategy<MessageT, Alloc>::borrow_message() [with MessageT = const std::shared_ptr<const sensor_msgs::msg::CompressedImage_<std::allocator<void> > >&; Alloc = std::allocator<void>][m[K’
[13.656s] [01m[K/home/hansol/ros2_ws/src/darknet_ros/darknet_ros/src/YoloObjectDetector.cpp:764:1:[m[K   required from here
[13.657s] [01m[K/usr/include/c++/7/bits/shared_ptr_base.h:966:7:[m[K [01;31m[Kerror: [m[Kforming pointer to reference type ‘[01m[Kstd::__shared_ptr_access<const std::shared_ptr<const sensor_msgs::msg::CompressedImage_<std::allocator<void> > >&, (__gnu_cxx::_Lock_policy)2, false, false>::element_type {aka const std::shared_ptr<const sensor_msgs::msg::CompressedImage_<std::allocator<void> > >&}[m[K’
[13.658s]        [01;31m[Koperator[m[K->() const noexcept
[13.658s]        [01;31m[K^~~~~~~~[m[K
[13.659s] [01m[K/usr/include/c++/7/bits/shared_ptr_base.h:974:7:[m[K [01;31m[Kerror: [m[Kforming pointer to reference type ‘[01m[Kstd::__shared_ptr_access<const std::shared_ptr<const sensor_msgs::msg::CompressedImage_<std::allocator<void> > >&, (__gnu_cxx::_Lock_policy)2, false, false>::element_type {aka const std::shared_ptr<const sensor_msgs::msg::CompressedImage_<std::allocator<void> > >&}[m[K’
[13.659s]        [01;31m[K_M_get[m[K() const noexcept
[13.660s]        [01;31m[K^~~~~~[m[K
[13.661s] /usr/include/c++/7/bits/shared_ptr_base.h: In instantiation of ‘[01m[Kclass std::__shared_ptr<const std::shared_ptr<const sensor_msgs::msg::CompressedImage_<std::allocator<void> > >&, (__gnu_cxx::_Lock_policy)2>[m[K’:
[13.661s] [01m[K/usr/include/c++/7/bits/shared_ptr.h:93:11:[m[K   required from ‘[01m[Kclass std::shared_ptr<const std::shared_ptr<const sensor_msgs::msg::CompressedImage_<std::allocator<void> > >&>[m[K’
[13.662s] [01m[K/opt/ros/dashing/include/rclcpp/message_memory_strategy.hpp:84:37:[m[K   required from ‘[01m[Kstd::shared_ptr<_Tp> rclcpp::message_memory_strategy::MessageMemoryStrategy<MessageT, Alloc>::borrow_message() [with MessageT = const std::shared_ptr<const sensor_msgs::msg::CompressedImage_<std::allocator<void> > >&; Alloc = std::allocator<void>][m[K’
[13.662s] [01m[K/home/hansol/ros2_ws/src/darknet_ros/darknet_ros/src/YoloObjectDetector.cpp:764:1:[m[K   required from here
[13.663s] [01m[K/usr/include/c++/7/bits/shared_ptr_base.h:1049:66:[m[K [01;31m[Kerror: [m[Kforming pointer to reference type ‘[01m[Kconst std::shared_ptr<const sensor_msgs::msg::CompressedImage_<std::allocator<void> > >&[m[K’
[13.664s]     enable_if<__sp_compatible_with<_Yp*, _Tp*>::value, _Res>::type[01;31m[K;[m[K
[13.664s]                                                                   [01;31m[K^[m[K
[13.665s] [01m[K/usr/include/c++/7/bits/shared_ptr_base.h:1060:25:[m[K [01;31m[Kerror: [m[Kforming pointer to reference type ‘[01m[Kconst std::shared_ptr<const sensor_msgs::msg::CompressedImage_<std::allocator<void> > >&[m[K’
[13.665s]     >::value, _Res>::type[01;31m[K;[m[K
[13.666s]                          [01;31m[K^[m[K
[13.666s] [01m[K/usr/include/c++/7/bits/shared_ptr_base.h:1116:2:[m[K [01;31m[Kerror: [m[Kforming pointer to reference type ‘[01m[Kstd::__shared_ptr<const std::shared_ptr<const sensor_msgs::msg::CompressedImage_<std::allocator<void> > >&, (__gnu_cxx::_Lock_policy)2>::element_type {aka const std::shared_ptr<const sensor_msgs::msg::CompressedImage_<std::allocator<void> > >&}[m[K’
[13.667s]   [01;31m[K__shared_ptr[m[K(const __shared_ptr<_Yp, _Lp>& __r,
[13.668s]   [01;31m[K^~~~~~~~~~~~[m[K
[13.668s] /usr/include/c++/7/bits/shared_ptr_base.h: In substitution of ‘[01m[Ktemplate<class _Tp, __gnu_cxx::_Lock_policy _Lp> template<class _Yp, class _Res> using _Compatible = typename std::enable_if<std::__sp_compatible_with<_Yp*, _Tp*>::value, _Res>::type [with _Yp = _Yp; _Res = void; _Tp = const std::shared_ptr<const sensor_msgs::msg::CompressedImage_<std::allocator<void> > >&; __gnu_cxx::_Lock_policy _Lp = (__gnu_cxx::_Lock_policy)2][m[K’:
[13.669s] [01m[K/usr/include/c++/7/bits/shared_ptr_base.h:1126:2:[m[K   required from ‘[01m[Kclass std::__shared_ptr<const std::shared_ptr<const sensor_msgs::msg::CompressedImage_<std::allocator<void> > >&, (__gnu_cxx::_Lock_policy)2>[m[K’
[13.669s] [01m[K/usr/include/c++/7/bits/shared_ptr.h:93:11:[m[K   required from ‘[01m[Kclass std::shared_ptr<const std::shared_ptr<const sensor_msgs::msg::CompressedImage_<std::allocator<void> > >&>[m[K’
[13.670s] [01m[K/opt/ros/dashing/include/rclcpp/message_memory_strategy.hpp:84:37:[m[K   required from ‘[01m[Kstd::shared_ptr<_Tp> rclcpp::message_memory_strategy::MessageMemoryStrategy<MessageT, Alloc>::borrow_message() [with MessageT = const std::shared_ptr<const sensor_msgs::msg::CompressedImage_<std::allocator<void> > >&; Alloc = std::allocator<void>][m[K’
[13.670s] [01m[K/home/hansol/ros2_ws/src/darknet_ros/darknet_ros/src/YoloObjectDetector.cpp:764:1:[m[K   required from here
[13.671s] [01m[K/usr/include/c++/7/bits/shared_ptr_base.h:1049:66:[m[K [01;31m[Kerror: [m[Kforming pointer to reference type ‘[01m[Kconst std::shared_ptr<const sensor_msgs::msg::CompressedImage_<std::allocator<void> > >&[m[K’
[13.672s]     enable_if<__sp_compatible_with<_Yp*, _Tp*>::value, _Res>::type[01;31m[K;[m[K
[13.672s]                                                                   [01;31m[K^[m[K
[13.673s] /usr/include/c++/7/bits/shared_ptr_base.h: In substitution of ‘[01m[Ktemplate<class _Tp, __gnu_cxx::_Lock_policy _Lp> template<class _Yp, class _Del, class _Res, class _Ptr> using _UniqCompatible = typename std::enable_if<std::__and_<std::__sp_compatible_with<_Yp*, _Tp*>, std::is_convertible<_Ptr, typename std::remove_extent<_Up>::type*> >::value, _Res>::type [with _Yp = _Yp; _Del = _Del; _Res = void; _Ptr = typename std::unique_ptr<_Tp, _Dp>::pointer; _Tp = const std::shared_ptr<const sensor_msgs::msg::CompressedImage_<std::allocator<void> > >&; __gnu_cxx::_Lock_policy _Lp = (__gnu_cxx::_Lock_policy)2][m[K’:
[13.673s] [01m[K/usr/include/c++/7/bits/shared_ptr_base.h:1157:2:[m[K   required from ‘[01m[Kclass std::__shared_ptr<const std::shared_ptr<const sensor_msgs::msg::CompressedImage_<std::allocator<void> > >&, (__gnu_cxx::_Lock_policy)2>[m[K’
[13.674s] [01m[K/usr/include/c++/7/bits/shared_ptr.h:93:11:[m[K   required from ‘[01m[Kclass std::shared_ptr<const std::shared_ptr<const sensor_msgs::msg::CompressedImage_<std::allocator<void> > >&>[m[K’
[13.674s] [01m[K/opt/ros/dashing/include/rclcpp/message_memory_strategy.hpp:84:37:[m[K   required from ‘[01m[Kstd::shared_ptr<_Tp> rclcpp::message_memory_strategy::MessageMemoryStrategy<MessageT, Alloc>::borrow_message() [with MessageT = const std::shared_ptr<const sensor_msgs::msg::CompressedImage_<std::allocator<void> > >&; Alloc = std::allocator<void>][m[K’
[13.675s] [01m[K/home/hansol/ros2_ws/src/darknet_ros/darknet_ros/src/YoloObjectDetector.cpp:764:1:[m[K   required from here
[13.676s] [01m[K/usr/include/c++/7/bits/shared_ptr_base.h:1060:25:[m[K [01;31m[Kerror: [m[Kforming pointer to reference type ‘[01m[Kconst std::shared_ptr<const sensor_msgs::msg::CompressedImage_<std::allocator<void> > >&[m[K’
[13.676s]     >::value, _Res>::type[01;31m[K;[m[K
[13.677s]                          [01;31m[K^[m[K
[13.677s] /usr/include/c++/7/bits/shared_ptr_base.h: In instantiation of ‘[01m[Kclass std::__shared_ptr<const std::shared_ptr<const sensor_msgs::msg::CompressedImage_<std::allocator<void> > >&, (__gnu_cxx::_Lock_policy)2>[m[K’:
[13.678s] [01m[K/usr/include/c++/7/bits/shared_ptr.h:93:11:[m[K   required from ‘[01m[Kclass std::shared_ptr<const std::shared_ptr<const sensor_msgs::msg::CompressedImage_<std::allocator<void> > >&>[m[K’
[13.678s] [01m[K/opt/ros/dashing/include/rclcpp/message_memory_strategy.hpp:84:37:[m[K   required from ‘[01m[Kstd::shared_ptr<_Tp> rclcpp::message_memory_strategy::MessageMemoryStrategy<MessageT, Alloc>::borrow_message() [with MessageT = const std::shared_ptr<const sensor_msgs::msg::CompressedImage_<std::allocator<void> > >&; Alloc = std::allocator<void>][m[K’
[13.679s] [01m[K/home/hansol/ros2_ws/src/darknet_ros/darknet_ros/src/YoloObjectDetector.cpp:764:1:[m[K   required from here
[13.680s] [01m[K/usr/include/c++/7/bits/shared_ptr_base.h:1257:7:[m[K [01;31m[Kerror: [m[Kforming pointer to reference type ‘[01m[Kstd::__shared_ptr<const std::shared_ptr<const sensor_msgs::msg::CompressedImage_<std::allocator<void> > >&, (__gnu_cxx::_Lock_policy)2>::element_type {aka const std::shared_ptr<const sensor_msgs::msg::CompressedImage_<std::allocator<void> > >&}[m[K’
[13.680s]        [01;31m[Kget[m[K() const noexcept
[13.681s]        [01;31m[K^~~[m[K
[13.681s] [01m[K/usr/include/c++/7/bits/shared_ptr_base.h:1401:24:[m[K [01;31m[Kerror: [m[Kforming pointer to reference type ‘[01m[Kstd::__shared_ptr<const std::shared_ptr<const sensor_msgs::msg::CompressedImage_<std::allocator<void> > >&, (__gnu_cxx::_Lock_policy)2>::element_type {aka const std::shared_ptr<const sensor_msgs::msg::CompressedImage_<std::allocator<void> > >&}[m[K’
[13.682s]        element_type*    [01;31m[K_M_ptr[m[K;         // Contained pointer.
[13.682s]                         [01;31m[K^~~~~~[m[K
[13.683s] In file included from [01m[K/usr/include/c++/7/memory:81:0[m[K,
[13.684s]                  from [01m[K/usr/include/c++/7/thread:39[m[K,
[13.684s]                  from [01m[K/home/hansol/ros2_ws/src/darknet_ros/darknet_ros/include/darknet_ros/YoloObjectDetector.hpp:17[m[K,
[13.685s]                  from [01m[K/home/hansol/ros2_ws/src/darknet_ros/darknet_ros/src/YoloObjectDetector.cpp:10[m[K:
[13.685s] /usr/include/c++/7/bits/shared_ptr.h: In instantiation of ‘[01m[Kclass std::shared_ptr<const std::shared_ptr<const sensor_msgs::msg::CompressedImage_<std::allocator<void> > >&>[m[K’:
[13.686s] [01m[K/opt/ros/dashing/include/rclcpp/message_memory_strategy.hpp:84:37:[m[K   required from ‘[01m[Kstd::shared_ptr<_Tp> rclcpp::message_memory_strategy::MessageMemoryStrategy<MessageT, Alloc>::borrow_message() [with MessageT = const std::shared_ptr<const sensor_msgs::msg::CompressedImage_<std::allocator<void> > >&; Alloc = std::allocator<void>][m[K’
[13.687s] [01m[K/home/hansol/ros2_ws/src/darknet_ros/darknet_ros/src/YoloObjectDetector.cpp:764:1:[m[K   required from here
[13.687s] [01m[K/usr/include/c++/7/bits/shared_ptr.h:224:2:[m[K [01;31m[Kerror: [m[Kforming pointer to reference type ‘[01m[Kstd::shared_ptr<const std::shared_ptr<const sensor_msgs::msg::CompressedImage_<std::allocator<void> > >&>::element_type {aka const std::shared_ptr<const sensor_msgs::msg::CompressedImage_<std::allocator<void> > >&}[m[K’
[13.688s]   [01;31m[Kshared_ptr[m[K(const shared_ptr<_Yp>& __r, element_type* __p) noexcept
[13.688s]   [01;31m[K^~~~~~~~~~[m[K
[13.963s] In file included from [01m[K/usr/include/c++/7/bits/shared_ptr.h:52:0[m[K,
[13.964s]                  from [01m[K/usr/include/c++/7/memory:81[m[K,
[13.964s]                  from [01m[K/usr/include/c++/7/thread:39[m[K,
[13.965s]                  from [01m[K/home/hansol/ros2_ws/src/darknet_ros/darknet_ros/include/darknet_ros/YoloObjectDetector.hpp:17[m[K,
[13.965s]                  from [01m[K/home/hansol/ros2_ws/src/darknet_ros/darknet_ros/src/YoloObjectDetector.cpp:10[m[K:
[13.966s] /usr/include/c++/7/bits/shared_ptr_base.h: In instantiation of ‘[01m[Kconstexpr std::__shared_ptr<_Tp, _Lp>::__shared_ptr() [with _Tp = const std::shared_ptr<const sensor_msgs::msg::CompressedImage_<std::allocator<void> > >&; __gnu_cxx::_Lock_policy _Lp = (__gnu_cxx::_Lock_policy)2][m[K’:
[13.967s] [01m[K/usr/include/c++/7/bits/shared_ptr_base.h:1235:9:[m[K   required from ‘[01m[Kvoid std::__shared_ptr<_Tp, _Lp>::reset() [with _Tp = const std::shared_ptr<const sensor_msgs::msg::CompressedImage_<std::allocator<void> > >&; __gnu_cxx::_Lock_policy _Lp = (__gnu_cxx::_Lock_policy)2][m[K’
[13.967s] [01m[K/opt/ros/dashing/include/rclcpp/message_memory_strategy.hpp:126:5:[m[K   required from ‘[01m[Kvoid rclcpp::message_memory_strategy::MessageMemoryStrategy<MessageT, Alloc>::return_message(std::shared_ptr<_Tp>&) [with MessageT = const std::shared_ptr<const sensor_msgs::msg::CompressedImage_<std::allocator<void> > >&; Alloc = std::allocator<void>][m[K’
[13.968s] [01m[K/home/hansol/ros2_ws/src/darknet_ros/darknet_ros/src/YoloObjectDetector.cpp:764:1:[m[K   required from here
[13.968s] [01m[K/usr/include/c++/7/bits/shared_ptr_base.h:1073:32:[m[K [01;31m[Kerror: [m[Kusing invalid field ‘[01m[Kstd::__shared_ptr<_Tp, _Lp>::_M_ptr[m[K’
[13.969s]        : _M_ptr(0), _M_refcount([01;31m[K)[m[K
[13.970s]                                 [01;31m[K^[m[K
[13.970s] /usr/include/c++/7/bits/shared_ptr_base.h: In instantiation of ‘[01m[Kvoid std::__shared_ptr<_Tp, _Lp>::swap(std::__shared_ptr<_Tp, _Lp>&) [with _Tp = const std::shared_ptr<const sensor_msgs::msg::CompressedImage_<std::allocator<void> > >&; __gnu_cxx::_Lock_policy _Lp = (__gnu_cxx::_Lock_policy)2][m[K’:
[13.971s] [01m[K/usr/include/c++/7/bits/shared_ptr_base.h:1235:24:[m[K   required from ‘[01m[Kvoid std::__shared_ptr<_Tp, _Lp>::reset() [with _Tp = const std::shared_ptr<const sensor_msgs::msg::CompressedImage_<std::allocator<void> > >&; __gnu_cxx::_Lock_policy _Lp = (__gnu_cxx::_Lock_policy)2][m[K’
[13.972s] [01m[K/opt/ros/dashing/include/rclcpp/message_memory_strategy.hpp:126:5:[m[K   required from ‘[01m[Kvoid rclcpp::message_memory_strategy::MessageMemoryStrategy<MessageT, Alloc>::return_message(std::shared_ptr<_Tp>&) [with MessageT = const std::shared_ptr<const sensor_msgs::msg::CompressedImage_<std::allocator<void> > >&; Alloc = std::allocator<void>][m[K’
[13.972s] [01m[K/home/hansol/ros2_ws/src/darknet_ros/darknet_ros/src/YoloObjectDetector.cpp:764:1:[m[K   required from here
[13.973s] [01m[K/usr/include/c++/7/bits/shared_ptr_base.h:1274:12:[m[K [01;31m[Kerror: [m[Kusing invalid field ‘[01m[Kstd::__shared_ptr<_Tp, _Lp>::_M_ptr[m[K’
[13.973s]   std::swap([01;31m[K_M_ptr[m[K, __other._M_ptr);
[13.974s]             [01;31m[K^~~~~~[m[K
[13.974s] [01m[K/usr/include/c++/7/bits/shared_ptr_base.h:1274:28:[m[K [01;31m[Kerror: [m[K‘[01m[Kclass std::__shared_ptr<const std::shared_ptr<const sensor_msgs::msg::CompressedImage_<std::allocator<void> > >&, (__gnu_cxx::_Lock_policy)2>[m[K’ has no member named ‘[01m[K_M_ptr[m[K’
[13.991s]   std::swap(_M_ptr, [01;31m[K__other._M_ptr[m[K);
[13.992s]                     [01;31m[K~~~~~~~~^~~~~~[m[K
[14.342s] In file included from [01m[K/usr/include/c++/7/future:48:0[m[K,
[14.343s]                  from [01m[K/opt/ros/dashing/include/rclcpp/executors.hpp:18[m[K,
[14.343s]                  from [01m[K/opt/ros/dashing/include/rclcpp/rclcpp.hpp:144[m[K,
[14.344s]                  from [01m[K/home/hansol/ros2_ws/src/darknet_ros/darknet_ros/include/darknet_ros/YoloObjectDetector.hpp:25[m[K,
[14.344s]                  from [01m[K/home/hansol/ros2_ws/src/darknet_ros/darknet_ros/src/YoloObjectDetector.cpp:10[m[K:
[14.345s] [01m[K/usr/include/c++/7/bits/std_function.h:[m[K At global scope:
[14.346s] [01m[K/usr/include/c++/7/bits/std_function.h:541:2:[m[K [01;31m[Kerror: [m[K‘[01m[Kstd::function<_Res(_ArgTypes ...)>::_Requires<std::function<_Res(_ArgTypes ...)>::_Callable<typename std::decay<_U1>::type>, std::function<_Res(_ArgTypes ...)>&> std::function<_Res(_ArgTypes ...)>::operator=(_Functor&&) [with _Functor = rclcpp::create_subscription_factory(CallbackT&&, const rclcpp::SubscriptionEventCallbacks&, typename rclcpp::message_memory_strategy::MessageMemoryStrategy<CallbackMessageT, Alloc>::SharedPtr, std::shared_ptr<PublisherT>) [with MessageT = sensor_msgs::msg::CompressedImage_<std::allocator<void> >; CallbackT = std::_Bind<void (darknet_ros::YoloObjectDetector::*(darknet_ros::YoloObjectDetector*, std::_Placeholder<1>))(const std::shared_ptr<const sensor_msgs::msg::CompressedImage_<std::allocator<void> > >&)>; Alloc = std::allocator<void>; CallbackMessageT = const std::shared_ptr<const sensor_msgs::msg::CompressedImage_<std::allocator<void> > >&; SubscriptionT = rclcpp::Subscription<const std::shared_ptr<const sensor_msgs::msg::CompressedImage_<std::allocator<void> > >&, std::allocator<void> >; typename rclcpp::message_memory_strategy::MessageMemoryStrategy<CallbackMessageT, Alloc>::SharedPtr = std::shared_ptr<rclcpp::message_memory_strategy::MessageMemoryStrategy<const std::shared_ptr<const sensor_msgs::msg::CompressedImage_<std::allocator<void> > >&, std::allocator<void> > >]::<lambda(rclcpp::node_interfaces::NodeBaseInterface*, const string&, const rcl_subscription_options_t&)>; _Res = std::shared_ptr<rclcpp::SubscriptionBase>; _ArgTypes = {rclcpp::node_interfaces::NodeBaseInterface*, const std::__cxx11::basic_string<char, std::char_traits<char>, std::allocator<char> >&, const rcl_subscription_options_t&}; std::function<_Res(_ArgTypes ...)>::_Requires<std::function<_Res(_ArgTypes ...)>::_Callable<typename std::decay<_U1>::type>, std::function<_Res(_ArgTypes ...)>&> = std::function<std::shared_ptr<rclcpp::SubscriptionBase>(rclcpp::node_interfaces::NodeBaseInterface*, const std::__cxx11::basic_string<char>&, const rcl_subscription_options_t&)>&][m[K’, declared using local type ‘[01m[Krclcpp::create_subscription_factory(CallbackT&&, const rclcpp::SubscriptionEventCallbacks&, typename rclcpp::message_memory_strategy::MessageMemoryStrategy<CallbackMessageT, Alloc>::SharedPtr, std::shared_ptr<PublisherT>) [with MessageT = sensor_msgs::msg::CompressedImage_<std::allocator<void> >; CallbackT = std::_Bind<void (darknet_ros::YoloObjectDetector::*(darknet_ros::YoloObjectDetector*, std::_Placeholder<1>))(const std::shared_ptr<const sensor_msgs::msg::CompressedImage_<std::allocator<void> > >&)>; Alloc = std::allocator<void>; CallbackMessageT = const std::shared_ptr<const sensor_msgs::msg::CompressedImage_<std::allocator<void> > >&; SubscriptionT = rclcpp::Subscription<const std::shared_ptr<const sensor_msgs::msg::CompressedImage_<std::allocator<void> > >&, std::allocator<void> >; typename rclcpp::message_memory_strategy::MessageMemoryStrategy<CallbackMessageT, Alloc>::SharedPtr = std::shared_ptr<rclcpp::message_memory_strategy::MessageMemoryStrategy<const std::shared_ptr<const sensor_msgs::msg::CompressedImage_<std::allocator<void> > >&, std::allocator<void> > >]::<lambda(rclcpp::node_interfaces::NodeBaseInterface*, const string&, const rcl_subscription_options_t&)>[m[K’, is used but never defined [[01;31m[K-fpermissive[m[K]
[14.346s]   [01;31m[Koperator[m[K=(_Functor&& __f)
[14.347s]   [01;31m[K^~~~~~~~[m[K
[15.133s] make[2]: *** [CMakeFiles/darknet_ros_lib.dir/src/YoloObjectDetector.cpp.o] Error 1
[15.135s] CMakeFiles/darknet_ros_lib.dir/build.make:2370: recipe for target 'CMakeFiles/darknet_ros_lib.dir/src/YoloObjectDetector.cpp.o' failed
[15.138s] CMakeFiles/Makefile2:111: recipe for target 'CMakeFiles/darknet_ros_lib.dir/all' failed
[15.148s] make[1]: *** [CMakeFiles/darknet_ros_lib.dir/all] Error 2
[15.152s] Makefile:145: recipe for target 'all' failed
[15.153s] make: *** [all] Error 2
[15.155s] Invoked command in '/home/hansol/ros2_ws/build/darknet_ros' returned '2': CMAKE_PREFIX_PATH=/home/hansol/ros2_ws/install/darknet_ros_msgs:/home/hansol/ros2_ws/install/realsense_ros2_camera:/home/hansol/ros2_ws/install/realsense_camera_msgs:/home/hansol/ros2_ws/install/darknet_ros:/home/hansol/ros2_ws/install/Darknet:/opt/ros/dashing LD_LIBRARY_PATH=/home/hansol/ros2_ws/install/darknet_ros_msgs/lib:/home/hansol/ros2_ws/install/realsense_camera_msgs/lib:/home/hansol/ros2_ws/install/darknet_ros/lib:/opt/ros/dashing/lib:/usr/local/cuda-10.2/lib64 PYTHONPATH=/home/hansol/ros2_ws/install/darknet_ros_msgs/lib/python3.6/site-packages:/home/hansol/ros2_ws/install/realsense_camera_msgs/lib/python3.6/site-packages:/opt/ros/dashing/lib/python3.6/site-packages /usr/local/bin/cmake --build /home/hansol/ros2_ws/build/darknet_ros -- -j4 -l4
