[0.682s] DEBUG:colcon:Command line arguments: ['/usr/bin/colcon', 'build', '--symlink-install']
[0.683s] DEBUG:colcon:Parsed command line arguments: Namespace(allow_overriding=[], ament_cmake_args=None, base_paths=['.'], build_base='build', catkin_cmake_args=None, catkin_skip_building_tests=False, cmake_args=None, cmake_clean_cache=False, cmake_clean_first=False, cmake_force_configure=False, cmake_target=None, cmake_target_skip_unavailable=False, continue_on_error=False, event_handlers=None, executor='parallel', ignore_user_meta=False, install_base='install', log_base=None, log_level=None, main=<bound method BuildVerb.main of <colcon_core.verb.build.BuildVerb object at 0x7fa7f0e128>>, merge_install=False, metas=['./colcon.meta'], packages_above=None, packages_above_and_dependencies=None, packages_above_depth=None, packages_end=None, packages_ignore=None, packages_ignore_regex=None, packages_select=None, packages_select_build_failed=False, packages_select_by_dep=None, packages_select_regex=None, packages_select_test_failures=False, packages_skip=None, packages_skip_build_finished=False, packages_skip_by_dep=None, packages_skip_regex=None, packages_skip_test_passed=False, packages_skip_up_to=None, packages_start=None, packages_up_to=None, packages_up_to_regex=None, parallel_workers=4, paths=None, symlink_install=True, test_result_base=None, verb_extension=<colcon_core.verb.build.BuildVerb object at 0x7fa7f0e128>, verb_name='build', verb_parser=<colcon_defaults.argument_parser.defaults.DefaultArgumentsDecorator object at 0x7fa7f0e470>)
[0.794s] Level 1:colcon.colcon_core.package_discovery:discover_packages(colcon_meta) check parameters
[0.795s] Level 1:colcon.colcon_core.package_discovery:discover_packages(recursive) check parameters
[0.796s] Level 1:colcon.colcon_core.package_discovery:discover_packages(ignore) check parameters
[0.796s] Level 1:colcon.colcon_core.package_discovery:discover_packages(path) check parameters
[0.796s] Level 1:colcon.colcon_core.package_discovery:discover_packages(colcon_meta) discover
[0.798s] Level 1:colcon.colcon_core.package_discovery:discover_packages(recursive) discover
[0.798s] INFO:colcon.colcon_core.package_discovery:Crawling recursively for packages in '/home/hansol/ros2_ws'
[0.799s] Level 1:colcon.colcon_core.package_identification:_identify(.) by extensions ['ignore', 'ignore_ament_install']
[0.799s] Level 1:colcon.colcon_core.package_identification:_identify(.) by extension 'ignore'
[0.800s] Level 1:colcon.colcon_core.package_identification:_identify(.) by extension 'ignore_ament_install'
[0.800s] Level 1:colcon.colcon_core.package_identification:_identify(.) by extensions ['colcon_pkg']
[0.800s] Level 1:colcon.colcon_core.package_identification:_identify(.) by extension 'colcon_pkg'
[0.801s] Level 1:colcon.colcon_core.package_identification:_identify(.) by extensions ['colcon_meta']
[0.801s] Level 1:colcon.colcon_core.package_identification:_identify(.) by extension 'colcon_meta'
[0.801s] Level 1:colcon.colcon_core.package_identification:_identify(.) by extensions ['ros']
[0.802s] Level 1:colcon.colcon_core.package_identification:_identify(.) by extension 'ros'
[0.870s] Level 1:colcon.colcon_core.package_identification:_identify(.) by extensions ['cmake', 'python']
[0.871s] Level 1:colcon.colcon_core.package_identification:_identify(.) by extension 'cmake'
[0.871s] Level 1:colcon.colcon_core.package_identification:_identify(.) by extension 'python'
[0.872s] Level 1:colcon.colcon_core.package_identification:_identify(.) by extensions ['python_setup_py']
[0.872s] Level 1:colcon.colcon_core.package_identification:_identify(.) by extension 'python_setup_py'
[0.873s] Level 1:colcon.colcon_core.package_identification:_identify(build) by extensions ['ignore', 'ignore_ament_install']
[0.873s] Level 1:colcon.colcon_core.package_identification:_identify(build) by extension 'ignore'
[0.874s] Level 1:colcon.colcon_core.package_identification:_identify(build) ignored
[0.876s] Level 1:colcon.colcon_core.package_identification:_identify(install) by extensions ['ignore', 'ignore_ament_install']
[0.877s] Level 1:colcon.colcon_core.package_identification:_identify(install) by extension 'ignore'
[0.878s] Level 1:colcon.colcon_core.package_identification:_identify(install) ignored
[0.879s] Level 1:colcon.colcon_core.package_identification:_identify(log) by extensions ['ignore', 'ignore_ament_install']
[0.880s] Level 1:colcon.colcon_core.package_identification:_identify(log) by extension 'ignore'
[0.880s] Level 1:colcon.colcon_core.package_identification:_identify(log) ignored
[0.880s] Level 1:colcon.colcon_core.package_identification:_identify(src) by extensions ['ignore', 'ignore_ament_install']
[0.881s] Level 1:colcon.colcon_core.package_identification:_identify(src) by extension 'ignore'
[0.881s] Level 1:colcon.colcon_core.package_identification:_identify(src) by extension 'ignore_ament_install'
[0.882s] Level 1:colcon.colcon_core.package_identification:_identify(src) by extensions ['colcon_pkg']
[0.882s] Level 1:colcon.colcon_core.package_identification:_identify(src) by extension 'colcon_pkg'
[0.882s] Level 1:colcon.colcon_core.package_identification:_identify(src) by extensions ['colcon_meta']
[0.883s] Level 1:colcon.colcon_core.package_identification:_identify(src) by extension 'colcon_meta'
[0.883s] Level 1:colcon.colcon_core.package_identification:_identify(src) by extensions ['ros']
[0.883s] Level 1:colcon.colcon_core.package_identification:_identify(src) by extension 'ros'
[0.884s] Level 1:colcon.colcon_core.package_identification:_identify(src) by extensions ['cmake', 'python']
[0.884s] Level 1:colcon.colcon_core.package_identification:_identify(src) by extension 'cmake'
[0.884s] Level 1:colcon.colcon_core.package_identification:_identify(src) by extension 'python'
[0.885s] Level 1:colcon.colcon_core.package_identification:_identify(src) by extensions ['python_setup_py']
[0.885s] Level 1:colcon.colcon_core.package_identification:_identify(src) by extension 'python_setup_py'
[0.886s] Level 1:colcon.colcon_core.package_identification:_identify(src/darknet_ros) by extensions ['ignore', 'ignore_ament_install']
[0.886s] Level 1:colcon.colcon_core.package_identification:_identify(src/darknet_ros) by extension 'ignore'
[0.886s] Level 1:colcon.colcon_core.package_identification:_identify(src/darknet_ros) by extension 'ignore_ament_install'
[0.887s] Level 1:colcon.colcon_core.package_identification:_identify(src/darknet_ros) by extensions ['colcon_pkg']
[0.887s] Level 1:colcon.colcon_core.package_identification:_identify(src/darknet_ros) by extension 'colcon_pkg'
[0.887s] Level 1:colcon.colcon_core.package_identification:_identify(src/darknet_ros) by extensions ['colcon_meta']
[0.888s] Level 1:colcon.colcon_core.package_identification:_identify(src/darknet_ros) by extension 'colcon_meta'
[0.888s] Level 1:colcon.colcon_core.package_identification:_identify(src/darknet_ros) by extensions ['ros']
[0.888s] Level 1:colcon.colcon_core.package_identification:_identify(src/darknet_ros) by extension 'ros'
[0.889s] Level 1:colcon.colcon_core.package_identification:_identify(src/darknet_ros) by extensions ['cmake', 'python']
[0.889s] Level 1:colcon.colcon_core.package_identification:_identify(src/darknet_ros) by extension 'cmake'
[0.889s] Level 1:colcon.colcon_core.package_identification:_identify(src/darknet_ros) by extension 'python'
[0.890s] Level 1:colcon.colcon_core.package_identification:_identify(src/darknet_ros) by extensions ['python_setup_py']
[0.890s] Level 1:colcon.colcon_core.package_identification:_identify(src/darknet_ros) by extension 'python_setup_py'
[0.890s] Level 1:colcon.colcon_core.package_identification:_identify(src/darknet_ros/build) by extensions ['ignore', 'ignore_ament_install']
[0.891s] Level 1:colcon.colcon_core.package_identification:_identify(src/darknet_ros/build) by extension 'ignore'
[0.891s] Level 1:colcon.colcon_core.package_identification:_identify(src/darknet_ros/build) ignored
[0.892s] Level 1:colcon.colcon_core.package_identification:_identify(src/darknet_ros/darknet) by extensions ['ignore', 'ignore_ament_install']
[0.893s] Level 1:colcon.colcon_core.package_identification:_identify(src/darknet_ros/darknet) by extension 'ignore'
[0.893s] Level 1:colcon.colcon_core.package_identification:_identify(src/darknet_ros/darknet) by extension 'ignore_ament_install'
[0.894s] Level 1:colcon.colcon_core.package_identification:_identify(src/darknet_ros/darknet) by extensions ['colcon_pkg']
[0.894s] Level 1:colcon.colcon_core.package_identification:_identify(src/darknet_ros/darknet) by extension 'colcon_pkg'
[0.894s] Level 1:colcon.colcon_core.package_identification:_identify(src/darknet_ros/darknet) by extensions ['colcon_meta']
[0.895s] Level 1:colcon.colcon_core.package_identification:_identify(src/darknet_ros/darknet) by extension 'colcon_meta'
[0.895s] Level 1:colcon.colcon_core.package_identification:_identify(src/darknet_ros/darknet) by extensions ['ros']
[0.895s] Level 1:colcon.colcon_core.package_identification:_identify(src/darknet_ros/darknet) by extension 'ros'
[0.896s] Level 1:colcon.colcon_core.package_identification:_identify(src/darknet_ros/darknet) by extensions ['cmake', 'python']
[0.896s] Level 1:colcon.colcon_core.package_identification:_identify(src/darknet_ros/darknet) by extension 'cmake'
[0.941s] Level 1:colcon.colcon_core.package_identification:_identify(src/darknet_ros/darknet) by extension 'python'
[0.942s] DEBUG:colcon.colcon_core.package_identification:Package 'src/darknet_ros/darknet' with type 'cmake' and name 'Darknet'
[0.943s] Level 1:colcon.colcon_core.package_identification:_identify(src/darknet_ros/darknet_ros) by extensions ['ignore', 'ignore_ament_install']
[0.943s] Level 1:colcon.colcon_core.package_identification:_identify(src/darknet_ros/darknet_ros) by extension 'ignore'
[0.944s] Level 1:colcon.colcon_core.package_identification:_identify(src/darknet_ros/darknet_ros) by extension 'ignore_ament_install'
[0.944s] Level 1:colcon.colcon_core.package_identification:_identify(src/darknet_ros/darknet_ros) by extensions ['colcon_pkg']
[0.945s] Level 1:colcon.colcon_core.package_identification:_identify(src/darknet_ros/darknet_ros) by extension 'colcon_pkg'
[0.945s] Level 1:colcon.colcon_core.package_identification:_identify(src/darknet_ros/darknet_ros) by extensions ['colcon_meta']
[0.945s] Level 1:colcon.colcon_core.package_identification:_identify(src/darknet_ros/darknet_ros) by extension 'colcon_meta'
[0.946s] Level 1:colcon.colcon_core.package_identification:_identify(src/darknet_ros/darknet_ros) by extensions ['ros']
[0.946s] Level 1:colcon.colcon_core.package_identification:_identify(src/darknet_ros/darknet_ros) by extension 'ros'
[0.966s] DEBUG:colcon.colcon_core.package_identification:Package 'src/darknet_ros/darknet_ros' with type 'ros.ament_cmake' and name 'darknet_ros'
[0.967s] Level 1:colcon.colcon_core.package_identification:_identify(src/darknet_ros/darknet_ros_msgs) by extensions ['ignore', 'ignore_ament_install']
[0.968s] Level 1:colcon.colcon_core.package_identification:_identify(src/darknet_ros/darknet_ros_msgs) by extension 'ignore'
[0.968s] Level 1:colcon.colcon_core.package_identification:_identify(src/darknet_ros/darknet_ros_msgs) by extension 'ignore_ament_install'
[0.969s] Level 1:colcon.colcon_core.package_identification:_identify(src/darknet_ros/darknet_ros_msgs) by extensions ['colcon_pkg']
[0.969s] Level 1:colcon.colcon_core.package_identification:_identify(src/darknet_ros/darknet_ros_msgs) by extension 'colcon_pkg'
[0.969s] Level 1:colcon.colcon_core.package_identification:_identify(src/darknet_ros/darknet_ros_msgs) by extensions ['colcon_meta']
[0.970s] Level 1:colcon.colcon_core.package_identification:_identify(src/darknet_ros/darknet_ros_msgs) by extension 'colcon_meta'
[0.970s] Level 1:colcon.colcon_core.package_identification:_identify(src/darknet_ros/darknet_ros_msgs) by extensions ['ros']
[0.970s] Level 1:colcon.colcon_core.package_identification:_identify(src/darknet_ros/darknet_ros_msgs) by extension 'ros'
[0.977s] DEBUG:colcon.colcon_core.package_identification:Package 'src/darknet_ros/darknet_ros_msgs' with type 'ros.ament_cmake' and name 'darknet_ros_msgs'
[0.978s] Level 1:colcon.colcon_core.package_identification:_identify(src/darknet_ros/install) by extensions ['ignore', 'ignore_ament_install']
[0.978s] Level 1:colcon.colcon_core.package_identification:_identify(src/darknet_ros/install) by extension 'ignore'
[0.979s] Level 1:colcon.colcon_core.package_identification:_identify(src/darknet_ros/install) ignored
[0.979s] Level 1:colcon.colcon_core.package_identification:_identify(src/darknet_ros/log) by extensions ['ignore', 'ignore_ament_install']
[0.980s] Level 1:colcon.colcon_core.package_identification:_identify(src/darknet_ros/log) by extension 'ignore'
[0.980s] Level 1:colcon.colcon_core.package_identification:_identify(src/darknet_ros/log) ignored
[0.981s] Level 1:colcon.colcon_core.package_identification:_identify(src/ros2_intel_realsense) by extensions ['ignore', 'ignore_ament_install']
[0.981s] Level 1:colcon.colcon_core.package_identification:_identify(src/ros2_intel_realsense) by extension 'ignore'
[0.982s] Level 1:colcon.colcon_core.package_identification:_identify(src/ros2_intel_realsense) by extension 'ignore_ament_install'
[0.982s] Level 1:colcon.colcon_core.package_identification:_identify(src/ros2_intel_realsense) by extensions ['colcon_pkg']
[0.982s] Level 1:colcon.colcon_core.package_identification:_identify(src/ros2_intel_realsense) by extension 'colcon_pkg'
[0.983s] Level 1:colcon.colcon_core.package_identification:_identify(src/ros2_intel_realsense) by extensions ['colcon_meta']
[0.983s] Level 1:colcon.colcon_core.package_identification:_identify(src/ros2_intel_realsense) by extension 'colcon_meta'
[0.983s] Level 1:colcon.colcon_core.package_identification:_identify(src/ros2_intel_realsense) by extensions ['ros']
[0.984s] Level 1:colcon.colcon_core.package_identification:_identify(src/ros2_intel_realsense) by extension 'ros'
[0.984s] Level 1:colcon.colcon_core.package_identification:_identify(src/ros2_intel_realsense) by extensions ['cmake', 'python']
[0.984s] Level 1:colcon.colcon_core.package_identification:_identify(src/ros2_intel_realsense) by extension 'cmake'
[0.985s] Level 1:colcon.colcon_core.package_identification:_identify(src/ros2_intel_realsense) by extension 'python'
[0.985s] Level 1:colcon.colcon_core.package_identification:_identify(src/ros2_intel_realsense) by extensions ['python_setup_py']
[0.985s] Level 1:colcon.colcon_core.package_identification:_identify(src/ros2_intel_realsense) by extension 'python_setup_py'
[0.986s] Level 1:colcon.colcon_core.package_identification:_identify(src/ros2_intel_realsense/realsense_camera_msgs) by extensions ['ignore', 'ignore_ament_install']
[0.987s] Level 1:colcon.colcon_core.package_identification:_identify(src/ros2_intel_realsense/realsense_camera_msgs) by extension 'ignore'
[0.987s] Level 1:colcon.colcon_core.package_identification:_identify(src/ros2_intel_realsense/realsense_camera_msgs) by extension 'ignore_ament_install'
[0.987s] Level 1:colcon.colcon_core.package_identification:_identify(src/ros2_intel_realsense/realsense_camera_msgs) by extensions ['colcon_pkg']
[0.987s] Level 1:colcon.colcon_core.package_identification:_identify(src/ros2_intel_realsense/realsense_camera_msgs) by extension 'colcon_pkg'
[0.988s] Level 1:colcon.colcon_core.package_identification:_identify(src/ros2_intel_realsense/realsense_camera_msgs) by extensions ['colcon_meta']
[0.988s] Level 1:colcon.colcon_core.package_identification:_identify(src/ros2_intel_realsense/realsense_camera_msgs) by extension 'colcon_meta'
[0.988s] Level 1:colcon.colcon_core.package_identification:_identify(src/ros2_intel_realsense/realsense_camera_msgs) by extensions ['ros']
[0.989s] Level 1:colcon.colcon_core.package_identification:_identify(src/ros2_intel_realsense/realsense_camera_msgs) by extension 'ros'
[0.999s] DEBUG:colcon.colcon_core.package_identification:Package 'src/ros2_intel_realsense/realsense_camera_msgs' with type 'ros.ament_cmake' and name 'realsense_camera_msgs'
[1.000s] Level 1:colcon.colcon_core.package_identification:_identify(src/ros2_intel_realsense/realsense_ros2_camera) by extensions ['ignore', 'ignore_ament_install']
[1.001s] Level 1:colcon.colcon_core.package_identification:_identify(src/ros2_intel_realsense/realsense_ros2_camera) by extension 'ignore'
[1.001s] Level 1:colcon.colcon_core.package_identification:_identify(src/ros2_intel_realsense/realsense_ros2_camera) by extension 'ignore_ament_install'
[1.002s] Level 1:colcon.colcon_core.package_identification:_identify(src/ros2_intel_realsense/realsense_ros2_camera) by extensions ['colcon_pkg']
[1.002s] Level 1:colcon.colcon_core.package_identification:_identify(src/ros2_intel_realsense/realsense_ros2_camera) by extension 'colcon_pkg'
[1.002s] Level 1:colcon.colcon_core.package_identification:_identify(src/ros2_intel_realsense/realsense_ros2_camera) by extensions ['colcon_meta']
[1.002s] Level 1:colcon.colcon_core.package_identification:_identify(src/ros2_intel_realsense/realsense_ros2_camera) by extension 'colcon_meta'
[1.003s] Level 1:colcon.colcon_core.package_identification:_identify(src/ros2_intel_realsense/realsense_ros2_camera) by extensions ['ros']
[1.003s] Level 1:colcon.colcon_core.package_identification:_identify(src/ros2_intel_realsense/realsense_ros2_camera) by extension 'ros'
[1.012s] DEBUG:colcon.colcon_core.package_identification:Package 'src/ros2_intel_realsense/realsense_ros2_camera' with type 'ros.ament_cmake' and name 'realsense_ros2_camera'
[1.013s] Level 1:colcon.colcon_core.package_discovery:discover_packages(recursive) using defaults
[1.014s] Level 1:colcon.colcon_core.package_discovery:discover_packages(ignore) discover
[1.015s] Level 1:colcon.colcon_core.package_discovery:discover_packages(ignore) using defaults
[1.015s] Level 1:colcon.colcon_core.package_discovery:discover_packages(path) discover
[1.015s] Level 1:colcon.colcon_core.package_discovery:discover_packages(path) using defaults
[1.220s] Level 1:colcon.colcon_core.package_discovery:discover_packages(prefix_path) check parameters
[1.221s] Level 1:colcon.colcon_core.package_discovery:discover_packages(prefix_path) discover
[1.238s] DEBUG:colcon.colcon_installed_package_information.package_discovery:Found 5 installed packages in /home/hansol/ros2_ws/install
[1.246s] DEBUG:colcon.colcon_installed_package_information.package_discovery:Found 170 installed packages in /opt/ros/dashing
[1.255s] Level 1:colcon.colcon_core.package_discovery:discover_packages(prefix_path) using defaults
[1.598s] Level 5:colcon.colcon_core.verb:set package 'Darknet' build argument 'cmake_args' from command line to 'None'
[1.599s] Level 5:colcon.colcon_core.verb:set package 'Darknet' build argument 'cmake_target' from command line to 'None'
[1.600s] Level 5:colcon.colcon_core.verb:set package 'Darknet' build argument 'cmake_target_skip_unavailable' from command line to 'False'
[1.600s] Level 5:colcon.colcon_core.verb:set package 'Darknet' build argument 'cmake_clean_cache' from command line to 'False'
[1.600s] Level 5:colcon.colcon_core.verb:set package 'Darknet' build argument 'cmake_clean_first' from command line to 'False'
[1.600s] Level 5:colcon.colcon_core.verb:set package 'Darknet' build argument 'cmake_force_configure' from command line to 'False'
[1.601s] Level 5:colcon.colcon_core.verb:set package 'Darknet' build argument 'ament_cmake_args' from command line to 'None'
[1.601s] Level 5:colcon.colcon_core.verb:set package 'Darknet' build argument 'catkin_cmake_args' from command line to 'None'
[1.601s] Level 5:colcon.colcon_core.verb:set package 'Darknet' build argument 'catkin_skip_building_tests' from command line to 'False'
[1.601s] DEBUG:colcon.colcon_core.verb:Building package 'Darknet' with the following arguments: {'ament_cmake_args': None, 'build_base': '/home/hansol/ros2_ws/build/Darknet', 'catkin_cmake_args': None, 'catkin_skip_building_tests': False, 'cmake_args': None, 'cmake_clean_cache': False, 'cmake_clean_first': False, 'cmake_force_configure': False, 'cmake_target': None, 'cmake_target_skip_unavailable': False, 'install_base': '/home/hansol/ros2_ws/install/Darknet', 'merge_install': False, 'path': '/home/hansol/ros2_ws/src/darknet_ros/darknet', 'symlink_install': True, 'test_result_base': None}
[1.605s] Level 5:colcon.colcon_core.verb:set package 'darknet_ros_msgs' build argument 'cmake_args' from command line to 'None'
[1.605s] Level 5:colcon.colcon_core.verb:set package 'darknet_ros_msgs' build argument 'cmake_target' from command line to 'None'
[1.606s] Level 5:colcon.colcon_core.verb:set package 'darknet_ros_msgs' build argument 'cmake_target_skip_unavailable' from command line to 'False'
[1.606s] Level 5:colcon.colcon_core.verb:set package 'darknet_ros_msgs' build argument 'cmake_clean_cache' from command line to 'False'
[1.606s] Level 5:colcon.colcon_core.verb:set package 'darknet_ros_msgs' build argument 'cmake_clean_first' from command line to 'False'
[1.606s] Level 5:colcon.colcon_core.verb:set package 'darknet_ros_msgs' build argument 'cmake_force_configure' from command line to 'False'
[1.606s] Level 5:colcon.colcon_core.verb:set package 'darknet_ros_msgs' build argument 'ament_cmake_args' from command line to 'None'
[1.607s] Level 5:colcon.colcon_core.verb:set package 'darknet_ros_msgs' build argument 'catkin_cmake_args' from command line to 'None'
[1.607s] Level 5:colcon.colcon_core.verb:set package 'darknet_ros_msgs' build argument 'catkin_skip_building_tests' from command line to 'False'
[1.607s] DEBUG:colcon.colcon_core.verb:Building package 'darknet_ros_msgs' with the following arguments: {'ament_cmake_args': None, 'build_base': '/home/hansol/ros2_ws/build/darknet_ros_msgs', 'catkin_cmake_args': None, 'catkin_skip_building_tests': False, 'cmake_args': None, 'cmake_clean_cache': False, 'cmake_clean_first': False, 'cmake_force_configure': False, 'cmake_target': None, 'cmake_target_skip_unavailable': False, 'install_base': '/home/hansol/ros2_ws/install/darknet_ros_msgs', 'merge_install': False, 'path': '/home/hansol/ros2_ws/src/darknet_ros/darknet_ros_msgs', 'symlink_install': True, 'test_result_base': None}
[1.610s] Level 5:colcon.colcon_core.verb:set package 'realsense_camera_msgs' build argument 'cmake_args' from command line to 'None'
[1.611s] Level 5:colcon.colcon_core.verb:set package 'realsense_camera_msgs' build argument 'cmake_target' from command line to 'None'
[1.611s] Level 5:colcon.colcon_core.verb:set package 'realsense_camera_msgs' build argument 'cmake_target_skip_unavailable' from command line to 'False'
[1.611s] Level 5:colcon.colcon_core.verb:set package 'realsense_camera_msgs' build argument 'cmake_clean_cache' from command line to 'False'
[1.611s] Level 5:colcon.colcon_core.verb:set package 'realsense_camera_msgs' build argument 'cmake_clean_first' from command line to 'False'
[1.612s] Level 5:colcon.colcon_core.verb:set package 'realsense_camera_msgs' build argument 'cmake_force_configure' from command line to 'False'
[1.612s] Level 5:colcon.colcon_core.verb:set package 'realsense_camera_msgs' build argument 'ament_cmake_args' from command line to 'None'
[1.612s] Level 5:colcon.colcon_core.verb:set package 'realsense_camera_msgs' build argument 'catkin_cmake_args' from command line to 'None'
[1.612s] Level 5:colcon.colcon_core.verb:set package 'realsense_camera_msgs' build argument 'catkin_skip_building_tests' from command line to 'False'
[1.613s] DEBUG:colcon.colcon_core.verb:Building package 'realsense_camera_msgs' with the following arguments: {'ament_cmake_args': None, 'build_base': '/home/hansol/ros2_ws/build/realsense_camera_msgs', 'catkin_cmake_args': None, 'catkin_skip_building_tests': False, 'cmake_args': None, 'cmake_clean_cache': False, 'cmake_clean_first': False, 'cmake_force_configure': False, 'cmake_target': None, 'cmake_target_skip_unavailable': False, 'install_base': '/home/hansol/ros2_ws/install/realsense_camera_msgs', 'merge_install': False, 'path': '/home/hansol/ros2_ws/src/ros2_intel_realsense/realsense_camera_msgs', 'symlink_install': True, 'test_result_base': None}
[1.616s] Level 5:colcon.colcon_core.verb:set package 'darknet_ros' build argument 'cmake_args' from command line to 'None'
[1.616s] Level 5:colcon.colcon_core.verb:set package 'darknet_ros' build argument 'cmake_target' from command line to 'None'
[1.617s] Level 5:colcon.colcon_core.verb:set package 'darknet_ros' build argument 'cmake_target_skip_unavailable' from command line to 'False'
[1.617s] Level 5:colcon.colcon_core.verb:set package 'darknet_ros' build argument 'cmake_clean_cache' from command line to 'False'
[1.617s] Level 5:colcon.colcon_core.verb:set package 'darknet_ros' build argument 'cmake_clean_first' from command line to 'False'
[1.617s] Level 5:colcon.colcon_core.verb:set package 'darknet_ros' build argument 'cmake_force_configure' from command line to 'False'
[1.618s] Level 5:colcon.colcon_core.verb:set package 'darknet_ros' build argument 'ament_cmake_args' from command line to 'None'
[1.618s] Level 5:colcon.colcon_core.verb:set package 'darknet_ros' build argument 'catkin_cmake_args' from command line to 'None'
[1.618s] Level 5:colcon.colcon_core.verb:set package 'darknet_ros' build argument 'catkin_skip_building_tests' from command line to 'False'
[1.618s] DEBUG:colcon.colcon_core.verb:Building package 'darknet_ros' with the following arguments: {'ament_cmake_args': None, 'build_base': '/home/hansol/ros2_ws/build/darknet_ros', 'catkin_cmake_args': None, 'catkin_skip_building_tests': False, 'cmake_args': None, 'cmake_clean_cache': False, 'cmake_clean_first': False, 'cmake_force_configure': False, 'cmake_target': None, 'cmake_target_skip_unavailable': False, 'install_base': '/home/hansol/ros2_ws/install/darknet_ros', 'merge_install': False, 'path': '/home/hansol/ros2_ws/src/darknet_ros/darknet_ros', 'symlink_install': True, 'test_result_base': None}
[1.622s] Level 5:colcon.colcon_core.verb:set package 'realsense_ros2_camera' build argument 'cmake_args' from command line to 'None'
[1.622s] Level 5:colcon.colcon_core.verb:set package 'realsense_ros2_camera' build argument 'cmake_target' from command line to 'None'
[1.622s] Level 5:colcon.colcon_core.verb:set package 'realsense_ros2_camera' build argument 'cmake_target_skip_unavailable' from command line to 'False'
[1.622s] Level 5:colcon.colcon_core.verb:set package 'realsense_ros2_camera' build argument 'cmake_clean_cache' from command line to 'False'
[1.622s] Level 5:colcon.colcon_core.verb:set package 'realsense_ros2_camera' build argument 'cmake_clean_first' from command line to 'False'
[1.623s] Level 5:colcon.colcon_core.verb:set package 'realsense_ros2_camera' build argument 'cmake_force_configure' from command line to 'False'
[1.623s] Level 5:colcon.colcon_core.verb:set package 'realsense_ros2_camera' build argument 'ament_cmake_args' from command line to 'None'
[1.623s] Level 5:colcon.colcon_core.verb:set package 'realsense_ros2_camera' build argument 'catkin_cmake_args' from command line to 'None'
[1.623s] Level 5:colcon.colcon_core.verb:set package 'realsense_ros2_camera' build argument 'catkin_skip_building_tests' from command line to 'False'
[1.623s] DEBUG:colcon.colcon_core.verb:Building package 'realsense_ros2_camera' with the following arguments: {'ament_cmake_args': None, 'build_base': '/home/hansol/ros2_ws/build/realsense_ros2_camera', 'catkin_cmake_args': None, 'catkin_skip_building_tests': False, 'cmake_args': None, 'cmake_clean_cache': False, 'cmake_clean_first': False, 'cmake_force_configure': False, 'cmake_target': None, 'cmake_target_skip_unavailable': False, 'install_base': '/home/hansol/ros2_ws/install/realsense_ros2_camera', 'merge_install': False, 'path': '/home/hansol/ros2_ws/src/ros2_intel_realsense/realsense_ros2_camera', 'symlink_install': True, 'test_result_base': None}
[1.625s] INFO:colcon.colcon_core.executor:Executing jobs using 'parallel' executor
[1.632s] DEBUG:colcon.colcon_parallel_executor.executor.parallel:run_until_complete
[1.634s] INFO:colcon.colcon_ros.task.ament_cmake.build:Building ROS package in '/home/hansol/ros2_ws/src/darknet_ros/darknet_ros_msgs' with build type 'ament_cmake'
[1.635s] INFO:colcon.colcon_cmake.task.cmake.build:Building CMake package in '/home/hansol/ros2_ws/src/darknet_ros/darknet_ros_msgs'
[1.653s] INFO:colcon.colcon_core.plugin_system:Skipping extension 'colcon_core.shell.bat': Not used on non-Windows systems
[1.654s] INFO:colcon.colcon_core.shell:Skip shell extension 'powershell' for command environment: Not usable outside of PowerShell
[1.655s] DEBUG:colcon.colcon_core.shell:Skip shell extension 'dsv' for command environment
[1.687s] INFO:colcon.colcon_ros.task.ament_cmake.build:Building ROS package in '/home/hansol/ros2_ws/src/ros2_intel_realsense/realsense_camera_msgs' with build type 'ament_cmake'
[1.689s] INFO:colcon.colcon_cmake.task.cmake.build:Building CMake package in '/home/hansol/ros2_ws/src/ros2_intel_realsense/realsense_camera_msgs'
[1.695s] INFO:colcon.colcon_core.shell:Skip shell extension 'powershell' for command environment: Not usable outside of PowerShell
[1.696s] DEBUG:colcon.colcon_core.shell:Skip shell extension 'dsv' for command environment
[1.726s] INFO:colcon.colcon_cmake.task.cmake.build:Building CMake package in '/home/hansol/ros2_ws/src/darknet_ros/darknet'
[1.730s] INFO:colcon.colcon_core.shell:Skip shell extension 'powershell' for command environment: Not usable outside of PowerShell
[1.731s] DEBUG:colcon.colcon_core.shell:Skip shell extension 'dsv' for command environment
[1.796s] DEBUG:colcon.colcon_core.event_handler.log_command:Invoking command in '/home/hansol/ros2_ws/build/darknet_ros_msgs': CMAKE_PREFIX_PATH=${CMAKE_PREFIX_PATH}:/opt/ros/dashing /usr/local/bin/cmake --build /home/hansol/ros2_ws/build/darknet_ros_msgs -- -j4 -l4
[1.846s] DEBUG:colcon.colcon_core.event_handler.log_command:Invoking command in '/home/hansol/ros2_ws/build/realsense_camera_msgs': CMAKE_PREFIX_PATH=${CMAKE_PREFIX_PATH}:/opt/ros/dashing /usr/local/bin/cmake --build /home/hansol/ros2_ws/build/realsense_camera_msgs -- -j4 -l4
[1.874s] DEBUG:colcon.colcon_core.event_handler.log_command:Invoking command in '/home/hansol/ros2_ws/build/Darknet': /usr/local/bin/cmake --build /home/hansol/ros2_ws/build/Darknet -- -j4 -l4
[2.548s] DEBUG:colcon.colcon_core.event_handler.log_command:Invoked command in '/home/hansol/ros2_ws/build/Darknet' returned '0': /usr/local/bin/cmake --build /home/hansol/ros2_ws/build/Darknet -- -j4 -l4
[2.720s] DEBUG:colcon.colcon_core.event_handler.log_command:Invoked command in '/home/hansol/ros2_ws/build/darknet_ros_msgs' returned '0': CMAKE_PREFIX_PATH=${CMAKE_PREFIX_PATH}:/opt/ros/dashing /usr/local/bin/cmake --build /home/hansol/ros2_ws/build/darknet_ros_msgs -- -j4 -l4
[2.776s] DEBUG:colcon.colcon_core.event_handler.log_command:Invoked command in '/home/hansol/ros2_ws/build/realsense_camera_msgs' returned '0': CMAKE_PREFIX_PATH=${CMAKE_PREFIX_PATH}:/opt/ros/dashing /usr/local/bin/cmake --build /home/hansol/ros2_ws/build/realsense_camera_msgs -- -j4 -l4
[3.165s] DEBUG:colcon.colcon_core.event_handler.log_command:Invoking command in '/home/hansol/ros2_ws/build/realsense_camera_msgs': CMAKE_PREFIX_PATH=${CMAKE_PREFIX_PATH}:/opt/ros/dashing /usr/local/bin/cmake --install /home/hansol/ros2_ws/build/realsense_camera_msgs
[3.306s] DEBUG:colcon.colcon_core.event_handler.log_command:Invoking command in '/home/hansol/ros2_ws/build/darknet_ros_msgs': CMAKE_PREFIX_PATH=${CMAKE_PREFIX_PATH}:/opt/ros/dashing /usr/local/bin/cmake --install /home/hansol/ros2_ws/build/darknet_ros_msgs
[3.580s] Level 1:colcon.colcon_core.environment:create_environment_scripts_only(realsense_camera_msgs)
[3.584s] DEBUG:colcon.colcon_core.event_handler.log_command:Invoked command in '/home/hansol/ros2_ws/build/realsense_camera_msgs' returned '0': CMAKE_PREFIX_PATH=${CMAKE_PREFIX_PATH}:/opt/ros/dashing /usr/local/bin/cmake --install /home/hansol/ros2_ws/build/realsense_camera_msgs
[3.607s] Level 1:colcon.colcon_core.environment:checking '/home/hansol/ros2_ws/install/realsense_camera_msgs' for CMake module files
[3.613s] Level 1:colcon.colcon_core.environment:checking '/home/hansol/ros2_ws/install/realsense_camera_msgs' for CMake config files
[3.616s] Level 1:colcon.colcon_core.shell:create_environment_hook('realsense_camera_msgs', 'cmake_prefix_path')
[3.619s] INFO:colcon.colcon_core.shell:Creating environment hook '/home/hansol/ros2_ws/install/realsense_camera_msgs/share/realsense_camera_msgs/hook/cmake_prefix_path.ps1'
[3.624s] INFO:colcon.colcon_core.shell:Creating environment descriptor '/home/hansol/ros2_ws/install/realsense_camera_msgs/share/realsense_camera_msgs/hook/cmake_prefix_path.dsv'
[3.628s] INFO:colcon.colcon_core.shell:Creating environment hook '/home/hansol/ros2_ws/install/realsense_camera_msgs/share/realsense_camera_msgs/hook/cmake_prefix_path.sh'
[3.636s] Level 1:colcon.colcon_core.environment:checking '/home/hansol/ros2_ws/install/realsense_camera_msgs/lib'
[3.638s] Level 1:colcon.colcon_core.shell:create_environment_hook('realsense_camera_msgs', 'ld_library_path_lib')
[3.640s] INFO:colcon.colcon_core.shell:Creating environment hook '/home/hansol/ros2_ws/install/realsense_camera_msgs/share/realsense_camera_msgs/hook/ld_library_path_lib.ps1'
[3.644s] INFO:colcon.colcon_core.shell:Creating environment descriptor '/home/hansol/ros2_ws/install/realsense_camera_msgs/share/realsense_camera_msgs/hook/ld_library_path_lib.dsv'
[3.646s] INFO:colcon.colcon_core.shell:Creating environment hook '/home/hansol/ros2_ws/install/realsense_camera_msgs/share/realsense_camera_msgs/hook/ld_library_path_lib.sh'
[3.650s] Level 1:colcon.colcon_core.environment:checking '/home/hansol/ros2_ws/install/realsense_camera_msgs/bin'
[3.650s] Level 1:colcon.colcon_core.environment:checking '/home/hansol/ros2_ws/install/realsense_camera_msgs/lib/pkgconfig/realsense_camera_msgs.pc'
[3.652s] Level 1:colcon.colcon_core.environment:checking '/home/hansol/ros2_ws/install/realsense_camera_msgs/lib/python3.6/site-packages'
[3.652s] Level 1:colcon.colcon_core.shell:create_environment_hook('realsense_camera_msgs', 'pythonpath')
[3.655s] INFO:colcon.colcon_core.shell:Creating environment hook '/home/hansol/ros2_ws/install/realsense_camera_msgs/share/realsense_camera_msgs/hook/pythonpath.ps1'
[3.659s] INFO:colcon.colcon_core.shell:Creating environment descriptor '/home/hansol/ros2_ws/install/realsense_camera_msgs/share/realsense_camera_msgs/hook/pythonpath.dsv'
[3.662s] INFO:colcon.colcon_core.shell:Creating environment hook '/home/hansol/ros2_ws/install/realsense_camera_msgs/share/realsense_camera_msgs/hook/pythonpath.sh'
[3.666s] Level 1:colcon.colcon_core.environment:checking '/home/hansol/ros2_ws/install/realsense_camera_msgs/bin'
[3.670s] INFO:colcon.colcon_core.shell:Creating package script '/home/hansol/ros2_ws/install/realsense_camera_msgs/share/realsense_camera_msgs/package.ps1'
[3.677s] INFO:colcon.colcon_core.shell:Creating package descriptor '/home/hansol/ros2_ws/install/realsense_camera_msgs/share/realsense_camera_msgs/package.dsv'
[3.683s] INFO:colcon.colcon_core.shell:Creating package script '/home/hansol/ros2_ws/install/realsense_camera_msgs/share/realsense_camera_msgs/package.sh'
[3.690s] INFO:colcon.colcon_core.shell:Creating package script '/home/hansol/ros2_ws/install/realsense_camera_msgs/share/realsense_camera_msgs/package.bash'
[3.698s] INFO:colcon.colcon_core.shell:Creating package script '/home/hansol/ros2_ws/install/realsense_camera_msgs/share/realsense_camera_msgs/package.zsh'
[3.704s] Level 1:colcon.colcon_core.environment:create_file_with_runtime_dependencies(/home/hansol/ros2_ws/install/realsense_camera_msgs/share/colcon-core/packages/realsense_camera_msgs)
[3.759s] DEBUG:colcon.colcon_core.event_handler.log_command:Invoking command in '/home/hansol/ros2_ws/build/Darknet': /usr/local/bin/cmake --install /home/hansol/ros2_ws/build/Darknet
[3.782s] Level 1:colcon.colcon_core.environment:create_environment_scripts_only(darknet_ros_msgs)
[3.786s] Level 1:colcon.colcon_core.environment:checking '/home/hansol/ros2_ws/install/darknet_ros_msgs' for CMake module files
[3.791s] DEBUG:colcon.colcon_core.event_handler.log_command:Invoked command in '/home/hansol/ros2_ws/build/darknet_ros_msgs' returned '0': CMAKE_PREFIX_PATH=${CMAKE_PREFIX_PATH}:/opt/ros/dashing /usr/local/bin/cmake --install /home/hansol/ros2_ws/build/darknet_ros_msgs
[3.798s] Level 1:colcon.colcon_core.environment:checking '/home/hansol/ros2_ws/install/darknet_ros_msgs' for CMake config files
[3.807s] Level 1:colcon.colcon_core.shell:create_environment_hook('darknet_ros_msgs', 'cmake_prefix_path')
[3.810s] INFO:colcon.colcon_core.shell:Creating environment hook '/home/hansol/ros2_ws/install/darknet_ros_msgs/share/darknet_ros_msgs/hook/cmake_prefix_path.ps1'
[3.823s] INFO:colcon.colcon_core.shell:Creating environment descriptor '/home/hansol/ros2_ws/install/darknet_ros_msgs/share/darknet_ros_msgs/hook/cmake_prefix_path.dsv'
[3.826s] INFO:colcon.colcon_core.shell:Creating environment hook '/home/hansol/ros2_ws/install/darknet_ros_msgs/share/darknet_ros_msgs/hook/cmake_prefix_path.sh'
[3.831s] Level 1:colcon.colcon_core.environment:checking '/home/hansol/ros2_ws/install/darknet_ros_msgs/lib'
[3.832s] Level 1:colcon.colcon_core.shell:create_environment_hook('darknet_ros_msgs', 'ld_library_path_lib')
[3.835s] INFO:colcon.colcon_core.shell:Creating environment hook '/home/hansol/ros2_ws/install/darknet_ros_msgs/share/darknet_ros_msgs/hook/ld_library_path_lib.ps1'
[3.838s] INFO:colcon.colcon_core.shell:Creating environment descriptor '/home/hansol/ros2_ws/install/darknet_ros_msgs/share/darknet_ros_msgs/hook/ld_library_path_lib.dsv'
[3.841s] INFO:colcon.colcon_core.shell:Creating environment hook '/home/hansol/ros2_ws/install/darknet_ros_msgs/share/darknet_ros_msgs/hook/ld_library_path_lib.sh'
[3.843s] Level 1:colcon.colcon_core.environment:checking '/home/hansol/ros2_ws/install/darknet_ros_msgs/bin'
[3.844s] Level 1:colcon.colcon_core.environment:checking '/home/hansol/ros2_ws/install/darknet_ros_msgs/lib/pkgconfig/darknet_ros_msgs.pc'
[3.845s] Level 1:colcon.colcon_core.environment:checking '/home/hansol/ros2_ws/install/darknet_ros_msgs/lib/python3.6/site-packages'
[3.846s] Level 1:colcon.colcon_core.shell:create_environment_hook('darknet_ros_msgs', 'pythonpath')
[3.848s] INFO:colcon.colcon_core.shell:Creating environment hook '/home/hansol/ros2_ws/install/darknet_ros_msgs/share/darknet_ros_msgs/hook/pythonpath.ps1'
[3.852s] INFO:colcon.colcon_core.shell:Creating environment descriptor '/home/hansol/ros2_ws/install/darknet_ros_msgs/share/darknet_ros_msgs/hook/pythonpath.dsv'
[3.854s] INFO:colcon.colcon_core.shell:Creating environment hook '/home/hansol/ros2_ws/install/darknet_ros_msgs/share/darknet_ros_msgs/hook/pythonpath.sh'
[3.858s] Level 1:colcon.colcon_core.environment:checking '/home/hansol/ros2_ws/install/darknet_ros_msgs/bin'
[3.861s] INFO:colcon.colcon_core.shell:Creating package script '/home/hansol/ros2_ws/install/darknet_ros_msgs/share/darknet_ros_msgs/package.ps1'
[3.866s] INFO:colcon.colcon_core.shell:Creating package descriptor '/home/hansol/ros2_ws/install/darknet_ros_msgs/share/darknet_ros_msgs/package.dsv'
[3.870s] INFO:colcon.colcon_core.shell:Creating package script '/home/hansol/ros2_ws/install/darknet_ros_msgs/share/darknet_ros_msgs/package.sh'
[3.873s] INFO:colcon.colcon_core.shell:Creating package script '/home/hansol/ros2_ws/install/darknet_ros_msgs/share/darknet_ros_msgs/package.bash'
[3.876s] INFO:colcon.colcon_core.shell:Creating package script '/home/hansol/ros2_ws/install/darknet_ros_msgs/share/darknet_ros_msgs/package.zsh'
[3.878s] Level 1:colcon.colcon_core.environment:create_file_with_runtime_dependencies(/home/hansol/ros2_ws/install/darknet_ros_msgs/share/colcon-core/packages/darknet_ros_msgs)
[3.916s] Level 1:colcon.colcon_core.environment:create_environment_scripts_only(Darknet)
[3.919s] DEBUG:colcon.colcon_core.event_handler.log_command:Invoked command in '/home/hansol/ros2_ws/build/Darknet' returned '0': /usr/local/bin/cmake --install /home/hansol/ros2_ws/build/Darknet
[3.924s] Level 1:colcon.colcon_core.environment:checking '/home/hansol/ros2_ws/install/Darknet' for CMake module files
[3.929s] Level 1:colcon.colcon_core.environment:checking '/home/hansol/ros2_ws/install/Darknet' for CMake config files
[3.931s] Level 1:colcon.colcon_core.shell:create_environment_hook('Darknet', 'cmake_prefix_path')
[3.934s] INFO:colcon.colcon_core.shell:Creating environment hook '/home/hansol/ros2_ws/install/Darknet/share/Darknet/hook/cmake_prefix_path.ps1'
[3.938s] INFO:colcon.colcon_core.shell:Creating environment descriptor '/home/hansol/ros2_ws/install/Darknet/share/Darknet/hook/cmake_prefix_path.dsv'
[3.941s] INFO:colcon.colcon_core.shell:Creating environment hook '/home/hansol/ros2_ws/install/Darknet/share/Darknet/hook/cmake_prefix_path.sh'
[3.947s] Level 1:colcon.colcon_core.environment:checking '/home/hansol/ros2_ws/install/Darknet/bin'
[3.948s] Level 1:colcon.colcon_core.environment:checking '/home/hansol/ros2_ws/install/Darknet/lib/pkgconfig/Darknet.pc'
[3.950s] Level 1:colcon.colcon_core.environment:checking '/home/hansol/ros2_ws/install/Darknet/lib/python3.6/site-packages'
[3.951s] Level 1:colcon.colcon_core.environment:checking '/home/hansol/ros2_ws/install/Darknet/bin'
[3.955s] INFO:colcon.colcon_core.shell:Creating package script '/home/hansol/ros2_ws/install/Darknet/share/Darknet/package.ps1'
[3.959s] INFO:colcon.colcon_core.shell:Creating package descriptor '/home/hansol/ros2_ws/install/Darknet/share/Darknet/package.dsv'
[3.962s] INFO:colcon.colcon_core.shell:Creating package script '/home/hansol/ros2_ws/install/Darknet/share/Darknet/package.sh'
[3.968s] INFO:colcon.colcon_core.shell:Creating package script '/home/hansol/ros2_ws/install/Darknet/share/Darknet/package.bash'
[3.972s] INFO:colcon.colcon_core.shell:Creating package script '/home/hansol/ros2_ws/install/Darknet/share/Darknet/package.zsh'
[3.975s] Level 1:colcon.colcon_core.environment:create_file_with_runtime_dependencies(/home/hansol/ros2_ws/install/Darknet/share/colcon-core/packages/Darknet)
[4.031s] Level 1:colcon.colcon_core.environment:create_environment_scripts_only(realsense_camera_msgs)
[4.033s] Level 1:colcon.colcon_core.environment:checking '/home/hansol/ros2_ws/install/realsense_camera_msgs' for CMake module files
[4.038s] Level 1:colcon.colcon_core.environment:checking '/home/hansol/ros2_ws/install/realsense_camera_msgs' for CMake config files
[4.040s] Level 1:colcon.colcon_core.shell:create_environment_hook('realsense_camera_msgs', 'cmake_prefix_path')
[4.043s] INFO:colcon.colcon_core.shell:Creating environment hook '/home/hansol/ros2_ws/install/realsense_camera_msgs/share/realsense_camera_msgs/hook/cmake_prefix_path.ps1'
[4.047s] INFO:colcon.colcon_core.shell:Creating environment descriptor '/home/hansol/ros2_ws/install/realsense_camera_msgs/share/realsense_camera_msgs/hook/cmake_prefix_path.dsv'
[4.050s] INFO:colcon.colcon_core.shell:Creating environment hook '/home/hansol/ros2_ws/install/realsense_camera_msgs/share/realsense_camera_msgs/hook/cmake_prefix_path.sh'
[4.056s] Level 1:colcon.colcon_core.environment:checking '/home/hansol/ros2_ws/install/realsense_camera_msgs/lib'
[4.057s] Level 1:colcon.colcon_core.shell:create_environment_hook('realsense_camera_msgs', 'ld_library_path_lib')
[4.060s] INFO:colcon.colcon_core.shell:Creating environment hook '/home/hansol/ros2_ws/install/realsense_camera_msgs/share/realsense_camera_msgs/hook/ld_library_path_lib.ps1'
[4.063s] INFO:colcon.colcon_core.shell:Creating environment descriptor '/home/hansol/ros2_ws/install/realsense_camera_msgs/share/realsense_camera_msgs/hook/ld_library_path_lib.dsv'
[4.066s] INFO:colcon.colcon_core.shell:Creating environment hook '/home/hansol/ros2_ws/install/realsense_camera_msgs/share/realsense_camera_msgs/hook/ld_library_path_lib.sh'
[4.069s] Level 1:colcon.colcon_core.environment:checking '/home/hansol/ros2_ws/install/realsense_camera_msgs/bin'
[4.070s] Level 1:colcon.colcon_core.environment:checking '/home/hansol/ros2_ws/install/realsense_camera_msgs/lib/pkgconfig/realsense_camera_msgs.pc'
[4.071s] Level 1:colcon.colcon_core.environment:checking '/home/hansol/ros2_ws/install/realsense_camera_msgs/lib/python3.6/site-packages'
[4.072s] Level 1:colcon.colcon_core.shell:create_environment_hook('realsense_camera_msgs', 'pythonpath')
[4.074s] INFO:colcon.colcon_core.shell:Creating environment hook '/home/hansol/ros2_ws/install/realsense_camera_msgs/share/realsense_camera_msgs/hook/pythonpath.ps1'
[4.077s] INFO:colcon.colcon_core.shell:Creating environment descriptor '/home/hansol/ros2_ws/install/realsense_camera_msgs/share/realsense_camera_msgs/hook/pythonpath.dsv'
[4.080s] INFO:colcon.colcon_core.shell:Creating environment hook '/home/hansol/ros2_ws/install/realsense_camera_msgs/share/realsense_camera_msgs/hook/pythonpath.sh'
[4.084s] Level 1:colcon.colcon_core.environment:checking '/home/hansol/ros2_ws/install/realsense_camera_msgs/bin'
[4.088s] INFO:colcon.colcon_core.shell:Creating package script '/home/hansol/ros2_ws/install/realsense_camera_msgs/share/realsense_camera_msgs/package.ps1'
[4.092s] INFO:colcon.colcon_core.shell:Creating package descriptor '/home/hansol/ros2_ws/install/realsense_camera_msgs/share/realsense_camera_msgs/package.dsv'
[4.099s] INFO:colcon.colcon_core.shell:Creating package script '/home/hansol/ros2_ws/install/realsense_camera_msgs/share/realsense_camera_msgs/package.sh'
[4.103s] INFO:colcon.colcon_core.shell:Creating package script '/home/hansol/ros2_ws/install/realsense_camera_msgs/share/realsense_camera_msgs/package.bash'
[4.107s] INFO:colcon.colcon_core.shell:Creating package script '/home/hansol/ros2_ws/install/realsense_camera_msgs/share/realsense_camera_msgs/package.zsh'
[4.110s] Level 1:colcon.colcon_core.environment:create_file_with_runtime_dependencies(/home/hansol/ros2_ws/install/realsense_camera_msgs/share/colcon-core/packages/realsense_camera_msgs)
[4.113s] INFO:colcon.colcon_ros.task.ament_cmake.build:Building ROS package in '/home/hansol/ros2_ws/src/ros2_intel_realsense/realsense_ros2_camera' with build type 'ament_cmake'
[4.115s] INFO:colcon.colcon_cmake.task.cmake.build:Building CMake package in '/home/hansol/ros2_ws/src/ros2_intel_realsense/realsense_ros2_camera'
[4.118s] INFO:colcon.colcon_core.shell:Skip shell extension 'powershell' for command environment: Not usable outside of PowerShell
[4.119s] DEBUG:colcon.colcon_core.shell:Skip shell extension 'dsv' for command environment
[4.211s] DEBUG:colcon.colcon_core.event_handler.log_command:Invoking command in '/home/hansol/ros2_ws/build/realsense_ros2_camera': CMAKE_PREFIX_PATH=/home/hansol/ros2_ws/install/realsense_camera_msgs:/home/hansol/ros2_ws/install/realsense_ros2_camera:/home/hansol/ros2_ws/install/darknet_ros:/home/hansol/ros2_ws/install/darknet_ros_msgs:/home/hansol/ros2_ws/install/Darknet:/opt/ros/dashing LD_LIBRARY_PATH=/home/hansol/ros2_ws/install/realsense_camera_msgs/lib:/home/hansol/ros2_ws/install/darknet_ros/lib:/home/hansol/ros2_ws/install/darknet_ros_msgs/lib:/opt/ros/dashing/lib:/usr/local/cuda-10.2/lib64 /usr/local/bin/cmake --build /home/hansol/ros2_ws/build/realsense_ros2_camera -- -j4 -l4
[4.383s] Level 1:colcon.colcon_core.environment:create_environment_scripts_only(darknet_ros_msgs)
[4.386s] Level 1:colcon.colcon_core.environment:checking '/home/hansol/ros2_ws/install/darknet_ros_msgs' for CMake module files
[4.391s] Level 1:colcon.colcon_core.environment:checking '/home/hansol/ros2_ws/install/darknet_ros_msgs' for CMake config files
[4.394s] Level 1:colcon.colcon_core.shell:create_environment_hook('darknet_ros_msgs', 'cmake_prefix_path')
[4.397s] INFO:colcon.colcon_core.shell:Creating environment hook '/home/hansol/ros2_ws/install/darknet_ros_msgs/share/darknet_ros_msgs/hook/cmake_prefix_path.ps1'
[4.400s] INFO:colcon.colcon_core.shell:Creating environment descriptor '/home/hansol/ros2_ws/install/darknet_ros_msgs/share/darknet_ros_msgs/hook/cmake_prefix_path.dsv'
[4.403s] INFO:colcon.colcon_core.shell:Creating environment hook '/home/hansol/ros2_ws/install/darknet_ros_msgs/share/darknet_ros_msgs/hook/cmake_prefix_path.sh'
[4.409s] Level 1:colcon.colcon_core.environment:checking '/home/hansol/ros2_ws/install/darknet_ros_msgs/lib'
[4.409s] Level 1:colcon.colcon_core.shell:create_environment_hook('darknet_ros_msgs', 'ld_library_path_lib')
[4.412s] INFO:colcon.colcon_core.shell:Creating environment hook '/home/hansol/ros2_ws/install/darknet_ros_msgs/share/darknet_ros_msgs/hook/ld_library_path_lib.ps1'
[4.414s] INFO:colcon.colcon_core.shell:Creating environment descriptor '/home/hansol/ros2_ws/install/darknet_ros_msgs/share/darknet_ros_msgs/hook/ld_library_path_lib.dsv'
[4.418s] INFO:colcon.colcon_core.shell:Creating environment hook '/home/hansol/ros2_ws/install/darknet_ros_msgs/share/darknet_ros_msgs/hook/ld_library_path_lib.sh'
[4.421s] Level 1:colcon.colcon_core.environment:checking '/home/hansol/ros2_ws/install/darknet_ros_msgs/bin'
[4.422s] Level 1:colcon.colcon_core.environment:checking '/home/hansol/ros2_ws/install/darknet_ros_msgs/lib/pkgconfig/darknet_ros_msgs.pc'
[4.423s] Level 1:colcon.colcon_core.environment:checking '/home/hansol/ros2_ws/install/darknet_ros_msgs/lib/python3.6/site-packages'
[4.423s] Level 1:colcon.colcon_core.shell:create_environment_hook('darknet_ros_msgs', 'pythonpath')
[4.426s] INFO:colcon.colcon_core.shell:Creating environment hook '/home/hansol/ros2_ws/install/darknet_ros_msgs/share/darknet_ros_msgs/hook/pythonpath.ps1'
[4.428s] INFO:colcon.colcon_core.shell:Creating environment descriptor '/home/hansol/ros2_ws/install/darknet_ros_msgs/share/darknet_ros_msgs/hook/pythonpath.dsv'
[4.430s] INFO:colcon.colcon_core.shell:Creating environment hook '/home/hansol/ros2_ws/install/darknet_ros_msgs/share/darknet_ros_msgs/hook/pythonpath.sh'
[4.432s] Level 1:colcon.colcon_core.environment:checking '/home/hansol/ros2_ws/install/darknet_ros_msgs/bin'
[4.436s] INFO:colcon.colcon_core.shell:Creating package script '/home/hansol/ros2_ws/install/darknet_ros_msgs/share/darknet_ros_msgs/package.ps1'
[4.440s] INFO:colcon.colcon_core.shell:Creating package descriptor '/home/hansol/ros2_ws/install/darknet_ros_msgs/share/darknet_ros_msgs/package.dsv'
[4.444s] INFO:colcon.colcon_core.shell:Creating package script '/home/hansol/ros2_ws/install/darknet_ros_msgs/share/darknet_ros_msgs/package.sh'
[4.447s] INFO:colcon.colcon_core.shell:Creating package script '/home/hansol/ros2_ws/install/darknet_ros_msgs/share/darknet_ros_msgs/package.bash'
[4.450s] INFO:colcon.colcon_core.shell:Creating package script '/home/hansol/ros2_ws/install/darknet_ros_msgs/share/darknet_ros_msgs/package.zsh'
[4.453s] Level 1:colcon.colcon_core.environment:create_file_with_runtime_dependencies(/home/hansol/ros2_ws/install/darknet_ros_msgs/share/colcon-core/packages/darknet_ros_msgs)
[4.457s] INFO:colcon.colcon_ros.task.ament_cmake.build:Building ROS package in '/home/hansol/ros2_ws/src/darknet_ros/darknet_ros' with build type 'ament_cmake'
[4.459s] INFO:colcon.colcon_cmake.task.cmake.build:Building CMake package in '/home/hansol/ros2_ws/src/darknet_ros/darknet_ros'
[4.461s] INFO:colcon.colcon_core.shell:Skip shell extension 'powershell' for command environment: Not usable outside of PowerShell
[4.462s] DEBUG:colcon.colcon_core.shell:Skip shell extension 'dsv' for command environment
[4.515s] DEBUG:colcon.colcon_core.event_handler.log_command:Invoked command in '/home/hansol/ros2_ws/build/realsense_ros2_camera' returned '0': CMAKE_PREFIX_PATH=/home/hansol/ros2_ws/install/realsense_camera_msgs:/home/hansol/ros2_ws/install/realsense_ros2_camera:/home/hansol/ros2_ws/install/darknet_ros:/home/hansol/ros2_ws/install/darknet_ros_msgs:/home/hansol/ros2_ws/install/Darknet:/opt/ros/dashing LD_LIBRARY_PATH=/home/hansol/ros2_ws/install/realsense_camera_msgs/lib:/home/hansol/ros2_ws/install/darknet_ros/lib:/home/hansol/ros2_ws/install/darknet_ros_msgs/lib:/opt/ros/dashing/lib:/usr/local/cuda-10.2/lib64 /usr/local/bin/cmake --build /home/hansol/ros2_ws/build/realsense_ros2_camera -- -j4 -l4
[4.600s] DEBUG:colcon.colcon_core.event_handler.log_command:Invoking command in '/home/hansol/ros2_ws/build/darknet_ros': CMAKE_PREFIX_PATH=/home/hansol/ros2_ws/install/darknet_ros_msgs:/home/hansol/ros2_ws/install/realsense_ros2_camera:/home/hansol/ros2_ws/install/realsense_camera_msgs:/home/hansol/ros2_ws/install/darknet_ros:/home/hansol/ros2_ws/install/Darknet:/opt/ros/dashing LD_LIBRARY_PATH=/home/hansol/ros2_ws/install/darknet_ros_msgs/lib:/home/hansol/ros2_ws/install/realsense_camera_msgs/lib:/home/hansol/ros2_ws/install/darknet_ros/lib:/opt/ros/dashing/lib:/usr/local/cuda-10.2/lib64 PYTHONPATH=/home/hansol/ros2_ws/install/darknet_ros_msgs/lib/python3.6/site-packages:/home/hansol/ros2_ws/install/realsense_camera_msgs/lib/python3.6/site-packages:/opt/ros/dashing/lib/python3.6/site-packages /usr/local/bin/cmake --build /home/hansol/ros2_ws/build/darknet_ros -- -j4 -l4
[4.654s] DEBUG:colcon.colcon_core.event_handler.log_command:Invoking command in '/home/hansol/ros2_ws/build/realsense_ros2_camera': CMAKE_PREFIX_PATH=/home/hansol/ros2_ws/install/realsense_camera_msgs:/home/hansol/ros2_ws/install/realsense_ros2_camera:/home/hansol/ros2_ws/install/darknet_ros:/home/hansol/ros2_ws/install/darknet_ros_msgs:/home/hansol/ros2_ws/install/Darknet:/opt/ros/dashing LD_LIBRARY_PATH=/home/hansol/ros2_ws/install/realsense_camera_msgs/lib:/home/hansol/ros2_ws/install/darknet_ros/lib:/home/hansol/ros2_ws/install/darknet_ros_msgs/lib:/opt/ros/dashing/lib:/usr/local/cuda-10.2/lib64 /usr/local/bin/cmake --install /home/hansol/ros2_ws/build/realsense_ros2_camera
[4.735s] Level 1:colcon.colcon_core.environment:create_environment_scripts_only(realsense_ros2_camera)
[4.739s] Level 1:colcon.colcon_core.environment:checking '/home/hansol/ros2_ws/install/realsense_ros2_camera' for CMake module files
[4.746s] DEBUG:colcon.colcon_core.event_handler.log_command:Invoked command in '/home/hansol/ros2_ws/build/realsense_ros2_camera' returned '0': CMAKE_PREFIX_PATH=/home/hansol/ros2_ws/install/realsense_camera_msgs:/home/hansol/ros2_ws/install/realsense_ros2_camera:/home/hansol/ros2_ws/install/darknet_ros:/home/hansol/ros2_ws/install/darknet_ros_msgs:/home/hansol/ros2_ws/install/Darknet:/opt/ros/dashing LD_LIBRARY_PATH=/home/hansol/ros2_ws/install/realsense_camera_msgs/lib:/home/hansol/ros2_ws/install/darknet_ros/lib:/home/hansol/ros2_ws/install/darknet_ros_msgs/lib:/opt/ros/dashing/lib:/usr/local/cuda-10.2/lib64 /usr/local/bin/cmake --install /home/hansol/ros2_ws/build/realsense_ros2_camera
[4.749s] Level 1:colcon.colcon_core.environment:checking '/home/hansol/ros2_ws/install/realsense_ros2_camera' for CMake config files
[4.751s] Level 1:colcon.colcon_core.shell:create_environment_hook('realsense_ros2_camera', 'cmake_prefix_path')
[4.753s] INFO:colcon.colcon_core.shell:Creating environment hook '/home/hansol/ros2_ws/install/realsense_ros2_camera/share/realsense_ros2_camera/hook/cmake_prefix_path.ps1'
[4.757s] INFO:colcon.colcon_core.shell:Creating environment descriptor '/home/hansol/ros2_ws/install/realsense_ros2_camera/share/realsense_ros2_camera/hook/cmake_prefix_path.dsv'
[4.760s] INFO:colcon.colcon_core.shell:Creating environment hook '/home/hansol/ros2_ws/install/realsense_ros2_camera/share/realsense_ros2_camera/hook/cmake_prefix_path.sh'
[4.765s] Level 1:colcon.colcon_core.environment:checking '/home/hansol/ros2_ws/install/realsense_ros2_camera/lib'
[4.766s] Level 1:colcon.colcon_core.environment:checking '/home/hansol/ros2_ws/install/realsense_ros2_camera/bin'
[4.766s] Level 1:colcon.colcon_core.shell:create_environment_hook('realsense_ros2_camera', 'path')
[4.769s] INFO:colcon.colcon_core.shell:Creating environment hook '/home/hansol/ros2_ws/install/realsense_ros2_camera/share/realsense_ros2_camera/hook/path.ps1'
[4.771s] INFO:colcon.colcon_core.shell:Creating environment descriptor '/home/hansol/ros2_ws/install/realsense_ros2_camera/share/realsense_ros2_camera/hook/path.dsv'
[4.774s] INFO:colcon.colcon_core.shell:Creating environment hook '/home/hansol/ros2_ws/install/realsense_ros2_camera/share/realsense_ros2_camera/hook/path.sh'
[4.777s] Level 1:colcon.colcon_core.environment:checking '/home/hansol/ros2_ws/install/realsense_ros2_camera/lib/pkgconfig/realsense_ros2_camera.pc'
[4.779s] Level 1:colcon.colcon_core.environment:checking '/home/hansol/ros2_ws/install/realsense_ros2_camera/lib/python3.6/site-packages'
[4.780s] Level 1:colcon.colcon_core.environment:checking '/home/hansol/ros2_ws/install/realsense_ros2_camera/bin'
[4.780s] Level 1:colcon.colcon_core.shell:create_environment_hook('realsense_ros2_camera', 'pythonscriptspath')
[4.783s] INFO:colcon.colcon_core.shell:Creating environment hook '/home/hansol/ros2_ws/install/realsense_ros2_camera/share/realsense_ros2_camera/hook/pythonscriptspath.ps1'
[4.786s] INFO:colcon.colcon_core.shell:Creating environment descriptor '/home/hansol/ros2_ws/install/realsense_ros2_camera/share/realsense_ros2_camera/hook/pythonscriptspath.dsv'
[4.788s] INFO:colcon.colcon_core.shell:Creating environment hook '/home/hansol/ros2_ws/install/realsense_ros2_camera/share/realsense_ros2_camera/hook/pythonscriptspath.sh'
[4.795s] INFO:colcon.colcon_core.shell:Creating package script '/home/hansol/ros2_ws/install/realsense_ros2_camera/share/realsense_ros2_camera/package.ps1'
[4.800s] INFO:colcon.colcon_core.shell:Creating package descriptor '/home/hansol/ros2_ws/install/realsense_ros2_camera/share/realsense_ros2_camera/package.dsv'
[4.804s] INFO:colcon.colcon_core.shell:Creating package script '/home/hansol/ros2_ws/install/realsense_ros2_camera/share/realsense_ros2_camera/package.sh'
[4.807s] INFO:colcon.colcon_core.shell:Creating package script '/home/hansol/ros2_ws/install/realsense_ros2_camera/share/realsense_ros2_camera/package.bash'
[4.811s] INFO:colcon.colcon_core.shell:Creating package script '/home/hansol/ros2_ws/install/realsense_ros2_camera/share/realsense_ros2_camera/package.zsh'
[4.813s] Level 1:colcon.colcon_core.environment:create_file_with_runtime_dependencies(/home/hansol/ros2_ws/install/realsense_ros2_camera/share/colcon-core/packages/realsense_ros2_camera)
[4.923s] Level 1:colcon.colcon_core.environment:create_environment_scripts_only(realsense_ros2_camera)
[4.926s] Level 1:colcon.colcon_core.environment:checking '/home/hansol/ros2_ws/install/realsense_ros2_camera' for CMake module files
[4.935s] Level 1:colcon.colcon_core.environment:checking '/home/hansol/ros2_ws/install/realsense_ros2_camera' for CMake config files
[4.938s] Level 1:colcon.colcon_core.shell:create_environment_hook('realsense_ros2_camera', 'cmake_prefix_path')
[4.941s] INFO:colcon.colcon_core.shell:Creating environment hook '/home/hansol/ros2_ws/install/realsense_ros2_camera/share/realsense_ros2_camera/hook/cmake_prefix_path.ps1'
[4.945s] INFO:colcon.colcon_core.shell:Creating environment descriptor '/home/hansol/ros2_ws/install/realsense_ros2_camera/share/realsense_ros2_camera/hook/cmake_prefix_path.dsv'
[4.948s] INFO:colcon.colcon_core.shell:Creating environment hook '/home/hansol/ros2_ws/install/realsense_ros2_camera/share/realsense_ros2_camera/hook/cmake_prefix_path.sh'
[4.955s] Level 1:colcon.colcon_core.environment:checking '/home/hansol/ros2_ws/install/realsense_ros2_camera/lib'
[4.955s] Level 1:colcon.colcon_core.environment:checking '/home/hansol/ros2_ws/install/realsense_ros2_camera/bin'
[4.956s] Level 1:colcon.colcon_core.shell:create_environment_hook('realsense_ros2_camera', 'path')
[4.959s] INFO:colcon.colcon_core.shell:Creating environment hook '/home/hansol/ros2_ws/install/realsense_ros2_camera/share/realsense_ros2_camera/hook/path.ps1'
[4.964s] INFO:colcon.colcon_core.shell:Creating environment descriptor '/home/hansol/ros2_ws/install/realsense_ros2_camera/share/realsense_ros2_camera/hook/path.dsv'
[4.966s] INFO:colcon.colcon_core.shell:Creating environment hook '/home/hansol/ros2_ws/install/realsense_ros2_camera/share/realsense_ros2_camera/hook/path.sh'
[4.969s] Level 1:colcon.colcon_core.environment:checking '/home/hansol/ros2_ws/install/realsense_ros2_camera/lib/pkgconfig/realsense_ros2_camera.pc'
[4.971s] Level 1:colcon.colcon_core.environment:checking '/home/hansol/ros2_ws/install/realsense_ros2_camera/lib/python3.6/site-packages'
[4.972s] Level 1:colcon.colcon_core.environment:checking '/home/hansol/ros2_ws/install/realsense_ros2_camera/bin'
[4.973s] Level 1:colcon.colcon_core.shell:create_environment_hook('realsense_ros2_camera', 'pythonscriptspath')
[4.976s] INFO:colcon.colcon_core.shell:Creating environment hook '/home/hansol/ros2_ws/install/realsense_ros2_camera/share/realsense_ros2_camera/hook/pythonscriptspath.ps1'
[4.980s] INFO:colcon.colcon_core.shell:Creating environment descriptor '/home/hansol/ros2_ws/install/realsense_ros2_camera/share/realsense_ros2_camera/hook/pythonscriptspath.dsv'
[4.983s] INFO:colcon.colcon_core.shell:Creating environment hook '/home/hansol/ros2_ws/install/realsense_ros2_camera/share/realsense_ros2_camera/hook/pythonscriptspath.sh'
[4.990s] INFO:colcon.colcon_core.shell:Creating package script '/home/hansol/ros2_ws/install/realsense_ros2_camera/share/realsense_ros2_camera/package.ps1'
[4.996s] INFO:colcon.colcon_core.shell:Creating package descriptor '/home/hansol/ros2_ws/install/realsense_ros2_camera/share/realsense_ros2_camera/package.dsv'
[5.002s] INFO:colcon.colcon_core.shell:Creating package script '/home/hansol/ros2_ws/install/realsense_ros2_camera/share/realsense_ros2_camera/package.sh'
[5.006s] INFO:colcon.colcon_core.shell:Creating package script '/home/hansol/ros2_ws/install/realsense_ros2_camera/share/realsense_ros2_camera/package.bash'
[5.010s] INFO:colcon.colcon_core.shell:Creating package script '/home/hansol/ros2_ws/install/realsense_ros2_camera/share/realsense_ros2_camera/package.zsh'
[5.014s] Level 1:colcon.colcon_core.environment:create_file_with_runtime_dependencies(/home/hansol/ros2_ws/install/realsense_ros2_camera/share/colcon-core/packages/realsense_ros2_camera)
[24.438s] DEBUG:colcon.colcon_core.event_handler.log_command:Invoked command in '/home/hansol/ros2_ws/build/darknet_ros' returned '2': CMAKE_PREFIX_PATH=/home/hansol/ros2_ws/install/darknet_ros_msgs:/home/hansol/ros2_ws/install/realsense_ros2_camera:/home/hansol/ros2_ws/install/realsense_camera_msgs:/home/hansol/ros2_ws/install/darknet_ros:/home/hansol/ros2_ws/install/Darknet:/opt/ros/dashing LD_LIBRARY_PATH=/home/hansol/ros2_ws/install/darknet_ros_msgs/lib:/home/hansol/ros2_ws/install/realsense_camera_msgs/lib:/home/hansol/ros2_ws/install/darknet_ros/lib:/opt/ros/dashing/lib:/usr/local/cuda-10.2/lib64 PYTHONPATH=/home/hansol/ros2_ws/install/darknet_ros_msgs/lib/python3.6/site-packages:/home/hansol/ros2_ws/install/realsense_camera_msgs/lib/python3.6/site-packages:/opt/ros/dashing/lib/python3.6/site-packages /usr/local/bin/cmake --build /home/hansol/ros2_ws/build/darknet_ros -- -j4 -l4
[25.239s] Level 1:colcon.colcon_core.environment:create_environment_scripts_only(darknet_ros)
[25.242s] Level 1:colcon.colcon_core.environment:checking '/home/hansol/ros2_ws/install/darknet_ros' for CMake module files
[25.246s] Level 1:colcon.colcon_core.environment:checking '/home/hansol/ros2_ws/install/darknet_ros' for CMake config files
[25.249s] Level 1:colcon.colcon_core.shell:create_environment_hook('darknet_ros', 'cmake_prefix_path')
[25.252s] INFO:colcon.colcon_core.shell:Creating environment hook '/home/hansol/ros2_ws/install/darknet_ros/share/darknet_ros/hook/cmake_prefix_path.ps1'
[25.255s] INFO:colcon.colcon_core.shell:Creating environment descriptor '/home/hansol/ros2_ws/install/darknet_ros/share/darknet_ros/hook/cmake_prefix_path.dsv'
[25.257s] INFO:colcon.colcon_core.shell:Creating environment hook '/home/hansol/ros2_ws/install/darknet_ros/share/darknet_ros/hook/cmake_prefix_path.sh'
[25.261s] Level 1:colcon.colcon_core.environment:checking '/home/hansol/ros2_ws/install/darknet_ros/lib'
[25.262s] Level 1:colcon.colcon_core.environment:checking '/home/hansol/ros2_ws/install/darknet_ros/bin'
[25.263s] Level 1:colcon.colcon_core.environment:checking '/home/hansol/ros2_ws/install/darknet_ros/lib/pkgconfig/darknet_ros.pc'
[25.264s] Level 1:colcon.colcon_core.environment:checking '/home/hansol/ros2_ws/install/darknet_ros/lib/python3.6/site-packages'
[25.265s] Level 1:colcon.colcon_core.environment:checking '/home/hansol/ros2_ws/install/darknet_ros/bin'
[25.268s] INFO:colcon.colcon_core.shell:Creating package script '/home/hansol/ros2_ws/install/darknet_ros/share/darknet_ros/package.ps1'
[25.272s] INFO:colcon.colcon_core.shell:Creating package descriptor '/home/hansol/ros2_ws/install/darknet_ros/share/darknet_ros/package.dsv'
[25.275s] INFO:colcon.colcon_core.shell:Creating package script '/home/hansol/ros2_ws/install/darknet_ros/share/darknet_ros/package.sh'
[25.277s] INFO:colcon.colcon_core.shell:Creating package script '/home/hansol/ros2_ws/install/darknet_ros/share/darknet_ros/package.bash'
[25.279s] INFO:colcon.colcon_core.shell:Creating package script '/home/hansol/ros2_ws/install/darknet_ros/share/darknet_ros/package.zsh'
[25.282s] Level 1:colcon.colcon_core.environment:create_file_with_runtime_dependencies(/home/hansol/ros2_ws/install/darknet_ros/share/colcon-core/packages/darknet_ros)
[25.294s] DEBUG:colcon.colcon_parallel_executor.executor.parallel:closing loop
[25.300s] DEBUG:colcon.colcon_parallel_executor.executor.parallel:loop closed
[25.301s] DEBUG:colcon.colcon_parallel_executor.executor.parallel:run_until_complete finished with '2'
[25.302s] DEBUG:colcon.colcon_core.event_reactor:joining thread
[25.338s] INFO:colcon.colcon_core.plugin_system:Skipping extension 'colcon_notification.desktop_notification.terminal_notifier': Not used on non-Darwin systems
[25.339s] INFO:colcon.colcon_core.plugin_system:Skipping extension 'colcon_notification.desktop_notification.win32': Not used on non-Windows systems
[25.339s] INFO:colcon.colcon_notification.desktop_notification:Sending desktop notification using 'notify2'
[25.370s] DEBUG:colcon.colcon_core.event_reactor:joined thread
[25.373s] INFO:colcon.colcon_core.shell:Creating prefix script '/home/hansol/ros2_ws/install/local_setup.ps1'
[25.379s] INFO:colcon.colcon_core.shell:Creating prefix util module '/home/hansol/ros2_ws/install/_local_setup_util_ps1.py'
[25.391s] INFO:colcon.colcon_core.shell:Creating prefix chain script '/home/hansol/ros2_ws/install/setup.ps1'
[25.399s] INFO:colcon.colcon_core.shell:Creating prefix script '/home/hansol/ros2_ws/install/local_setup.sh'
[25.403s] INFO:colcon.colcon_core.shell:Creating prefix util module '/home/hansol/ros2_ws/install/_local_setup_util_sh.py'
[25.406s] INFO:colcon.colcon_core.shell:Creating prefix chain script '/home/hansol/ros2_ws/install/setup.sh'
[25.416s] INFO:colcon.colcon_core.shell:Creating prefix script '/home/hansol/ros2_ws/install/local_setup.bash'
[25.419s] INFO:colcon.colcon_core.shell:Creating prefix chain script '/home/hansol/ros2_ws/install/setup.bash'
[25.428s] INFO:colcon.colcon_core.shell:Creating prefix script '/home/hansol/ros2_ws/install/local_setup.zsh'
[25.431s] INFO:colcon.colcon_core.shell:Creating prefix chain script '/home/hansol/ros2_ws/install/setup.zsh'
