[0.145s] Invoking command in '/home/hansol/ros2_ws/build/realsense_camera_msgs': CMAKE_PREFIX_PATH=${CMAKE_PREFIX_PATH}:/opt/ros/dashing /usr/local/bin/cmake --build /home/hansol/ros2_ws/build/realsense_camera_msgs -- -j4 -l4
[0.335s] [  2%] Built target realsense_camera_msgs__cpp
[0.415s] [ 13%] Built target realsense_camera_msgs__rosidl_generator_c
[0.481s] [ 32%] Built target realsense_camera_msgs__rosidl_typesupport_fastrtps_cpp
[0.490s] [ 35%] Built target realsense_camera_msgs__rosidl_typesupport_introspection_cpp
[0.536s] [ 45%] Built target realsense_camera_msgs__rosidl_typesupport_introspection_c
[0.601s] [ 56%] Built target realsense_camera_msgs__rosidl_typesupport_cpp
[0.608s] [ 67%] Built target realsense_camera_msgs__rosidl_typesupport_fastrtps_c
[0.695s] [ 78%] Built target realsense_camera_msgs__rosidl_typesupport_c
[0.757s] [ 78%] Built target realsense_camera_msgs
[0.814s] [ 81%] Built target realsense_camera_msgs__py
[0.871s] [ 89%] Built target realsense_camera_msgs__python
[0.941s] [ 97%] Built target realsense_camera_msgs__rosidl_typesupport_c__pyext
[0.944s] [100%] Built target realsense_camera_msgs__rosidl_typesupport_fastrtps_c__pyext
[0.984s] Invoked command in '/home/hansol/ros2_ws/build/realsense_camera_msgs' returned '0': CMAKE_PREFIX_PATH=${CMAKE_PREFIX_PATH}:/opt/ros/dashing /usr/local/bin/cmake --build /home/hansol/ros2_ws/build/realsense_camera_msgs -- -j4 -l4
[1.398s] Invoking command in '/home/hansol/ros2_ws/build/realsense_camera_msgs': CMAKE_PREFIX_PATH=${CMAKE_PREFIX_PATH}:/opt/ros/dashing /usr/local/bin/cmake --install /home/hansol/ros2_ws/build/realsense_camera_msgs
[1.430s] -- Install configuration: ""
[1.432s] -- Execute custom install script
[1.436s] -- Up-to-date symlink: /home/hansol/ros2_ws/install/realsense_camera_msgs/share/ament_index/resource_index/rosidl_interfaces/realsense_camera_msgs
[1.439s] -- Up-to-date symlink: /home/hansol/ros2_ws/install/realsense_camera_msgs/lib/librealsense_camera_msgs__rosidl_typesupport_c.so
[1.440s] -- Up-to-date symlink: /home/hansol/ros2_ws/install/realsense_camera_msgs/share/realsense_camera_msgs/environment/library_path.sh
[1.441s] -- Up-to-date symlink: /home/hansol/ros2_ws/install/realsense_camera_msgs/lib/librealsense_camera_msgs__rosidl_typesupport_cpp.so
[1.443s] -- Up-to-date symlink: /home/hansol/ros2_ws/install/realsense_camera_msgs/include/realsense_camera_msgs/msg/extrinsics__rosidl_typesupport_fastrtps_c.h
[1.443s] -- Up-to-date symlink: /home/hansol/ros2_ws/install/realsense_camera_msgs/include/realsense_camera_msgs/msg/imu_info__rosidl_typesupport_fastrtps_c.h
[1.444s] -- Up-to-date symlink: /home/hansol/ros2_ws/install/realsense_camera_msgs/include/realsense_camera_msgs/msg/rosidl_typesupport_fastrtps_c__visibility_control.h
[1.445s] -- Up-to-date symlink: /home/hansol/ros2_ws/install/realsense_camera_msgs/lib/librealsense_camera_msgs__rosidl_typesupport_fastrtps_c.so
[1.451s] -- Up-to-date symlink: /home/hansol/ros2_ws/install/realsense_camera_msgs/include/realsense_camera_msgs/msg/extrinsics.h
[1.453s] -- Up-to-date symlink: /home/hansol/ros2_ws/install/realsense_camera_msgs/include/realsense_camera_msgs/msg/extrinsics__functions.h
[1.455s] -- Up-to-date symlink: /home/hansol/ros2_ws/install/realsense_camera_msgs/include/realsense_camera_msgs/msg/extrinsics__struct.h
[1.456s] -- Up-to-date symlink: /home/hansol/ros2_ws/install/realsense_camera_msgs/include/realsense_camera_msgs/msg/extrinsics__type_support.h
[1.456s] -- Up-to-date symlink: /home/hansol/ros2_ws/install/realsense_camera_msgs/include/realsense_camera_msgs/msg/imu_info.h
[1.458s] -- Up-to-date symlink: /home/hansol/ros2_ws/install/realsense_camera_msgs/include/realsense_camera_msgs/msg/imu_info__functions.h
[1.459s] -- Up-to-date symlink: /home/hansol/ros2_ws/install/realsense_camera_msgs/include/realsense_camera_msgs/msg/imu_info__struct.h
[1.460s] -- Up-to-date symlink: /home/hansol/ros2_ws/install/realsense_camera_msgs/include/realsense_camera_msgs/msg/imu_info__type_support.h
[1.461s] -- Up-to-date symlink: /home/hansol/ros2_ws/install/realsense_camera_msgs/include/realsense_camera_msgs/msg/rosidl_generator_c__visibility_control.h
[1.462s] -- Up-to-date symlink: /home/hansol/ros2_ws/install/realsense_camera_msgs/lib/librealsense_camera_msgs__rosidl_generator_c.so
[1.463s] -- Up-to-date symlink: /home/hansol/ros2_ws/install/realsense_camera_msgs/include/realsense_camera_msgs/msg/extrinsics__rosidl_typesupport_fastrtps_cpp.hpp
[1.465s] -- Up-to-date symlink: /home/hansol/ros2_ws/install/realsense_camera_msgs/include/realsense_camera_msgs/msg/imu_info__rosidl_typesupport_fastrtps_cpp.hpp
[1.467s] -- Up-to-date symlink: /home/hansol/ros2_ws/install/realsense_camera_msgs/include/realsense_camera_msgs/msg/rosidl_typesupport_fastrtps_cpp__visibility_control.h
[1.481s] -- Up-to-date symlink: /home/hansol/ros2_ws/install/realsense_camera_msgs/lib/librealsense_camera_msgs__rosidl_typesupport_fastrtps_cpp.so
[1.487s] -- Up-to-date symlink: /home/hansol/ros2_ws/install/realsense_camera_msgs/include/realsense_camera_msgs/msg/extrinsics.hpp
[1.492s] -- Up-to-date symlink: /home/hansol/ros2_ws/install/realsense_camera_msgs/include/realsense_camera_msgs/msg/extrinsics__struct.hpp
[1.503s] -- Up-to-date symlink: /home/hansol/ros2_ws/install/realsense_camera_msgs/include/realsense_camera_msgs/msg/extrinsics__traits.hpp
[1.504s] -- Up-to-date symlink: /home/hansol/ros2_ws/install/realsense_camera_msgs/include/realsense_camera_msgs/msg/imu_info.hpp
[1.506s] -- Up-to-date symlink: /home/hansol/ros2_ws/install/realsense_camera_msgs/include/realsense_camera_msgs/msg/imu_info__struct.hpp
[1.509s] -- Up-to-date symlink: /home/hansol/ros2_ws/install/realsense_camera_msgs/include/realsense_camera_msgs/msg/imu_info__traits.hpp
[1.512s] -- Up-to-date symlink: /home/hansol/ros2_ws/install/realsense_camera_msgs/include/realsense_camera_msgs/msg/extrinsics__rosidl_typesupport_introspection_c.h
[1.512s] -- Up-to-date symlink: /home/hansol/ros2_ws/install/realsense_camera_msgs/include/realsense_camera_msgs/msg/imu_info__rosidl_typesupport_introspection_c.h
[1.514s] -- Up-to-date symlink: /home/hansol/ros2_ws/install/realsense_camera_msgs/include/realsense_camera_msgs/msg/rosidl_typesupport_introspection_c__visibility_control.h
[1.515s] -- Up-to-date symlink: /home/hansol/ros2_ws/install/realsense_camera_msgs/lib/librealsense_camera_msgs__rosidl_typesupport_introspection_c.so
[1.516s] -- Up-to-date symlink: /home/hansol/ros2_ws/install/realsense_camera_msgs/include/realsense_camera_msgs/msg/extrinsics__rosidl_typesupport_introspection_cpp.hpp
[1.517s] -- Up-to-date symlink: /home/hansol/ros2_ws/install/realsense_camera_msgs/include/realsense_camera_msgs/msg/imu_info__rosidl_typesupport_introspection_cpp.hpp
[1.518s] -- Up-to-date symlink: /home/hansol/ros2_ws/install/realsense_camera_msgs/lib/librealsense_camera_msgs__rosidl_typesupport_introspection_cpp.so
[1.519s] -- Up-to-date symlink: /home/hansol/ros2_ws/install/realsense_camera_msgs/share/realsense_camera_msgs/environment/pythonpath.sh
[1.520s] -- Up-to-date symlink: /home/hansol/ros2_ws/install/realsense_camera_msgs/lib/python3.6/site-packages/realsense_camera_msgs/__init__.py
[1.521s] -- Up-to-date symlink: /home/hansol/ros2_ws/install/realsense_camera_msgs/lib/python3.6/site-packages/realsense_camera_msgs/msg/__init__.py
[1.522s] -- Up-to-date symlink: /home/hansol/ros2_ws/install/realsense_camera_msgs/lib/python3.6/site-packages/realsense_camera_msgs/msg/_extrinsics.py
[1.523s] -- Up-to-date symlink: /home/hansol/ros2_ws/install/realsense_camera_msgs/lib/python3.6/site-packages/realsense_camera_msgs/msg/_imu_info.py
[1.524s] -- Up-to-date symlink: /home/hansol/ros2_ws/install/realsense_camera_msgs/lib/python3.6/site-packages/realsense_camera_msgs/realsense_camera_msgs_s__rosidl_typesupport_c.cpython-36m-aarch64-linux-gnu.so
[1.525s] -- Up-to-date symlink: /home/hansol/ros2_ws/install/realsense_camera_msgs/lib/python3.6/site-packages/realsense_camera_msgs/realsense_camera_msgs_s__rosidl_typesupport_fastrtps_c.cpython-36m-aarch64-linux-gnu.so
[1.526s] -- Up-to-date symlink: /home/hansol/ros2_ws/install/realsense_camera_msgs/lib/librealsense_camera_msgs__python.so
[1.527s] -- Up-to-date symlink: /home/hansol/ros2_ws/install/realsense_camera_msgs/share/realsense_camera_msgs/msg/IMUInfo.idl
[1.529s] -- Up-to-date symlink: /home/hansol/ros2_ws/install/realsense_camera_msgs/share/realsense_camera_msgs/msg/Extrinsics.idl
[1.530s] -- Up-to-date symlink: /home/hansol/ros2_ws/install/realsense_camera_msgs/share/realsense_camera_msgs/msg/IMUInfo.msg
[1.531s] -- Up-to-date symlink: /home/hansol/ros2_ws/install/realsense_camera_msgs/share/realsense_camera_msgs/msg/Extrinsics.msg
[1.532s] -- Up-to-date symlink: /home/hansol/ros2_ws/install/realsense_camera_msgs/share/ament_index/resource_index/package_run_dependencies/realsense_camera_msgs
[1.533s] -- Up-to-date symlink: /home/hansol/ros2_ws/install/realsense_camera_msgs/share/ament_index/resource_index/parent_prefix_path/realsense_camera_msgs
[1.534s] -- Up-to-date symlink: /home/hansol/ros2_ws/install/realsense_camera_msgs/share/realsense_camera_msgs/environment/ament_prefix_path.sh
[1.535s] -- Up-to-date symlink: /home/hansol/ros2_ws/install/realsense_camera_msgs/share/realsense_camera_msgs/environment/path.sh
[1.535s] -- Up-to-date symlink: /home/hansol/ros2_ws/install/realsense_camera_msgs/share/realsense_camera_msgs/local_setup.bash
[1.536s] -- Up-to-date symlink: /home/hansol/ros2_ws/install/realsense_camera_msgs/share/realsense_camera_msgs/local_setup.sh
[1.537s] -- Up-to-date symlink: /home/hansol/ros2_ws/install/realsense_camera_msgs/share/realsense_camera_msgs/local_setup.zsh
[1.538s] -- Up-to-date symlink: /home/hansol/ros2_ws/install/realsense_camera_msgs/share/ament_index/resource_index/packages/realsense_camera_msgs
[1.539s] -- Up-to-date symlink: /home/hansol/ros2_ws/install/realsense_camera_msgs/share/realsense_camera_msgs/cmake/rosidl_cmake-extras.cmake
[1.539s] -- Up-to-date symlink: /home/hansol/ros2_ws/install/realsense_camera_msgs/share/realsense_camera_msgs/cmake/ament_cmake_export_dependencies-extras.cmake
[1.542s] -- Up-to-date symlink: /home/hansol/ros2_ws/install/realsense_camera_msgs/share/realsense_camera_msgs/cmake/ament_cmake_export_libraries-extras.cmake
[1.543s] -- Up-to-date symlink: /home/hansol/ros2_ws/install/realsense_camera_msgs/share/realsense_camera_msgs/cmake/ament_cmake_export_include_directories-extras.cmake
[1.544s] -- Up-to-date symlink: /home/hansol/ros2_ws/install/realsense_camera_msgs/share/realsense_camera_msgs/cmake/realsense_camera_msgsConfig.cmake
[1.545s] -- Up-to-date symlink: /home/hansol/ros2_ws/install/realsense_camera_msgs/share/realsense_camera_msgs/cmake/realsense_camera_msgsConfig-version.cmake
[1.546s] -- Up-to-date symlink: /home/hansol/ros2_ws/install/realsense_camera_msgs/share/realsense_camera_msgs/package.xml
[1.809s] Invoked command in '/home/hansol/ros2_ws/build/realsense_camera_msgs' returned '0': CMAKE_PREFIX_PATH=${CMAKE_PREFIX_PATH}:/opt/ros/dashing /usr/local/bin/cmake --install /home/hansol/ros2_ws/build/realsense_camera_msgs
