[0.109s] Invoking command in '/home/hansol/ros2_ws/build/Darknet': /usr/local/bin/cmake --build /home/hansol/ros2_ws/build/Darknet -- -j4 -l4
[0.124s] Change Dir: '/home/hansol/ros2_ws/build/Darknet'
[0.127s] 
[0.128s] Run Build Command(s): /usr/local/bin/cmake -E env VERBOSE=1 /usr/bin/make -f Makefile -j4 -l4
[0.151s] /usr/local/bin/cmake -S/home/hansol/ros2_ws/src/darknet_ros/darknet -B/home/hansol/ros2_ws/build/Darknet --check-build-system CMakeFiles/Makefile.cmake 0
[0.167s] /usr/local/bin/cmake -E cmake_progress_start /home/hansol/ros2_ws/build/Darknet/CMakeFiles /home/hansol/ros2_ws/build/Darknet//CMakeFiles/progress.marks
[0.179s] /usr/bin/make  -f CMakeFiles/Makefile2 all
[0.188s] make[1]: Entering directory '/home/hansol/ros2_ws/build/Darknet'
[0.189s] /usr/bin/make  -f CMakeFiles/dark.dir/build.make CMakeFiles/dark.dir/depend
[0.192s] /usr/bin/make  -f CMakeFiles/darknet.dir/build.make CMakeFiles/darknet.dir/depend
[0.268s] make[2]: Entering directory '/home/hansol/ros2_ws/build/Darknet'
[0.268s] cd /home/hansol/ros2_ws/build/Darknet && /usr/local/bin/cmake -E cmake_depends "Unix Makefiles" /home/hansol/ros2_ws/src/darknet_ros/darknet /home/hansol/ros2_ws/src/darknet_ros/darknet /home/hansol/ros2_ws/build/Darknet /home/hansol/ros2_ws/build/Darknet /home/hansol/ros2_ws/build/Darknet/CMakeFiles/darknet.dir/DependInfo.cmake "--color="
[0.314s] make[2]: Leaving directory '/home/hansol/ros2_ws/build/Darknet'
[0.314s] /usr/bin/make  -f CMakeFiles/darknet.dir/build.make CMakeFiles/darknet.dir/build
[0.319s] make[2]: Entering directory '/home/hansol/ros2_ws/build/Darknet'
[0.320s] cd /home/hansol/ros2_ws/build/Darknet && /usr/local/bin/cmake -E cmake_depends "Unix Makefiles" /home/hansol/ros2_ws/src/darknet_ros/darknet /home/hansol/ros2_ws/src/darknet_ros/darknet /home/hansol/ros2_ws/build/Darknet /home/hansol/ros2_ws/build/Darknet /home/hansol/ros2_ws/build/Darknet/CMakeFiles/dark.dir/DependInfo.cmake "--color="
[0.376s] make[2]: Leaving directory '/home/hansol/ros2_ws/build/Darknet'
[0.382s] /usr/bin/make  -f CMakeFiles/dark.dir/build.make CMakeFiles/dark.dir/build
[0.410s] make[2]: Entering directory '/home/hansol/ros2_ws/build/Darknet'
[0.412s] make[2]: Nothing to be done for 'CMakeFiles/darknet.dir/build'.
[0.416s] make[2]: Leaving directory '/home/hansol/ros2_ws/build/Darknet'
[0.460s] [ 48%] Built target darknet
[0.495s] make[2]: Entering directory '/home/hansol/ros2_ws/build/Darknet'
[0.496s] make[2]: Nothing to be done for 'CMakeFiles/dark.dir/build'.
[0.497s] make[2]: Leaving directory '/home/hansol/ros2_ws/build/Darknet'
[0.521s] [ 97%] Built target dark
[0.523s] /usr/bin/make  -f CMakeFiles/uselib_track.dir/build.make CMakeFiles/uselib_track.dir/depend
[0.524s] /usr/bin/make  -f CMakeFiles/uselib.dir/build.make CMakeFiles/uselib.dir/depend
[0.536s] make[2]: Entering directory '/home/hansol/ros2_ws/build/Darknet'
[0.537s] cd /home/hansol/ros2_ws/build/Darknet && /usr/local/bin/cmake -E cmake_depends "Unix Makefiles" /home/hansol/ros2_ws/src/darknet_ros/darknet /home/hansol/ros2_ws/src/darknet_ros/darknet /home/hansol/ros2_ws/build/Darknet /home/hansol/ros2_ws/build/Darknet /home/hansol/ros2_ws/build/Darknet/CMakeFiles/uselib.dir/DependInfo.cmake "--color="
[0.542s] make[2]: Entering directory '/home/hansol/ros2_ws/build/Darknet'
[0.543s] cd /home/hansol/ros2_ws/build/Darknet && /usr/local/bin/cmake -E cmake_depends "Unix Makefiles" /home/hansol/ros2_ws/src/darknet_ros/darknet /home/hansol/ros2_ws/src/darknet_ros/darknet /home/hansol/ros2_ws/build/Darknet /home/hansol/ros2_ws/build/Darknet /home/hansol/ros2_ws/build/Darknet/CMakeFiles/uselib_track.dir/DependInfo.cmake "--color="
[0.568s] make[2]: Leaving directory '/home/hansol/ros2_ws/build/Darknet'
[0.570s] /usr/bin/make  -f CMakeFiles/uselib_track.dir/build.make CMakeFiles/uselib_track.dir/build
[0.581s] make[2]: Leaving directory '/home/hansol/ros2_ws/build/Darknet'
[0.584s] /usr/bin/make  -f CMakeFiles/uselib.dir/build.make CMakeFiles/uselib.dir/build
[0.593s] make[2]: Entering directory '/home/hansol/ros2_ws/build/Darknet'
[0.596s] make[2]: Nothing to be done for 'CMakeFiles/uselib_track.dir/build'.
[0.597s] make[2]: Leaving directory '/home/hansol/ros2_ws/build/Darknet'
[0.606s] make[2]: Entering directory '/home/hansol/ros2_ws/build/Darknet'
[0.607s] make[2]: Nothing to be done for 'CMakeFiles/uselib.dir/build'.
[0.611s] make[2]: Leaving directory '/home/hansol/ros2_ws/build/Darknet'
[0.627s] [ 99%] Built target uselib_track
[0.640s] [100%] Built target uselib
[0.644s] make[1]: Leaving directory '/home/hansol/ros2_ws/build/Darknet'
[0.645s] /usr/local/bin/cmake -E cmake_progress_start /home/hansol/ros2_ws/build/Darknet/CMakeFiles 0
[0.673s] 
[0.703s] Invoked command in '/home/hansol/ros2_ws/build/Darknet' returned '0': /usr/local/bin/cmake --build /home/hansol/ros2_ws/build/Darknet -- -j4 -l4
[2.117s] Invoking command in '/home/hansol/ros2_ws/build/Darknet': /usr/local/bin/cmake --install /home/hansol/ros2_ws/build/Darknet
[2.155s] -- Install configuration: "Release"
[2.156s] -- Up-to-date: /home/hansol/ros2_ws/src/darknet_ros/darknet/libdarknet.so
[2.160s] -- Up-to-date: /home/hansol/ros2_ws/install/Darknet/include/darknet/darknet.h
[2.163s] -- Up-to-date: /home/hansol/ros2_ws/install/Darknet/include/darknet/yolo_v2_class.hpp
[2.164s] -- Up-to-date: /home/hansol/ros2_ws/src/darknet_ros/darknet/uselib
[2.171s] -- Up-to-date: /home/hansol/ros2_ws/src/darknet_ros/darknet/darknet
[2.173s] -- Up-to-date: /home/hansol/ros2_ws/src/darknet_ros/darknet/uselib_track
[2.178s] -- Up-to-date: /home/hansol/ros2_ws/install/Darknet/share/darknet/DarknetTargets.cmake
[2.180s] -- Up-to-date: /home/hansol/ros2_ws/install/Darknet/share/darknet/DarknetTargets-release.cmake
[2.181s] -- Up-to-date: /home/hansol/ros2_ws/install/Darknet/share/darknet/DarknetConfig.cmake
[2.182s] -- Up-to-date: /home/hansol/ros2_ws/install/Darknet/share/darknet/DarknetConfigVersion.cmake
[2.195s] Invoked command in '/home/hansol/ros2_ws/build/Darknet' returned '0': /usr/local/bin/cmake --install /home/hansol/ros2_ws/build/Darknet
