[0.144s] Invoking command in '/home/hansol/ros2_ws/build/Darknet': /usr/local/bin/cmake --build /home/hansol/ros2_ws/build/Darknet -- -j4 -l4
[0.169s] Change Dir: '/home/hansol/ros2_ws/build/Darknet'
[0.171s] 
[0.174s] Run Build Command(s): /usr/local/bin/cmake -E env VERBOSE=1 /usr/bin/make -f Makefile -j4 -l4
[0.199s] /usr/local/bin/cmake -S/home/hansol/ros2_ws/src/darknet_ros/darknet -B/home/hansol/ros2_ws/build/Darknet --check-build-system CMakeFiles/Makefile.cmake 0
[0.227s] /usr/local/bin/cmake -E cmake_progress_start /home/hansol/ros2_ws/build/Darknet/CMakeFiles /home/hansol/ros2_ws/build/Darknet//CMakeFiles/progress.marks
[0.253s] /usr/bin/make  -f CMakeFiles/Makefile2 all
[0.266s] make[1]: Entering directory '/home/hansol/ros2_ws/build/Darknet'
[0.267s] /usr/bin/make  -f CMakeFiles/dark.dir/build.make CMakeFiles/dark.dir/depend
[0.268s] /usr/bin/make  -f CMakeFiles/darknet.dir/build.make CMakeFiles/darknet.dir/depend
[0.340s] make[2]: Entering directory '/home/hansol/ros2_ws/build/Darknet'
[0.341s] cd /home/hansol/ros2_ws/build/Darknet && /usr/local/bin/cmake -E cmake_depends "Unix Makefiles" /home/hansol/ros2_ws/src/darknet_ros/darknet /home/hansol/ros2_ws/src/darknet_ros/darknet /home/hansol/ros2_ws/build/Darknet /home/hansol/ros2_ws/build/Darknet /home/hansol/ros2_ws/build/Darknet/CMakeFiles/darknet.dir/DependInfo.cmake "--color="
[0.368s] make[2]: Entering directory '/home/hansol/ros2_ws/build/Darknet'
[0.379s] cd /home/hansol/ros2_ws/build/Darknet && /usr/local/bin/cmake -E cmake_depends "Unix Makefiles" /home/hansol/ros2_ws/src/darknet_ros/darknet /home/hansol/ros2_ws/src/darknet_ros/darknet /home/hansol/ros2_ws/build/Darknet /home/hansol/ros2_ws/build/Darknet /home/hansol/ros2_ws/build/Darknet/CMakeFiles/dark.dir/DependInfo.cmake "--color="
[0.408s] make[2]: Leaving directory '/home/hansol/ros2_ws/build/Darknet'
[0.410s] /usr/bin/make  -f CMakeFiles/darknet.dir/build.make CMakeFiles/darknet.dir/build
[0.464s] make[2]: Leaving directory '/home/hansol/ros2_ws/build/Darknet'
[0.465s] /usr/bin/make  -f CMakeFiles/dark.dir/build.make CMakeFiles/dark.dir/build
[0.503s] make[2]: Entering directory '/home/hansol/ros2_ws/build/Darknet'
[0.506s] make[2]: Nothing to be done for 'CMakeFiles/darknet.dir/build'.
[0.507s] make[2]: Leaving directory '/home/hansol/ros2_ws/build/Darknet'
[0.532s] [ 48%] Built target darknet
[0.567s] make[2]: Entering directory '/home/hansol/ros2_ws/build/Darknet'
[0.568s] make[2]: Nothing to be done for 'CMakeFiles/dark.dir/build'.
[0.569s] make[2]: Leaving directory '/home/hansol/ros2_ws/build/Darknet'
[0.592s] [ 97%] Built target dark
[0.595s] /usr/bin/make  -f CMakeFiles/uselib_track.dir/build.make CMakeFiles/uselib_track.dir/depend
[0.597s] /usr/bin/make  -f CMakeFiles/uselib.dir/build.make CMakeFiles/uselib.dir/depend
[0.605s] make[2]: Entering directory '/home/hansol/ros2_ws/build/Darknet'
[0.606s] cd /home/hansol/ros2_ws/build/Darknet && /usr/local/bin/cmake -E cmake_depends "Unix Makefiles" /home/hansol/ros2_ws/src/darknet_ros/darknet /home/hansol/ros2_ws/src/darknet_ros/darknet /home/hansol/ros2_ws/build/Darknet /home/hansol/ros2_ws/build/Darknet /home/hansol/ros2_ws/build/Darknet/CMakeFiles/uselib_track.dir/DependInfo.cmake "--color="
[0.611s] make[2]: Entering directory '/home/hansol/ros2_ws/build/Darknet'
[0.612s] cd /home/hansol/ros2_ws/build/Darknet && /usr/local/bin/cmake -E cmake_depends "Unix Makefiles" /home/hansol/ros2_ws/src/darknet_ros/darknet /home/hansol/ros2_ws/src/darknet_ros/darknet /home/hansol/ros2_ws/build/Darknet /home/hansol/ros2_ws/build/Darknet /home/hansol/ros2_ws/build/Darknet/CMakeFiles/uselib.dir/DependInfo.cmake "--color="
[0.626s] make[2]: Leaving directory '/home/hansol/ros2_ws/build/Darknet'
[0.628s] /usr/bin/make  -f CMakeFiles/uselib_track.dir/build.make CMakeFiles/uselib_track.dir/build
[0.642s] make[2]: Entering directory '/home/hansol/ros2_ws/build/Darknet'
[0.643s] make[2]: Leaving directory '/home/hansol/ros2_ws/build/Darknet'
[0.644s] make[2]: Nothing to be done for 'CMakeFiles/uselib_track.dir/build'.
[0.645s] make[2]: Leaving directory '/home/hansol/ros2_ws/build/Darknet'
[0.646s] /usr/bin/make  -f CMakeFiles/uselib.dir/build.make CMakeFiles/uselib.dir/build
[0.666s] [ 99%] Built target uselib_track
[0.674s] make[2]: Entering directory '/home/hansol/ros2_ws/build/Darknet'
[0.675s] make[2]: Nothing to be done for 'CMakeFiles/uselib.dir/build'.
[0.677s] make[2]: Leaving directory '/home/hansol/ros2_ws/build/Darknet'
[0.695s] [100%] Built target uselib
[0.699s] make[1]: Leaving directory '/home/hansol/ros2_ws/build/Darknet'
[0.702s] /usr/local/bin/cmake -E cmake_progress_start /home/hansol/ros2_ws/build/Darknet/CMakeFiles 0
[0.732s] 
[0.761s] Invoked command in '/home/hansol/ros2_ws/build/Darknet' returned '0': /usr/local/bin/cmake --build /home/hansol/ros2_ws/build/Darknet -- -j4 -l4
[2.004s] Invoking command in '/home/hansol/ros2_ws/build/Darknet': /usr/local/bin/cmake --install /home/hansol/ros2_ws/build/Darknet
[2.068s] -- Install configuration: "Release"
[2.069s] -- Up-to-date: /home/hansol/ros2_ws/src/darknet_ros/darknet/libdarknet.so
[2.070s] -- Up-to-date: /home/hansol/ros2_ws/install/Darknet/include/darknet/darknet.h
[2.071s] -- Up-to-date: /home/hansol/ros2_ws/install/Darknet/include/darknet/yolo_v2_class.hpp
[2.072s] -- Up-to-date: /home/hansol/ros2_ws/src/darknet_ros/darknet/uselib
[2.072s] -- Up-to-date: /home/hansol/ros2_ws/src/darknet_ros/darknet/darknet
[2.073s] -- Up-to-date: /home/hansol/ros2_ws/src/darknet_ros/darknet/uselib_track
[2.077s] -- Up-to-date: /home/hansol/ros2_ws/install/Darknet/share/darknet/DarknetTargets.cmake
[2.078s] -- Up-to-date: /home/hansol/ros2_ws/install/Darknet/share/darknet/DarknetTargets-release.cmake
[2.079s] -- Up-to-date: /home/hansol/ros2_ws/install/Darknet/share/darknet/DarknetConfig.cmake
[2.081s] -- Up-to-date: /home/hansol/ros2_ws/install/Darknet/share/darknet/DarknetConfigVersion.cmake
[2.207s] Invoked command in '/home/hansol/ros2_ws/build/Darknet' returned '0': /usr/local/bin/cmake --install /home/hansol/ros2_ws/build/Darknet
