[0.120s] Invoking command in '/home/hansol/ros2_ws/build/Darknet': /usr/local/bin/cmake --build /home/hansol/ros2_ws/build/Darknet -- -j4 -l4
[0.136s] Change Dir: '/home/hansol/ros2_ws/build/Darknet'
[0.137s] 
[0.138s] Run Build Command(s): /usr/local/bin/cmake -E env VERBOSE=1 /usr/bin/make -f Makefile -j4 -l4
[0.165s] /usr/local/bin/cmake -S/home/hansol/ros2_ws/src/darknet_ros/darknet -B/home/hansol/ros2_ws/build/Darknet --check-build-system CMakeFiles/Makefile.cmake 0
[0.187s] /usr/local/bin/cmake -E cmake_progress_start /home/hansol/ros2_ws/build/Darknet/CMakeFiles /home/hansol/ros2_ws/build/Darknet//CMakeFiles/progress.marks
[0.211s] /usr/bin/make  -f CMakeFiles/Makefile2 all
[0.223s] make[1]: Entering directory '/home/hansol/ros2_ws/build/Darknet'
[0.224s] /usr/bin/make  -f CMakeFiles/dark.dir/build.make CMakeFiles/dark.dir/depend
[0.227s] /usr/bin/make  -f CMakeFiles/darknet.dir/build.make CMakeFiles/darknet.dir/depend
[0.307s] make[2]: Entering directory '/home/hansol/ros2_ws/build/Darknet'
[0.308s] cd /home/hansol/ros2_ws/build/Darknet && /usr/local/bin/cmake -E cmake_depends "Unix Makefiles" /home/hansol/ros2_ws/src/darknet_ros/darknet /home/hansol/ros2_ws/src/darknet_ros/darknet /home/hansol/ros2_ws/build/Darknet /home/hansol/ros2_ws/build/Darknet /home/hansol/ros2_ws/build/Darknet/CMakeFiles/darknet.dir/DependInfo.cmake "--color="
[0.316s] make[2]: Entering directory '/home/hansol/ros2_ws/build/Darknet'
[0.322s] cd /home/hansol/ros2_ws/build/Darknet && /usr/local/bin/cmake -E cmake_depends "Unix Makefiles" /home/hansol/ros2_ws/src/darknet_ros/darknet /home/hansol/ros2_ws/src/darknet_ros/darknet /home/hansol/ros2_ws/build/Darknet /home/hansol/ros2_ws/build/Darknet /home/hansol/ros2_ws/build/Darknet/CMakeFiles/dark.dir/DependInfo.cmake "--color="
[0.381s] make[2]: Leaving directory '/home/hansol/ros2_ws/build/Darknet'
[0.387s] /usr/bin/make  -f CMakeFiles/darknet.dir/build.make CMakeFiles/darknet.dir/build
[0.390s] make[2]: Leaving directory '/home/hansol/ros2_ws/build/Darknet'
[0.391s] /usr/bin/make  -f CMakeFiles/dark.dir/build.make CMakeFiles/dark.dir/build
[0.496s] make[2]: Entering directory '/home/hansol/ros2_ws/build/Darknet'
[0.497s] make[2]: Nothing to be done for 'CMakeFiles/darknet.dir/build'.
[0.498s] make[2]: Leaving directory '/home/hansol/ros2_ws/build/Darknet'
[0.516s] make[2]: Entering directory '/home/hansol/ros2_ws/build/Darknet'
[0.519s] make[2]: Nothing to be done for 'CMakeFiles/dark.dir/build'.
[0.539s] [ 48%] Built target darknet
[0.541s] make[2]: Leaving directory '/home/hansol/ros2_ws/build/Darknet'
[0.573s] [ 97%] Built target dark
[0.578s] /usr/bin/make  -f CMakeFiles/uselib_track.dir/build.make CMakeFiles/uselib_track.dir/depend
[0.580s] /usr/bin/make  -f CMakeFiles/uselib.dir/build.make CMakeFiles/uselib.dir/depend
[0.589s] make[2]: Entering directory '/home/hansol/ros2_ws/build/Darknet'
[0.590s] cd /home/hansol/ros2_ws/build/Darknet && /usr/local/bin/cmake -E cmake_depends "Unix Makefiles" /home/hansol/ros2_ws/src/darknet_ros/darknet /home/hansol/ros2_ws/src/darknet_ros/darknet /home/hansol/ros2_ws/build/Darknet /home/hansol/ros2_ws/build/Darknet /home/hansol/ros2_ws/build/Darknet/CMakeFiles/uselib.dir/DependInfo.cmake "--color="
[0.602s] make[2]: Entering directory '/home/hansol/ros2_ws/build/Darknet'
[0.604s] cd /home/hansol/ros2_ws/build/Darknet && /usr/local/bin/cmake -E cmake_depends "Unix Makefiles" /home/hansol/ros2_ws/src/darknet_ros/darknet /home/hansol/ros2_ws/src/darknet_ros/darknet /home/hansol/ros2_ws/build/Darknet /home/hansol/ros2_ws/build/Darknet /home/hansol/ros2_ws/build/Darknet/CMakeFiles/uselib_track.dir/DependInfo.cmake "--color="
[0.619s] make[2]: Leaving directory '/home/hansol/ros2_ws/build/Darknet'
[0.621s] /usr/bin/make  -f CMakeFiles/uselib.dir/build.make CMakeFiles/uselib.dir/build
[0.623s] make[2]: Leaving directory '/home/hansol/ros2_ws/build/Darknet'
[0.624s] /usr/bin/make  -f CMakeFiles/uselib_track.dir/build.make CMakeFiles/uselib_track.dir/build
[0.645s] make[2]: Entering directory '/home/hansol/ros2_ws/build/Darknet'
[0.648s] make[2]: Entering directory '/home/hansol/ros2_ws/build/Darknet'
[0.649s] make[2]: Nothing to be done for 'CMakeFiles/uselib_track.dir/build'.
[0.654s] make[2]: Leaving directory '/home/hansol/ros2_ws/build/Darknet'
[0.663s] make[2]: Nothing to be done for 'CMakeFiles/uselib.dir/build'.
[0.667s] make[2]: Leaving directory '/home/hansol/ros2_ws/build/Darknet'
[0.691s] [ 99%] Built target uselib_track
[0.709s] [100%] Built target uselib
[0.713s] make[1]: Leaving directory '/home/hansol/ros2_ws/build/Darknet'
[0.714s] /usr/local/bin/cmake -E cmake_progress_start /home/hansol/ros2_ws/build/Darknet/CMakeFiles 0
[0.739s] 
[0.748s] Invoked command in '/home/hansol/ros2_ws/build/Darknet' returned '0': /usr/local/bin/cmake --build /home/hansol/ros2_ws/build/Darknet -- -j4 -l4
[2.133s] Invoking command in '/home/hansol/ros2_ws/build/Darknet': /usr/local/bin/cmake --install /home/hansol/ros2_ws/build/Darknet
[2.186s] -- Install configuration: "Release"
[2.189s] -- Up-to-date: /home/hansol/ros2_ws/src/darknet_ros/darknet/libdarknet.so
[2.196s] -- Up-to-date: /home/hansol/ros2_ws/install/Darknet/include/darknet/darknet.h
[2.197s] -- Up-to-date: /home/hansol/ros2_ws/install/Darknet/include/darknet/yolo_v2_class.hpp
[2.198s] -- Up-to-date: /home/hansol/ros2_ws/src/darknet_ros/darknet/uselib
[2.199s] -- Up-to-date: /home/hansol/ros2_ws/src/darknet_ros/darknet/darknet
[2.200s] -- Up-to-date: /home/hansol/ros2_ws/src/darknet_ros/darknet/uselib_track
[2.210s] -- Up-to-date: /home/hansol/ros2_ws/install/Darknet/share/darknet/DarknetTargets.cmake
[2.213s] -- Up-to-date: /home/hansol/ros2_ws/install/Darknet/share/darknet/DarknetTargets-release.cmake
[2.214s] -- Up-to-date: /home/hansol/ros2_ws/install/Darknet/share/darknet/DarknetConfig.cmake
[2.215s] -- Up-to-date: /home/hansol/ros2_ws/install/Darknet/share/darknet/DarknetConfigVersion.cmake
[2.334s] Invoked command in '/home/hansol/ros2_ws/build/Darknet' returned '0': /usr/local/bin/cmake --install /home/hansol/ros2_ws/build/Darknet
