[0.122s] Invoking command in '/home/hansol/ros2_ws/build/darknet_ros': CMAKE_PREFIX_PATH=/home/hansol/ros2_ws/install/darknet_ros_msgs:/home/hansol/ros2_ws/install/realsense_ros2_camera:/home/hansol/ros2_ws/install/realsense_camera_msgs:/home/hansol/ros2_ws/install/darknet_ros:/home/hansol/ros2_ws/install/Darknet:/opt/ros/dashing LD_LIBRARY_PATH=/home/hansol/ros2_ws/install/darknet_ros_msgs/lib:/home/hansol/ros2_ws/install/realsense_camera_msgs/lib:/home/hansol/ros2_ws/install/darknet_ros/lib:/opt/ros/dashing/lib:/usr/local/cuda-10.2/lib64 PYTHONPATH=/home/hansol/ros2_ws/install/darknet_ros_msgs/lib/python3.6/site-packages:/home/hansol/ros2_ws/install/realsense_camera_msgs/lib/python3.6/site-packages:/opt/ros/dashing/lib/python3.6/site-packages /usr/local/bin/cmake --build /home/hansol/ros2_ws/build/darknet_ros -- -j4 -l4
[0.638s] [  2%] [32mBuilding CXX object CMakeFiles/darknet_ros_lib.dir/src/YoloObjectDetector.cpp.o[0m
[0.639s] [  2%] [32mBuilding CXX object CMakeFiles/darknet_ros_lib.dir/src/yolo_object_detector_node.cpp.o[0m
[11.864s] [01m[K/home/hansol/ros2_ws/src/darknet_ros/darknet_ros/src/YoloObjectDetector.cpp:[m[K In member function ‘[01m[Kvoid darknet_ros::YoloObjectDetector::init()[m[K’:
[11.866s] [01m[K/home/hansol/ros2_ws/src/darknet_ros/darknet_ros/src/YoloObjectDetector.cpp:195:61:[m[K [01;31m[Kerror: [m[Kno matching function for call to ‘[01m[Kimage_transport::ImageTransport::subscribe(std::__cxx11::string&, int&, std::_Bind_helper<false, void (darknet_ros::YoloObjectDetector::*)(const sensor_msgs::msg::Image_<std::allocator<void> >&), darknet_ros::YoloObjectDetector*, const std::_Placeholder<1>&>::type)[m[K’
[11.867s]      std::bind(&YoloObjectDetector::cameraCallback, this, _1)[01;31m[K)[m[K;
[11.868s]                                                              [01;31m[K^[m[K
[11.869s] In file included from [01m[K/home/hansol/ros2_ws/src/darknet_ros/darknet_ros/include/darknet_ros/YoloObjectDetector.hpp:30:0[m[K,
[11.871s]                  from [01m[K/home/hansol/ros2_ws/src/darknet_ros/darknet_ros/src/YoloObjectDetector.cpp:10[m[K:
[11.872s] [01m[K/opt/ros/dashing/include/image_transport/image_transport.h:141:14:[m[K [01;36m[Knote: [m[Kcandidate: image_transport::Subscriber image_transport::ImageTransport::subscribe(const string&, uint32_t, const Callback&, const VoidPtr&, const image_transport::TransportHints*)
[11.873s]    Subscriber [01;36m[Ksubscribe[m[K(
[11.874s]               [01;36m[K^~~~~~~~~[m[K
[11.875s] [01m[K/opt/ros/dashing/include/image_transport/image_transport.h:141:14:[m[K [01;36m[Knote: [m[K  no known conversion for argument 3 from ‘[01m[Kstd::_Bind_helper<false, void (darknet_ros::YoloObjectDetector::*)(const sensor_msgs::msg::Image_<std::allocator<void> >&), darknet_ros::YoloObjectDetector*, const std::_Placeholder<1>&>::type {aka std::_Bind<void (darknet_ros::YoloObjectDetector::*(darknet_ros::YoloObjectDetector*, std::_Placeholder<1>))(const sensor_msgs::msg::Image_<std::allocator<void> >&)>}[m[K’ to ‘[01m[Kconst Callback& {aka const std::function<void(const std::shared_ptr<const sensor_msgs::msg::Image_<std::allocator<void> > >&)>&}[m[K’
[11.876s] [01m[K/opt/ros/dashing/include/image_transport/image_transport.h:151:14:[m[K [01;36m[Knote: [m[Kcandidate: image_transport::Subscriber image_transport::ImageTransport::subscribe(const string&, uint32_t, void (*)(const ImageConstPtr&), const image_transport::TransportHints*)
[11.877s]    Subscriber [01;36m[Ksubscribe[m[K(
[11.877s]               [01;36m[K^~~~~~~~~[m[K
[11.878s] [01m[K/opt/ros/dashing/include/image_transport/image_transport.h:151:14:[m[K [01;36m[Knote: [m[K  no known conversion for argument 3 from ‘[01m[Kstd::_Bind_helper<false, void (darknet_ros::YoloObjectDetector::*)(const sensor_msgs::msg::Image_<std::allocator<void> >&), darknet_ros::YoloObjectDetector*, const std::_Placeholder<1>&>::type {aka std::_Bind<void (darknet_ros::YoloObjectDetector::*(darknet_ros::YoloObjectDetector*, std::_Placeholder<1>))(const sensor_msgs::msg::Image_<std::allocator<void> >&)>}[m[K’ to ‘[01m[Kvoid (*)(const ImageConstPtr&) {aka void (*)(const std::shared_ptr<const sensor_msgs::msg::Image_<std::allocator<void> > >&)}[m[K’
[11.879s] [01m[K/opt/ros/dashing/include/image_transport/image_transport.h:165:14:[m[K [01;36m[Knote: [m[Kcandidate: template<class T> image_transport::Subscriber image_transport::ImageTransport::subscribe(const string&, uint32_t, void (T::*)(const ImageConstPtr&), T*, const image_transport::TransportHints*)
[11.880s]    Subscriber [01;36m[Ksubscribe[m[K(
[11.881s]               [01;36m[K^~~~~~~~~[m[K
[11.881s] [01m[K/opt/ros/dashing/include/image_transport/image_transport.h:165:14:[m[K [01;36m[Knote: [m[K  template argument deduction/substitution failed:
[11.883s] [01m[K/home/hansol/ros2_ws/src/darknet_ros/darknet_ros/src/YoloObjectDetector.cpp:195:61:[m[K [01;36m[Knote: [m[K  mismatched types ‘[01m[Kvoid (T::*)(const ImageConstPtr&)[m[K’ and ‘[01m[Kstd::_Bind<void (darknet_ros::YoloObjectDetector::*(darknet_ros::YoloObjectDetector*, std::_Placeholder<1>))(const sensor_msgs::msg::Image_<std::allocator<void> >&)>[m[K’
[11.883s]      std::bind(&YoloObjectDetector::cameraCallback, this, _1)[01;36m[K)[m[K;
[11.884s]                                                              [01;36m[K^[m[K
[11.885s] In file included from [01m[K/home/hansol/ros2_ws/src/darknet_ros/darknet_ros/include/darknet_ros/YoloObjectDetector.hpp:30:0[m[K,
[11.885s]                  from [01m[K/home/hansol/ros2_ws/src/darknet_ros/darknet_ros/src/YoloObjectDetector.cpp:10[m[K:
[11.886s] [01m[K/opt/ros/dashing/include/image_transport/image_transport.h:178:14:[m[K [01;36m[Knote: [m[Kcandidate: template<class T> image_transport::Subscriber image_transport::ImageTransport::subscribe(const string&, uint32_t, void (T::*)(const ImageConstPtr&), const std::shared_ptr<_Tp>&, const image_transport::TransportHints*)
[11.887s]    Subscriber [01;36m[Ksubscribe[m[K(
[11.888s]               [01;36m[K^~~~~~~~~[m[K
[11.889s] [01m[K/opt/ros/dashing/include/image_transport/image_transport.h:178:14:[m[K [01;36m[Knote: [m[K  template argument deduction/substitution failed:
[11.889s] [01m[K/home/hansol/ros2_ws/src/darknet_ros/darknet_ros/src/YoloObjectDetector.cpp:195:61:[m[K [01;36m[Knote: [m[K  mismatched types ‘[01m[Kvoid (T::*)(const ImageConstPtr&)[m[K’ and ‘[01m[Kstd::_Bind<void (darknet_ros::YoloObjectDetector::*(darknet_ros::YoloObjectDetector*, std::_Placeholder<1>))(const sensor_msgs::msg::Image_<std::allocator<void> >&)>[m[K’
[11.890s]      std::bind(&YoloObjectDetector::cameraCallback, this, _1)[01;36m[K)[m[K;
[11.891s]                                                              [01;36m[K^[m[K
[12.124s] [01m[K/home/hansol/ros2_ws/src/darknet_ros/darknet_ros/src/YoloObjectDetector.cpp:[m[K In member function ‘[01m[Kvoid darknet_ros::YoloObjectDetector::cameraCallback(const Image&)[m[K’:
[12.125s] [01m[K/home/hansol/ros2_ws/src/darknet_ros/darknet_ros/src/YoloObjectDetector.cpp:250:25:[m[K [01;31m[Kerror: [m[Kbase operand of ‘[01m[K->[m[K’ has non-pointer type ‘[01m[Kconst Image {aka const sensor_msgs::msg::Image_<std::allocator<void> >}[m[K’
[12.125s]        imageHeader_ = msg[01;31m[K->[m[Kheader;
[12.126s]                          [01;31m[K^~[m[K
[20.979s] CMakeFiles/darknet_ros_lib.dir/build.make:2370: recipe for target 'CMakeFiles/darknet_ros_lib.dir/src/YoloObjectDetector.cpp.o' failed
[20.981s] make[2]: *** [CMakeFiles/darknet_ros_lib.dir/src/YoloObjectDetector.cpp.o] Error 1
[20.982s] CMakeFiles/Makefile2:111: recipe for target 'CMakeFiles/darknet_ros_lib.dir/all' failed
[20.983s] make[1]: *** [CMakeFiles/darknet_ros_lib.dir/all] Error 2
[20.983s] Makefile:145: recipe for target 'all' failed
[20.984s] make: *** [all] Error 2
[20.989s] Invoked command in '/home/hansol/ros2_ws/build/darknet_ros' returned '2': CMAKE_PREFIX_PATH=/home/hansol/ros2_ws/install/darknet_ros_msgs:/home/hansol/ros2_ws/install/realsense_ros2_camera:/home/hansol/ros2_ws/install/realsense_camera_msgs:/home/hansol/ros2_ws/install/darknet_ros:/home/hansol/ros2_ws/install/Darknet:/opt/ros/dashing LD_LIBRARY_PATH=/home/hansol/ros2_ws/install/darknet_ros_msgs/lib:/home/hansol/ros2_ws/install/realsense_camera_msgs/lib:/home/hansol/ros2_ws/install/darknet_ros/lib:/opt/ros/dashing/lib:/usr/local/cuda-10.2/lib64 PYTHONPATH=/home/hansol/ros2_ws/install/darknet_ros_msgs/lib/python3.6/site-packages:/home/hansol/ros2_ws/install/realsense_camera_msgs/lib/python3.6/site-packages:/opt/ros/dashing/lib/python3.6/site-packages /usr/local/bin/cmake --build /home/hansol/ros2_ws/build/darknet_ros -- -j4 -l4
