[0.159s] Invoking command in '/home/hansol/ros2_ws/build/darknet_ros_msgs': CMAKE_PREFIX_PATH=${CMAKE_PREFIX_PATH}:/opt/ros/dashing /usr/local/bin/cmake --build /home/hansol/ros2_ws/build/darknet_ros_msgs -- -j4 -l4
[0.370s] [  1%] Built target darknet_ros_msgs__cpp
[0.382s] [ 13%] Built target darknet_ros_msgs__rosidl_generator_c
[0.542s] [ 24%] Built target darknet_ros_msgs__rosidl_typesupport_introspection_c
[0.555s] [ 35%] Built target darknet_ros_msgs__rosidl_typesupport_fastrtps_cpp
[0.593s] [ 47%] Built target darknet_ros_msgs__rosidl_typesupport_introspection_cpp
[0.691s] [ 58%] Built target darknet_ros_msgs__rosidl_typesupport_fastrtps_c
[0.702s] [ 69%] Built target darknet_ros_msgs__rosidl_typesupport_cpp
[0.810s] [ 81%] Built target darknet_ros_msgs__rosidl_typesupport_c
[0.897s] [ 81%] Built target darknet_ros_msgs
[0.968s] [ 83%] Built target darknet_ros_msgs__py
[1.043s] [ 92%] Built target darknet_ros_msgs__python
[1.130s] [ 96%] Built target darknet_ros_msgs__rosidl_typesupport_c__pyext
[1.147s] [100%] Built target darknet_ros_msgs__rosidl_typesupport_fastrtps_c__pyext
[1.191s] Invoked command in '/home/hansol/ros2_ws/build/darknet_ros_msgs' returned '0': CMAKE_PREFIX_PATH=${CMAKE_PREFIX_PATH}:/opt/ros/dashing /usr/local/bin/cmake --build /home/hansol/ros2_ws/build/darknet_ros_msgs -- -j4 -l4
[1.735s] Invoking command in '/home/hansol/ros2_ws/build/darknet_ros_msgs': CMAKE_PREFIX_PATH=${CMAKE_PREFIX_PATH}:/opt/ros/dashing /usr/local/bin/cmake --install /home/hansol/ros2_ws/build/darknet_ros_msgs
[1.791s] -- Install configuration: ""
[1.800s] -- Execute custom install script
[1.801s] -- Up-to-date symlink: /home/hansol/ros2_ws/install/darknet_ros_msgs/share/ament_index/resource_index/rosidl_interfaces/darknet_ros_msgs
[1.815s] -- Up-to-date symlink: /home/hansol/ros2_ws/install/darknet_ros_msgs/include/darknet_ros_msgs/action/check_for_objects.hpp
[1.816s] -- Up-to-date symlink: /home/hansol/ros2_ws/install/darknet_ros_msgs/include/darknet_ros_msgs/action/check_for_objects__struct.hpp
[1.817s] -- Up-to-date symlink: /home/hansol/ros2_ws/install/darknet_ros_msgs/include/darknet_ros_msgs/action/check_for_objects__traits.hpp
[1.819s] -- Up-to-date symlink: /home/hansol/ros2_ws/install/darknet_ros_msgs/include/darknet_ros_msgs/msg/bounding_box.hpp
[1.820s] -- Up-to-date symlink: /home/hansol/ros2_ws/install/darknet_ros_msgs/include/darknet_ros_msgs/msg/bounding_box__struct.hpp
[1.822s] -- Up-to-date symlink: /home/hansol/ros2_ws/install/darknet_ros_msgs/include/darknet_ros_msgs/msg/bounding_box__traits.hpp
[1.823s] -- Up-to-date symlink: /home/hansol/ros2_ws/install/darknet_ros_msgs/include/darknet_ros_msgs/msg/bounding_boxes.hpp
[1.828s] -- Up-to-date symlink: /home/hansol/ros2_ws/install/darknet_ros_msgs/include/darknet_ros_msgs/msg/bounding_boxes__struct.hpp
[1.831s] -- Up-to-date symlink: /home/hansol/ros2_ws/install/darknet_ros_msgs/include/darknet_ros_msgs/msg/bounding_boxes__traits.hpp
[1.832s] -- Up-to-date symlink: /home/hansol/ros2_ws/install/darknet_ros_msgs/include/darknet_ros_msgs/msg/object_count.hpp
[1.833s] -- Up-to-date symlink: /home/hansol/ros2_ws/install/darknet_ros_msgs/include/darknet_ros_msgs/msg/object_count__struct.hpp
[1.834s] -- Up-to-date symlink: /home/hansol/ros2_ws/install/darknet_ros_msgs/include/darknet_ros_msgs/msg/object_count__traits.hpp
[1.834s] -- Up-to-date symlink: /home/hansol/ros2_ws/install/darknet_ros_msgs/include/darknet_ros_msgs/action/check_for_objects.h
[1.835s] -- Up-to-date symlink: /home/hansol/ros2_ws/install/darknet_ros_msgs/include/darknet_ros_msgs/action/check_for_objects__functions.h
[1.836s] -- Up-to-date symlink: /home/hansol/ros2_ws/install/darknet_ros_msgs/include/darknet_ros_msgs/action/check_for_objects__struct.h
[1.837s] -- Up-to-date symlink: /home/hansol/ros2_ws/install/darknet_ros_msgs/include/darknet_ros_msgs/action/check_for_objects__type_support.h
[1.838s] -- Up-to-date symlink: /home/hansol/ros2_ws/install/darknet_ros_msgs/include/darknet_ros_msgs/msg/bounding_box.h
[1.843s] -- Up-to-date symlink: /home/hansol/ros2_ws/install/darknet_ros_msgs/include/darknet_ros_msgs/msg/bounding_box__functions.h
[1.844s] -- Up-to-date symlink: /home/hansol/ros2_ws/install/darknet_ros_msgs/include/darknet_ros_msgs/msg/bounding_box__struct.h
[1.846s] -- Up-to-date symlink: /home/hansol/ros2_ws/install/darknet_ros_msgs/include/darknet_ros_msgs/msg/bounding_box__type_support.h
[1.847s] -- Up-to-date symlink: /home/hansol/ros2_ws/install/darknet_ros_msgs/include/darknet_ros_msgs/msg/bounding_boxes.h
[1.848s] -- Up-to-date symlink: /home/hansol/ros2_ws/install/darknet_ros_msgs/include/darknet_ros_msgs/msg/bounding_boxes__functions.h
[1.849s] -- Up-to-date symlink: /home/hansol/ros2_ws/install/darknet_ros_msgs/include/darknet_ros_msgs/msg/bounding_boxes__struct.h
[1.850s] -- Up-to-date symlink: /home/hansol/ros2_ws/install/darknet_ros_msgs/include/darknet_ros_msgs/msg/bounding_boxes__type_support.h
[1.851s] -- Up-to-date symlink: /home/hansol/ros2_ws/install/darknet_ros_msgs/include/darknet_ros_msgs/msg/object_count.h
[1.852s] -- Up-to-date symlink: /home/hansol/ros2_ws/install/darknet_ros_msgs/include/darknet_ros_msgs/msg/object_count__functions.h
[1.853s] -- Up-to-date symlink: /home/hansol/ros2_ws/install/darknet_ros_msgs/include/darknet_ros_msgs/msg/object_count__struct.h
[1.854s] -- Up-to-date symlink: /home/hansol/ros2_ws/install/darknet_ros_msgs/include/darknet_ros_msgs/msg/object_count__type_support.h
[1.854s] -- Up-to-date symlink: /home/hansol/ros2_ws/install/darknet_ros_msgs/include/darknet_ros_msgs/msg/rosidl_generator_c__visibility_control.h
[1.855s] -- Up-to-date symlink: /home/hansol/ros2_ws/install/darknet_ros_msgs/share/darknet_ros_msgs/environment/library_path.sh
[1.856s] -- Up-to-date symlink: /home/hansol/ros2_ws/install/darknet_ros_msgs/lib/libdarknet_ros_msgs__rosidl_generator_c.so
[1.857s] -- Up-to-date symlink: /home/hansol/ros2_ws/install/darknet_ros_msgs/lib/libdarknet_ros_msgs__rosidl_typesupport_c.so
[1.859s] -- Up-to-date symlink: /home/hansol/ros2_ws/install/darknet_ros_msgs/lib/libdarknet_ros_msgs__rosidl_typesupport_cpp.so
[1.860s] -- Up-to-date symlink: /home/hansol/ros2_ws/install/darknet_ros_msgs/include/darknet_ros_msgs/action/check_for_objects__rosidl_typesupport_introspection_c.h
[1.871s] -- Up-to-date symlink: /home/hansol/ros2_ws/install/darknet_ros_msgs/include/darknet_ros_msgs/msg/bounding_box__rosidl_typesupport_introspection_c.h
[1.872s] -- Up-to-date symlink: /home/hansol/ros2_ws/install/darknet_ros_msgs/include/darknet_ros_msgs/msg/bounding_boxes__rosidl_typesupport_introspection_c.h
[1.877s] -- Up-to-date symlink: /home/hansol/ros2_ws/install/darknet_ros_msgs/include/darknet_ros_msgs/msg/object_count__rosidl_typesupport_introspection_c.h
[1.878s] -- Up-to-date symlink: /home/hansol/ros2_ws/install/darknet_ros_msgs/include/darknet_ros_msgs/msg/rosidl_typesupport_introspection_c__visibility_control.h
[1.879s] -- Up-to-date symlink: /home/hansol/ros2_ws/install/darknet_ros_msgs/lib/libdarknet_ros_msgs__rosidl_typesupport_introspection_c.so
[1.883s] -- Up-to-date symlink: /home/hansol/ros2_ws/install/darknet_ros_msgs/include/darknet_ros_msgs/action/check_for_objects__rosidl_typesupport_introspection_cpp.hpp
[1.889s] -- Up-to-date symlink: /home/hansol/ros2_ws/install/darknet_ros_msgs/include/darknet_ros_msgs/msg/bounding_box__rosidl_typesupport_introspection_cpp.hpp
[1.890s] -- Up-to-date symlink: /home/hansol/ros2_ws/install/darknet_ros_msgs/include/darknet_ros_msgs/msg/bounding_boxes__rosidl_typesupport_introspection_cpp.hpp
[1.891s] -- Up-to-date symlink: /home/hansol/ros2_ws/install/darknet_ros_msgs/include/darknet_ros_msgs/msg/object_count__rosidl_typesupport_introspection_cpp.hpp
[1.892s] -- Up-to-date symlink: /home/hansol/ros2_ws/install/darknet_ros_msgs/lib/libdarknet_ros_msgs__rosidl_typesupport_introspection_cpp.so
[1.892s] -- Up-to-date symlink: /home/hansol/ros2_ws/install/darknet_ros_msgs/include/darknet_ros_msgs/action/check_for_objects__rosidl_typesupport_fastrtps_c.h
[1.893s] -- Up-to-date symlink: /home/hansol/ros2_ws/install/darknet_ros_msgs/include/darknet_ros_msgs/msg/bounding_box__rosidl_typesupport_fastrtps_c.h
[1.894s] -- Up-to-date symlink: /home/hansol/ros2_ws/install/darknet_ros_msgs/include/darknet_ros_msgs/msg/bounding_boxes__rosidl_typesupport_fastrtps_c.h
[1.906s] -- Up-to-date symlink: /home/hansol/ros2_ws/install/darknet_ros_msgs/include/darknet_ros_msgs/msg/object_count__rosidl_typesupport_fastrtps_c.h
[1.920s] -- Up-to-date symlink: /home/hansol/ros2_ws/install/darknet_ros_msgs/include/darknet_ros_msgs/msg/rosidl_typesupport_fastrtps_c__visibility_control.h
[1.923s] -- Up-to-date symlink: /home/hansol/ros2_ws/install/darknet_ros_msgs/lib/libdarknet_ros_msgs__rosidl_typesupport_fastrtps_c.so
[1.924s] -- Up-to-date symlink: /home/hansol/ros2_ws/install/darknet_ros_msgs/include/darknet_ros_msgs/action/check_for_objects__rosidl_typesupport_fastrtps_cpp.hpp
[1.926s] -- Up-to-date symlink: /home/hansol/ros2_ws/install/darknet_ros_msgs/include/darknet_ros_msgs/msg/bounding_box__rosidl_typesupport_fastrtps_cpp.hpp
[1.927s] -- Up-to-date symlink: /home/hansol/ros2_ws/install/darknet_ros_msgs/include/darknet_ros_msgs/msg/bounding_boxes__rosidl_typesupport_fastrtps_cpp.hpp
[1.929s] -- Up-to-date symlink: /home/hansol/ros2_ws/install/darknet_ros_msgs/include/darknet_ros_msgs/msg/object_count__rosidl_typesupport_fastrtps_cpp.hpp
[1.937s] -- Up-to-date symlink: /home/hansol/ros2_ws/install/darknet_ros_msgs/include/darknet_ros_msgs/msg/rosidl_typesupport_fastrtps_cpp__visibility_control.h
[1.938s] -- Up-to-date symlink: /home/hansol/ros2_ws/install/darknet_ros_msgs/lib/libdarknet_ros_msgs__rosidl_typesupport_fastrtps_cpp.so
[1.939s] -- Up-to-date symlink: /home/hansol/ros2_ws/install/darknet_ros_msgs/share/darknet_ros_msgs/environment/pythonpath.sh
[1.942s] -- Up-to-date symlink: /home/hansol/ros2_ws/install/darknet_ros_msgs/lib/python3.6/site-packages/darknet_ros_msgs/__init__.py
[1.943s] -- Up-to-date symlink: /home/hansol/ros2_ws/install/darknet_ros_msgs/lib/python3.6/site-packages/darknet_ros_msgs/msg/__init__.py
[1.944s] -- Up-to-date symlink: /home/hansol/ros2_ws/install/darknet_ros_msgs/lib/python3.6/site-packages/darknet_ros_msgs/msg/_bounding_box.py
[1.945s] -- Up-to-date symlink: /home/hansol/ros2_ws/install/darknet_ros_msgs/lib/python3.6/site-packages/darknet_ros_msgs/msg/_bounding_boxes.py
[1.946s] -- Up-to-date symlink: /home/hansol/ros2_ws/install/darknet_ros_msgs/lib/python3.6/site-packages/darknet_ros_msgs/msg/_object_count.py
[1.947s] -- Up-to-date symlink: /home/hansol/ros2_ws/install/darknet_ros_msgs/lib/python3.6/site-packages/darknet_ros_msgs/action/__init__.py
[1.947s] -- Up-to-date symlink: /home/hansol/ros2_ws/install/darknet_ros_msgs/lib/python3.6/site-packages/darknet_ros_msgs/action/_check_for_objects.py
[1.949s] -- Up-to-date symlink: /home/hansol/ros2_ws/install/darknet_ros_msgs/lib/python3.6/site-packages/darknet_ros_msgs/darknet_ros_msgs_s__rosidl_typesupport_c.cpython-36m-aarch64-linux-gnu.so
[1.966s] -- Up-to-date symlink: /home/hansol/ros2_ws/install/darknet_ros_msgs/lib/python3.6/site-packages/darknet_ros_msgs/darknet_ros_msgs_s__rosidl_typesupport_fastrtps_c.cpython-36m-aarch64-linux-gnu.so
[1.967s] -- Up-to-date symlink: /home/hansol/ros2_ws/install/darknet_ros_msgs/lib/libdarknet_ros_msgs__python.so
[1.968s] -- Up-to-date symlink: /home/hansol/ros2_ws/install/darknet_ros_msgs/share/darknet_ros_msgs/msg/BoundingBox.idl
[1.969s] -- Up-to-date symlink: /home/hansol/ros2_ws/install/darknet_ros_msgs/share/darknet_ros_msgs/msg/BoundingBoxes.idl
[1.970s] -- Up-to-date symlink: /home/hansol/ros2_ws/install/darknet_ros_msgs/share/darknet_ros_msgs/msg/ObjectCount.idl
[1.971s] -- Up-to-date symlink: /home/hansol/ros2_ws/install/darknet_ros_msgs/share/darknet_ros_msgs/action/CheckForObjects.idl
[1.971s] -- Up-to-date symlink: /home/hansol/ros2_ws/install/darknet_ros_msgs/share/darknet_ros_msgs/msg/BoundingBox.msg
[1.972s] -- Up-to-date symlink: /home/hansol/ros2_ws/install/darknet_ros_msgs/share/darknet_ros_msgs/msg/BoundingBoxes.msg
[1.973s] -- Up-to-date symlink: /home/hansol/ros2_ws/install/darknet_ros_msgs/share/darknet_ros_msgs/msg/ObjectCount.msg
[1.974s] -- Up-to-date symlink: /home/hansol/ros2_ws/install/darknet_ros_msgs/share/darknet_ros_msgs/action/CheckForObjects.action
[1.985s] -- Up-to-date symlink: /home/hansol/ros2_ws/install/darknet_ros_msgs/share/ament_index/resource_index/package_run_dependencies/darknet_ros_msgs
[1.986s] -- Up-to-date symlink: /home/hansol/ros2_ws/install/darknet_ros_msgs/share/ament_index/resource_index/parent_prefix_path/darknet_ros_msgs
[1.987s] -- Up-to-date symlink: /home/hansol/ros2_ws/install/darknet_ros_msgs/share/darknet_ros_msgs/environment/ament_prefix_path.sh
[1.988s] -- Up-to-date symlink: /home/hansol/ros2_ws/install/darknet_ros_msgs/share/darknet_ros_msgs/environment/path.sh
[1.992s] -- Up-to-date symlink: /home/hansol/ros2_ws/install/darknet_ros_msgs/share/darknet_ros_msgs/local_setup.bash
[1.996s] -- Up-to-date symlink: /home/hansol/ros2_ws/install/darknet_ros_msgs/share/darknet_ros_msgs/local_setup.sh
[1.997s] -- Up-to-date symlink: /home/hansol/ros2_ws/install/darknet_ros_msgs/share/darknet_ros_msgs/local_setup.zsh
[1.998s] -- Up-to-date symlink: /home/hansol/ros2_ws/install/darknet_ros_msgs/share/ament_index/resource_index/packages/darknet_ros_msgs
[1.998s] -- Up-to-date symlink: /home/hansol/ros2_ws/install/darknet_ros_msgs/share/darknet_ros_msgs/cmake/rosidl_cmake-extras.cmake
[1.999s] -- Up-to-date symlink: /home/hansol/ros2_ws/install/darknet_ros_msgs/share/darknet_ros_msgs/cmake/ament_cmake_export_dependencies-extras.cmake
[2.003s] -- Up-to-date symlink: /home/hansol/ros2_ws/install/darknet_ros_msgs/share/darknet_ros_msgs/cmake/ament_cmake_export_include_directories-extras.cmake
[2.004s] -- Up-to-date symlink: /home/hansol/ros2_ws/install/darknet_ros_msgs/share/darknet_ros_msgs/cmake/ament_cmake_export_libraries-extras.cmake
[2.027s] -- Up-to-date symlink: /home/hansol/ros2_ws/install/darknet_ros_msgs/share/darknet_ros_msgs/cmake/darknet_ros_msgsConfig.cmake
[2.031s] -- Up-to-date symlink: /home/hansol/ros2_ws/install/darknet_ros_msgs/share/darknet_ros_msgs/cmake/darknet_ros_msgsConfig-version.cmake
[2.033s] -- Up-to-date symlink: /home/hansol/ros2_ws/install/darknet_ros_msgs/share/darknet_ros_msgs/package.xml
[2.309s] Invoked command in '/home/hansol/ros2_ws/build/darknet_ros_msgs' returned '0': CMAKE_PREFIX_PATH=${CMAKE_PREFIX_PATH}:/opt/ros/dashing /usr/local/bin/cmake --install /home/hansol/ros2_ws/build/darknet_ros_msgs
