[0.068s] Invoking command in '/home/hansol/ros2_ws/build/realsense_ros2_camera': CMAKE_PREFIX_PATH=/home/hansol/ros2_ws/install/realsense_camera_msgs:/home/hansol/ros2_ws/install/realsense_ros2_camera:/home/hansol/ros2_ws/install/darknet_ros:/home/hansol/ros2_ws/install/darknet_ros_msgs:/home/hansol/ros2_ws/install/Darknet:/opt/ros/dashing LD_LIBRARY_PATH=/home/hansol/ros2_ws/install/realsense_camera_msgs/lib:/home/hansol/ros2_ws/install/darknet_ros/lib:/home/hansol/ros2_ws/install/darknet_ros_msgs/lib:/opt/ros/dashing/lib:/usr/local/cuda-10.2/lib64 /usr/local/bin/cmake --build /home/hansol/ros2_ws/build/realsense_ros2_camera -- -j4 -l4
[0.194s] [100%] Built target realsense_ros2_camera
[0.213s] Invoked command in '/home/hansol/ros2_ws/build/realsense_ros2_camera' returned '0': CMAKE_PREFIX_PATH=/home/hansol/ros2_ws/install/realsense_camera_msgs:/home/hansol/ros2_ws/install/realsense_ros2_camera:/home/hansol/ros2_ws/install/darknet_ros:/home/hansol/ros2_ws/install/darknet_ros_msgs:/home/hansol/ros2_ws/install/Darknet:/opt/ros/dashing LD_LIBRARY_PATH=/home/hansol/ros2_ws/install/realsense_camera_msgs/lib:/home/hansol/ros2_ws/install/darknet_ros/lib:/home/hansol/ros2_ws/install/darknet_ros_msgs/lib:/opt/ros/dashing/lib:/usr/local/cuda-10.2/lib64 /usr/local/bin/cmake --build /home/hansol/ros2_ws/build/realsense_ros2_camera -- -j4 -l4
[0.356s] Invoking command in '/home/hansol/ros2_ws/build/realsense_ros2_camera': CMAKE_PREFIX_PATH=/home/hansol/ros2_ws/install/realsense_camera_msgs:/home/hansol/ros2_ws/install/realsense_ros2_camera:/home/hansol/ros2_ws/install/darknet_ros:/home/hansol/ros2_ws/install/darknet_ros_msgs:/home/hansol/ros2_ws/install/Darknet:/opt/ros/dashing LD_LIBRARY_PATH=/home/hansol/ros2_ws/install/realsense_camera_msgs/lib:/home/hansol/ros2_ws/install/darknet_ros/lib:/home/hansol/ros2_ws/install/darknet_ros_msgs/lib:/opt/ros/dashing/lib:/usr/local/cuda-10.2/lib64 /usr/local/bin/cmake --install /home/hansol/ros2_ws/build/realsense_ros2_camera
[0.384s] -- Install configuration: ""
[0.385s] -- Execute custom install script
[0.385s] -- Up-to-date symlink: /home/hansol/ros2_ws/install/realsense_ros2_camera/bin/realsense_ros2_camera
[0.389s] -- Up-to-date symlink: /home/hansol/ros2_ws/install/realsense_ros2_camera/lib/realsense_ros2_camera/realsense_ros2_camera
[0.390s] -- Up-to-date symlink: /home/hansol/ros2_ws/install/realsense_ros2_camera/include/realsense_ros2_camera/constants.hpp
[0.391s] -- Up-to-date symlink: /home/hansol/ros2_ws/install/realsense_ros2_camera/share/realsense_ros2_camera//launch/default.rviz
[0.396s] -- Up-to-date symlink: /home/hansol/ros2_ws/install/realsense_ros2_camera/share/realsense_ros2_camera//launch/realsense2_to_laserscan.py
[0.407s] -- Up-to-date symlink: /home/hansol/ros2_ws/install/realsense_ros2_camera/share/realsense_ros2_camera//launch/ros2_intel_realsense.launch.py
[0.410s] -- Up-to-date symlink: /home/hansol/ros2_ws/install/realsense_ros2_camera/share/realsense_ros2_camera//launch/rs.launch.py
[0.413s] -- Up-to-date symlink: /home/hansol/ros2_ws/install/realsense_ros2_camera/share/ament_index/resource_index/package_run_dependencies/realsense_ros2_camera
[0.415s] -- Up-to-date symlink: /home/hansol/ros2_ws/install/realsense_ros2_camera/share/ament_index/resource_index/parent_prefix_path/realsense_ros2_camera
[0.418s] -- Up-to-date symlink: /home/hansol/ros2_ws/install/realsense_ros2_camera/share/realsense_ros2_camera/environment/ament_prefix_path.sh
[0.420s] -- Up-to-date symlink: /home/hansol/ros2_ws/install/realsense_ros2_camera/share/realsense_ros2_camera/environment/path.sh
[0.435s] -- Up-to-date symlink: /home/hansol/ros2_ws/install/realsense_ros2_camera/share/realsense_ros2_camera/local_setup.bash
[0.437s] -- Up-to-date symlink: /home/hansol/ros2_ws/install/realsense_ros2_camera/share/realsense_ros2_camera/local_setup.sh
[0.438s] -- Up-to-date symlink: /home/hansol/ros2_ws/install/realsense_ros2_camera/share/realsense_ros2_camera/local_setup.zsh
[0.438s] -- Up-to-date symlink: /home/hansol/ros2_ws/install/realsense_ros2_camera/share/ament_index/resource_index/packages/realsense_ros2_camera
[0.439s] -- Up-to-date symlink: /home/hansol/ros2_ws/install/realsense_ros2_camera/share/realsense_ros2_camera/cmake/realsense_ros2_cameraConfig.cmake
[0.440s] -- Up-to-date symlink: /home/hansol/ros2_ws/install/realsense_ros2_camera/share/realsense_ros2_camera/cmake/realsense_ros2_cameraConfig-version.cmake
[0.441s] -- Up-to-date symlink: /home/hansol/ros2_ws/install/realsense_ros2_camera/share/realsense_ros2_camera/package.xml
[0.442s] Invoked command in '/home/hansol/ros2_ws/build/realsense_ros2_camera' returned '0': CMAKE_PREFIX_PATH=/home/hansol/ros2_ws/install/realsense_camera_msgs:/home/hansol/ros2_ws/install/realsense_ros2_camera:/home/hansol/ros2_ws/install/darknet_ros:/home/hansol/ros2_ws/install/darknet_ros_msgs:/home/hansol/ros2_ws/install/Darknet:/opt/ros/dashing LD_LIBRARY_PATH=/home/hansol/ros2_ws/install/realsense_camera_msgs/lib:/home/hansol/ros2_ws/install/darknet_ros/lib:/home/hansol/ros2_ws/install/darknet_ros_msgs/lib:/opt/ros/dashing/lib:/usr/local/cuda-10.2/lib64 /usr/local/bin/cmake --install /home/hansol/ros2_ws/build/realsense_ros2_camera
