[0.113s] Invoking command in '/home/hansol/ros2_ws/build/darknet_ros_msgs': CMAKE_PREFIX_PATH=${CMAKE_PREFIX_PATH}:/opt/ros/dashing /usr/local/bin/cmake /home/hansol/ros2_ws/src/darknet_ros/darknet_ros_msgs -DAMENT_CMAKE_SYMLINK_INSTALL=1 -DCMAKE_INSTALL_PREFIX=/home/hansol/ros2_ws/install/darknet_ros_msgs
[0.174s] -- Found ament_cmake: 0.7.6 (/opt/ros/dashing/share/ament_cmake/cmake)
[0.181s] [33mCMake Warning (dev) at /opt/ros/dashing/share/ament_cmake_core/cmake/core/python.cmake:22 (find_package):
[0.182s]   Policy CMP0148 is not set: The FindPythonInterp and FindPythonLibs modules
[0.182s]   are removed.  Run "cmake --help-policy CMP0148" for policy details.  Use
[0.183s]   the cmake_policy command to set the policy and suppress this warning.
[0.184s] 
[0.184s] Call Stack (most recent call first):
[0.185s]   /opt/ros/dashing/share/ament_cmake_core/cmake/core/all.cmake:53 (include)
[0.186s]   /opt/ros/dashing/share/ament_cmake_core/cmake/ament_cmake_core-extras.cmake:17 (include)
[0.186s]   /opt/ros/dashing/share/ament_cmake_core/cmake/ament_cmake_coreConfig.cmake:38 (include)
[0.187s]   /opt/ros/dashing/share/ament_cmake/cmake/ament_cmake_export_dependencies-extras.cmake:15 (find_package)
[0.187s]   /opt/ros/dashing/share/ament_cmake/cmake/ament_cmakeConfig.cmake:38 (include)
[0.188s]   CMakeLists.txt:6 (find_package)
[0.189s] This warning is for project developers.  Use -Wno-dev to suppress it.
[0.189s] [0m
[0.485s] -- Found PythonInterp: /usr/bin/python3 (found suitable version "3.6.9", minimum required is "3")
[0.486s] -- Using PYTHON_EXECUTABLE: /usr/bin/python3
[1.706s] -- Override CMake install command with custom implementation using symlinks instead of copying resources
[1.740s] -- Found action_msgs: 0.7.4 (/opt/ros/dashing/share/action_msgs/cmake)
[1.778s] -- Found rosidl_adapter: 0.7.10 (/opt/ros/dashing/share/rosidl_adapter/cmake)
[1.933s] -- Found geometry_msgs: 0.7.1 (/opt/ros/dashing/share/geometry_msgs/cmake)
[1.974s] -- Found rosidl_default_generators: 0.7.0 (/opt/ros/dashing/share/rosidl_default_generators/cmake)
[2.434s] -- Found sensor_msgs: 0.7.1 (/opt/ros/dashing/share/sensor_msgs/cmake)
[2.488s] [33mCMake Warning (dev) at /opt/ros/dashing/share/rosidl_adapter/cmake/rosidl_adapt_interfaces.cmake:40 (find_package):
[2.489s]   Policy CMP0148 is not set: The FindPythonInterp and FindPythonLibs modules
[2.489s]   are removed.  Run "cmake --help-policy CMP0148" for policy details.  Use
[2.490s]   the cmake_policy command to set the policy and suppress this warning.
[2.491s] 
[2.491s] Call Stack (most recent call first):
[2.492s]   /opt/ros/dashing/share/rosidl_cmake/cmake/rosidl_generate_interfaces.cmake:130 (rosidl_adapt_interfaces)
[2.493s]   CMakeLists.txt:14 (rosidl_generate_interfaces)
[2.494s] This warning is for project developers.  Use -Wno-dev to suppress it.
[2.494s] [0m
[2.615s] -- Found PythonInterp: /usr/bin/python3 (found version "3.6.9")
[4.516s] -- Using single matching rosidl_typesupport_c: rosidl_typesupport_fastrtps_c
[4.845s] -- Using single matching rosidl_typesupport_cpp: rosidl_typesupport_fastrtps_cpp
[6.789s] -- Found rmw_implementation_cmake: 0.7.2 (/opt/ros/dashing/share/rmw_implementation_cmake/cmake)
[6.797s] [33mCMake Warning (dev) at /opt/ros/dashing/share/rosidl_generator_py/cmake/rosidl_generator_py_generate_interfaces.cmake:21 (find_package):
[6.798s]   Policy CMP0148 is not set: The FindPythonInterp and FindPythonLibs modules
[6.799s]   are removed.  Run "cmake --help-policy CMP0148" for policy details.  Use
[6.799s]   the cmake_policy command to set the policy and suppress this warning.
[6.800s] 
[6.801s] Call Stack (most recent call first):
[6.802s]   /opt/ros/dashing/share/ament_cmake_core/cmake/core/ament_execute_extensions.cmake:48 (include)
[6.802s]   /opt/ros/dashing/share/rosidl_cmake/cmake/rosidl_generate_interfaces.cmake:286 (ament_execute_extensions)
[6.803s]   CMakeLists.txt:14 (rosidl_generate_interfaces)
[6.804s] This warning is for project developers.  Use -Wno-dev to suppress it.
[6.805s] [0m
[6.930s] -- Found PythonInterp: /usr/bin/python3 (found suitable version "3.6.9", minimum required is "3.5")
[6.934s] -- Found python_cmake_module: 0.7.11 (/opt/ros/dashing/share/python_cmake_module/cmake)
[6.935s] [33mCMake Warning (dev) at /opt/ros/dashing/share/python_cmake_module/cmake/Modules/FindPythonExtra.cmake:45 (find_package):
[6.936s]   Policy CMP0148 is not set: The FindPythonInterp and FindPythonLibs modules
[6.936s]   are removed.  Run "cmake --help-policy CMP0148" for policy details.  Use
[6.937s]   the cmake_policy command to set the policy and suppress this warning.
[6.938s] 
[6.939s] Call Stack (most recent call first):
[6.939s]   /opt/ros/dashing/share/rosidl_generator_py/cmake/rosidl_generator_py_generate_interfaces.cmake:24 (find_package)
[6.948s]   /opt/ros/dashing/share/ament_cmake_core/cmake/core/ament_execute_extensions.cmake:48 (include)
[6.949s]   /opt/ros/dashing/share/rosidl_cmake/cmake/rosidl_generate_interfaces.cmake:286 (ament_execute_extensions)
[6.949s]   CMakeLists.txt:14 (rosidl_generate_interfaces)
[6.950s] This warning is for project developers.  Use -Wno-dev to suppress it.
[6.951s] [0m
[7.066s] [33mCMake Warning (dev) at /opt/ros/dashing/share/python_cmake_module/cmake/Modules/FindPythonExtra.cmake:133 (find_package):
[7.067s]   Policy CMP0148 is not set: The FindPythonInterp and FindPythonLibs modules
[7.067s]   are removed.  Run "cmake --help-policy CMP0148" for policy details.  Use
[7.068s]   the cmake_policy command to set the policy and suppress this warning.
[7.069s] 
[7.069s] Call Stack (most recent call first):
[7.070s]   /opt/ros/dashing/share/rosidl_generator_py/cmake/rosidl_generator_py_generate_interfaces.cmake:24 (find_package)
[7.070s]   /opt/ros/dashing/share/ament_cmake_core/cmake/core/ament_execute_extensions.cmake:48 (include)
[7.071s]   /opt/ros/dashing/share/rosidl_cmake/cmake/rosidl_generate_interfaces.cmake:286 (ament_execute_extensions)
[7.071s]   CMakeLists.txt:14 (rosidl_generate_interfaces)
[7.072s] This warning is for project developers.  Use -Wno-dev to suppress it.
[7.073s] [0m
[7.074s] -- Using PYTHON_EXECUTABLE: /usr/bin/python3
[7.075s] -- Using PYTHON_INCLUDE_DIRS: /usr/include/python3.6m
[7.075s] -- Using PYTHON_LIBRARIES: /usr/lib/aarch64-linux-gnu/libpython3.6m.so
[7.950s] -- Configuring done (7.8s)
[9.003s] -- Generating done (1.1s)
[9.006s] -- Build files have been written to: /home/hansol/ros2_ws/build/darknet_ros_msgs
[9.043s] Invoked command in '/home/hansol/ros2_ws/build/darknet_ros_msgs' returned '0': CMAKE_PREFIX_PATH=${CMAKE_PREFIX_PATH}:/opt/ros/dashing /usr/local/bin/cmake /home/hansol/ros2_ws/src/darknet_ros/darknet_ros_msgs -DAMENT_CMAKE_SYMLINK_INSTALL=1 -DCMAKE_INSTALL_PREFIX=/home/hansol/ros2_ws/install/darknet_ros_msgs
[9.049s] Invoking command in '/home/hansol/ros2_ws/build/darknet_ros_msgs': CMAKE_PREFIX_PATH=${CMAKE_PREFIX_PATH}:/opt/ros/dashing /usr/local/bin/cmake --build /home/hansol/ros2_ws/build/darknet_ros_msgs -- -j4 -l4
[9.175s] [  1%] Built target darknet_ros_msgs__cpp
[9.195s] [  3%] [32m[1mLinking C shared library libdarknet_ros_msgs__rosidl_generator_c.so[0m
[9.256s] [  5%] [32m[1mLinking CXX shared library libdarknet_ros_msgs__rosidl_typesupport_introspection_cpp.so[0m
[9.270s] [  7%] [32m[1mLinking CXX shared library libdarknet_ros_msgs__rosidl_typesupport_fastrtps_cpp.so[0m
[9.504s] [ 16%] Built target darknet_ros_msgs__rosidl_generator_c
[9.588s] [ 18%] [32m[1mLinking C shared library libdarknet_ros_msgs__rosidl_typesupport_introspection_c.so[0m
[9.680s] [ 28%] Built target darknet_ros_msgs__rosidl_typesupport_introspection_cpp
[9.696s] [ 37%] Built target darknet_ros_msgs__rosidl_typesupport_fastrtps_cpp
[9.785s] [ 39%] [32m[1mLinking CXX shared library libdarknet_ros_msgs__rosidl_typesupport_fastrtps_c.so[0m
[9.789s] [ 41%] [32m[1mLinking CXX shared library libdarknet_ros_msgs__rosidl_typesupport_cpp.so[0m
[9.794s] [ 50%] Built target darknet_ros_msgs__rosidl_typesupport_introspection_c
[10.219s] [ 60%] Built target darknet_ros_msgs__rosidl_typesupport_fastrtps_c
[10.221s] [ 69%] Built target darknet_ros_msgs__rosidl_typesupport_cpp
[10.278s] [ 71%] [32m[1mLinking CXX shared library libdarknet_ros_msgs__rosidl_typesupport_c.so[0m
[10.531s] [ 81%] Built target darknet_ros_msgs__rosidl_typesupport_c
[10.570s] [ 81%] Built target darknet_ros_msgs
[10.613s] [ 83%] Built target darknet_ros_msgs__py
[10.679s] [ 84%] [32m[1mLinking C shared library rosidl_generator_py/darknet_ros_msgs/libdarknet_ros_msgs__python.so[0m
[10.969s] [ 92%] Built target darknet_ros_msgs__python
[11.030s] [ 94%] [32m[1mLinking C shared library rosidl_generator_py/darknet_ros_msgs/darknet_ros_msgs_s__rosidl_typesupport_fastrtps_c.cpython-36m-aarch64-linux-gnu.so[0m
[11.033s] [ 96%] [32m[1mLinking C shared library rosidl_generator_py/darknet_ros_msgs/darknet_ros_msgs_s__rosidl_typesupport_c.cpython-36m-aarch64-linux-gnu.so[0m
[11.561s] [ 98%] Built target darknet_ros_msgs__rosidl_typesupport_fastrtps_c__pyext
[11.569s] [100%] Built target darknet_ros_msgs__rosidl_typesupport_c__pyext
[11.591s] Invoked command in '/home/hansol/ros2_ws/build/darknet_ros_msgs' returned '0': CMAKE_PREFIX_PATH=${CMAKE_PREFIX_PATH}:/opt/ros/dashing /usr/local/bin/cmake --build /home/hansol/ros2_ws/build/darknet_ros_msgs -- -j4 -l4
[11.961s] Invoking command in '/home/hansol/ros2_ws/build/darknet_ros_msgs': CMAKE_PREFIX_PATH=${CMAKE_PREFIX_PATH}:/opt/ros/dashing /usr/local/bin/cmake --install /home/hansol/ros2_ws/build/darknet_ros_msgs
[11.993s] -- Install configuration: ""
[11.995s] -- Execute custom install script
[11.996s] -- Symlinking: /home/hansol/ros2_ws/install/darknet_ros_msgs/share/ament_index/resource_index/rosidl_interfaces/darknet_ros_msgs
[12.011s] -- Symlinking: /home/hansol/ros2_ws/install/darknet_ros_msgs/include/darknet_ros_msgs/action/check_for_objects.hpp
[12.025s] -- Symlinking: /home/hansol/ros2_ws/install/darknet_ros_msgs/include/darknet_ros_msgs/action/check_for_objects__struct.hpp
[12.038s] -- Symlinking: /home/hansol/ros2_ws/install/darknet_ros_msgs/include/darknet_ros_msgs/action/check_for_objects__traits.hpp
[12.051s] -- Symlinking: /home/hansol/ros2_ws/install/darknet_ros_msgs/include/darknet_ros_msgs/msg/bounding_box.hpp
[12.064s] -- Symlinking: /home/hansol/ros2_ws/install/darknet_ros_msgs/include/darknet_ros_msgs/msg/bounding_box__struct.hpp
[12.077s] -- Symlinking: /home/hansol/ros2_ws/install/darknet_ros_msgs/include/darknet_ros_msgs/msg/bounding_box__traits.hpp
[12.090s] -- Symlinking: /home/hansol/ros2_ws/install/darknet_ros_msgs/include/darknet_ros_msgs/msg/bounding_boxes.hpp
[12.103s] -- Symlinking: /home/hansol/ros2_ws/install/darknet_ros_msgs/include/darknet_ros_msgs/msg/bounding_boxes__struct.hpp
[12.116s] -- Symlinking: /home/hansol/ros2_ws/install/darknet_ros_msgs/include/darknet_ros_msgs/msg/bounding_boxes__traits.hpp
[12.129s] -- Symlinking: /home/hansol/ros2_ws/install/darknet_ros_msgs/include/darknet_ros_msgs/msg/object_count.hpp
[12.142s] -- Symlinking: /home/hansol/ros2_ws/install/darknet_ros_msgs/include/darknet_ros_msgs/msg/object_count__struct.hpp
[12.156s] -- Symlinking: /home/hansol/ros2_ws/install/darknet_ros_msgs/include/darknet_ros_msgs/msg/object_count__traits.hpp
[12.170s] -- Symlinking: /home/hansol/ros2_ws/install/darknet_ros_msgs/include/darknet_ros_msgs/action/check_for_objects.h
[12.183s] -- Symlinking: /home/hansol/ros2_ws/install/darknet_ros_msgs/include/darknet_ros_msgs/action/check_for_objects__functions.h
[12.196s] -- Symlinking: /home/hansol/ros2_ws/install/darknet_ros_msgs/include/darknet_ros_msgs/action/check_for_objects__struct.h
[12.209s] -- Symlinking: /home/hansol/ros2_ws/install/darknet_ros_msgs/include/darknet_ros_msgs/action/check_for_objects__type_support.h
[12.222s] -- Symlinking: /home/hansol/ros2_ws/install/darknet_ros_msgs/include/darknet_ros_msgs/msg/bounding_box.h
[12.244s] -- Symlinking: /home/hansol/ros2_ws/install/darknet_ros_msgs/include/darknet_ros_msgs/msg/bounding_box__functions.h
[12.252s] -- Symlinking: /home/hansol/ros2_ws/install/darknet_ros_msgs/include/darknet_ros_msgs/msg/bounding_box__struct.h
[12.266s] -- Symlinking: /home/hansol/ros2_ws/install/darknet_ros_msgs/include/darknet_ros_msgs/msg/bounding_box__type_support.h
[12.279s] -- Symlinking: /home/hansol/ros2_ws/install/darknet_ros_msgs/include/darknet_ros_msgs/msg/bounding_boxes.h
[12.291s] -- Symlinking: /home/hansol/ros2_ws/install/darknet_ros_msgs/include/darknet_ros_msgs/msg/bounding_boxes__functions.h
[12.304s] -- Symlinking: /home/hansol/ros2_ws/install/darknet_ros_msgs/include/darknet_ros_msgs/msg/bounding_boxes__struct.h
[12.317s] -- Symlinking: /home/hansol/ros2_ws/install/darknet_ros_msgs/include/darknet_ros_msgs/msg/bounding_boxes__type_support.h
[12.331s] -- Symlinking: /home/hansol/ros2_ws/install/darknet_ros_msgs/include/darknet_ros_msgs/msg/object_count.h
[12.343s] -- Symlinking: /home/hansol/ros2_ws/install/darknet_ros_msgs/include/darknet_ros_msgs/msg/object_count__functions.h
[12.356s] -- Symlinking: /home/hansol/ros2_ws/install/darknet_ros_msgs/include/darknet_ros_msgs/msg/object_count__struct.h
[12.369s] -- Symlinking: /home/hansol/ros2_ws/install/darknet_ros_msgs/include/darknet_ros_msgs/msg/object_count__type_support.h
[12.382s] -- Symlinking: /home/hansol/ros2_ws/install/darknet_ros_msgs/include/darknet_ros_msgs/msg/rosidl_generator_c__visibility_control.h
[12.395s] -- Symlinking: /home/hansol/ros2_ws/install/darknet_ros_msgs/share/darknet_ros_msgs/environment/library_path.sh
[12.409s] -- Symlinking: /home/hansol/ros2_ws/install/darknet_ros_msgs/lib/libdarknet_ros_msgs__rosidl_generator_c.so
[12.423s] -- Symlinking: /home/hansol/ros2_ws/install/darknet_ros_msgs/lib/libdarknet_ros_msgs__rosidl_typesupport_c.so
[12.436s] -- Symlinking: /home/hansol/ros2_ws/install/darknet_ros_msgs/lib/libdarknet_ros_msgs__rosidl_typesupport_cpp.so
[12.451s] -- Symlinking: /home/hansol/ros2_ws/install/darknet_ros_msgs/include/darknet_ros_msgs/action/check_for_objects__rosidl_typesupport_introspection_c.h
[12.464s] -- Symlinking: /home/hansol/ros2_ws/install/darknet_ros_msgs/include/darknet_ros_msgs/msg/bounding_box__rosidl_typesupport_introspection_c.h
[12.478s] -- Symlinking: /home/hansol/ros2_ws/install/darknet_ros_msgs/include/darknet_ros_msgs/msg/bounding_boxes__rosidl_typesupport_introspection_c.h
[12.491s] -- Symlinking: /home/hansol/ros2_ws/install/darknet_ros_msgs/include/darknet_ros_msgs/msg/object_count__rosidl_typesupport_introspection_c.h
[12.504s] -- Symlinking: /home/hansol/ros2_ws/install/darknet_ros_msgs/include/darknet_ros_msgs/msg/rosidl_typesupport_introspection_c__visibility_control.h
[12.517s] -- Symlinking: /home/hansol/ros2_ws/install/darknet_ros_msgs/lib/libdarknet_ros_msgs__rosidl_typesupport_introspection_c.so
[12.533s] -- Symlinking: /home/hansol/ros2_ws/install/darknet_ros_msgs/include/darknet_ros_msgs/action/check_for_objects__rosidl_typesupport_introspection_cpp.hpp
[12.546s] -- Symlinking: /home/hansol/ros2_ws/install/darknet_ros_msgs/include/darknet_ros_msgs/msg/bounding_box__rosidl_typesupport_introspection_cpp.hpp
[12.559s] -- Symlinking: /home/hansol/ros2_ws/install/darknet_ros_msgs/include/darknet_ros_msgs/msg/bounding_boxes__rosidl_typesupport_introspection_cpp.hpp
[12.572s] -- Symlinking: /home/hansol/ros2_ws/install/darknet_ros_msgs/include/darknet_ros_msgs/msg/object_count__rosidl_typesupport_introspection_cpp.hpp
[12.586s] -- Symlinking: /home/hansol/ros2_ws/install/darknet_ros_msgs/lib/libdarknet_ros_msgs__rosidl_typesupport_introspection_cpp.so
[12.601s] -- Symlinking: /home/hansol/ros2_ws/install/darknet_ros_msgs/include/darknet_ros_msgs/action/check_for_objects__rosidl_typesupport_fastrtps_c.h
[12.614s] -- Symlinking: /home/hansol/ros2_ws/install/darknet_ros_msgs/include/darknet_ros_msgs/msg/bounding_box__rosidl_typesupport_fastrtps_c.h
[12.627s] -- Symlinking: /home/hansol/ros2_ws/install/darknet_ros_msgs/include/darknet_ros_msgs/msg/bounding_boxes__rosidl_typesupport_fastrtps_c.h
[12.640s] -- Symlinking: /home/hansol/ros2_ws/install/darknet_ros_msgs/include/darknet_ros_msgs/msg/object_count__rosidl_typesupport_fastrtps_c.h
[12.654s] -- Symlinking: /home/hansol/ros2_ws/install/darknet_ros_msgs/include/darknet_ros_msgs/msg/rosidl_typesupport_fastrtps_c__visibility_control.h
[12.667s] -- Symlinking: /home/hansol/ros2_ws/install/darknet_ros_msgs/lib/libdarknet_ros_msgs__rosidl_typesupport_fastrtps_c.so
[12.683s] -- Symlinking: /home/hansol/ros2_ws/install/darknet_ros_msgs/include/darknet_ros_msgs/action/check_for_objects__rosidl_typesupport_fastrtps_cpp.hpp
[12.696s] -- Symlinking: /home/hansol/ros2_ws/install/darknet_ros_msgs/include/darknet_ros_msgs/msg/bounding_box__rosidl_typesupport_fastrtps_cpp.hpp
[12.709s] -- Symlinking: /home/hansol/ros2_ws/install/darknet_ros_msgs/include/darknet_ros_msgs/msg/bounding_boxes__rosidl_typesupport_fastrtps_cpp.hpp
[12.722s] -- Symlinking: /home/hansol/ros2_ws/install/darknet_ros_msgs/include/darknet_ros_msgs/msg/object_count__rosidl_typesupport_fastrtps_cpp.hpp
[12.736s] -- Symlinking: /home/hansol/ros2_ws/install/darknet_ros_msgs/include/darknet_ros_msgs/msg/rosidl_typesupport_fastrtps_cpp__visibility_control.h
[12.751s] -- Symlinking: /home/hansol/ros2_ws/install/darknet_ros_msgs/lib/libdarknet_ros_msgs__rosidl_typesupport_fastrtps_cpp.so
[12.765s] -- Symlinking: /home/hansol/ros2_ws/install/darknet_ros_msgs/share/darknet_ros_msgs/environment/pythonpath.sh
[12.778s] -- Symlinking: /home/hansol/ros2_ws/install/darknet_ros_msgs/lib/python3.6/site-packages/darknet_ros_msgs/__init__.py
[12.792s] -- Symlinking: /home/hansol/ros2_ws/install/darknet_ros_msgs/lib/python3.6/site-packages/darknet_ros_msgs/msg/__init__.py
[12.805s] -- Symlinking: /home/hansol/ros2_ws/install/darknet_ros_msgs/lib/python3.6/site-packages/darknet_ros_msgs/msg/_bounding_box.py
[12.818s] -- Symlinking: /home/hansol/ros2_ws/install/darknet_ros_msgs/lib/python3.6/site-packages/darknet_ros_msgs/msg/_bounding_boxes.py
[12.832s] -- Symlinking: /home/hansol/ros2_ws/install/darknet_ros_msgs/lib/python3.6/site-packages/darknet_ros_msgs/msg/_object_count.py
[12.845s] -- Symlinking: /home/hansol/ros2_ws/install/darknet_ros_msgs/lib/python3.6/site-packages/darknet_ros_msgs/action/__init__.py
[12.858s] -- Symlinking: /home/hansol/ros2_ws/install/darknet_ros_msgs/lib/python3.6/site-packages/darknet_ros_msgs/action/_check_for_objects.py
[12.872s] -- Symlinking: /home/hansol/ros2_ws/install/darknet_ros_msgs/lib/python3.6/site-packages/darknet_ros_msgs/darknet_ros_msgs_s__rosidl_typesupport_c.cpython-36m-aarch64-linux-gnu.so
[12.887s] -- Symlinking: /home/hansol/ros2_ws/install/darknet_ros_msgs/lib/python3.6/site-packages/darknet_ros_msgs/darknet_ros_msgs_s__rosidl_typesupport_fastrtps_c.cpython-36m-aarch64-linux-gnu.so
[12.900s] -- Symlinking: /home/hansol/ros2_ws/install/darknet_ros_msgs/lib/libdarknet_ros_msgs__python.so
[12.914s] -- Symlinking: /home/hansol/ros2_ws/install/darknet_ros_msgs/share/darknet_ros_msgs/msg/BoundingBox.idl
[12.928s] -- Symlinking: /home/hansol/ros2_ws/install/darknet_ros_msgs/share/darknet_ros_msgs/msg/BoundingBoxes.idl
[12.942s] -- Symlinking: /home/hansol/ros2_ws/install/darknet_ros_msgs/share/darknet_ros_msgs/msg/ObjectCount.idl
[12.955s] -- Symlinking: /home/hansol/ros2_ws/install/darknet_ros_msgs/share/darknet_ros_msgs/action/CheckForObjects.idl
[12.969s] -- Symlinking: /home/hansol/ros2_ws/install/darknet_ros_msgs/share/darknet_ros_msgs/msg/BoundingBox.msg
[12.985s] -- Symlinking: /home/hansol/ros2_ws/install/darknet_ros_msgs/share/darknet_ros_msgs/msg/BoundingBoxes.msg
[12.999s] -- Symlinking: /home/hansol/ros2_ws/install/darknet_ros_msgs/share/darknet_ros_msgs/msg/ObjectCount.msg
[13.012s] -- Symlinking: /home/hansol/ros2_ws/install/darknet_ros_msgs/share/darknet_ros_msgs/action/CheckForObjects.action
[13.026s] -- Symlinking: /home/hansol/ros2_ws/install/darknet_ros_msgs/share/ament_index/resource_index/package_run_dependencies/darknet_ros_msgs
[13.042s] -- Symlinking: /home/hansol/ros2_ws/install/darknet_ros_msgs/share/ament_index/resource_index/parent_prefix_path/darknet_ros_msgs
[13.055s] -- Symlinking: /home/hansol/ros2_ws/install/darknet_ros_msgs/share/darknet_ros_msgs/environment/ament_prefix_path.sh
[13.069s] -- Symlinking: /home/hansol/ros2_ws/install/darknet_ros_msgs/share/darknet_ros_msgs/environment/path.sh
[13.083s] -- Symlinking: /home/hansol/ros2_ws/install/darknet_ros_msgs/share/darknet_ros_msgs/local_setup.bash
[13.096s] -- Symlinking: /home/hansol/ros2_ws/install/darknet_ros_msgs/share/darknet_ros_msgs/local_setup.sh
[13.110s] -- Symlinking: /home/hansol/ros2_ws/install/darknet_ros_msgs/share/darknet_ros_msgs/local_setup.zsh
[13.124s] -- Symlinking: /home/hansol/ros2_ws/install/darknet_ros_msgs/share/ament_index/resource_index/packages/darknet_ros_msgs
[13.137s] -- Symlinking: /home/hansol/ros2_ws/install/darknet_ros_msgs/share/darknet_ros_msgs/cmake/rosidl_cmake-extras.cmake
[13.151s] -- Symlinking: /home/hansol/ros2_ws/install/darknet_ros_msgs/share/darknet_ros_msgs/cmake/ament_cmake_export_dependencies-extras.cmake
[13.165s] -- Symlinking: /home/hansol/ros2_ws/install/darknet_ros_msgs/share/darknet_ros_msgs/cmake/ament_cmake_export_include_directories-extras.cmake
[13.180s] -- Symlinking: /home/hansol/ros2_ws/install/darknet_ros_msgs/share/darknet_ros_msgs/cmake/ament_cmake_export_libraries-extras.cmake
[13.194s] -- Symlinking: /home/hansol/ros2_ws/install/darknet_ros_msgs/share/darknet_ros_msgs/cmake/darknet_ros_msgsConfig.cmake
[13.207s] -- Symlinking: /home/hansol/ros2_ws/install/darknet_ros_msgs/share/darknet_ros_msgs/cmake/darknet_ros_msgsConfig-version.cmake
[13.221s] -- Symlinking: /home/hansol/ros2_ws/install/darknet_ros_msgs/share/darknet_ros_msgs/package.xml
[13.408s] Compiling '/home/hansol/ros2_ws/install/darknet_ros_msgs/lib/python3.6/site-packages/darknet_ros_msgs/__init__.py'...
[13.441s] Invoked command in '/home/hansol/ros2_ws/build/darknet_ros_msgs' returned '0': CMAKE_PREFIX_PATH=${CMAKE_PREFIX_PATH}:/opt/ros/dashing /usr/local/bin/cmake --install /home/hansol/ros2_ws/build/darknet_ros_msgs
