[0.146s] Invoking command in '/home/hansol/ros2_ws/build/Darknet': /usr/local/bin/cmake --build /home/hansol/ros2_ws/build/Darknet -- -j4 -l4
[0.159s] Change Dir: '/home/hansol/ros2_ws/build/Darknet'
[0.161s] 
[0.161s] Run Build Command(s): /usr/local/bin/cmake -E env VERBOSE=1 /usr/bin/make -f Makefile -j4 -l4
[0.191s] /usr/local/bin/cmake -S/home/hansol/ros2_ws/src/darknet_ros/darknet -B/home/hansol/ros2_ws/build/Darknet --check-build-system CMakeFiles/Makefile.cmake 0
[0.217s] /usr/local/bin/cmake -E cmake_progress_start /home/hansol/ros2_ws/build/Darknet/CMakeFiles /home/hansol/ros2_ws/build/Darknet//CMakeFiles/progress.marks
[0.237s] /usr/bin/make  -f CMakeFiles/Makefile2 all
[0.253s] make[1]: Entering directory '/home/hansol/ros2_ws/build/Darknet'
[0.255s] /usr/bin/make  -f CMakeFiles/dark.dir/build.make CMakeFiles/dark.dir/depend
[0.256s] /usr/bin/make  -f CMakeFiles/darknet.dir/build.make CMakeFiles/darknet.dir/depend
[0.347s] make[2]: Entering directory '/home/hansol/ros2_ws/build/Darknet'
[0.348s] cd /home/hansol/ros2_ws/build/Darknet && /usr/local/bin/cmake -E cmake_depends "Unix Makefiles" /home/hansol/ros2_ws/src/darknet_ros/darknet /home/hansol/ros2_ws/src/darknet_ros/darknet /home/hansol/ros2_ws/build/Darknet /home/hansol/ros2_ws/build/Darknet /home/hansol/ros2_ws/build/Darknet/CMakeFiles/darknet.dir/DependInfo.cmake "--color="
[0.387s] make[2]: Leaving directory '/home/hansol/ros2_ws/build/Darknet'
[0.389s] /usr/bin/make  -f CMakeFiles/darknet.dir/build.make CMakeFiles/darknet.dir/build
[0.404s] make[2]: Entering directory '/home/hansol/ros2_ws/build/Darknet'
[0.410s] cd /home/hansol/ros2_ws/build/Darknet && /usr/local/bin/cmake -E cmake_depends "Unix Makefiles" /home/hansol/ros2_ws/src/darknet_ros/darknet /home/hansol/ros2_ws/src/darknet_ros/darknet /home/hansol/ros2_ws/build/Darknet /home/hansol/ros2_ws/build/Darknet /home/hansol/ros2_ws/build/Darknet/CMakeFiles/dark.dir/DependInfo.cmake "--color="
[0.471s] make[2]: Leaving directory '/home/hansol/ros2_ws/build/Darknet'
[0.475s] /usr/bin/make  -f CMakeFiles/dark.dir/build.make CMakeFiles/dark.dir/build
[0.505s] make[2]: Entering directory '/home/hansol/ros2_ws/build/Darknet'
[0.508s] make[2]: Nothing to be done for 'CMakeFiles/darknet.dir/build'.
[0.511s] make[2]: Leaving directory '/home/hansol/ros2_ws/build/Darknet'
[0.547s] [ 48%] Built target darknet
[0.577s] make[2]: Entering directory '/home/hansol/ros2_ws/build/Darknet'
[0.579s] make[2]: Nothing to be done for 'CMakeFiles/dark.dir/build'.
[0.580s] make[2]: Leaving directory '/home/hansol/ros2_ws/build/Darknet'
[0.602s] [ 97%] Built target dark
[0.604s] /usr/bin/make  -f CMakeFiles/uselib_track.dir/build.make CMakeFiles/uselib_track.dir/depend
[0.605s] /usr/bin/make  -f CMakeFiles/uselib.dir/build.make CMakeFiles/uselib.dir/depend
[0.615s] make[2]: Entering directory '/home/hansol/ros2_ws/build/Darknet'
[0.618s] cd /home/hansol/ros2_ws/build/Darknet && /usr/local/bin/cmake -E cmake_depends "Unix Makefiles" /home/hansol/ros2_ws/src/darknet_ros/darknet /home/hansol/ros2_ws/src/darknet_ros/darknet /home/hansol/ros2_ws/build/Darknet /home/hansol/ros2_ws/build/Darknet /home/hansol/ros2_ws/build/Darknet/CMakeFiles/uselib.dir/DependInfo.cmake "--color="
[0.625s] make[2]: Entering directory '/home/hansol/ros2_ws/build/Darknet'
[0.626s] cd /home/hansol/ros2_ws/build/Darknet && /usr/local/bin/cmake -E cmake_depends "Unix Makefiles" /home/hansol/ros2_ws/src/darknet_ros/darknet /home/hansol/ros2_ws/src/darknet_ros/darknet /home/hansol/ros2_ws/build/Darknet /home/hansol/ros2_ws/build/Darknet /home/hansol/ros2_ws/build/Darknet/CMakeFiles/uselib_track.dir/DependInfo.cmake "--color="
[0.643s] make[2]: Leaving directory '/home/hansol/ros2_ws/build/Darknet'
[0.644s] /usr/bin/make  -f CMakeFiles/uselib.dir/build.make CMakeFiles/uselib.dir/build
[0.657s] make[2]: Entering directory '/home/hansol/ros2_ws/build/Darknet'
[0.660s] make[2]: Leaving directory '/home/hansol/ros2_ws/build/Darknet'
[0.661s] make[2]: Nothing to be done for 'CMakeFiles/uselib.dir/build'.
[0.661s] make[2]: Leaving directory '/home/hansol/ros2_ws/build/Darknet'
[0.663s] /usr/bin/make  -f CMakeFiles/uselib_track.dir/build.make CMakeFiles/uselib_track.dir/build
[0.672s] make[2]: Entering directory '/home/hansol/ros2_ws/build/Darknet'
[0.677s] make[2]: Nothing to be done for 'CMakeFiles/uselib_track.dir/build'.
[0.679s] make[2]: Leaving directory '/home/hansol/ros2_ws/build/Darknet'
[0.685s] [ 98%] Built target uselib
[0.700s] [100%] Built target uselib_track
[0.708s] make[1]: Leaving directory '/home/hansol/ros2_ws/build/Darknet'
[0.710s] /usr/local/bin/cmake -E cmake_progress_start /home/hansol/ros2_ws/build/Darknet/CMakeFiles 0
[0.738s] 
[0.773s] Invoked command in '/home/hansol/ros2_ws/build/Darknet' returned '0': /usr/local/bin/cmake --build /home/hansol/ros2_ws/build/Darknet -- -j4 -l4
[1.966s] Invoking command in '/home/hansol/ros2_ws/build/Darknet': /usr/local/bin/cmake --install /home/hansol/ros2_ws/build/Darknet
[2.009s] -- Install configuration: "Release"
[2.012s] -- Up-to-date: /home/hansol/ros2_ws/src/darknet_ros/darknet/libdarknet.so
[2.013s] -- Up-to-date: /home/hansol/ros2_ws/install/Darknet/include/darknet/darknet.h
[2.017s] -- Up-to-date: /home/hansol/ros2_ws/install/Darknet/include/darknet/yolo_v2_class.hpp
[2.022s] -- Up-to-date: /home/hansol/ros2_ws/src/darknet_ros/darknet/uselib
[2.025s] -- Up-to-date: /home/hansol/ros2_ws/src/darknet_ros/darknet/darknet
[2.029s] -- Up-to-date: /home/hansol/ros2_ws/src/darknet_ros/darknet/uselib_track
[2.030s] -- Up-to-date: /home/hansol/ros2_ws/install/Darknet/share/darknet/DarknetTargets.cmake
[2.046s] -- Up-to-date: /home/hansol/ros2_ws/install/Darknet/share/darknet/DarknetTargets-release.cmake
[2.054s] -- Up-to-date: /home/hansol/ros2_ws/install/Darknet/share/darknet/DarknetConfig.cmake
[2.056s] -- Up-to-date: /home/hansol/ros2_ws/install/Darknet/share/darknet/DarknetConfigVersion.cmake
[2.058s] Invoked command in '/home/hansol/ros2_ws/build/Darknet' returned '0': /usr/local/bin/cmake --install /home/hansol/ros2_ws/build/Darknet
