[0.106s] Invoking command in '/home/hansol/ros2_ws/build/realsense_camera_msgs': CMAKE_PREFIX_PATH=${CMAKE_PREFIX_PATH}:/opt/ros/dashing /usr/local/bin/cmake /home/hansol/ros2_ws/src/ros2_intel_realsense/realsense_camera_msgs -DAMENT_CMAKE_SYMLINK_INSTALL=1 -DCMAKE_INSTALL_PREFIX=/home/hansol/ros2_ws/install/realsense_camera_msgs
[0.156s] [33mCMake Warning (dev) at /opt/ros/dashing/share/ament_cmake_core/cmake/core/python.cmake:22 (find_package):
[0.156s]   Policy CMP0148 is not set: The FindPythonInterp and FindPythonLibs modules
[0.158s]   are removed.  Run "cmake --help-policy CMP0148" for policy details.  Use
[0.159s]   the cmake_policy command to set the policy and suppress this warning.
[0.159s] 
[0.160s] Call Stack (most recent call first):
[0.161s]   /opt/ros/dashing/share/ament_cmake_core/cmake/core/all.cmake:53 (include)
[0.161s]   /opt/ros/dashing/share/ament_cmake_core/cmake/ament_cmake_core-extras.cmake:17 (include)
[0.162s]   /opt/ros/dashing/share/ament_cmake_core/cmake/ament_cmake_coreConfig.cmake:38 (include)
[0.163s]   /opt/ros/dashing/share/ament_cmake/cmake/ament_cmake_export_dependencies-extras.cmake:15 (find_package)
[0.163s]   /opt/ros/dashing/share/ament_cmake/cmake/ament_cmakeConfig.cmake:38 (include)
[0.164s]   CMakeLists.txt:13 (find_package)
[0.164s] This warning is for project developers.  Use -Wno-dev to suppress it.
[0.165s] [0m
[0.166s] -- Found ament_cmake: 0.7.6 (/opt/ros/dashing/share/ament_cmake/cmake)
[0.483s] -- Found PythonInterp: /usr/bin/python3 (found suitable version "3.6.9", minimum required is "3")
[0.483s] -- Using PYTHON_EXECUTABLE: /usr/bin/python3
[1.753s] -- Override CMake install command with custom implementation using symlinks instead of copying resources
[1.779s] -- Found rosidl_default_generators: 0.7.0 (/opt/ros/dashing/share/rosidl_default_generators/cmake)
[2.057s] -- Found rosidl_adapter: 0.7.10 (/opt/ros/dashing/share/rosidl_adapter/cmake)
[2.346s] -- Found builtin_interfaces: 0.7.4 (/opt/ros/dashing/share/builtin_interfaces/cmake)
[2.367s] -- Found std_msgs: 0.7.1 (/opt/ros/dashing/share/std_msgs/cmake)
[2.390s] [33mCMake Warning (dev) at /opt/ros/dashing/share/rosidl_adapter/cmake/rosidl_adapt_interfaces.cmake:40 (find_package):
[2.391s]   Policy CMP0148 is not set: The FindPythonInterp and FindPythonLibs modules
[2.392s]   are removed.  Run "cmake --help-policy CMP0148" for policy details.  Use
[2.392s]   the cmake_policy command to set the policy and suppress this warning.
[2.393s] 
[2.393s] Call Stack (most recent call first):
[2.394s]   /opt/ros/dashing/share/rosidl_cmake/cmake/rosidl_generate_interfaces.cmake:130 (rosidl_adapt_interfaces)
[2.395s]   CMakeLists.txt:22 (rosidl_generate_interfaces)
[2.395s] This warning is for project developers.  Use -Wno-dev to suppress it.
[2.396s] [0m
[2.512s] -- Found PythonInterp: /usr/bin/python3 (found version "3.6.9")
[3.385s] -- Using single matching rosidl_typesupport_c: rosidl_typesupport_fastrtps_c
[3.407s] -- Found ament_cmake_cppcheck: 0.7.12 (/opt/ros/dashing/share/ament_cmake_cppcheck/cmake)
[3.410s] -- Found ament_cmake_cpplint: 0.7.12 (/opt/ros/dashing/share/ament_cmake_cpplint/cmake)
[3.413s] -- Found ament_cmake_uncrustify: 0.7.12 (/opt/ros/dashing/share/ament_cmake_uncrustify/cmake)
[3.510s] -- Using single matching rosidl_typesupport_cpp: rosidl_typesupport_fastrtps_cpp
[4.524s] -- Found rmw_implementation_cmake: 0.7.2 (/opt/ros/dashing/share/rmw_implementation_cmake/cmake)
[4.531s] [33mCMake Warning (dev) at /opt/ros/dashing/share/rosidl_generator_py/cmake/rosidl_generator_py_generate_interfaces.cmake:21 (find_package):
[4.532s]   Policy CMP0148 is not set: The FindPythonInterp and FindPythonLibs modules
[4.532s]   are removed.  Run "cmake --help-policy CMP0148" for policy details.  Use
[4.533s]   the cmake_policy command to set the policy and suppress this warning.
[4.533s] 
[4.534s] Call Stack (most recent call first):
[4.534s]   /opt/ros/dashing/share/ament_cmake_core/cmake/core/ament_execute_extensions.cmake:48 (include)
[4.535s]   /opt/ros/dashing/share/rosidl_cmake/cmake/rosidl_generate_interfaces.cmake:286 (ament_execute_extensions)
[4.536s]   CMakeLists.txt:22 (rosidl_generate_interfaces)
[4.537s] This warning is for project developers.  Use -Wno-dev to suppress it.
[4.537s] [0m
[4.649s] -- Found PythonInterp: /usr/bin/python3 (found suitable version "3.6.9", minimum required is "3.5")
[4.650s] -- Found python_cmake_module: 0.7.11 (/opt/ros/dashing/share/python_cmake_module/cmake)
[4.651s] [33mCMake Warning (dev) at /opt/ros/dashing/share/python_cmake_module/cmake/Modules/FindPythonExtra.cmake:45 (find_package):
[4.652s]   Policy CMP0148 is not set: The FindPythonInterp and FindPythonLibs modules
[4.653s]   are removed.  Run "cmake --help-policy CMP0148" for policy details.  Use
[4.653s]   the cmake_policy command to set the policy and suppress this warning.
[4.654s] 
[4.655s] Call Stack (most recent call first):
[4.655s]   /opt/ros/dashing/share/rosidl_generator_py/cmake/rosidl_generator_py_generate_interfaces.cmake:24 (find_package)
[4.656s]   /opt/ros/dashing/share/ament_cmake_core/cmake/core/ament_execute_extensions.cmake:48 (include)
[4.656s]   /opt/ros/dashing/share/rosidl_cmake/cmake/rosidl_generate_interfaces.cmake:286 (ament_execute_extensions)
[4.657s]   CMakeLists.txt:22 (rosidl_generate_interfaces)
[4.658s] This warning is for project developers.  Use -Wno-dev to suppress it.
[4.658s] [0m
[4.772s] [33mCMake Warning (dev) at /opt/ros/dashing/share/python_cmake_module/cmake/Modules/FindPythonExtra.cmake:133 (find_package):
[4.773s]   Policy CMP0148 is not set: The FindPythonInterp and FindPythonLibs modules
[4.773s]   are removed.  Run "cmake --help-policy CMP0148" for policy details.  Use
[4.774s]   the cmake_policy command to set the policy and suppress this warning.
[4.774s] 
[4.775s] Call Stack (most recent call first):
[4.776s]   /opt/ros/dashing/share/rosidl_generator_py/cmake/rosidl_generator_py_generate_interfaces.cmake:24 (find_package)
[4.776s]   /opt/ros/dashing/share/ament_cmake_core/cmake/core/ament_execute_extensions.cmake:48 (include)
[4.777s]   /opt/ros/dashing/share/rosidl_cmake/cmake/rosidl_generate_interfaces.cmake:286 (ament_execute_extensions)
[4.777s]   CMakeLists.txt:22 (rosidl_generate_interfaces)
[4.778s] This warning is for project developers.  Use -Wno-dev to suppress it.
[4.778s] [0m
[4.780s] -- Using PYTHON_EXECUTABLE: /usr/bin/python3
[4.780s] -- Using PYTHON_INCLUDE_DIRS: /usr/include/python3.6m
[4.781s] -- Using PYTHON_LIBRARIES: /usr/lib/aarch64-linux-gnu/libpython3.6m.so
[5.290s] -- Found ament_cmake_flake8: 0.7.12 (/opt/ros/dashing/share/ament_cmake_flake8/cmake)
[5.293s] -- Found ament_cmake_pep257: 0.7.12 (/opt/ros/dashing/share/ament_cmake_pep257/cmake)
[5.324s] -- Configuring done (5.2s)
[5.733s] -- Generating done (0.4s)
[5.734s] -- Build files have been written to: /home/hansol/ros2_ws/build/realsense_camera_msgs
[5.765s] Invoked command in '/home/hansol/ros2_ws/build/realsense_camera_msgs' returned '0': CMAKE_PREFIX_PATH=${CMAKE_PREFIX_PATH}:/opt/ros/dashing /usr/local/bin/cmake /home/hansol/ros2_ws/src/ros2_intel_realsense/realsense_camera_msgs -DAMENT_CMAKE_SYMLINK_INSTALL=1 -DCMAKE_INSTALL_PREFIX=/home/hansol/ros2_ws/install/realsense_camera_msgs
[5.778s] Invoking command in '/home/hansol/ros2_ws/build/realsense_camera_msgs': CMAKE_PREFIX_PATH=${CMAKE_PREFIX_PATH}:/opt/ros/dashing /usr/local/bin/cmake --build /home/hansol/ros2_ws/build/realsense_camera_msgs -- -j4 -l4
[5.879s] [  2%] Built target realsense_camera_msgs__cpp
[5.890s] [  5%] [32m[1mLinking C shared library librealsense_camera_msgs__rosidl_generator_c.so[0m
[5.946s] [  8%] [32m[1mLinking CXX shared library librealsense_camera_msgs__rosidl_typesupport_introspection_cpp.so[0m
[5.972s] [ 10%] [32m[1mLinking CXX shared library librealsense_camera_msgs__rosidl_typesupport_fastrtps_cpp.so[0m
[6.093s] [ 18%] Built target realsense_camera_msgs__rosidl_generator_c
[6.109s] [ 27%] Built target realsense_camera_msgs__rosidl_typesupport_introspection_cpp
[6.163s] [ 29%] [32m[1mLinking C shared library librealsense_camera_msgs__rosidl_typesupport_introspection_c.so[0m
[6.260s] [ 37%] Built target realsense_camera_msgs__rosidl_typesupport_introspection_c
[6.344s] [ 45%] Built target realsense_camera_msgs__rosidl_typesupport_fastrtps_cpp
[6.406s] [ 48%] [32m[1mLinking CXX shared library librealsense_camera_msgs__rosidl_typesupport_fastrtps_c.so[0m
[6.427s] [ 51%] [32m[1mLinking CXX shared library librealsense_camera_msgs__rosidl_typesupport_cpp.so[0m
[6.746s] [ 59%] Built target realsense_camera_msgs__rosidl_typesupport_fastrtps_c
[6.753s] [ 67%] Built target realsense_camera_msgs__rosidl_typesupport_cpp
[6.795s] [ 70%] [32m[1mLinking CXX shared library librealsense_camera_msgs__rosidl_typesupport_c.so[0m
[6.970s] [ 78%] Built target realsense_camera_msgs__rosidl_typesupport_c
[7.008s] [ 78%] Built target realsense_camera_msgs
[7.054s] [ 81%] Built target realsense_camera_msgs__py
[7.108s] [ 83%] [32m[1mLinking C shared library rosidl_generator_py/realsense_camera_msgs/librealsense_camera_msgs__python.so[0m
[7.309s] [ 89%] Built target realsense_camera_msgs__python
[7.363s] [ 94%] [32m[1mLinking C shared library rosidl_generator_py/realsense_camera_msgs/realsense_camera_msgs_s__rosidl_typesupport_c.cpython-36m-aarch64-linux-gnu.so[0m
[7.364s] [ 94%] [32m[1mLinking C shared library rosidl_generator_py/realsense_camera_msgs/realsense_camera_msgs_s__rosidl_typesupport_fastrtps_c.cpython-36m-aarch64-linux-gnu.so[0m
[7.602s] [ 97%] Built target realsense_camera_msgs__rosidl_typesupport_c__pyext
[7.612s] [100%] Built target realsense_camera_msgs__rosidl_typesupport_fastrtps_c__pyext
[7.634s] Invoked command in '/home/hansol/ros2_ws/build/realsense_camera_msgs' returned '0': CMAKE_PREFIX_PATH=${CMAKE_PREFIX_PATH}:/opt/ros/dashing /usr/local/bin/cmake --build /home/hansol/ros2_ws/build/realsense_camera_msgs -- -j4 -l4
[7.904s] Invoking command in '/home/hansol/ros2_ws/build/realsense_camera_msgs': CMAKE_PREFIX_PATH=${CMAKE_PREFIX_PATH}:/opt/ros/dashing /usr/local/bin/cmake --install /home/hansol/ros2_ws/build/realsense_camera_msgs
[7.930s] -- Install configuration: ""
[7.932s] -- Execute custom install script
[7.933s] -- Symlinking: /home/hansol/ros2_ws/install/realsense_camera_msgs/share/ament_index/resource_index/rosidl_interfaces/realsense_camera_msgs
[7.947s] -- Symlinking: /home/hansol/ros2_ws/install/realsense_camera_msgs/lib/librealsense_camera_msgs__rosidl_typesupport_c.so
[7.961s] -- Symlinking: /home/hansol/ros2_ws/install/realsense_camera_msgs/share/realsense_camera_msgs/environment/library_path.sh
[7.975s] -- Symlinking: /home/hansol/ros2_ws/install/realsense_camera_msgs/lib/librealsense_camera_msgs__rosidl_typesupport_cpp.so
[7.990s] -- Symlinking: /home/hansol/ros2_ws/install/realsense_camera_msgs/include/realsense_camera_msgs/msg/extrinsics__rosidl_typesupport_fastrtps_c.h
[8.003s] -- Symlinking: /home/hansol/ros2_ws/install/realsense_camera_msgs/include/realsense_camera_msgs/msg/imu_info__rosidl_typesupport_fastrtps_c.h
[8.016s] -- Symlinking: /home/hansol/ros2_ws/install/realsense_camera_msgs/include/realsense_camera_msgs/msg/rosidl_typesupport_fastrtps_c__visibility_control.h
[8.031s] -- Symlinking: /home/hansol/ros2_ws/install/realsense_camera_msgs/lib/librealsense_camera_msgs__rosidl_typesupport_fastrtps_c.so
[8.046s] -- Symlinking: /home/hansol/ros2_ws/install/realsense_camera_msgs/include/realsense_camera_msgs/msg/extrinsics.h
[8.061s] -- Symlinking: /home/hansol/ros2_ws/install/realsense_camera_msgs/include/realsense_camera_msgs/msg/extrinsics__functions.h
[8.075s] -- Symlinking: /home/hansol/ros2_ws/install/realsense_camera_msgs/include/realsense_camera_msgs/msg/extrinsics__struct.h
[8.088s] -- Symlinking: /home/hansol/ros2_ws/install/realsense_camera_msgs/include/realsense_camera_msgs/msg/extrinsics__type_support.h
[8.102s] -- Symlinking: /home/hansol/ros2_ws/install/realsense_camera_msgs/include/realsense_camera_msgs/msg/imu_info.h
[8.115s] -- Symlinking: /home/hansol/ros2_ws/install/realsense_camera_msgs/include/realsense_camera_msgs/msg/imu_info__functions.h
[8.129s] -- Symlinking: /home/hansol/ros2_ws/install/realsense_camera_msgs/include/realsense_camera_msgs/msg/imu_info__struct.h
[8.142s] -- Symlinking: /home/hansol/ros2_ws/install/realsense_camera_msgs/include/realsense_camera_msgs/msg/imu_info__type_support.h
[8.155s] -- Symlinking: /home/hansol/ros2_ws/install/realsense_camera_msgs/include/realsense_camera_msgs/msg/rosidl_generator_c__visibility_control.h
[8.169s] -- Symlinking: /home/hansol/ros2_ws/install/realsense_camera_msgs/lib/librealsense_camera_msgs__rosidl_generator_c.so
[8.183s] -- Symlinking: /home/hansol/ros2_ws/install/realsense_camera_msgs/include/realsense_camera_msgs/msg/extrinsics__rosidl_typesupport_fastrtps_cpp.hpp
[8.196s] -- Symlinking: /home/hansol/ros2_ws/install/realsense_camera_msgs/include/realsense_camera_msgs/msg/imu_info__rosidl_typesupport_fastrtps_cpp.hpp
[8.210s] -- Symlinking: /home/hansol/ros2_ws/install/realsense_camera_msgs/include/realsense_camera_msgs/msg/rosidl_typesupport_fastrtps_cpp__visibility_control.h
[8.224s] -- Symlinking: /home/hansol/ros2_ws/install/realsense_camera_msgs/lib/librealsense_camera_msgs__rosidl_typesupport_fastrtps_cpp.so
[8.238s] -- Symlinking: /home/hansol/ros2_ws/install/realsense_camera_msgs/include/realsense_camera_msgs/msg/extrinsics.hpp
[8.251s] -- Symlinking: /home/hansol/ros2_ws/install/realsense_camera_msgs/include/realsense_camera_msgs/msg/extrinsics__struct.hpp
[8.264s] -- Symlinking: /home/hansol/ros2_ws/install/realsense_camera_msgs/include/realsense_camera_msgs/msg/extrinsics__traits.hpp
[8.277s] -- Symlinking: /home/hansol/ros2_ws/install/realsense_camera_msgs/include/realsense_camera_msgs/msg/imu_info.hpp
[8.290s] -- Symlinking: /home/hansol/ros2_ws/install/realsense_camera_msgs/include/realsense_camera_msgs/msg/imu_info__struct.hpp
[8.303s] -- Symlinking: /home/hansol/ros2_ws/install/realsense_camera_msgs/include/realsense_camera_msgs/msg/imu_info__traits.hpp
[8.317s] -- Symlinking: /home/hansol/ros2_ws/install/realsense_camera_msgs/include/realsense_camera_msgs/msg/extrinsics__rosidl_typesupport_introspection_c.h
[8.331s] -- Symlinking: /home/hansol/ros2_ws/install/realsense_camera_msgs/include/realsense_camera_msgs/msg/imu_info__rosidl_typesupport_introspection_c.h
[8.344s] -- Symlinking: /home/hansol/ros2_ws/install/realsense_camera_msgs/include/realsense_camera_msgs/msg/rosidl_typesupport_introspection_c__visibility_control.h
[8.360s] -- Symlinking: /home/hansol/ros2_ws/install/realsense_camera_msgs/lib/librealsense_camera_msgs__rosidl_typesupport_introspection_c.so
[8.377s] -- Symlinking: /home/hansol/ros2_ws/install/realsense_camera_msgs/include/realsense_camera_msgs/msg/extrinsics__rosidl_typesupport_introspection_cpp.hpp
[8.391s] -- Symlinking: /home/hansol/ros2_ws/install/realsense_camera_msgs/include/realsense_camera_msgs/msg/imu_info__rosidl_typesupport_introspection_cpp.hpp
[8.405s] -- Symlinking: /home/hansol/ros2_ws/install/realsense_camera_msgs/lib/librealsense_camera_msgs__rosidl_typesupport_introspection_cpp.so
[8.419s] -- Symlinking: /home/hansol/ros2_ws/install/realsense_camera_msgs/share/realsense_camera_msgs/environment/pythonpath.sh
[8.433s] -- Symlinking: /home/hansol/ros2_ws/install/realsense_camera_msgs/lib/python3.6/site-packages/realsense_camera_msgs/__init__.py
[8.447s] -- Symlinking: /home/hansol/ros2_ws/install/realsense_camera_msgs/lib/python3.6/site-packages/realsense_camera_msgs/msg/__init__.py
[8.460s] -- Symlinking: /home/hansol/ros2_ws/install/realsense_camera_msgs/lib/python3.6/site-packages/realsense_camera_msgs/msg/_extrinsics.py
[8.473s] -- Symlinking: /home/hansol/ros2_ws/install/realsense_camera_msgs/lib/python3.6/site-packages/realsense_camera_msgs/msg/_imu_info.py
[8.487s] -- Symlinking: /home/hansol/ros2_ws/install/realsense_camera_msgs/lib/python3.6/site-packages/realsense_camera_msgs/realsense_camera_msgs_s__rosidl_typesupport_c.cpython-36m-aarch64-linux-gnu.so
[8.501s] -- Symlinking: /home/hansol/ros2_ws/install/realsense_camera_msgs/lib/python3.6/site-packages/realsense_camera_msgs/realsense_camera_msgs_s__rosidl_typesupport_fastrtps_c.cpython-36m-aarch64-linux-gnu.so
[8.515s] -- Symlinking: /home/hansol/ros2_ws/install/realsense_camera_msgs/lib/librealsense_camera_msgs__python.so
[8.528s] -- Symlinking: /home/hansol/ros2_ws/install/realsense_camera_msgs/share/realsense_camera_msgs/msg/IMUInfo.idl
[8.541s] -- Symlinking: /home/hansol/ros2_ws/install/realsense_camera_msgs/share/realsense_camera_msgs/msg/Extrinsics.idl
[8.568s] -- Symlinking: /home/hansol/ros2_ws/install/realsense_camera_msgs/share/realsense_camera_msgs/msg/IMUInfo.msg
[8.587s] -- Symlinking: /home/hansol/ros2_ws/install/realsense_camera_msgs/share/realsense_camera_msgs/msg/Extrinsics.msg
[8.595s] -- Symlinking: /home/hansol/ros2_ws/install/realsense_camera_msgs/share/ament_index/resource_index/package_run_dependencies/realsense_camera_msgs
[8.609s] -- Symlinking: /home/hansol/ros2_ws/install/realsense_camera_msgs/share/ament_index/resource_index/parent_prefix_path/realsense_camera_msgs
[8.622s] -- Symlinking: /home/hansol/ros2_ws/install/realsense_camera_msgs/share/realsense_camera_msgs/environment/ament_prefix_path.sh
[8.635s] -- Symlinking: /home/hansol/ros2_ws/install/realsense_camera_msgs/share/realsense_camera_msgs/environment/path.sh
[8.649s] -- Symlinking: /home/hansol/ros2_ws/install/realsense_camera_msgs/share/realsense_camera_msgs/local_setup.bash
[8.662s] -- Symlinking: /home/hansol/ros2_ws/install/realsense_camera_msgs/share/realsense_camera_msgs/local_setup.sh
[8.675s] -- Symlinking: /home/hansol/ros2_ws/install/realsense_camera_msgs/share/realsense_camera_msgs/local_setup.zsh
[8.689s] -- Symlinking: /home/hansol/ros2_ws/install/realsense_camera_msgs/share/ament_index/resource_index/packages/realsense_camera_msgs
[8.702s] -- Symlinking: /home/hansol/ros2_ws/install/realsense_camera_msgs/share/realsense_camera_msgs/cmake/rosidl_cmake-extras.cmake
[8.715s] -- Symlinking: /home/hansol/ros2_ws/install/realsense_camera_msgs/share/realsense_camera_msgs/cmake/ament_cmake_export_dependencies-extras.cmake
[8.730s] -- Symlinking: /home/hansol/ros2_ws/install/realsense_camera_msgs/share/realsense_camera_msgs/cmake/ament_cmake_export_libraries-extras.cmake
[8.743s] -- Symlinking: /home/hansol/ros2_ws/install/realsense_camera_msgs/share/realsense_camera_msgs/cmake/ament_cmake_export_include_directories-extras.cmake
[8.756s] -- Symlinking: /home/hansol/ros2_ws/install/realsense_camera_msgs/share/realsense_camera_msgs/cmake/realsense_camera_msgsConfig.cmake
[8.769s] -- Symlinking: /home/hansol/ros2_ws/install/realsense_camera_msgs/share/realsense_camera_msgs/cmake/realsense_camera_msgsConfig-version.cmake
[8.782s] -- Symlinking: /home/hansol/ros2_ws/install/realsense_camera_msgs/share/realsense_camera_msgs/package.xml
[8.983s] Compiling '/home/hansol/ros2_ws/install/realsense_camera_msgs/lib/python3.6/site-packages/realsense_camera_msgs/__init__.py'...
[9.042s] Invoked command in '/home/hansol/ros2_ws/build/realsense_camera_msgs' returned '0': CMAKE_PREFIX_PATH=${CMAKE_PREFIX_PATH}:/opt/ros/dashing /usr/local/bin/cmake --install /home/hansol/ros2_ws/build/realsense_camera_msgs
