[0.072s] Invoking command in '/home/hansol/ros2_ws/build/realsense_ros2_camera': CMAKE_PREFIX_PATH=/home/hansol/ros2_ws/install/realsense_camera_msgs:/home/hansol/ros2_ws/install/realsense_ros2_camera:/home/hansol/ros2_ws/install/darknet_ros:/home/hansol/ros2_ws/install/darknet_ros_msgs:/home/hansol/ros2_ws/install/Darknet:/opt/ros/dashing LD_LIBRARY_PATH=/home/hansol/ros2_ws/install/realsense_camera_msgs/lib:/home/hansol/ros2_ws/install/darknet_ros/lib:/home/hansol/ros2_ws/install/darknet_ros_msgs/lib:/opt/ros/dashing/lib:/usr/local/cuda-10.2/lib64 /usr/local/bin/cmake --build /home/hansol/ros2_ws/build/realsense_ros2_camera -- -j4 -l4
[0.197s] [ 50%] [32mBuilding CXX object CMakeFiles/realsense_ros2_camera.dir/src/realsense_camera_node.cpp.o[0m
[8.899s] In file included from [01m[K/opt/ros/dashing/include/librealsense2/hpp/rs_sensor.hpp:8:0[m[K,
[8.900s]                  from [01m[K/opt/ros/dashing/include/librealsense2/hpp/rs_device.hpp:8[m[K,
[8.900s]                  from [01m[K/opt/ros/dashing/include/librealsense2/hpp/rs_record_playback.hpp:8[m[K,
[8.901s]                  from [01m[K/opt/ros/dashing/include/librealsense2/hpp/rs_context.hpp:8[m[K,
[8.902s]                  from [01m[K/opt/ros/dashing/include/librealsense2/rs.hpp:9[m[K,
[8.903s]                  from [01m[K/home/hansol/ros2_ws/src/ros2_intel_realsense/realsense_ros2_camera/src/realsense_camera_node.cpp:34[m[K:
[8.903s] [01m[K/opt/ros/dashing/include/librealsense2/hpp/rs_frame.hpp:[m[K In lambda function:
[8.904s] [01m[K/opt/ros/dashing/include/librealsense2/hpp/rs_frame.hpp:932:120:[m[K [01;35m[Kwarning: [m[Kcomparison between signed and unsigned integer expressions [[01;35m[K-Wsign-compare[m[K]
[8.905s]                      if (frame.get_profile().stream_type() == RS2_STREAM_INFRARED && [01;35m[Kframe.get_profile().stream_index() == index[m[K)
[8.905s]                                                                                      [01;35m[K~~~~~~~~~~~~~~~~~~~~~~~~~~~~~~~~~~~^~~~~~~~[m[K
[9.206s] In file included from [01m[K/opt/ros/dashing/include/librealsense2/hpp/rs_context.hpp:9:0[m[K,
[9.206s]                  from [01m[K/opt/ros/dashing/include/librealsense2/rs.hpp:9[m[K,
[9.207s]                  from [01m[K/home/hansol/ros2_ws/src/ros2_intel_realsense/realsense_ros2_camera/src/realsense_camera_node.cpp:34[m[K:
[9.208s] [01m[K/opt/ros/dashing/include/librealsense2/hpp/rs_processing.hpp:[m[K In constructor ‘[01m[Krs2::processing_block::processing_block(std::shared_ptr<rs2_processing_block>)[m[K’:
[9.209s] [01m[K/opt/ros/dashing/include/librealsense2/hpp/rs_processing.hpp:295:47:[m[K [01;35m[Kwarning: [m[K‘[01m[Krs2::processing_block::_block[m[K’ will be initialized after [[01;35m[K-Wreorder[m[K]
[9.209s]          std::shared_ptr<rs2_processing_block> [01;35m[K_block[m[K;
[9.210s]                                                [01;35m[K^~~~~~[m[K
[9.211s] [01m[K/opt/ros/dashing/include/librealsense2/hpp/rs_processing.hpp:265:63:[m[K [01;35m[Kwarning: [m[K  base ‘[01m[Krs2::options[m[K’ [[01;35m[K-Wreorder[m[K]
[9.211s]              : _block(block), options((rs2_options*)block.get()[01;35m[K)[m[K
[9.212s]                                                                [01;35m[K^[m[K
[9.213s] [01m[K/opt/ros/dashing/include/librealsense2/hpp/rs_processing.hpp:264:9:[m[K [01;35m[Kwarning: [m[K  when initialized here [[01;35m[K-Wreorder[m[K]
[9.213s]          [01;35m[Kprocessing_block[m[K(std::shared_ptr<rs2_processing_block> block)
[9.214s]          [01;35m[K^~~~~~~~~~~~~~~~[m[K
[9.219s] [01m[K/opt/ros/dashing/include/librealsense2/hpp/rs_processing.hpp:[m[K In constructor ‘[01m[Krs2::processing_block::processing_block(std::shared_ptr<rs2_processing_block>, int)[m[K’:
[9.220s] [01m[K/opt/ros/dashing/include/librealsense2/hpp/rs_processing.hpp:296:21:[m[K [01;35m[Kwarning: [m[K‘[01m[Krs2::processing_block::_queue[m[K’ will be initialized after [[01;35m[K-Wreorder[m[K]
[9.221s]          frame_queue [01;35m[K_queue[m[K;
[9.222s]                      [01;35m[K^~~~~~[m[K
[9.224s] [01m[K/opt/ros/dashing/include/librealsense2/hpp/rs_processing.hpp:290:83:[m[K [01;35m[Kwarning: [m[K  base ‘[01m[Krs2::options[m[K’ [[01;35m[K-Wreorder[m[K]
[9.226s]              : _block(block), _queue(queue_size), options((rs2_options*)block.get()[01;35m[K)[m[K
[9.227s]                                                                                    [01;35m[K^[m[K
[9.227s] [01m[K/opt/ros/dashing/include/librealsense2/hpp/rs_processing.hpp:289:9:[m[K [01;35m[Kwarning: [m[K  when initialized here [[01;35m[K-Wreorder[m[K]
[9.228s]          [01;35m[Kprocessing_block[m[K(std::shared_ptr<rs2_processing_block> block, int queue_size)
[9.229s]          [01;35m[K^~~~~~~~~~~~~~~~[m[K
[18.664s] In file included from [01m[K/home/hansol/ros2_ws/src/ros2_intel_realsense/realsense_ros2_camera/src/realsense_camera_node.cpp:35:0[m[K:
[18.665s] [01m[K/opt/ros/dashing/include/librealsense2/rsutil.h:[m[K At global scope:
[18.666s] [01m[K/opt/ros/dashing/include/librealsense2/rsutil.h:116:13:[m[K [01;35m[Kwarning: [m[K‘[01m[Kvoid rs2_project_color_pixel_to_depth_pixel(float*, const uint16_t*, float, float, float, const rs2_intrinsics*, const rs2_intrinsics*, const rs2_extrinsics*, const rs2_extrinsics*, const float*)[m[K’ defined but not used [[01;35m[K-Wunused-function[m[K]
[18.667s]  static void [01;35m[Krs2_project_color_pixel_to_depth_pixel[m[K(float to_pixel[2],
[18.668s]              [01;35m[K^~~~~~~~~~~~~~~~~~~~~~~~~~~~~~~~~~~~~~[m[K
[18.668s] [01m[K/opt/ros/dashing/include/librealsense2/rsutil.h:80:13:[m[K [01;35m[Kwarning: [m[K‘[01m[Kvoid rs2_fov(const rs2_intrinsics*, float*)[m[K’ defined but not used [[01;35m[K-Wunused-function[m[K]
[18.670s]  static void [01;35m[Krs2_fov[m[K(const struct rs2_intrinsics * intrin, float to_fov[2])
[18.673s]              [01;35m[K^~~~~~~[m[K
[32.159s] [100%] [32m[1mLinking CXX executable realsense_ros2_camera[0m
[36.045s] /usr/bin/ld: warning: libopencv_imgcodecs.so.3.2, needed by /opt/ros/dashing/lib/libcv_bridge.so, may conflict with libopencv_imgcodecs.so.4.5
[36.047s] /usr/bin/ld: warning: libopencv_core.so.3.2, needed by /opt/ros/dashing/lib/libcv_bridge.so, may conflict with libopencv_core.so.4.5
[36.062s] [100%] Built target realsense_ros2_camera
[36.083s] Invoked command in '/home/hansol/ros2_ws/build/realsense_ros2_camera' returned '0': CMAKE_PREFIX_PATH=/home/hansol/ros2_ws/install/realsense_camera_msgs:/home/hansol/ros2_ws/install/realsense_ros2_camera:/home/hansol/ros2_ws/install/darknet_ros:/home/hansol/ros2_ws/install/darknet_ros_msgs:/home/hansol/ros2_ws/install/Darknet:/opt/ros/dashing LD_LIBRARY_PATH=/home/hansol/ros2_ws/install/realsense_camera_msgs/lib:/home/hansol/ros2_ws/install/darknet_ros/lib:/home/hansol/ros2_ws/install/darknet_ros_msgs/lib:/opt/ros/dashing/lib:/usr/local/cuda-10.2/lib64 /usr/local/bin/cmake --build /home/hansol/ros2_ws/build/realsense_ros2_camera -- -j4 -l4
[36.187s] Invoking command in '/home/hansol/ros2_ws/build/realsense_ros2_camera': CMAKE_PREFIX_PATH=/home/hansol/ros2_ws/install/realsense_camera_msgs:/home/hansol/ros2_ws/install/realsense_ros2_camera:/home/hansol/ros2_ws/install/darknet_ros:/home/hansol/ros2_ws/install/darknet_ros_msgs:/home/hansol/ros2_ws/install/Darknet:/opt/ros/dashing LD_LIBRARY_PATH=/home/hansol/ros2_ws/install/realsense_camera_msgs/lib:/home/hansol/ros2_ws/install/darknet_ros/lib:/home/hansol/ros2_ws/install/darknet_ros_msgs/lib:/opt/ros/dashing/lib:/usr/local/cuda-10.2/lib64 /usr/local/bin/cmake --install /home/hansol/ros2_ws/build/realsense_ros2_camera
[36.214s] -- Install configuration: ""
[36.215s] -- Execute custom install script
[36.218s] -- Up-to-date symlink: /home/hansol/ros2_ws/install/realsense_ros2_camera/bin/realsense_ros2_camera
[36.220s] -- Up-to-date symlink: /home/hansol/ros2_ws/install/realsense_ros2_camera/lib/realsense_ros2_camera/realsense_ros2_camera
[36.223s] -- Up-to-date symlink: /home/hansol/ros2_ws/install/realsense_ros2_camera/include/realsense_ros2_camera/constants.hpp
[36.225s] -- Up-to-date symlink: /home/hansol/ros2_ws/install/realsense_ros2_camera/share/realsense_ros2_camera//launch/default.rviz
[36.228s] -- Up-to-date symlink: /home/hansol/ros2_ws/install/realsense_ros2_camera/share/realsense_ros2_camera//launch/realsense2_to_laserscan.py
[36.229s] -- Up-to-date symlink: /home/hansol/ros2_ws/install/realsense_ros2_camera/share/realsense_ros2_camera//launch/ros2_intel_realsense.launch.py
[36.233s] -- Up-to-date symlink: /home/hansol/ros2_ws/install/realsense_ros2_camera/share/realsense_ros2_camera//launch/rs.launch.py
[36.234s] -- Up-to-date symlink: /home/hansol/ros2_ws/install/realsense_ros2_camera/share/ament_index/resource_index/package_run_dependencies/realsense_ros2_camera
[36.236s] -- Up-to-date symlink: /home/hansol/ros2_ws/install/realsense_ros2_camera/share/ament_index/resource_index/parent_prefix_path/realsense_ros2_camera
[36.238s] -- Up-to-date symlink: /home/hansol/ros2_ws/install/realsense_ros2_camera/share/realsense_ros2_camera/environment/ament_prefix_path.sh
[36.239s] -- Up-to-date symlink: /home/hansol/ros2_ws/install/realsense_ros2_camera/share/realsense_ros2_camera/environment/path.sh
[36.249s] -- Up-to-date symlink: /home/hansol/ros2_ws/install/realsense_ros2_camera/share/realsense_ros2_camera/local_setup.bash
[36.255s] -- Up-to-date symlink: /home/hansol/ros2_ws/install/realsense_ros2_camera/share/realsense_ros2_camera/local_setup.sh
[36.257s] -- Up-to-date symlink: /home/hansol/ros2_ws/install/realsense_ros2_camera/share/realsense_ros2_camera/local_setup.zsh
[36.258s] -- Up-to-date symlink: /home/hansol/ros2_ws/install/realsense_ros2_camera/share/ament_index/resource_index/packages/realsense_ros2_camera
[36.262s] -- Up-to-date symlink: /home/hansol/ros2_ws/install/realsense_ros2_camera/share/realsense_ros2_camera/cmake/realsense_ros2_cameraConfig.cmake
[36.276s] -- Up-to-date symlink: /home/hansol/ros2_ws/install/realsense_ros2_camera/share/realsense_ros2_camera/cmake/realsense_ros2_cameraConfig-version.cmake
[36.278s] -- Up-to-date symlink: /home/hansol/ros2_ws/install/realsense_ros2_camera/share/realsense_ros2_camera/package.xml
[36.280s] Invoked command in '/home/hansol/ros2_ws/build/realsense_ros2_camera' returned '0': CMAKE_PREFIX_PATH=/home/hansol/ros2_ws/install/realsense_camera_msgs:/home/hansol/ros2_ws/install/realsense_ros2_camera:/home/hansol/ros2_ws/install/darknet_ros:/home/hansol/ros2_ws/install/darknet_ros_msgs:/home/hansol/ros2_ws/install/Darknet:/opt/ros/dashing LD_LIBRARY_PATH=/home/hansol/ros2_ws/install/realsense_camera_msgs/lib:/home/hansol/ros2_ws/install/darknet_ros/lib:/home/hansol/ros2_ws/install/darknet_ros_msgs/lib:/opt/ros/dashing/lib:/usr/local/cuda-10.2/lib64 /usr/local/bin/cmake --install /home/hansol/ros2_ws/build/realsense_ros2_camera
