[0.115s] Invoking command in '/home/hansol/ros2_ws/build/darknet_ros_msgs': CMAKE_PREFIX_PATH=${CMAKE_PREFIX_PATH}:/opt/ros/dashing /usr/local/bin/cmake --build /home/hansol/ros2_ws/build/darknet_ros_msgs -- -j4 -l4
[0.241s] [  1%] Built target darknet_ros_msgs__cpp
[0.270s] [ 13%] Built target darknet_ros_msgs__rosidl_generator_c
[0.349s] [ 24%] Built target darknet_ros_msgs__rosidl_typesupport_introspection_cpp
[0.380s] [ 35%] Built target darknet_ros_msgs__rosidl_typesupport_introspection_c
[0.394s] [ 47%] Built target darknet_ros_msgs__rosidl_typesupport_fastrtps_cpp
[0.502s] [ 58%] Built target darknet_ros_msgs__rosidl_typesupport_cpp
[0.506s] [ 69%] Built target darknet_ros_msgs__rosidl_typesupport_fastrtps_c
[0.562s] [ 81%] Built target darknet_ros_msgs__rosidl_typesupport_c
[0.617s] [ 81%] Built target darknet_ros_msgs
[0.668s] [ 83%] Built target darknet_ros_msgs__py
[0.724s] [ 92%] Built target darknet_ros_msgs__python
[0.781s] [ 96%] Built target darknet_ros_msgs__rosidl_typesupport_c__pyext
[0.791s] [100%] Built target darknet_ros_msgs__rosidl_typesupport_fastrtps_c__pyext
[0.831s] Invoked command in '/home/hansol/ros2_ws/build/darknet_ros_msgs' returned '0': CMAKE_PREFIX_PATH=${CMAKE_PREFIX_PATH}:/opt/ros/dashing /usr/local/bin/cmake --build /home/hansol/ros2_ws/build/darknet_ros_msgs -- -j4 -l4
[1.261s] Invoking command in '/home/hansol/ros2_ws/build/darknet_ros_msgs': CMAKE_PREFIX_PATH=${CMAKE_PREFIX_PATH}:/opt/ros/dashing /usr/local/bin/cmake --install /home/hansol/ros2_ws/build/darknet_ros_msgs
[1.284s] -- Install configuration: ""
[1.286s] -- Execute custom install script
[1.287s] -- Up-to-date symlink: /home/hansol/ros2_ws/install/darknet_ros_msgs/share/ament_index/resource_index/rosidl_interfaces/darknet_ros_msgs
[1.289s] -- Up-to-date symlink: /home/hansol/ros2_ws/install/darknet_ros_msgs/include/darknet_ros_msgs/action/check_for_objects.hpp
[1.291s] -- Up-to-date symlink: /home/hansol/ros2_ws/install/darknet_ros_msgs/include/darknet_ros_msgs/action/check_for_objects__struct.hpp
[1.292s] -- Up-to-date symlink: /home/hansol/ros2_ws/install/darknet_ros_msgs/include/darknet_ros_msgs/action/check_for_objects__traits.hpp
[1.293s] -- Up-to-date symlink: /home/hansol/ros2_ws/install/darknet_ros_msgs/include/darknet_ros_msgs/msg/bounding_box.hpp
[1.295s] -- Up-to-date symlink: /home/hansol/ros2_ws/install/darknet_ros_msgs/include/darknet_ros_msgs/msg/bounding_box__struct.hpp
[1.296s] -- Up-to-date symlink: /home/hansol/ros2_ws/install/darknet_ros_msgs/include/darknet_ros_msgs/msg/bounding_box__traits.hpp
[1.296s] -- Up-to-date symlink: /home/hansol/ros2_ws/install/darknet_ros_msgs/include/darknet_ros_msgs/msg/bounding_boxes.hpp
[1.297s] -- Up-to-date symlink: /home/hansol/ros2_ws/install/darknet_ros_msgs/include/darknet_ros_msgs/msg/bounding_boxes__struct.hpp
[1.298s] -- Up-to-date symlink: /home/hansol/ros2_ws/install/darknet_ros_msgs/include/darknet_ros_msgs/msg/bounding_boxes__traits.hpp
[1.298s] -- Up-to-date symlink: /home/hansol/ros2_ws/install/darknet_ros_msgs/include/darknet_ros_msgs/msg/object_count.hpp
[1.299s] -- Up-to-date symlink: /home/hansol/ros2_ws/install/darknet_ros_msgs/include/darknet_ros_msgs/msg/object_count__struct.hpp
[1.300s] -- Up-to-date symlink: /home/hansol/ros2_ws/install/darknet_ros_msgs/include/darknet_ros_msgs/msg/object_count__traits.hpp
[1.302s] -- Up-to-date symlink: /home/hansol/ros2_ws/install/darknet_ros_msgs/include/darknet_ros_msgs/action/check_for_objects.h
[1.303s] -- Up-to-date symlink: /home/hansol/ros2_ws/install/darknet_ros_msgs/include/darknet_ros_msgs/action/check_for_objects__functions.h
[1.304s] -- Up-to-date symlink: /home/hansol/ros2_ws/install/darknet_ros_msgs/include/darknet_ros_msgs/action/check_for_objects__struct.h
[1.305s] -- Up-to-date symlink: /home/hansol/ros2_ws/install/darknet_ros_msgs/include/darknet_ros_msgs/action/check_for_objects__type_support.h
[1.306s] -- Up-to-date symlink: /home/hansol/ros2_ws/install/darknet_ros_msgs/include/darknet_ros_msgs/msg/bounding_box.h
[1.306s] -- Up-to-date symlink: /home/hansol/ros2_ws/install/darknet_ros_msgs/include/darknet_ros_msgs/msg/bounding_box__functions.h
[1.307s] -- Up-to-date symlink: /home/hansol/ros2_ws/install/darknet_ros_msgs/include/darknet_ros_msgs/msg/bounding_box__struct.h
[1.308s] -- Up-to-date symlink: /home/hansol/ros2_ws/install/darknet_ros_msgs/include/darknet_ros_msgs/msg/bounding_box__type_support.h
[1.309s] -- Up-to-date symlink: /home/hansol/ros2_ws/install/darknet_ros_msgs/include/darknet_ros_msgs/msg/bounding_boxes.h
[1.310s] -- Up-to-date symlink: /home/hansol/ros2_ws/install/darknet_ros_msgs/include/darknet_ros_msgs/msg/bounding_boxes__functions.h
[1.310s] -- Up-to-date symlink: /home/hansol/ros2_ws/install/darknet_ros_msgs/include/darknet_ros_msgs/msg/bounding_boxes__struct.h
[1.311s] -- Up-to-date symlink: /home/hansol/ros2_ws/install/darknet_ros_msgs/include/darknet_ros_msgs/msg/bounding_boxes__type_support.h
[1.312s] -- Up-to-date symlink: /home/hansol/ros2_ws/install/darknet_ros_msgs/include/darknet_ros_msgs/msg/object_count.h
[1.312s] -- Up-to-date symlink: /home/hansol/ros2_ws/install/darknet_ros_msgs/include/darknet_ros_msgs/msg/object_count__functions.h
[1.315s] -- Up-to-date symlink: /home/hansol/ros2_ws/install/darknet_ros_msgs/include/darknet_ros_msgs/msg/object_count__struct.h
[1.316s] -- Up-to-date symlink: /home/hansol/ros2_ws/install/darknet_ros_msgs/include/darknet_ros_msgs/msg/object_count__type_support.h
[1.316s] -- Up-to-date symlink: /home/hansol/ros2_ws/install/darknet_ros_msgs/include/darknet_ros_msgs/msg/rosidl_generator_c__visibility_control.h
[1.317s] -- Up-to-date symlink: /home/hansol/ros2_ws/install/darknet_ros_msgs/share/darknet_ros_msgs/environment/library_path.sh
[1.318s] -- Up-to-date symlink: /home/hansol/ros2_ws/install/darknet_ros_msgs/lib/libdarknet_ros_msgs__rosidl_generator_c.so
[1.318s] -- Up-to-date symlink: /home/hansol/ros2_ws/install/darknet_ros_msgs/lib/libdarknet_ros_msgs__rosidl_typesupport_c.so
[1.319s] -- Up-to-date symlink: /home/hansol/ros2_ws/install/darknet_ros_msgs/lib/libdarknet_ros_msgs__rosidl_typesupport_cpp.so
[1.332s] -- Up-to-date symlink: /home/hansol/ros2_ws/install/darknet_ros_msgs/include/darknet_ros_msgs/action/check_for_objects__rosidl_typesupport_introspection_c.h
[1.333s] -- Up-to-date symlink: /home/hansol/ros2_ws/install/darknet_ros_msgs/include/darknet_ros_msgs/msg/bounding_box__rosidl_typesupport_introspection_c.h
[1.333s] -- Up-to-date symlink: /home/hansol/ros2_ws/install/darknet_ros_msgs/include/darknet_ros_msgs/msg/bounding_boxes__rosidl_typesupport_introspection_c.h
[1.334s] -- Up-to-date symlink: /home/hansol/ros2_ws/install/darknet_ros_msgs/include/darknet_ros_msgs/msg/object_count__rosidl_typesupport_introspection_c.h
[1.335s] -- Up-to-date symlink: /home/hansol/ros2_ws/install/darknet_ros_msgs/include/darknet_ros_msgs/msg/rosidl_typesupport_introspection_c__visibility_control.h
[1.336s] -- Up-to-date symlink: /home/hansol/ros2_ws/install/darknet_ros_msgs/lib/libdarknet_ros_msgs__rosidl_typesupport_introspection_c.so
[1.337s] -- Up-to-date symlink: /home/hansol/ros2_ws/install/darknet_ros_msgs/include/darknet_ros_msgs/action/check_for_objects__rosidl_typesupport_introspection_cpp.hpp
[1.338s] -- Up-to-date symlink: /home/hansol/ros2_ws/install/darknet_ros_msgs/include/darknet_ros_msgs/msg/bounding_box__rosidl_typesupport_introspection_cpp.hpp
[1.338s] -- Up-to-date symlink: /home/hansol/ros2_ws/install/darknet_ros_msgs/include/darknet_ros_msgs/msg/bounding_boxes__rosidl_typesupport_introspection_cpp.hpp
[1.339s] -- Up-to-date symlink: /home/hansol/ros2_ws/install/darknet_ros_msgs/include/darknet_ros_msgs/msg/object_count__rosidl_typesupport_introspection_cpp.hpp
[1.340s] -- Up-to-date symlink: /home/hansol/ros2_ws/install/darknet_ros_msgs/lib/libdarknet_ros_msgs__rosidl_typesupport_introspection_cpp.so
[1.340s] -- Up-to-date symlink: /home/hansol/ros2_ws/install/darknet_ros_msgs/include/darknet_ros_msgs/action/check_for_objects__rosidl_typesupport_fastrtps_c.h
[1.341s] -- Up-to-date symlink: /home/hansol/ros2_ws/install/darknet_ros_msgs/include/darknet_ros_msgs/msg/bounding_box__rosidl_typesupport_fastrtps_c.h
[1.341s] -- Up-to-date symlink: /home/hansol/ros2_ws/install/darknet_ros_msgs/include/darknet_ros_msgs/msg/bounding_boxes__rosidl_typesupport_fastrtps_c.h
[1.342s] -- Up-to-date symlink: /home/hansol/ros2_ws/install/darknet_ros_msgs/include/darknet_ros_msgs/msg/object_count__rosidl_typesupport_fastrtps_c.h
[1.343s] -- Up-to-date symlink: /home/hansol/ros2_ws/install/darknet_ros_msgs/include/darknet_ros_msgs/msg/rosidl_typesupport_fastrtps_c__visibility_control.h
[1.347s] -- Up-to-date symlink: /home/hansol/ros2_ws/install/darknet_ros_msgs/lib/libdarknet_ros_msgs__rosidl_typesupport_fastrtps_c.so
[1.348s] -- Up-to-date symlink: /home/hansol/ros2_ws/install/darknet_ros_msgs/include/darknet_ros_msgs/action/check_for_objects__rosidl_typesupport_fastrtps_cpp.hpp
[1.348s] -- Up-to-date symlink: /home/hansol/ros2_ws/install/darknet_ros_msgs/include/darknet_ros_msgs/msg/bounding_box__rosidl_typesupport_fastrtps_cpp.hpp
[1.349s] -- Up-to-date symlink: /home/hansol/ros2_ws/install/darknet_ros_msgs/include/darknet_ros_msgs/msg/bounding_boxes__rosidl_typesupport_fastrtps_cpp.hpp
[1.350s] -- Up-to-date symlink: /home/hansol/ros2_ws/install/darknet_ros_msgs/include/darknet_ros_msgs/msg/object_count__rosidl_typesupport_fastrtps_cpp.hpp
[1.350s] -- Up-to-date symlink: /home/hansol/ros2_ws/install/darknet_ros_msgs/include/darknet_ros_msgs/msg/rosidl_typesupport_fastrtps_cpp__visibility_control.h
[1.351s] -- Up-to-date symlink: /home/hansol/ros2_ws/install/darknet_ros_msgs/lib/libdarknet_ros_msgs__rosidl_typesupport_fastrtps_cpp.so
[1.352s] -- Up-to-date symlink: /home/hansol/ros2_ws/install/darknet_ros_msgs/share/darknet_ros_msgs/environment/pythonpath.sh
[1.353s] -- Up-to-date symlink: /home/hansol/ros2_ws/install/darknet_ros_msgs/lib/python3.6/site-packages/darknet_ros_msgs/__init__.py
[1.353s] -- Up-to-date symlink: /home/hansol/ros2_ws/install/darknet_ros_msgs/lib/python3.6/site-packages/darknet_ros_msgs/msg/__init__.py
[1.354s] -- Up-to-date symlink: /home/hansol/ros2_ws/install/darknet_ros_msgs/lib/python3.6/site-packages/darknet_ros_msgs/msg/_bounding_box.py
[1.355s] -- Up-to-date symlink: /home/hansol/ros2_ws/install/darknet_ros_msgs/lib/python3.6/site-packages/darknet_ros_msgs/msg/_bounding_boxes.py
[1.356s] -- Up-to-date symlink: /home/hansol/ros2_ws/install/darknet_ros_msgs/lib/python3.6/site-packages/darknet_ros_msgs/msg/_object_count.py
[1.356s] -- Up-to-date symlink: /home/hansol/ros2_ws/install/darknet_ros_msgs/lib/python3.6/site-packages/darknet_ros_msgs/action/__init__.py
[1.357s] -- Up-to-date symlink: /home/hansol/ros2_ws/install/darknet_ros_msgs/lib/python3.6/site-packages/darknet_ros_msgs/action/_check_for_objects.py
[1.358s] -- Up-to-date symlink: /home/hansol/ros2_ws/install/darknet_ros_msgs/lib/python3.6/site-packages/darknet_ros_msgs/darknet_ros_msgs_s__rosidl_typesupport_c.cpython-36m-aarch64-linux-gnu.so
[1.358s] -- Up-to-date symlink: /home/hansol/ros2_ws/install/darknet_ros_msgs/lib/python3.6/site-packages/darknet_ros_msgs/darknet_ros_msgs_s__rosidl_typesupport_fastrtps_c.cpython-36m-aarch64-linux-gnu.so
[1.359s] -- Up-to-date symlink: /home/hansol/ros2_ws/install/darknet_ros_msgs/lib/libdarknet_ros_msgs__python.so
[1.363s] -- Up-to-date symlink: /home/hansol/ros2_ws/install/darknet_ros_msgs/share/darknet_ros_msgs/msg/BoundingBox.idl
[1.363s] -- Up-to-date symlink: /home/hansol/ros2_ws/install/darknet_ros_msgs/share/darknet_ros_msgs/msg/BoundingBoxes.idl
[1.364s] -- Up-to-date symlink: /home/hansol/ros2_ws/install/darknet_ros_msgs/share/darknet_ros_msgs/msg/ObjectCount.idl
[1.365s] -- Up-to-date symlink: /home/hansol/ros2_ws/install/darknet_ros_msgs/share/darknet_ros_msgs/action/CheckForObjects.idl
[1.366s] -- Up-to-date symlink: /home/hansol/ros2_ws/install/darknet_ros_msgs/share/darknet_ros_msgs/msg/BoundingBox.msg
[1.366s] -- Up-to-date symlink: /home/hansol/ros2_ws/install/darknet_ros_msgs/share/darknet_ros_msgs/msg/BoundingBoxes.msg
[1.367s] -- Up-to-date symlink: /home/hansol/ros2_ws/install/darknet_ros_msgs/share/darknet_ros_msgs/msg/ObjectCount.msg
[1.368s] -- Up-to-date symlink: /home/hansol/ros2_ws/install/darknet_ros_msgs/share/darknet_ros_msgs/action/CheckForObjects.action
[1.371s] -- Up-to-date symlink: /home/hansol/ros2_ws/install/darknet_ros_msgs/share/ament_index/resource_index/package_run_dependencies/darknet_ros_msgs
[1.372s] -- Up-to-date symlink: /home/hansol/ros2_ws/install/darknet_ros_msgs/share/ament_index/resource_index/parent_prefix_path/darknet_ros_msgs
[1.373s] -- Up-to-date symlink: /home/hansol/ros2_ws/install/darknet_ros_msgs/share/darknet_ros_msgs/environment/ament_prefix_path.sh
[1.374s] -- Up-to-date symlink: /home/hansol/ros2_ws/install/darknet_ros_msgs/share/darknet_ros_msgs/environment/path.sh
[1.374s] -- Up-to-date symlink: /home/hansol/ros2_ws/install/darknet_ros_msgs/share/darknet_ros_msgs/local_setup.bash
[1.375s] -- Up-to-date symlink: /home/hansol/ros2_ws/install/darknet_ros_msgs/share/darknet_ros_msgs/local_setup.sh
[1.376s] -- Up-to-date symlink: /home/hansol/ros2_ws/install/darknet_ros_msgs/share/darknet_ros_msgs/local_setup.zsh
[1.377s] -- Up-to-date symlink: /home/hansol/ros2_ws/install/darknet_ros_msgs/share/ament_index/resource_index/packages/darknet_ros_msgs
[1.377s] -- Up-to-date symlink: /home/hansol/ros2_ws/install/darknet_ros_msgs/share/darknet_ros_msgs/cmake/rosidl_cmake-extras.cmake
[1.378s] -- Up-to-date symlink: /home/hansol/ros2_ws/install/darknet_ros_msgs/share/darknet_ros_msgs/cmake/ament_cmake_export_dependencies-extras.cmake
[1.381s] -- Up-to-date symlink: /home/hansol/ros2_ws/install/darknet_ros_msgs/share/darknet_ros_msgs/cmake/ament_cmake_export_include_directories-extras.cmake
[1.382s] -- Up-to-date symlink: /home/hansol/ros2_ws/install/darknet_ros_msgs/share/darknet_ros_msgs/cmake/ament_cmake_export_libraries-extras.cmake
[1.383s] -- Up-to-date symlink: /home/hansol/ros2_ws/install/darknet_ros_msgs/share/darknet_ros_msgs/cmake/darknet_ros_msgsConfig.cmake
[1.383s] -- Up-to-date symlink: /home/hansol/ros2_ws/install/darknet_ros_msgs/share/darknet_ros_msgs/cmake/darknet_ros_msgsConfig-version.cmake
[1.384s] -- Up-to-date symlink: /home/hansol/ros2_ws/install/darknet_ros_msgs/share/darknet_ros_msgs/package.xml
[1.626s] Invoked command in '/home/hansol/ros2_ws/build/darknet_ros_msgs' returned '0': CMAKE_PREFIX_PATH=${CMAKE_PREFIX_PATH}:/opt/ros/dashing /usr/local/bin/cmake --install /home/hansol/ros2_ws/build/darknet_ros_msgs
