[0.154s] Invoking command in '/home/hansol/ros2_ws/build/Darknet': /usr/local/bin/cmake --build /home/hansol/ros2_ws/build/Darknet -- -j4 -l4
[0.170s] Change Dir: '/home/hansol/ros2_ws/build/Darknet'
[0.172s] 
[0.173s] Run Build Command(s): /usr/local/bin/cmake -E env VERBOSE=1 /usr/bin/make -f Makefile -j4 -l4
[0.204s] /usr/local/bin/cmake -S/home/hansol/ros2_ws/src/darknet_ros/darknet -B/home/hansol/ros2_ws/build/Darknet --check-build-system CMakeFiles/Makefile.cmake 0
[0.254s] /usr/local/bin/cmake -E cmake_progress_start /home/hansol/ros2_ws/build/Darknet/CMakeFiles /home/hansol/ros2_ws/build/Darknet//CMakeFiles/progress.marks
[0.271s] /usr/bin/make  -f CMakeFiles/Makefile2 all
[0.277s] make[1]: Entering directory '/home/hansol/ros2_ws/build/Darknet'
[0.278s] /usr/bin/make  -f CMakeFiles/dark.dir/build.make CMakeFiles/dark.dir/depend
[0.282s] /usr/bin/make  -f CMakeFiles/darknet.dir/build.make CMakeFiles/darknet.dir/depend
[0.407s] make[2]: Entering directory '/home/hansol/ros2_ws/build/Darknet'
[0.409s] cd /home/hansol/ros2_ws/build/Darknet && /usr/local/bin/cmake -E cmake_depends "Unix Makefiles" /home/hansol/ros2_ws/src/darknet_ros/darknet /home/hansol/ros2_ws/src/darknet_ros/darknet /home/hansol/ros2_ws/build/Darknet /home/hansol/ros2_ws/build/Darknet /home/hansol/ros2_ws/build/Darknet/CMakeFiles/dark.dir/DependInfo.cmake "--color="
[0.420s] make[2]: Entering directory '/home/hansol/ros2_ws/build/Darknet'
[0.424s] cd /home/hansol/ros2_ws/build/Darknet && /usr/local/bin/cmake -E cmake_depends "Unix Makefiles" /home/hansol/ros2_ws/src/darknet_ros/darknet /home/hansol/ros2_ws/src/darknet_ros/darknet /home/hansol/ros2_ws/build/Darknet /home/hansol/ros2_ws/build/Darknet /home/hansol/ros2_ws/build/Darknet/CMakeFiles/darknet.dir/DependInfo.cmake "--color="
[0.473s] make[2]: Leaving directory '/home/hansol/ros2_ws/build/Darknet'
[0.474s] make[2]: Leaving directory '/home/hansol/ros2_ws/build/Darknet'
[0.478s] /usr/bin/make  -f CMakeFiles/dark.dir/build.make CMakeFiles/dark.dir/build
[0.479s] /usr/bin/make  -f CMakeFiles/darknet.dir/build.make CMakeFiles/darknet.dir/build
[0.564s] make[2]: Entering directory '/home/hansol/ros2_ws/build/Darknet'
[0.565s] make[2]: Nothing to be done for 'CMakeFiles/darknet.dir/build'.
[0.566s] make[2]: Leaving directory '/home/hansol/ros2_ws/build/Darknet'
[0.577s] make[2]: Entering directory '/home/hansol/ros2_ws/build/Darknet'
[0.579s] make[2]: Nothing to be done for 'CMakeFiles/dark.dir/build'.
[0.582s] make[2]: Leaving directory '/home/hansol/ros2_ws/build/Darknet'
[0.612s] [ 97%] Built target dark
[0.615s] /usr/bin/make  -f CMakeFiles/uselib_track.dir/build.make CMakeFiles/uselib_track.dir/depend
[0.617s] /usr/bin/make  -f CMakeFiles/uselib.dir/build.make CMakeFiles/uselib.dir/depend
[0.619s] [ 77%] Built target darknet
[0.628s] make[2]: Entering directory '/home/hansol/ros2_ws/build/Darknet'
[0.629s] cd /home/hansol/ros2_ws/build/Darknet && /usr/local/bin/cmake -E cmake_depends "Unix Makefiles" /home/hansol/ros2_ws/src/darknet_ros/darknet /home/hansol/ros2_ws/src/darknet_ros/darknet /home/hansol/ros2_ws/build/Darknet /home/hansol/ros2_ws/build/Darknet /home/hansol/ros2_ws/build/Darknet/CMakeFiles/uselib.dir/DependInfo.cmake "--color="
[0.634s] make[2]: Entering directory '/home/hansol/ros2_ws/build/Darknet'
[0.635s] cd /home/hansol/ros2_ws/build/Darknet && /usr/local/bin/cmake -E cmake_depends "Unix Makefiles" /home/hansol/ros2_ws/src/darknet_ros/darknet /home/hansol/ros2_ws/src/darknet_ros/darknet /home/hansol/ros2_ws/build/Darknet /home/hansol/ros2_ws/build/Darknet /home/hansol/ros2_ws/build/Darknet/CMakeFiles/uselib_track.dir/DependInfo.cmake "--color="
[0.650s] make[2]: Leaving directory '/home/hansol/ros2_ws/build/Darknet'
[0.653s] /usr/bin/make  -f CMakeFiles/uselib.dir/build.make CMakeFiles/uselib.dir/build
[0.670s] make[2]: Entering directory '/home/hansol/ros2_ws/build/Darknet'
[0.671s] make[2]: Nothing to be done for 'CMakeFiles/uselib.dir/build'.
[0.672s] make[2]: Leaving directory '/home/hansol/ros2_ws/build/Darknet'
[0.677s] make[2]: Leaving directory '/home/hansol/ros2_ws/build/Darknet'
[0.678s] /usr/bin/make  -f CMakeFiles/uselib_track.dir/build.make CMakeFiles/uselib_track.dir/build
[0.694s] make[2]: Entering directory '/home/hansol/ros2_ws/build/Darknet'
[0.697s] make[2]: Nothing to be done for 'CMakeFiles/uselib_track.dir/build'.
[0.698s] make[2]: Leaving directory '/home/hansol/ros2_ws/build/Darknet'
[0.699s] [ 98%] Built target uselib
[0.714s] [100%] Built target uselib_track
[0.716s] make[1]: Leaving directory '/home/hansol/ros2_ws/build/Darknet'
[0.718s] /usr/local/bin/cmake -E cmake_progress_start /home/hansol/ros2_ws/build/Darknet/CMakeFiles 0
[0.747s] 
[0.773s] Invoked command in '/home/hansol/ros2_ws/build/Darknet' returned '0': /usr/local/bin/cmake --build /home/hansol/ros2_ws/build/Darknet -- -j4 -l4
[2.011s] Invoking command in '/home/hansol/ros2_ws/build/Darknet': /usr/local/bin/cmake --install /home/hansol/ros2_ws/build/Darknet
[2.057s] -- Install configuration: "Release"
[2.060s] -- Up-to-date: /home/hansol/ros2_ws/src/darknet_ros/darknet/libdarknet.so
[2.063s] -- Up-to-date: /home/hansol/ros2_ws/install/Darknet/include/darknet/darknet.h
[2.068s] -- Up-to-date: /home/hansol/ros2_ws/install/Darknet/include/darknet/yolo_v2_class.hpp
[2.070s] -- Up-to-date: /home/hansol/ros2_ws/src/darknet_ros/darknet/uselib
[2.072s] -- Up-to-date: /home/hansol/ros2_ws/src/darknet_ros/darknet/darknet
[2.074s] -- Up-to-date: /home/hansol/ros2_ws/src/darknet_ros/darknet/uselib_track
[2.075s] -- Up-to-date: /home/hansol/ros2_ws/install/Darknet/share/darknet/DarknetTargets.cmake
[2.076s] -- Up-to-date: /home/hansol/ros2_ws/install/Darknet/share/darknet/DarknetTargets-release.cmake
[2.079s] -- Up-to-date: /home/hansol/ros2_ws/install/Darknet/share/darknet/DarknetConfig.cmake
[2.081s] -- Up-to-date: /home/hansol/ros2_ws/install/Darknet/share/darknet/DarknetConfigVersion.cmake
[2.174s] Invoked command in '/home/hansol/ros2_ws/build/Darknet' returned '0': /usr/local/bin/cmake --install /home/hansol/ros2_ws/build/Darknet
