[0.136s] Invoking command in '/home/hansol/ros2_ws/build/Darknet': /usr/local/bin/cmake --build /home/hansol/ros2_ws/build/Darknet -- -j4 -l4
[0.159s] Change Dir: '/home/hansol/ros2_ws/build/Darknet'
[0.160s] 
[0.160s] Run Build Command(s): /usr/local/bin/cmake -E env VERBOSE=1 /usr/bin/make -f Makefile -j4 -l4
[0.188s] /usr/local/bin/cmake -S/home/hansol/ros2_ws/src/darknet_ros/darknet -B/home/hansol/ros2_ws/build/Darknet --check-build-system CMakeFiles/Makefile.cmake 0
[0.211s] /usr/local/bin/cmake -E cmake_progress_start /home/hansol/ros2_ws/build/Darknet/CMakeFiles /home/hansol/ros2_ws/build/Darknet//CMakeFiles/progress.marks
[0.242s] /usr/bin/make  -f CMakeFiles/Makefile2 all
[0.277s] make[1]: Entering directory '/home/hansol/ros2_ws/build/Darknet'
[0.278s] /usr/bin/make  -f CMakeFiles/dark.dir/build.make CMakeFiles/dark.dir/depend
[0.279s] /usr/bin/make  -f CMakeFiles/darknet.dir/build.make CMakeFiles/darknet.dir/depend
[0.364s] make[2]: Entering directory '/home/hansol/ros2_ws/build/Darknet'
[0.365s] cd /home/hansol/ros2_ws/build/Darknet && /usr/local/bin/cmake -E cmake_depends "Unix Makefiles" /home/hansol/ros2_ws/src/darknet_ros/darknet /home/hansol/ros2_ws/src/darknet_ros/darknet /home/hansol/ros2_ws/build/Darknet /home/hansol/ros2_ws/build/Darknet /home/hansol/ros2_ws/build/Darknet/CMakeFiles/dark.dir/DependInfo.cmake "--color="
[0.396s] make[2]: Entering directory '/home/hansol/ros2_ws/build/Darknet'
[0.404s] cd /home/hansol/ros2_ws/build/Darknet && /usr/local/bin/cmake -E cmake_depends "Unix Makefiles" /home/hansol/ros2_ws/src/darknet_ros/darknet /home/hansol/ros2_ws/src/darknet_ros/darknet /home/hansol/ros2_ws/build/Darknet /home/hansol/ros2_ws/build/Darknet /home/hansol/ros2_ws/build/Darknet/CMakeFiles/darknet.dir/DependInfo.cmake "--color="
[0.447s] make[2]: Leaving directory '/home/hansol/ros2_ws/build/Darknet'
[0.449s] /usr/bin/make  -f CMakeFiles/dark.dir/build.make CMakeFiles/dark.dir/build
[0.472s] make[2]: Leaving directory '/home/hansol/ros2_ws/build/Darknet'
[0.477s] /usr/bin/make  -f CMakeFiles/darknet.dir/build.make CMakeFiles/darknet.dir/build
[0.541s] make[2]: Entering directory '/home/hansol/ros2_ws/build/Darknet'
[0.543s] make[2]: Nothing to be done for 'CMakeFiles/dark.dir/build'.
[0.546s] make[2]: Leaving directory '/home/hansol/ros2_ws/build/Darknet'
[0.560s] make[2]: Entering directory '/home/hansol/ros2_ws/build/Darknet'
[0.563s] make[2]: Nothing to be done for 'CMakeFiles/darknet.dir/build'.
[0.566s] make[2]: Leaving directory '/home/hansol/ros2_ws/build/Darknet'
[0.575s] [ 49%] Built target dark
[0.580s] /usr/bin/make  -f CMakeFiles/uselib_track.dir/build.make CMakeFiles/uselib_track.dir/depend
[0.582s] /usr/bin/make  -f CMakeFiles/uselib.dir/build.make CMakeFiles/uselib.dir/depend
[0.596s] make[2]: Entering directory '/home/hansol/ros2_ws/build/Darknet'
[0.598s] cd /home/hansol/ros2_ws/build/Darknet && /usr/local/bin/cmake -E cmake_depends "Unix Makefiles" /home/hansol/ros2_ws/src/darknet_ros/darknet /home/hansol/ros2_ws/src/darknet_ros/darknet /home/hansol/ros2_ws/build/Darknet /home/hansol/ros2_ws/build/Darknet /home/hansol/ros2_ws/build/Darknet/CMakeFiles/uselib.dir/DependInfo.cmake "--color="
[0.599s] make[2]: Entering directory '/home/hansol/ros2_ws/build/Darknet'
[0.612s] cd /home/hansol/ros2_ws/build/Darknet && /usr/local/bin/cmake -E cmake_depends "Unix Makefiles" /home/hansol/ros2_ws/src/darknet_ros/darknet /home/hansol/ros2_ws/src/darknet_ros/darknet /home/hansol/ros2_ws/build/Darknet /home/hansol/ros2_ws/build/Darknet /home/hansol/ros2_ws/build/Darknet/CMakeFiles/uselib_track.dir/DependInfo.cmake "--color="
[0.613s] [ 97%] Built target darknet
[0.625s] make[2]: Leaving directory '/home/hansol/ros2_ws/build/Darknet'
[0.625s] /usr/bin/make  -f CMakeFiles/uselib.dir/build.make CMakeFiles/uselib.dir/build
[0.636s] make[2]: Entering directory '/home/hansol/ros2_ws/build/Darknet'
[0.640s] make[2]: Nothing to be done for 'CMakeFiles/uselib.dir/build'.
[0.641s] make[2]: Leaving directory '/home/hansol/ros2_ws/build/Darknet'
[0.643s] make[2]: Leaving directory '/home/hansol/ros2_ws/build/Darknet'
[0.643s] /usr/bin/make  -f CMakeFiles/uselib_track.dir/build.make CMakeFiles/uselib_track.dir/build
[0.658s] make[2]: Entering directory '/home/hansol/ros2_ws/build/Darknet'
[0.659s] make[2]: Nothing to be done for 'CMakeFiles/uselib_track.dir/build'.
[0.660s] make[2]: Leaving directory '/home/hansol/ros2_ws/build/Darknet'
[0.677s] [ 98%] Built target uselib
[0.680s] [100%] Built target uselib_track
[0.683s] make[1]: Leaving directory '/home/hansol/ros2_ws/build/Darknet'
[0.684s] /usr/local/bin/cmake -E cmake_progress_start /home/hansol/ros2_ws/build/Darknet/CMakeFiles 0
[0.722s] 
[0.730s] Invoked command in '/home/hansol/ros2_ws/build/Darknet' returned '0': /usr/local/bin/cmake --build /home/hansol/ros2_ws/build/Darknet -- -j4 -l4
[2.001s] Invoking command in '/home/hansol/ros2_ws/build/Darknet': /usr/local/bin/cmake --install /home/hansol/ros2_ws/build/Darknet
[2.048s] -- Install configuration: "Release"
[2.056s] -- Up-to-date: /home/hansol/ros2_ws/src/darknet_ros/darknet/libdarknet.so
[2.059s] -- Up-to-date: /home/hansol/ros2_ws/install/Darknet/include/darknet/darknet.h
[2.060s] -- Up-to-date: /home/hansol/ros2_ws/install/Darknet/include/darknet/yolo_v2_class.hpp
[2.061s] -- Up-to-date: /home/hansol/ros2_ws/src/darknet_ros/darknet/uselib
[2.065s] -- Up-to-date: /home/hansol/ros2_ws/src/darknet_ros/darknet/darknet
[2.067s] -- Up-to-date: /home/hansol/ros2_ws/src/darknet_ros/darknet/uselib_track
[2.067s] -- Up-to-date: /home/hansol/ros2_ws/install/Darknet/share/darknet/DarknetTargets.cmake
[2.068s] -- Up-to-date: /home/hansol/ros2_ws/install/Darknet/share/darknet/DarknetTargets-release.cmake
[2.070s] -- Up-to-date: /home/hansol/ros2_ws/install/Darknet/share/darknet/DarknetConfig.cmake
[2.077s] -- Up-to-date: /home/hansol/ros2_ws/install/Darknet/share/darknet/DarknetConfigVersion.cmake
[2.189s] Invoked command in '/home/hansol/ros2_ws/build/Darknet' returned '0': /usr/local/bin/cmake --install /home/hansol/ros2_ws/build/Darknet
