[0.714s] DEBUG:colcon:Command line arguments: ['/usr/bin/colcon', 'build', '--symlink-install']
[0.715s] DEBUG:colcon:Parsed command line arguments: Namespace(allow_overriding=[], ament_cmake_args=None, base_paths=['.'], build_base='build', catkin_cmake_args=None, catkin_skip_building_tests=False, cmake_args=None, cmake_clean_cache=False, cmake_clean_first=False, cmake_force_configure=False, cmake_target=None, cmake_target_skip_unavailable=False, continue_on_error=False, event_handlers=None, executor='parallel', ignore_user_meta=False, install_base='install', log_base=None, log_level=None, main=<bound method BuildVerb.main of <colcon_core.verb.build.BuildVerb object at 0x7f8b584128>>, merge_install=False, metas=['./colcon.meta'], packages_above=None, packages_above_and_dependencies=None, packages_above_depth=None, packages_end=None, packages_ignore=None, packages_ignore_regex=None, packages_select=None, packages_select_build_failed=False, packages_select_by_dep=None, packages_select_regex=None, packages_select_test_failures=False, packages_skip=None, packages_skip_build_finished=False, packages_skip_by_dep=None, packages_skip_regex=None, packages_skip_test_passed=False, packages_skip_up_to=None, packages_start=None, packages_up_to=None, packages_up_to_regex=None, parallel_workers=4, paths=None, symlink_install=True, test_result_base=None, verb_extension=<colcon_core.verb.build.BuildVerb object at 0x7f8b584128>, verb_name='build', verb_parser=<colcon_defaults.argument_parser.defaults.DefaultArgumentsDecorator object at 0x7f8b584470>)
[0.830s] Level 1:colcon.colcon_core.package_discovery:discover_packages(colcon_meta) check parameters
[0.831s] Level 1:colcon.colcon_core.package_discovery:discover_packages(recursive) check parameters
[0.831s] Level 1:colcon.colcon_core.package_discovery:discover_packages(ignore) check parameters
[0.832s] Level 1:colcon.colcon_core.package_discovery:discover_packages(path) check parameters
[0.832s] Level 1:colcon.colcon_core.package_discovery:discover_packages(colcon_meta) discover
[0.834s] Level 1:colcon.colcon_core.package_discovery:discover_packages(recursive) discover
[0.834s] INFO:colcon.colcon_core.package_discovery:Crawling recursively for packages in '/home/hansol/ros2_ws'
[0.834s] Level 1:colcon.colcon_core.package_identification:_identify(.) by extensions ['ignore', 'ignore_ament_install']
[0.835s] Level 1:colcon.colcon_core.package_identification:_identify(.) by extension 'ignore'
[0.836s] Level 1:colcon.colcon_core.package_identification:_identify(.) by extension 'ignore_ament_install'
[0.836s] Level 1:colcon.colcon_core.package_identification:_identify(.) by extensions ['colcon_pkg']
[0.836s] Level 1:colcon.colcon_core.package_identification:_identify(.) by extension 'colcon_pkg'
[0.837s] Level 1:colcon.colcon_core.package_identification:_identify(.) by extensions ['colcon_meta']
[0.837s] Level 1:colcon.colcon_core.package_identification:_identify(.) by extension 'colcon_meta'
[0.837s] Level 1:colcon.colcon_core.package_identification:_identify(.) by extensions ['ros']
[0.837s] Level 1:colcon.colcon_core.package_identification:_identify(.) by extension 'ros'
[0.909s] Level 1:colcon.colcon_core.package_identification:_identify(.) by extensions ['cmake', 'python']
[0.913s] Level 1:colcon.colcon_core.package_identification:_identify(.) by extension 'cmake'
[0.916s] Level 1:colcon.colcon_core.package_identification:_identify(.) by extension 'python'
[0.917s] Level 1:colcon.colcon_core.package_identification:_identify(.) by extensions ['python_setup_py']
[0.917s] Level 1:colcon.colcon_core.package_identification:_identify(.) by extension 'python_setup_py'
[0.918s] Level 1:colcon.colcon_core.package_identification:_identify(build) by extensions ['ignore', 'ignore_ament_install']
[0.918s] Level 1:colcon.colcon_core.package_identification:_identify(build) by extension 'ignore'
[0.919s] Level 1:colcon.colcon_core.package_identification:_identify(build) ignored
[0.921s] Level 1:colcon.colcon_core.package_identification:_identify(install) by extensions ['ignore', 'ignore_ament_install']
[0.922s] Level 1:colcon.colcon_core.package_identification:_identify(install) by extension 'ignore'
[0.922s] Level 1:colcon.colcon_core.package_identification:_identify(install) ignored
[0.923s] Level 1:colcon.colcon_core.package_identification:_identify(log) by extensions ['ignore', 'ignore_ament_install']
[0.923s] Level 1:colcon.colcon_core.package_identification:_identify(log) by extension 'ignore'
[0.923s] Level 1:colcon.colcon_core.package_identification:_identify(log) ignored
[0.924s] Level 1:colcon.colcon_core.package_identification:_identify(src) by extensions ['ignore', 'ignore_ament_install']
[0.924s] Level 1:colcon.colcon_core.package_identification:_identify(src) by extension 'ignore'
[0.925s] Level 1:colcon.colcon_core.package_identification:_identify(src) by extension 'ignore_ament_install'
[0.925s] Level 1:colcon.colcon_core.package_identification:_identify(src) by extensions ['colcon_pkg']
[0.925s] Level 1:colcon.colcon_core.package_identification:_identify(src) by extension 'colcon_pkg'
[0.926s] Level 1:colcon.colcon_core.package_identification:_identify(src) by extensions ['colcon_meta']
[0.926s] Level 1:colcon.colcon_core.package_identification:_identify(src) by extension 'colcon_meta'
[0.926s] Level 1:colcon.colcon_core.package_identification:_identify(src) by extensions ['ros']
[0.926s] Level 1:colcon.colcon_core.package_identification:_identify(src) by extension 'ros'
[0.927s] Level 1:colcon.colcon_core.package_identification:_identify(src) by extensions ['cmake', 'python']
[0.927s] Level 1:colcon.colcon_core.package_identification:_identify(src) by extension 'cmake'
[0.927s] Level 1:colcon.colcon_core.package_identification:_identify(src) by extension 'python'
[0.928s] Level 1:colcon.colcon_core.package_identification:_identify(src) by extensions ['python_setup_py']
[0.928s] Level 1:colcon.colcon_core.package_identification:_identify(src) by extension 'python_setup_py'
[0.929s] Level 1:colcon.colcon_core.package_identification:_identify(src/darknet_ros) by extensions ['ignore', 'ignore_ament_install']
[0.929s] Level 1:colcon.colcon_core.package_identification:_identify(src/darknet_ros) by extension 'ignore'
[0.929s] Level 1:colcon.colcon_core.package_identification:_identify(src/darknet_ros) by extension 'ignore_ament_install'
[0.930s] Level 1:colcon.colcon_core.package_identification:_identify(src/darknet_ros) by extensions ['colcon_pkg']
[0.930s] Level 1:colcon.colcon_core.package_identification:_identify(src/darknet_ros) by extension 'colcon_pkg'
[0.930s] Level 1:colcon.colcon_core.package_identification:_identify(src/darknet_ros) by extensions ['colcon_meta']
[0.931s] Level 1:colcon.colcon_core.package_identification:_identify(src/darknet_ros) by extension 'colcon_meta'
[0.931s] Level 1:colcon.colcon_core.package_identification:_identify(src/darknet_ros) by extensions ['ros']
[0.931s] Level 1:colcon.colcon_core.package_identification:_identify(src/darknet_ros) by extension 'ros'
[0.932s] Level 1:colcon.colcon_core.package_identification:_identify(src/darknet_ros) by extensions ['cmake', 'python']
[0.932s] Level 1:colcon.colcon_core.package_identification:_identify(src/darknet_ros) by extension 'cmake'
[0.932s] Level 1:colcon.colcon_core.package_identification:_identify(src/darknet_ros) by extension 'python'
[0.932s] Level 1:colcon.colcon_core.package_identification:_identify(src/darknet_ros) by extensions ['python_setup_py']
[0.933s] Level 1:colcon.colcon_core.package_identification:_identify(src/darknet_ros) by extension 'python_setup_py'
[0.933s] Level 1:colcon.colcon_core.package_identification:_identify(src/darknet_ros/build) by extensions ['ignore', 'ignore_ament_install']
[0.934s] Level 1:colcon.colcon_core.package_identification:_identify(src/darknet_ros/build) by extension 'ignore'
[0.934s] Level 1:colcon.colcon_core.package_identification:_identify(src/darknet_ros/build) ignored
[0.935s] Level 1:colcon.colcon_core.package_identification:_identify(src/darknet_ros/darknet) by extensions ['ignore', 'ignore_ament_install']
[0.935s] Level 1:colcon.colcon_core.package_identification:_identify(src/darknet_ros/darknet) by extension 'ignore'
[0.936s] Level 1:colcon.colcon_core.package_identification:_identify(src/darknet_ros/darknet) by extension 'ignore_ament_install'
[0.936s] Level 1:colcon.colcon_core.package_identification:_identify(src/darknet_ros/darknet) by extensions ['colcon_pkg']
[0.936s] Level 1:colcon.colcon_core.package_identification:_identify(src/darknet_ros/darknet) by extension 'colcon_pkg'
[0.936s] Level 1:colcon.colcon_core.package_identification:_identify(src/darknet_ros/darknet) by extensions ['colcon_meta']
[0.937s] Level 1:colcon.colcon_core.package_identification:_identify(src/darknet_ros/darknet) by extension 'colcon_meta'
[0.937s] Level 1:colcon.colcon_core.package_identification:_identify(src/darknet_ros/darknet) by extensions ['ros']
[0.937s] Level 1:colcon.colcon_core.package_identification:_identify(src/darknet_ros/darknet) by extension 'ros'
[0.938s] Level 1:colcon.colcon_core.package_identification:_identify(src/darknet_ros/darknet) by extensions ['cmake', 'python']
[0.938s] Level 1:colcon.colcon_core.package_identification:_identify(src/darknet_ros/darknet) by extension 'cmake'
[0.982s] Level 1:colcon.colcon_core.package_identification:_identify(src/darknet_ros/darknet) by extension 'python'
[0.983s] DEBUG:colcon.colcon_core.package_identification:Package 'src/darknet_ros/darknet' with type 'cmake' and name 'Darknet'
[0.984s] Level 1:colcon.colcon_core.package_identification:_identify(src/darknet_ros/darknet_ros) by extensions ['ignore', 'ignore_ament_install']
[0.984s] Level 1:colcon.colcon_core.package_identification:_identify(src/darknet_ros/darknet_ros) by extension 'ignore'
[0.985s] Level 1:colcon.colcon_core.package_identification:_identify(src/darknet_ros/darknet_ros) by extension 'ignore_ament_install'
[0.985s] Level 1:colcon.colcon_core.package_identification:_identify(src/darknet_ros/darknet_ros) by extensions ['colcon_pkg']
[0.985s] Level 1:colcon.colcon_core.package_identification:_identify(src/darknet_ros/darknet_ros) by extension 'colcon_pkg'
[0.986s] Level 1:colcon.colcon_core.package_identification:_identify(src/darknet_ros/darknet_ros) by extensions ['colcon_meta']
[0.986s] Level 1:colcon.colcon_core.package_identification:_identify(src/darknet_ros/darknet_ros) by extension 'colcon_meta'
[0.986s] Level 1:colcon.colcon_core.package_identification:_identify(src/darknet_ros/darknet_ros) by extensions ['ros']
[0.986s] Level 1:colcon.colcon_core.package_identification:_identify(src/darknet_ros/darknet_ros) by extension 'ros'
[1.006s] DEBUG:colcon.colcon_core.package_identification:Package 'src/darknet_ros/darknet_ros' with type 'ros.ament_cmake' and name 'darknet_ros'
[1.007s] Level 1:colcon.colcon_core.package_identification:_identify(src/darknet_ros/darknet_ros_msgs) by extensions ['ignore', 'ignore_ament_install']
[1.008s] Level 1:colcon.colcon_core.package_identification:_identify(src/darknet_ros/darknet_ros_msgs) by extension 'ignore'
[1.009s] Level 1:colcon.colcon_core.package_identification:_identify(src/darknet_ros/darknet_ros_msgs) by extension 'ignore_ament_install'
[1.009s] Level 1:colcon.colcon_core.package_identification:_identify(src/darknet_ros/darknet_ros_msgs) by extensions ['colcon_pkg']
[1.009s] Level 1:colcon.colcon_core.package_identification:_identify(src/darknet_ros/darknet_ros_msgs) by extension 'colcon_pkg'
[1.010s] Level 1:colcon.colcon_core.package_identification:_identify(src/darknet_ros/darknet_ros_msgs) by extensions ['colcon_meta']
[1.010s] Level 1:colcon.colcon_core.package_identification:_identify(src/darknet_ros/darknet_ros_msgs) by extension 'colcon_meta'
[1.010s] Level 1:colcon.colcon_core.package_identification:_identify(src/darknet_ros/darknet_ros_msgs) by extensions ['ros']
[1.010s] Level 1:colcon.colcon_core.package_identification:_identify(src/darknet_ros/darknet_ros_msgs) by extension 'ros'
[1.017s] DEBUG:colcon.colcon_core.package_identification:Package 'src/darknet_ros/darknet_ros_msgs' with type 'ros.ament_cmake' and name 'darknet_ros_msgs'
[1.018s] Level 1:colcon.colcon_core.package_identification:_identify(src/darknet_ros/install) by extensions ['ignore', 'ignore_ament_install']
[1.018s] Level 1:colcon.colcon_core.package_identification:_identify(src/darknet_ros/install) by extension 'ignore'
[1.019s] Level 1:colcon.colcon_core.package_identification:_identify(src/darknet_ros/install) ignored
[1.019s] Level 1:colcon.colcon_core.package_identification:_identify(src/darknet_ros/log) by extensions ['ignore', 'ignore_ament_install']
[1.020s] Level 1:colcon.colcon_core.package_identification:_identify(src/darknet_ros/log) by extension 'ignore'
[1.020s] Level 1:colcon.colcon_core.package_identification:_identify(src/darknet_ros/log) ignored
[1.021s] Level 1:colcon.colcon_core.package_identification:_identify(src/ros2_intel_realsense) by extensions ['ignore', 'ignore_ament_install']
[1.021s] Level 1:colcon.colcon_core.package_identification:_identify(src/ros2_intel_realsense) by extension 'ignore'
[1.021s] Level 1:colcon.colcon_core.package_identification:_identify(src/ros2_intel_realsense) by extension 'ignore_ament_install'
[1.022s] Level 1:colcon.colcon_core.package_identification:_identify(src/ros2_intel_realsense) by extensions ['colcon_pkg']
[1.022s] Level 1:colcon.colcon_core.package_identification:_identify(src/ros2_intel_realsense) by extension 'colcon_pkg'
[1.022s] Level 1:colcon.colcon_core.package_identification:_identify(src/ros2_intel_realsense) by extensions ['colcon_meta']
[1.023s] Level 1:colcon.colcon_core.package_identification:_identify(src/ros2_intel_realsense) by extension 'colcon_meta'
[1.023s] Level 1:colcon.colcon_core.package_identification:_identify(src/ros2_intel_realsense) by extensions ['ros']
[1.023s] Level 1:colcon.colcon_core.package_identification:_identify(src/ros2_intel_realsense) by extension 'ros'
[1.024s] Level 1:colcon.colcon_core.package_identification:_identify(src/ros2_intel_realsense) by extensions ['cmake', 'python']
[1.024s] Level 1:colcon.colcon_core.package_identification:_identify(src/ros2_intel_realsense) by extension 'cmake'
[1.024s] Level 1:colcon.colcon_core.package_identification:_identify(src/ros2_intel_realsense) by extension 'python'
[1.024s] Level 1:colcon.colcon_core.package_identification:_identify(src/ros2_intel_realsense) by extensions ['python_setup_py']
[1.025s] Level 1:colcon.colcon_core.package_identification:_identify(src/ros2_intel_realsense) by extension 'python_setup_py'
[1.025s] Level 1:colcon.colcon_core.package_identification:_identify(src/ros2_intel_realsense/realsense_camera_msgs) by extensions ['ignore', 'ignore_ament_install']
[1.026s] Level 1:colcon.colcon_core.package_identification:_identify(src/ros2_intel_realsense/realsense_camera_msgs) by extension 'ignore'
[1.026s] Level 1:colcon.colcon_core.package_identification:_identify(src/ros2_intel_realsense/realsense_camera_msgs) by extension 'ignore_ament_install'
[1.027s] Level 1:colcon.colcon_core.package_identification:_identify(src/ros2_intel_realsense/realsense_camera_msgs) by extensions ['colcon_pkg']
[1.027s] Level 1:colcon.colcon_core.package_identification:_identify(src/ros2_intel_realsense/realsense_camera_msgs) by extension 'colcon_pkg'
[1.027s] Level 1:colcon.colcon_core.package_identification:_identify(src/ros2_intel_realsense/realsense_camera_msgs) by extensions ['colcon_meta']
[1.027s] Level 1:colcon.colcon_core.package_identification:_identify(src/ros2_intel_realsense/realsense_camera_msgs) by extension 'colcon_meta'
[1.028s] Level 1:colcon.colcon_core.package_identification:_identify(src/ros2_intel_realsense/realsense_camera_msgs) by extensions ['ros']
[1.028s] Level 1:colcon.colcon_core.package_identification:_identify(src/ros2_intel_realsense/realsense_camera_msgs) by extension 'ros'
[1.037s] DEBUG:colcon.colcon_core.package_identification:Package 'src/ros2_intel_realsense/realsense_camera_msgs' with type 'ros.ament_cmake' and name 'realsense_camera_msgs'
[1.038s] Level 1:colcon.colcon_core.package_identification:_identify(src/ros2_intel_realsense/realsense_ros2_camera) by extensions ['ignore', 'ignore_ament_install']
[1.039s] Level 1:colcon.colcon_core.package_identification:_identify(src/ros2_intel_realsense/realsense_ros2_camera) by extension 'ignore'
[1.039s] Level 1:colcon.colcon_core.package_identification:_identify(src/ros2_intel_realsense/realsense_ros2_camera) by extension 'ignore_ament_install'
[1.040s] Level 1:colcon.colcon_core.package_identification:_identify(src/ros2_intel_realsense/realsense_ros2_camera) by extensions ['colcon_pkg']
[1.040s] Level 1:colcon.colcon_core.package_identification:_identify(src/ros2_intel_realsense/realsense_ros2_camera) by extension 'colcon_pkg'
[1.041s] Level 1:colcon.colcon_core.package_identification:_identify(src/ros2_intel_realsense/realsense_ros2_camera) by extensions ['colcon_meta']
[1.041s] Level 1:colcon.colcon_core.package_identification:_identify(src/ros2_intel_realsense/realsense_ros2_camera) by extension 'colcon_meta'
[1.041s] Level 1:colcon.colcon_core.package_identification:_identify(src/ros2_intel_realsense/realsense_ros2_camera) by extensions ['ros']
[1.041s] Level 1:colcon.colcon_core.package_identification:_identify(src/ros2_intel_realsense/realsense_ros2_camera) by extension 'ros'
[1.051s] DEBUG:colcon.colcon_core.package_identification:Package 'src/ros2_intel_realsense/realsense_ros2_camera' with type 'ros.ament_cmake' and name 'realsense_ros2_camera'
[1.051s] Level 1:colcon.colcon_core.package_discovery:discover_packages(recursive) using defaults
[1.053s] Level 1:colcon.colcon_core.package_discovery:discover_packages(ignore) discover
[1.053s] Level 1:colcon.colcon_core.package_discovery:discover_packages(ignore) using defaults
[1.053s] Level 1:colcon.colcon_core.package_discovery:discover_packages(path) discover
[1.053s] Level 1:colcon.colcon_core.package_discovery:discover_packages(path) using defaults
[1.257s] Level 1:colcon.colcon_core.package_discovery:discover_packages(prefix_path) check parameters
[1.258s] Level 1:colcon.colcon_core.package_discovery:discover_packages(prefix_path) discover
[1.273s] DEBUG:colcon.colcon_installed_package_information.package_discovery:Found 5 installed packages in /home/hansol/ros2_ws/install
[1.280s] DEBUG:colcon.colcon_installed_package_information.package_discovery:Found 170 installed packages in /opt/ros/dashing
[1.295s] Level 1:colcon.colcon_core.package_discovery:discover_packages(prefix_path) using defaults
[1.610s] Level 5:colcon.colcon_core.verb:set package 'Darknet' build argument 'cmake_args' from command line to 'None'
[1.611s] Level 5:colcon.colcon_core.verb:set package 'Darknet' build argument 'cmake_target' from command line to 'None'
[1.611s] Level 5:colcon.colcon_core.verb:set package 'Darknet' build argument 'cmake_target_skip_unavailable' from command line to 'False'
[1.611s] Level 5:colcon.colcon_core.verb:set package 'Darknet' build argument 'cmake_clean_cache' from command line to 'False'
[1.611s] Level 5:colcon.colcon_core.verb:set package 'Darknet' build argument 'cmake_clean_first' from command line to 'False'
[1.612s] Level 5:colcon.colcon_core.verb:set package 'Darknet' build argument 'cmake_force_configure' from command line to 'False'
[1.612s] Level 5:colcon.colcon_core.verb:set package 'Darknet' build argument 'ament_cmake_args' from command line to 'None'
[1.612s] Level 5:colcon.colcon_core.verb:set package 'Darknet' build argument 'catkin_cmake_args' from command line to 'None'
[1.612s] Level 5:colcon.colcon_core.verb:set package 'Darknet' build argument 'catkin_skip_building_tests' from command line to 'False'
[1.612s] DEBUG:colcon.colcon_core.verb:Building package 'Darknet' with the following arguments: {'ament_cmake_args': None, 'build_base': '/home/hansol/ros2_ws/build/Darknet', 'catkin_cmake_args': None, 'catkin_skip_building_tests': False, 'cmake_args': None, 'cmake_clean_cache': False, 'cmake_clean_first': False, 'cmake_force_configure': False, 'cmake_target': None, 'cmake_target_skip_unavailable': False, 'install_base': '/home/hansol/ros2_ws/install/Darknet', 'merge_install': False, 'path': '/home/hansol/ros2_ws/src/darknet_ros/darknet', 'symlink_install': True, 'test_result_base': None}
[1.616s] Level 5:colcon.colcon_core.verb:set package 'darknet_ros_msgs' build argument 'cmake_args' from command line to 'None'
[1.616s] Level 5:colcon.colcon_core.verb:set package 'darknet_ros_msgs' build argument 'cmake_target' from command line to 'None'
[1.616s] Level 5:colcon.colcon_core.verb:set package 'darknet_ros_msgs' build argument 'cmake_target_skip_unavailable' from command line to 'False'
[1.617s] Level 5:colcon.colcon_core.verb:set package 'darknet_ros_msgs' build argument 'cmake_clean_cache' from command line to 'False'
[1.617s] Level 5:colcon.colcon_core.verb:set package 'darknet_ros_msgs' build argument 'cmake_clean_first' from command line to 'False'
[1.617s] Level 5:colcon.colcon_core.verb:set package 'darknet_ros_msgs' build argument 'cmake_force_configure' from command line to 'False'
[1.617s] Level 5:colcon.colcon_core.verb:set package 'darknet_ros_msgs' build argument 'ament_cmake_args' from command line to 'None'
[1.617s] Level 5:colcon.colcon_core.verb:set package 'darknet_ros_msgs' build argument 'catkin_cmake_args' from command line to 'None'
[1.618s] Level 5:colcon.colcon_core.verb:set package 'darknet_ros_msgs' build argument 'catkin_skip_building_tests' from command line to 'False'
[1.618s] DEBUG:colcon.colcon_core.verb:Building package 'darknet_ros_msgs' with the following arguments: {'ament_cmake_args': None, 'build_base': '/home/hansol/ros2_ws/build/darknet_ros_msgs', 'catkin_cmake_args': None, 'catkin_skip_building_tests': False, 'cmake_args': None, 'cmake_clean_cache': False, 'cmake_clean_first': False, 'cmake_force_configure': False, 'cmake_target': None, 'cmake_target_skip_unavailable': False, 'install_base': '/home/hansol/ros2_ws/install/darknet_ros_msgs', 'merge_install': False, 'path': '/home/hansol/ros2_ws/src/darknet_ros/darknet_ros_msgs', 'symlink_install': True, 'test_result_base': None}
[1.621s] Level 5:colcon.colcon_core.verb:set package 'realsense_camera_msgs' build argument 'cmake_args' from command line to 'None'
[1.621s] Level 5:colcon.colcon_core.verb:set package 'realsense_camera_msgs' build argument 'cmake_target' from command line to 'None'
[1.621s] Level 5:colcon.colcon_core.verb:set package 'realsense_camera_msgs' build argument 'cmake_target_skip_unavailable' from command line to 'False'
[1.622s] Level 5:colcon.colcon_core.verb:set package 'realsense_camera_msgs' build argument 'cmake_clean_cache' from command line to 'False'
[1.622s] Level 5:colcon.colcon_core.verb:set package 'realsense_camera_msgs' build argument 'cmake_clean_first' from command line to 'False'
[1.622s] Level 5:colcon.colcon_core.verb:set package 'realsense_camera_msgs' build argument 'cmake_force_configure' from command line to 'False'
[1.622s] Level 5:colcon.colcon_core.verb:set package 'realsense_camera_msgs' build argument 'ament_cmake_args' from command line to 'None'
[1.622s] Level 5:colcon.colcon_core.verb:set package 'realsense_camera_msgs' build argument 'catkin_cmake_args' from command line to 'None'
[1.622s] Level 5:colcon.colcon_core.verb:set package 'realsense_camera_msgs' build argument 'catkin_skip_building_tests' from command line to 'False'
[1.623s] DEBUG:colcon.colcon_core.verb:Building package 'realsense_camera_msgs' with the following arguments: {'ament_cmake_args': None, 'build_base': '/home/hansol/ros2_ws/build/realsense_camera_msgs', 'catkin_cmake_args': None, 'catkin_skip_building_tests': False, 'cmake_args': None, 'cmake_clean_cache': False, 'cmake_clean_first': False, 'cmake_force_configure': False, 'cmake_target': None, 'cmake_target_skip_unavailable': False, 'install_base': '/home/hansol/ros2_ws/install/realsense_camera_msgs', 'merge_install': False, 'path': '/home/hansol/ros2_ws/src/ros2_intel_realsense/realsense_camera_msgs', 'symlink_install': True, 'test_result_base': None}
[1.626s] Level 5:colcon.colcon_core.verb:set package 'darknet_ros' build argument 'cmake_args' from command line to 'None'
[1.626s] Level 5:colcon.colcon_core.verb:set package 'darknet_ros' build argument 'cmake_target' from command line to 'None'
[1.626s] Level 5:colcon.colcon_core.verb:set package 'darknet_ros' build argument 'cmake_target_skip_unavailable' from command line to 'False'
[1.626s] Level 5:colcon.colcon_core.verb:set package 'darknet_ros' build argument 'cmake_clean_cache' from command line to 'False'
[1.626s] Level 5:colcon.colcon_core.verb:set package 'darknet_ros' build argument 'cmake_clean_first' from command line to 'False'
[1.627s] Level 5:colcon.colcon_core.verb:set package 'darknet_ros' build argument 'cmake_force_configure' from command line to 'False'
[1.627s] Level 5:colcon.colcon_core.verb:set package 'darknet_ros' build argument 'ament_cmake_args' from command line to 'None'
[1.627s] Level 5:colcon.colcon_core.verb:set package 'darknet_ros' build argument 'catkin_cmake_args' from command line to 'None'
[1.627s] Level 5:colcon.colcon_core.verb:set package 'darknet_ros' build argument 'catkin_skip_building_tests' from command line to 'False'
[1.627s] DEBUG:colcon.colcon_core.verb:Building package 'darknet_ros' with the following arguments: {'ament_cmake_args': None, 'build_base': '/home/hansol/ros2_ws/build/darknet_ros', 'catkin_cmake_args': None, 'catkin_skip_building_tests': False, 'cmake_args': None, 'cmake_clean_cache': False, 'cmake_clean_first': False, 'cmake_force_configure': False, 'cmake_target': None, 'cmake_target_skip_unavailable': False, 'install_base': '/home/hansol/ros2_ws/install/darknet_ros', 'merge_install': False, 'path': '/home/hansol/ros2_ws/src/darknet_ros/darknet_ros', 'symlink_install': True, 'test_result_base': None}
[1.630s] Level 5:colcon.colcon_core.verb:set package 'realsense_ros2_camera' build argument 'cmake_args' from command line to 'None'
[1.631s] Level 5:colcon.colcon_core.verb:set package 'realsense_ros2_camera' build argument 'cmake_target' from command line to 'None'
[1.631s] Level 5:colcon.colcon_core.verb:set package 'realsense_ros2_camera' build argument 'cmake_target_skip_unavailable' from command line to 'False'
[1.631s] Level 5:colcon.colcon_core.verb:set package 'realsense_ros2_camera' build argument 'cmake_clean_cache' from command line to 'False'
[1.631s] Level 5:colcon.colcon_core.verb:set package 'realsense_ros2_camera' build argument 'cmake_clean_first' from command line to 'False'
[1.631s] Level 5:colcon.colcon_core.verb:set package 'realsense_ros2_camera' build argument 'cmake_force_configure' from command line to 'False'
[1.632s] Level 5:colcon.colcon_core.verb:set package 'realsense_ros2_camera' build argument 'ament_cmake_args' from command line to 'None'
[1.632s] Level 5:colcon.colcon_core.verb:set package 'realsense_ros2_camera' build argument 'catkin_cmake_args' from command line to 'None'
[1.632s] Level 5:colcon.colcon_core.verb:set package 'realsense_ros2_camera' build argument 'catkin_skip_building_tests' from command line to 'False'
[1.632s] DEBUG:colcon.colcon_core.verb:Building package 'realsense_ros2_camera' with the following arguments: {'ament_cmake_args': None, 'build_base': '/home/hansol/ros2_ws/build/realsense_ros2_camera', 'catkin_cmake_args': None, 'catkin_skip_building_tests': False, 'cmake_args': None, 'cmake_clean_cache': False, 'cmake_clean_first': False, 'cmake_force_configure': False, 'cmake_target': None, 'cmake_target_skip_unavailable': False, 'install_base': '/home/hansol/ros2_ws/install/realsense_ros2_camera', 'merge_install': False, 'path': '/home/hansol/ros2_ws/src/ros2_intel_realsense/realsense_ros2_camera', 'symlink_install': True, 'test_result_base': None}
[1.633s] INFO:colcon.colcon_core.executor:Executing jobs using 'parallel' executor
[1.641s] DEBUG:colcon.colcon_parallel_executor.executor.parallel:run_until_complete
[1.643s] INFO:colcon.colcon_ros.task.ament_cmake.build:Building ROS package in '/home/hansol/ros2_ws/src/darknet_ros/darknet_ros_msgs' with build type 'ament_cmake'
[1.644s] INFO:colcon.colcon_cmake.task.cmake.build:Building CMake package in '/home/hansol/ros2_ws/src/darknet_ros/darknet_ros_msgs'
[1.657s] INFO:colcon.colcon_core.plugin_system:Skipping extension 'colcon_core.shell.bat': Not used on non-Windows systems
[1.661s] INFO:colcon.colcon_core.shell:Skip shell extension 'powershell' for command environment: Not usable outside of PowerShell
[1.661s] DEBUG:colcon.colcon_core.shell:Skip shell extension 'dsv' for command environment
[1.692s] INFO:colcon.colcon_ros.task.ament_cmake.build:Building ROS package in '/home/hansol/ros2_ws/src/ros2_intel_realsense/realsense_camera_msgs' with build type 'ament_cmake'
[1.694s] INFO:colcon.colcon_cmake.task.cmake.build:Building CMake package in '/home/hansol/ros2_ws/src/ros2_intel_realsense/realsense_camera_msgs'
[1.698s] INFO:colcon.colcon_core.shell:Skip shell extension 'powershell' for command environment: Not usable outside of PowerShell
[1.699s] DEBUG:colcon.colcon_core.shell:Skip shell extension 'dsv' for command environment
[1.732s] INFO:colcon.colcon_cmake.task.cmake.build:Building CMake package in '/home/hansol/ros2_ws/src/darknet_ros/darknet'
[1.737s] INFO:colcon.colcon_core.shell:Skip shell extension 'powershell' for command environment: Not usable outside of PowerShell
[1.738s] DEBUG:colcon.colcon_core.shell:Skip shell extension 'dsv' for command environment
[1.800s] DEBUG:colcon.colcon_core.event_handler.log_command:Invoking command in '/home/hansol/ros2_ws/build/darknet_ros_msgs': CMAKE_PREFIX_PATH=${CMAKE_PREFIX_PATH}:/opt/ros/dashing /usr/local/bin/cmake --build /home/hansol/ros2_ws/build/darknet_ros_msgs -- -j4 -l4
[1.843s] DEBUG:colcon.colcon_core.event_handler.log_command:Invoking command in '/home/hansol/ros2_ws/build/realsense_camera_msgs': CMAKE_PREFIX_PATH=${CMAKE_PREFIX_PATH}:/opt/ros/dashing /usr/local/bin/cmake --build /home/hansol/ros2_ws/build/realsense_camera_msgs -- -j4 -l4
[1.883s] DEBUG:colcon.colcon_core.event_handler.log_command:Invoking command in '/home/hansol/ros2_ws/build/Darknet': /usr/local/bin/cmake --build /home/hansol/ros2_ws/build/Darknet -- -j4 -l4
[2.475s] DEBUG:colcon.colcon_core.event_handler.log_command:Invoked command in '/home/hansol/ros2_ws/build/Darknet' returned '0': /usr/local/bin/cmake --build /home/hansol/ros2_ws/build/Darknet -- -j4 -l4
[2.627s] DEBUG:colcon.colcon_core.event_handler.log_command:Invoked command in '/home/hansol/ros2_ws/build/darknet_ros_msgs' returned '0': CMAKE_PREFIX_PATH=${CMAKE_PREFIX_PATH}:/opt/ros/dashing /usr/local/bin/cmake --build /home/hansol/ros2_ws/build/darknet_ros_msgs -- -j4 -l4
[2.664s] DEBUG:colcon.colcon_core.event_handler.log_command:Invoked command in '/home/hansol/ros2_ws/build/realsense_camera_msgs' returned '0': CMAKE_PREFIX_PATH=${CMAKE_PREFIX_PATH}:/opt/ros/dashing /usr/local/bin/cmake --build /home/hansol/ros2_ws/build/realsense_camera_msgs -- -j4 -l4
[3.030s] DEBUG:colcon.colcon_core.event_handler.log_command:Invoking command in '/home/hansol/ros2_ws/build/realsense_camera_msgs': CMAKE_PREFIX_PATH=${CMAKE_PREFIX_PATH}:/opt/ros/dashing /usr/local/bin/cmake --install /home/hansol/ros2_ws/build/realsense_camera_msgs
[3.206s] DEBUG:colcon.colcon_core.event_handler.log_command:Invoking command in '/home/hansol/ros2_ws/build/darknet_ros_msgs': CMAKE_PREFIX_PATH=${CMAKE_PREFIX_PATH}:/opt/ros/dashing /usr/local/bin/cmake --install /home/hansol/ros2_ws/build/darknet_ros_msgs
[3.409s] Level 1:colcon.colcon_core.environment:create_environment_scripts_only(realsense_camera_msgs)
[3.415s] DEBUG:colcon.colcon_core.event_handler.log_command:Invoked command in '/home/hansol/ros2_ws/build/realsense_camera_msgs' returned '0': CMAKE_PREFIX_PATH=${CMAKE_PREFIX_PATH}:/opt/ros/dashing /usr/local/bin/cmake --install /home/hansol/ros2_ws/build/realsense_camera_msgs
[3.431s] Level 1:colcon.colcon_core.environment:checking '/home/hansol/ros2_ws/install/realsense_camera_msgs' for CMake module files
[3.437s] Level 1:colcon.colcon_core.environment:checking '/home/hansol/ros2_ws/install/realsense_camera_msgs' for CMake config files
[3.439s] Level 1:colcon.colcon_core.shell:create_environment_hook('realsense_camera_msgs', 'cmake_prefix_path')
[3.442s] INFO:colcon.colcon_core.shell:Creating environment hook '/home/hansol/ros2_ws/install/realsense_camera_msgs/share/realsense_camera_msgs/hook/cmake_prefix_path.ps1'
[3.448s] INFO:colcon.colcon_core.shell:Creating environment descriptor '/home/hansol/ros2_ws/install/realsense_camera_msgs/share/realsense_camera_msgs/hook/cmake_prefix_path.dsv'
[3.452s] INFO:colcon.colcon_core.shell:Creating environment hook '/home/hansol/ros2_ws/install/realsense_camera_msgs/share/realsense_camera_msgs/hook/cmake_prefix_path.sh'
[3.461s] Level 1:colcon.colcon_core.environment:checking '/home/hansol/ros2_ws/install/realsense_camera_msgs/lib'
[3.463s] Level 1:colcon.colcon_core.shell:create_environment_hook('realsense_camera_msgs', 'ld_library_path_lib')
[3.466s] INFO:colcon.colcon_core.shell:Creating environment hook '/home/hansol/ros2_ws/install/realsense_camera_msgs/share/realsense_camera_msgs/hook/ld_library_path_lib.ps1'
[3.470s] INFO:colcon.colcon_core.shell:Creating environment descriptor '/home/hansol/ros2_ws/install/realsense_camera_msgs/share/realsense_camera_msgs/hook/ld_library_path_lib.dsv'
[3.473s] INFO:colcon.colcon_core.shell:Creating environment hook '/home/hansol/ros2_ws/install/realsense_camera_msgs/share/realsense_camera_msgs/hook/ld_library_path_lib.sh'
[3.476s] Level 1:colcon.colcon_core.environment:checking '/home/hansol/ros2_ws/install/realsense_camera_msgs/bin'
[3.477s] Level 1:colcon.colcon_core.environment:checking '/home/hansol/ros2_ws/install/realsense_camera_msgs/lib/pkgconfig/realsense_camera_msgs.pc'
[3.479s] Level 1:colcon.colcon_core.environment:checking '/home/hansol/ros2_ws/install/realsense_camera_msgs/lib/python3.6/site-packages'
[3.479s] Level 1:colcon.colcon_core.shell:create_environment_hook('realsense_camera_msgs', 'pythonpath')
[3.482s] INFO:colcon.colcon_core.shell:Creating environment hook '/home/hansol/ros2_ws/install/realsense_camera_msgs/share/realsense_camera_msgs/hook/pythonpath.ps1'
[3.485s] INFO:colcon.colcon_core.shell:Creating environment descriptor '/home/hansol/ros2_ws/install/realsense_camera_msgs/share/realsense_camera_msgs/hook/pythonpath.dsv'
[3.488s] INFO:colcon.colcon_core.shell:Creating environment hook '/home/hansol/ros2_ws/install/realsense_camera_msgs/share/realsense_camera_msgs/hook/pythonpath.sh'
[3.492s] Level 1:colcon.colcon_core.environment:checking '/home/hansol/ros2_ws/install/realsense_camera_msgs/bin'
[3.496s] INFO:colcon.colcon_core.shell:Creating package script '/home/hansol/ros2_ws/install/realsense_camera_msgs/share/realsense_camera_msgs/package.ps1'
[3.505s] INFO:colcon.colcon_core.shell:Creating package descriptor '/home/hansol/ros2_ws/install/realsense_camera_msgs/share/realsense_camera_msgs/package.dsv'
[3.511s] INFO:colcon.colcon_core.shell:Creating package script '/home/hansol/ros2_ws/install/realsense_camera_msgs/share/realsense_camera_msgs/package.sh'
[3.519s] INFO:colcon.colcon_core.shell:Creating package script '/home/hansol/ros2_ws/install/realsense_camera_msgs/share/realsense_camera_msgs/package.bash'
[3.527s] INFO:colcon.colcon_core.shell:Creating package script '/home/hansol/ros2_ws/install/realsense_camera_msgs/share/realsense_camera_msgs/package.zsh'
[3.534s] Level 1:colcon.colcon_core.environment:create_file_with_runtime_dependencies(/home/hansol/ros2_ws/install/realsense_camera_msgs/share/colcon-core/packages/realsense_camera_msgs)
[3.569s] Level 1:colcon.colcon_core.environment:create_environment_scripts_only(darknet_ros_msgs)
[3.573s] Level 1:colcon.colcon_core.environment:checking '/home/hansol/ros2_ws/install/darknet_ros_msgs' for CMake module files
[3.578s] DEBUG:colcon.colcon_core.event_handler.log_command:Invoked command in '/home/hansol/ros2_ws/build/darknet_ros_msgs' returned '0': CMAKE_PREFIX_PATH=${CMAKE_PREFIX_PATH}:/opt/ros/dashing /usr/local/bin/cmake --install /home/hansol/ros2_ws/build/darknet_ros_msgs
[3.583s] Level 1:colcon.colcon_core.environment:checking '/home/hansol/ros2_ws/install/darknet_ros_msgs' for CMake config files
[3.586s] Level 1:colcon.colcon_core.shell:create_environment_hook('darknet_ros_msgs', 'cmake_prefix_path')
[3.589s] INFO:colcon.colcon_core.shell:Creating environment hook '/home/hansol/ros2_ws/install/darknet_ros_msgs/share/darknet_ros_msgs/hook/cmake_prefix_path.ps1'
[3.594s] INFO:colcon.colcon_core.shell:Creating environment descriptor '/home/hansol/ros2_ws/install/darknet_ros_msgs/share/darknet_ros_msgs/hook/cmake_prefix_path.dsv'
[3.597s] INFO:colcon.colcon_core.shell:Creating environment hook '/home/hansol/ros2_ws/install/darknet_ros_msgs/share/darknet_ros_msgs/hook/cmake_prefix_path.sh'
[3.604s] Level 1:colcon.colcon_core.environment:checking '/home/hansol/ros2_ws/install/darknet_ros_msgs/lib'
[3.605s] Level 1:colcon.colcon_core.shell:create_environment_hook('darknet_ros_msgs', 'ld_library_path_lib')
[3.607s] INFO:colcon.colcon_core.shell:Creating environment hook '/home/hansol/ros2_ws/install/darknet_ros_msgs/share/darknet_ros_msgs/hook/ld_library_path_lib.ps1'
[3.610s] INFO:colcon.colcon_core.shell:Creating environment descriptor '/home/hansol/ros2_ws/install/darknet_ros_msgs/share/darknet_ros_msgs/hook/ld_library_path_lib.dsv'
[3.613s] INFO:colcon.colcon_core.shell:Creating environment hook '/home/hansol/ros2_ws/install/darknet_ros_msgs/share/darknet_ros_msgs/hook/ld_library_path_lib.sh'
[3.616s] Level 1:colcon.colcon_core.environment:checking '/home/hansol/ros2_ws/install/darknet_ros_msgs/bin'
[3.617s] Level 1:colcon.colcon_core.environment:checking '/home/hansol/ros2_ws/install/darknet_ros_msgs/lib/pkgconfig/darknet_ros_msgs.pc'
[3.618s] Level 1:colcon.colcon_core.environment:checking '/home/hansol/ros2_ws/install/darknet_ros_msgs/lib/python3.6/site-packages'
[3.619s] Level 1:colcon.colcon_core.shell:create_environment_hook('darknet_ros_msgs', 'pythonpath')
[3.621s] INFO:colcon.colcon_core.shell:Creating environment hook '/home/hansol/ros2_ws/install/darknet_ros_msgs/share/darknet_ros_msgs/hook/pythonpath.ps1'
[3.624s] INFO:colcon.colcon_core.shell:Creating environment descriptor '/home/hansol/ros2_ws/install/darknet_ros_msgs/share/darknet_ros_msgs/hook/pythonpath.dsv'
[3.627s] INFO:colcon.colcon_core.shell:Creating environment hook '/home/hansol/ros2_ws/install/darknet_ros_msgs/share/darknet_ros_msgs/hook/pythonpath.sh'
[3.631s] Level 1:colcon.colcon_core.environment:checking '/home/hansol/ros2_ws/install/darknet_ros_msgs/bin'
[3.634s] INFO:colcon.colcon_core.shell:Creating package script '/home/hansol/ros2_ws/install/darknet_ros_msgs/share/darknet_ros_msgs/package.ps1'
[3.638s] INFO:colcon.colcon_core.shell:Creating package descriptor '/home/hansol/ros2_ws/install/darknet_ros_msgs/share/darknet_ros_msgs/package.dsv'
[3.642s] INFO:colcon.colcon_core.shell:Creating package script '/home/hansol/ros2_ws/install/darknet_ros_msgs/share/darknet_ros_msgs/package.sh'
[3.646s] INFO:colcon.colcon_core.shell:Creating package script '/home/hansol/ros2_ws/install/darknet_ros_msgs/share/darknet_ros_msgs/package.bash'
[3.649s] INFO:colcon.colcon_core.shell:Creating package script '/home/hansol/ros2_ws/install/darknet_ros_msgs/share/darknet_ros_msgs/package.zsh'
[3.652s] Level 1:colcon.colcon_core.environment:create_file_with_runtime_dependencies(/home/hansol/ros2_ws/install/darknet_ros_msgs/share/colcon-core/packages/darknet_ros_msgs)
[3.708s] DEBUG:colcon.colcon_core.event_handler.log_command:Invoking command in '/home/hansol/ros2_ws/build/Darknet': /usr/local/bin/cmake --install /home/hansol/ros2_ws/build/Darknet
[3.754s] Level 1:colcon.colcon_core.environment:create_environment_scripts_only(Darknet)
[3.758s] Level 1:colcon.colcon_core.environment:checking '/home/hansol/ros2_ws/install/Darknet' for CMake module files
[3.767s] Level 1:colcon.colcon_core.environment:checking '/home/hansol/ros2_ws/install/Darknet' for CMake config files
[3.771s] Level 1:colcon.colcon_core.shell:create_environment_hook('Darknet', 'cmake_prefix_path')
[3.774s] INFO:colcon.colcon_core.shell:Creating environment hook '/home/hansol/ros2_ws/install/Darknet/share/Darknet/hook/cmake_prefix_path.ps1'
[3.779s] INFO:colcon.colcon_core.shell:Creating environment descriptor '/home/hansol/ros2_ws/install/Darknet/share/Darknet/hook/cmake_prefix_path.dsv'
[3.785s] INFO:colcon.colcon_core.shell:Creating environment hook '/home/hansol/ros2_ws/install/Darknet/share/Darknet/hook/cmake_prefix_path.sh'
[3.791s] DEBUG:colcon.colcon_core.event_handler.log_command:Invoked command in '/home/hansol/ros2_ws/build/Darknet' returned '0': /usr/local/bin/cmake --install /home/hansol/ros2_ws/build/Darknet
[3.795s] Level 1:colcon.colcon_core.environment:checking '/home/hansol/ros2_ws/install/Darknet/bin'
[3.796s] Level 1:colcon.colcon_core.environment:checking '/home/hansol/ros2_ws/install/Darknet/lib/pkgconfig/Darknet.pc'
[3.798s] Level 1:colcon.colcon_core.environment:checking '/home/hansol/ros2_ws/install/Darknet/lib/python3.6/site-packages'
[3.799s] Level 1:colcon.colcon_core.environment:checking '/home/hansol/ros2_ws/install/Darknet/bin'
[3.802s] INFO:colcon.colcon_core.shell:Creating package script '/home/hansol/ros2_ws/install/Darknet/share/Darknet/package.ps1'
[3.806s] INFO:colcon.colcon_core.shell:Creating package descriptor '/home/hansol/ros2_ws/install/Darknet/share/Darknet/package.dsv'
[3.809s] INFO:colcon.colcon_core.shell:Creating package script '/home/hansol/ros2_ws/install/Darknet/share/Darknet/package.sh'
[3.812s] INFO:colcon.colcon_core.shell:Creating package script '/home/hansol/ros2_ws/install/Darknet/share/Darknet/package.bash'
[3.816s] INFO:colcon.colcon_core.shell:Creating package script '/home/hansol/ros2_ws/install/Darknet/share/Darknet/package.zsh'
[3.820s] Level 1:colcon.colcon_core.environment:create_file_with_runtime_dependencies(/home/hansol/ros2_ws/install/Darknet/share/colcon-core/packages/Darknet)
[3.855s] Level 1:colcon.colcon_core.environment:create_environment_scripts_only(realsense_camera_msgs)
[3.857s] Level 1:colcon.colcon_core.environment:checking '/home/hansol/ros2_ws/install/realsense_camera_msgs' for CMake module files
[3.862s] Level 1:colcon.colcon_core.environment:checking '/home/hansol/ros2_ws/install/realsense_camera_msgs' for CMake config files
[3.864s] Level 1:colcon.colcon_core.shell:create_environment_hook('realsense_camera_msgs', 'cmake_prefix_path')
[3.867s] INFO:colcon.colcon_core.shell:Creating environment hook '/home/hansol/ros2_ws/install/realsense_camera_msgs/share/realsense_camera_msgs/hook/cmake_prefix_path.ps1'
[3.870s] INFO:colcon.colcon_core.shell:Creating environment descriptor '/home/hansol/ros2_ws/install/realsense_camera_msgs/share/realsense_camera_msgs/hook/cmake_prefix_path.dsv'
[3.872s] INFO:colcon.colcon_core.shell:Creating environment hook '/home/hansol/ros2_ws/install/realsense_camera_msgs/share/realsense_camera_msgs/hook/cmake_prefix_path.sh'
[3.878s] Level 1:colcon.colcon_core.environment:checking '/home/hansol/ros2_ws/install/realsense_camera_msgs/lib'
[3.879s] Level 1:colcon.colcon_core.shell:create_environment_hook('realsense_camera_msgs', 'ld_library_path_lib')
[3.881s] INFO:colcon.colcon_core.shell:Creating environment hook '/home/hansol/ros2_ws/install/realsense_camera_msgs/share/realsense_camera_msgs/hook/ld_library_path_lib.ps1'
[3.884s] INFO:colcon.colcon_core.shell:Creating environment descriptor '/home/hansol/ros2_ws/install/realsense_camera_msgs/share/realsense_camera_msgs/hook/ld_library_path_lib.dsv'
[3.888s] INFO:colcon.colcon_core.shell:Creating environment hook '/home/hansol/ros2_ws/install/realsense_camera_msgs/share/realsense_camera_msgs/hook/ld_library_path_lib.sh'
[3.892s] Level 1:colcon.colcon_core.environment:checking '/home/hansol/ros2_ws/install/realsense_camera_msgs/bin'
[3.892s] Level 1:colcon.colcon_core.environment:checking '/home/hansol/ros2_ws/install/realsense_camera_msgs/lib/pkgconfig/realsense_camera_msgs.pc'
[3.894s] Level 1:colcon.colcon_core.environment:checking '/home/hansol/ros2_ws/install/realsense_camera_msgs/lib/python3.6/site-packages'
[3.894s] Level 1:colcon.colcon_core.shell:create_environment_hook('realsense_camera_msgs', 'pythonpath')
[3.897s] INFO:colcon.colcon_core.shell:Creating environment hook '/home/hansol/ros2_ws/install/realsense_camera_msgs/share/realsense_camera_msgs/hook/pythonpath.ps1'
[3.900s] INFO:colcon.colcon_core.shell:Creating environment descriptor '/home/hansol/ros2_ws/install/realsense_camera_msgs/share/realsense_camera_msgs/hook/pythonpath.dsv'
[3.902s] INFO:colcon.colcon_core.shell:Creating environment hook '/home/hansol/ros2_ws/install/realsense_camera_msgs/share/realsense_camera_msgs/hook/pythonpath.sh'
[3.906s] Level 1:colcon.colcon_core.environment:checking '/home/hansol/ros2_ws/install/realsense_camera_msgs/bin'
[3.910s] INFO:colcon.colcon_core.shell:Creating package script '/home/hansol/ros2_ws/install/realsense_camera_msgs/share/realsense_camera_msgs/package.ps1'
[3.914s] INFO:colcon.colcon_core.shell:Creating package descriptor '/home/hansol/ros2_ws/install/realsense_camera_msgs/share/realsense_camera_msgs/package.dsv'
[3.918s] INFO:colcon.colcon_core.shell:Creating package script '/home/hansol/ros2_ws/install/realsense_camera_msgs/share/realsense_camera_msgs/package.sh'
[3.922s] INFO:colcon.colcon_core.shell:Creating package script '/home/hansol/ros2_ws/install/realsense_camera_msgs/share/realsense_camera_msgs/package.bash'
[3.927s] INFO:colcon.colcon_core.shell:Creating package script '/home/hansol/ros2_ws/install/realsense_camera_msgs/share/realsense_camera_msgs/package.zsh'
[3.930s] Level 1:colcon.colcon_core.environment:create_file_with_runtime_dependencies(/home/hansol/ros2_ws/install/realsense_camera_msgs/share/colcon-core/packages/realsense_camera_msgs)
[3.933s] INFO:colcon.colcon_ros.task.ament_cmake.build:Building ROS package in '/home/hansol/ros2_ws/src/ros2_intel_realsense/realsense_ros2_camera' with build type 'ament_cmake'
[3.935s] INFO:colcon.colcon_cmake.task.cmake.build:Building CMake package in '/home/hansol/ros2_ws/src/ros2_intel_realsense/realsense_ros2_camera'
[3.938s] INFO:colcon.colcon_core.shell:Skip shell extension 'powershell' for command environment: Not usable outside of PowerShell
[3.938s] DEBUG:colcon.colcon_core.shell:Skip shell extension 'dsv' for command environment
[4.042s] DEBUG:colcon.colcon_core.event_handler.log_command:Invoking command in '/home/hansol/ros2_ws/build/realsense_ros2_camera': CMAKE_PREFIX_PATH=/home/hansol/ros2_ws/install/realsense_camera_msgs:/home/hansol/ros2_ws/install/realsense_ros2_camera:/home/hansol/ros2_ws/install/darknet_ros:/home/hansol/ros2_ws/install/darknet_ros_msgs:/home/hansol/ros2_ws/install/Darknet:/opt/ros/dashing LD_LIBRARY_PATH=/home/hansol/ros2_ws/install/realsense_camera_msgs/lib:/home/hansol/ros2_ws/install/darknet_ros/lib:/home/hansol/ros2_ws/install/darknet_ros_msgs/lib:/opt/ros/dashing/lib:/usr/local/cuda-10.2/lib64 /usr/local/bin/cmake --build /home/hansol/ros2_ws/build/realsense_ros2_camera -- -j4 -l4
[4.116s] Level 1:colcon.colcon_core.environment:create_environment_scripts_only(darknet_ros_msgs)
[4.119s] Level 1:colcon.colcon_core.environment:checking '/home/hansol/ros2_ws/install/darknet_ros_msgs' for CMake module files
[4.124s] Level 1:colcon.colcon_core.environment:checking '/home/hansol/ros2_ws/install/darknet_ros_msgs' for CMake config files
[4.126s] Level 1:colcon.colcon_core.shell:create_environment_hook('darknet_ros_msgs', 'cmake_prefix_path')
[4.129s] INFO:colcon.colcon_core.shell:Creating environment hook '/home/hansol/ros2_ws/install/darknet_ros_msgs/share/darknet_ros_msgs/hook/cmake_prefix_path.ps1'
[4.132s] INFO:colcon.colcon_core.shell:Creating environment descriptor '/home/hansol/ros2_ws/install/darknet_ros_msgs/share/darknet_ros_msgs/hook/cmake_prefix_path.dsv'
[4.135s] INFO:colcon.colcon_core.shell:Creating environment hook '/home/hansol/ros2_ws/install/darknet_ros_msgs/share/darknet_ros_msgs/hook/cmake_prefix_path.sh'
[4.139s] Level 1:colcon.colcon_core.environment:checking '/home/hansol/ros2_ws/install/darknet_ros_msgs/lib'
[4.141s] Level 1:colcon.colcon_core.shell:create_environment_hook('darknet_ros_msgs', 'ld_library_path_lib')
[4.144s] INFO:colcon.colcon_core.shell:Creating environment hook '/home/hansol/ros2_ws/install/darknet_ros_msgs/share/darknet_ros_msgs/hook/ld_library_path_lib.ps1'
[4.147s] INFO:colcon.colcon_core.shell:Creating environment descriptor '/home/hansol/ros2_ws/install/darknet_ros_msgs/share/darknet_ros_msgs/hook/ld_library_path_lib.dsv'
[4.150s] INFO:colcon.colcon_core.shell:Creating environment hook '/home/hansol/ros2_ws/install/darknet_ros_msgs/share/darknet_ros_msgs/hook/ld_library_path_lib.sh'
[4.153s] Level 1:colcon.colcon_core.environment:checking '/home/hansol/ros2_ws/install/darknet_ros_msgs/bin'
[4.153s] Level 1:colcon.colcon_core.environment:checking '/home/hansol/ros2_ws/install/darknet_ros_msgs/lib/pkgconfig/darknet_ros_msgs.pc'
[4.155s] Level 1:colcon.colcon_core.environment:checking '/home/hansol/ros2_ws/install/darknet_ros_msgs/lib/python3.6/site-packages'
[4.155s] Level 1:colcon.colcon_core.shell:create_environment_hook('darknet_ros_msgs', 'pythonpath')
[4.158s] INFO:colcon.colcon_core.shell:Creating environment hook '/home/hansol/ros2_ws/install/darknet_ros_msgs/share/darknet_ros_msgs/hook/pythonpath.ps1'
[4.161s] INFO:colcon.colcon_core.shell:Creating environment descriptor '/home/hansol/ros2_ws/install/darknet_ros_msgs/share/darknet_ros_msgs/hook/pythonpath.dsv'
[4.163s] INFO:colcon.colcon_core.shell:Creating environment hook '/home/hansol/ros2_ws/install/darknet_ros_msgs/share/darknet_ros_msgs/hook/pythonpath.sh'
[4.167s] Level 1:colcon.colcon_core.environment:checking '/home/hansol/ros2_ws/install/darknet_ros_msgs/bin'
[4.170s] INFO:colcon.colcon_core.shell:Creating package script '/home/hansol/ros2_ws/install/darknet_ros_msgs/share/darknet_ros_msgs/package.ps1'
[4.174s] INFO:colcon.colcon_core.shell:Creating package descriptor '/home/hansol/ros2_ws/install/darknet_ros_msgs/share/darknet_ros_msgs/package.dsv'
[4.178s] INFO:colcon.colcon_core.shell:Creating package script '/home/hansol/ros2_ws/install/darknet_ros_msgs/share/darknet_ros_msgs/package.sh'
[4.181s] INFO:colcon.colcon_core.shell:Creating package script '/home/hansol/ros2_ws/install/darknet_ros_msgs/share/darknet_ros_msgs/package.bash'
[4.184s] INFO:colcon.colcon_core.shell:Creating package script '/home/hansol/ros2_ws/install/darknet_ros_msgs/share/darknet_ros_msgs/package.zsh'
[4.187s] Level 1:colcon.colcon_core.environment:create_file_with_runtime_dependencies(/home/hansol/ros2_ws/install/darknet_ros_msgs/share/colcon-core/packages/darknet_ros_msgs)
[4.190s] INFO:colcon.colcon_ros.task.ament_cmake.build:Building ROS package in '/home/hansol/ros2_ws/src/darknet_ros/darknet_ros' with build type 'ament_cmake'
[4.192s] INFO:colcon.colcon_cmake.task.cmake.build:Building CMake package in '/home/hansol/ros2_ws/src/darknet_ros/darknet_ros'
[4.195s] INFO:colcon.colcon_core.shell:Skip shell extension 'powershell' for command environment: Not usable outside of PowerShell
[4.196s] DEBUG:colcon.colcon_core.shell:Skip shell extension 'dsv' for command environment
[4.255s] DEBUG:colcon.colcon_core.event_handler.log_command:Invoked command in '/home/hansol/ros2_ws/build/realsense_ros2_camera' returned '0': CMAKE_PREFIX_PATH=/home/hansol/ros2_ws/install/realsense_camera_msgs:/home/hansol/ros2_ws/install/realsense_ros2_camera:/home/hansol/ros2_ws/install/darknet_ros:/home/hansol/ros2_ws/install/darknet_ros_msgs:/home/hansol/ros2_ws/install/Darknet:/opt/ros/dashing LD_LIBRARY_PATH=/home/hansol/ros2_ws/install/realsense_camera_msgs/lib:/home/hansol/ros2_ws/install/darknet_ros/lib:/home/hansol/ros2_ws/install/darknet_ros_msgs/lib:/opt/ros/dashing/lib:/usr/local/cuda-10.2/lib64 /usr/local/bin/cmake --build /home/hansol/ros2_ws/build/realsense_ros2_camera -- -j4 -l4
[4.326s] DEBUG:colcon.colcon_core.event_handler.log_command:Invoking command in '/home/hansol/ros2_ws/build/darknet_ros': CMAKE_PREFIX_PATH=/home/hansol/ros2_ws/install/darknet_ros_msgs:/home/hansol/ros2_ws/install/realsense_ros2_camera:/home/hansol/ros2_ws/install/realsense_camera_msgs:/home/hansol/ros2_ws/install/darknet_ros:/home/hansol/ros2_ws/install/Darknet:/opt/ros/dashing LD_LIBRARY_PATH=/home/hansol/ros2_ws/install/darknet_ros_msgs/lib:/home/hansol/ros2_ws/install/realsense_camera_msgs/lib:/home/hansol/ros2_ws/install/darknet_ros/lib:/opt/ros/dashing/lib:/usr/local/cuda-10.2/lib64 PYTHONPATH=/home/hansol/ros2_ws/install/darknet_ros_msgs/lib/python3.6/site-packages:/home/hansol/ros2_ws/install/realsense_camera_msgs/lib/python3.6/site-packages:/opt/ros/dashing/lib/python3.6/site-packages /usr/local/bin/cmake --build /home/hansol/ros2_ws/build/darknet_ros -- -j4 -l4
[4.390s] DEBUG:colcon.colcon_core.event_handler.log_command:Invoking command in '/home/hansol/ros2_ws/build/realsense_ros2_camera': CMAKE_PREFIX_PATH=/home/hansol/ros2_ws/install/realsense_camera_msgs:/home/hansol/ros2_ws/install/realsense_ros2_camera:/home/hansol/ros2_ws/install/darknet_ros:/home/hansol/ros2_ws/install/darknet_ros_msgs:/home/hansol/ros2_ws/install/Darknet:/opt/ros/dashing LD_LIBRARY_PATH=/home/hansol/ros2_ws/install/realsense_camera_msgs/lib:/home/hansol/ros2_ws/install/darknet_ros/lib:/home/hansol/ros2_ws/install/darknet_ros_msgs/lib:/opt/ros/dashing/lib:/usr/local/cuda-10.2/lib64 /usr/local/bin/cmake --install /home/hansol/ros2_ws/build/realsense_ros2_camera
[4.449s] Level 1:colcon.colcon_core.environment:create_environment_scripts_only(realsense_ros2_camera)
[4.452s] Level 1:colcon.colcon_core.environment:checking '/home/hansol/ros2_ws/install/realsense_ros2_camera' for CMake module files
[4.456s] DEBUG:colcon.colcon_core.event_handler.log_command:Invoked command in '/home/hansol/ros2_ws/build/realsense_ros2_camera' returned '0': CMAKE_PREFIX_PATH=/home/hansol/ros2_ws/install/realsense_camera_msgs:/home/hansol/ros2_ws/install/realsense_ros2_camera:/home/hansol/ros2_ws/install/darknet_ros:/home/hansol/ros2_ws/install/darknet_ros_msgs:/home/hansol/ros2_ws/install/Darknet:/opt/ros/dashing LD_LIBRARY_PATH=/home/hansol/ros2_ws/install/realsense_camera_msgs/lib:/home/hansol/ros2_ws/install/darknet_ros/lib:/home/hansol/ros2_ws/install/darknet_ros_msgs/lib:/opt/ros/dashing/lib:/usr/local/cuda-10.2/lib64 /usr/local/bin/cmake --install /home/hansol/ros2_ws/build/realsense_ros2_camera
[4.459s] Level 1:colcon.colcon_core.environment:checking '/home/hansol/ros2_ws/install/realsense_ros2_camera' for CMake config files
[4.461s] Level 1:colcon.colcon_core.shell:create_environment_hook('realsense_ros2_camera', 'cmake_prefix_path')
[4.463s] INFO:colcon.colcon_core.shell:Creating environment hook '/home/hansol/ros2_ws/install/realsense_ros2_camera/share/realsense_ros2_camera/hook/cmake_prefix_path.ps1'
[4.466s] INFO:colcon.colcon_core.shell:Creating environment descriptor '/home/hansol/ros2_ws/install/realsense_ros2_camera/share/realsense_ros2_camera/hook/cmake_prefix_path.dsv'
[4.468s] INFO:colcon.colcon_core.shell:Creating environment hook '/home/hansol/ros2_ws/install/realsense_ros2_camera/share/realsense_ros2_camera/hook/cmake_prefix_path.sh'
[4.473s] Level 1:colcon.colcon_core.environment:checking '/home/hansol/ros2_ws/install/realsense_ros2_camera/lib'
[4.474s] Level 1:colcon.colcon_core.environment:checking '/home/hansol/ros2_ws/install/realsense_ros2_camera/bin'
[4.475s] Level 1:colcon.colcon_core.shell:create_environment_hook('realsense_ros2_camera', 'path')
[4.477s] INFO:colcon.colcon_core.shell:Creating environment hook '/home/hansol/ros2_ws/install/realsense_ros2_camera/share/realsense_ros2_camera/hook/path.ps1'
[4.479s] INFO:colcon.colcon_core.shell:Creating environment descriptor '/home/hansol/ros2_ws/install/realsense_ros2_camera/share/realsense_ros2_camera/hook/path.dsv'
[4.481s] INFO:colcon.colcon_core.shell:Creating environment hook '/home/hansol/ros2_ws/install/realsense_ros2_camera/share/realsense_ros2_camera/hook/path.sh'
[4.484s] Level 1:colcon.colcon_core.environment:checking '/home/hansol/ros2_ws/install/realsense_ros2_camera/lib/pkgconfig/realsense_ros2_camera.pc'
[4.485s] Level 1:colcon.colcon_core.environment:checking '/home/hansol/ros2_ws/install/realsense_ros2_camera/lib/python3.6/site-packages'
[4.486s] Level 1:colcon.colcon_core.environment:checking '/home/hansol/ros2_ws/install/realsense_ros2_camera/bin'
[4.487s] Level 1:colcon.colcon_core.shell:create_environment_hook('realsense_ros2_camera', 'pythonscriptspath')
[4.489s] INFO:colcon.colcon_core.shell:Creating environment hook '/home/hansol/ros2_ws/install/realsense_ros2_camera/share/realsense_ros2_camera/hook/pythonscriptspath.ps1'
[4.491s] INFO:colcon.colcon_core.shell:Creating environment descriptor '/home/hansol/ros2_ws/install/realsense_ros2_camera/share/realsense_ros2_camera/hook/pythonscriptspath.dsv'
[4.493s] INFO:colcon.colcon_core.shell:Creating environment hook '/home/hansol/ros2_ws/install/realsense_ros2_camera/share/realsense_ros2_camera/hook/pythonscriptspath.sh'
[4.498s] INFO:colcon.colcon_core.shell:Creating package script '/home/hansol/ros2_ws/install/realsense_ros2_camera/share/realsense_ros2_camera/package.ps1'
[4.501s] INFO:colcon.colcon_core.shell:Creating package descriptor '/home/hansol/ros2_ws/install/realsense_ros2_camera/share/realsense_ros2_camera/package.dsv'
[4.506s] INFO:colcon.colcon_core.shell:Creating package script '/home/hansol/ros2_ws/install/realsense_ros2_camera/share/realsense_ros2_camera/package.sh'
[4.510s] INFO:colcon.colcon_core.shell:Creating package script '/home/hansol/ros2_ws/install/realsense_ros2_camera/share/realsense_ros2_camera/package.bash'
[4.513s] INFO:colcon.colcon_core.shell:Creating package script '/home/hansol/ros2_ws/install/realsense_ros2_camera/share/realsense_ros2_camera/package.zsh'
[4.515s] Level 1:colcon.colcon_core.environment:create_file_with_runtime_dependencies(/home/hansol/ros2_ws/install/realsense_ros2_camera/share/colcon-core/packages/realsense_ros2_camera)
[4.617s] Level 1:colcon.colcon_core.environment:create_environment_scripts_only(realsense_ros2_camera)
[4.620s] Level 1:colcon.colcon_core.environment:checking '/home/hansol/ros2_ws/install/realsense_ros2_camera' for CMake module files
[4.624s] Level 1:colcon.colcon_core.environment:checking '/home/hansol/ros2_ws/install/realsense_ros2_camera' for CMake config files
[4.626s] Level 1:colcon.colcon_core.shell:create_environment_hook('realsense_ros2_camera', 'cmake_prefix_path')
[4.628s] INFO:colcon.colcon_core.shell:Creating environment hook '/home/hansol/ros2_ws/install/realsense_ros2_camera/share/realsense_ros2_camera/hook/cmake_prefix_path.ps1'
[4.631s] INFO:colcon.colcon_core.shell:Creating environment descriptor '/home/hansol/ros2_ws/install/realsense_ros2_camera/share/realsense_ros2_camera/hook/cmake_prefix_path.dsv'
[4.633s] INFO:colcon.colcon_core.shell:Creating environment hook '/home/hansol/ros2_ws/install/realsense_ros2_camera/share/realsense_ros2_camera/hook/cmake_prefix_path.sh'
[4.637s] Level 1:colcon.colcon_core.environment:checking '/home/hansol/ros2_ws/install/realsense_ros2_camera/lib'
[4.638s] Level 1:colcon.colcon_core.environment:checking '/home/hansol/ros2_ws/install/realsense_ros2_camera/bin'
[4.638s] Level 1:colcon.colcon_core.shell:create_environment_hook('realsense_ros2_camera', 'path')
[4.641s] INFO:colcon.colcon_core.shell:Creating environment hook '/home/hansol/ros2_ws/install/realsense_ros2_camera/share/realsense_ros2_camera/hook/path.ps1'
[4.643s] INFO:colcon.colcon_core.shell:Creating environment descriptor '/home/hansol/ros2_ws/install/realsense_ros2_camera/share/realsense_ros2_camera/hook/path.dsv'
[4.645s] INFO:colcon.colcon_core.shell:Creating environment hook '/home/hansol/ros2_ws/install/realsense_ros2_camera/share/realsense_ros2_camera/hook/path.sh'
[4.648s] Level 1:colcon.colcon_core.environment:checking '/home/hansol/ros2_ws/install/realsense_ros2_camera/lib/pkgconfig/realsense_ros2_camera.pc'
[4.649s] Level 1:colcon.colcon_core.environment:checking '/home/hansol/ros2_ws/install/realsense_ros2_camera/lib/python3.6/site-packages'
[4.650s] Level 1:colcon.colcon_core.environment:checking '/home/hansol/ros2_ws/install/realsense_ros2_camera/bin'
[4.651s] Level 1:colcon.colcon_core.shell:create_environment_hook('realsense_ros2_camera', 'pythonscriptspath')
[4.653s] INFO:colcon.colcon_core.shell:Creating environment hook '/home/hansol/ros2_ws/install/realsense_ros2_camera/share/realsense_ros2_camera/hook/pythonscriptspath.ps1'
[4.655s] INFO:colcon.colcon_core.shell:Creating environment descriptor '/home/hansol/ros2_ws/install/realsense_ros2_camera/share/realsense_ros2_camera/hook/pythonscriptspath.dsv'
[4.657s] INFO:colcon.colcon_core.shell:Creating environment hook '/home/hansol/ros2_ws/install/realsense_ros2_camera/share/realsense_ros2_camera/hook/pythonscriptspath.sh'
[4.662s] INFO:colcon.colcon_core.shell:Creating package script '/home/hansol/ros2_ws/install/realsense_ros2_camera/share/realsense_ros2_camera/package.ps1'
[4.665s] INFO:colcon.colcon_core.shell:Creating package descriptor '/home/hansol/ros2_ws/install/realsense_ros2_camera/share/realsense_ros2_camera/package.dsv'
[4.669s] INFO:colcon.colcon_core.shell:Creating package script '/home/hansol/ros2_ws/install/realsense_ros2_camera/share/realsense_ros2_camera/package.sh'
[4.672s] INFO:colcon.colcon_core.shell:Creating package script '/home/hansol/ros2_ws/install/realsense_ros2_camera/share/realsense_ros2_camera/package.bash'
[4.675s] INFO:colcon.colcon_core.shell:Creating package script '/home/hansol/ros2_ws/install/realsense_ros2_camera/share/realsense_ros2_camera/package.zsh'
[4.677s] Level 1:colcon.colcon_core.environment:create_file_with_runtime_dependencies(/home/hansol/ros2_ws/install/realsense_ros2_camera/share/colcon-core/packages/realsense_ros2_camera)
[25.192s] DEBUG:colcon.colcon_core.event_handler.log_command:Invoked command in '/home/hansol/ros2_ws/build/darknet_ros' returned '2': CMAKE_PREFIX_PATH=/home/hansol/ros2_ws/install/darknet_ros_msgs:/home/hansol/ros2_ws/install/realsense_ros2_camera:/home/hansol/ros2_ws/install/realsense_camera_msgs:/home/hansol/ros2_ws/install/darknet_ros:/home/hansol/ros2_ws/install/Darknet:/opt/ros/dashing LD_LIBRARY_PATH=/home/hansol/ros2_ws/install/darknet_ros_msgs/lib:/home/hansol/ros2_ws/install/realsense_camera_msgs/lib:/home/hansol/ros2_ws/install/darknet_ros/lib:/opt/ros/dashing/lib:/usr/local/cuda-10.2/lib64 PYTHONPATH=/home/hansol/ros2_ws/install/darknet_ros_msgs/lib/python3.6/site-packages:/home/hansol/ros2_ws/install/realsense_camera_msgs/lib/python3.6/site-packages:/opt/ros/dashing/lib/python3.6/site-packages /usr/local/bin/cmake --build /home/hansol/ros2_ws/build/darknet_ros -- -j4 -l4
[25.990s] Level 1:colcon.colcon_core.environment:create_environment_scripts_only(darknet_ros)
[25.993s] Level 1:colcon.colcon_core.environment:checking '/home/hansol/ros2_ws/install/darknet_ros' for CMake module files
[25.998s] Level 1:colcon.colcon_core.environment:checking '/home/hansol/ros2_ws/install/darknet_ros' for CMake config files
[26.001s] Level 1:colcon.colcon_core.shell:create_environment_hook('darknet_ros', 'cmake_prefix_path')
[26.003s] INFO:colcon.colcon_core.shell:Creating environment hook '/home/hansol/ros2_ws/install/darknet_ros/share/darknet_ros/hook/cmake_prefix_path.ps1'
[26.006s] INFO:colcon.colcon_core.shell:Creating environment descriptor '/home/hansol/ros2_ws/install/darknet_ros/share/darknet_ros/hook/cmake_prefix_path.dsv'
[26.008s] INFO:colcon.colcon_core.shell:Creating environment hook '/home/hansol/ros2_ws/install/darknet_ros/share/darknet_ros/hook/cmake_prefix_path.sh'
[26.014s] Level 1:colcon.colcon_core.environment:checking '/home/hansol/ros2_ws/install/darknet_ros/lib'
[26.015s] Level 1:colcon.colcon_core.environment:checking '/home/hansol/ros2_ws/install/darknet_ros/bin'
[26.015s] Level 1:colcon.colcon_core.environment:checking '/home/hansol/ros2_ws/install/darknet_ros/lib/pkgconfig/darknet_ros.pc'
[26.017s] Level 1:colcon.colcon_core.environment:checking '/home/hansol/ros2_ws/install/darknet_ros/lib/python3.6/site-packages'
[26.017s] Level 1:colcon.colcon_core.environment:checking '/home/hansol/ros2_ws/install/darknet_ros/bin'
[26.020s] INFO:colcon.colcon_core.shell:Creating package script '/home/hansol/ros2_ws/install/darknet_ros/share/darknet_ros/package.ps1'
[26.023s] INFO:colcon.colcon_core.shell:Creating package descriptor '/home/hansol/ros2_ws/install/darknet_ros/share/darknet_ros/package.dsv'
[26.027s] INFO:colcon.colcon_core.shell:Creating package script '/home/hansol/ros2_ws/install/darknet_ros/share/darknet_ros/package.sh'
[26.030s] INFO:colcon.colcon_core.shell:Creating package script '/home/hansol/ros2_ws/install/darknet_ros/share/darknet_ros/package.bash'
[26.032s] INFO:colcon.colcon_core.shell:Creating package script '/home/hansol/ros2_ws/install/darknet_ros/share/darknet_ros/package.zsh'
[26.035s] Level 1:colcon.colcon_core.environment:create_file_with_runtime_dependencies(/home/hansol/ros2_ws/install/darknet_ros/share/colcon-core/packages/darknet_ros)
[26.048s] DEBUG:colcon.colcon_parallel_executor.executor.parallel:closing loop
[26.053s] DEBUG:colcon.colcon_parallel_executor.executor.parallel:loop closed
[26.054s] DEBUG:colcon.colcon_parallel_executor.executor.parallel:run_until_complete finished with '2'
[26.054s] DEBUG:colcon.colcon_core.event_reactor:joining thread
[26.087s] INFO:colcon.colcon_core.plugin_system:Skipping extension 'colcon_notification.desktop_notification.terminal_notifier': Not used on non-Darwin systems
[26.088s] INFO:colcon.colcon_core.plugin_system:Skipping extension 'colcon_notification.desktop_notification.win32': Not used on non-Windows systems
[26.088s] INFO:colcon.colcon_notification.desktop_notification:Sending desktop notification using 'notify2'
[26.118s] DEBUG:colcon.colcon_core.event_reactor:joined thread
[26.121s] INFO:colcon.colcon_core.shell:Creating prefix script '/home/hansol/ros2_ws/install/local_setup.ps1'
[26.128s] INFO:colcon.colcon_core.shell:Creating prefix util module '/home/hansol/ros2_ws/install/_local_setup_util_ps1.py'
[26.140s] INFO:colcon.colcon_core.shell:Creating prefix chain script '/home/hansol/ros2_ws/install/setup.ps1'
[26.149s] INFO:colcon.colcon_core.shell:Creating prefix script '/home/hansol/ros2_ws/install/local_setup.sh'
[26.152s] INFO:colcon.colcon_core.shell:Creating prefix util module '/home/hansol/ros2_ws/install/_local_setup_util_sh.py'
[26.155s] INFO:colcon.colcon_core.shell:Creating prefix chain script '/home/hansol/ros2_ws/install/setup.sh'
[26.164s] INFO:colcon.colcon_core.shell:Creating prefix script '/home/hansol/ros2_ws/install/local_setup.bash'
[26.167s] INFO:colcon.colcon_core.shell:Creating prefix chain script '/home/hansol/ros2_ws/install/setup.bash'
[26.175s] INFO:colcon.colcon_core.shell:Creating prefix script '/home/hansol/ros2_ws/install/local_setup.zsh'
[26.178s] INFO:colcon.colcon_core.shell:Creating prefix chain script '/home/hansol/ros2_ws/install/setup.zsh'
