[0.131s] Invoking command in '/home/hansol/ros2_ws/build/darknet_ros': CMAKE_PREFIX_PATH=/home/hansol/ros2_ws/install/darknet_ros_msgs:/home/hansol/ros2_ws/install/realsense_ros2_camera:/home/hansol/ros2_ws/install/realsense_camera_msgs:/home/hansol/ros2_ws/install/darknet_ros:/home/hansol/ros2_ws/install/Darknet:/opt/ros/dashing LD_LIBRARY_PATH=/home/hansol/ros2_ws/install/darknet_ros_msgs/lib:/home/hansol/ros2_ws/install/realsense_camera_msgs/lib:/home/hansol/ros2_ws/install/darknet_ros/lib:/opt/ros/dashing/lib:/usr/local/cuda-10.2/lib64 PYTHONPATH=/home/hansol/ros2_ws/install/darknet_ros_msgs/lib/python3.6/site-packages:/home/hansol/ros2_ws/install/realsense_camera_msgs/lib/python3.6/site-packages:/opt/ros/dashing/lib/python3.6/site-packages /usr/local/bin/cmake --build /home/hansol/ros2_ws/build/darknet_ros -- -j4 -l4
[0.661s] [  1%] [32mBuilding CXX object CMakeFiles/darknet_ros_lib.dir/src/YoloObjectDetector.cpp.o[0m
[11.532s] [01m[K/home/hansol/ros2_ws/src/darknet_ros/darknet_ros/src/YoloObjectDetector.cpp:[m[K In member function ‘[01m[Kvoid darknet_ros::YoloObjectDetector::init()[m[K’:
[11.533s] [01m[K/home/hansol/ros2_ws/src/darknet_ros/darknet_ros/src/YoloObjectDetector.cpp:190:63:[m[K [01;31m[Kerror: [m[Kno match for ‘[01m[Koperator=[m[K’ (operand types are ‘[01m[Kimage_transport::Subscriber[m[K’ and ‘[01m[Kstd::shared_ptr<rclcpp::Subscription<sensor_msgs::msg::CompressedImage_<std::allocator<void> >, std::allocator<void> > >[m[K’)
[11.534s]        std::bind(&YoloObjectDetector::cameraCallback, this, _1)[01;31m[K)[m[K;
[11.534s]                                                                [01;31m[K^[m[K
[11.535s] In file included from [01m[K/opt/ros/dashing/include/image_transport/image_transport.h:48:0[m[K,
[11.536s]                  from [01m[K/home/hansol/ros2_ws/src/darknet_ros/darknet_ros/include/darknet_ros/YoloObjectDetector.hpp:30[m[K,
[11.536s]                  from [01m[K/home/hansol/ros2_ws/src/darknet_ros/darknet_ros/src/YoloObjectDetector.cpp:10[m[K:
[11.537s] [01m[K/opt/ros/dashing/include/image_transport/subscriber.h:63:7:[m[K [01;36m[Knote: [m[Kcandidate: image_transport::Subscriber& image_transport::Subscriber::operator=(const image_transport::Subscriber&)
[11.538s]  class [01;36m[KSubscriber[m[K
[11.538s]        [01;36m[K^~~~~~~~~~[m[K
[11.539s] [01m[K/opt/ros/dashing/include/image_transport/subscriber.h:63:7:[m[K [01;36m[Knote: [m[K  no known conversion for argument 1 from ‘[01m[Kstd::shared_ptr<rclcpp::Subscription<sensor_msgs::msg::CompressedImage_<std::allocator<void> >, std::allocator<void> > >[m[K’ to ‘[01m[Kconst image_transport::Subscriber&[m[K’
[11.540s] [01m[K/opt/ros/dashing/include/image_transport/subscriber.h:63:7:[m[K [01;36m[Knote: [m[Kcandidate: image_transport::Subscriber& image_transport::Subscriber::operator=(image_transport::Subscriber&&)
[11.540s] [01m[K/opt/ros/dashing/include/image_transport/subscriber.h:63:7:[m[K [01;36m[Knote: [m[K  no known conversion for argument 1 from ‘[01m[Kstd::shared_ptr<rclcpp::Subscription<sensor_msgs::msg::CompressedImage_<std::allocator<void> >, std::allocator<void> > >[m[K’ to ‘[01m[Kimage_transport::Subscriber&&[m[K’
[20.164s] make[2]: *** [CMakeFiles/darknet_ros_lib.dir/src/YoloObjectDetector.cpp.o] Error 1
[20.167s] CMakeFiles/darknet_ros_lib.dir/build.make:2370: recipe for target 'CMakeFiles/darknet_ros_lib.dir/src/YoloObjectDetector.cpp.o' failed
[20.168s] CMakeFiles/Makefile2:111: recipe for target 'CMakeFiles/darknet_ros_lib.dir/all' failed
[20.169s] make[1]: *** [CMakeFiles/darknet_ros_lib.dir/all] Error 2
[20.169s] Makefile:145: recipe for target 'all' failed
[20.170s] make: *** [all] Error 2
[20.175s] Invoked command in '/home/hansol/ros2_ws/build/darknet_ros' returned '2': CMAKE_PREFIX_PATH=/home/hansol/ros2_ws/install/darknet_ros_msgs:/home/hansol/ros2_ws/install/realsense_ros2_camera:/home/hansol/ros2_ws/install/realsense_camera_msgs:/home/hansol/ros2_ws/install/darknet_ros:/home/hansol/ros2_ws/install/Darknet:/opt/ros/dashing LD_LIBRARY_PATH=/home/hansol/ros2_ws/install/darknet_ros_msgs/lib:/home/hansol/ros2_ws/install/realsense_camera_msgs/lib:/home/hansol/ros2_ws/install/darknet_ros/lib:/opt/ros/dashing/lib:/usr/local/cuda-10.2/lib64 PYTHONPATH=/home/hansol/ros2_ws/install/darknet_ros_msgs/lib/python3.6/site-packages:/home/hansol/ros2_ws/install/realsense_camera_msgs/lib/python3.6/site-packages:/opt/ros/dashing/lib/python3.6/site-packages /usr/local/bin/cmake --build /home/hansol/ros2_ws/build/darknet_ros -- -j4 -l4
