[0.147s] Invoking command in '/home/hansol/ros2_ws/build/Darknet': /usr/local/bin/cmake --build /home/hansol/ros2_ws/build/Darknet -- -j4 -l4
[0.166s] Change Dir: '/home/hansol/ros2_ws/build/Darknet'
[0.167s] 
[0.169s] Run Build Command(s): /usr/local/bin/cmake -E env VERBOSE=1 /usr/bin/make -f Makefile -j4 -l4
[0.192s] /usr/local/bin/cmake -S/home/hansol/ros2_ws/src/darknet_ros/darknet -B/home/hansol/ros2_ws/build/Darknet --check-build-system CMakeFiles/Makefile.cmake 0
[0.221s] /usr/local/bin/cmake -E cmake_progress_start /home/hansol/ros2_ws/build/Darknet/CMakeFiles /home/hansol/ros2_ws/build/Darknet//CMakeFiles/progress.marks
[0.249s] /usr/bin/make  -f CMakeFiles/Makefile2 all
[0.268s] make[1]: Entering directory '/home/hansol/ros2_ws/build/Darknet'
[0.269s] /usr/bin/make  -f CMakeFiles/dark.dir/build.make CMakeFiles/dark.dir/depend
[0.272s] /usr/bin/make  -f CMakeFiles/darknet.dir/build.make CMakeFiles/darknet.dir/depend
[0.349s] make[2]: Entering directory '/home/hansol/ros2_ws/build/Darknet'
[0.353s] cd /home/hansol/ros2_ws/build/Darknet && /usr/local/bin/cmake -E cmake_depends "Unix Makefiles" /home/hansol/ros2_ws/src/darknet_ros/darknet /home/hansol/ros2_ws/src/darknet_ros/darknet /home/hansol/ros2_ws/build/Darknet /home/hansol/ros2_ws/build/Darknet /home/hansol/ros2_ws/build/Darknet/CMakeFiles/dark.dir/DependInfo.cmake "--color="
[0.359s] make[2]: Entering directory '/home/hansol/ros2_ws/build/Darknet'
[0.362s] cd /home/hansol/ros2_ws/build/Darknet && /usr/local/bin/cmake -E cmake_depends "Unix Makefiles" /home/hansol/ros2_ws/src/darknet_ros/darknet /home/hansol/ros2_ws/src/darknet_ros/darknet /home/hansol/ros2_ws/build/Darknet /home/hansol/ros2_ws/build/Darknet /home/hansol/ros2_ws/build/Darknet/CMakeFiles/darknet.dir/DependInfo.cmake "--color="
[0.427s] make[2]: Leaving directory '/home/hansol/ros2_ws/build/Darknet'
[0.428s] /usr/bin/make  -f CMakeFiles/dark.dir/build.make CMakeFiles/dark.dir/build
[0.439s] make[2]: Leaving directory '/home/hansol/ros2_ws/build/Darknet'
[0.444s] /usr/bin/make  -f CMakeFiles/darknet.dir/build.make CMakeFiles/darknet.dir/build
[0.516s] make[2]: Entering directory '/home/hansol/ros2_ws/build/Darknet'
[0.517s] make[2]: Nothing to be done for 'CMakeFiles/dark.dir/build'.
[0.524s] make[2]: Leaving directory '/home/hansol/ros2_ws/build/Darknet'
[0.527s] make[2]: Entering directory '/home/hansol/ros2_ws/build/Darknet'
[0.528s] make[2]: Nothing to be done for 'CMakeFiles/darknet.dir/build'.
[0.529s] make[2]: Leaving directory '/home/hansol/ros2_ws/build/Darknet'
[0.559s] [ 97%] Built target dark
[0.563s] [ 49%] Built target darknet
[0.563s] /usr/bin/make  -f CMakeFiles/uselib_track.dir/build.make CMakeFiles/uselib_track.dir/depend
[0.564s] /usr/bin/make  -f CMakeFiles/uselib.dir/build.make CMakeFiles/uselib.dir/depend
[0.572s] make[2]: Entering directory '/home/hansol/ros2_ws/build/Darknet'
[0.575s] cd /home/hansol/ros2_ws/build/Darknet && /usr/local/bin/cmake -E cmake_depends "Unix Makefiles" /home/hansol/ros2_ws/src/darknet_ros/darknet /home/hansol/ros2_ws/src/darknet_ros/darknet /home/hansol/ros2_ws/build/Darknet /home/hansol/ros2_ws/build/Darknet /home/hansol/ros2_ws/build/Darknet/CMakeFiles/uselib.dir/DependInfo.cmake "--color="
[0.580s] make[2]: Entering directory '/home/hansol/ros2_ws/build/Darknet'
[0.581s] cd /home/hansol/ros2_ws/build/Darknet && /usr/local/bin/cmake -E cmake_depends "Unix Makefiles" /home/hansol/ros2_ws/src/darknet_ros/darknet /home/hansol/ros2_ws/src/darknet_ros/darknet /home/hansol/ros2_ws/build/Darknet /home/hansol/ros2_ws/build/Darknet /home/hansol/ros2_ws/build/Darknet/CMakeFiles/uselib_track.dir/DependInfo.cmake "--color="
[0.614s] make[2]: Leaving directory '/home/hansol/ros2_ws/build/Darknet'
[0.616s] /usr/bin/make  -f CMakeFiles/uselib.dir/build.make CMakeFiles/uselib.dir/build
[0.628s] make[2]: Entering directory '/home/hansol/ros2_ws/build/Darknet'
[0.629s] make[2]: Nothing to be done for 'CMakeFiles/uselib.dir/build'.
[0.630s] make[2]: Leaving directory '/home/hansol/ros2_ws/build/Darknet'
[0.637s] make[2]: Leaving directory '/home/hansol/ros2_ws/build/Darknet'
[0.638s] /usr/bin/make  -f CMakeFiles/uselib_track.dir/build.make CMakeFiles/uselib_track.dir/build
[0.645s] [ 98%] Built target uselib
[0.655s] make[2]: Entering directory '/home/hansol/ros2_ws/build/Darknet'
[0.656s] make[2]: Nothing to be done for 'CMakeFiles/uselib_track.dir/build'.
[0.657s] make[2]: Leaving directory '/home/hansol/ros2_ws/build/Darknet'
[0.673s] [100%] Built target uselib_track
[0.675s] make[1]: Leaving directory '/home/hansol/ros2_ws/build/Darknet'
[0.679s] /usr/local/bin/cmake -E cmake_progress_start /home/hansol/ros2_ws/build/Darknet/CMakeFiles 0
[0.711s] 
[0.741s] Invoked command in '/home/hansol/ros2_ws/build/Darknet' returned '0': /usr/local/bin/cmake --build /home/hansol/ros2_ws/build/Darknet -- -j4 -l4
[2.046s] Invoking command in '/home/hansol/ros2_ws/build/Darknet': /usr/local/bin/cmake --install /home/hansol/ros2_ws/build/Darknet
[2.084s] -- Install configuration: "Release"
[2.085s] -- Up-to-date: /home/hansol/ros2_ws/src/darknet_ros/darknet/libdarknet.so
[2.087s] -- Up-to-date: /home/hansol/ros2_ws/install/Darknet/include/darknet/darknet.h
[2.088s] -- Up-to-date: /home/hansol/ros2_ws/install/Darknet/include/darknet/yolo_v2_class.hpp
[2.090s] -- Up-to-date: /home/hansol/ros2_ws/src/darknet_ros/darknet/uselib
[2.091s] -- Up-to-date: /home/hansol/ros2_ws/src/darknet_ros/darknet/darknet
[2.093s] -- Up-to-date: /home/hansol/ros2_ws/src/darknet_ros/darknet/uselib_track
[2.093s] -- Up-to-date: /home/hansol/ros2_ws/install/Darknet/share/darknet/DarknetTargets.cmake
[2.098s] -- Up-to-date: /home/hansol/ros2_ws/install/Darknet/share/darknet/DarknetTargets-release.cmake
[2.100s] -- Up-to-date: /home/hansol/ros2_ws/install/Darknet/share/darknet/DarknetConfig.cmake
[2.101s] -- Up-to-date: /home/hansol/ros2_ws/install/Darknet/share/darknet/DarknetConfigVersion.cmake
[2.221s] Invoked command in '/home/hansol/ros2_ws/build/Darknet' returned '0': /usr/local/bin/cmake --install /home/hansol/ros2_ws/build/Darknet
