[0.150s] Invoking command in '/home/hansol/ros2_ws/build/realsense_camera_msgs': CMAKE_PREFIX_PATH=${CMAKE_PREFIX_PATH}:/opt/ros/dashing /usr/local/bin/cmake --build /home/hansol/ros2_ws/build/realsense_camera_msgs -- -j4 -l4
[0.320s] [ 10%] Built target realsense_camera_msgs__rosidl_generator_c
[0.339s] [ 13%] Built target realsense_camera_msgs__cpp
[0.469s] [ 24%] Built target realsense_camera_msgs__rosidl_typesupport_introspection_c
[0.489s] [ 35%] Built target realsense_camera_msgs__rosidl_typesupport_introspection_cpp
[0.505s] [ 45%] Built target realsense_camera_msgs__rosidl_typesupport_fastrtps_cpp
[0.614s] [ 56%] Built target realsense_camera_msgs__rosidl_typesupport_cpp
[0.629s] [ 67%] Built target realsense_camera_msgs__rosidl_typesupport_fastrtps_c
[0.703s] [ 78%] Built target realsense_camera_msgs__rosidl_typesupport_c
[0.755s] [ 78%] Built target realsense_camera_msgs
[0.815s] [ 81%] Built target realsense_camera_msgs__py
[0.874s] [ 89%] Built target realsense_camera_msgs__python
[0.943s] [ 94%] Built target realsense_camera_msgs__rosidl_typesupport_fastrtps_c__pyext
[0.953s] [100%] Built target realsense_camera_msgs__rosidl_typesupport_c__pyext
[1.012s] Invoked command in '/home/hansol/ros2_ws/build/realsense_camera_msgs' returned '0': CMAKE_PREFIX_PATH=${CMAKE_PREFIX_PATH}:/opt/ros/dashing /usr/local/bin/cmake --build /home/hansol/ros2_ws/build/realsense_camera_msgs -- -j4 -l4
[1.403s] Invoking command in '/home/hansol/ros2_ws/build/realsense_camera_msgs': CMAKE_PREFIX_PATH=${CMAKE_PREFIX_PATH}:/opt/ros/dashing /usr/local/bin/cmake --install /home/hansol/ros2_ws/build/realsense_camera_msgs
[1.450s] -- Install configuration: ""
[1.452s] -- Execute custom install script
[1.453s] -- Up-to-date symlink: /home/hansol/ros2_ws/install/realsense_camera_msgs/share/ament_index/resource_index/rosidl_interfaces/realsense_camera_msgs
[1.454s] -- Up-to-date symlink: /home/hansol/ros2_ws/install/realsense_camera_msgs/lib/librealsense_camera_msgs__rosidl_typesupport_c.so
[1.458s] -- Up-to-date symlink: /home/hansol/ros2_ws/install/realsense_camera_msgs/share/realsense_camera_msgs/environment/library_path.sh
[1.461s] -- Up-to-date symlink: /home/hansol/ros2_ws/install/realsense_camera_msgs/lib/librealsense_camera_msgs__rosidl_typesupport_cpp.so
[1.467s] -- Up-to-date symlink: /home/hansol/ros2_ws/install/realsense_camera_msgs/include/realsense_camera_msgs/msg/extrinsics__rosidl_typesupport_fastrtps_c.h
[1.468s] -- Up-to-date symlink: /home/hansol/ros2_ws/install/realsense_camera_msgs/include/realsense_camera_msgs/msg/imu_info__rosidl_typesupport_fastrtps_c.h
[1.472s] -- Up-to-date symlink: /home/hansol/ros2_ws/install/realsense_camera_msgs/include/realsense_camera_msgs/msg/rosidl_typesupport_fastrtps_c__visibility_control.h
[1.473s] -- Up-to-date symlink: /home/hansol/ros2_ws/install/realsense_camera_msgs/lib/librealsense_camera_msgs__rosidl_typesupport_fastrtps_c.so
[1.476s] -- Up-to-date symlink: /home/hansol/ros2_ws/install/realsense_camera_msgs/include/realsense_camera_msgs/msg/extrinsics.h
[1.477s] -- Up-to-date symlink: /home/hansol/ros2_ws/install/realsense_camera_msgs/include/realsense_camera_msgs/msg/extrinsics__functions.h
[1.479s] -- Up-to-date symlink: /home/hansol/ros2_ws/install/realsense_camera_msgs/include/realsense_camera_msgs/msg/extrinsics__struct.h
[1.480s] -- Up-to-date symlink: /home/hansol/ros2_ws/install/realsense_camera_msgs/include/realsense_camera_msgs/msg/extrinsics__type_support.h
[1.481s] -- Up-to-date symlink: /home/hansol/ros2_ws/install/realsense_camera_msgs/include/realsense_camera_msgs/msg/imu_info.h
[1.481s] -- Up-to-date symlink: /home/hansol/ros2_ws/install/realsense_camera_msgs/include/realsense_camera_msgs/msg/imu_info__functions.h
[1.486s] -- Up-to-date symlink: /home/hansol/ros2_ws/install/realsense_camera_msgs/include/realsense_camera_msgs/msg/imu_info__struct.h
[1.487s] -- Up-to-date symlink: /home/hansol/ros2_ws/install/realsense_camera_msgs/include/realsense_camera_msgs/msg/imu_info__type_support.h
[1.489s] -- Up-to-date symlink: /home/hansol/ros2_ws/install/realsense_camera_msgs/include/realsense_camera_msgs/msg/rosidl_generator_c__visibility_control.h
[1.491s] -- Up-to-date symlink: /home/hansol/ros2_ws/install/realsense_camera_msgs/lib/librealsense_camera_msgs__rosidl_generator_c.so
[1.493s] -- Up-to-date symlink: /home/hansol/ros2_ws/install/realsense_camera_msgs/include/realsense_camera_msgs/msg/extrinsics__rosidl_typesupport_fastrtps_cpp.hpp
[1.495s] -- Up-to-date symlink: /home/hansol/ros2_ws/install/realsense_camera_msgs/include/realsense_camera_msgs/msg/imu_info__rosidl_typesupport_fastrtps_cpp.hpp
[1.496s] -- Up-to-date symlink: /home/hansol/ros2_ws/install/realsense_camera_msgs/include/realsense_camera_msgs/msg/rosidl_typesupport_fastrtps_cpp__visibility_control.h
[1.500s] -- Up-to-date symlink: /home/hansol/ros2_ws/install/realsense_camera_msgs/lib/librealsense_camera_msgs__rosidl_typesupport_fastrtps_cpp.so
[1.502s] -- Up-to-date symlink: /home/hansol/ros2_ws/install/realsense_camera_msgs/include/realsense_camera_msgs/msg/extrinsics.hpp
[1.503s] -- Up-to-date symlink: /home/hansol/ros2_ws/install/realsense_camera_msgs/include/realsense_camera_msgs/msg/extrinsics__struct.hpp
[1.505s] -- Up-to-date symlink: /home/hansol/ros2_ws/install/realsense_camera_msgs/include/realsense_camera_msgs/msg/extrinsics__traits.hpp
[1.506s] -- Up-to-date symlink: /home/hansol/ros2_ws/install/realsense_camera_msgs/include/realsense_camera_msgs/msg/imu_info.hpp
[1.507s] -- Up-to-date symlink: /home/hansol/ros2_ws/install/realsense_camera_msgs/include/realsense_camera_msgs/msg/imu_info__struct.hpp
[1.508s] -- Up-to-date symlink: /home/hansol/ros2_ws/install/realsense_camera_msgs/include/realsense_camera_msgs/msg/imu_info__traits.hpp
[1.516s] -- Up-to-date symlink: /home/hansol/ros2_ws/install/realsense_camera_msgs/include/realsense_camera_msgs/msg/extrinsics__rosidl_typesupport_introspection_c.h
[1.518s] -- Up-to-date symlink: /home/hansol/ros2_ws/install/realsense_camera_msgs/include/realsense_camera_msgs/msg/imu_info__rosidl_typesupport_introspection_c.h
[1.522s] -- Up-to-date symlink: /home/hansol/ros2_ws/install/realsense_camera_msgs/include/realsense_camera_msgs/msg/rosidl_typesupport_introspection_c__visibility_control.h
[1.525s] -- Up-to-date symlink: /home/hansol/ros2_ws/install/realsense_camera_msgs/lib/librealsense_camera_msgs__rosidl_typesupport_introspection_c.so
[1.527s] -- Up-to-date symlink: /home/hansol/ros2_ws/install/realsense_camera_msgs/include/realsense_camera_msgs/msg/extrinsics__rosidl_typesupport_introspection_cpp.hpp
[1.528s] -- Up-to-date symlink: /home/hansol/ros2_ws/install/realsense_camera_msgs/include/realsense_camera_msgs/msg/imu_info__rosidl_typesupport_introspection_cpp.hpp
[1.529s] -- Up-to-date symlink: /home/hansol/ros2_ws/install/realsense_camera_msgs/lib/librealsense_camera_msgs__rosidl_typesupport_introspection_cpp.so
[1.531s] -- Up-to-date symlink: /home/hansol/ros2_ws/install/realsense_camera_msgs/share/realsense_camera_msgs/environment/pythonpath.sh
[1.533s] -- Up-to-date symlink: /home/hansol/ros2_ws/install/realsense_camera_msgs/lib/python3.6/site-packages/realsense_camera_msgs/__init__.py
[1.534s] -- Up-to-date symlink: /home/hansol/ros2_ws/install/realsense_camera_msgs/lib/python3.6/site-packages/realsense_camera_msgs/msg/__init__.py
[1.535s] -- Up-to-date symlink: /home/hansol/ros2_ws/install/realsense_camera_msgs/lib/python3.6/site-packages/realsense_camera_msgs/msg/_extrinsics.py
[1.537s] -- Up-to-date symlink: /home/hansol/ros2_ws/install/realsense_camera_msgs/lib/python3.6/site-packages/realsense_camera_msgs/msg/_imu_info.py
[1.538s] -- Up-to-date symlink: /home/hansol/ros2_ws/install/realsense_camera_msgs/lib/python3.6/site-packages/realsense_camera_msgs/realsense_camera_msgs_s__rosidl_typesupport_c.cpython-36m-aarch64-linux-gnu.so
[1.540s] -- Up-to-date symlink: /home/hansol/ros2_ws/install/realsense_camera_msgs/lib/python3.6/site-packages/realsense_camera_msgs/realsense_camera_msgs_s__rosidl_typesupport_fastrtps_c.cpython-36m-aarch64-linux-gnu.so
[1.542s] -- Up-to-date symlink: /home/hansol/ros2_ws/install/realsense_camera_msgs/lib/librealsense_camera_msgs__python.so
[1.543s] -- Up-to-date symlink: /home/hansol/ros2_ws/install/realsense_camera_msgs/share/realsense_camera_msgs/msg/IMUInfo.idl
[1.546s] -- Up-to-date symlink: /home/hansol/ros2_ws/install/realsense_camera_msgs/share/realsense_camera_msgs/msg/Extrinsics.idl
[1.546s] -- Up-to-date symlink: /home/hansol/ros2_ws/install/realsense_camera_msgs/share/realsense_camera_msgs/msg/IMUInfo.msg
[1.548s] -- Up-to-date symlink: /home/hansol/ros2_ws/install/realsense_camera_msgs/share/realsense_camera_msgs/msg/Extrinsics.msg
[1.550s] -- Up-to-date symlink: /home/hansol/ros2_ws/install/realsense_camera_msgs/share/ament_index/resource_index/package_run_dependencies/realsense_camera_msgs
[1.553s] -- Up-to-date symlink: /home/hansol/ros2_ws/install/realsense_camera_msgs/share/ament_index/resource_index/parent_prefix_path/realsense_camera_msgs
[1.554s] -- Up-to-date symlink: /home/hansol/ros2_ws/install/realsense_camera_msgs/share/realsense_camera_msgs/environment/ament_prefix_path.sh
[1.555s] -- Up-to-date symlink: /home/hansol/ros2_ws/install/realsense_camera_msgs/share/realsense_camera_msgs/environment/path.sh
[1.556s] -- Up-to-date symlink: /home/hansol/ros2_ws/install/realsense_camera_msgs/share/realsense_camera_msgs/local_setup.bash
[1.557s] -- Up-to-date symlink: /home/hansol/ros2_ws/install/realsense_camera_msgs/share/realsense_camera_msgs/local_setup.sh
[1.557s] -- Up-to-date symlink: /home/hansol/ros2_ws/install/realsense_camera_msgs/share/realsense_camera_msgs/local_setup.zsh
[1.558s] -- Up-to-date symlink: /home/hansol/ros2_ws/install/realsense_camera_msgs/share/ament_index/resource_index/packages/realsense_camera_msgs
[1.559s] -- Up-to-date symlink: /home/hansol/ros2_ws/install/realsense_camera_msgs/share/realsense_camera_msgs/cmake/rosidl_cmake-extras.cmake
[1.561s] -- Up-to-date symlink: /home/hansol/ros2_ws/install/realsense_camera_msgs/share/realsense_camera_msgs/cmake/ament_cmake_export_dependencies-extras.cmake
[1.562s] -- Up-to-date symlink: /home/hansol/ros2_ws/install/realsense_camera_msgs/share/realsense_camera_msgs/cmake/ament_cmake_export_libraries-extras.cmake
[1.565s] -- Up-to-date symlink: /home/hansol/ros2_ws/install/realsense_camera_msgs/share/realsense_camera_msgs/cmake/ament_cmake_export_include_directories-extras.cmake
[1.566s] -- Up-to-date symlink: /home/hansol/ros2_ws/install/realsense_camera_msgs/share/realsense_camera_msgs/cmake/realsense_camera_msgsConfig.cmake
[1.568s] -- Up-to-date symlink: /home/hansol/ros2_ws/install/realsense_camera_msgs/share/realsense_camera_msgs/cmake/realsense_camera_msgsConfig-version.cmake
[1.569s] -- Up-to-date symlink: /home/hansol/ros2_ws/install/realsense_camera_msgs/share/realsense_camera_msgs/package.xml
[1.937s] Invoked command in '/home/hansol/ros2_ws/build/realsense_camera_msgs' returned '0': CMAKE_PREFIX_PATH=${CMAKE_PREFIX_PATH}:/opt/ros/dashing /usr/local/bin/cmake --install /home/hansol/ros2_ws/build/realsense_camera_msgs
