In file included from [01m[K/usr/local/cuda-10.2/include/cuda_runtime.h:95:0[m[K,
                 from [01m[K/home/hansol/ros2_ws/src/darknet_ros/darknet_ros/src/YoloObjectDetector.cpp:2[m[K:
[01m[K/usr/local/cuda-10.2/include/channel_descriptor.h:104:1:[m[K [01;31m[Kerror: [m[Ktemplate with C linkage
 [01;31m[Ktemplate[m[K<class T> __inline__ __host__ cudaChannelFormatDesc cudaCreateChannelDesc(void)
 [01;31m[K^~~~~~~~[m[K
[01m[K/usr/local/cuda-10.2/include/channel_descriptor.h:137:1:[m[K [01;31m[Kerror: [m[Ktemplate specialization with C linkage
 [01;31m[Ktemplate[m[K<> __inline__ __host__ cudaChannelFormatDesc cudaCreateChannelDesc<char>(void)
 [01;31m[K^~~~~~~~[m[K
[01m[K/usr/local/cuda-10.2/include/channel_descriptor.h:148:1:[m[K [01;31m[Kerror: [m[Ktemplate specialization with C linkage
 [01;31m[Ktemplate[m[K<> __inline__ __host__ cudaChannelFormatDesc cudaCreateChannelDesc<signed char>(void)
 [01;31m[K^~~~~~~~[m[K
[01m[K/usr/local/cuda-10.2/include/channel_descriptor.h:155:1:[m[K [01;31m[Kerror: [m[Ktemplate specialization with C linkage
 [01;31m[Ktemplate[m[K<> __inline__ __host__ cudaChannelFormatDesc cudaCreateChannelDesc<unsigned char>(void)
 [01;31m[K^~~~~~~~[m[K
[01m[K/usr/local/cuda-10.2/include/channel_descriptor.h:162:1:[m[K [01;31m[Kerror: [m[Ktemplate specialization with C linkage
 [01;31m[Ktemplate[m[K<> __inline__ __host__ cudaChannelFormatDesc cudaCreateChannelDesc<char1>(void)
 [01;31m[K^~~~~~~~[m[K
[01m[K/usr/local/cuda-10.2/include/channel_descriptor.h:169:1:[m[K [01;31m[Kerror: [m[Ktemplate specialization with C linkage
 [01;31m[Ktemplate[m[K<> __inline__ __host__ cudaChannelFormatDesc cudaCreateChannelDesc<uchar1>(void)
 [01;31m[K^~~~~~~~[m[K
[01m[K/usr/local/cuda-10.2/include/channel_descriptor.h:176:1:[m[K [01;31m[Kerror: [m[Ktemplate specialization with C linkage
 [01;31m[Ktemplate[m[K<> __inline__ __host__ cudaChannelFormatDesc cudaCreateChannelDesc<char2>(void)
 [01;31m[K^~~~~~~~[m[K
[01m[K/usr/local/cuda-10.2/include/channel_descriptor.h:183:1:[m[K [01;31m[Kerror: [m[Ktemplate specialization with C linkage
 [01;31m[Ktemplate[m[K<> __inline__ __host__ cudaChannelFormatDesc cudaCreateChannelDesc<uchar2>(void)
 [01;31m[K^~~~~~~~[m[K
[01m[K/usr/local/cuda-10.2/include/channel_descriptor.h:190:1:[m[K [01;31m[Kerror: [m[Ktemplate specialization with C linkage
 [01;31m[Ktemplate[m[K<> __inline__ __host__ cudaChannelFormatDesc cudaCreateChannelDesc<char4>(void)
 [01;31m[K^~~~~~~~[m[K
[01m[K/usr/local/cuda-10.2/include/channel_descriptor.h:197:1:[m[K [01;31m[Kerror: [m[Ktemplate specialization with C linkage
 [01;31m[Ktemplate[m[K<> __inline__ __host__ cudaChannelFormatDesc cudaCreateChannelDesc<uchar4>(void)
 [01;31m[K^~~~~~~~[m[K
[01m[K/usr/local/cuda-10.2/include/channel_descriptor.h:204:1:[m[K [01;31m[Kerror: [m[Ktemplate specialization with C linkage
 [01;31m[Ktemplate[m[K<> __inline__ __host__ cudaChannelFormatDesc cudaCreateChannelDesc<short>(void)
 [01;31m[K^~~~~~~~[m[K
[01m[K/usr/local/cuda-10.2/include/channel_descriptor.h:211:1:[m[K [01;31m[Kerror: [m[Ktemplate specialization with C linkage
 [01;31m[Ktemplate[m[K<> __inline__ __host__ cudaChannelFormatDesc cudaCreateChannelDesc<unsigned short>(void)
 [01;31m[K^~~~~~~~[m[K
[01m[K/usr/local/cuda-10.2/include/channel_descriptor.h:218:1:[m[K [01;31m[Kerror: [m[Ktemplate specialization with C linkage
 [01;31m[Ktemplate[m[K<> __inline__ __host__ cudaChannelFormatDesc cudaCreateChannelDesc<short1>(void)
 [01;31m[K^~~~~~~~[m[K
[01m[K/usr/local/cuda-10.2/include/channel_descriptor.h:225:1:[m[K [01;31m[Kerror: [m[Ktemplate specialization with C linkage
 [01;31m[Ktemplate[m[K<> __inline__ __host__ cudaChannelFormatDesc cudaCreateChannelDesc<ushort1>(void)
 [01;31m[K^~~~~~~~[m[K
[01m[K/usr/local/cuda-10.2/include/channel_descriptor.h:232:1:[m[K [01;31m[Kerror: [m[Ktemplate specialization with C linkage
 [01;31m[Ktemplate[m[K<> __inline__ __host__ cudaChannelFormatDesc cudaCreateChannelDesc<short2>(void)
 [01;31m[K^~~~~~~~[m[K
[01m[K/usr/local/cuda-10.2/include/channel_descriptor.h:239:1:[m[K [01;31m[Kerror: [m[Ktemplate specialization with C linkage
 [01;31m[Ktemplate[m[K<> __inline__ __host__ cudaChannelFormatDesc cudaCreateChannelDesc<ushort2>(void)
 [01;31m[K^~~~~~~~[m[K
[01m[K/usr/local/cuda-10.2/include/channel_descriptor.h:246:1:[m[K [01;31m[Kerror: [m[Ktemplate specialization with C linkage
 [01;31m[Ktemplate[m[K<> __inline__ __host__ cudaChannelFormatDesc cudaCreateChannelDesc<short4>(void)
 [01;31m[K^~~~~~~~[m[K
[01m[K/usr/local/cuda-10.2/include/channel_descriptor.h:253:1:[m[K [01;31m[Kerror: [m[Ktemplate specialization with C linkage
 [01;31m[Ktemplate[m[K<> __inline__ __host__ cudaChannelFormatDesc cudaCreateChannelDesc<ushort4>(void)
 [01;31m[K^~~~~~~~[m[K
[01m[K/usr/local/cuda-10.2/include/channel_descriptor.h:260:1:[m[K [01;31m[Kerror: [m[Ktemplate specialization with C linkage
 [01;31m[Ktemplate[m[K<> __inline__ __host__ cudaChannelFormatDesc cudaCreateChannelDesc<int>(void)
 [01;31m[K^~~~~~~~[m[K
[01m[K/usr/local/cuda-10.2/include/channel_descriptor.h:267:1:[m[K [01;31m[Kerror: [m[Ktemplate specialization with C linkage
 [01;31m[Ktemplate[m[K<> __inline__ __host__ cudaChannelFormatDesc cudaCreateChannelDesc<unsigned int>(void)
 [01;31m[K^~~~~~~~[m[K
[01m[K/usr/local/cuda-10.2/include/channel_descriptor.h:274:1:[m[K [01;31m[Kerror: [m[Ktemplate specialization with C linkage
 [01;31m[Ktemplate[m[K<> __inline__ __host__ cudaChannelFormatDesc cudaCreateChannelDesc<int1>(void)
 [01;31m[K^~~~~~~~[m[K
[01m[K/usr/local/cuda-10.2/include/channel_descriptor.h:281:1:[m[K [01;31m[Kerror: [m[Ktemplate specialization with C linkage
 [01;31m[Ktemplate[m[K<> __inline__ __host__ cudaChannelFormatDesc cudaCreateChannelDesc<uint1>(void)
 [01;31m[K^~~~~~~~[m[K
[01m[K/usr/local/cuda-10.2/include/channel_descriptor.h:288:1:[m[K [01;31m[Kerror: [m[Ktemplate specialization with C linkage
 [01;31m[Ktemplate[m[K<> __inline__ __host__ cudaChannelFormatDesc cudaCreateChannelDesc<int2>(void)
 [01;31m[K^~~~~~~~[m[K
[01m[K/usr/local/cuda-10.2/include/channel_descriptor.h:295:1:[m[K [01;31m[Kerror: [m[Ktemplate specialization with C linkage
 [01;31m[Ktemplate[m[K<> __inline__ __host__ cudaChannelFormatDesc cudaCreateChannelDesc<uint2>(void)
 [01;31m[K^~~~~~~~[m[K
[01m[K/usr/local/cuda-10.2/include/channel_descriptor.h:302:1:[m[K [01;31m[Kerror: [m[Ktemplate specialization with C linkage
 [01;31m[Ktemplate[m[K<> __inline__ __host__ cudaChannelFormatDesc cudaCreateChannelDesc<int4>(void)
 [01;31m[K^~~~~~~~[m[K
[01m[K/usr/local/cuda-10.2/include/channel_descriptor.h:309:1:[m[K [01;31m[Kerror: [m[Ktemplate specialization with C linkage
 [01;31m[Ktemplate[m[K<> __inline__ __host__ cudaChannelFormatDesc cudaCreateChannelDesc<uint4>(void)
 [01;31m[K^~~~~~~~[m[K
[01m[K/usr/local/cuda-10.2/include/channel_descriptor.h:376:1:[m[K [01;31m[Kerror: [m[Ktemplate specialization with C linkage
 [01;31m[Ktemplate[m[K<> __inline__ __host__ cudaChannelFormatDesc cudaCreateChannelDesc<float>(void)
 [01;31m[K^~~~~~~~[m[K
[01m[K/usr/local/cuda-10.2/include/channel_descriptor.h:383:1:[m[K [01;31m[Kerror: [m[Ktemplate specialization with C linkage
 [01;31m[Ktemplate[m[K<> __inline__ __host__ cudaChannelFormatDesc cudaCreateChannelDesc<float1>(void)
 [01;31m[K^~~~~~~~[m[K
[01m[K/usr/local/cuda-10.2/include/channel_descriptor.h:390:1:[m[K [01;31m[Kerror: [m[Ktemplate specialization with C linkage
 [01;31m[Ktemplate[m[K<> __inline__ __host__ cudaChannelFormatDesc cudaCreateChannelDesc<float2>(void)
 [01;31m[K^~~~~~~~[m[K
[01m[K/usr/local/cuda-10.2/include/channel_descriptor.h:397:1:[m[K [01;31m[Kerror: [m[Ktemplate specialization with C linkage
 [01;31m[Ktemplate[m[K<> __inline__ __host__ cudaChannelFormatDesc cudaCreateChannelDesc<float4>(void)
 [01;31m[K^~~~~~~~[m[K
In file included from [01m[K/home/hansol/ros2_ws/src/darknet_ros/darknet_ros/src/YoloObjectDetector.cpp:2:0[m[K:
[01m[K/usr/local/cuda-10.2/include/cuda_runtime.h:199:1:[m[K [01;31m[Kerror: [m[Ktemplate with C linkage
 [01;31m[Ktemplate[m[K<class T>
 [01;31m[K^~~~~~~~[m[K
[01m[K/usr/local/cuda-10.2/include/cuda_runtime.h:261:1:[m[K [01;31m[Kerror: [m[Ktemplate with C linkage
 [01;31m[Ktemplate[m[K<class T>
 [01;31m[K^~~~~~~~[m[K
[01m[K/usr/local/cuda-10.2/include/cuda_runtime.h:[m[K In function ‘[01m[KcudaError_t cudaEventCreate(CUevent_st**, unsigned int)[m[K’:
[01m[K/usr/local/cuda-10.2/include/cuda_runtime.h:305:40:[m[K [01;31m[Kerror: [m[Kconflicting declaration of C function ‘[01m[KcudaError_t cudaEventCreate(CUevent_st**, unsigned int)[m[K’
 tatic __inline__ __host__ cudaError_t [01;31m[KcudaEventCreate[m[K(
                                       [01;31m[K^~~~~~~~~~~~~~~[m[K
In file included from [01m[K/usr/local/cuda-10.2/include/channel_descriptor.h:61:0[m[K,
                 from [01m[K/usr/local/cuda-10.2/include/cuda_runtime.h:95[m[K,
                 from [01m[K/home/hansol/ros2_ws/src/darknet_ros/darknet_ros/src/YoloObjectDetector.cpp:2[m[K:
[01m[K/usr/local/cuda-10.2/include/cuda_runtime_api.h:2714:39:[m[K [01;36m[Knote: [m[Kprevious declaration ‘[01m[KcudaError_t cudaEventCreate(CUevent_st**)[m[K’
 extern __host__ cudaError_t CUDARTAPI [01;36m[KcudaEventCreate[m[K(cudaEvent_t *event);
                                       [01;36m[K^~~~~~~~~~~~~~~[m[K
In file included from [01m[K/home/hansol/ros2_ws/src/darknet_ros/darknet_ros/src/YoloObjectDetector.cpp:2:0[m[K:
[01m[K/usr/local/cuda-10.2/include/cuda_runtime.h:[m[K In function ‘[01m[KcudaError_t cudaMallocHost(void**, size_t, unsigned int)[m[K’:
[01m[K/usr/local/cuda-10.2/include/cuda_runtime.h:370:40:[m[K [01;31m[Kerror: [m[Kconflicting declaration of C function ‘[01m[KcudaError_t cudaMallocHost(void**, size_t, unsigned int)[m[K’
 tatic __inline__ __host__ cudaError_t [01;31m[KcudaMallocHost[m[K(
                                       [01;31m[K^~~~~~~~~~~~~~[m[K
In file included from [01m[K/usr/local/cuda-10.2/include/channel_descriptor.h:61:0[m[K,
                 from [01m[K/usr/local/cuda-10.2/include/cuda_runtime.h:95[m[K,
                 from [01m[K/home/hansol/ros2_ws/src/darknet_ros/darknet_ros/src/YoloObjectDetector.cpp:2[m[K:
[01m[K/usr/local/cuda-10.2/include/cuda_runtime_api.h:4322:39:[m[K [01;36m[Knote: [m[Kprevious declaration ‘[01m[KcudaError_t cudaMallocHost(void**, size_t)[m[K’
 extern __host__ cudaError_t CUDARTAPI [01;36m[KcudaMallocHost[m[K(void **ptr, size_t size);
                                       [01;36m[K^~~~~~~~~~~~~~[m[K
In file included from [01m[K/home/hansol/ros2_ws/src/darknet_ros/darknet_ros/src/YoloObjectDetector.cpp:2:0[m[K:
[01m[K/usr/local/cuda-10.2/include/cuda_runtime.h:[m[K At global scope:
[01m[K/usr/local/cuda-10.2/include/cuda_runtime.h:379:1:[m[K [01;31m[Kerror: [m[Ktemplate with C linkage
 [01;31m[Ktemplate[m[K<class T>
 [01;31m[K^~~~~~~~[m[K
[01m[K/usr/local/cuda-10.2/include/cuda_runtime.h:389:1:[m[K [01;31m[Kerror: [m[Ktemplate with C linkage
 [01;31m[Ktemplate[m[K<class T>
 [01;31m[K^~~~~~~~[m[K
[01m[K/usr/local/cuda-10.2/include/cuda_runtime.h:499:1:[m[K [01;31m[Kerror: [m[Ktemplate with C linkage
 [01;31m[Ktemplate[m[K<class T>
 [01;31m[K^~~~~~~~[m[K
[01m[K/usr/local/cuda-10.2/include/cuda_runtime.h:589:1:[m[K [01;31m[Kerror: [m[Ktemplate with C linkage
 [01;31m[Ktemplate[m[K<class T>
 [01;31m[K^~~~~~~~[m[K
[01m[K/usr/local/cuda-10.2/include/cuda_runtime.h:600:1:[m[K [01;31m[Kerror: [m[Ktemplate with C linkage
 [01;31m[Ktemplate[m[K<class T>
 [01;31m[K^~~~~~~~[m[K
[01m[K/usr/local/cuda-10.2/include/cuda_runtime.h:609:1:[m[K [01;31m[Kerror: [m[Ktemplate with C linkage
 [01;31m[Ktemplate[m[K<class T>
 [01;31m[K^~~~~~~~[m[K
[01m[K/usr/local/cuda-10.2/include/cuda_runtime.h:619:1:[m[K [01;31m[Kerror: [m[Ktemplate with C linkage
 [01;31m[Ktemplate[m[K<class T>
 [01;31m[K^~~~~~~~[m[K
In file included from [01m[K/usr/include/c++/7/utility:69:0[m[K,
                 from [01m[K/usr/local/cuda-10.2/include/cuda_fp16.hpp:57[m[K,
                 from [01m[K/usr/local/cuda-10.2/include/cuda_fp16.h:3050[m[K,
                 from [01m[K/usr/local/cuda-10.2/include/cublas_api.h:75[m[K,
                 from [01m[K/usr/local/cuda-10.2/include/cublas_v2.h:65[m[K,
                 from [01m[K/home/hansol/ros2_ws/src/darknet_ros/darknet_ros/src/YoloObjectDetector.cpp:4[m[K:
[01m[K/usr/include/c++/7/bits/stl_relops.h:85:5:[m[K [01;31m[Kerror: [m[Ktemplate with C linkage
     [01;31m[Ktemplate[m[K <class _Tp>
     [01;31m[K^~~~~~~~[m[K
[01m[K/usr/include/c++/7/bits/stl_relops.h:98:5:[m[K [01;31m[Kerror: [m[Ktemplate with C linkage
     [01;31m[Ktemplate[m[K <class _Tp>
     [01;31m[K^~~~~~~~[m[K
[01m[K/usr/include/c++/7/bits/stl_relops.h:111:5:[m[K [01;31m[Kerror: [m[Ktemplate with C linkage
     [01;31m[Ktemplate[m[K <class _Tp>
     [01;31m[K^~~~~~~~[m[K
[01m[K/usr/include/c++/7/bits/stl_relops.h:124:5:[m[K [01;31m[Kerror: [m[Ktemplate with C linkage
     [01;31m[Ktemplate[m[K <class _Tp>
     [01;31m[K^~~~~~~~[m[K
In file included from [01m[K/usr/include/c++/7/utility:76:0[m[K,
                 from [01m[K/usr/local/cuda-10.2/include/cuda_fp16.hpp:57[m[K,
                 from [01m[K/usr/local/cuda-10.2/include/cuda_fp16.h:3050[m[K,
                 from [01m[K/usr/local/cuda-10.2/include/cublas_api.h:75[m[K,
                 from [01m[K/usr/local/cuda-10.2/include/cublas_v2.h:65[m[K,
                 from [01m[K/home/hansol/ros2_ws/src/darknet_ros/darknet_ros/src/YoloObjectDetector.cpp:4[m[K:
[01m[K/usr/include/c++/7/initializer_list:46:3:[m[K [01;31m[Kerror: [m[Ktemplate with C linkage
   [01;31m[Ktemplate[m[K<class _E>
   [01;31m[K^~~~~~~~[m[K
[01m[K/usr/include/c++/7/initializer_list:87:3:[m[K [01;31m[Kerror: [m[Ktemplate with C linkage
   [01;31m[Ktemplate[m[K<class _Tp>
   [01;31m[K^~~~~~~~[m[K
[01m[K/usr/include/c++/7/initializer_list:97:3:[m[K [01;31m[Kerror: [m[Ktemplate with C linkage
   [01;31m[Ktemplate[m[K<class _Tp>
   [01;31m[K^~~~~~~~[m[K
In file included from [01m[K/usr/local/cuda-10.2/include/cuda_fp16.hpp:57:0[m[K,
                 from [01m[K/usr/local/cuda-10.2/include/cuda_fp16.h:3050[m[K,
                 from [01m[K/usr/local/cuda-10.2/include/cublas_api.h:75[m[K,
                 from [01m[K/usr/local/cuda-10.2/include/cublas_v2.h:65[m[K,
                 from [01m[K/home/hansol/ros2_ws/src/darknet_ros/darknet_ros/src/YoloObjectDetector.cpp:4[m[K:
[01m[K/usr/include/c++/7/utility:83:3:[m[K [01;31m[Kerror: [m[Ktemplate with C linkage
   [01;31m[Ktemplate[m[K<typename _Tp>
   [01;31m[K^~~~~~~~[m[K
[01m[K/usr/include/c++/7/utility:108:3:[m[K [01;31m[Kerror: [m[Ktemplate with C linkage
   [01;31m[Ktemplate[m[K<typename _Tp,
   [01;31m[K^~~~~~~~[m[K
[01m[K/usr/include/c++/7/utility:114:3:[m[K [01;31m[Kerror: [m[Ktemplate with C linkage
   [01;31m[Ktemplate[m[K<typename _Tp>
   [01;31m[K^~~~~~~~[m[K
[01m[K/usr/include/c++/7/utility:118:3:[m[K [01;31m[Kerror: [m[Ktemplate with C linkage
   [01;31m[Ktemplate[m[K<typename _Tp>
   [01;31m[K^~~~~~~~[m[K
[01m[K/usr/include/c++/7/utility:122:3:[m[K [01;31m[Kerror: [m[Ktemplate with C linkage
   [01;31m[Ktemplate[m[K<typename _Tp>
   [01;31m[K^~~~~~~~[m[K
[01m[K/usr/include/c++/7/utility:128:3:[m[K [01;31m[Kerror: [m[Ktemplate with C linkage
   [01;31m[Ktemplate[m[K<std::size_t __i, typename _Tp>
   [01;31m[K^~~~~~~~[m[K
[01m[K/usr/include/c++/7/utility:132:3:[m[K [01;31m[Kerror: [m[Ktemplate with C linkage
   [01;31m[Ktemplate[m[K<std::size_t __i, typename _Tp>
   [01;31m[K^~~~~~~~[m[K
[01m[K/usr/include/c++/7/utility:135:3:[m[K [01;31m[Kerror: [m[Ktemplate with C linkage
   [01;31m[Ktemplate[m[K<std::size_t __i, typename _Tp>
   [01;31m[K^~~~~~~~[m[K
[01m[K/usr/include/c++/7/utility:141:3:[m[K [01;31m[Kerror: [m[Ktemplate with C linkage
   [01;31m[Ktemplate[m[K<std::size_t __i, typename _Tp>
   [01;31m[K^~~~~~~~[m[K
[01m[K/usr/include/c++/7/utility:147:3:[m[K [01;31m[Kerror: [m[Ktemplate with C linkage
   [01;31m[Ktemplate[m[K<std::size_t __i, typename _Tp>
   [01;31m[K^~~~~~~~[m[K
[01m[K/usr/include/c++/7/utility:156:3:[m[K [01;31m[Kerror: [m[Ktemplate with C linkage
   [01;31m[Ktemplate[m[K<std::size_t __i, typename _Tp>
   [01;31m[K^~~~~~~~[m[K
[01m[K/usr/include/c++/7/utility:163:3:[m[K [01;31m[Kerror: [m[Ktemplate with C linkage
   [01;31m[Ktemplate[m[K<typename _T1, typename _T2>
   [01;31m[K^~~~~~~~[m[K
[01m[K/usr/include/c++/7/utility:168:3:[m[K [01;31m[Kerror: [m[Ktemplate with C linkage
   [01;31m[Ktemplate[m[K<class _Tp1, class _Tp2>
   [01;31m[K^~~~~~~~[m[K
[01m[K/usr/include/c++/7/utility:173:3:[m[K [01;31m[Kerror: [m[Ktemplate with C linkage
   [01;31m[Ktemplate[m[K<class _Tp1, class _Tp2>
   [01;31m[K^~~~~~~~[m[K
[01m[K/usr/include/c++/7/utility:178:3:[m[K [01;31m[Kerror: [m[Ktemplate with C linkage
   [01;31m[Ktemplate[m[K<class _Tp1, class _Tp2>
   [01;31m[K^~~~~~~~[m[K
[01m[K/usr/include/c++/7/utility:182:3:[m[K [01;31m[Kerror: [m[Ktemplate with C linkage
   [01;31m[Ktemplate[m[K<std::size_t _Int>
   [01;31m[K^~~~~~~~[m[K
[01m[K/usr/include/c++/7/utility:185:3:[m[K [01;31m[Kerror: [m[Ktemplate specialization with C linkage
   [01;31m[Ktemplate[m[K<>
   [01;31m[K^~~~~~~~[m[K
[01m[K/usr/include/c++/7/utility:204:3:[m[K [01;31m[Kerror: [m[Ktemplate specialization with C linkage
   [01;31m[Ktemplate[m[K<>
   [01;31m[K^~~~~~~~[m[K
[01m[K/usr/include/c++/7/utility:223:3:[m[K [01;31m[Kerror: [m[Ktemplate with C linkage
   [01;31m[Ktemplate[m[K<std::size_t _Int, class _Tp1, class _Tp2>
   [01;31m[K^~~~~~~~[m[K
[01m[K/usr/include/c++/7/utility:228:3:[m[K [01;31m[Kerror: [m[Ktemplate with C linkage
   [01;31m[Ktemplate[m[K<std::size_t _Int, class _Tp1, class _Tp2>
   [01;31m[K^~~~~~~~[m[K
[01m[K/usr/include/c++/7/utility:233:3:[m[K [01;31m[Kerror: [m[Ktemplate with C linkage
   [01;31m[Ktemplate[m[K<std::size_t _Int, class _Tp1, class _Tp2>
   [01;31m[K^~~~~~~~[m[K
[01m[K/usr/include/c++/7/utility:242:3:[m[K [01;31m[Kerror: [m[Ktemplate with C linkage
   [01;31m[Ktemplate[m[K <typename _Tp, typename _Up>
   [01;31m[K^~~~~~~~[m[K
[01m[K/usr/include/c++/7/utility:247:3:[m[K [01;31m[Kerror: [m[Ktemplate with C linkage
   [01;31m[Ktemplate[m[K <typename _Tp, typename _Up>
   [01;31m[K^~~~~~~~[m[K
[01m[K/usr/include/c++/7/utility:252:3:[m[K [01;31m[Kerror: [m[Ktemplate with C linkage
   [01;31m[Ktemplate[m[K <typename _Tp, typename _Up>
   [01;31m[K^~~~~~~~[m[K
[01m[K/usr/include/c++/7/utility:257:3:[m[K [01;31m[Kerror: [m[Ktemplate with C linkage
   [01;31m[Ktemplate[m[K <typename _Tp, typename _Up>
   [01;31m[K^~~~~~~~[m[K
[01m[K/usr/include/c++/7/utility:262:3:[m[K [01;31m[Kerror: [m[Ktemplate with C linkage
   [01;31m[Ktemplate[m[K <typename _Tp, typename _Up>
   [01;31m[K^~~~~~~~[m[K
[01m[K/usr/include/c++/7/utility:267:3:[m[K [01;31m[Kerror: [m[Ktemplate with C linkage
   [01;31m[Ktemplate[m[K <typename _Tp, typename _Up>
   [01;31m[K^~~~~~~~[m[K
[01m[K/usr/include/c++/7/utility:275:3:[m[K [01;31m[Kerror: [m[Ktemplate with C linkage
   [01;31m[Ktemplate[m[K <typename _Tp, typename _Up = _Tp>
   [01;31m[K^~~~~~~~[m[K
[01m[K/usr/include/c++/7/utility:283:3:[m[K [01;31m[Kerror: [m[Ktemplate with C linkage
   [01;31m[Ktemplate[m[K<size_t... _Indexes> struct _Index_tuple { };
   [01;31m[K^~~~~~~~[m[K
[01m[K/usr/include/c++/7/utility:286:3:[m[K [01;31m[Kerror: [m[Ktemplate with C linkage
   [01;31m[Ktemplate[m[K<typename _Itup1, typename _Itup2> struct _Itup_cat;
   [01;31m[K^~~~~~~~[m[K
[01m[K/usr/include/c++/7/utility:288:3:[m[K [01;31m[Kerror: [m[Ktemplate with C linkage
   [01;31m[Ktemplate[m[K<size_t... _Ind1, size_t... _Ind2>
   [01;31m[K^~~~~~~~[m[K
[01m[K/usr/include/c++/7/utility:295:3:[m[K [01;31m[Kerror: [m[Ktemplate with C linkage
   [01;31m[Ktemplate[m[K<size_t _Num>
   [01;31m[K^~~~~~~~[m[K
[01m[K/usr/include/c++/7/utility:301:3:[m[K [01;31m[Kerror: [m[Ktemplate specialization with C linkage
   [01;31m[Ktemplate[m[K<>
   [01;31m[K^~~~~~~~[m[K
[01m[K/usr/include/c++/7/utility:307:3:[m[K [01;31m[Kerror: [m[Ktemplate specialization with C linkage
   [01;31m[Ktemplate[m[K<>
   [01;31m[K^~~~~~~~[m[K
[01m[K/usr/include/c++/7/utility:318:3:[m[K [01;31m[Kerror: [m[Ktemplate with C linkage
   [01;31m[Ktemplate[m[K<typename _Tp, _Tp... _Idx>
   [01;31m[K^~~~~~~~[m[K
[01m[K/usr/include/c++/7/utility:325:3:[m[K [01;31m[Kerror: [m[Ktemplate with C linkage
   [01;31m[Ktemplate[m[K<typename _Tp, _Tp _Num,
   [01;31m[K^~~~~~~~[m[K
[01m[K/usr/include/c++/7/utility:329:3:[m[K [01;31m[Kerror: [m[Ktemplate with C linkage
   [01;31m[Ktemplate[m[K<typename _Tp, _Tp _Num,  size_t... _Idx>
   [01;31m[K^~~~~~~~[m[K
[01m[K/usr/include/c++/7/utility:339:3:[m[K [01;31m[Kerror: [m[Ktemplate with C linkage
   [01;31m[Ktemplate[m[K<typename _Tp, _Tp _Num>
   [01;31m[K^~~~~~~~[m[K
[01m[K/usr/include/c++/7/utility:344:3:[m[K [01;31m[Kerror: [m[Ktemplate with C linkage
   [01;31m[Ktemplate[m[K<size_t... _Idx>
   [01;31m[K^~~~~~~~[m[K
[01m[K/usr/include/c++/7/utility:348:3:[m[K [01;31m[Kerror: [m[Ktemplate with C linkage
   [01;31m[Ktemplate[m[K<size_t _Num>
   [01;31m[K^~~~~~~~[m[K
[01m[K/usr/include/c++/7/utility:352:3:[m[K [01;31m[Kerror: [m[Ktemplate with C linkage
   [01;31m[Ktemplate[m[K<typename... _Types>
   [01;31m[K^~~~~~~~[m[K
[01m[K/usr/include/c++/7/utility:364:3:[m[K [01;31m[Kerror: [m[Ktemplate with C linkage
   [01;31m[Ktemplate[m[K<typename _Tp> struct in_place_type_t
   [01;31m[K^~~~~~~~[m[K
[01m[K/usr/include/c++/7/utility:369:3:[m[K [01;31m[Kerror: [m[Ktemplate with C linkage
   [01;31m[Ktemplate[m[K<typename _Tp>
   [01;31m[K^~~~~~~~[m[K
[01m[K/usr/include/c++/7/utility:372:3:[m[K [01;31m[Kerror: [m[Ktemplate with C linkage
   [01;31m[Ktemplate[m[K<size_t _Idx> struct in_place_index_t
   [01;31m[K^~~~~~~~[m[K
[01m[K/usr/include/c++/7/utility:377:3:[m[K [01;31m[Kerror: [m[Ktemplate with C linkage
   [01;31m[Ktemplate[m[K<size_t _Idx>
   [01;31m[K^~~~~~~~[m[K
[01m[K/usr/include/c++/7/utility:380:3:[m[K [01;31m[Kerror: [m[Ktemplate with C linkage
   [01;31m[Ktemplate[m[K<typename>
   [01;31m[K^~~~~~~~[m[K
[01m[K/usr/include/c++/7/utility:384:3:[m[K [01;31m[Kerror: [m[Ktemplate with C linkage
   [01;31m[Ktemplate[m[K<typename _Tp>
   [01;31m[K^~~~~~~~[m[K
[01m[K/usr/include/c++/7/utility:388:3:[m[K [01;31m[Kerror: [m[Ktemplate with C linkage
   [01;31m[Ktemplate[m[K<typename _Tp>
   [01;31m[K^~~~~~~~[m[K
[01m[K/usr/include/c++/7/utility:394:3:[m[K [01;31m[Kerror: [m[Ktemplate with C linkage
   [01;31m[Ktemplate[m[K<typename _Tp>
   [01;31m[K^~~~~~~~[m[K
[01m[K/usr/include/c++/7/utility:397:3:[m[K [01;31m[Kerror: [m[Ktemplate with C linkage
   [01;31m[Ktemplate[m[K<typename _Tp>
   [01;31m[K^~~~~~~~[m[K
[01m[K/home/hansol/ros2_ws/src/darknet_ros/darknet_ros/src/YoloObjectDetector.cpp:[m[K In member function ‘[01m[Kvoid* darknet_ros::YoloObjectDetector::detectInThread()[m[K’:
[01m[K/home/hansol/ros2_ws/src/darknet_ros/darknet_ros/src/YoloObjectDetector.cpp:391:43:[m[K [01;31m[Kerror: [m[Kcould not convert ‘[01m[K((darknet_ros::YoloObjectDetector*)this)->darknet_ros::YoloObjectDetector::net_[m[K’ from ‘[01m[Knetwork*[m[K’ to ‘[01m[Knetwork[m[K’
 float *prediction = network_predict_gpu([01;31m[Knet_[m[K, X);
                                         [01;31m[K^~~~[m[K
[01m[K/home/hansol/ros2_ws/src/darknet_ros/darknet_ros/src/YoloObjectDetector.cpp:[m[K At global scope:
[01m[K/home/hansol/ros2_ws/src/darknet_ros/darknet_ros/src/YoloObjectDetector.cpp:460:3:[m[K [01;31m[Kerror: [m[Kexpected unqualified-id before ‘[01m[Kif[m[K’
   [01;31m[Kif[m[K (count == 0) {
   [01;31m[K^~[m[K
[01m[K/home/hansol/ros2_ws/src/darknet_ros/darknet_ros/src/YoloObjectDetector.cpp:462:5:[m[K [01;31m[Kerror: [m[Kexpected unqualified-id before ‘[01m[Kelse[m[K’
   } [01;31m[Kelse[m[K {
     [01;31m[K^~~~[m[K
[01m[K/home/hansol/ros2_ws/src/darknet_ros/darknet_ros/src/YoloObjectDetector.cpp:466:18:[m[K [01;31m[Kerror: [m[Kexpected constructor, destructor, or type conversion before ‘[01m[K([m[K’ token
   free_detections[01;31m[K([m[Kdets, nboxes);
                  [01;31m[K^[m[K
[01m[K/home/hansol/ros2_ws/src/darknet_ros/darknet_ros/src/YoloObjectDetector.cpp:467:3:[m[K [01;31m[Kerror: [m[K‘[01m[KdemoIndex_[m[K’ does not name a type; did you mean ‘[01m[Kremainderl[m[K’?
   [01;31m[KdemoIndex_[m[K = (demoIndex_ + 1) % demoFrame_;
   [01;31m[K^~~~~~~~~~[m[K
   [32m[Kremainderl[m[K
[01m[K/home/hansol/ros2_ws/src/darknet_ros/darknet_ros/src/YoloObjectDetector.cpp:468:3:[m[K [01;31m[Kerror: [m[K‘[01m[Krunning_[m[K’ does not name a type
   [01;31m[Krunning_[m[K = 0;
   [01;31m[K^~~~~~~~[m[K
[01m[K/home/hansol/ros2_ws/src/darknet_ros/darknet_ros/src/YoloObjectDetector.cpp:469:3:[m[K [01;31m[Kerror: [m[Kexpected unqualified-id before ‘[01m[Kreturn[m[K’
   [01;31m[Kreturn[m[K 0;
   [01;31m[K^~~~~~[m[K
[01m[K/home/hansol/ros2_ws/src/darknet_ros/darknet_ros/src/YoloObjectDetector.cpp:472:7:[m[K [01;31m[Kerror: [m[K‘[01m[KYoloObjectDetector[m[K’ has not been declared
 void* [01;31m[KYoloObjectDetector[m[K::fetchInThread() {
       [01;31m[K^~~~~~~~~~~~~~~~~~[m[K
[01m[K/home/hansol/ros2_ws/src/darknet_ros/darknet_ros/src/YoloObjectDetector.cpp:[m[K In function ‘[01m[Kvoid* fetchInThread()[m[K’:
[01m[K/home/hansol/ros2_ws/src/darknet_ros/darknet_ros/src/YoloObjectDetector.cpp:474:46:[m[K [01;31m[Kerror: [m[K‘[01m[KmutexImageCallback_[m[K’ was not declared in this scope
 ::shared_lock<std::shared_mutex> lock([01;31m[KmutexImageCallback_[m[K);
                                       [01;31m[K^~~~~~~~~~~~~~~~~~~[m[K
[01m[K/home/hansol/ros2_ws/src/darknet_ros/darknet_ros/src/YoloObjectDetector.cpp:474:46:[m[K [01;36m[Knote: [m[Ksuggested alternative: ‘[01m[KcvSetMouseCallback[m[K’
 ::shared_lock<std::shared_mutex> lock([01;36m[KmutexImageCallback_[m[K);
                                       [01;36m[K^~~~~~~~~~~~~~~~~~~[m[K
                                              [32m[KcvSetMouseCallback[m[K
[01m[K/home/hansol/ros2_ws/src/darknet_ros/darknet_ros/src/YoloObjectDetector.cpp:475:5:[m[K [01;31m[Kerror: [m[K‘[01m[KCvMatWithHeader_[m[K’ was not declared in this scope
     [01;31m[KCvMatWithHeader_[m[K imageAndHeader = getCvMatWithHeader();
     [01;31m[K^~~~~~~~~~~~~~~~[m[K
[01m[K/home/hansol/ros2_ws/src/darknet_ros/darknet_ros/src/YoloObjectDetector.cpp:475:5:[m[K [01;36m[Knote: [m[Ksuggested alternative:
In file included from [01m[K/home/hansol/ros2_ws/src/darknet_ros/darknet_ros/src/YoloObjectDetector.cpp:11:0[m[K:
[01m[K/home/hansol/ros2_ws/src/darknet_ros/darknet_ros/include/darknet_ros/YoloObjectDetector.hpp:95:3:[m[K [01;36m[Knote: [m[K  ‘[01m[Kdarknet_ros::CvMatWithHeader_[m[K’
 } [01;36m[KCvMatWithHeader_[m[K;
   [01;36m[K^~~~~~~~~~~~~~~~[m[K
[01m[K/home/hansol/ros2_ws/src/darknet_ros/darknet_ros/src/YoloObjectDetector.cpp:476:16:[m[K [01;31m[Kerror: [m[K‘[01m[Kbuff_[m[K’ was not declared in this scope
     free_image([01;31m[Kbuff_[m[K[buffIndex_]);
                [01;31m[K^~~~~[m[K
[01m[K/home/hansol/ros2_ws/src/darknet_ros/darknet_ros/src/YoloObjectDetector.cpp:476:22:[m[K [01;31m[Kerror: [m[K‘[01m[KbuffIndex_[m[K’ was not declared in this scope
     free_image(buff_[[01;31m[KbuffIndex_[m[K]);
                      [01;31m[K^~~~~~~~~~[m[K
[01m[K/home/hansol/ros2_ws/src/darknet_ros/darknet_ros/src/YoloObjectDetector.cpp:477:38:[m[K [01;31m[Kerror: [m[K‘[01m[KimageAndHeader[m[K’ was not declared in this scope
     buff_[buffIndex_] = mat_to_image([01;31m[KimageAndHeader[m[K.image);
                                      [01;31m[K^~~~~~~~~~~~~~[m[K
[01m[K/home/hansol/ros2_ws/src/darknet_ros/darknet_ros/src/YoloObjectDetector.cpp:477:38:[m[K [01;36m[Knote: [m[Ksuggested alternative: ‘[01m[KImageByteOrder[m[K’
     buff_[buffIndex_] = mat_to_image([01;36m[KimageAndHeader[m[K.image);
                                      [01;36m[K^~~~~~~~~~~~~~[m[K
                                      [32m[KImageByteOrder[m[K
[01m[K/home/hansol/ros2_ws/src/darknet_ros/darknet_ros/src/YoloObjectDetector.cpp:478:5:[m[K [01;31m[Kerror: [m[K‘[01m[KheaderBuff_[m[K’ was not declared in this scope
     [01;31m[KheaderBuff_[m[K[buffIndex_] = imageAndHeader.header;
     [01;31m[K^~~~~~~~~~~[m[K
[01m[K/home/hansol/ros2_ws/src/darknet_ros/darknet_ros/src/YoloObjectDetector.cpp:479:5:[m[K [01;31m[Kerror: [m[K‘[01m[KbuffId_[m[K’ was not declared in this scope
     [01;31m[KbuffId_[m[K[buffIndex_] = actionId_;
     [01;31m[K^~~~~~~[m[K
[01m[K/home/hansol/ros2_ws/src/darknet_ros/darknet_ros/src/YoloObjectDetector.cpp:479:27:[m[K [01;31m[Kerror: [m[K‘[01m[KactionId_[m[K’ was not declared in this scope
     buffId_[buffIndex_] = [01;31m[KactionId_[m[K;
                           [01;31m[K^~~~~~~~~[m[K
[01m[K/home/hansol/ros2_ws/src/darknet_ros/darknet_ros/src/YoloObjectDetector.cpp:481:15:[m[K [01;31m[Kerror: [m[K‘[01m[Kbuff_[m[K’ was not declared in this scope
   rgbgr_image([01;31m[Kbuff_[m[K[buffIndex_]);
               [01;31m[K^~~~~[m[K
[01m[K/home/hansol/ros2_ws/src/darknet_ros/darknet_ros/src/YoloObjectDetector.cpp:481:21:[m[K [01;31m[Kerror: [m[K‘[01m[KbuffIndex_[m[K’ was not declared in this scope
   rgbgr_image(buff_[[01;31m[KbuffIndex_[m[K]);
                     [01;31m[K^~~~~~~~~~[m[K
[01m[K/home/hansol/ros2_ws/src/darknet_ros/darknet_ros/src/YoloObjectDetector.cpp:482:43:[m[K [01;31m[Kerror: [m[K‘[01m[Knet_[m[K’ was not declared in this scope
 tterbox_image_into(buff_[buffIndex_], [01;31m[Knet_[m[K->w, net_->h, buffLetter_[buffIndex_]);
                                       [01;31m[K^~~~[m[K
[01m[K/home/hansol/ros2_ws/src/darknet_ros/darknet_ros/src/YoloObjectDetector.cpp:482:43:[m[K [01;36m[Knote: [m[Ksuggested alternative: ‘[01m[Kgetw[m[K’
 tterbox_image_into(buff_[buffIndex_], [01;36m[Knet_[m[K->w, net_->h, buffLetter_[buffIndex_]);
                                       [01;36m[K^~~~[m[K
                                           [32m[Kgetw[m[K
[01m[K/home/hansol/ros2_ws/src/darknet_ros/darknet_ros/src/YoloObjectDetector.cpp:482:61:[m[K [01;31m[Kerror: [m[K‘[01m[KbuffLetter_[m[K’ was not declared in this scope
 (buff_[buffIndex_], net_->w, net_->h, [01;31m[KbuffLetter_[m[K[buffIndex_]);
                                       [01;31m[K^~~~~~~~~~~[m[K
[01m[K/home/hansol/ros2_ws/src/darknet_ros/darknet_ros/src/YoloObjectDetector.cpp:[m[K At global scope:
[01m[K/home/hansol/ros2_ws/src/darknet_ros/darknet_ros/src/YoloObjectDetector.cpp:495:7:[m[K [01;31m[Kerror: [m[K‘[01m[KYoloObjectDetector[m[K’ has not been declared
 void* [01;31m[KYoloObjectDetector[m[K::displayInThread(void* ptr) {
       [01;31m[K^~~~~~~~~~~~~~~~~~[m[K
[01m[K/home/hansol/ros2_ws/src/darknet_ros/darknet_ros/src/YoloObjectDetector.cpp:[m[K In function ‘[01m[Kvoid* displayInThread(void*)[m[K’:
[01m[K/home/hansol/ros2_ws/src/darknet_ros/darknet_ros/src/YoloObjectDetector.cpp:496:17:[m[K [01;31m[Kerror: [m[K‘[01m[Kbuff_[m[K’ was not declared in this scope
   show_image_cv([01;31m[Kbuff_[m[K[(buffIndex_ + 1) % 3], windowName_.c_str());
                 [01;31m[K^~~~~[m[K
[01m[K/home/hansol/ros2_ws/src/darknet_ros/darknet_ros/src/YoloObjectDetector.cpp:496:24:[m[K [01;31m[Kerror: [m[K‘[01m[KbuffIndex_[m[K’ was not declared in this scope
   show_image_cv(buff_[([01;31m[KbuffIndex_[m[K + 1) % 3], windowName_.c_str());
                        [01;31m[K^~~~~~~~~~[m[K
[01m[K/home/hansol/ros2_ws/src/darknet_ros/darknet_ros/src/YoloObjectDetector.cpp:496:46:[m[K [01;31m[Kerror: [m[K‘[01m[KwindowName_[m[K’ was not declared in this scope
 image_cv(buff_[(buffIndex_ + 1) % 3], [01;31m[KwindowName_[m[K.c_str());
                                       [01;31m[K^~~~~~~~~~~[m[K
[01m[K/home/hansol/ros2_ws/src/darknet_ros/darknet_ros/src/YoloObjectDetector.cpp:496:46:[m[K [01;36m[Knote: [m[Ksuggested alternative: ‘[01m[Kwindows[m[K’
 image_cv(buff_[(buffIndex_ + 1) % 3], [01;36m[KwindowName_[m[K.c_str());
                                       [01;36m[K^~~~~~~~~~~[m[K
                                              [32m[Kwindows[m[K
In file included from [01m[K/opt/ros/dashing/include/rclcpp/service.hpp:33:0[m[K,
                 from [01m[K/opt/ros/dashing/include/rclcpp/callback_group.hpp:25[m[K,
                 from [01m[K/opt/ros/dashing/include/rclcpp/any_executable.hpp:20[m[K,
                 from [01m[K/opt/ros/dashing/include/rclcpp/memory_strategy.hpp:24[m[K,
                 from [01m[K/opt/ros/dashing/include/rclcpp/memory_strategies.hpp:18[m[K,
                 from [01m[K/opt/ros/dashing/include/rclcpp/executor.hpp:33[m[K,
                 from [01m[K/opt/ros/dashing/include/rclcpp/executors/multi_threaded_executor.hpp:24[m[K,
                 from [01m[K/opt/ros/dashing/include/rclcpp/executors.hpp:21[m[K,
                 from [01m[K/opt/ros/dashing/include/rclcpp/rclcpp.hpp:144[m[K,
                 from [01m[K/home/hansol/ros2_ws/src/darknet_ros/darknet_ros/include/darknet_ros/YoloObjectDetector.hpp:25[m[K,
                 from [01m[K/home/hansol/ros2_ws/src/darknet_ros/darknet_ros/src/YoloObjectDetector.cpp:11[m[K:
[01m[K/home/hansol/ros2_ws/src/darknet_ros/darknet_ros/src/YoloObjectDetector.cpp:497:16:[m[K [01;31m[Kerror: [m[K‘[01m[Kget_logger[m[K’ was not declared in this scope
   RCLCPP_DEBUG([01;31m[Kg[m[Ket_logger(), "Calling cv::waitKey");
                [01;31m[K^[m[K
[01m[K/opt/ros/dashing/include/rclcpp/logging.hpp:77:86:[m[K [01;36m[Knote: [m[Kin definition of macro ‘[01m[KRCLCPP_DEBUG[m[K’
 ence<typename std::remove_cv<decltype([01;36m[Klogger[m[K)>::type>::type, \
                                       [01;36m[K^~~~~~[m[K
[01m[K/home/hansol/ros2_ws/src/darknet_ros/darknet_ros/src/YoloObjectDetector.cpp:497:16:[m[K [01;36m[Knote: [m[Ksuggested alternative:
   RCLCPP_DEBUG([01;36m[Kg[m[Ket_logger(), "Calling cv::waitKey");
                [01;36m[K^[m[K
[01m[K/opt/ros/dashing/include/rclcpp/logging.hpp:77:86:[m[K [01;36m[Knote: [m[Kin definition of macro ‘[01m[KRCLCPP_DEBUG[m[K’
 ence<typename std::remove_cv<decltype([01;36m[Klogger[m[K)>::type>::type, \
                                       [01;36m[K^~~~~~[m[K
In file included from [01m[K/opt/ros/dashing/include/rclcpp/logging.hpp:22:0[m[K,
                 from [01m[K/opt/ros/dashing/include/rclcpp/service.hpp:33[m[K,
                 from [01m[K/opt/ros/dashing/include/rclcpp/callback_group.hpp:25[m[K,
                 from [01m[K/opt/ros/dashing/include/rclcpp/any_executable.hpp:20[m[K,
                 from [01m[K/opt/ros/dashing/include/rclcpp/memory_strategy.hpp:24[m[K,
                 from [01m[K/opt/ros/dashing/include/rclcpp/memory_strategies.hpp:18[m[K,
                 from [01m[K/opt/ros/dashing/include/rclcpp/executor.hpp:33[m[K,
                 from [01m[K/opt/ros/dashing/include/rclcpp/executors/multi_threaded_executor.hpp:24[m[K,
                 from [01m[K/opt/ros/dashing/include/rclcpp/executors.hpp:21[m[K,
                 from [01m[K/opt/ros/dashing/include/rclcpp/rclcpp.hpp:144[m[K,
                 from [01m[K/home/hansol/ros2_ws/src/darknet_ros/darknet_ros/include/darknet_ros/YoloObjectDetector.hpp:25[m[K,
                 from [01m[K/home/hansol/ros2_ws/src/darknet_ros/darknet_ros/src/YoloObjectDetector.cpp:11[m[K:
[01m[K/opt/ros/dashing/include/rclcpp/logger.hpp:80:17:[m[K [01;36m[Knote: [m[K  ‘[01m[Krclcpp::get_logger[m[K’
   friend Logger [01;36m[Krclcpp[m[K::get_logger(const std::string & name);
                 [01;36m[K^~~~~~[m[K
In file included from [01m[K/opt/ros/dashing/include/rclcpp/service.hpp:33:0[m[K,
                 from [01m[K/opt/ros/dashing/include/rclcpp/callback_group.hpp:25[m[K,
                 from [01m[K/opt/ros/dashing/include/rclcpp/any_executable.hpp:20[m[K,
                 from [01m[K/opt/ros/dashing/include/rclcpp/memory_strategy.hpp:24[m[K,
                 from [01m[K/opt/ros/dashing/include/rclcpp/memory_strategies.hpp:18[m[K,
                 from [01m[K/opt/ros/dashing/include/rclcpp/executor.hpp:33[m[K,
                 from [01m[K/opt/ros/dashing/include/rclcpp/executors/multi_threaded_executor.hpp:24[m[K,
                 from [01m[K/opt/ros/dashing/include/rclcpp/executors.hpp:21[m[K,
                 from [01m[K/opt/ros/dashing/include/rclcpp/rclcpp.hpp:144[m[K,
                 from [01m[K/home/hansol/ros2_ws/src/darknet_ros/darknet_ros/include/darknet_ros/YoloObjectDetector.hpp:25[m[K,
                 from [01m[K/home/hansol/ros2_ws/src/darknet_ros/darknet_ros/src/YoloObjectDetector.cpp:11[m[K:
[01m[K/opt/ros/dashing/include/rclcpp/logging.hpp:77:93:[m[K [01;31m[Kerror: [m[Ktemplate argument 1 is invalid
 pename std::remove_cv<decltype(logger)[01;31m[K>[m[K::type>::type, \
                                       [01;31m[K^[m[K
[01m[K/home/hansol/ros2_ws/src/darknet_ros/darknet_ros/src/YoloObjectDetector.cpp:497:3:[m[K [01;36m[Knote: [m[Kin expansion of macro ‘[01m[KRCLCPP_DEBUG[m[K’
   [01;36m[KR[m[KCLCPP_DEBUG(get_logger(), "Calling cv::waitKey");
   [01;36m[K^[m[K
[01m[K/opt/ros/dashing/include/rclcpp/logging.hpp:77:100:[m[K [01;31m[Kerror: [m[Ktemplate argument 1 is invalid
  std::remove_cv<decltype(logger)>::type[01;31m[K>[m[K::type, \
                                        [01;31m[K^[m[K
[01m[K/home/hansol/ros2_ws/src/darknet_ros/darknet_ros/src/YoloObjectDetector.cpp:497:3:[m[K [01;36m[Knote: [m[Kin expansion of macro ‘[01m[KRCLCPP_DEBUG[m[K’
   [01;36m[KR[m[KCLCPP_DEBUG(get_logger(), "Calling cv::waitKey");
   [01;36m[K^[m[K
[01m[K/opt/ros/dashing/include/rclcpp/logging.hpp:78:32:[m[K [01;31m[Kerror: [m[Ktemplate argument 1 is invalid
       typename ::rclcpp::Logger[01;31m[K>[m[K::value, \
                                [01;31m[K^[m[K
[01m[K/home/hansol/ros2_ws/src/darknet_ros/darknet_ros/src/YoloObjectDetector.cpp:497:3:[m[K [01;36m[Knote: [m[Kin expansion of macro ‘[01m[KRCLCPP_DEBUG[m[K’
   [01;36m[KR[m[KCLCPP_DEBUG(get_logger(), "Calling cv::waitKey");
   [01;36m[K^[m[K
[01m[K/home/hansol/ros2_ws/src/darknet_ros/darknet_ros/src/YoloObjectDetector.cpp:498:23:[m[K [01;31m[Kerror: [m[K‘[01m[KwaitKeyDelay_[m[K’ was not declared in this scope
   int c = cv::waitKey([01;31m[KwaitKeyDelay_[m[K);
                       [01;31m[K^~~~~~~~~~~~~[m[K
[01m[K/home/hansol/ros2_ws/src/darknet_ros/darknet_ros/src/YoloObjectDetector.cpp:501:5:[m[K [01;31m[Kerror: [m[K‘[01m[KdemoDone_[m[K’ was not declared in this scope
     [01;31m[KdemoDone_[m[K = 1;
     [01;31m[K^~~~~~~~~[m[K
[01m[K/home/hansol/ros2_ws/src/darknet_ros/darknet_ros/src/YoloObjectDetector.cpp:504:5:[m[K [01;31m[Kerror: [m[K‘[01m[KdemoThresh_[m[K’ was not declared in this scope
     [01;31m[KdemoThresh_[m[K += .02;
     [01;31m[K^~~~~~~~~~~[m[K
[01m[K/home/hansol/ros2_ws/src/darknet_ros/darknet_ros/src/YoloObjectDetector.cpp:506:5:[m[K [01;31m[Kerror: [m[K‘[01m[KdemoThresh_[m[K’ was not declared in this scope
     [01;31m[KdemoThresh_[m[K -= .02;
     [01;31m[K^~~~~~~~~~~[m[K
[01m[K/home/hansol/ros2_ws/src/darknet_ros/darknet_ros/src/YoloObjectDetector.cpp:509:5:[m[K [01;31m[Kerror: [m[K‘[01m[KdemoHier_[m[K’ was not declared in this scope
     [01;31m[KdemoHier_[m[K += .02;
     [01;31m[K^~~~~~~~~[m[K
[01m[K/home/hansol/ros2_ws/src/darknet_ros/darknet_ros/src/YoloObjectDetector.cpp:511:5:[m[K [01;31m[Kerror: [m[K‘[01m[KdemoHier_[m[K’ was not declared in this scope
     [01;31m[KdemoHier_[m[K -= .02;
     [01;31m[K^~~~~~~~~[m[K
[01m[K/home/hansol/ros2_ws/src/darknet_ros/darknet_ros/src/YoloObjectDetector.cpp:[m[K At global scope:
[01m[K/home/hansol/ros2_ws/src/darknet_ros/darknet_ros/src/YoloObjectDetector.cpp:518:7:[m[K [01;31m[Kerror: [m[K‘[01m[KYoloObjectDetector[m[K’ has not been declared
 void *[01;31m[KYoloObjectDetector[m[K::displayLoop(void *ptr)
       [01;31m[K^~~~~~~~~~~~~~~~~~[m[K
[01m[K/home/hansol/ros2_ws/src/darknet_ros/darknet_ros/src/YoloObjectDetector.cpp:525:7:[m[K [01;31m[Kerror: [m[K‘[01m[KYoloObjectDetector[m[K’ has not been declared
 void *[01;31m[KYoloObjectDetector[m[K::detectLoop(void *ptr)
       [01;31m[K^~~~~~~~~~~~~~~~~~[m[K
[01m[K/home/hansol/ros2_ws/src/darknet_ros/darknet_ros/src/YoloObjectDetector.cpp:[m[K In function ‘[01m[Kvoid* detectLoop(void*)[m[K’:
[01m[K/home/hansol/ros2_ws/src/darknet_ros/darknet_ros/src/YoloObjectDetector.cpp:528:5:[m[K [01;31m[Kerror: [m[K‘[01m[KdetectInThread[m[K’ was not declared in this scope
     [01;31m[KdetectInThread[m[K();
     [01;31m[K^~~~~~~~~~~~~~[m[K
[01m[K/home/hansol/ros2_ws/src/darknet_ros/darknet_ros/src/YoloObjectDetector.cpp:528:5:[m[K [01;36m[Knote: [m[Ksuggested alternative: ‘[01m[KfetchInThread[m[K’
     [01;36m[KdetectInThread[m[K();
     [01;36m[K^~~~~~~~~~~~~~[m[K
     [32m[KfetchInThread[m[K
[01m[K/home/hansol/ros2_ws/src/darknet_ros/darknet_ros/src/YoloObjectDetector.cpp:[m[K At global scope:
[01m[K/home/hansol/ros2_ws/src/darknet_ros/darknet_ros/src/YoloObjectDetector.cpp:552:6:[m[K [01;31m[Kerror: [m[K‘[01m[KYoloObjectDetector[m[K’ has not been declared
 void [01;31m[KYoloObjectDetector[m[K::setupNetwork(char *cfgfile, char *weightfile, char *datafile, float thresh,
      [01;31m[K^~~~~~~~~~~~~~~~~~[m[K
[01m[K/home/hansol/ros2_ws/src/darknet_ros/darknet_ros/src/YoloObjectDetector.cpp:[m[K In function ‘[01m[Kvoid setupNetwork(char*, char*, char*, float, char**, int, int, char*, int, float, int, int, int, int)[m[K’:
[01m[K/home/hansol/ros2_ws/src/darknet_ros/darknet_ros/src/YoloObjectDetector.cpp:557:3:[m[K [01;31m[Kerror: [m[K‘[01m[KdemoPrefix_[m[K’ was not declared in this scope
   [01;31m[KdemoPrefix_[m[K = prefix;
   [01;31m[K^~~~~~~~~~~[m[K
[01m[K/home/hansol/ros2_ws/src/darknet_ros/darknet_ros/src/YoloObjectDetector.cpp:558:3:[m[K [01;31m[Kerror: [m[K‘[01m[KdemoDelay_[m[K’ was not declared in this scope
   [01;31m[KdemoDelay_[m[K = delay;
   [01;31m[K^~~~~~~~~~[m[K
[01m[K/home/hansol/ros2_ws/src/darknet_ros/darknet_ros/src/YoloObjectDetector.cpp:558:3:[m[K [01;36m[Knote: [m[Ksuggested alternative: ‘[01m[Kdelay[m[K’
   [01;36m[KdemoDelay_[m[K = delay;
   [01;36m[K^~~~~~~~~~[m[K
   [32m[Kdelay[m[K
[01m[K/home/hansol/ros2_ws/src/darknet_ros/darknet_ros/src/YoloObjectDetector.cpp:559:3:[m[K [01;31m[Kerror: [m[K‘[01m[KdemoFrame_[m[K’ was not declared in this scope
   [01;31m[KdemoFrame_[m[K = avg_frames;
   [01;31m[K^~~~~~~~~~[m[K
[01m[K/home/hansol/ros2_ws/src/darknet_ros/darknet_ros/src/YoloObjectDetector.cpp:561:3:[m[K [01;31m[Kerror: [m[K‘[01m[KdemoNames_[m[K’ was not declared in this scope
   [01;31m[KdemoNames_[m[K = names;
   [01;31m[K^~~~~~~~~~[m[K
[01m[K/home/hansol/ros2_ws/src/darknet_ros/darknet_ros/src/YoloObjectDetector.cpp:562:3:[m[K [01;31m[Kerror: [m[K‘[01m[KdemoAlphabet_[m[K’ was not declared in this scope
   [01;31m[KdemoAlphabet_[m[K = alphabet;
   [01;31m[K^~~~~~~~~~~~~[m[K
[01m[K/home/hansol/ros2_ws/src/darknet_ros/darknet_ros/src/YoloObjectDetector.cpp:562:3:[m[K [01;36m[Knote: [m[Ksuggested alternative: ‘[01m[Kalphabet[m[K’
   [01;36m[KdemoAlphabet_[m[K = alphabet;
   [01;36m[K^~~~~~~~~~~~~[m[K
   [32m[Kalphabet[m[K
[01m[K/home/hansol/ros2_ws/src/darknet_ros/darknet_ros/src/YoloObjectDetector.cpp:563:3:[m[K [01;31m[Kerror: [m[K‘[01m[KdemoClasses_[m[K’ was not declared in this scope
   [01;31m[KdemoClasses_[m[K = classes;
   [01;31m[K^~~~~~~~~~~~[m[K
[01m[K/home/hansol/ros2_ws/src/darknet_ros/darknet_ros/src/YoloObjectDetector.cpp:563:3:[m[K [01;36m[Knote: [m[Ksuggested alternative: ‘[01m[Kclasses[m[K’
   [01;36m[KdemoClasses_[m[K = classes;
   [01;36m[K^~~~~~~~~~~~[m[K
   [32m[Kclasses[m[K
[01m[K/home/hansol/ros2_ws/src/darknet_ros/darknet_ros/src/YoloObjectDetector.cpp:564:3:[m[K [01;31m[Kerror: [m[K‘[01m[KdemoThresh_[m[K’ was not declared in this scope
   [01;31m[KdemoThresh_[m[K = thresh;
   [01;31m[K^~~~~~~~~~~[m[K
[01m[K/home/hansol/ros2_ws/src/darknet_ros/darknet_ros/src/YoloObjectDetector.cpp:565:3:[m[K [01;31m[Kerror: [m[K‘[01m[KdemoHier_[m[K’ was not declared in this scope
   [01;31m[KdemoHier_[m[K = hier;
   [01;31m[K^~~~~~~~~[m[K
[01m[K/home/hansol/ros2_ws/src/darknet_ros/darknet_ros/src/YoloObjectDetector.cpp:566:3:[m[K [01;31m[Kerror: [m[K‘[01m[KfullScreen_[m[K’ was not declared in this scope
   [01;31m[KfullScreen_[m[K = fullscreen;
   [01;31m[K^~~~~~~~~~~[m[K
[01m[K/home/hansol/ros2_ws/src/darknet_ros/darknet_ros/src/YoloObjectDetector.cpp:566:3:[m[K [01;36m[Knote: [m[Ksuggested alternative: ‘[01m[Kfullscreen[m[K’
   [01;36m[KfullScreen_[m[K = fullscreen;
   [01;36m[K^~~~~~~~~~~[m[K
   [32m[Kfullscreen[m[K
[01m[K/home/hansol/ros2_ws/src/darknet_ros/darknet_ros/src/YoloObjectDetector.cpp:568:3:[m[K [01;31m[Kerror: [m[K‘[01m[Knet_[m[K’ was not declared in this scope
   [01;31m[Knet_[m[K = load_network(cfgfile, weightfile, 0);
   [01;31m[K^~~~[m[K
[01m[K/home/hansol/ros2_ws/src/darknet_ros/darknet_ros/src/YoloObjectDetector.cpp:568:3:[m[K [01;36m[Knote: [m[Ksuggested alternative: ‘[01m[Kgetw[m[K’
   [01;36m[Knet_[m[K = load_network(cfgfile, weightfile, 0);
   [01;36m[K^~~~[m[K
   [32m[Kgetw[m[K
[01m[K/home/hansol/ros2_ws/src/darknet_ros/darknet_ros/src/YoloObjectDetector.cpp:[m[K At global scope:
[01m[K/home/hansol/ros2_ws/src/darknet_ros/darknet_ros/src/YoloObjectDetector.cpp:572:6:[m[K [01;31m[Kerror: [m[K‘[01m[KYoloObjectDetector[m[K’ has not been declared
 void [01;31m[KYoloObjectDetector[m[K::yolo()
      [01;31m[K^~~~~~~~~~~~~~~~~~[m[K
[01m[K/home/hansol/ros2_ws/src/darknet_ros/darknet_ros/src/YoloObjectDetector.cpp:[m[K In function ‘[01m[Kvoid yolo()[m[K’:
[01m[K/home/hansol/ros2_ws/src/darknet_ros/darknet_ros/src/YoloObjectDetector.cpp:576:11:[m[K [01;31m[Kerror: [m[K‘[01m[KgetImageStatus[m[K’ was not declared in this scope
   while (![01;31m[KgetImageStatus[m[K()) {
           [01;31m[K^~~~~~~~~~~~~~[m[K
[01m[K/home/hansol/ros2_ws/src/darknet_ros/darknet_ros/src/YoloObjectDetector.cpp:576:11:[m[K [01;36m[Knote: [m[Ksuggested alternative: ‘[01m[Kget_image_layer[m[K’
   while (![01;36m[KgetImageStatus[m[K()) {
           [01;36m[K^~~~~~~~~~~~~~[m[K
           [32m[Kget_image_layer[m[K
[01m[K/home/hansol/ros2_ws/src/darknet_ros/darknet_ros/src/YoloObjectDetector.cpp:578:10:[m[K [01;31m[Kerror: [m[K‘[01m[KisNodeRunning[m[K’ was not declared in this scope
     if (![01;31m[KisNodeRunning[m[K()) {
          [01;31m[K^~~~~~~~~~~~~[m[K
[01m[K/home/hansol/ros2_ws/src/darknet_ros/darknet_ros/src/YoloObjectDetector.cpp:590:3:[m[K [01;31m[Kerror: [m[K‘[01m[KdemoTotal_[m[K’ was not declared in this scope
   [01;31m[KdemoTotal_[m[K = sizeNetwork(net_);
   [01;31m[K^~~~~~~~~~[m[K
[01m[K/home/hansol/ros2_ws/src/darknet_ros/darknet_ros/src/YoloObjectDetector.cpp:590:28:[m[K [01;31m[Kerror: [m[K‘[01m[Knet_[m[K’ was not declared in this scope
   demoTotal_ = sizeNetwork([01;31m[Knet_[m[K);
                            [01;31m[K^~~~[m[K
[01m[K/home/hansol/ros2_ws/src/darknet_ros/darknet_ros/src/YoloObjectDetector.cpp:590:28:[m[K [01;36m[Knote: [m[Ksuggested alternative: ‘[01m[Kgetw[m[K’
   demoTotal_ = sizeNetwork([01;36m[Knet_[m[K);
                            [01;36m[K^~~~[m[K
                            [32m[Kgetw[m[K
[01m[K/home/hansol/ros2_ws/src/darknet_ros/darknet_ros/src/YoloObjectDetector.cpp:590:16:[m[K [01;31m[Kerror: [m[K‘[01m[KsizeNetwork[m[K’ was not declared in this scope
   demoTotal_ = [01;31m[KsizeNetwork[m[K(net_);
                [01;31m[K^~~~~~~~~~~[m[K
[01m[K/home/hansol/ros2_ws/src/darknet_ros/darknet_ros/src/YoloObjectDetector.cpp:590:16:[m[K [01;36m[Knote: [m[Ksuggested alternative: ‘[01m[KsetupNetwork[m[K’
   demoTotal_ = [01;36m[KsizeNetwork[m[K(net_);
                [01;36m[K^~~~~~~~~~~[m[K
                [32m[KsetupNetwork[m[K
[01m[K/home/hansol/ros2_ws/src/darknet_ros/darknet_ros/src/YoloObjectDetector.cpp:591:3:[m[K [01;31m[Kerror: [m[K‘[01m[Kpredictions_[m[K’ was not declared in this scope
   [01;31m[Kpredictions_[m[K = (float **) calloc(demoFrame_, sizeof(float*));
   [01;31m[K^~~~~~~~~~~~[m[K
[01m[K/home/hansol/ros2_ws/src/darknet_ros/darknet_ros/src/YoloObjectDetector.cpp:591:3:[m[K [01;36m[Knote: [m[Ksuggested alternative: ‘[01m[Ktop_predictions[m[K’
   [01;36m[Kpredictions_[m[K = (float **) calloc(demoFrame_, sizeof(float*));
   [01;36m[K^~~~~~~~~~~~[m[K
   [32m[Ktop_predictions[m[K
[01m[K/home/hansol/ros2_ws/src/darknet_ros/darknet_ros/src/YoloObjectDetector.cpp:591:36:[m[K [01;31m[Kerror: [m[K‘[01m[KdemoFrame_[m[K’ was not declared in this scope
   predictions_ = (float **) calloc([01;31m[KdemoFrame_[m[K, sizeof(float*));
                                    [01;31m[K^~~~~~~~~~[m[K
[01m[K/home/hansol/ros2_ws/src/darknet_ros/darknet_ros/src/YoloObjectDetector.cpp:595:3:[m[K [01;31m[Kerror: [m[K‘[01m[Kavg_[m[K’ was not declared in this scope
   [01;31m[Kavg_[m[K = (float *) calloc(demoTotal_, sizeof(float));
   [01;31m[K^~~~[m[K
[01m[K/home/hansol/ros2_ws/src/darknet_ros/darknet_ros/src/YoloObjectDetector.cpp:598:3:[m[K [01;31m[Kerror: [m[K‘[01m[KroiBoxes_[m[K’ was not declared in this scope
   [01;31m[KroiBoxes_[m[K = (darknet_ros::RosBox_ *) calloc(l.w * l.h * l.n, sizeof(darknet_ros::RosBox_));
   [01;31m[K^~~~~~~~~[m[K
[01m[K/home/hansol/ros2_ws/src/darknet_ros/darknet_ros/src/YoloObjectDetector.cpp:601:46:[m[K [01;31m[Kerror: [m[K‘[01m[KmutexImageCallback_[m[K’ was not declared in this scope
 ::shared_lock<std::shared_mutex> lock([01;31m[KmutexImageCallback_[m[K);
                                       [01;31m[K^~~~~~~~~~~~~~~~~~~[m[K
[01m[K/home/hansol/ros2_ws/src/darknet_ros/darknet_ros/src/YoloObjectDetector.cpp:601:46:[m[K [01;36m[Knote: [m[Ksuggested alternative: ‘[01m[KcvSetMouseCallback[m[K’
 ::shared_lock<std::shared_mutex> lock([01;36m[KmutexImageCallback_[m[K);
                                       [01;36m[K^~~~~~~~~~~~~~~~~~~[m[K
                                              [32m[KcvSetMouseCallback[m[K
[01m[K/home/hansol/ros2_ws/src/darknet_ros/darknet_ros/src/YoloObjectDetector.cpp:602:5:[m[K [01;31m[Kerror: [m[K‘[01m[KCvMatWithHeader_[m[K’ was not declared in this scope
     [01;31m[KCvMatWithHeader_[m[K imageAndHeader = getCvMatWithHeader();
     [01;31m[K^~~~~~~~~~~~~~~~[m[K
[01m[K/home/hansol/ros2_ws/src/darknet_ros/darknet_ros/src/YoloObjectDetector.cpp:602:5:[m[K [01;36m[Knote: [m[Ksuggested alternative:
In file included from [01m[K/home/hansol/ros2_ws/src/darknet_ros/darknet_ros/src/YoloObjectDetector.cpp:11:0[m[K:
[01m[K/home/hansol/ros2_ws/src/darknet_ros/darknet_ros/include/darknet_ros/YoloObjectDetector.hpp:95:3:[m[K [01;36m[Knote: [m[K  ‘[01m[Kdarknet_ros::CvMatWithHeader_[m[K’
 } [01;36m[KCvMatWithHeader_[m[K;
   [01;36m[K^~~~~~~~~~~~~~~~[m[K
[01m[K/home/hansol/ros2_ws/src/darknet_ros/darknet_ros/src/YoloObjectDetector.cpp:603:5:[m[K [01;31m[Kerror: [m[K‘[01m[Kbuff_[m[K’ was not declared in this scope
     [01;31m[Kbuff_[m[K[0] = mat_to_image(imageAndHeader.image);
     [01;31m[K^~~~~[m[K
[01m[K/home/hansol/ros2_ws/src/darknet_ros/darknet_ros/src/YoloObjectDetector.cpp:603:29:[m[K [01;31m[Kerror: [m[K‘[01m[KimageAndHeader[m[K’ was not declared in this scope
     buff_[0] = mat_to_image([01;31m[KimageAndHeader[m[K.image);
                             [01;31m[K^~~~~~~~~~~~~~[m[K
[01m[K/home/hansol/ros2_ws/src/darknet_ros/darknet_ros/src/YoloObjectDetector.cpp:603:29:[m[K [01;36m[Knote: [m[Ksuggested alternative: ‘[01m[KImageByteOrder[m[K’
     buff_[0] = mat_to_image([01;36m[KimageAndHeader[m[K.image);
                             [01;36m[K^~~~~~~~~~~~~~[m[K
                             [32m[KImageByteOrder[m[K
[01m[K/home/hansol/ros2_ws/src/darknet_ros/darknet_ros/src/YoloObjectDetector.cpp:604:5:[m[K [01;31m[Kerror: [m[K‘[01m[KheaderBuff_[m[K’ was not declared in this scope
     [01;31m[KheaderBuff_[m[K[0] = imageAndHeader.header;
     [01;31m[K^~~~~~~~~~~[m[K
[01m[K/home/hansol/ros2_ws/src/darknet_ros/darknet_ros/src/YoloObjectDetector.cpp:606:3:[m[K [01;31m[Kerror: [m[K‘[01m[Kbuff_[m[K’ was not declared in this scope
   [01;31m[Kbuff_[m[K[1] = copy_image(buff_[0]);
   [01;31m[K^~~~~[m[K
[01m[K/home/hansol/ros2_ws/src/darknet_ros/darknet_ros/src/YoloObjectDetector.cpp:608:3:[m[K [01;31m[Kerror: [m[K‘[01m[KheaderBuff_[m[K’ was not declared in this scope
   [01;31m[KheaderBuff_[m[K[1] = headerBuff_[0];
   [01;31m[K^~~~~~~~~~~[m[K
[01m[K/home/hansol/ros2_ws/src/darknet_ros/darknet_ros/src/YoloObjectDetector.cpp:610:3:[m[K [01;31m[Kerror: [m[K‘[01m[KbuffLetter_[m[K’ was not declared in this scope
   [01;31m[KbuffLetter_[m[K[0] = letterbox_image(buff_[0], net_->w, net_->h);
   [01;31m[K^~~~~~~~~~~[m[K
[01m[K/home/hansol/ros2_ws/src/darknet_ros/darknet_ros/src/YoloObjectDetector.cpp:614:3:[m[K [01;31m[Kerror: [m[K‘[01m[Kdisp_[m[K’ was not declared in this scope
   [01;31m[Kdisp_[m[K = image_to_mat(buff_[0]);
   [01;31m[K^~~~~[m[K
[01m[K/home/hansol/ros2_ws/src/darknet_ros/darknet_ros/src/YoloObjectDetector.cpp:617:8:[m[K [01;31m[Kerror: [m[K‘[01m[KdemoPrefix_[m[K’ was not declared in this scope
   if (![01;31m[KdemoPrefix_[m[K && viewImage_) {
        [01;31m[K^~~~~~~~~~~[m[K
[01m[K/home/hansol/ros2_ws/src/darknet_ros/darknet_ros/src/YoloObjectDetector.cpp:617:23:[m[K [01;31m[Kerror: [m[K‘[01m[KviewImage_[m[K’ was not declared in this scope
   if (!demoPrefix_ && [01;31m[KviewImage_[m[K) {
                       [01;31m[K^~~~~~~~~~[m[K
[01m[K/home/hansol/ros2_ws/src/darknet_ros/darknet_ros/src/YoloObjectDetector.cpp:617:23:[m[K [01;36m[Knote: [m[Ksuggested alternative: ‘[01m[KXGetImage[m[K’
   if (!demoPrefix_ && [01;36m[KviewImage_[m[K) {
                       [01;36m[K^~~~~~~~~~[m[K
                       [32m[KXGetImage[m[K
[01m[K/home/hansol/ros2_ws/src/darknet_ros/darknet_ros/src/YoloObjectDetector.cpp:618:21:[m[K [01;31m[Kerror: [m[K‘[01m[KwindowName_[m[K’ was not declared in this scope
     cv::namedWindow([01;31m[KwindowName_[m[K.c_str(), cv::WINDOW_NORMAL);
                     [01;31m[K^~~~~~~~~~~[m[K
[01m[K/home/hansol/ros2_ws/src/darknet_ros/darknet_ros/src/YoloObjectDetector.cpp:618:21:[m[K [01;36m[Knote: [m[Ksuggested alternative: ‘[01m[Kwindows[m[K’
     cv::namedWindow([01;36m[KwindowName_[m[K.c_str(), cv::WINDOW_NORMAL);
                     [01;36m[K^~~~~~~~~~~[m[K
                     [32m[Kwindows[m[K
[01m[K/home/hansol/ros2_ws/src/darknet_ros/darknet_ros/src/YoloObjectDetector.cpp:619:9:[m[K [01;31m[Kerror: [m[K‘[01m[KfullScreen_[m[K’ was not declared in this scope
     if ([01;31m[KfullScreen_[m[K) {
         [01;31m[K^~~~~~~~~~~[m[K
[01m[K/home/hansol/ros2_ws/src/darknet_ros/darknet_ros/src/YoloObjectDetector.cpp:619:9:[m[K [01;36m[Knote: [m[Ksuggested alternative: ‘[01m[KScreen[m[K’
     if ([01;36m[KfullScreen_[m[K) {
         [01;36m[K^~~~~~~~~~~[m[K
         [32m[KScreen[m[K
[01m[K/home/hansol/ros2_ws/src/darknet_ros/darknet_ros/src/YoloObjectDetector.cpp:627:3:[m[K [01;31m[Kerror: [m[K‘[01m[KdemoTime_[m[K’ was not declared in this scope
   [01;31m[KdemoTime_[m[K = what_time_is_it_now();
   [01;31m[K^~~~~~~~~[m[K
[01m[K/home/hansol/ros2_ws/src/darknet_ros/darknet_ros/src/YoloObjectDetector.cpp:629:11:[m[K [01;31m[Kerror: [m[K‘[01m[KdemoDone_[m[K’ was not declared in this scope
   while (![01;31m[KdemoDone_[m[K) {
           [01;31m[K^~~~~~~~~[m[K
[01m[K/home/hansol/ros2_ws/src/darknet_ros/darknet_ros/src/YoloObjectDetector.cpp:630:5:[m[K [01;31m[Kerror: [m[K‘[01m[KbuffIndex_[m[K’ was not declared in this scope
     [01;31m[KbuffIndex_[m[K = (buffIndex_ + 1) % 3;
     [01;31m[K^~~~~~~~~~[m[K
[01m[K/home/hansol/ros2_ws/src/darknet_ros/darknet_ros/src/YoloObjectDetector.cpp:631:33:[m[K [01;31m[Kerror: [m[K‘[01m[KYoloObjectDetector[m[K’ was not declared in this scope
     fetch_thread = std::thread(&[01;31m[KYoloObjectDetector[m[K::fetchInThread, this);
                                 [01;31m[K^~~~~~~~~~~~~~~~~~[m[K
[01m[K/home/hansol/ros2_ws/src/darknet_ros/darknet_ros/src/YoloObjectDetector.cpp:631:33:[m[K [01;36m[Knote: [m[Ksuggested alternative:
In file included from [01m[K/home/hansol/ros2_ws/src/darknet_ros/darknet_ros/src/YoloObjectDetector.cpp:11:0[m[K:
[01m[K/home/hansol/ros2_ws/src/darknet_ros/darknet_ros/include/darknet_ros/YoloObjectDetector.hpp:97:7:[m[K [01;36m[Knote: [m[K  ‘[01m[Kdarknet_ros::YoloObjectDetector[m[K’
 class [01;36m[KYoloObjectDetector[m[K : public rclcpp::Node
       [01;36m[K^~~~~~~~~~~~~~~~~~[m[K
[01m[K/home/hansol/ros2_ws/src/darknet_ros/darknet_ros/src/YoloObjectDetector.cpp:631:68:[m[K [01;31m[Kerror: [m[Kinvalid use of ‘[01m[Kthis[m[K’ in non-member function
 thread(&YoloObjectDetector::fetchInThread, [01;31m[Kthis[m[K);
                                            [01;31m[K^~~~[m[K
[01m[K/home/hansol/ros2_ws/src/darknet_ros/darknet_ros/src/YoloObjectDetector.cpp:632:70:[m[K [01;31m[Kerror: [m[Kinvalid use of ‘[01m[Kthis[m[K’ in non-member function
 hread(&YoloObjectDetector::detectInThread, [01;31m[Kthis[m[K);
                                            [01;31m[K^~~~[m[K
[01m[K/home/hansol/ros2_ws/src/darknet_ros/darknet_ros/src/YoloObjectDetector.cpp:633:10:[m[K [01;31m[Kerror: [m[K‘[01m[KdemoPrefix_[m[K’ was not declared in this scope
     if (![01;31m[KdemoPrefix_[m[K) {
          [01;31m[K^~~~~~~~~~~[m[K
[01m[K/home/hansol/ros2_ws/src/darknet_ros/darknet_ros/src/YoloObjectDetector.cpp:634:7:[m[K [01;31m[Kerror: [m[K‘[01m[Kfps_[m[K’ was not declared in this scope
       [01;31m[Kfps_[m[K = 1./(what_time_is_it_now() - demoTime_);
       [01;31m[K^~~~[m[K
[01m[K/home/hansol/ros2_ws/src/darknet_ros/darknet_ros/src/YoloObjectDetector.cpp:634:7:[m[K [01;36m[Knote: [m[Ksuggested alternative: ‘[01m[Kfpos_t[m[K’
       [01;36m[Kfps_[m[K = 1./(what_time_is_it_now() - demoTime_);
       [01;36m[K^~~~[m[K
       [32m[Kfpos_t[m[K
[01m[K/home/hansol/ros2_ws/src/darknet_ros/darknet_ros/src/YoloObjectDetector.cpp:637:20:[m[K [01;31m[Kerror: [m[K‘[01m[Kmax_fps[m[K’ was not declared in this scope
         if (fps_ > [01;31m[Kmax_fps[m[K)
                    [01;31m[K^~~~~~~[m[K
[01m[K/home/hansol/ros2_ws/src/darknet_ros/darknet_ros/src/YoloObjectDetector.cpp:637:20:[m[K [01;36m[Knote: [m[Ksuggested alternative: ‘[01m[Kvmax_f16[m[K’
         if (fps_ > [01;36m[Kmax_fps[m[K)
                    [01;36m[K^~~~~~~[m[K
                    [32m[Kvmax_f16[m[K
[01m[K/home/hansol/ros2_ws/src/darknet_ros/darknet_ros/src/YoloObjectDetector.cpp:639:25:[m[K [01;31m[Kerror: [m[K‘[01m[Kmin_fps[m[K’ was not declared in this scope
         else if (fps_ < [01;31m[Kmin_fps[m[K)
                         [01;31m[K^~~~~~~[m[K
[01m[K/home/hansol/ros2_ws/src/darknet_ros/darknet_ros/src/YoloObjectDetector.cpp:639:25:[m[K [01;36m[Knote: [m[Ksuggested alternative: ‘[01m[Kvmin_f16[m[K’
         else if (fps_ < [01;36m[Kmin_fps[m[K)
                         [01;36m[K^~~~~~~[m[K
                         [32m[Kvmin_f16[m[K
[01m[K/home/hansol/ros2_ws/src/darknet_ros/darknet_ros/src/YoloObjectDetector.cpp:645:7:[m[K [01;31m[Kerror: [m[K‘[01m[Kss_fps[m[K’ was not declared in this scope
       [01;31m[Kss_fps[m[K.str("");
       [01;31m[K^~~~~~[m[K
[01m[K/home/hansol/ros2_ws/src/darknet_ros/darknet_ros/src/YoloObjectDetector.cpp:645:7:[m[K [01;36m[Knote: [m[Ksuggested alternative: ‘[01m[Ksi_fd[m[K’
       [01;36m[Kss_fps[m[K.str("");
       [01;36m[K^~~~~~[m[K
       [32m[Ksi_fd[m[K
[01m[K/home/hansol/ros2_ws/src/darknet_ros/darknet_ros/src/YoloObjectDetector.cpp:646:27:[m[K [01;31m[Kerror: [m[K‘[01m[Kmax_fps[m[K’ was not declared in this scope
       ss_fps << "MAX:" << [01;31m[Kmax_fps[m[K << " MIN:" << min_fps;
                           [01;31m[K^~~~~~~[m[K
[01m[K/home/hansol/ros2_ws/src/darknet_ros/darknet_ros/src/YoloObjectDetector.cpp:646:27:[m[K [01;36m[Knote: [m[Ksuggested alternative: ‘[01m[Kvmax_f16[m[K’
       ss_fps << "MAX:" << [01;36m[Kmax_fps[m[K << " MIN:" << min_fps;
                           [01;36m[K^~~~~~~[m[K
                           [32m[Kvmax_f16[m[K
[01m[K/home/hansol/ros2_ws/src/darknet_ros/darknet_ros/src/YoloObjectDetector.cpp:646:49:[m[K [01;31m[Kerror: [m[K‘[01m[Kmin_fps[m[K’ was not declared in this scope
 s_fps << "MAX:" << max_fps << " MIN:" << [01;31m[Kmin_fps[m[K;
                                          [01;31m[K^~~~~~~[m[K
[01m[K/home/hansol/ros2_ws/src/darknet_ros/darknet_ros/src/YoloObjectDetector.cpp:646:49:[m[K [01;36m[Knote: [m[Ksuggested alternative: ‘[01m[Kvmin_f16[m[K’
 s_fps << "MAX:" << max_fps << " MIN:" << [01;36m[Kmin_fps[m[K;
                                          [01;36m[K^~~~~~~[m[K
                                                 [32m[Kvmin_f16[m[K
[01m[K/home/hansol/ros2_ws/src/darknet_ros/darknet_ros/src/YoloObjectDetector.cpp:649:11:[m[K [01;31m[Kerror: [m[K‘[01m[KviewImage_[m[K’ was not declared in this scope
       if ([01;31m[KviewImage_[m[K) {
           [01;31m[K^~~~~~~~~~[m[K
[01m[K/home/hansol/ros2_ws/src/darknet_ros/darknet_ros/src/YoloObjectDetector.cpp:649:11:[m[K [01;36m[Knote: [m[Ksuggested alternative: ‘[01m[KXGetImage[m[K’
       if ([01;36m[KviewImage_[m[K) {
           [01;36m[K^~~~~~~~~~[m[K
           [32m[KXGetImage[m[K
[01m[K/home/hansol/ros2_ws/src/darknet_ros/darknet_ros/src/YoloObjectDetector.cpp:652:9:[m[K [01;31m[Kerror: [m[K‘[01m[Kgenerate_image_cp[m[K’ was not declared in this scope
         [01;31m[Kgenerate_image_cp[m[K(buff_[(buffIndex_ + 1)%3], disp_);
         [01;31m[K^~~~~~~~~~~~~~~~~[m[K
[01m[K/home/hansol/ros2_ws/src/darknet_ros/darknet_ros/src/YoloObjectDetector.cpp:652:9:[m[K [01;36m[Knote: [m[Ksuggested alternative: ‘[01m[Kgenerate_image[m[K’
         [01;36m[Kgenerate_image_cp[m[K(buff_[(buffIndex_ + 1)%3], disp_);
         [01;36m[K^~~~~~~~~~~~~~~~~[m[K
         [32m[Kgenerate_image[m[K
[01m[K/home/hansol/ros2_ws/src/darknet_ros/darknet_ros/src/YoloObjectDetector.cpp:654:7:[m[K [01;31m[Kerror: [m[K‘[01m[KpublishInThread[m[K’ was not declared in this scope
       [01;31m[KpublishInThread[m[K();
       [01;31m[K^~~~~~~~~~~~~~~[m[K
[01m[K/home/hansol/ros2_ws/src/darknet_ros/darknet_ros/src/YoloObjectDetector.cpp:654:7:[m[K [01;36m[Knote: [m[Ksuggested alternative: ‘[01m[KfetchInThread[m[K’
       [01;36m[KpublishInThread[m[K();
       [01;36m[K^~~~~~~~~~~~~~~[m[K
       [32m[KfetchInThread[m[K
[01m[K/home/hansol/ros2_ws/src/darknet_ros/darknet_ros/src/YoloObjectDetector.cpp:663:10:[m[K [01;31m[Kerror: [m[K‘[01m[KisNodeRunning[m[K’ was not declared in this scope
     if (![01;31m[KisNodeRunning[m[K()) {
          [01;31m[K^~~~~~~~~~~~~[m[K
[01m[K/home/hansol/ros2_ws/src/darknet_ros/darknet_ros/src/YoloObjectDetector.cpp:[m[K At global scope:
[01m[K/home/hansol/ros2_ws/src/darknet_ros/darknet_ros/src/YoloObjectDetector.cpp:669:1:[m[K [01;31m[Kerror: [m[K‘[01m[KCvMatWithHeader_[m[K’ does not name a type; did you mean ‘[01m[KCvChainPtReader[m[K’?
 [01;31m[KCvMatWithHeader_[m[K YoloObjectDetector::getCvMatWithHeader() {
 [01;31m[K^~~~~~~~~~~~~~~~[m[K
 [32m[KCvChainPtReader[m[K
[01m[K/home/hansol/ros2_ws/src/darknet_ros/darknet_ros/src/YoloObjectDetector.cpp:674:6:[m[K [01;31m[Kerror: [m[K‘[01m[KYoloObjectDetector[m[K’ has not been declared
 bool [01;31m[KYoloObjectDetector[m[K::getImageStatus(void)
      [01;31m[K^~~~~~~~~~~~~~~~~~[m[K
[01m[K/home/hansol/ros2_ws/src/darknet_ros/darknet_ros/src/YoloObjectDetector.cpp:[m[K In function ‘[01m[Kbool getImageStatus()[m[K’:
[01m[K/home/hansol/ros2_ws/src/darknet_ros/darknet_ros/src/YoloObjectDetector.cpp:676:44:[m[K [01;31m[Kerror: [m[K‘[01m[KmutexImageStatus_[m[K’ was not declared in this scope
 ::shared_lock<std::shared_mutex> lock([01;31m[KmutexImageStatus_[m[K);
                                       [01;31m[K^~~~~~~~~~~~~~~~~[m[K
[01m[K/home/hansol/ros2_ws/src/darknet_ros/darknet_ros/src/YoloObjectDetector.cpp:676:44:[m[K [01;36m[Knote: [m[Ksuggested alternative: ‘[01m[KgetImageStatus[m[K’
 ::shared_lock<std::shared_mutex> lock([01;36m[KmutexImageStatus_[m[K);
                                       [01;36m[K^~~~~~~~~~~~~~~~~[m[K
                                            [32m[KgetImageStatus[m[K
[01m[K/home/hansol/ros2_ws/src/darknet_ros/darknet_ros/src/YoloObjectDetector.cpp:677:10:[m[K [01;31m[Kerror: [m[K‘[01m[KimageStatus_[m[K’ was not declared in this scope
   return [01;31m[KimageStatus_[m[K;
          [01;31m[K^~~~~~~~~~~~[m[K
[01m[K/home/hansol/ros2_ws/src/darknet_ros/darknet_ros/src/YoloObjectDetector.cpp:677:10:[m[K [01;36m[Knote: [m[Ksuggested alternative: ‘[01m[KgetImageStatus[m[K’
   return [01;36m[KimageStatus_[m[K;
          [01;36m[K^~~~~~~~~~~~[m[K
          [32m[KgetImageStatus[m[K
[01m[K/home/hansol/ros2_ws/src/darknet_ros/darknet_ros/src/YoloObjectDetector.cpp:[m[K At global scope:
[01m[K/home/hansol/ros2_ws/src/darknet_ros/darknet_ros/src/YoloObjectDetector.cpp:680:6:[m[K [01;31m[Kerror: [m[K‘[01m[KYoloObjectDetector[m[K’ has not been declared
 bool [01;31m[KYoloObjectDetector[m[K::isNodeRunning(void)
      [01;31m[K^~~~~~~~~~~~~~~~~~[m[K
[01m[K/home/hansol/ros2_ws/src/darknet_ros/darknet_ros/src/YoloObjectDetector.cpp:[m[K In function ‘[01m[Kbool isNodeRunning()[m[K’:
[01m[K/home/hansol/ros2_ws/src/darknet_ros/darknet_ros/src/YoloObjectDetector.cpp:682:44:[m[K [01;31m[Kerror: [m[K‘[01m[KmutexNodeStatus_[m[K’ was not declared in this scope
 ::shared_lock<std::shared_mutex> lock([01;31m[KmutexNodeStatus_[m[K);
                                       [01;31m[K^~~~~~~~~~~~~~~~[m[K
[01m[K/home/hansol/ros2_ws/src/darknet_ros/darknet_ros/src/YoloObjectDetector.cpp:682:44:[m[K [01;36m[Knote: [m[Ksuggested alternative: ‘[01m[KgetImageStatus[m[K’
 ::shared_lock<std::shared_mutex> lock([01;36m[KmutexNodeStatus_[m[K);
                                       [01;36m[K^~~~~~~~~~~~~~~~[m[K
                                            [32m[KgetImageStatus[m[K
[01m[K/home/hansol/ros2_ws/src/darknet_ros/darknet_ros/src/YoloObjectDetector.cpp:683:10:[m[K [01;31m[Kerror: [m[K‘[01m[KisNodeRunning_[m[K’ was not declared in this scope
   return [01;31m[KisNodeRunning_[m[K;
          [01;31m[K^~~~~~~~~~~~~~[m[K
[01m[K/home/hansol/ros2_ws/src/darknet_ros/darknet_ros/src/YoloObjectDetector.cpp:683:10:[m[K [01;36m[Knote: [m[Ksuggested alternative: ‘[01m[KisNodeRunning[m[K’
   return [01;36m[KisNodeRunning_[m[K;
          [01;36m[K^~~~~~~~~~~~~~[m[K
          [32m[KisNodeRunning[m[K
[01m[K/home/hansol/ros2_ws/src/darknet_ros/darknet_ros/src/YoloObjectDetector.cpp:[m[K At global scope:
[01m[K/home/hansol/ros2_ws/src/darknet_ros/darknet_ros/src/YoloObjectDetector.cpp:686:7:[m[K [01;31m[Kerror: [m[K‘[01m[KYoloObjectDetector[m[K’ has not been declared
 void *[01;31m[KYoloObjectDetector[m[K::publishInThread()
       [01;31m[K^~~~~~~~~~~~~~~~~~[m[K
[01m[K/home/hansol/ros2_ws/src/darknet_ros/darknet_ros/src/YoloObjectDetector.cpp:[m[K In function ‘[01m[Kvoid* publishInThread()[m[K’:
[01m[K/home/hansol/ros2_ws/src/darknet_ros/darknet_ros/src/YoloObjectDetector.cpp:690:21:[m[K [01;31m[Kerror: [m[K‘[01m[Kdisp_[m[K’ was not declared in this scope
   cv::Mat cvImage = [01;31m[Kdisp_[m[K;
                     [01;31m[K^~~~~[m[K
[01m[K/home/hansol/ros2_ws/src/darknet_ros/darknet_ros/src/YoloObjectDetector.cpp:691:8:[m[K [01;31m[Kerror: [m[K‘[01m[KpublishDetectionImage[m[K’ was not declared in this scope
   if (![01;31m[KpublishDetectionImage[m[K(cv::Mat(cvImage))) {
        [01;31m[K^~~~~~~~~~~~~~~~~~~~~[m[K
In file included from [01m[K/opt/ros/dashing/include/rclcpp/service.hpp:33:0[m[K,
                 from [01m[K/opt/ros/dashing/include/rclcpp/callback_group.hpp:25[m[K,
                 from [01m[K/opt/ros/dashing/include/rclcpp/any_executable.hpp:20[m[K,
                 from [01m[K/opt/ros/dashing/include/rclcpp/memory_strategy.hpp:24[m[K,
                 from [01m[K/opt/ros/dashing/include/rclcpp/memory_strategies.hpp:18[m[K,
                 from [01m[K/opt/ros/dashing/include/rclcpp/executor.hpp:33[m[K,
                 from [01m[K/opt/ros/dashing/include/rclcpp/executors/multi_threaded_executor.hpp:24[m[K,
                 from [01m[K/opt/ros/dashing/include/rclcpp/executors.hpp:21[m[K,
                 from [01m[K/opt/ros/dashing/include/rclcpp/rclcpp.hpp:144[m[K,
                 from [01m[K/home/hansol/ros2_ws/src/darknet_ros/darknet_ros/include/darknet_ros/YoloObjectDetector.hpp:25[m[K,
                 from [01m[K/home/hansol/ros2_ws/src/darknet_ros/darknet_ros/src/YoloObjectDetector.cpp:11[m[K:
[01m[K/home/hansol/ros2_ws/src/darknet_ros/darknet_ros/src/YoloObjectDetector.cpp:692:18:[m[K [01;31m[Kerror: [m[K‘[01m[Kget_logger[m[K’ was not declared in this scope
     RCLCPP_DEBUG([01;31m[Kg[m[Ket_logger(), "Detection image has not been broadcasted.");
                  [01;31m[K^[m[K
[01m[K/opt/ros/dashing/include/rclcpp/logging.hpp:77:86:[m[K [01;36m[Knote: [m[Kin definition of macro ‘[01m[KRCLCPP_DEBUG[m[K’
 ence<typename std::remove_cv<decltype([01;36m[Klogger[m[K)>::type>::type, \
                                       [01;36m[K^~~~~~[m[K
[01m[K/home/hansol/ros2_ws/src/darknet_ros/darknet_ros/src/YoloObjectDetector.cpp:692:18:[m[K [01;36m[Knote: [m[Ksuggested alternative:
     RCLCPP_DEBUG([01;36m[Kg[m[Ket_logger(), "Detection image has not been broadcasted.");
                  [01;36m[K^[m[K
[01m[K/opt/ros/dashing/include/rclcpp/logging.hpp:77:86:[m[K [01;36m[Knote: [m[Kin definition of macro ‘[01m[KRCLCPP_DEBUG[m[K’
 ence<typename std::remove_cv<decltype([01;36m[Klogger[m[K)>::type>::type, \
                                       [01;36m[K^~~~~~[m[K
In file included from [01m[K/opt/ros/dashing/include/rclcpp/logging.hpp:22:0[m[K,
                 from [01m[K/opt/ros/dashing/include/rclcpp/service.hpp:33[m[K,
                 from [01m[K/opt/ros/dashing/include/rclcpp/callback_group.hpp:25[m[K,
                 from [01m[K/opt/ros/dashing/include/rclcpp/any_executable.hpp:20[m[K,
                 from [01m[K/opt/ros/dashing/include/rclcpp/memory_strategy.hpp:24[m[K,
                 from [01m[K/opt/ros/dashing/include/rclcpp/memory_strategies.hpp:18[m[K,
                 from [01m[K/opt/ros/dashing/include/rclcpp/executor.hpp:33[m[K,
                 from [01m[K/opt/ros/dashing/include/rclcpp/executors/multi_threaded_executor.hpp:24[m[K,
                 from [01m[K/opt/ros/dashing/include/rclcpp/executors.hpp:21[m[K,
                 from [01m[K/opt/ros/dashing/include/rclcpp/rclcpp.hpp:144[m[K,
                 from [01m[K/home/hansol/ros2_ws/src/darknet_ros/darknet_ros/include/darknet_ros/YoloObjectDetector.hpp:25[m[K,
                 from [01m[K/home/hansol/ros2_ws/src/darknet_ros/darknet_ros/src/YoloObjectDetector.cpp:11[m[K:
[01m[K/opt/ros/dashing/include/rclcpp/logger.hpp:80:17:[m[K [01;36m[Knote: [m[K  ‘[01m[Krclcpp::get_logger[m[K’
   friend Logger [01;36m[Krclcpp[m[K::get_logger(const std::string & name);
                 [01;36m[K^~~~~~[m[K
In file included from [01m[K/opt/ros/dashing/include/rclcpp/service.hpp:33:0[m[K,
                 from [01m[K/opt/ros/dashing/include/rclcpp/callback_group.hpp:25[m[K,
                 from [01m[K/opt/ros/dashing/include/rclcpp/any_executable.hpp:20[m[K,
                 from [01m[K/opt/ros/dashing/include/rclcpp/memory_strategy.hpp:24[m[K,
                 from [01m[K/opt/ros/dashing/include/rclcpp/memory_strategies.hpp:18[m[K,
                 from [01m[K/opt/ros/dashing/include/rclcpp/executor.hpp:33[m[K,
                 from [01m[K/opt/ros/dashing/include/rclcpp/executors/multi_threaded_executor.hpp:24[m[K,
                 from [01m[K/opt/ros/dashing/include/rclcpp/executors.hpp:21[m[K,
                 from [01m[K/opt/ros/dashing/include/rclcpp/rclcpp.hpp:144[m[K,
                 from [01m[K/home/hansol/ros2_ws/src/darknet_ros/darknet_ros/include/darknet_ros/YoloObjectDetector.hpp:25[m[K,
                 from [01m[K/home/hansol/ros2_ws/src/darknet_ros/darknet_ros/src/YoloObjectDetector.cpp:11[m[K:
[01m[K/opt/ros/dashing/include/rclcpp/logging.hpp:77:93:[m[K [01;31m[Kerror: [m[Ktemplate argument 1 is invalid
 pename std::remove_cv<decltype(logger)[01;31m[K>[m[K::type>::type, \
                                       [01;31m[K^[m[K
[01m[K/home/hansol/ros2_ws/src/darknet_ros/darknet_ros/src/YoloObjectDetector.cpp:692:5:[m[K [01;36m[Knote: [m[Kin expansion of macro ‘[01m[KRCLCPP_DEBUG[m[K’
     [01;36m[KR[m[KCLCPP_DEBUG(get_logger(), "Detection image has not been broadcasted.");
     [01;36m[K^[m[K
[01m[K/opt/ros/dashing/include/rclcpp/logging.hpp:77:100:[m[K [01;31m[Kerror: [m[Ktemplate argument 1 is invalid
  std::remove_cv<decltype(logger)>::type[01;31m[K>[m[K::type, \
                                        [01;31m[K^[m[K
[01m[K/home/hansol/ros2_ws/src/darknet_ros/darknet_ros/src/YoloObjectDetector.cpp:692:5:[m[K [01;36m[Knote: [m[Kin expansion of macro ‘[01m[KRCLCPP_DEBUG[m[K’
     [01;36m[KR[m[KCLCPP_DEBUG(get_logger(), "Detection image has not been broadcasted.");
     [01;36m[K^[m[K
[01m[K/opt/ros/dashing/include/rclcpp/logging.hpp:78:32:[m[K [01;31m[Kerror: [m[Ktemplate argument 1 is invalid
       typename ::rclcpp::Logger[01;31m[K>[m[K::value, \
                                [01;31m[K^[m[K
[01m[K/home/hansol/ros2_ws/src/darknet_ros/darknet_ros/src/YoloObjectDetector.cpp:692:5:[m[K [01;36m[Knote: [m[Kin expansion of macro ‘[01m[KRCLCPP_DEBUG[m[K’
     [01;36m[KR[m[KCLCPP_DEBUG(get_logger(), "Detection image has not been broadcasted.");
     [01;36m[K^[m[K
[01m[K/home/hansol/ros2_ws/src/darknet_ros/darknet_ros/src/YoloObjectDetector.cpp:696:13:[m[K [01;31m[Kerror: [m[K‘[01m[KroiBoxes_[m[K’ was not declared in this scope
   int num = [01;31m[KroiBoxes_[m[K[0].num;
             [01;31m[K^~~~~~~~~[m[K
[01m[K/home/hansol/ros2_ws/src/darknet_ros/darknet_ros/src/YoloObjectDetector.cpp:699:27:[m[K [01;31m[Kerror: [m[K‘[01m[KnumClasses_[m[K’ was not declared in this scope
       for (int j = 0; j < [01;31m[KnumClasses_[m[K; j++) {
                           [01;31m[K^~~~~~~~~~~[m[K
[01m[K/home/hansol/ros2_ws/src/darknet_ros/darknet_ros/src/YoloObjectDetector.cpp:701:11:[m[K [01;31m[Kerror: [m[K‘[01m[KrosBoxes_[m[K’ was not declared in this scope
           [01;31m[KrosBoxes_[m[K[j].push_back(roiBoxes_[i]);
           [01;31m[K^~~~~~~~~[m[K
[01m[K/home/hansol/ros2_ws/src/darknet_ros/darknet_ros/src/YoloObjectDetector.cpp:702:11:[m[K [01;31m[Kerror: [m[K‘[01m[KrosBoxCounter_[m[K’ was not declared in this scope
           [01;31m[KrosBoxCounter_[m[K[j]++;
           [01;31m[K^~~~~~~~~~~~~~[m[K
[01m[K/home/hansol/ros2_ws/src/darknet_ros/darknet_ros/src/YoloObjectDetector.cpp:708:24:[m[K [01;31m[Kerror: [m[Kinvalid use of ‘[01m[Kthis[m[K’ in non-member function
     msg.header.stamp = [01;31m[Kthis[m[K->now();
                        [01;31m[K^~~~[m[K
[01m[K/home/hansol/ros2_ws/src/darknet_ros/darknet_ros/src/YoloObjectDetector.cpp:711:5:[m[K [01;31m[Kerror: [m[K‘[01m[KobjectPublisher_[m[K’ was not declared in this scope
     [01;31m[KobjectPublisher_[m[K->publish(msg);
     [01;31m[K^~~~~~~~~~~~~~~~[m[K
[01m[K/home/hansol/ros2_ws/src/darknet_ros/darknet_ros/src/YoloObjectDetector.cpp:711:5:[m[K [01;36m[Knote: [m[Ksuggested alternative: ‘[01m[Krcl_publisher_t[m[K’
     [01;36m[KobjectPublisher_[m[K->publish(msg);
     [01;36m[K^~~~~~~~~~~~~~~~[m[K
     [32m[Krcl_publisher_t[m[K
[01m[K/home/hansol/ros2_ws/src/darknet_ros/darknet_ros/src/YoloObjectDetector.cpp:713:25:[m[K [01;31m[Kerror: [m[K‘[01m[KnumClasses_[m[K’ was not declared in this scope
     for (int i = 0; i < [01;31m[KnumClasses_[m[K; i++) {
                         [01;31m[K^~~~~~~~~~~[m[K
[01m[K/home/hansol/ros2_ws/src/darknet_ros/darknet_ros/src/YoloObjectDetector.cpp:714:11:[m[K [01;31m[Kerror: [m[K‘[01m[KrosBoxCounter_[m[K’ was not declared in this scope
       if ([01;31m[KrosBoxCounter_[m[K[i] > 0) {
           [01;31m[K^~~~~~~~~~~~~~[m[K
[01m[K/home/hansol/ros2_ws/src/darknet_ros/darknet_ros/src/YoloObjectDetector.cpp:718:23:[m[K [01;31m[Kerror: [m[K‘[01m[KrosBoxes_[m[K’ was not declared in this scope
           int xmin = ([01;31m[KrosBoxes_[m[K[i][j].x - rosBoxes_[i][j].w / 2) * frameWidth_;
                       [01;31m[K^~~~~~~~~[m[K
[01m[K/home/hansol/ros2_ws/src/darknet_ros/darknet_ros/src/YoloObjectDetector.cpp:718:68:[m[K [01;31m[Kerror: [m[K‘[01m[KframeWidth_[m[K’ was not declared in this scope
 s_[i][j].x - rosBoxes_[i][j].w / 2) * [01;31m[KframeWidth_[m[K;
                                       [01;31m[K^~~~~~~~~~~[m[K
[01m[K/home/hansol/ros2_ws/src/darknet_ros/darknet_ros/src/YoloObjectDetector.cpp:719:68:[m[K [01;31m[Kerror: [m[K‘[01m[KframeHeight_[m[K’ was not declared in this scope
 s_[i][j].y - rosBoxes_[i][j].h / 2) * [01;31m[KframeHeight_[m[K;
                                       [01;31m[K^~~~~~~~~~~~[m[K
[01m[K/home/hansol/ros2_ws/src/darknet_ros/darknet_ros/src/YoloObjectDetector.cpp:719:68:[m[K [01;36m[Knote: [m[Ksuggested alternative: ‘[01m[Kload_weights[m[K’
 s_[i][j].y - rosBoxes_[i][j].h / 2) * [01;36m[KframeHeight_[m[K;
                                       [01;36m[K^~~~~~~~~~~~[m[K
                                                                    [32m[Kload_weights[m[K
[01m[K/home/hansol/ros2_ws/src/darknet_ros/darknet_ros/src/YoloObjectDetector.cpp:723:34:[m[K [01;31m[Kerror: [m[K‘[01m[KclassLabels_[m[K’ was not declared in this scope
           boundingBox.class_id = [01;31m[KclassLabels_[m[K[i];
                                  [01;31m[K^~~~~~~~~~~~[m[K
[01m[K/home/hansol/ros2_ws/src/darknet_ros/darknet_ros/src/YoloObjectDetector.cpp:730:11:[m[K [01;31m[Kerror: [m[K‘[01m[KboundingBoxesResults_[m[K’ was not declared in this scope
           [01;31m[KboundingBoxesResults_[m[K.bounding_boxes.push_back(boundingBox);
           [01;31m[K^~~~~~~~~~~~~~~~~~~~~[m[K
[01m[K/home/hansol/ros2_ws/src/darknet_ros/darknet_ros/src/YoloObjectDetector.cpp:730:11:[m[K [01;36m[Knote: [m[Ksuggested alternative: ‘[01m[KboundingBox[m[K’
           [01;36m[KboundingBoxesResults_[m[K.bounding_boxes.push_back(boundingBox);
           [01;36m[K^~~~~~~~~~~~~~~~~~~~~[m[K
           [32m[KboundingBox[m[K
[01m[K/home/hansol/ros2_ws/src/darknet_ros/darknet_ros/src/YoloObjectDetector.cpp:734:5:[m[K [01;31m[Kerror: [m[K‘[01m[KboundingBoxesResults_[m[K’ was not declared in this scope
     [01;31m[KboundingBoxesResults_[m[K.header.stamp = this->now();
     [01;31m[K^~~~~~~~~~~~~~~~~~~~~[m[K
[01m[K/home/hansol/ros2_ws/src/darknet_ros/darknet_ros/src/YoloObjectDetector.cpp:734:42:[m[K [01;31m[Kerror: [m[Kinvalid use of ‘[01m[Kthis[m[K’ in non-member function
  boundingBoxesResults_.header.stamp = [01;31m[Kthis[m[K->now();
                                       [01;31m[K^~~~[m[K
[01m[K/home/hansol/ros2_ws/src/darknet_ros/darknet_ros/src/YoloObjectDetector.cpp:736:42:[m[K [01;31m[Kerror: [m[K‘[01m[KheaderBuff_[m[K’ was not declared in this scope
  boundingBoxesResults_.image_header = [01;31m[KheaderBuff_[m[K[(buffIndex_ + 1) % 3];
                                       [01;31m[K^~~~~~~~~~~[m[K
[01m[K/home/hansol/ros2_ws/src/darknet_ros/darknet_ros/src/YoloObjectDetector.cpp:736:55:[m[K [01;31m[Kerror: [m[K‘[01m[KbuffIndex_[m[K’ was not declared in this scope
 sResults_.image_header = headerBuff_[([01;31m[KbuffIndex_[m[K + 1) % 3];
                                       [01;31m[K^~~~~~~~~~[m[K
[01m[K/home/hansol/ros2_ws/src/darknet_ros/darknet_ros/src/YoloObjectDetector.cpp:737:5:[m[K [01;31m[Kerror: [m[K‘[01m[KboundingBoxesPublisher_[m[K’ was not declared in this scope
     [01;31m[KboundingBoxesPublisher_[m[K->publish(boundingBoxesResults_);
     [01;31m[K^~~~~~~~~~~~~~~~~~~~~~~[m[K
[01m[K/home/hansol/ros2_ws/src/darknet_ros/darknet_ros/src/YoloObjectDetector.cpp:740:24:[m[K [01;31m[Kerror: [m[Kinvalid use of ‘[01m[Kthis[m[K’ in non-member function
     msg.header.stamp = [01;31m[Kthis[m[K->now();
                        [01;31m[K^~~~[m[K
[01m[K/home/hansol/ros2_ws/src/darknet_ros/darknet_ros/src/YoloObjectDetector.cpp:743:5:[m[K [01;31m[Kerror: [m[K‘[01m[KobjectPublisher_[m[K’ was not declared in this scope
     [01;31m[KobjectPublisher_[m[K->publish(msg);
     [01;31m[K^~~~~~~~~~~~~~~~[m[K
[01m[K/home/hansol/ros2_ws/src/darknet_ros/darknet_ros/src/YoloObjectDetector.cpp:743:5:[m[K [01;36m[Knote: [m[Ksuggested alternative: ‘[01m[Krcl_publisher_t[m[K’
     [01;36m[KobjectPublisher_[m[K->publish(msg);
     [01;36m[K^~~~~~~~~~~~~~~~[m[K
     [32m[Krcl_publisher_t[m[K
[01m[K/home/hansol/ros2_ws/src/darknet_ros/darknet_ros/src/YoloObjectDetector.cpp:745:7:[m[K [01;31m[Kerror: [m[K‘[01m[KisCheckingForObjects[m[K’ was not declared in this scope
   if ([01;31m[KisCheckingForObjects[m[K()) {
       [01;31m[K^~~~~~~~~~~~~~~~~~~~[m[K
In file included from [01m[K/opt/ros/dashing/include/rclcpp/service.hpp:33:0[m[K,
                 from [01m[K/opt/ros/dashing/include/rclcpp/callback_group.hpp:25[m[K,
                 from [01m[K/opt/ros/dashing/include/rclcpp/any_executable.hpp:20[m[K,
                 from [01m[K/opt/ros/dashing/include/rclcpp/memory_strategy.hpp:24[m[K,
                 from [01m[K/opt/ros/dashing/include/rclcpp/memory_strategies.hpp:18[m[K,
                 from [01m[K/opt/ros/dashing/include/rclcpp/executor.hpp:33[m[K,
                 from [01m[K/opt/ros/dashing/include/rclcpp/executors/multi_threaded_executor.hpp:24[m[K,
                 from [01m[K/opt/ros/dashing/include/rclcpp/executors.hpp:21[m[K,
                 from [01m[K/opt/ros/dashing/include/rclcpp/rclcpp.hpp:144[m[K,
                 from [01m[K/home/hansol/ros2_ws/src/darknet_ros/darknet_ros/include/darknet_ros/YoloObjectDetector.hpp:25[m[K,
                 from [01m[K/home/hansol/ros2_ws/src/darknet_ros/darknet_ros/src/YoloObjectDetector.cpp:11[m[K:
[01m[K/home/hansol/ros2_ws/src/darknet_ros/darknet_ros/src/YoloObjectDetector.cpp:746:18:[m[K [01;31m[Kerror: [m[K‘[01m[Kget_logger[m[K’ was not declared in this scope
     RCLCPP_DEBUG([01;31m[Kg[m[Ket_logger(), "[YoloObjectDetector] check for objects in image.");
                  [01;31m[K^[m[K
[01m[K/opt/ros/dashing/include/rclcpp/logging.hpp:77:86:[m[K [01;36m[Knote: [m[Kin definition of macro ‘[01m[KRCLCPP_DEBUG[m[K’
 ence<typename std::remove_cv<decltype([01;36m[Klogger[m[K)>::type>::type, \
                                       [01;36m[K^~~~~~[m[K
[01m[K/home/hansol/ros2_ws/src/darknet_ros/darknet_ros/src/YoloObjectDetector.cpp:746:18:[m[K [01;36m[Knote: [m[Ksuggested alternative:
     RCLCPP_DEBUG([01;36m[Kg[m[Ket_logger(), "[YoloObjectDetector] check for objects in image.");
                  [01;36m[K^[m[K
[01m[K/opt/ros/dashing/include/rclcpp/logging.hpp:77:86:[m[K [01;36m[Knote: [m[Kin definition of macro ‘[01m[KRCLCPP_DEBUG[m[K’
 ence<typename std::remove_cv<decltype([01;36m[Klogger[m[K)>::type>::type, \
                                       [01;36m[K^~~~~~[m[K
In file included from [01m[K/opt/ros/dashing/include/rclcpp/logging.hpp:22:0[m[K,
                 from [01m[K/opt/ros/dashing/include/rclcpp/service.hpp:33[m[K,
                 from [01m[K/opt/ros/dashing/include/rclcpp/callback_group.hpp:25[m[K,
                 from [01m[K/opt/ros/dashing/include/rclcpp/any_executable.hpp:20[m[K,
                 from [01m[K/opt/ros/dashing/include/rclcpp/memory_strategy.hpp:24[m[K,
                 from [01m[K/opt/ros/dashing/include/rclcpp/memory_strategies.hpp:18[m[K,
                 from [01m[K/opt/ros/dashing/include/rclcpp/executor.hpp:33[m[K,
                 from [01m[K/opt/ros/dashing/include/rclcpp/executors/multi_threaded_executor.hpp:24[m[K,
                 from [01m[K/opt/ros/dashing/include/rclcpp/executors.hpp:21[m[K,
                 from [01m[K/opt/ros/dashing/include/rclcpp/rclcpp.hpp:144[m[K,
                 from [01m[K/home/hansol/ros2_ws/src/darknet_ros/darknet_ros/include/darknet_ros/YoloObjectDetector.hpp:25[m[K,
                 from [01m[K/home/hansol/ros2_ws/src/darknet_ros/darknet_ros/src/YoloObjectDetector.cpp:11[m[K:
[01m[K/opt/ros/dashing/include/rclcpp/logger.hpp:80:17:[m[K [01;36m[Knote: [m[K  ‘[01m[Krclcpp::get_logger[m[K’
   friend Logger [01;36m[Krclcpp[m[K::get_logger(const std::string & name);
                 [01;36m[K^~~~~~[m[K
In file included from [01m[K/opt/ros/dashing/include/rclcpp/service.hpp:33:0[m[K,
                 from [01m[K/opt/ros/dashing/include/rclcpp/callback_group.hpp:25[m[K,
                 from [01m[K/opt/ros/dashing/include/rclcpp/any_executable.hpp:20[m[K,
                 from [01m[K/opt/ros/dashing/include/rclcpp/memory_strategy.hpp:24[m[K,
                 from [01m[K/opt/ros/dashing/include/rclcpp/memory_strategies.hpp:18[m[K,
                 from [01m[K/opt/ros/dashing/include/rclcpp/executor.hpp:33[m[K,
                 from [01m[K/opt/ros/dashing/include/rclcpp/executors/multi_threaded_executor.hpp:24[m[K,
                 from [01m[K/opt/ros/dashing/include/rclcpp/executors.hpp:21[m[K,
                 from [01m[K/opt/ros/dashing/include/rclcpp/rclcpp.hpp:144[m[K,
                 from [01m[K/home/hansol/ros2_ws/src/darknet_ros/darknet_ros/include/darknet_ros/YoloObjectDetector.hpp:25[m[K,
                 from [01m[K/home/hansol/ros2_ws/src/darknet_ros/darknet_ros/src/YoloObjectDetector.cpp:11[m[K:
[01m[K/opt/ros/dashing/include/rclcpp/logging.hpp:77:93:[m[K [01;31m[Kerror: [m[Ktemplate argument 1 is invalid
 pename std::remove_cv<decltype(logger)[01;31m[K>[m[K::type>::type, \
                                       [01;31m[K^[m[K
[01m[K/home/hansol/ros2_ws/src/darknet_ros/darknet_ros/src/YoloObjectDetector.cpp:746:5:[m[K [01;36m[Knote: [m[Kin expansion of macro ‘[01m[KRCLCPP_DEBUG[m[K’
     [01;36m[KR[m[KCLCPP_DEBUG(get_logger(), "[YoloObjectDetector] check for objects in image.");
     [01;36m[K^[m[K
[01m[K/opt/ros/dashing/include/rclcpp/logging.hpp:77:100:[m[K [01;31m[Kerror: [m[Ktemplate argument 1 is invalid
  std::remove_cv<decltype(logger)>::type[01;31m[K>[m[K::type, \
                                        [01;31m[K^[m[K
[01m[K/home/hansol/ros2_ws/src/darknet_ros/darknet_ros/src/YoloObjectDetector.cpp:746:5:[m[K [01;36m[Knote: [m[Kin expansion of macro ‘[01m[KRCLCPP_DEBUG[m[K’
     [01;36m[KR[m[KCLCPP_DEBUG(get_logger(), "[YoloObjectDetector] check for objects in image.");
     [01;36m[K^[m[K
[01m[K/opt/ros/dashing/include/rclcpp/logging.hpp:78:32:[m[K [01;31m[Kerror: [m[Ktemplate argument 1 is invalid
       typename ::rclcpp::Logger[01;31m[K>[m[K::value, \
                                [01;31m[K^[m[K
[01m[K/home/hansol/ros2_ws/src/darknet_ros/darknet_ros/src/YoloObjectDetector.cpp:746:5:[m[K [01;36m[Knote: [m[Kin expansion of macro ‘[01m[KRCLCPP_DEBUG[m[K’
     [01;36m[KR[m[KCLCPP_DEBUG(get_logger(), "[YoloObjectDetector] check for objects in image.");
     [01;36m[K^[m[K
[01m[K/home/hansol/ros2_ws/src/darknet_ros/darknet_ros/src/YoloObjectDetector.cpp:747:36:[m[K [01;31m[Kerror: [m[K‘[01m[KCheckForObjectsAction[m[K’ was not declared in this scope
     auto result = std::make_shared<[01;31m[KCheckForObjectsAction[m[K::Result>();
                                    [01;31m[K^~~~~~~~~~~~~~~~~~~~~[m[K
[01m[K/home/hansol/ros2_ws/src/darknet_ros/darknet_ros/src/YoloObjectDetector.cpp:747:24:[m[K [01;31m[Kerror: [m[Kparse error in template argument list
     auto result = std::[01;31m[Kmake_shared<CheckForObjectsAction::Result>[m[K();
                        [01;31m[K^~~~~~~~~~~~~~~~~~~~~~~~~~~~~~~~~~~~~~~~~~[m[K
[01m[K/home/hansol/ros2_ws/src/darknet_ros/darknet_ros/src/YoloObjectDetector.cpp:747:67:[m[K [01;31m[Kerror: [m[Kno matching function for call to ‘[01m[Kmake_shared<<expression error> >()[m[K’
 td::make_shared<CheckForObjectsAction::Result>([01;31m[K)[m[K;
                                                [01;31m[K^[m[K
In file included from [01m[K/usr/include/c++/7/memory:81:0[m[K,
                 from [01m[K/usr/include/opencv4/opencv2/core/cvstd_wrapper.hpp:11[m[K,
                 from [01m[K/usr/include/opencv4/opencv2/core/cvstd.hpp:81[m[K,
                 from [01m[K/usr/include/opencv4/opencv2/core/base.hpp:58[m[K,
                 from [01m[K/usr/include/opencv4/opencv2/core.hpp:54[m[K,
                 from [01m[K/usr/include/opencv4/opencv2/opencv.hpp:52[m[K,
                 from [01m[K/home/hansol/ros2_ws/src/darknet_ros/darknet_ros/src/YoloObjectDetector.cpp:9[m[K:
[01m[K/usr/include/c++/7/bits/shared_ptr.h:703:5:[m[K [01;36m[Knote: [m[Kcandidate: template<class _Tp, class ... _Args> std::shared_ptr<_Tp> std::make_shared(_Args&& ...)
     [01;36m[Kmake_shared[m[K(_Args&&... __args)
     [01;36m[K^~~~~~~~~~~[m[K
[01m[K/usr/include/c++/7/bits/shared_ptr.h:703:5:[m[K [01;36m[Knote: [m[K  template argument deduction/substitution failed:
[01m[K/home/hansol/ros2_ws/src/darknet_ros/darknet_ros/src/YoloObjectDetector.cpp:747:67:[m[K [01;31m[Kerror: [m[Ktemplate argument 1 is invalid
 td::make_shared<CheckForObjectsAction::Result>([01;31m[K)[m[K;
                                                [01;31m[K^[m[K
[01m[K/home/hansol/ros2_ws/src/darknet_ros/darknet_ros/src/YoloObjectDetector.cpp:749:18:[m[K [01;31m[Kerror: [m[K‘[01m[KbuffId_[m[K’ was not declared in this scope
     result->id = [01;31m[KbuffId_[m[K[0];
                  [01;31m[K^~~~~~~[m[K
[01m[K/home/hansol/ros2_ws/src/darknet_ros/darknet_ros/src/YoloObjectDetector.cpp:750:30:[m[K [01;31m[Kerror: [m[K‘[01m[KboundingBoxesResults_[m[K’ was not declared in this scope
     result->bounding_boxes = [01;31m[KboundingBoxesResults_[m[K;
                              [01;31m[K^~~~~~~~~~~~~~~~~~~~~[m[K
[01m[K/home/hansol/ros2_ws/src/darknet_ros/darknet_ros/src/YoloObjectDetector.cpp:751:5:[m[K [01;31m[Kerror: [m[K‘[01m[Kgoal_handle_[m[K’ was not declared in this scope
     [01;31m[Kgoal_handle_[m[K->succeed(result);
     [01;31m[K^~~~~~~~~~~~[m[K
[01m[K/home/hansol/ros2_ws/src/darknet_ros/darknet_ros/src/YoloObjectDetector.cpp:751:5:[m[K [01;36m[Knote: [m[Ksuggested alternative: ‘[01m[Kblas_handle[m[K’
     [01;36m[Kgoal_handle_[m[K->succeed(result);
     [01;36m[K^~~~~~~~~~~~[m[K
     [32m[Kblas_handle[m[K
[01m[K/home/hansol/ros2_ws/src/darknet_ros/darknet_ros/src/YoloObjectDetector.cpp:752:5:[m[K [01;31m[Kerror: [m[K‘[01m[Kaction_active_[m[K’ was not declared in this scope
     [01;31m[Kaction_active_[m[K = false;
     [01;31m[K^~~~~~~~~~~~~~[m[K
[01m[K/home/hansol/ros2_ws/src/darknet_ros/darknet_ros/src/YoloObjectDetector.cpp:752:5:[m[K [01;36m[Knote: [m[Ksuggested alternative: ‘[01m[Klhtan_activate[m[K’
     [01;36m[Kaction_active_[m[K = false;
     [01;36m[K^~~~~~~~~~~~~~[m[K
     [32m[Klhtan_activate[m[K
[01m[K/home/hansol/ros2_ws/src/darknet_ros/darknet_ros/src/YoloObjectDetector.cpp:754:3:[m[K [01;31m[Kerror: [m[K‘[01m[KboundingBoxesResults_[m[K’ was not declared in this scope
   [01;31m[KboundingBoxesResults_[m[K.bounding_boxes.clear();
   [01;31m[K^~~~~~~~~~~~~~~~~~~~~[m[K
[01m[K/home/hansol/ros2_ws/src/darknet_ros/darknet_ros/src/YoloObjectDetector.cpp:755:23:[m[K [01;31m[Kerror: [m[K‘[01m[KnumClasses_[m[K’ was not declared in this scope
   for (int i = 0; i < [01;31m[KnumClasses_[m[K; i++) {
                       [01;31m[K^~~~~~~~~~~[m[K
[01m[K/home/hansol/ros2_ws/src/darknet_ros/darknet_ros/src/YoloObjectDetector.cpp:756:5:[m[K [01;31m[Kerror: [m[K‘[01m[KrosBoxes_[m[K’ was not declared in this scope
     [01;31m[KrosBoxes_[m[K[i].clear();
     [01;31m[K^~~~~~~~~[m[K
[01m[K/home/hansol/ros2_ws/src/darknet_ros/darknet_ros/src/YoloObjectDetector.cpp:757:5:[m[K [01;31m[Kerror: [m[K‘[01m[KrosBoxCounter_[m[K’ was not declared in this scope
     [01;31m[KrosBoxCounter_[m[K[i] = 0;
     [01;31m[K^~~~~~~~~~~~~~[m[K
[01m[K/home/hansol/ros2_ws/src/darknet_ros/darknet_ros/src/YoloObjectDetector.cpp:[m[K At global scope:
[01m[K/home/hansol/ros2_ws/src/darknet_ros/darknet_ros/src/YoloObjectDetector.cpp:763:6:[m[K [01;31m[Kerror: [m[K‘[01m[KYoloObjectDetector[m[K’ has not been declared
 void [01;31m[KYoloObjectDetector[m[K::generate_image_cp(image p, cv::Mat& disp) {
      [01;31m[K^~~~~~~~~~~~~~~~~~[m[K
[01m[K/home/hansol/ros2_ws/src/darknet_ros/darknet_ros/src/YoloObjectDetector.cpp:778:1:[m[K [01;31m[Kerror: [m[Kexpected declaration before ‘[01m[K}[m[K’ token
 [01;31m[K}[m[K /* namespace darknet_ros*/
 [01;31m[K^[m[K
make[2]: *** [CMakeFiles/darknet_ros_lib.dir/src/YoloObjectDetector.cpp.o] Error 1
make[1]: *** [CMakeFiles/darknet_ros_lib.dir/all] Error 2
make: *** [all] Error 2
