[0.563s] DEBUG:colcon:Command line arguments: ['/usr/bin/colcon', 'build', '--symlink-install']
[0.563s] DEBUG:colcon:Parsed command line arguments: Namespace(allow_overriding=[], ament_cmake_args=None, base_paths=['.'], build_base='build', catkin_cmake_args=None, catkin_skip_building_tests=False, cmake_args=None, cmake_clean_cache=False, cmake_clean_first=False, cmake_force_configure=False, cmake_target=None, cmake_target_skip_unavailable=False, continue_on_error=False, event_handlers=None, executor='parallel', ignore_user_meta=False, install_base='install', log_base=None, log_level=None, main=<bound method BuildVerb.main of <colcon_core.verb.build.BuildVerb object at 0x7fa6f6c128>>, merge_install=False, metas=['./colcon.meta'], packages_above=None, packages_above_and_dependencies=None, packages_above_depth=None, packages_end=None, packages_ignore=None, packages_ignore_regex=None, packages_select=None, packages_select_build_failed=False, packages_select_by_dep=None, packages_select_regex=None, packages_select_test_failures=False, packages_skip=None, packages_skip_build_finished=False, packages_skip_by_dep=None, packages_skip_regex=None, packages_skip_test_passed=False, packages_skip_up_to=None, packages_start=None, packages_up_to=None, packages_up_to_regex=None, parallel_workers=4, paths=None, symlink_install=True, test_result_base=None, verb_extension=<colcon_core.verb.build.BuildVerb object at 0x7fa6f6c128>, verb_name='build', verb_parser=<colcon_defaults.argument_parser.defaults.DefaultArgumentsDecorator object at 0x7fa6f6c470>)
[0.651s] Level 1:colcon.colcon_core.package_discovery:discover_packages(colcon_meta) check parameters
[0.652s] Level 1:colcon.colcon_core.package_discovery:discover_packages(recursive) check parameters
[0.652s] Level 1:colcon.colcon_core.package_discovery:discover_packages(ignore) check parameters
[0.652s] Level 1:colcon.colcon_core.package_discovery:discover_packages(path) check parameters
[0.653s] Level 1:colcon.colcon_core.package_discovery:discover_packages(colcon_meta) discover
[0.654s] Level 1:colcon.colcon_core.package_discovery:discover_packages(recursive) discover
[0.654s] INFO:colcon.colcon_core.package_discovery:Crawling recursively for packages in '/home/hansol/ros2_ws'
[0.655s] Level 1:colcon.colcon_core.package_identification:_identify(.) by extensions ['ignore', 'ignore_ament_install']
[0.656s] Level 1:colcon.colcon_core.package_identification:_identify(.) by extension 'ignore'
[0.656s] Level 1:colcon.colcon_core.package_identification:_identify(.) by extension 'ignore_ament_install'
[0.656s] Level 1:colcon.colcon_core.package_identification:_identify(.) by extensions ['colcon_pkg']
[0.657s] Level 1:colcon.colcon_core.package_identification:_identify(.) by extension 'colcon_pkg'
[0.657s] Level 1:colcon.colcon_core.package_identification:_identify(.) by extensions ['colcon_meta']
[0.657s] Level 1:colcon.colcon_core.package_identification:_identify(.) by extension 'colcon_meta'
[0.657s] Level 1:colcon.colcon_core.package_identification:_identify(.) by extensions ['ros']
[0.657s] Level 1:colcon.colcon_core.package_identification:_identify(.) by extension 'ros'
[0.716s] Level 1:colcon.colcon_core.package_identification:_identify(.) by extensions ['cmake', 'python']
[0.717s] Level 1:colcon.colcon_core.package_identification:_identify(.) by extension 'cmake'
[0.717s] Level 1:colcon.colcon_core.package_identification:_identify(.) by extension 'python'
[0.717s] Level 1:colcon.colcon_core.package_identification:_identify(.) by extensions ['python_setup_py']
[0.718s] Level 1:colcon.colcon_core.package_identification:_identify(.) by extension 'python_setup_py'
[0.718s] Level 1:colcon.colcon_core.package_identification:_identify(build) by extensions ['ignore', 'ignore_ament_install']
[0.719s] Level 1:colcon.colcon_core.package_identification:_identify(build) by extension 'ignore'
[0.719s] Level 1:colcon.colcon_core.package_identification:_identify(build) ignored
[0.721s] Level 1:colcon.colcon_core.package_identification:_identify(install) by extensions ['ignore', 'ignore_ament_install']
[0.722s] Level 1:colcon.colcon_core.package_identification:_identify(install) by extension 'ignore'
[0.722s] Level 1:colcon.colcon_core.package_identification:_identify(install) ignored
[0.723s] Level 1:colcon.colcon_core.package_identification:_identify(log) by extensions ['ignore', 'ignore_ament_install']
[0.723s] Level 1:colcon.colcon_core.package_identification:_identify(log) by extension 'ignore'
[0.723s] Level 1:colcon.colcon_core.package_identification:_identify(log) ignored
[0.724s] Level 1:colcon.colcon_core.package_identification:_identify(src) by extensions ['ignore', 'ignore_ament_install']
[0.724s] Level 1:colcon.colcon_core.package_identification:_identify(src) by extension 'ignore'
[0.725s] Level 1:colcon.colcon_core.package_identification:_identify(src) by extension 'ignore_ament_install'
[0.725s] Level 1:colcon.colcon_core.package_identification:_identify(src) by extensions ['colcon_pkg']
[0.725s] Level 1:colcon.colcon_core.package_identification:_identify(src) by extension 'colcon_pkg'
[0.725s] Level 1:colcon.colcon_core.package_identification:_identify(src) by extensions ['colcon_meta']
[0.726s] Level 1:colcon.colcon_core.package_identification:_identify(src) by extension 'colcon_meta'
[0.726s] Level 1:colcon.colcon_core.package_identification:_identify(src) by extensions ['ros']
[0.726s] Level 1:colcon.colcon_core.package_identification:_identify(src) by extension 'ros'
[0.727s] Level 1:colcon.colcon_core.package_identification:_identify(src) by extensions ['cmake', 'python']
[0.727s] Level 1:colcon.colcon_core.package_identification:_identify(src) by extension 'cmake'
[0.727s] Level 1:colcon.colcon_core.package_identification:_identify(src) by extension 'python'
[0.727s] Level 1:colcon.colcon_core.package_identification:_identify(src) by extensions ['python_setup_py']
[0.728s] Level 1:colcon.colcon_core.package_identification:_identify(src) by extension 'python_setup_py'
[0.728s] Level 1:colcon.colcon_core.package_identification:_identify(src/darknet_ros) by extensions ['ignore', 'ignore_ament_install']
[0.729s] Level 1:colcon.colcon_core.package_identification:_identify(src/darknet_ros) by extension 'ignore'
[0.729s] Level 1:colcon.colcon_core.package_identification:_identify(src/darknet_ros) by extension 'ignore_ament_install'
[0.729s] Level 1:colcon.colcon_core.package_identification:_identify(src/darknet_ros) by extensions ['colcon_pkg']
[0.730s] Level 1:colcon.colcon_core.package_identification:_identify(src/darknet_ros) by extension 'colcon_pkg'
[0.730s] Level 1:colcon.colcon_core.package_identification:_identify(src/darknet_ros) by extensions ['colcon_meta']
[0.730s] Level 1:colcon.colcon_core.package_identification:_identify(src/darknet_ros) by extension 'colcon_meta'
[0.730s] Level 1:colcon.colcon_core.package_identification:_identify(src/darknet_ros) by extensions ['ros']
[0.731s] Level 1:colcon.colcon_core.package_identification:_identify(src/darknet_ros) by extension 'ros'
[0.731s] Level 1:colcon.colcon_core.package_identification:_identify(src/darknet_ros) by extensions ['cmake', 'python']
[0.731s] Level 1:colcon.colcon_core.package_identification:_identify(src/darknet_ros) by extension 'cmake'
[0.732s] Level 1:colcon.colcon_core.package_identification:_identify(src/darknet_ros) by extension 'python'
[0.732s] Level 1:colcon.colcon_core.package_identification:_identify(src/darknet_ros) by extensions ['python_setup_py']
[0.732s] Level 1:colcon.colcon_core.package_identification:_identify(src/darknet_ros) by extension 'python_setup_py'
[0.733s] Level 1:colcon.colcon_core.package_identification:_identify(src/darknet_ros/build) by extensions ['ignore', 'ignore_ament_install']
[0.733s] Level 1:colcon.colcon_core.package_identification:_identify(src/darknet_ros/build) by extension 'ignore'
[0.733s] Level 1:colcon.colcon_core.package_identification:_identify(src/darknet_ros/build) ignored
[0.734s] Level 1:colcon.colcon_core.package_identification:_identify(src/darknet_ros/darknet) by extensions ['ignore', 'ignore_ament_install']
[0.735s] Level 1:colcon.colcon_core.package_identification:_identify(src/darknet_ros/darknet) by extension 'ignore'
[0.735s] Level 1:colcon.colcon_core.package_identification:_identify(src/darknet_ros/darknet) by extension 'ignore_ament_install'
[0.735s] Level 1:colcon.colcon_core.package_identification:_identify(src/darknet_ros/darknet) by extensions ['colcon_pkg']
[0.736s] Level 1:colcon.colcon_core.package_identification:_identify(src/darknet_ros/darknet) by extension 'colcon_pkg'
[0.736s] Level 1:colcon.colcon_core.package_identification:_identify(src/darknet_ros/darknet) by extensions ['colcon_meta']
[0.736s] Level 1:colcon.colcon_core.package_identification:_identify(src/darknet_ros/darknet) by extension 'colcon_meta'
[0.736s] Level 1:colcon.colcon_core.package_identification:_identify(src/darknet_ros/darknet) by extensions ['ros']
[0.737s] Level 1:colcon.colcon_core.package_identification:_identify(src/darknet_ros/darknet) by extension 'ros'
[0.737s] Level 1:colcon.colcon_core.package_identification:_identify(src/darknet_ros/darknet) by extensions ['cmake', 'python']
[0.737s] Level 1:colcon.colcon_core.package_identification:_identify(src/darknet_ros/darknet) by extension 'cmake'
[0.779s] Level 1:colcon.colcon_core.package_identification:_identify(src/darknet_ros/darknet) by extension 'python'
[0.779s] DEBUG:colcon.colcon_core.package_identification:Package 'src/darknet_ros/darknet' with type 'cmake' and name 'Darknet'
[0.780s] Level 1:colcon.colcon_core.package_identification:_identify(src/darknet_ros/darknet_ros) by extensions ['ignore', 'ignore_ament_install']
[0.781s] Level 1:colcon.colcon_core.package_identification:_identify(src/darknet_ros/darknet_ros) by extension 'ignore'
[0.781s] Level 1:colcon.colcon_core.package_identification:_identify(src/darknet_ros/darknet_ros) by extension 'ignore_ament_install'
[0.781s] Level 1:colcon.colcon_core.package_identification:_identify(src/darknet_ros/darknet_ros) by extensions ['colcon_pkg']
[0.781s] Level 1:colcon.colcon_core.package_identification:_identify(src/darknet_ros/darknet_ros) by extension 'colcon_pkg'
[0.782s] Level 1:colcon.colcon_core.package_identification:_identify(src/darknet_ros/darknet_ros) by extensions ['colcon_meta']
[0.782s] Level 1:colcon.colcon_core.package_identification:_identify(src/darknet_ros/darknet_ros) by extension 'colcon_meta'
[0.782s] Level 1:colcon.colcon_core.package_identification:_identify(src/darknet_ros/darknet_ros) by extensions ['ros']
[0.782s] Level 1:colcon.colcon_core.package_identification:_identify(src/darknet_ros/darknet_ros) by extension 'ros'
[0.801s] DEBUG:colcon.colcon_core.package_identification:Package 'src/darknet_ros/darknet_ros' with type 'ros.ament_cmake' and name 'darknet_ros'
[0.802s] Level 1:colcon.colcon_core.package_identification:_identify(src/darknet_ros/darknet_ros_msgs) by extensions ['ignore', 'ignore_ament_install']
[0.803s] Level 1:colcon.colcon_core.package_identification:_identify(src/darknet_ros/darknet_ros_msgs) by extension 'ignore'
[0.803s] Level 1:colcon.colcon_core.package_identification:_identify(src/darknet_ros/darknet_ros_msgs) by extension 'ignore_ament_install'
[0.803s] Level 1:colcon.colcon_core.package_identification:_identify(src/darknet_ros/darknet_ros_msgs) by extensions ['colcon_pkg']
[0.804s] Level 1:colcon.colcon_core.package_identification:_identify(src/darknet_ros/darknet_ros_msgs) by extension 'colcon_pkg'
[0.804s] Level 1:colcon.colcon_core.package_identification:_identify(src/darknet_ros/darknet_ros_msgs) by extensions ['colcon_meta']
[0.804s] Level 1:colcon.colcon_core.package_identification:_identify(src/darknet_ros/darknet_ros_msgs) by extension 'colcon_meta'
[0.804s] Level 1:colcon.colcon_core.package_identification:_identify(src/darknet_ros/darknet_ros_msgs) by extensions ['ros']
[0.805s] Level 1:colcon.colcon_core.package_identification:_identify(src/darknet_ros/darknet_ros_msgs) by extension 'ros'
[0.811s] DEBUG:colcon.colcon_core.package_identification:Package 'src/darknet_ros/darknet_ros_msgs' with type 'ros.ament_cmake' and name 'darknet_ros_msgs'
[0.811s] Level 1:colcon.colcon_core.package_identification:_identify(src/darknet_ros/install) by extensions ['ignore', 'ignore_ament_install']
[0.812s] Level 1:colcon.colcon_core.package_identification:_identify(src/darknet_ros/install) by extension 'ignore'
[0.812s] Level 1:colcon.colcon_core.package_identification:_identify(src/darknet_ros/install) ignored
[0.813s] Level 1:colcon.colcon_core.package_identification:_identify(src/darknet_ros/log) by extensions ['ignore', 'ignore_ament_install']
[0.813s] Level 1:colcon.colcon_core.package_identification:_identify(src/darknet_ros/log) by extension 'ignore'
[0.813s] Level 1:colcon.colcon_core.package_identification:_identify(src/darknet_ros/log) ignored
[0.814s] Level 1:colcon.colcon_core.package_identification:_identify(src/ros2_intel_realsense) by extensions ['ignore', 'ignore_ament_install']
[0.814s] Level 1:colcon.colcon_core.package_identification:_identify(src/ros2_intel_realsense) by extension 'ignore'
[0.815s] Level 1:colcon.colcon_core.package_identification:_identify(src/ros2_intel_realsense) by extension 'ignore_ament_install'
[0.815s] Level 1:colcon.colcon_core.package_identification:_identify(src/ros2_intel_realsense) by extensions ['colcon_pkg']
[0.815s] Level 1:colcon.colcon_core.package_identification:_identify(src/ros2_intel_realsense) by extension 'colcon_pkg'
[0.816s] Level 1:colcon.colcon_core.package_identification:_identify(src/ros2_intel_realsense) by extensions ['colcon_meta']
[0.816s] Level 1:colcon.colcon_core.package_identification:_identify(src/ros2_intel_realsense) by extension 'colcon_meta'
[0.816s] Level 1:colcon.colcon_core.package_identification:_identify(src/ros2_intel_realsense) by extensions ['ros']
[0.816s] Level 1:colcon.colcon_core.package_identification:_identify(src/ros2_intel_realsense) by extension 'ros'
[0.817s] Level 1:colcon.colcon_core.package_identification:_identify(src/ros2_intel_realsense) by extensions ['cmake', 'python']
[0.817s] Level 1:colcon.colcon_core.package_identification:_identify(src/ros2_intel_realsense) by extension 'cmake'
[0.817s] Level 1:colcon.colcon_core.package_identification:_identify(src/ros2_intel_realsense) by extension 'python'
[0.818s] Level 1:colcon.colcon_core.package_identification:_identify(src/ros2_intel_realsense) by extensions ['python_setup_py']
[0.818s] Level 1:colcon.colcon_core.package_identification:_identify(src/ros2_intel_realsense) by extension 'python_setup_py'
[0.819s] Level 1:colcon.colcon_core.package_identification:_identify(src/ros2_intel_realsense/realsense_camera_msgs) by extensions ['ignore', 'ignore_ament_install']
[0.819s] Level 1:colcon.colcon_core.package_identification:_identify(src/ros2_intel_realsense/realsense_camera_msgs) by extension 'ignore'
[0.819s] Level 1:colcon.colcon_core.package_identification:_identify(src/ros2_intel_realsense/realsense_camera_msgs) by extension 'ignore_ament_install'
[0.820s] Level 1:colcon.colcon_core.package_identification:_identify(src/ros2_intel_realsense/realsense_camera_msgs) by extensions ['colcon_pkg']
[0.820s] Level 1:colcon.colcon_core.package_identification:_identify(src/ros2_intel_realsense/realsense_camera_msgs) by extension 'colcon_pkg'
[0.820s] Level 1:colcon.colcon_core.package_identification:_identify(src/ros2_intel_realsense/realsense_camera_msgs) by extensions ['colcon_meta']
[0.820s] Level 1:colcon.colcon_core.package_identification:_identify(src/ros2_intel_realsense/realsense_camera_msgs) by extension 'colcon_meta'
[0.821s] Level 1:colcon.colcon_core.package_identification:_identify(src/ros2_intel_realsense/realsense_camera_msgs) by extensions ['ros']
[0.821s] Level 1:colcon.colcon_core.package_identification:_identify(src/ros2_intel_realsense/realsense_camera_msgs) by extension 'ros'
[0.828s] DEBUG:colcon.colcon_core.package_identification:Package 'src/ros2_intel_realsense/realsense_camera_msgs' with type 'ros.ament_cmake' and name 'realsense_camera_msgs'
[0.829s] Level 1:colcon.colcon_core.package_identification:_identify(src/ros2_intel_realsense/realsense_ros2_camera) by extensions ['ignore', 'ignore_ament_install']
[0.830s] Level 1:colcon.colcon_core.package_identification:_identify(src/ros2_intel_realsense/realsense_ros2_camera) by extension 'ignore'
[0.830s] Level 1:colcon.colcon_core.package_identification:_identify(src/ros2_intel_realsense/realsense_ros2_camera) by extension 'ignore_ament_install'
[0.830s] Level 1:colcon.colcon_core.package_identification:_identify(src/ros2_intel_realsense/realsense_ros2_camera) by extensions ['colcon_pkg']
[0.831s] Level 1:colcon.colcon_core.package_identification:_identify(src/ros2_intel_realsense/realsense_ros2_camera) by extension 'colcon_pkg'
[0.831s] Level 1:colcon.colcon_core.package_identification:_identify(src/ros2_intel_realsense/realsense_ros2_camera) by extensions ['colcon_meta']
[0.831s] Level 1:colcon.colcon_core.package_identification:_identify(src/ros2_intel_realsense/realsense_ros2_camera) by extension 'colcon_meta'
[0.832s] Level 1:colcon.colcon_core.package_identification:_identify(src/ros2_intel_realsense/realsense_ros2_camera) by extensions ['ros']
[0.832s] Level 1:colcon.colcon_core.package_identification:_identify(src/ros2_intel_realsense/realsense_ros2_camera) by extension 'ros'
[0.840s] DEBUG:colcon.colcon_core.package_identification:Package 'src/ros2_intel_realsense/realsense_ros2_camera' with type 'ros.ament_cmake' and name 'realsense_ros2_camera'
[0.841s] Level 1:colcon.colcon_core.package_discovery:discover_packages(recursive) using defaults
[0.842s] Level 1:colcon.colcon_core.package_discovery:discover_packages(ignore) discover
[0.842s] Level 1:colcon.colcon_core.package_discovery:discover_packages(ignore) using defaults
[0.842s] Level 1:colcon.colcon_core.package_discovery:discover_packages(path) discover
[0.842s] Level 1:colcon.colcon_core.package_discovery:discover_packages(path) using defaults
[1.000s] Level 1:colcon.colcon_core.package_discovery:discover_packages(prefix_path) check parameters
[1.000s] Level 1:colcon.colcon_core.package_discovery:discover_packages(prefix_path) discover
[1.014s] DEBUG:colcon.colcon_installed_package_information.package_discovery:Found 5 installed packages in /home/hansol/ros2_ws/install
[1.022s] DEBUG:colcon.colcon_installed_package_information.package_discovery:Found 170 installed packages in /opt/ros/dashing
[1.031s] Level 1:colcon.colcon_core.package_discovery:discover_packages(prefix_path) using defaults
[1.323s] Level 5:colcon.colcon_core.verb:set package 'Darknet' build argument 'cmake_args' from command line to 'None'
[1.324s] Level 5:colcon.colcon_core.verb:set package 'Darknet' build argument 'cmake_target' from command line to 'None'
[1.324s] Level 5:colcon.colcon_core.verb:set package 'Darknet' build argument 'cmake_target_skip_unavailable' from command line to 'False'
[1.324s] Level 5:colcon.colcon_core.verb:set package 'Darknet' build argument 'cmake_clean_cache' from command line to 'False'
[1.324s] Level 5:colcon.colcon_core.verb:set package 'Darknet' build argument 'cmake_clean_first' from command line to 'False'
[1.324s] Level 5:colcon.colcon_core.verb:set package 'Darknet' build argument 'cmake_force_configure' from command line to 'False'
[1.325s] Level 5:colcon.colcon_core.verb:set package 'Darknet' build argument 'ament_cmake_args' from command line to 'None'
[1.325s] Level 5:colcon.colcon_core.verb:set package 'Darknet' build argument 'catkin_cmake_args' from command line to 'None'
[1.325s] Level 5:colcon.colcon_core.verb:set package 'Darknet' build argument 'catkin_skip_building_tests' from command line to 'False'
[1.325s] DEBUG:colcon.colcon_core.verb:Building package 'Darknet' with the following arguments: {'ament_cmake_args': None, 'build_base': '/home/hansol/ros2_ws/build/Darknet', 'catkin_cmake_args': None, 'catkin_skip_building_tests': False, 'cmake_args': None, 'cmake_clean_cache': False, 'cmake_clean_first': False, 'cmake_force_configure': False, 'cmake_target': None, 'cmake_target_skip_unavailable': False, 'install_base': '/home/hansol/ros2_ws/install/Darknet', 'merge_install': False, 'path': '/home/hansol/ros2_ws/src/darknet_ros/darknet', 'symlink_install': True, 'test_result_base': None}
[1.328s] Level 5:colcon.colcon_core.verb:set package 'darknet_ros_msgs' build argument 'cmake_args' from command line to 'None'
[1.329s] Level 5:colcon.colcon_core.verb:set package 'darknet_ros_msgs' build argument 'cmake_target' from command line to 'None'
[1.329s] Level 5:colcon.colcon_core.verb:set package 'darknet_ros_msgs' build argument 'cmake_target_skip_unavailable' from command line to 'False'
[1.329s] Level 5:colcon.colcon_core.verb:set package 'darknet_ros_msgs' build argument 'cmake_clean_cache' from command line to 'False'
[1.329s] Level 5:colcon.colcon_core.verb:set package 'darknet_ros_msgs' build argument 'cmake_clean_first' from command line to 'False'
[1.330s] Level 5:colcon.colcon_core.verb:set package 'darknet_ros_msgs' build argument 'cmake_force_configure' from command line to 'False'
[1.330s] Level 5:colcon.colcon_core.verb:set package 'darknet_ros_msgs' build argument 'ament_cmake_args' from command line to 'None'
[1.330s] Level 5:colcon.colcon_core.verb:set package 'darknet_ros_msgs' build argument 'catkin_cmake_args' from command line to 'None'
[1.330s] Level 5:colcon.colcon_core.verb:set package 'darknet_ros_msgs' build argument 'catkin_skip_building_tests' from command line to 'False'
[1.330s] DEBUG:colcon.colcon_core.verb:Building package 'darknet_ros_msgs' with the following arguments: {'ament_cmake_args': None, 'build_base': '/home/hansol/ros2_ws/build/darknet_ros_msgs', 'catkin_cmake_args': None, 'catkin_skip_building_tests': False, 'cmake_args': None, 'cmake_clean_cache': False, 'cmake_clean_first': False, 'cmake_force_configure': False, 'cmake_target': None, 'cmake_target_skip_unavailable': False, 'install_base': '/home/hansol/ros2_ws/install/darknet_ros_msgs', 'merge_install': False, 'path': '/home/hansol/ros2_ws/src/darknet_ros/darknet_ros_msgs', 'symlink_install': True, 'test_result_base': None}
[1.334s] Level 5:colcon.colcon_core.verb:set package 'realsense_camera_msgs' build argument 'cmake_args' from command line to 'None'
[1.334s] Level 5:colcon.colcon_core.verb:set package 'realsense_camera_msgs' build argument 'cmake_target' from command line to 'None'
[1.334s] Level 5:colcon.colcon_core.verb:set package 'realsense_camera_msgs' build argument 'cmake_target_skip_unavailable' from command line to 'False'
[1.334s] Level 5:colcon.colcon_core.verb:set package 'realsense_camera_msgs' build argument 'cmake_clean_cache' from command line to 'False'
[1.334s] Level 5:colcon.colcon_core.verb:set package 'realsense_camera_msgs' build argument 'cmake_clean_first' from command line to 'False'
[1.335s] Level 5:colcon.colcon_core.verb:set package 'realsense_camera_msgs' build argument 'cmake_force_configure' from command line to 'False'
[1.335s] Level 5:colcon.colcon_core.verb:set package 'realsense_camera_msgs' build argument 'ament_cmake_args' from command line to 'None'
[1.335s] Level 5:colcon.colcon_core.verb:set package 'realsense_camera_msgs' build argument 'catkin_cmake_args' from command line to 'None'
[1.335s] Level 5:colcon.colcon_core.verb:set package 'realsense_camera_msgs' build argument 'catkin_skip_building_tests' from command line to 'False'
[1.335s] DEBUG:colcon.colcon_core.verb:Building package 'realsense_camera_msgs' with the following arguments: {'ament_cmake_args': None, 'build_base': '/home/hansol/ros2_ws/build/realsense_camera_msgs', 'catkin_cmake_args': None, 'catkin_skip_building_tests': False, 'cmake_args': None, 'cmake_clean_cache': False, 'cmake_clean_first': False, 'cmake_force_configure': False, 'cmake_target': None, 'cmake_target_skip_unavailable': False, 'install_base': '/home/hansol/ros2_ws/install/realsense_camera_msgs', 'merge_install': False, 'path': '/home/hansol/ros2_ws/src/ros2_intel_realsense/realsense_camera_msgs', 'symlink_install': True, 'test_result_base': None}
[1.338s] Level 5:colcon.colcon_core.verb:set package 'darknet_ros' build argument 'cmake_args' from command line to 'None'
[1.339s] Level 5:colcon.colcon_core.verb:set package 'darknet_ros' build argument 'cmake_target' from command line to 'None'
[1.339s] Level 5:colcon.colcon_core.verb:set package 'darknet_ros' build argument 'cmake_target_skip_unavailable' from command line to 'False'
[1.339s] Level 5:colcon.colcon_core.verb:set package 'darknet_ros' build argument 'cmake_clean_cache' from command line to 'False'
[1.339s] Level 5:colcon.colcon_core.verb:set package 'darknet_ros' build argument 'cmake_clean_first' from command line to 'False'
[1.339s] Level 5:colcon.colcon_core.verb:set package 'darknet_ros' build argument 'cmake_force_configure' from command line to 'False'
[1.340s] Level 5:colcon.colcon_core.verb:set package 'darknet_ros' build argument 'ament_cmake_args' from command line to 'None'
[1.340s] Level 5:colcon.colcon_core.verb:set package 'darknet_ros' build argument 'catkin_cmake_args' from command line to 'None'
[1.340s] Level 5:colcon.colcon_core.verb:set package 'darknet_ros' build argument 'catkin_skip_building_tests' from command line to 'False'
[1.340s] DEBUG:colcon.colcon_core.verb:Building package 'darknet_ros' with the following arguments: {'ament_cmake_args': None, 'build_base': '/home/hansol/ros2_ws/build/darknet_ros', 'catkin_cmake_args': None, 'catkin_skip_building_tests': False, 'cmake_args': None, 'cmake_clean_cache': False, 'cmake_clean_first': False, 'cmake_force_configure': False, 'cmake_target': None, 'cmake_target_skip_unavailable': False, 'install_base': '/home/hansol/ros2_ws/install/darknet_ros', 'merge_install': False, 'path': '/home/hansol/ros2_ws/src/darknet_ros/darknet_ros', 'symlink_install': True, 'test_result_base': None}
[1.343s] Level 5:colcon.colcon_core.verb:set package 'realsense_ros2_camera' build argument 'cmake_args' from command line to 'None'
[1.343s] Level 5:colcon.colcon_core.verb:set package 'realsense_ros2_camera' build argument 'cmake_target' from command line to 'None'
[1.343s] Level 5:colcon.colcon_core.verb:set package 'realsense_ros2_camera' build argument 'cmake_target_skip_unavailable' from command line to 'False'
[1.344s] Level 5:colcon.colcon_core.verb:set package 'realsense_ros2_camera' build argument 'cmake_clean_cache' from command line to 'False'
[1.344s] Level 5:colcon.colcon_core.verb:set package 'realsense_ros2_camera' build argument 'cmake_clean_first' from command line to 'False'
[1.344s] Level 5:colcon.colcon_core.verb:set package 'realsense_ros2_camera' build argument 'cmake_force_configure' from command line to 'False'
[1.344s] Level 5:colcon.colcon_core.verb:set package 'realsense_ros2_camera' build argument 'ament_cmake_args' from command line to 'None'
[1.344s] Level 5:colcon.colcon_core.verb:set package 'realsense_ros2_camera' build argument 'catkin_cmake_args' from command line to 'None'
[1.345s] Level 5:colcon.colcon_core.verb:set package 'realsense_ros2_camera' build argument 'catkin_skip_building_tests' from command line to 'False'
[1.345s] DEBUG:colcon.colcon_core.verb:Building package 'realsense_ros2_camera' with the following arguments: {'ament_cmake_args': None, 'build_base': '/home/hansol/ros2_ws/build/realsense_ros2_camera', 'catkin_cmake_args': None, 'catkin_skip_building_tests': False, 'cmake_args': None, 'cmake_clean_cache': False, 'cmake_clean_first': False, 'cmake_force_configure': False, 'cmake_target': None, 'cmake_target_skip_unavailable': False, 'install_base': '/home/hansol/ros2_ws/install/realsense_ros2_camera', 'merge_install': False, 'path': '/home/hansol/ros2_ws/src/ros2_intel_realsense/realsense_ros2_camera', 'symlink_install': True, 'test_result_base': None}
[1.346s] INFO:colcon.colcon_core.executor:Executing jobs using 'parallel' executor
[1.350s] DEBUG:colcon.colcon_parallel_executor.executor.parallel:run_until_complete
[1.352s] INFO:colcon.colcon_ros.task.ament_cmake.build:Building ROS package in '/home/hansol/ros2_ws/src/darknet_ros/darknet_ros_msgs' with build type 'ament_cmake'
[1.353s] INFO:colcon.colcon_cmake.task.cmake.build:Building CMake package in '/home/hansol/ros2_ws/src/darknet_ros/darknet_ros_msgs'
[1.364s] INFO:colcon.colcon_core.plugin_system:Skipping extension 'colcon_core.shell.bat': Not used on non-Windows systems
[1.365s] INFO:colcon.colcon_core.shell:Skip shell extension 'powershell' for command environment: Not usable outside of PowerShell
[1.366s] DEBUG:colcon.colcon_core.shell:Skip shell extension 'dsv' for command environment
[1.390s] INFO:colcon.colcon_ros.task.ament_cmake.build:Building ROS package in '/home/hansol/ros2_ws/src/ros2_intel_realsense/realsense_camera_msgs' with build type 'ament_cmake'
[1.391s] INFO:colcon.colcon_cmake.task.cmake.build:Building CMake package in '/home/hansol/ros2_ws/src/ros2_intel_realsense/realsense_camera_msgs'
[1.394s] INFO:colcon.colcon_core.shell:Skip shell extension 'powershell' for command environment: Not usable outside of PowerShell
[1.395s] DEBUG:colcon.colcon_core.shell:Skip shell extension 'dsv' for command environment
[1.417s] INFO:colcon.colcon_cmake.task.cmake.build:Building CMake package in '/home/hansol/ros2_ws/src/darknet_ros/darknet'
[1.420s] INFO:colcon.colcon_core.shell:Skip shell extension 'powershell' for command environment: Not usable outside of PowerShell
[1.421s] DEBUG:colcon.colcon_core.shell:Skip shell extension 'dsv' for command environment
[1.470s] DEBUG:colcon.colcon_core.event_handler.log_command:Invoking command in '/home/hansol/ros2_ws/build/darknet_ros_msgs': CMAKE_PREFIX_PATH=${CMAKE_PREFIX_PATH}:/opt/ros/dashing /usr/local/bin/cmake --build /home/hansol/ros2_ws/build/darknet_ros_msgs -- -j4 -l4
[1.502s] DEBUG:colcon.colcon_core.event_handler.log_command:Invoking command in '/home/hansol/ros2_ws/build/realsense_camera_msgs': CMAKE_PREFIX_PATH=${CMAKE_PREFIX_PATH}:/opt/ros/dashing /usr/local/bin/cmake --build /home/hansol/ros2_ws/build/realsense_camera_msgs -- -j4 -l4
[1.525s] DEBUG:colcon.colcon_core.event_handler.log_command:Invoking command in '/home/hansol/ros2_ws/build/Darknet': /usr/local/bin/cmake --build /home/hansol/ros2_ws/build/Darknet -- -j4 -l4
[2.033s] DEBUG:colcon.colcon_core.event_handler.log_command:Invoked command in '/home/hansol/ros2_ws/build/Darknet' returned '0': /usr/local/bin/cmake --build /home/hansol/ros2_ws/build/Darknet -- -j4 -l4
[2.151s] DEBUG:colcon.colcon_core.event_handler.log_command:Invoked command in '/home/hansol/ros2_ws/build/realsense_camera_msgs' returned '0': CMAKE_PREFIX_PATH=${CMAKE_PREFIX_PATH}:/opt/ros/dashing /usr/local/bin/cmake --build /home/hansol/ros2_ws/build/realsense_camera_msgs -- -j4 -l4
[2.161s] DEBUG:colcon.colcon_core.event_handler.log_command:Invoked command in '/home/hansol/ros2_ws/build/darknet_ros_msgs' returned '0': CMAKE_PREFIX_PATH=${CMAKE_PREFIX_PATH}:/opt/ros/dashing /usr/local/bin/cmake --build /home/hansol/ros2_ws/build/darknet_ros_msgs -- -j4 -l4
[2.428s] DEBUG:colcon.colcon_core.event_handler.log_command:Invoking command in '/home/hansol/ros2_ws/build/realsense_camera_msgs': CMAKE_PREFIX_PATH=${CMAKE_PREFIX_PATH}:/opt/ros/dashing /usr/local/bin/cmake --install /home/hansol/ros2_ws/build/realsense_camera_msgs
[2.586s] DEBUG:colcon.colcon_core.event_handler.log_command:Invoking command in '/home/hansol/ros2_ws/build/darknet_ros_msgs': CMAKE_PREFIX_PATH=${CMAKE_PREFIX_PATH}:/opt/ros/dashing /usr/local/bin/cmake --install /home/hansol/ros2_ws/build/darknet_ros_msgs
[2.752s] Level 1:colcon.colcon_core.environment:create_environment_scripts_only(realsense_camera_msgs)
[2.757s] DEBUG:colcon.colcon_core.event_handler.log_command:Invoked command in '/home/hansol/ros2_ws/build/realsense_camera_msgs' returned '0': CMAKE_PREFIX_PATH=${CMAKE_PREFIX_PATH}:/opt/ros/dashing /usr/local/bin/cmake --install /home/hansol/ros2_ws/build/realsense_camera_msgs
[2.777s] Level 1:colcon.colcon_core.environment:checking '/home/hansol/ros2_ws/install/realsense_camera_msgs' for CMake module files
[2.781s] Level 1:colcon.colcon_core.environment:checking '/home/hansol/ros2_ws/install/realsense_camera_msgs' for CMake config files
[2.783s] Level 1:colcon.colcon_core.shell:create_environment_hook('realsense_camera_msgs', 'cmake_prefix_path')
[2.786s] INFO:colcon.colcon_core.shell:Creating environment hook '/home/hansol/ros2_ws/install/realsense_camera_msgs/share/realsense_camera_msgs/hook/cmake_prefix_path.ps1'
[2.790s] INFO:colcon.colcon_core.shell:Creating environment descriptor '/home/hansol/ros2_ws/install/realsense_camera_msgs/share/realsense_camera_msgs/hook/cmake_prefix_path.dsv'
[2.793s] INFO:colcon.colcon_core.shell:Creating environment hook '/home/hansol/ros2_ws/install/realsense_camera_msgs/share/realsense_camera_msgs/hook/cmake_prefix_path.sh'
[2.800s] Level 1:colcon.colcon_core.environment:checking '/home/hansol/ros2_ws/install/realsense_camera_msgs/lib'
[2.802s] Level 1:colcon.colcon_core.shell:create_environment_hook('realsense_camera_msgs', 'ld_library_path_lib')
[2.804s] INFO:colcon.colcon_core.shell:Creating environment hook '/home/hansol/ros2_ws/install/realsense_camera_msgs/share/realsense_camera_msgs/hook/ld_library_path_lib.ps1'
[2.806s] INFO:colcon.colcon_core.shell:Creating environment descriptor '/home/hansol/ros2_ws/install/realsense_camera_msgs/share/realsense_camera_msgs/hook/ld_library_path_lib.dsv'
[2.808s] INFO:colcon.colcon_core.shell:Creating environment hook '/home/hansol/ros2_ws/install/realsense_camera_msgs/share/realsense_camera_msgs/hook/ld_library_path_lib.sh'
[2.811s] Level 1:colcon.colcon_core.environment:checking '/home/hansol/ros2_ws/install/realsense_camera_msgs/bin'
[2.811s] Level 1:colcon.colcon_core.environment:checking '/home/hansol/ros2_ws/install/realsense_camera_msgs/lib/pkgconfig/realsense_camera_msgs.pc'
[2.812s] Level 1:colcon.colcon_core.environment:checking '/home/hansol/ros2_ws/install/realsense_camera_msgs/lib/python3.6/site-packages'
[2.813s] Level 1:colcon.colcon_core.shell:create_environment_hook('realsense_camera_msgs', 'pythonpath')
[2.815s] INFO:colcon.colcon_core.shell:Creating environment hook '/home/hansol/ros2_ws/install/realsense_camera_msgs/share/realsense_camera_msgs/hook/pythonpath.ps1'
[2.817s] INFO:colcon.colcon_core.shell:Creating environment descriptor '/home/hansol/ros2_ws/install/realsense_camera_msgs/share/realsense_camera_msgs/hook/pythonpath.dsv'
[2.819s] INFO:colcon.colcon_core.shell:Creating environment hook '/home/hansol/ros2_ws/install/realsense_camera_msgs/share/realsense_camera_msgs/hook/pythonpath.sh'
[2.822s] Level 1:colcon.colcon_core.environment:checking '/home/hansol/ros2_ws/install/realsense_camera_msgs/bin'
[2.825s] INFO:colcon.colcon_core.shell:Creating package script '/home/hansol/ros2_ws/install/realsense_camera_msgs/share/realsense_camera_msgs/package.ps1'
[2.833s] INFO:colcon.colcon_core.shell:Creating package descriptor '/home/hansol/ros2_ws/install/realsense_camera_msgs/share/realsense_camera_msgs/package.dsv'
[2.837s] INFO:colcon.colcon_core.shell:Creating package script '/home/hansol/ros2_ws/install/realsense_camera_msgs/share/realsense_camera_msgs/package.sh'
[2.843s] INFO:colcon.colcon_core.shell:Creating package script '/home/hansol/ros2_ws/install/realsense_camera_msgs/share/realsense_camera_msgs/package.bash'
[2.849s] INFO:colcon.colcon_core.shell:Creating package script '/home/hansol/ros2_ws/install/realsense_camera_msgs/share/realsense_camera_msgs/package.zsh'
[2.854s] Level 1:colcon.colcon_core.environment:create_file_with_runtime_dependencies(/home/hansol/ros2_ws/install/realsense_camera_msgs/share/colcon-core/packages/realsense_camera_msgs)
[2.934s] Level 1:colcon.colcon_core.environment:create_environment_scripts_only(darknet_ros_msgs)
[2.937s] Level 1:colcon.colcon_core.environment:checking '/home/hansol/ros2_ws/install/darknet_ros_msgs' for CMake module files
[2.942s] DEBUG:colcon.colcon_core.event_handler.log_command:Invoked command in '/home/hansol/ros2_ws/build/darknet_ros_msgs' returned '0': CMAKE_PREFIX_PATH=${CMAKE_PREFIX_PATH}:/opt/ros/dashing /usr/local/bin/cmake --install /home/hansol/ros2_ws/build/darknet_ros_msgs
[2.944s] Level 1:colcon.colcon_core.environment:checking '/home/hansol/ros2_ws/install/darknet_ros_msgs' for CMake config files
[2.947s] Level 1:colcon.colcon_core.shell:create_environment_hook('darknet_ros_msgs', 'cmake_prefix_path')
[2.949s] INFO:colcon.colcon_core.shell:Creating environment hook '/home/hansol/ros2_ws/install/darknet_ros_msgs/share/darknet_ros_msgs/hook/cmake_prefix_path.ps1'
[2.954s] INFO:colcon.colcon_core.shell:Creating environment descriptor '/home/hansol/ros2_ws/install/darknet_ros_msgs/share/darknet_ros_msgs/hook/cmake_prefix_path.dsv'
[2.956s] INFO:colcon.colcon_core.shell:Creating environment hook '/home/hansol/ros2_ws/install/darknet_ros_msgs/share/darknet_ros_msgs/hook/cmake_prefix_path.sh'
[2.960s] Level 1:colcon.colcon_core.environment:checking '/home/hansol/ros2_ws/install/darknet_ros_msgs/lib'
[2.961s] Level 1:colcon.colcon_core.shell:create_environment_hook('darknet_ros_msgs', 'ld_library_path_lib')
[2.963s] INFO:colcon.colcon_core.shell:Creating environment hook '/home/hansol/ros2_ws/install/darknet_ros_msgs/share/darknet_ros_msgs/hook/ld_library_path_lib.ps1'
[2.966s] INFO:colcon.colcon_core.shell:Creating environment descriptor '/home/hansol/ros2_ws/install/darknet_ros_msgs/share/darknet_ros_msgs/hook/ld_library_path_lib.dsv'
[2.969s] INFO:colcon.colcon_core.shell:Creating environment hook '/home/hansol/ros2_ws/install/darknet_ros_msgs/share/darknet_ros_msgs/hook/ld_library_path_lib.sh'
[2.971s] Level 1:colcon.colcon_core.environment:checking '/home/hansol/ros2_ws/install/darknet_ros_msgs/bin'
[2.971s] Level 1:colcon.colcon_core.environment:checking '/home/hansol/ros2_ws/install/darknet_ros_msgs/lib/pkgconfig/darknet_ros_msgs.pc'
[2.973s] Level 1:colcon.colcon_core.environment:checking '/home/hansol/ros2_ws/install/darknet_ros_msgs/lib/python3.6/site-packages'
[2.973s] Level 1:colcon.colcon_core.shell:create_environment_hook('darknet_ros_msgs', 'pythonpath')
[2.975s] INFO:colcon.colcon_core.shell:Creating environment hook '/home/hansol/ros2_ws/install/darknet_ros_msgs/share/darknet_ros_msgs/hook/pythonpath.ps1'
[2.978s] INFO:colcon.colcon_core.shell:Creating environment descriptor '/home/hansol/ros2_ws/install/darknet_ros_msgs/share/darknet_ros_msgs/hook/pythonpath.dsv'
[2.980s] INFO:colcon.colcon_core.shell:Creating environment hook '/home/hansol/ros2_ws/install/darknet_ros_msgs/share/darknet_ros_msgs/hook/pythonpath.sh'
[2.983s] Level 1:colcon.colcon_core.environment:checking '/home/hansol/ros2_ws/install/darknet_ros_msgs/bin'
[2.986s] INFO:colcon.colcon_core.shell:Creating package script '/home/hansol/ros2_ws/install/darknet_ros_msgs/share/darknet_ros_msgs/package.ps1'
[2.989s] INFO:colcon.colcon_core.shell:Creating package descriptor '/home/hansol/ros2_ws/install/darknet_ros_msgs/share/darknet_ros_msgs/package.dsv'
[2.992s] INFO:colcon.colcon_core.shell:Creating package script '/home/hansol/ros2_ws/install/darknet_ros_msgs/share/darknet_ros_msgs/package.sh'
[2.996s] INFO:colcon.colcon_core.shell:Creating package script '/home/hansol/ros2_ws/install/darknet_ros_msgs/share/darknet_ros_msgs/package.bash'
[2.998s] INFO:colcon.colcon_core.shell:Creating package script '/home/hansol/ros2_ws/install/darknet_ros_msgs/share/darknet_ros_msgs/package.zsh'
[3.000s] Level 1:colcon.colcon_core.environment:create_file_with_runtime_dependencies(/home/hansol/ros2_ws/install/darknet_ros_msgs/share/colcon-core/packages/darknet_ros_msgs)
[3.038s] DEBUG:colcon.colcon_core.event_handler.log_command:Invoking command in '/home/hansol/ros2_ws/build/Darknet': /usr/local/bin/cmake --install /home/hansol/ros2_ws/build/Darknet
[3.076s] Level 1:colcon.colcon_core.environment:create_environment_scripts_only(Darknet)
[3.079s] Level 1:colcon.colcon_core.environment:checking '/home/hansol/ros2_ws/install/Darknet' for CMake module files
[3.083s] DEBUG:colcon.colcon_core.event_handler.log_command:Invoked command in '/home/hansol/ros2_ws/build/Darknet' returned '0': /usr/local/bin/cmake --install /home/hansol/ros2_ws/build/Darknet
[3.085s] Level 1:colcon.colcon_core.environment:checking '/home/hansol/ros2_ws/install/Darknet' for CMake config files
[3.086s] Level 1:colcon.colcon_core.shell:create_environment_hook('Darknet', 'cmake_prefix_path')
[3.088s] INFO:colcon.colcon_core.shell:Creating environment hook '/home/hansol/ros2_ws/install/Darknet/share/Darknet/hook/cmake_prefix_path.ps1'
[3.091s] INFO:colcon.colcon_core.shell:Creating environment descriptor '/home/hansol/ros2_ws/install/Darknet/share/Darknet/hook/cmake_prefix_path.dsv'
[3.093s] INFO:colcon.colcon_core.shell:Creating environment hook '/home/hansol/ros2_ws/install/Darknet/share/Darknet/hook/cmake_prefix_path.sh'
[3.098s] Level 1:colcon.colcon_core.environment:checking '/home/hansol/ros2_ws/install/Darknet/bin'
[3.099s] Level 1:colcon.colcon_core.environment:checking '/home/hansol/ros2_ws/install/Darknet/lib/pkgconfig/Darknet.pc'
[3.100s] Level 1:colcon.colcon_core.environment:checking '/home/hansol/ros2_ws/install/Darknet/lib/python3.6/site-packages'
[3.101s] Level 1:colcon.colcon_core.environment:checking '/home/hansol/ros2_ws/install/Darknet/bin'
[3.104s] INFO:colcon.colcon_core.shell:Creating package script '/home/hansol/ros2_ws/install/Darknet/share/Darknet/package.ps1'
[3.107s] INFO:colcon.colcon_core.shell:Creating package descriptor '/home/hansol/ros2_ws/install/Darknet/share/Darknet/package.dsv'
[3.109s] INFO:colcon.colcon_core.shell:Creating package script '/home/hansol/ros2_ws/install/Darknet/share/Darknet/package.sh'
[3.112s] INFO:colcon.colcon_core.shell:Creating package script '/home/hansol/ros2_ws/install/Darknet/share/Darknet/package.bash'
[3.115s] INFO:colcon.colcon_core.shell:Creating package script '/home/hansol/ros2_ws/install/Darknet/share/Darknet/package.zsh'
[3.118s] Level 1:colcon.colcon_core.environment:create_file_with_runtime_dependencies(/home/hansol/ros2_ws/install/Darknet/share/colcon-core/packages/Darknet)
[3.131s] Level 1:colcon.colcon_core.environment:create_environment_scripts_only(realsense_camera_msgs)
[3.133s] Level 1:colcon.colcon_core.environment:checking '/home/hansol/ros2_ws/install/realsense_camera_msgs' for CMake module files
[3.137s] Level 1:colcon.colcon_core.environment:checking '/home/hansol/ros2_ws/install/realsense_camera_msgs' for CMake config files
[3.139s] Level 1:colcon.colcon_core.shell:create_environment_hook('realsense_camera_msgs', 'cmake_prefix_path')
[3.141s] INFO:colcon.colcon_core.shell:Creating environment hook '/home/hansol/ros2_ws/install/realsense_camera_msgs/share/realsense_camera_msgs/hook/cmake_prefix_path.ps1'
[3.144s] INFO:colcon.colcon_core.shell:Creating environment descriptor '/home/hansol/ros2_ws/install/realsense_camera_msgs/share/realsense_camera_msgs/hook/cmake_prefix_path.dsv'
[3.146s] INFO:colcon.colcon_core.shell:Creating environment hook '/home/hansol/ros2_ws/install/realsense_camera_msgs/share/realsense_camera_msgs/hook/cmake_prefix_path.sh'
[3.150s] Level 1:colcon.colcon_core.environment:checking '/home/hansol/ros2_ws/install/realsense_camera_msgs/lib'
[3.151s] Level 1:colcon.colcon_core.shell:create_environment_hook('realsense_camera_msgs', 'ld_library_path_lib')
[3.153s] INFO:colcon.colcon_core.shell:Creating environment hook '/home/hansol/ros2_ws/install/realsense_camera_msgs/share/realsense_camera_msgs/hook/ld_library_path_lib.ps1'
[3.155s] INFO:colcon.colcon_core.shell:Creating environment descriptor '/home/hansol/ros2_ws/install/realsense_camera_msgs/share/realsense_camera_msgs/hook/ld_library_path_lib.dsv'
[3.157s] INFO:colcon.colcon_core.shell:Creating environment hook '/home/hansol/ros2_ws/install/realsense_camera_msgs/share/realsense_camera_msgs/hook/ld_library_path_lib.sh'
[3.159s] Level 1:colcon.colcon_core.environment:checking '/home/hansol/ros2_ws/install/realsense_camera_msgs/bin'
[3.160s] Level 1:colcon.colcon_core.environment:checking '/home/hansol/ros2_ws/install/realsense_camera_msgs/lib/pkgconfig/realsense_camera_msgs.pc'
[3.161s] Level 1:colcon.colcon_core.environment:checking '/home/hansol/ros2_ws/install/realsense_camera_msgs/lib/python3.6/site-packages'
[3.162s] Level 1:colcon.colcon_core.shell:create_environment_hook('realsense_camera_msgs', 'pythonpath')
[3.163s] INFO:colcon.colcon_core.shell:Creating environment hook '/home/hansol/ros2_ws/install/realsense_camera_msgs/share/realsense_camera_msgs/hook/pythonpath.ps1'
[3.167s] INFO:colcon.colcon_core.shell:Creating environment descriptor '/home/hansol/ros2_ws/install/realsense_camera_msgs/share/realsense_camera_msgs/hook/pythonpath.dsv'
[3.170s] INFO:colcon.colcon_core.shell:Creating environment hook '/home/hansol/ros2_ws/install/realsense_camera_msgs/share/realsense_camera_msgs/hook/pythonpath.sh'
[3.173s] Level 1:colcon.colcon_core.environment:checking '/home/hansol/ros2_ws/install/realsense_camera_msgs/bin'
[3.176s] INFO:colcon.colcon_core.shell:Creating package script '/home/hansol/ros2_ws/install/realsense_camera_msgs/share/realsense_camera_msgs/package.ps1'
[3.180s] INFO:colcon.colcon_core.shell:Creating package descriptor '/home/hansol/ros2_ws/install/realsense_camera_msgs/share/realsense_camera_msgs/package.dsv'
[3.183s] INFO:colcon.colcon_core.shell:Creating package script '/home/hansol/ros2_ws/install/realsense_camera_msgs/share/realsense_camera_msgs/package.sh'
[3.186s] INFO:colcon.colcon_core.shell:Creating package script '/home/hansol/ros2_ws/install/realsense_camera_msgs/share/realsense_camera_msgs/package.bash'
[3.190s] INFO:colcon.colcon_core.shell:Creating package script '/home/hansol/ros2_ws/install/realsense_camera_msgs/share/realsense_camera_msgs/package.zsh'
[3.192s] Level 1:colcon.colcon_core.environment:create_file_with_runtime_dependencies(/home/hansol/ros2_ws/install/realsense_camera_msgs/share/colcon-core/packages/realsense_camera_msgs)
[3.195s] INFO:colcon.colcon_ros.task.ament_cmake.build:Building ROS package in '/home/hansol/ros2_ws/src/ros2_intel_realsense/realsense_ros2_camera' with build type 'ament_cmake'
[3.196s] INFO:colcon.colcon_cmake.task.cmake.build:Building CMake package in '/home/hansol/ros2_ws/src/ros2_intel_realsense/realsense_ros2_camera'
[3.198s] INFO:colcon.colcon_core.shell:Skip shell extension 'powershell' for command environment: Not usable outside of PowerShell
[3.198s] DEBUG:colcon.colcon_core.shell:Skip shell extension 'dsv' for command environment
[3.276s] DEBUG:colcon.colcon_core.event_handler.log_command:Invoking command in '/home/hansol/ros2_ws/build/realsense_ros2_camera': CMAKE_PREFIX_PATH=/home/hansol/ros2_ws/install/realsense_camera_msgs:/home/hansol/ros2_ws/install/realsense_ros2_camera:/home/hansol/ros2_ws/install/darknet_ros:/home/hansol/ros2_ws/install/darknet_ros_msgs:/home/hansol/ros2_ws/install/Darknet:/opt/ros/dashing LD_LIBRARY_PATH=/home/hansol/ros2_ws/install/realsense_camera_msgs/lib:/home/hansol/ros2_ws/install/darknet_ros/lib:/home/hansol/ros2_ws/install/darknet_ros_msgs/lib:/opt/ros/dashing/lib:/usr/local/cuda-10.2/lib64 /usr/local/bin/cmake --build /home/hansol/ros2_ws/build/realsense_ros2_camera -- -j4 -l4
[3.384s] Level 1:colcon.colcon_core.environment:create_environment_scripts_only(darknet_ros_msgs)
[3.387s] Level 1:colcon.colcon_core.environment:checking '/home/hansol/ros2_ws/install/darknet_ros_msgs' for CMake module files
[3.391s] Level 1:colcon.colcon_core.environment:checking '/home/hansol/ros2_ws/install/darknet_ros_msgs' for CMake config files
[3.393s] Level 1:colcon.colcon_core.shell:create_environment_hook('darknet_ros_msgs', 'cmake_prefix_path')
[3.396s] INFO:colcon.colcon_core.shell:Creating environment hook '/home/hansol/ros2_ws/install/darknet_ros_msgs/share/darknet_ros_msgs/hook/cmake_prefix_path.ps1'
[3.400s] INFO:colcon.colcon_core.shell:Creating environment descriptor '/home/hansol/ros2_ws/install/darknet_ros_msgs/share/darknet_ros_msgs/hook/cmake_prefix_path.dsv'
[3.402s] INFO:colcon.colcon_core.shell:Creating environment hook '/home/hansol/ros2_ws/install/darknet_ros_msgs/share/darknet_ros_msgs/hook/cmake_prefix_path.sh'
[3.406s] Level 1:colcon.colcon_core.environment:checking '/home/hansol/ros2_ws/install/darknet_ros_msgs/lib'
[3.407s] Level 1:colcon.colcon_core.shell:create_environment_hook('darknet_ros_msgs', 'ld_library_path_lib')
[3.410s] INFO:colcon.colcon_core.shell:Creating environment hook '/home/hansol/ros2_ws/install/darknet_ros_msgs/share/darknet_ros_msgs/hook/ld_library_path_lib.ps1'
[3.412s] INFO:colcon.colcon_core.shell:Creating environment descriptor '/home/hansol/ros2_ws/install/darknet_ros_msgs/share/darknet_ros_msgs/hook/ld_library_path_lib.dsv'
[3.415s] INFO:colcon.colcon_core.shell:Creating environment hook '/home/hansol/ros2_ws/install/darknet_ros_msgs/share/darknet_ros_msgs/hook/ld_library_path_lib.sh'
[3.417s] Level 1:colcon.colcon_core.environment:checking '/home/hansol/ros2_ws/install/darknet_ros_msgs/bin'
[3.417s] Level 1:colcon.colcon_core.environment:checking '/home/hansol/ros2_ws/install/darknet_ros_msgs/lib/pkgconfig/darknet_ros_msgs.pc'
[3.418s] Level 1:colcon.colcon_core.environment:checking '/home/hansol/ros2_ws/install/darknet_ros_msgs/lib/python3.6/site-packages'
[3.419s] Level 1:colcon.colcon_core.shell:create_environment_hook('darknet_ros_msgs', 'pythonpath')
[3.421s] INFO:colcon.colcon_core.shell:Creating environment hook '/home/hansol/ros2_ws/install/darknet_ros_msgs/share/darknet_ros_msgs/hook/pythonpath.ps1'
[3.423s] INFO:colcon.colcon_core.shell:Creating environment descriptor '/home/hansol/ros2_ws/install/darknet_ros_msgs/share/darknet_ros_msgs/hook/pythonpath.dsv'
[3.425s] INFO:colcon.colcon_core.shell:Creating environment hook '/home/hansol/ros2_ws/install/darknet_ros_msgs/share/darknet_ros_msgs/hook/pythonpath.sh'
[3.428s] Level 1:colcon.colcon_core.environment:checking '/home/hansol/ros2_ws/install/darknet_ros_msgs/bin'
[3.431s] INFO:colcon.colcon_core.shell:Creating package script '/home/hansol/ros2_ws/install/darknet_ros_msgs/share/darknet_ros_msgs/package.ps1'
[3.435s] INFO:colcon.colcon_core.shell:Creating package descriptor '/home/hansol/ros2_ws/install/darknet_ros_msgs/share/darknet_ros_msgs/package.dsv'
[3.438s] INFO:colcon.colcon_core.shell:Creating package script '/home/hansol/ros2_ws/install/darknet_ros_msgs/share/darknet_ros_msgs/package.sh'
[3.441s] INFO:colcon.colcon_core.shell:Creating package script '/home/hansol/ros2_ws/install/darknet_ros_msgs/share/darknet_ros_msgs/package.bash'
[3.443s] INFO:colcon.colcon_core.shell:Creating package script '/home/hansol/ros2_ws/install/darknet_ros_msgs/share/darknet_ros_msgs/package.zsh'
[3.445s] Level 1:colcon.colcon_core.environment:create_file_with_runtime_dependencies(/home/hansol/ros2_ws/install/darknet_ros_msgs/share/colcon-core/packages/darknet_ros_msgs)
[3.448s] INFO:colcon.colcon_ros.task.ament_cmake.build:Building ROS package in '/home/hansol/ros2_ws/src/darknet_ros/darknet_ros' with build type 'ament_cmake'
[3.449s] INFO:colcon.colcon_cmake.task.cmake.build:Building CMake package in '/home/hansol/ros2_ws/src/darknet_ros/darknet_ros'
[3.451s] INFO:colcon.colcon_core.shell:Skip shell extension 'powershell' for command environment: Not usable outside of PowerShell
[3.451s] DEBUG:colcon.colcon_core.shell:Skip shell extension 'dsv' for command environment
[3.490s] DEBUG:colcon.colcon_core.event_handler.log_command:Invoked command in '/home/hansol/ros2_ws/build/realsense_ros2_camera' returned '0': CMAKE_PREFIX_PATH=/home/hansol/ros2_ws/install/realsense_camera_msgs:/home/hansol/ros2_ws/install/realsense_ros2_camera:/home/hansol/ros2_ws/install/darknet_ros:/home/hansol/ros2_ws/install/darknet_ros_msgs:/home/hansol/ros2_ws/install/Darknet:/opt/ros/dashing LD_LIBRARY_PATH=/home/hansol/ros2_ws/install/realsense_camera_msgs/lib:/home/hansol/ros2_ws/install/darknet_ros/lib:/home/hansol/ros2_ws/install/darknet_ros_msgs/lib:/opt/ros/dashing/lib:/usr/local/cuda-10.2/lib64 /usr/local/bin/cmake --build /home/hansol/ros2_ws/build/realsense_ros2_camera -- -j4 -l4
[3.537s] DEBUG:colcon.colcon_core.event_handler.log_command:Invoking command in '/home/hansol/ros2_ws/build/darknet_ros': CMAKE_PREFIX_PATH=/home/hansol/ros2_ws/install/darknet_ros_msgs:/home/hansol/ros2_ws/install/realsense_ros2_camera:/home/hansol/ros2_ws/install/realsense_camera_msgs:/home/hansol/ros2_ws/install/darknet_ros:/home/hansol/ros2_ws/install/Darknet:/opt/ros/dashing LD_LIBRARY_PATH=/home/hansol/ros2_ws/install/darknet_ros_msgs/lib:/home/hansol/ros2_ws/install/realsense_camera_msgs/lib:/home/hansol/ros2_ws/install/darknet_ros/lib:/opt/ros/dashing/lib:/usr/local/cuda-10.2/lib64 PYTHONPATH=/home/hansol/ros2_ws/install/darknet_ros_msgs/lib/python3.6/site-packages:/home/hansol/ros2_ws/install/realsense_camera_msgs/lib/python3.6/site-packages:/opt/ros/dashing/lib/python3.6/site-packages /usr/local/bin/cmake --build /home/hansol/ros2_ws/build/darknet_ros -- -j4 -l4
[3.586s] DEBUG:colcon.colcon_core.event_handler.log_command:Invoking command in '/home/hansol/ros2_ws/build/realsense_ros2_camera': CMAKE_PREFIX_PATH=/home/hansol/ros2_ws/install/realsense_camera_msgs:/home/hansol/ros2_ws/install/realsense_ros2_camera:/home/hansol/ros2_ws/install/darknet_ros:/home/hansol/ros2_ws/install/darknet_ros_msgs:/home/hansol/ros2_ws/install/Darknet:/opt/ros/dashing LD_LIBRARY_PATH=/home/hansol/ros2_ws/install/realsense_camera_msgs/lib:/home/hansol/ros2_ws/install/darknet_ros/lib:/home/hansol/ros2_ws/install/darknet_ros_msgs/lib:/opt/ros/dashing/lib:/usr/local/cuda-10.2/lib64 /usr/local/bin/cmake --install /home/hansol/ros2_ws/build/realsense_ros2_camera
[3.632s] Level 1:colcon.colcon_core.environment:create_environment_scripts_only(realsense_ros2_camera)
[3.634s] Level 1:colcon.colcon_core.environment:checking '/home/hansol/ros2_ws/install/realsense_ros2_camera' for CMake module files
[3.638s] DEBUG:colcon.colcon_core.event_handler.log_command:Invoked command in '/home/hansol/ros2_ws/build/realsense_ros2_camera' returned '0': CMAKE_PREFIX_PATH=/home/hansol/ros2_ws/install/realsense_camera_msgs:/home/hansol/ros2_ws/install/realsense_ros2_camera:/home/hansol/ros2_ws/install/darknet_ros:/home/hansol/ros2_ws/install/darknet_ros_msgs:/home/hansol/ros2_ws/install/Darknet:/opt/ros/dashing LD_LIBRARY_PATH=/home/hansol/ros2_ws/install/realsense_camera_msgs/lib:/home/hansol/ros2_ws/install/darknet_ros/lib:/home/hansol/ros2_ws/install/darknet_ros_msgs/lib:/opt/ros/dashing/lib:/usr/local/cuda-10.2/lib64 /usr/local/bin/cmake --install /home/hansol/ros2_ws/build/realsense_ros2_camera
[3.640s] Level 1:colcon.colcon_core.environment:checking '/home/hansol/ros2_ws/install/realsense_ros2_camera' for CMake config files
[3.642s] Level 1:colcon.colcon_core.shell:create_environment_hook('realsense_ros2_camera', 'cmake_prefix_path')
[3.644s] INFO:colcon.colcon_core.shell:Creating environment hook '/home/hansol/ros2_ws/install/realsense_ros2_camera/share/realsense_ros2_camera/hook/cmake_prefix_path.ps1'
[3.646s] INFO:colcon.colcon_core.shell:Creating environment descriptor '/home/hansol/ros2_ws/install/realsense_ros2_camera/share/realsense_ros2_camera/hook/cmake_prefix_path.dsv'
[3.648s] INFO:colcon.colcon_core.shell:Creating environment hook '/home/hansol/ros2_ws/install/realsense_ros2_camera/share/realsense_ros2_camera/hook/cmake_prefix_path.sh'
[3.653s] Level 1:colcon.colcon_core.environment:checking '/home/hansol/ros2_ws/install/realsense_ros2_camera/lib'
[3.653s] Level 1:colcon.colcon_core.environment:checking '/home/hansol/ros2_ws/install/realsense_ros2_camera/bin'
[3.654s] Level 1:colcon.colcon_core.shell:create_environment_hook('realsense_ros2_camera', 'path')
[3.655s] INFO:colcon.colcon_core.shell:Creating environment hook '/home/hansol/ros2_ws/install/realsense_ros2_camera/share/realsense_ros2_camera/hook/path.ps1'
[3.657s] INFO:colcon.colcon_core.shell:Creating environment descriptor '/home/hansol/ros2_ws/install/realsense_ros2_camera/share/realsense_ros2_camera/hook/path.dsv'
[3.659s] INFO:colcon.colcon_core.shell:Creating environment hook '/home/hansol/ros2_ws/install/realsense_ros2_camera/share/realsense_ros2_camera/hook/path.sh'
[3.661s] Level 1:colcon.colcon_core.environment:checking '/home/hansol/ros2_ws/install/realsense_ros2_camera/lib/pkgconfig/realsense_ros2_camera.pc'
[3.662s] Level 1:colcon.colcon_core.environment:checking '/home/hansol/ros2_ws/install/realsense_ros2_camera/lib/python3.6/site-packages'
[3.663s] Level 1:colcon.colcon_core.environment:checking '/home/hansol/ros2_ws/install/realsense_ros2_camera/bin'
[3.663s] Level 1:colcon.colcon_core.shell:create_environment_hook('realsense_ros2_camera', 'pythonscriptspath')
[3.665s] INFO:colcon.colcon_core.shell:Creating environment hook '/home/hansol/ros2_ws/install/realsense_ros2_camera/share/realsense_ros2_camera/hook/pythonscriptspath.ps1'
[3.667s] INFO:colcon.colcon_core.shell:Creating environment descriptor '/home/hansol/ros2_ws/install/realsense_ros2_camera/share/realsense_ros2_camera/hook/pythonscriptspath.dsv'
[3.669s] INFO:colcon.colcon_core.shell:Creating environment hook '/home/hansol/ros2_ws/install/realsense_ros2_camera/share/realsense_ros2_camera/hook/pythonscriptspath.sh'
[3.673s] INFO:colcon.colcon_core.shell:Creating package script '/home/hansol/ros2_ws/install/realsense_ros2_camera/share/realsense_ros2_camera/package.ps1'
[3.676s] INFO:colcon.colcon_core.shell:Creating package descriptor '/home/hansol/ros2_ws/install/realsense_ros2_camera/share/realsense_ros2_camera/package.dsv'
[3.679s] INFO:colcon.colcon_core.shell:Creating package script '/home/hansol/ros2_ws/install/realsense_ros2_camera/share/realsense_ros2_camera/package.sh'
[3.682s] INFO:colcon.colcon_core.shell:Creating package script '/home/hansol/ros2_ws/install/realsense_ros2_camera/share/realsense_ros2_camera/package.bash'
[3.684s] INFO:colcon.colcon_core.shell:Creating package script '/home/hansol/ros2_ws/install/realsense_ros2_camera/share/realsense_ros2_camera/package.zsh'
[3.686s] Level 1:colcon.colcon_core.environment:create_file_with_runtime_dependencies(/home/hansol/ros2_ws/install/realsense_ros2_camera/share/colcon-core/packages/realsense_ros2_camera)
[3.768s] Level 1:colcon.colcon_core.environment:create_environment_scripts_only(realsense_ros2_camera)
[3.771s] Level 1:colcon.colcon_core.environment:checking '/home/hansol/ros2_ws/install/realsense_ros2_camera' for CMake module files
[3.774s] Level 1:colcon.colcon_core.environment:checking '/home/hansol/ros2_ws/install/realsense_ros2_camera' for CMake config files
[3.776s] Level 1:colcon.colcon_core.shell:create_environment_hook('realsense_ros2_camera', 'cmake_prefix_path')
[3.778s] INFO:colcon.colcon_core.shell:Creating environment hook '/home/hansol/ros2_ws/install/realsense_ros2_camera/share/realsense_ros2_camera/hook/cmake_prefix_path.ps1'
[3.781s] INFO:colcon.colcon_core.shell:Creating environment descriptor '/home/hansol/ros2_ws/install/realsense_ros2_camera/share/realsense_ros2_camera/hook/cmake_prefix_path.dsv'
[3.782s] INFO:colcon.colcon_core.shell:Creating environment hook '/home/hansol/ros2_ws/install/realsense_ros2_camera/share/realsense_ros2_camera/hook/cmake_prefix_path.sh'
[3.786s] Level 1:colcon.colcon_core.environment:checking '/home/hansol/ros2_ws/install/realsense_ros2_camera/lib'
[3.787s] Level 1:colcon.colcon_core.environment:checking '/home/hansol/ros2_ws/install/realsense_ros2_camera/bin'
[3.787s] Level 1:colcon.colcon_core.shell:create_environment_hook('realsense_ros2_camera', 'path')
[3.789s] INFO:colcon.colcon_core.shell:Creating environment hook '/home/hansol/ros2_ws/install/realsense_ros2_camera/share/realsense_ros2_camera/hook/path.ps1'
[3.791s] INFO:colcon.colcon_core.shell:Creating environment descriptor '/home/hansol/ros2_ws/install/realsense_ros2_camera/share/realsense_ros2_camera/hook/path.dsv'
[3.793s] INFO:colcon.colcon_core.shell:Creating environment hook '/home/hansol/ros2_ws/install/realsense_ros2_camera/share/realsense_ros2_camera/hook/path.sh'
[3.795s] Level 1:colcon.colcon_core.environment:checking '/home/hansol/ros2_ws/install/realsense_ros2_camera/lib/pkgconfig/realsense_ros2_camera.pc'
[3.796s] Level 1:colcon.colcon_core.environment:checking '/home/hansol/ros2_ws/install/realsense_ros2_camera/lib/python3.6/site-packages'
[3.797s] Level 1:colcon.colcon_core.environment:checking '/home/hansol/ros2_ws/install/realsense_ros2_camera/bin'
[3.798s] Level 1:colcon.colcon_core.shell:create_environment_hook('realsense_ros2_camera', 'pythonscriptspath')
[3.800s] INFO:colcon.colcon_core.shell:Creating environment hook '/home/hansol/ros2_ws/install/realsense_ros2_camera/share/realsense_ros2_camera/hook/pythonscriptspath.ps1'
[3.806s] INFO:colcon.colcon_core.shell:Creating environment descriptor '/home/hansol/ros2_ws/install/realsense_ros2_camera/share/realsense_ros2_camera/hook/pythonscriptspath.dsv'
[3.810s] INFO:colcon.colcon_core.shell:Creating environment hook '/home/hansol/ros2_ws/install/realsense_ros2_camera/share/realsense_ros2_camera/hook/pythonscriptspath.sh'
[3.817s] INFO:colcon.colcon_core.shell:Creating package script '/home/hansol/ros2_ws/install/realsense_ros2_camera/share/realsense_ros2_camera/package.ps1'
[3.822s] INFO:colcon.colcon_core.shell:Creating package descriptor '/home/hansol/ros2_ws/install/realsense_ros2_camera/share/realsense_ros2_camera/package.dsv'
[3.826s] INFO:colcon.colcon_core.shell:Creating package script '/home/hansol/ros2_ws/install/realsense_ros2_camera/share/realsense_ros2_camera/package.sh'
[3.830s] INFO:colcon.colcon_core.shell:Creating package script '/home/hansol/ros2_ws/install/realsense_ros2_camera/share/realsense_ros2_camera/package.bash'
[3.833s] INFO:colcon.colcon_core.shell:Creating package script '/home/hansol/ros2_ws/install/realsense_ros2_camera/share/realsense_ros2_camera/package.zsh'
[3.836s] Level 1:colcon.colcon_core.environment:create_file_with_runtime_dependencies(/home/hansol/ros2_ws/install/realsense_ros2_camera/share/colcon-core/packages/realsense_ros2_camera)
[18.144s] DEBUG:colcon.colcon_core.event_handler.log_command:Invoked command in '/home/hansol/ros2_ws/build/darknet_ros' returned '2': CMAKE_PREFIX_PATH=/home/hansol/ros2_ws/install/darknet_ros_msgs:/home/hansol/ros2_ws/install/realsense_ros2_camera:/home/hansol/ros2_ws/install/realsense_camera_msgs:/home/hansol/ros2_ws/install/darknet_ros:/home/hansol/ros2_ws/install/Darknet:/opt/ros/dashing LD_LIBRARY_PATH=/home/hansol/ros2_ws/install/darknet_ros_msgs/lib:/home/hansol/ros2_ws/install/realsense_camera_msgs/lib:/home/hansol/ros2_ws/install/darknet_ros/lib:/opt/ros/dashing/lib:/usr/local/cuda-10.2/lib64 PYTHONPATH=/home/hansol/ros2_ws/install/darknet_ros_msgs/lib/python3.6/site-packages:/home/hansol/ros2_ws/install/realsense_camera_msgs/lib/python3.6/site-packages:/opt/ros/dashing/lib/python3.6/site-packages /usr/local/bin/cmake --build /home/hansol/ros2_ws/build/darknet_ros -- -j4 -l4
[18.739s] Level 1:colcon.colcon_core.environment:create_environment_scripts_only(darknet_ros)
[18.741s] Level 1:colcon.colcon_core.environment:checking '/home/hansol/ros2_ws/install/darknet_ros' for CMake module files
[18.744s] Level 1:colcon.colcon_core.environment:checking '/home/hansol/ros2_ws/install/darknet_ros' for CMake config files
[18.747s] Level 1:colcon.colcon_core.shell:create_environment_hook('darknet_ros', 'cmake_prefix_path')
[18.749s] INFO:colcon.colcon_core.shell:Creating environment hook '/home/hansol/ros2_ws/install/darknet_ros/share/darknet_ros/hook/cmake_prefix_path.ps1'
[18.753s] INFO:colcon.colcon_core.shell:Creating environment descriptor '/home/hansol/ros2_ws/install/darknet_ros/share/darknet_ros/hook/cmake_prefix_path.dsv'
[18.755s] INFO:colcon.colcon_core.shell:Creating environment hook '/home/hansol/ros2_ws/install/darknet_ros/share/darknet_ros/hook/cmake_prefix_path.sh'
[18.759s] Level 1:colcon.colcon_core.environment:checking '/home/hansol/ros2_ws/install/darknet_ros/lib'
[18.760s] Level 1:colcon.colcon_core.environment:checking '/home/hansol/ros2_ws/install/darknet_ros/bin'
[18.761s] Level 1:colcon.colcon_core.environment:checking '/home/hansol/ros2_ws/install/darknet_ros/lib/pkgconfig/darknet_ros.pc'
[18.762s] Level 1:colcon.colcon_core.environment:checking '/home/hansol/ros2_ws/install/darknet_ros/lib/python3.6/site-packages'
[18.762s] Level 1:colcon.colcon_core.environment:checking '/home/hansol/ros2_ws/install/darknet_ros/bin'
[18.765s] INFO:colcon.colcon_core.shell:Creating package script '/home/hansol/ros2_ws/install/darknet_ros/share/darknet_ros/package.ps1'
[18.767s] INFO:colcon.colcon_core.shell:Creating package descriptor '/home/hansol/ros2_ws/install/darknet_ros/share/darknet_ros/package.dsv'
[18.770s] INFO:colcon.colcon_core.shell:Creating package script '/home/hansol/ros2_ws/install/darknet_ros/share/darknet_ros/package.sh'
[18.772s] INFO:colcon.colcon_core.shell:Creating package script '/home/hansol/ros2_ws/install/darknet_ros/share/darknet_ros/package.bash'
[18.774s] INFO:colcon.colcon_core.shell:Creating package script '/home/hansol/ros2_ws/install/darknet_ros/share/darknet_ros/package.zsh'
[18.776s] Level 1:colcon.colcon_core.environment:create_file_with_runtime_dependencies(/home/hansol/ros2_ws/install/darknet_ros/share/colcon-core/packages/darknet_ros)
[18.788s] DEBUG:colcon.colcon_parallel_executor.executor.parallel:closing loop
[18.793s] DEBUG:colcon.colcon_parallel_executor.executor.parallel:loop closed
[18.793s] DEBUG:colcon.colcon_parallel_executor.executor.parallel:run_until_complete finished with '2'
[18.793s] DEBUG:colcon.colcon_core.event_reactor:joining thread
[18.818s] INFO:colcon.colcon_core.plugin_system:Skipping extension 'colcon_notification.desktop_notification.terminal_notifier': Not used on non-Darwin systems
[18.819s] INFO:colcon.colcon_core.plugin_system:Skipping extension 'colcon_notification.desktop_notification.win32': Not used on non-Windows systems
[18.819s] INFO:colcon.colcon_notification.desktop_notification:Sending desktop notification using 'notify2'
[18.844s] DEBUG:colcon.colcon_core.event_reactor:joined thread
[18.846s] INFO:colcon.colcon_core.shell:Creating prefix script '/home/hansol/ros2_ws/install/local_setup.ps1'
[18.852s] INFO:colcon.colcon_core.shell:Creating prefix util module '/home/hansol/ros2_ws/install/_local_setup_util_ps1.py'
[18.863s] INFO:colcon.colcon_core.shell:Creating prefix chain script '/home/hansol/ros2_ws/install/setup.ps1'
[18.870s] INFO:colcon.colcon_core.shell:Creating prefix script '/home/hansol/ros2_ws/install/local_setup.sh'
[18.874s] INFO:colcon.colcon_core.shell:Creating prefix util module '/home/hansol/ros2_ws/install/_local_setup_util_sh.py'
[18.876s] INFO:colcon.colcon_core.shell:Creating prefix chain script '/home/hansol/ros2_ws/install/setup.sh'
[18.884s] INFO:colcon.colcon_core.shell:Creating prefix script '/home/hansol/ros2_ws/install/local_setup.bash'
[18.887s] INFO:colcon.colcon_core.shell:Creating prefix chain script '/home/hansol/ros2_ws/install/setup.bash'
[18.894s] INFO:colcon.colcon_core.shell:Creating prefix script '/home/hansol/ros2_ws/install/local_setup.zsh'
[18.896s] INFO:colcon.colcon_core.shell:Creating prefix chain script '/home/hansol/ros2_ws/install/setup.zsh'
