[0.149s] Invoking command in '/home/hansol/ros2_ws/build/Darknet': /usr/local/bin/cmake --build /home/hansol/ros2_ws/build/Darknet -- -j4 -l4
[0.183s] Change Dir: '/home/hansol/ros2_ws/build/Darknet'
[0.184s] 
[0.185s] Run Build Command(s): /usr/local/bin/cmake -E env VERBOSE=1 /usr/bin/make -f Makefile -j4 -l4
[0.197s] /usr/local/bin/cmake -S/home/hansol/ros2_ws/src/darknet_ros/darknet -B/home/hansol/ros2_ws/build/Darknet --check-build-system CMakeFiles/Makefile.cmake 0
[0.214s] /usr/local/bin/cmake -E cmake_progress_start /home/hansol/ros2_ws/build/Darknet/CMakeFiles /home/hansol/ros2_ws/build/Darknet//CMakeFiles/progress.marks
[0.238s] /usr/bin/make  -f CMakeFiles/Makefile2 all
[0.243s] make[1]: Entering directory '/home/hansol/ros2_ws/build/Darknet'
[0.245s] /usr/bin/make  -f CMakeFiles/dark.dir/build.make CMakeFiles/dark.dir/depend
[0.260s] /usr/bin/make  -f CMakeFiles/darknet.dir/build.make CMakeFiles/darknet.dir/depend
[0.350s] make[2]: Entering directory '/home/hansol/ros2_ws/build/Darknet'
[0.354s] cd /home/hansol/ros2_ws/build/Darknet && /usr/local/bin/cmake -E cmake_depends "Unix Makefiles" /home/hansol/ros2_ws/src/darknet_ros/darknet /home/hansol/ros2_ws/src/darknet_ros/darknet /home/hansol/ros2_ws/build/Darknet /home/hansol/ros2_ws/build/Darknet /home/hansol/ros2_ws/build/Darknet/CMakeFiles/dark.dir/DependInfo.cmake "--color="
[0.390s] make[2]: Entering directory '/home/hansol/ros2_ws/build/Darknet'
[0.391s] cd /home/hansol/ros2_ws/build/Darknet && /usr/local/bin/cmake -E cmake_depends "Unix Makefiles" /home/hansol/ros2_ws/src/darknet_ros/darknet /home/hansol/ros2_ws/src/darknet_ros/darknet /home/hansol/ros2_ws/build/Darknet /home/hansol/ros2_ws/build/Darknet /home/hansol/ros2_ws/build/Darknet/CMakeFiles/darknet.dir/DependInfo.cmake "--color="
[0.419s] make[2]: Leaving directory '/home/hansol/ros2_ws/build/Darknet'
[0.422s] /usr/bin/make  -f CMakeFiles/dark.dir/build.make CMakeFiles/dark.dir/build
[0.474s] make[2]: Leaving directory '/home/hansol/ros2_ws/build/Darknet'
[0.479s] /usr/bin/make  -f CMakeFiles/darknet.dir/build.make CMakeFiles/darknet.dir/build
[0.520s] make[2]: Entering directory '/home/hansol/ros2_ws/build/Darknet'
[0.521s] make[2]: Nothing to be done for 'CMakeFiles/dark.dir/build'.
[0.522s] make[2]: Leaving directory '/home/hansol/ros2_ws/build/Darknet'
[0.564s] [ 49%] Built target dark
[0.568s] /usr/bin/make  -f CMakeFiles/uselib_track.dir/build.make CMakeFiles/uselib_track.dir/depend
[0.569s] /usr/bin/make  -f CMakeFiles/uselib.dir/build.make CMakeFiles/uselib.dir/depend
[0.575s] make[2]: Entering directory '/home/hansol/ros2_ws/build/Darknet'
[0.576s] make[2]: Nothing to be done for 'CMakeFiles/darknet.dir/build'.
[0.576s] make[2]: Leaving directory '/home/hansol/ros2_ws/build/Darknet'
[0.584s] make[2]: Entering directory '/home/hansol/ros2_ws/build/Darknet'
[0.585s] cd /home/hansol/ros2_ws/build/Darknet && /usr/local/bin/cmake -E cmake_depends "Unix Makefiles" /home/hansol/ros2_ws/src/darknet_ros/darknet /home/hansol/ros2_ws/src/darknet_ros/darknet /home/hansol/ros2_ws/build/Darknet /home/hansol/ros2_ws/build/Darknet /home/hansol/ros2_ws/build/Darknet/CMakeFiles/uselib.dir/DependInfo.cmake "--color="
[0.586s] make[2]: Entering directory '/home/hansol/ros2_ws/build/Darknet'
[0.587s] cd /home/hansol/ros2_ws/build/Darknet && /usr/local/bin/cmake -E cmake_depends "Unix Makefiles" /home/hansol/ros2_ws/src/darknet_ros/darknet /home/hansol/ros2_ws/src/darknet_ros/darknet /home/hansol/ros2_ws/build/Darknet /home/hansol/ros2_ws/build/Darknet /home/hansol/ros2_ws/build/Darknet/CMakeFiles/uselib_track.dir/DependInfo.cmake "--color="
[0.613s] [ 97%] Built target darknet
[0.616s] make[2]: Leaving directory '/home/hansol/ros2_ws/build/Darknet'
[0.617s] /usr/bin/make  -f CMakeFiles/uselib_track.dir/build.make CMakeFiles/uselib_track.dir/build
[0.625s] make[2]: Leaving directory '/home/hansol/ros2_ws/build/Darknet'
[0.629s] /usr/bin/make  -f CMakeFiles/uselib.dir/build.make CMakeFiles/uselib.dir/build
[0.640s] make[2]: Entering directory '/home/hansol/ros2_ws/build/Darknet'
[0.644s] make[2]: Nothing to be done for 'CMakeFiles/uselib_track.dir/build'.
[0.647s] make[2]: Leaving directory '/home/hansol/ros2_ws/build/Darknet'
[0.648s] make[2]: Entering directory '/home/hansol/ros2_ws/build/Darknet'
[0.654s] make[2]: Nothing to be done for 'CMakeFiles/uselib.dir/build'.
[0.655s] make[2]: Leaving directory '/home/hansol/ros2_ws/build/Darknet'
[0.664s] [ 99%] Built target uselib_track
[0.690s] [100%] Built target uselib
[0.693s] make[1]: Leaving directory '/home/hansol/ros2_ws/build/Darknet'
[0.698s] /usr/local/bin/cmake -E cmake_progress_start /home/hansol/ros2_ws/build/Darknet/CMakeFiles 0
[0.729s] 
[0.755s] Invoked command in '/home/hansol/ros2_ws/build/Darknet' returned '0': /usr/local/bin/cmake --build /home/hansol/ros2_ws/build/Darknet -- -j4 -l4
[1.926s] Invoking command in '/home/hansol/ros2_ws/build/Darknet': /usr/local/bin/cmake --install /home/hansol/ros2_ws/build/Darknet
[1.952s] -- Install configuration: "Release"
[1.953s] -- Up-to-date: /home/hansol/ros2_ws/src/darknet_ros/darknet/libdarknet.so
[1.955s] -- Up-to-date: /home/hansol/ros2_ws/install/Darknet/include/darknet/darknet.h
[1.956s] -- Up-to-date: /home/hansol/ros2_ws/install/Darknet/include/darknet/yolo_v2_class.hpp
[1.958s] -- Up-to-date: /home/hansol/ros2_ws/src/darknet_ros/darknet/uselib
[1.959s] -- Up-to-date: /home/hansol/ros2_ws/src/darknet_ros/darknet/darknet
[1.960s] -- Up-to-date: /home/hansol/ros2_ws/src/darknet_ros/darknet/uselib_track
[1.961s] -- Up-to-date: /home/hansol/ros2_ws/install/Darknet/share/darknet/DarknetTargets.cmake
[1.966s] -- Up-to-date: /home/hansol/ros2_ws/install/Darknet/share/darknet/DarknetTargets-release.cmake
[1.979s] -- Up-to-date: /home/hansol/ros2_ws/install/Darknet/share/darknet/DarknetConfig.cmake
[1.983s] -- Up-to-date: /home/hansol/ros2_ws/install/Darknet/share/darknet/DarknetConfigVersion.cmake
[1.985s] Invoked command in '/home/hansol/ros2_ws/build/Darknet' returned '0': /usr/local/bin/cmake --install /home/hansol/ros2_ws/build/Darknet
