[0.131s] Invoking command in '/home/hansol/ros2_ws/build/Darknet': /usr/local/bin/cmake --build /home/hansol/ros2_ws/build/Darknet -- -j4 -l4
[0.150s] Change Dir: '/home/hansol/ros2_ws/build/Darknet'
[0.151s] 
[0.152s] Run Build Command(s): /usr/local/bin/cmake -E env VERBOSE=1 /usr/bin/make -f Makefile -j4 -l4
[0.186s] /usr/local/bin/cmake -S/home/hansol/ros2_ws/src/darknet_ros/darknet -B/home/hansol/ros2_ws/build/Darknet --check-build-system CMakeFiles/Makefile.cmake 0
[0.218s] /usr/local/bin/cmake -E cmake_progress_start /home/hansol/ros2_ws/build/Darknet/CMakeFiles /home/hansol/ros2_ws/build/Darknet//CMakeFiles/progress.marks
[0.242s] /usr/bin/make  -f CMakeFiles/Makefile2 all
[0.251s] make[1]: Entering directory '/home/hansol/ros2_ws/build/Darknet'
[0.252s] /usr/bin/make  -f CMakeFiles/dark.dir/build.make CMakeFiles/dark.dir/depend
[0.255s] /usr/bin/make  -f CMakeFiles/darknet.dir/build.make CMakeFiles/darknet.dir/depend
[0.321s] make[2]: Entering directory '/home/hansol/ros2_ws/build/Darknet'
[0.322s] cd /home/hansol/ros2_ws/build/Darknet && /usr/local/bin/cmake -E cmake_depends "Unix Makefiles" /home/hansol/ros2_ws/src/darknet_ros/darknet /home/hansol/ros2_ws/src/darknet_ros/darknet /home/hansol/ros2_ws/build/Darknet /home/hansol/ros2_ws/build/Darknet /home/hansol/ros2_ws/build/Darknet/CMakeFiles/darknet.dir/DependInfo.cmake "--color="
[0.359s] make[2]: Entering directory '/home/hansol/ros2_ws/build/Darknet'
[0.361s] cd /home/hansol/ros2_ws/build/Darknet && /usr/local/bin/cmake -E cmake_depends "Unix Makefiles" /home/hansol/ros2_ws/src/darknet_ros/darknet /home/hansol/ros2_ws/src/darknet_ros/darknet /home/hansol/ros2_ws/build/Darknet /home/hansol/ros2_ws/build/Darknet /home/hansol/ros2_ws/build/Darknet/CMakeFiles/dark.dir/DependInfo.cmake "--color="
[0.428s] make[2]: Leaving directory '/home/hansol/ros2_ws/build/Darknet'
[0.429s] /usr/bin/make  -f CMakeFiles/darknet.dir/build.make CMakeFiles/darknet.dir/build
[0.436s] make[2]: Leaving directory '/home/hansol/ros2_ws/build/Darknet'
[0.436s] /usr/bin/make  -f CMakeFiles/dark.dir/build.make CMakeFiles/dark.dir/build
[0.520s] make[2]: Entering directory '/home/hansol/ros2_ws/build/Darknet'
[0.521s] make[2]: Nothing to be done for 'CMakeFiles/dark.dir/build'.
[0.522s] make[2]: Leaving directory '/home/hansol/ros2_ws/build/Darknet'
[0.549s] make[2]: Entering directory '/home/hansol/ros2_ws/build/Darknet'
[0.549s] make[2]: Nothing to be done for 'CMakeFiles/darknet.dir/build'.
[0.550s] make[2]: Leaving directory '/home/hansol/ros2_ws/build/Darknet'
[0.555s] [ 49%] Built target dark
[0.557s] /usr/bin/make  -f CMakeFiles/uselib_track.dir/build.make CMakeFiles/uselib_track.dir/depend
[0.559s] /usr/bin/make  -f CMakeFiles/uselib.dir/build.make CMakeFiles/uselib.dir/depend
[0.573s] make[2]: Entering directory '/home/hansol/ros2_ws/build/Darknet'
[0.574s] cd /home/hansol/ros2_ws/build/Darknet && /usr/local/bin/cmake -E cmake_depends "Unix Makefiles" /home/hansol/ros2_ws/src/darknet_ros/darknet /home/hansol/ros2_ws/src/darknet_ros/darknet /home/hansol/ros2_ws/build/Darknet /home/hansol/ros2_ws/build/Darknet /home/hansol/ros2_ws/build/Darknet/CMakeFiles/uselib_track.dir/DependInfo.cmake "--color="
[0.588s] make[2]: Entering directory '/home/hansol/ros2_ws/build/Darknet'
[0.590s] cd /home/hansol/ros2_ws/build/Darknet && /usr/local/bin/cmake -E cmake_depends "Unix Makefiles" /home/hansol/ros2_ws/src/darknet_ros/darknet /home/hansol/ros2_ws/src/darknet_ros/darknet /home/hansol/ros2_ws/build/Darknet /home/hansol/ros2_ws/build/Darknet /home/hansol/ros2_ws/build/Darknet/CMakeFiles/uselib.dir/DependInfo.cmake "--color="
[0.607s] make[2]: Leaving directory '/home/hansol/ros2_ws/build/Darknet'
[0.616s] /usr/bin/make  -f CMakeFiles/uselib_track.dir/build.make CMakeFiles/uselib_track.dir/build
[0.620s] [ 97%] Built target darknet
[0.628s] make[2]: Leaving directory '/home/hansol/ros2_ws/build/Darknet'
[0.629s] /usr/bin/make  -f CMakeFiles/uselib.dir/build.make CMakeFiles/uselib.dir/build
[0.642s] make[2]: Entering directory '/home/hansol/ros2_ws/build/Darknet'
[0.643s] make[2]: Nothing to be done for 'CMakeFiles/uselib.dir/build'.
[0.644s] make[2]: Leaving directory '/home/hansol/ros2_ws/build/Darknet'
[0.647s] make[2]: Entering directory '/home/hansol/ros2_ws/build/Darknet'
[0.648s] make[2]: Nothing to be done for 'CMakeFiles/uselib_track.dir/build'.
[0.653s] make[2]: Leaving directory '/home/hansol/ros2_ws/build/Darknet'
[0.669s] [ 98%] Built target uselib
[0.673s] [100%] Built target uselib_track
[0.676s] make[1]: Leaving directory '/home/hansol/ros2_ws/build/Darknet'
[0.677s] /usr/local/bin/cmake -E cmake_progress_start /home/hansol/ros2_ws/build/Darknet/CMakeFiles 0
[0.707s] 
[0.714s] Invoked command in '/home/hansol/ros2_ws/build/Darknet' returned '0': /usr/local/bin/cmake --build /home/hansol/ros2_ws/build/Darknet -- -j4 -l4
[1.926s] Invoking command in '/home/hansol/ros2_ws/build/Darknet': /usr/local/bin/cmake --install /home/hansol/ros2_ws/build/Darknet
[1.964s] -- Install configuration: "Release"
[1.965s] -- Up-to-date: /home/hansol/ros2_ws/src/darknet_ros/darknet/libdarknet.so
[1.969s] -- Up-to-date: /home/hansol/ros2_ws/install/Darknet/include/darknet/darknet.h
[1.972s] -- Up-to-date: /home/hansol/ros2_ws/install/Darknet/include/darknet/yolo_v2_class.hpp
[1.974s] -- Up-to-date: /home/hansol/ros2_ws/src/darknet_ros/darknet/uselib
[1.975s] -- Up-to-date: /home/hansol/ros2_ws/src/darknet_ros/darknet/darknet
[1.978s] -- Up-to-date: /home/hansol/ros2_ws/src/darknet_ros/darknet/uselib_track
[1.989s] -- Up-to-date: /home/hansol/ros2_ws/install/Darknet/share/darknet/DarknetTargets.cmake
[1.993s] -- Up-to-date: /home/hansol/ros2_ws/install/Darknet/share/darknet/DarknetTargets-release.cmake
[1.994s] -- Up-to-date: /home/hansol/ros2_ws/install/Darknet/share/darknet/DarknetConfig.cmake
[1.995s] -- Up-to-date: /home/hansol/ros2_ws/install/Darknet/share/darknet/DarknetConfigVersion.cmake
[1.997s] Invoked command in '/home/hansol/ros2_ws/build/Darknet' returned '0': /usr/local/bin/cmake --install /home/hansol/ros2_ws/build/Darknet
