[0.162s] Invoking command in '/home/hansol/ros2_ws/build/realsense_camera_msgs': CMAKE_PREFIX_PATH=${CMAKE_PREFIX_PATH}:/opt/ros/dashing /usr/local/bin/cmake --build /home/hansol/ros2_ws/build/realsense_camera_msgs -- -j4 -l4
[0.325s] [ 10%] Built target realsense_camera_msgs__rosidl_generator_c
[0.347s] [ 13%] Built target realsense_camera_msgs__cpp
[0.525s] [ 35%] Built target realsense_camera_msgs__rosidl_typesupport_fastrtps_cpp
[0.527s] [ 35%] Built target realsense_camera_msgs__rosidl_typesupport_introspection_c
[0.565s] [ 45%] Built target realsense_camera_msgs__rosidl_typesupport_introspection_cpp
[0.612s] [ 56%] Built target realsense_camera_msgs__rosidl_typesupport_cpp
[0.645s] [ 67%] Built target realsense_camera_msgs__rosidl_typesupport_fastrtps_c
[0.725s] [ 78%] Built target realsense_camera_msgs__rosidl_typesupport_c
[0.787s] [ 78%] Built target realsense_camera_msgs
[0.850s] [ 81%] Built target realsense_camera_msgs__py
[0.927s] [ 89%] Built target realsense_camera_msgs__python
[0.999s] [ 94%] Built target realsense_camera_msgs__rosidl_typesupport_c__pyext
[1.005s] [100%] Built target realsense_camera_msgs__rosidl_typesupport_fastrtps_c__pyext
[1.036s] Invoked command in '/home/hansol/ros2_ws/build/realsense_camera_msgs' returned '0': CMAKE_PREFIX_PATH=${CMAKE_PREFIX_PATH}:/opt/ros/dashing /usr/local/bin/cmake --build /home/hansol/ros2_ws/build/realsense_camera_msgs -- -j4 -l4
[1.414s] Invoking command in '/home/hansol/ros2_ws/build/realsense_camera_msgs': CMAKE_PREFIX_PATH=${CMAKE_PREFIX_PATH}:/opt/ros/dashing /usr/local/bin/cmake --install /home/hansol/ros2_ws/build/realsense_camera_msgs
[1.488s] -- Install configuration: ""
[1.509s] -- Execute custom install script
[1.510s] -- Up-to-date symlink: /home/hansol/ros2_ws/install/realsense_camera_msgs/share/ament_index/resource_index/rosidl_interfaces/realsense_camera_msgs
[1.516s] -- Up-to-date symlink: /home/hansol/ros2_ws/install/realsense_camera_msgs/lib/librealsense_camera_msgs__rosidl_typesupport_c.so
[1.517s] -- Up-to-date symlink: /home/hansol/ros2_ws/install/realsense_camera_msgs/share/realsense_camera_msgs/environment/library_path.sh
[1.522s] -- Up-to-date symlink: /home/hansol/ros2_ws/install/realsense_camera_msgs/lib/librealsense_camera_msgs__rosidl_typesupport_cpp.so
[1.523s] -- Up-to-date symlink: /home/hansol/ros2_ws/install/realsense_camera_msgs/include/realsense_camera_msgs/msg/extrinsics__rosidl_typesupport_fastrtps_c.h
[1.524s] -- Up-to-date symlink: /home/hansol/ros2_ws/install/realsense_camera_msgs/include/realsense_camera_msgs/msg/imu_info__rosidl_typesupport_fastrtps_c.h
[1.525s] -- Up-to-date symlink: /home/hansol/ros2_ws/install/realsense_camera_msgs/include/realsense_camera_msgs/msg/rosidl_typesupport_fastrtps_c__visibility_control.h
[1.526s] -- Up-to-date symlink: /home/hansol/ros2_ws/install/realsense_camera_msgs/lib/librealsense_camera_msgs__rosidl_typesupport_fastrtps_c.so
[1.529s] -- Up-to-date symlink: /home/hansol/ros2_ws/install/realsense_camera_msgs/include/realsense_camera_msgs/msg/extrinsics.h
[1.530s] -- Up-to-date symlink: /home/hansol/ros2_ws/install/realsense_camera_msgs/include/realsense_camera_msgs/msg/extrinsics__functions.h
[1.531s] -- Up-to-date symlink: /home/hansol/ros2_ws/install/realsense_camera_msgs/include/realsense_camera_msgs/msg/extrinsics__struct.h
[1.531s] -- Up-to-date symlink: /home/hansol/ros2_ws/install/realsense_camera_msgs/include/realsense_camera_msgs/msg/extrinsics__type_support.h
[1.532s] -- Up-to-date symlink: /home/hansol/ros2_ws/install/realsense_camera_msgs/include/realsense_camera_msgs/msg/imu_info.h
[1.533s] -- Up-to-date symlink: /home/hansol/ros2_ws/install/realsense_camera_msgs/include/realsense_camera_msgs/msg/imu_info__functions.h
[1.534s] -- Up-to-date symlink: /home/hansol/ros2_ws/install/realsense_camera_msgs/include/realsense_camera_msgs/msg/imu_info__struct.h
[1.535s] -- Up-to-date symlink: /home/hansol/ros2_ws/install/realsense_camera_msgs/include/realsense_camera_msgs/msg/imu_info__type_support.h
[1.536s] -- Up-to-date symlink: /home/hansol/ros2_ws/install/realsense_camera_msgs/include/realsense_camera_msgs/msg/rosidl_generator_c__visibility_control.h
[1.537s] -- Up-to-date symlink: /home/hansol/ros2_ws/install/realsense_camera_msgs/lib/librealsense_camera_msgs__rosidl_generator_c.so
[1.539s] -- Up-to-date symlink: /home/hansol/ros2_ws/install/realsense_camera_msgs/include/realsense_camera_msgs/msg/extrinsics__rosidl_typesupport_fastrtps_cpp.hpp
[1.541s] -- Up-to-date symlink: /home/hansol/ros2_ws/install/realsense_camera_msgs/include/realsense_camera_msgs/msg/imu_info__rosidl_typesupport_fastrtps_cpp.hpp
[1.543s] -- Up-to-date symlink: /home/hansol/ros2_ws/install/realsense_camera_msgs/include/realsense_camera_msgs/msg/rosidl_typesupport_fastrtps_cpp__visibility_control.h
[1.544s] -- Up-to-date symlink: /home/hansol/ros2_ws/install/realsense_camera_msgs/lib/librealsense_camera_msgs__rosidl_typesupport_fastrtps_cpp.so
[1.545s] -- Up-to-date symlink: /home/hansol/ros2_ws/install/realsense_camera_msgs/include/realsense_camera_msgs/msg/extrinsics.hpp
[1.546s] -- Up-to-date symlink: /home/hansol/ros2_ws/install/realsense_camera_msgs/include/realsense_camera_msgs/msg/extrinsics__struct.hpp
[1.549s] -- Up-to-date symlink: /home/hansol/ros2_ws/install/realsense_camera_msgs/include/realsense_camera_msgs/msg/extrinsics__traits.hpp
[1.552s] -- Up-to-date symlink: /home/hansol/ros2_ws/install/realsense_camera_msgs/include/realsense_camera_msgs/msg/imu_info.hpp
[1.553s] -- Up-to-date symlink: /home/hansol/ros2_ws/install/realsense_camera_msgs/include/realsense_camera_msgs/msg/imu_info__struct.hpp
[1.555s] -- Up-to-date symlink: /home/hansol/ros2_ws/install/realsense_camera_msgs/include/realsense_camera_msgs/msg/imu_info__traits.hpp
[1.560s] -- Up-to-date symlink: /home/hansol/ros2_ws/install/realsense_camera_msgs/include/realsense_camera_msgs/msg/extrinsics__rosidl_typesupport_introspection_c.h
[1.562s] -- Up-to-date symlink: /home/hansol/ros2_ws/install/realsense_camera_msgs/include/realsense_camera_msgs/msg/imu_info__rosidl_typesupport_introspection_c.h
[1.563s] -- Up-to-date symlink: /home/hansol/ros2_ws/install/realsense_camera_msgs/include/realsense_camera_msgs/msg/rosidl_typesupport_introspection_c__visibility_control.h
[1.564s] -- Up-to-date symlink: /home/hansol/ros2_ws/install/realsense_camera_msgs/lib/librealsense_camera_msgs__rosidl_typesupport_introspection_c.so
[1.580s] -- Up-to-date symlink: /home/hansol/ros2_ws/install/realsense_camera_msgs/include/realsense_camera_msgs/msg/extrinsics__rosidl_typesupport_introspection_cpp.hpp
[1.581s] -- Up-to-date symlink: /home/hansol/ros2_ws/install/realsense_camera_msgs/include/realsense_camera_msgs/msg/imu_info__rosidl_typesupport_introspection_cpp.hpp
[1.582s] -- Up-to-date symlink: /home/hansol/ros2_ws/install/realsense_camera_msgs/lib/librealsense_camera_msgs__rosidl_typesupport_introspection_cpp.so
[1.596s] -- Up-to-date symlink: /home/hansol/ros2_ws/install/realsense_camera_msgs/share/realsense_camera_msgs/environment/pythonpath.sh
[1.598s] -- Up-to-date symlink: /home/hansol/ros2_ws/install/realsense_camera_msgs/lib/python3.6/site-packages/realsense_camera_msgs/__init__.py
[1.600s] -- Up-to-date symlink: /home/hansol/ros2_ws/install/realsense_camera_msgs/lib/python3.6/site-packages/realsense_camera_msgs/msg/__init__.py
[1.602s] -- Up-to-date symlink: /home/hansol/ros2_ws/install/realsense_camera_msgs/lib/python3.6/site-packages/realsense_camera_msgs/msg/_extrinsics.py
[1.603s] -- Up-to-date symlink: /home/hansol/ros2_ws/install/realsense_camera_msgs/lib/python3.6/site-packages/realsense_camera_msgs/msg/_imu_info.py
[1.607s] -- Up-to-date symlink: /home/hansol/ros2_ws/install/realsense_camera_msgs/lib/python3.6/site-packages/realsense_camera_msgs/realsense_camera_msgs_s__rosidl_typesupport_c.cpython-36m-aarch64-linux-gnu.so
[1.634s] -- Up-to-date symlink: /home/hansol/ros2_ws/install/realsense_camera_msgs/lib/python3.6/site-packages/realsense_camera_msgs/realsense_camera_msgs_s__rosidl_typesupport_fastrtps_c.cpython-36m-aarch64-linux-gnu.so
[1.641s] -- Up-to-date symlink: /home/hansol/ros2_ws/install/realsense_camera_msgs/lib/librealsense_camera_msgs__python.so
[1.645s] -- Up-to-date symlink: /home/hansol/ros2_ws/install/realsense_camera_msgs/share/realsense_camera_msgs/msg/IMUInfo.idl
[1.647s] -- Up-to-date symlink: /home/hansol/ros2_ws/install/realsense_camera_msgs/share/realsense_camera_msgs/msg/Extrinsics.idl
[1.651s] -- Up-to-date symlink: /home/hansol/ros2_ws/install/realsense_camera_msgs/share/realsense_camera_msgs/msg/IMUInfo.msg
[1.655s] -- Up-to-date symlink: /home/hansol/ros2_ws/install/realsense_camera_msgs/share/realsense_camera_msgs/msg/Extrinsics.msg
[1.656s] -- Up-to-date symlink: /home/hansol/ros2_ws/install/realsense_camera_msgs/share/ament_index/resource_index/package_run_dependencies/realsense_camera_msgs
[1.658s] -- Up-to-date symlink: /home/hansol/ros2_ws/install/realsense_camera_msgs/share/ament_index/resource_index/parent_prefix_path/realsense_camera_msgs
[1.659s] -- Up-to-date symlink: /home/hansol/ros2_ws/install/realsense_camera_msgs/share/realsense_camera_msgs/environment/ament_prefix_path.sh
[1.660s] -- Up-to-date symlink: /home/hansol/ros2_ws/install/realsense_camera_msgs/share/realsense_camera_msgs/environment/path.sh
[1.662s] -- Up-to-date symlink: /home/hansol/ros2_ws/install/realsense_camera_msgs/share/realsense_camera_msgs/local_setup.bash
[1.663s] -- Up-to-date symlink: /home/hansol/ros2_ws/install/realsense_camera_msgs/share/realsense_camera_msgs/local_setup.sh
[1.666s] -- Up-to-date symlink: /home/hansol/ros2_ws/install/realsense_camera_msgs/share/realsense_camera_msgs/local_setup.zsh
[1.668s] -- Up-to-date symlink: /home/hansol/ros2_ws/install/realsense_camera_msgs/share/ament_index/resource_index/packages/realsense_camera_msgs
[1.673s] -- Up-to-date symlink: /home/hansol/ros2_ws/install/realsense_camera_msgs/share/realsense_camera_msgs/cmake/rosidl_cmake-extras.cmake
[1.676s] -- Up-to-date symlink: /home/hansol/ros2_ws/install/realsense_camera_msgs/share/realsense_camera_msgs/cmake/ament_cmake_export_dependencies-extras.cmake
[1.677s] -- Up-to-date symlink: /home/hansol/ros2_ws/install/realsense_camera_msgs/share/realsense_camera_msgs/cmake/ament_cmake_export_libraries-extras.cmake
[1.677s] -- Up-to-date symlink: /home/hansol/ros2_ws/install/realsense_camera_msgs/share/realsense_camera_msgs/cmake/ament_cmake_export_include_directories-extras.cmake
[1.680s] -- Up-to-date symlink: /home/hansol/ros2_ws/install/realsense_camera_msgs/share/realsense_camera_msgs/cmake/realsense_camera_msgsConfig.cmake
[1.682s] -- Up-to-date symlink: /home/hansol/ros2_ws/install/realsense_camera_msgs/share/realsense_camera_msgs/cmake/realsense_camera_msgsConfig-version.cmake
[1.683s] -- Up-to-date symlink: /home/hansol/ros2_ws/install/realsense_camera_msgs/share/realsense_camera_msgs/package.xml
[1.854s] Invoked command in '/home/hansol/ros2_ws/build/realsense_camera_msgs' returned '0': CMAKE_PREFIX_PATH=${CMAKE_PREFIX_PATH}:/opt/ros/dashing /usr/local/bin/cmake --install /home/hansol/ros2_ws/build/realsense_camera_msgs
