[01m[K/home/hansol/ros2_ws/src/darknet_ros/darknet_ros/src/YoloObjectDetector.cpp:[m[K In member function ‘[01m[Kvoid darknet_ros::YoloObjectDetector::init()[m[K’:
[01m[K/home/hansol/ros2_ws/src/darknet_ros/darknet_ros/src/YoloObjectDetector.cpp:193:120:[m[K [01;31m[Kerror: [m[Kno matching function for call to ‘[01m[Kimage_transport::ImageTransport::subscribeCamera(std::__cxx11::string&, int&, std::_Bind_helper<false, void (darknet_ros::YoloObjectDetector::*)(const std::shared_ptr<const sensor_msgs::msg::CompressedImage_<std::allocator<void> > >&), darknet_ros::YoloObjectDetector*, const std::_Placeholder<1>&>::type, std::shared_ptr<void>, image_transport::TransportHints&)[m[K’
 :bind(&YoloObjectDetector::cameraCallback, this, std::placeholders::_1),std::shared_ptr<void>(),transport_hints[01;31m[K)[m[K;
                                                                                                                [01;31m[K^[m[K
In file included from [01m[K/home/hansol/ros2_ws/src/darknet_ros/darknet_ros/include/darknet_ros/YoloObjectDetector.hpp:30:0[m[K,
                 from [01m[K/home/hansol/ros2_ws/src/darknet_ros/darknet_ros/src/YoloObjectDetector.cpp:10[m[K:
[01m[K/opt/ros/dashing/include/image_transport/image_transport.h:217:20:[m[K [01;36m[Knote: [m[Kcandidate: image_transport::CameraSubscriber image_transport::ImageTransport::subscribeCamera(const string&, uint32_t, const Callback&, const VoidPtr&, const image_transport::TransportHints*)
   CameraSubscriber [01;36m[KsubscribeCamera[m[K(
                    [01;36m[K^~~~~~~~~~~~~~~[m[K
[01m[K/opt/ros/dashing/include/image_transport/image_transport.h:217:20:[m[K [01;36m[Knote: [m[K  no known conversion for argument 3 from ‘[01m[Kstd::_Bind_helper<false, void (darknet_ros::YoloObjectDetector::*)(const std::shared_ptr<const sensor_msgs::msg::CompressedImage_<std::allocator<void> > >&), darknet_ros::YoloObjectDetector*, const std::_Placeholder<1>&>::type {aka std::_Bind<void (darknet_ros::YoloObjectDetector::*(darknet_ros::YoloObjectDetector*, std::_Placeholder<1>))(const std::shared_ptr<const sensor_msgs::msg::CompressedImage_<std::allocator<void> > >&)>}[m[K’ to ‘[01m[Kconst Callback& {aka const std::function<void(const std::shared_ptr<const sensor_msgs::msg::Image_<std::allocator<void> > >&, const std::shared_ptr<const sensor_msgs::msg::CameraInfo_<std::allocator<void> > >&)>&}[m[K’
[01m[K/opt/ros/dashing/include/image_transport/image_transport.h:227:20:[m[K [01;36m[Knote: [m[Kcandidate: image_transport::CameraSubscriber image_transport::ImageTransport::subscribeCamera(const string&, uint32_t, void (*)(const ImageConstPtr&, const CameraInfoConstPtr&), const image_transport::TransportHints*)
   CameraSubscriber [01;36m[KsubscribeCamera[m[K(
                    [01;36m[K^~~~~~~~~~~~~~~[m[K
[01m[K/opt/ros/dashing/include/image_transport/image_transport.h:227:20:[m[K [01;36m[Knote: [m[K  candidate expects 4 arguments, 5 provided
[01m[K/opt/ros/dashing/include/image_transport/image_transport.h:242:20:[m[K [01;36m[Knote: [m[Kcandidate: template<class T> image_transport::CameraSubscriber image_transport::ImageTransport::subscribeCamera(const string&, uint32_t, void (T::*)(const ImageConstPtr&, const CameraInfoConstPtr&), T*, const image_transport::TransportHints*)
   CameraSubscriber [01;36m[KsubscribeCamera[m[K(
                    [01;36m[K^~~~~~~~~~~~~~~[m[K
[01m[K/opt/ros/dashing/include/image_transport/image_transport.h:242:20:[m[K [01;36m[Knote: [m[K  template argument deduction/substitution failed:
[01m[K/home/hansol/ros2_ws/src/darknet_ros/darknet_ros/src/YoloObjectDetector.cpp:193:120:[m[K [01;36m[Knote: [m[K  mismatched types ‘[01m[Kvoid (T::*)(const ImageConstPtr&, const CameraInfoConstPtr&)[m[K’ and ‘[01m[Kstd::_Bind<void (darknet_ros::YoloObjectDetector::*(darknet_ros::YoloObjectDetector*, std::_Placeholder<1>))(const std::shared_ptr<const sensor_msgs::msg::CompressedImage_<std::allocator<void> > >&)>[m[K’
 :bind(&YoloObjectDetector::cameraCallback, this, std::placeholders::_1),std::shared_ptr<void>(),transport_hints[01;36m[K)[m[K;
                                                                                                                [01;36m[K^[m[K
In file included from [01m[K/home/hansol/ros2_ws/src/darknet_ros/darknet_ros/include/darknet_ros/YoloObjectDetector.hpp:30:0[m[K,
                 from [01m[K/home/hansol/ros2_ws/src/darknet_ros/darknet_ros/src/YoloObjectDetector.cpp:10[m[K:
[01m[K/opt/ros/dashing/include/image_transport/image_transport.h:258:20:[m[K [01;36m[Knote: [m[Kcandidate: template<class T> image_transport::CameraSubscriber image_transport::ImageTransport::subscribeCamera(const string&, uint32_t, void (T::*)(const ImageConstPtr&, const CameraInfoConstPtr&), const std::shared_ptr<_Tp>&, const image_transport::TransportHints*)
   CameraSubscriber [01;36m[KsubscribeCamera[m[K(
                    [01;36m[K^~~~~~~~~~~~~~~[m[K
[01m[K/opt/ros/dashing/include/image_transport/image_transport.h:258:20:[m[K [01;36m[Knote: [m[K  template argument deduction/substitution failed:
[01m[K/home/hansol/ros2_ws/src/darknet_ros/darknet_ros/src/YoloObjectDetector.cpp:193:120:[m[K [01;36m[Knote: [m[K  mismatched types ‘[01m[Kvoid (T::*)(const ImageConstPtr&, const CameraInfoConstPtr&)[m[K’ and ‘[01m[Kstd::_Bind<void (darknet_ros::YoloObjectDetector::*(darknet_ros::YoloObjectDetector*, std::_Placeholder<1>))(const std::shared_ptr<const sensor_msgs::msg::CompressedImage_<std::allocator<void> > >&)>[m[K’
 :bind(&YoloObjectDetector::cameraCallback, this, std::placeholders::_1),std::shared_ptr<void>(),transport_hints[01;36m[K)[m[K;
                                                                                                                [01;36m[K^[m[K
make[2]: *** [CMakeFiles/darknet_ros_lib.dir/src/YoloObjectDetector.cpp.o] Error 1
make[1]: *** [CMakeFiles/darknet_ros_lib.dir/all] Error 2
make: *** [all] Error 2
