[0.123s] Invoking command in '/home/hansol/ros2_ws/build/darknet_ros': CMAKE_PREFIX_PATH=/home/hansol/ros2_ws/install/darknet_ros_msgs:/home/hansol/ros2_ws/install/realsense_ros2_camera:/home/hansol/ros2_ws/install/realsense_camera_msgs:/home/hansol/ros2_ws/install/darknet_ros:/home/hansol/ros2_ws/install/Darknet:/opt/ros/dashing LD_LIBRARY_PATH=/home/hansol/ros2_ws/install/darknet_ros_msgs/lib:/home/hansol/ros2_ws/install/realsense_camera_msgs/lib:/home/hansol/ros2_ws/install/darknet_ros/lib:/opt/ros/dashing/lib:/usr/local/cuda-10.2/lib64 PYTHONPATH=/home/hansol/ros2_ws/install/darknet_ros_msgs/lib/python3.6/site-packages:/home/hansol/ros2_ws/install/realsense_camera_msgs/lib/python3.6/site-packages:/opt/ros/dashing/lib/python3.6/site-packages /usr/local/bin/cmake --build /home/hansol/ros2_ws/build/darknet_ros -- -j4 -l4
[0.450s] [  1%] [32mBuilding CXX object CMakeFiles/darknet_ros_lib.dir/src/YoloObjectDetector.cpp.o[0m
[11.265s] [01m[K/home/hansol/ros2_ws/src/darknet_ros/darknet_ros/src/YoloObjectDetector.cpp:[m[K In member function ‘[01m[Kvoid darknet_ros::YoloObjectDetector::init()[m[K’:
[11.265s] [01m[K/home/hansol/ros2_ws/src/darknet_ros/darknet_ros/src/YoloObjectDetector.cpp:193:120:[m[K [01;31m[Kerror: [m[Kno matching function for call to ‘[01m[Kimage_transport::ImageTransport::subscribeCamera(std::__cxx11::string&, int&, std::_Bind_helper<false, void (darknet_ros::YoloObjectDetector::*)(const std::shared_ptr<const sensor_msgs::msg::CompressedImage_<std::allocator<void> > >&), darknet_ros::YoloObjectDetector*, const std::_Placeholder<1>&>::type, std::shared_ptr<void>, image_transport::TransportHints&)[m[K’
[11.266s]  :bind(&YoloObjectDetector::cameraCallback, this, std::placeholders::_1),std::shared_ptr<void>(),transport_hints[01;31m[K)[m[K;
[11.267s]                                                                                                                 [01;31m[K^[m[K
[11.268s] In file included from [01m[K/home/hansol/ros2_ws/src/darknet_ros/darknet_ros/include/darknet_ros/YoloObjectDetector.hpp:30:0[m[K,
[11.268s]                  from [01m[K/home/hansol/ros2_ws/src/darknet_ros/darknet_ros/src/YoloObjectDetector.cpp:10[m[K:
[11.269s] [01m[K/opt/ros/dashing/include/image_transport/image_transport.h:217:20:[m[K [01;36m[Knote: [m[Kcandidate: image_transport::CameraSubscriber image_transport::ImageTransport::subscribeCamera(const string&, uint32_t, const Callback&, const VoidPtr&, const image_transport::TransportHints*)
[11.270s]    CameraSubscriber [01;36m[KsubscribeCamera[m[K(
[11.270s]                     [01;36m[K^~~~~~~~~~~~~~~[m[K
[11.271s] [01m[K/opt/ros/dashing/include/image_transport/image_transport.h:217:20:[m[K [01;36m[Knote: [m[K  no known conversion for argument 3 from ‘[01m[Kstd::_Bind_helper<false, void (darknet_ros::YoloObjectDetector::*)(const std::shared_ptr<const sensor_msgs::msg::CompressedImage_<std::allocator<void> > >&), darknet_ros::YoloObjectDetector*, const std::_Placeholder<1>&>::type {aka std::_Bind<void (darknet_ros::YoloObjectDetector::*(darknet_ros::YoloObjectDetector*, std::_Placeholder<1>))(const std::shared_ptr<const sensor_msgs::msg::CompressedImage_<std::allocator<void> > >&)>}[m[K’ to ‘[01m[Kconst Callback& {aka const std::function<void(const std::shared_ptr<const sensor_msgs::msg::Image_<std::allocator<void> > >&, const std::shared_ptr<const sensor_msgs::msg::CameraInfo_<std::allocator<void> > >&)>&}[m[K’
[11.272s] [01m[K/opt/ros/dashing/include/image_transport/image_transport.h:227:20:[m[K [01;36m[Knote: [m[Kcandidate: image_transport::CameraSubscriber image_transport::ImageTransport::subscribeCamera(const string&, uint32_t, void (*)(const ImageConstPtr&, const CameraInfoConstPtr&), const image_transport::TransportHints*)
[11.273s]    CameraSubscriber [01;36m[KsubscribeCamera[m[K(
[11.273s]                     [01;36m[K^~~~~~~~~~~~~~~[m[K
[11.274s] [01m[K/opt/ros/dashing/include/image_transport/image_transport.h:227:20:[m[K [01;36m[Knote: [m[K  candidate expects 4 arguments, 5 provided
[11.275s] [01m[K/opt/ros/dashing/include/image_transport/image_transport.h:242:20:[m[K [01;36m[Knote: [m[Kcandidate: template<class T> image_transport::CameraSubscriber image_transport::ImageTransport::subscribeCamera(const string&, uint32_t, void (T::*)(const ImageConstPtr&, const CameraInfoConstPtr&), T*, const image_transport::TransportHints*)
[11.276s]    CameraSubscriber [01;36m[KsubscribeCamera[m[K(
[11.277s]                     [01;36m[K^~~~~~~~~~~~~~~[m[K
[11.278s] [01m[K/opt/ros/dashing/include/image_transport/image_transport.h:242:20:[m[K [01;36m[Knote: [m[K  template argument deduction/substitution failed:
[11.279s] [01m[K/home/hansol/ros2_ws/src/darknet_ros/darknet_ros/src/YoloObjectDetector.cpp:193:120:[m[K [01;36m[Knote: [m[K  mismatched types ‘[01m[Kvoid (T::*)(const ImageConstPtr&, const CameraInfoConstPtr&)[m[K’ and ‘[01m[Kstd::_Bind<void (darknet_ros::YoloObjectDetector::*(darknet_ros::YoloObjectDetector*, std::_Placeholder<1>))(const std::shared_ptr<const sensor_msgs::msg::CompressedImage_<std::allocator<void> > >&)>[m[K’
[11.280s]  :bind(&YoloObjectDetector::cameraCallback, this, std::placeholders::_1),std::shared_ptr<void>(),transport_hints[01;36m[K)[m[K;
[11.280s]                                                                                                                 [01;36m[K^[m[K
[11.281s] In file included from [01m[K/home/hansol/ros2_ws/src/darknet_ros/darknet_ros/include/darknet_ros/YoloObjectDetector.hpp:30:0[m[K,
[11.281s]                  from [01m[K/home/hansol/ros2_ws/src/darknet_ros/darknet_ros/src/YoloObjectDetector.cpp:10[m[K:
[11.282s] [01m[K/opt/ros/dashing/include/image_transport/image_transport.h:258:20:[m[K [01;36m[Knote: [m[Kcandidate: template<class T> image_transport::CameraSubscriber image_transport::ImageTransport::subscribeCamera(const string&, uint32_t, void (T::*)(const ImageConstPtr&, const CameraInfoConstPtr&), const std::shared_ptr<_Tp>&, const image_transport::TransportHints*)
[11.283s]    CameraSubscriber [01;36m[KsubscribeCamera[m[K(
[11.283s]                     [01;36m[K^~~~~~~~~~~~~~~[m[K
[11.284s] [01m[K/opt/ros/dashing/include/image_transport/image_transport.h:258:20:[m[K [01;36m[Knote: [m[K  template argument deduction/substitution failed:
[11.285s] [01m[K/home/hansol/ros2_ws/src/darknet_ros/darknet_ros/src/YoloObjectDetector.cpp:193:120:[m[K [01;36m[Knote: [m[K  mismatched types ‘[01m[Kvoid (T::*)(const ImageConstPtr&, const CameraInfoConstPtr&)[m[K’ and ‘[01m[Kstd::_Bind<void (darknet_ros::YoloObjectDetector::*(darknet_ros::YoloObjectDetector*, std::_Placeholder<1>))(const std::shared_ptr<const sensor_msgs::msg::CompressedImage_<std::allocator<void> > >&)>[m[K’
[11.285s]  :bind(&YoloObjectDetector::cameraCallback, this, std::placeholders::_1),std::shared_ptr<void>(),transport_hints[01;36m[K)[m[K;
[11.286s]                                                                                                                 [01;36m[K^[m[K
[19.851s] make[2]: *** [CMakeFiles/darknet_ros_lib.dir/src/YoloObjectDetector.cpp.o] Error 1
[19.854s] CMakeFiles/darknet_ros_lib.dir/build.make:2370: recipe for target 'CMakeFiles/darknet_ros_lib.dir/src/YoloObjectDetector.cpp.o' failed
[19.854s] make[1]: *** [CMakeFiles/darknet_ros_lib.dir/all] Error 2
[19.855s] CMakeFiles/Makefile2:111: recipe for target 'CMakeFiles/darknet_ros_lib.dir/all' failed
[19.856s] make: *** [all] Error 2
[19.857s] Makefile:145: recipe for target 'all' failed
[19.862s] Invoked command in '/home/hansol/ros2_ws/build/darknet_ros' returned '2': CMAKE_PREFIX_PATH=/home/hansol/ros2_ws/install/darknet_ros_msgs:/home/hansol/ros2_ws/install/realsense_ros2_camera:/home/hansol/ros2_ws/install/realsense_camera_msgs:/home/hansol/ros2_ws/install/darknet_ros:/home/hansol/ros2_ws/install/Darknet:/opt/ros/dashing LD_LIBRARY_PATH=/home/hansol/ros2_ws/install/darknet_ros_msgs/lib:/home/hansol/ros2_ws/install/realsense_camera_msgs/lib:/home/hansol/ros2_ws/install/darknet_ros/lib:/opt/ros/dashing/lib:/usr/local/cuda-10.2/lib64 PYTHONPATH=/home/hansol/ros2_ws/install/darknet_ros_msgs/lib/python3.6/site-packages:/home/hansol/ros2_ws/install/realsense_camera_msgs/lib/python3.6/site-packages:/opt/ros/dashing/lib/python3.6/site-packages /usr/local/bin/cmake --build /home/hansol/ros2_ws/build/darknet_ros -- -j4 -l4
