[0.103s] Invoking command in '/home/hansol/ros2_ws/build/Darknet': /usr/local/bin/cmake --build /home/hansol/ros2_ws/build/Darknet -- -j4 -l4
[0.117s] Change Dir: '/home/hansol/ros2_ws/build/Darknet'
[0.118s] 
[0.119s] Run Build Command(s): /usr/local/bin/cmake -E env VERBOSE=1 /usr/bin/make -f Makefile -j4 -l4
[0.141s] /usr/local/bin/cmake -S/home/hansol/ros2_ws/src/darknet_ros/darknet -B/home/hansol/ros2_ws/build/Darknet --check-build-system CMakeFiles/Makefile.cmake 0
[0.160s] /usr/local/bin/cmake -E cmake_progress_start /home/hansol/ros2_ws/build/Darknet/CMakeFiles /home/hansol/ros2_ws/build/Darknet//CMakeFiles/progress.marks
[0.173s] /usr/bin/make  -f CMakeFiles/Makefile2 all
[0.184s] make[1]: Entering directory '/home/hansol/ros2_ws/build/Darknet'
[0.185s] /usr/bin/make  -f CMakeFiles/dark.dir/build.make CMakeFiles/dark.dir/depend
[0.186s] /usr/bin/make  -f CMakeFiles/darknet.dir/build.make CMakeFiles/darknet.dir/depend
[0.273s] make[2]: Entering directory '/home/hansol/ros2_ws/build/Darknet'
[0.276s] cd /home/hansol/ros2_ws/build/Darknet && /usr/local/bin/cmake -E cmake_depends "Unix Makefiles" /home/hansol/ros2_ws/src/darknet_ros/darknet /home/hansol/ros2_ws/src/darknet_ros/darknet /home/hansol/ros2_ws/build/Darknet /home/hansol/ros2_ws/build/Darknet /home/hansol/ros2_ws/build/Darknet/CMakeFiles/darknet.dir/DependInfo.cmake "--color="
[0.277s] make[2]: Entering directory '/home/hansol/ros2_ws/build/Darknet'
[0.278s] cd /home/hansol/ros2_ws/build/Darknet && /usr/local/bin/cmake -E cmake_depends "Unix Makefiles" /home/hansol/ros2_ws/src/darknet_ros/darknet /home/hansol/ros2_ws/src/darknet_ros/darknet /home/hansol/ros2_ws/build/Darknet /home/hansol/ros2_ws/build/Darknet /home/hansol/ros2_ws/build/Darknet/CMakeFiles/dark.dir/DependInfo.cmake "--color="
[0.326s] make[2]: Leaving directory '/home/hansol/ros2_ws/build/Darknet'
[0.327s] /usr/bin/make  -f CMakeFiles/darknet.dir/build.make CMakeFiles/darknet.dir/build
[0.338s] make[2]: Leaving directory '/home/hansol/ros2_ws/build/Darknet'
[0.339s] /usr/bin/make  -f CMakeFiles/dark.dir/build.make CMakeFiles/dark.dir/build
[0.404s] make[2]: Entering directory '/home/hansol/ros2_ws/build/Darknet'
[0.407s] make[2]: Nothing to be done for 'CMakeFiles/dark.dir/build'.
[0.408s] make[2]: Leaving directory '/home/hansol/ros2_ws/build/Darknet'
[0.419s] make[2]: Entering directory '/home/hansol/ros2_ws/build/Darknet'
[0.421s] make[2]: Nothing to be done for 'CMakeFiles/darknet.dir/build'.
[0.423s] make[2]: Leaving directory '/home/hansol/ros2_ws/build/Darknet'
[0.435s] [ 49%] Built target dark
[0.440s] /usr/bin/make  -f CMakeFiles/uselib_track.dir/build.make CMakeFiles/uselib_track.dir/depend
[0.441s] /usr/bin/make  -f CMakeFiles/uselib.dir/build.make CMakeFiles/uselib.dir/depend
[0.453s] make[2]: Entering directory '/home/hansol/ros2_ws/build/Darknet'
[0.454s] cd /home/hansol/ros2_ws/build/Darknet && /usr/local/bin/cmake -E cmake_depends "Unix Makefiles" /home/hansol/ros2_ws/src/darknet_ros/darknet /home/hansol/ros2_ws/src/darknet_ros/darknet /home/hansol/ros2_ws/build/Darknet /home/hansol/ros2_ws/build/Darknet /home/hansol/ros2_ws/build/Darknet/CMakeFiles/uselib_track.dir/DependInfo.cmake "--color="
[0.455s] [ 97%] Built target darknet
[0.462s] make[2]: Entering directory '/home/hansol/ros2_ws/build/Darknet'
[0.462s] cd /home/hansol/ros2_ws/build/Darknet && /usr/local/bin/cmake -E cmake_depends "Unix Makefiles" /home/hansol/ros2_ws/src/darknet_ros/darknet /home/hansol/ros2_ws/src/darknet_ros/darknet /home/hansol/ros2_ws/build/Darknet /home/hansol/ros2_ws/build/Darknet /home/hansol/ros2_ws/build/Darknet/CMakeFiles/uselib.dir/DependInfo.cmake "--color="
[0.488s] make[2]: Leaving directory '/home/hansol/ros2_ws/build/Darknet'
[0.489s] /usr/bin/make  -f CMakeFiles/uselib_track.dir/build.make CMakeFiles/uselib_track.dir/build
[0.490s] make[2]: Leaving directory '/home/hansol/ros2_ws/build/Darknet'
[0.491s] /usr/bin/make  -f CMakeFiles/uselib.dir/build.make CMakeFiles/uselib.dir/build
[0.501s] make[2]: Entering directory '/home/hansol/ros2_ws/build/Darknet'
[0.502s] make[2]: Nothing to be done for 'CMakeFiles/uselib_track.dir/build'.
[0.503s] make[2]: Leaving directory '/home/hansol/ros2_ws/build/Darknet'
[0.516s] [ 99%] Built target uselib_track
[0.520s] make[2]: Entering directory '/home/hansol/ros2_ws/build/Darknet'
[0.522s] make[2]: Nothing to be done for 'CMakeFiles/uselib.dir/build'.
[0.522s] make[2]: Leaving directory '/home/hansol/ros2_ws/build/Darknet'
[0.536s] [100%] Built target uselib
[0.538s] make[1]: Leaving directory '/home/hansol/ros2_ws/build/Darknet'
[0.539s] /usr/local/bin/cmake -E cmake_progress_start /home/hansol/ros2_ws/build/Darknet/CMakeFiles 0
[0.561s] 
[0.576s] Invoked command in '/home/hansol/ros2_ws/build/Darknet' returned '0': /usr/local/bin/cmake --build /home/hansol/ros2_ws/build/Darknet -- -j4 -l4
[1.537s] Invoking command in '/home/hansol/ros2_ws/build/Darknet': /usr/local/bin/cmake --install /home/hansol/ros2_ws/build/Darknet
[1.567s] -- Install configuration: "Release"
[1.568s] -- Up-to-date: /home/hansol/ros2_ws/src/darknet_ros/darknet/libdarknet.so
[1.568s] -- Up-to-date: /home/hansol/ros2_ws/install/Darknet/include/darknet/darknet.h
[1.569s] -- Up-to-date: /home/hansol/ros2_ws/install/Darknet/include/darknet/yolo_v2_class.hpp
[1.570s] -- Up-to-date: /home/hansol/ros2_ws/src/darknet_ros/darknet/uselib
[1.570s] -- Up-to-date: /home/hansol/ros2_ws/src/darknet_ros/darknet/darknet
[1.572s] -- Up-to-date: /home/hansol/ros2_ws/src/darknet_ros/darknet/uselib_track
[1.573s] -- Up-to-date: /home/hansol/ros2_ws/install/Darknet/share/darknet/DarknetTargets.cmake
[1.574s] -- Up-to-date: /home/hansol/ros2_ws/install/Darknet/share/darknet/DarknetTargets-release.cmake
[1.575s] -- Up-to-date: /home/hansol/ros2_ws/install/Darknet/share/darknet/DarknetConfig.cmake
[1.575s] -- Up-to-date: /home/hansol/ros2_ws/install/Darknet/share/darknet/DarknetConfigVersion.cmake
[1.658s] Invoked command in '/home/hansol/ros2_ws/build/Darknet' returned '0': /usr/local/bin/cmake --install /home/hansol/ros2_ws/build/Darknet
