[0.570s] DEBUG:colcon:Command line arguments: ['/usr/bin/colcon', 'build', '--symlink-install']
[0.570s] DEBUG:colcon:Parsed command line arguments: Namespace(allow_overriding=[], ament_cmake_args=None, base_paths=['.'], build_base='build', catkin_cmake_args=None, catkin_skip_building_tests=False, cmake_args=None, cmake_clean_cache=False, cmake_clean_first=False, cmake_force_configure=False, cmake_target=None, cmake_target_skip_unavailable=False, continue_on_error=False, event_handlers=None, executor='parallel', ignore_user_meta=False, install_base='install', log_base=None, log_level=None, main=<bound method BuildVerb.main of <colcon_core.verb.build.BuildVerb object at 0x7faa7b6128>>, merge_install=False, metas=['./colcon.meta'], packages_above=None, packages_above_and_dependencies=None, packages_above_depth=None, packages_end=None, packages_ignore=None, packages_ignore_regex=None, packages_select=None, packages_select_build_failed=False, packages_select_by_dep=None, packages_select_regex=None, packages_select_test_failures=False, packages_skip=None, packages_skip_build_finished=False, packages_skip_by_dep=None, packages_skip_regex=None, packages_skip_test_passed=False, packages_skip_up_to=None, packages_start=None, packages_up_to=None, packages_up_to_regex=None, parallel_workers=4, paths=None, symlink_install=True, test_result_base=None, verb_extension=<colcon_core.verb.build.BuildVerb object at 0x7faa7b6128>, verb_name='build', verb_parser=<colcon_defaults.argument_parser.defaults.DefaultArgumentsDecorator object at 0x7faa7b6470>)
[0.659s] Level 1:colcon.colcon_core.package_discovery:discover_packages(colcon_meta) check parameters
[0.660s] Level 1:colcon.colcon_core.package_discovery:discover_packages(recursive) check parameters
[0.660s] Level 1:colcon.colcon_core.package_discovery:discover_packages(ignore) check parameters
[0.660s] Level 1:colcon.colcon_core.package_discovery:discover_packages(path) check parameters
[0.660s] Level 1:colcon.colcon_core.package_discovery:discover_packages(colcon_meta) discover
[0.662s] Level 1:colcon.colcon_core.package_discovery:discover_packages(recursive) discover
[0.662s] INFO:colcon.colcon_core.package_discovery:Crawling recursively for packages in '/home/hansol/ros2_ws'
[0.663s] Level 1:colcon.colcon_core.package_identification:_identify(.) by extensions ['ignore', 'ignore_ament_install']
[0.663s] Level 1:colcon.colcon_core.package_identification:_identify(.) by extension 'ignore'
[0.663s] Level 1:colcon.colcon_core.package_identification:_identify(.) by extension 'ignore_ament_install'
[0.664s] Level 1:colcon.colcon_core.package_identification:_identify(.) by extensions ['colcon_pkg']
[0.664s] Level 1:colcon.colcon_core.package_identification:_identify(.) by extension 'colcon_pkg'
[0.664s] Level 1:colcon.colcon_core.package_identification:_identify(.) by extensions ['colcon_meta']
[0.665s] Level 1:colcon.colcon_core.package_identification:_identify(.) by extension 'colcon_meta'
[0.665s] Level 1:colcon.colcon_core.package_identification:_identify(.) by extensions ['ros']
[0.665s] Level 1:colcon.colcon_core.package_identification:_identify(.) by extension 'ros'
[0.724s] Level 1:colcon.colcon_core.package_identification:_identify(.) by extensions ['cmake', 'python']
[0.724s] Level 1:colcon.colcon_core.package_identification:_identify(.) by extension 'cmake'
[0.725s] Level 1:colcon.colcon_core.package_identification:_identify(.) by extension 'python'
[0.725s] Level 1:colcon.colcon_core.package_identification:_identify(.) by extensions ['python_setup_py']
[0.725s] Level 1:colcon.colcon_core.package_identification:_identify(.) by extension 'python_setup_py'
[0.726s] Level 1:colcon.colcon_core.package_identification:_identify(build) by extensions ['ignore', 'ignore_ament_install']
[0.726s] Level 1:colcon.colcon_core.package_identification:_identify(build) by extension 'ignore'
[0.727s] Level 1:colcon.colcon_core.package_identification:_identify(build) ignored
[0.729s] Level 1:colcon.colcon_core.package_identification:_identify(install) by extensions ['ignore', 'ignore_ament_install']
[0.729s] Level 1:colcon.colcon_core.package_identification:_identify(install) by extension 'ignore'
[0.729s] Level 1:colcon.colcon_core.package_identification:_identify(install) ignored
[0.730s] Level 1:colcon.colcon_core.package_identification:_identify(log) by extensions ['ignore', 'ignore_ament_install']
[0.730s] Level 1:colcon.colcon_core.package_identification:_identify(log) by extension 'ignore'
[0.731s] Level 1:colcon.colcon_core.package_identification:_identify(log) ignored
[0.731s] Level 1:colcon.colcon_core.package_identification:_identify(src) by extensions ['ignore', 'ignore_ament_install']
[0.732s] Level 1:colcon.colcon_core.package_identification:_identify(src) by extension 'ignore'
[0.732s] Level 1:colcon.colcon_core.package_identification:_identify(src) by extension 'ignore_ament_install'
[0.732s] Level 1:colcon.colcon_core.package_identification:_identify(src) by extensions ['colcon_pkg']
[0.733s] Level 1:colcon.colcon_core.package_identification:_identify(src) by extension 'colcon_pkg'
[0.733s] Level 1:colcon.colcon_core.package_identification:_identify(src) by extensions ['colcon_meta']
[0.733s] Level 1:colcon.colcon_core.package_identification:_identify(src) by extension 'colcon_meta'
[0.733s] Level 1:colcon.colcon_core.package_identification:_identify(src) by extensions ['ros']
[0.734s] Level 1:colcon.colcon_core.package_identification:_identify(src) by extension 'ros'
[0.734s] Level 1:colcon.colcon_core.package_identification:_identify(src) by extensions ['cmake', 'python']
[0.734s] Level 1:colcon.colcon_core.package_identification:_identify(src) by extension 'cmake'
[0.735s] Level 1:colcon.colcon_core.package_identification:_identify(src) by extension 'python'
[0.735s] Level 1:colcon.colcon_core.package_identification:_identify(src) by extensions ['python_setup_py']
[0.735s] Level 1:colcon.colcon_core.package_identification:_identify(src) by extension 'python_setup_py'
[0.736s] Level 1:colcon.colcon_core.package_identification:_identify(src/darknet_ros) by extensions ['ignore', 'ignore_ament_install']
[0.736s] Level 1:colcon.colcon_core.package_identification:_identify(src/darknet_ros) by extension 'ignore'
[0.737s] Level 1:colcon.colcon_core.package_identification:_identify(src/darknet_ros) by extension 'ignore_ament_install'
[0.737s] Level 1:colcon.colcon_core.package_identification:_identify(src/darknet_ros) by extensions ['colcon_pkg']
[0.737s] Level 1:colcon.colcon_core.package_identification:_identify(src/darknet_ros) by extension 'colcon_pkg'
[0.737s] Level 1:colcon.colcon_core.package_identification:_identify(src/darknet_ros) by extensions ['colcon_meta']
[0.738s] Level 1:colcon.colcon_core.package_identification:_identify(src/darknet_ros) by extension 'colcon_meta'
[0.738s] Level 1:colcon.colcon_core.package_identification:_identify(src/darknet_ros) by extensions ['ros']
[0.738s] Level 1:colcon.colcon_core.package_identification:_identify(src/darknet_ros) by extension 'ros'
[0.739s] Level 1:colcon.colcon_core.package_identification:_identify(src/darknet_ros) by extensions ['cmake', 'python']
[0.739s] Level 1:colcon.colcon_core.package_identification:_identify(src/darknet_ros) by extension 'cmake'
[0.739s] Level 1:colcon.colcon_core.package_identification:_identify(src/darknet_ros) by extension 'python'
[0.739s] Level 1:colcon.colcon_core.package_identification:_identify(src/darknet_ros) by extensions ['python_setup_py']
[0.740s] Level 1:colcon.colcon_core.package_identification:_identify(src/darknet_ros) by extension 'python_setup_py'
[0.740s] Level 1:colcon.colcon_core.package_identification:_identify(src/darknet_ros/build) by extensions ['ignore', 'ignore_ament_install']
[0.741s] Level 1:colcon.colcon_core.package_identification:_identify(src/darknet_ros/build) by extension 'ignore'
[0.741s] Level 1:colcon.colcon_core.package_identification:_identify(src/darknet_ros/build) ignored
[0.742s] Level 1:colcon.colcon_core.package_identification:_identify(src/darknet_ros/darknet) by extensions ['ignore', 'ignore_ament_install']
[0.742s] Level 1:colcon.colcon_core.package_identification:_identify(src/darknet_ros/darknet) by extension 'ignore'
[0.742s] Level 1:colcon.colcon_core.package_identification:_identify(src/darknet_ros/darknet) by extension 'ignore_ament_install'
[0.743s] Level 1:colcon.colcon_core.package_identification:_identify(src/darknet_ros/darknet) by extensions ['colcon_pkg']
[0.743s] Level 1:colcon.colcon_core.package_identification:_identify(src/darknet_ros/darknet) by extension 'colcon_pkg'
[0.743s] Level 1:colcon.colcon_core.package_identification:_identify(src/darknet_ros/darknet) by extensions ['colcon_meta']
[0.744s] Level 1:colcon.colcon_core.package_identification:_identify(src/darknet_ros/darknet) by extension 'colcon_meta'
[0.744s] Level 1:colcon.colcon_core.package_identification:_identify(src/darknet_ros/darknet) by extensions ['ros']
[0.744s] Level 1:colcon.colcon_core.package_identification:_identify(src/darknet_ros/darknet) by extension 'ros'
[0.745s] Level 1:colcon.colcon_core.package_identification:_identify(src/darknet_ros/darknet) by extensions ['cmake', 'python']
[0.745s] Level 1:colcon.colcon_core.package_identification:_identify(src/darknet_ros/darknet) by extension 'cmake'
[0.786s] Level 1:colcon.colcon_core.package_identification:_identify(src/darknet_ros/darknet) by extension 'python'
[0.787s] DEBUG:colcon.colcon_core.package_identification:Package 'src/darknet_ros/darknet' with type 'cmake' and name 'Darknet'
[0.787s] Level 1:colcon.colcon_core.package_identification:_identify(src/darknet_ros/darknet_ros) by extensions ['ignore', 'ignore_ament_install']
[0.788s] Level 1:colcon.colcon_core.package_identification:_identify(src/darknet_ros/darknet_ros) by extension 'ignore'
[0.788s] Level 1:colcon.colcon_core.package_identification:_identify(src/darknet_ros/darknet_ros) by extension 'ignore_ament_install'
[0.788s] Level 1:colcon.colcon_core.package_identification:_identify(src/darknet_ros/darknet_ros) by extensions ['colcon_pkg']
[0.789s] Level 1:colcon.colcon_core.package_identification:_identify(src/darknet_ros/darknet_ros) by extension 'colcon_pkg'
[0.789s] Level 1:colcon.colcon_core.package_identification:_identify(src/darknet_ros/darknet_ros) by extensions ['colcon_meta']
[0.789s] Level 1:colcon.colcon_core.package_identification:_identify(src/darknet_ros/darknet_ros) by extension 'colcon_meta'
[0.789s] Level 1:colcon.colcon_core.package_identification:_identify(src/darknet_ros/darknet_ros) by extensions ['ros']
[0.790s] Level 1:colcon.colcon_core.package_identification:_identify(src/darknet_ros/darknet_ros) by extension 'ros'
[0.808s] DEBUG:colcon.colcon_core.package_identification:Package 'src/darknet_ros/darknet_ros' with type 'ros.ament_cmake' and name 'darknet_ros'
[0.809s] Level 1:colcon.colcon_core.package_identification:_identify(src/darknet_ros/darknet_ros_msgs) by extensions ['ignore', 'ignore_ament_install']
[0.810s] Level 1:colcon.colcon_core.package_identification:_identify(src/darknet_ros/darknet_ros_msgs) by extension 'ignore'
[0.810s] Level 1:colcon.colcon_core.package_identification:_identify(src/darknet_ros/darknet_ros_msgs) by extension 'ignore_ament_install'
[0.810s] Level 1:colcon.colcon_core.package_identification:_identify(src/darknet_ros/darknet_ros_msgs) by extensions ['colcon_pkg']
[0.810s] Level 1:colcon.colcon_core.package_identification:_identify(src/darknet_ros/darknet_ros_msgs) by extension 'colcon_pkg'
[0.811s] Level 1:colcon.colcon_core.package_identification:_identify(src/darknet_ros/darknet_ros_msgs) by extensions ['colcon_meta']
[0.811s] Level 1:colcon.colcon_core.package_identification:_identify(src/darknet_ros/darknet_ros_msgs) by extension 'colcon_meta'
[0.811s] Level 1:colcon.colcon_core.package_identification:_identify(src/darknet_ros/darknet_ros_msgs) by extensions ['ros']
[0.812s] Level 1:colcon.colcon_core.package_identification:_identify(src/darknet_ros/darknet_ros_msgs) by extension 'ros'
[0.818s] DEBUG:colcon.colcon_core.package_identification:Package 'src/darknet_ros/darknet_ros_msgs' with type 'ros.ament_cmake' and name 'darknet_ros_msgs'
[0.818s] Level 1:colcon.colcon_core.package_identification:_identify(src/darknet_ros/install) by extensions ['ignore', 'ignore_ament_install']
[0.819s] Level 1:colcon.colcon_core.package_identification:_identify(src/darknet_ros/install) by extension 'ignore'
[0.819s] Level 1:colcon.colcon_core.package_identification:_identify(src/darknet_ros/install) ignored
[0.820s] Level 1:colcon.colcon_core.package_identification:_identify(src/darknet_ros/log) by extensions ['ignore', 'ignore_ament_install']
[0.821s] Level 1:colcon.colcon_core.package_identification:_identify(src/darknet_ros/log) by extension 'ignore'
[0.821s] Level 1:colcon.colcon_core.package_identification:_identify(src/darknet_ros/log) ignored
[0.821s] Level 1:colcon.colcon_core.package_identification:_identify(src/ros2_intel_realsense) by extensions ['ignore', 'ignore_ament_install']
[0.822s] Level 1:colcon.colcon_core.package_identification:_identify(src/ros2_intel_realsense) by extension 'ignore'
[0.822s] Level 1:colcon.colcon_core.package_identification:_identify(src/ros2_intel_realsense) by extension 'ignore_ament_install'
[0.823s] Level 1:colcon.colcon_core.package_identification:_identify(src/ros2_intel_realsense) by extensions ['colcon_pkg']
[0.823s] Level 1:colcon.colcon_core.package_identification:_identify(src/ros2_intel_realsense) by extension 'colcon_pkg'
[0.823s] Level 1:colcon.colcon_core.package_identification:_identify(src/ros2_intel_realsense) by extensions ['colcon_meta']
[0.823s] Level 1:colcon.colcon_core.package_identification:_identify(src/ros2_intel_realsense) by extension 'colcon_meta'
[0.824s] Level 1:colcon.colcon_core.package_identification:_identify(src/ros2_intel_realsense) by extensions ['ros']
[0.824s] Level 1:colcon.colcon_core.package_identification:_identify(src/ros2_intel_realsense) by extension 'ros'
[0.824s] Level 1:colcon.colcon_core.package_identification:_identify(src/ros2_intel_realsense) by extensions ['cmake', 'python']
[0.825s] Level 1:colcon.colcon_core.package_identification:_identify(src/ros2_intel_realsense) by extension 'cmake'
[0.825s] Level 1:colcon.colcon_core.package_identification:_identify(src/ros2_intel_realsense) by extension 'python'
[0.825s] Level 1:colcon.colcon_core.package_identification:_identify(src/ros2_intel_realsense) by extensions ['python_setup_py']
[0.825s] Level 1:colcon.colcon_core.package_identification:_identify(src/ros2_intel_realsense) by extension 'python_setup_py'
[0.826s] Level 1:colcon.colcon_core.package_identification:_identify(src/ros2_intel_realsense/realsense_camera_msgs) by extensions ['ignore', 'ignore_ament_install']
[0.826s] Level 1:colcon.colcon_core.package_identification:_identify(src/ros2_intel_realsense/realsense_camera_msgs) by extension 'ignore'
[0.827s] Level 1:colcon.colcon_core.package_identification:_identify(src/ros2_intel_realsense/realsense_camera_msgs) by extension 'ignore_ament_install'
[0.827s] Level 1:colcon.colcon_core.package_identification:_identify(src/ros2_intel_realsense/realsense_camera_msgs) by extensions ['colcon_pkg']
[0.827s] Level 1:colcon.colcon_core.package_identification:_identify(src/ros2_intel_realsense/realsense_camera_msgs) by extension 'colcon_pkg'
[0.828s] Level 1:colcon.colcon_core.package_identification:_identify(src/ros2_intel_realsense/realsense_camera_msgs) by extensions ['colcon_meta']
[0.828s] Level 1:colcon.colcon_core.package_identification:_identify(src/ros2_intel_realsense/realsense_camera_msgs) by extension 'colcon_meta'
[0.828s] Level 1:colcon.colcon_core.package_identification:_identify(src/ros2_intel_realsense/realsense_camera_msgs) by extensions ['ros']
[0.828s] Level 1:colcon.colcon_core.package_identification:_identify(src/ros2_intel_realsense/realsense_camera_msgs) by extension 'ros'
[0.836s] DEBUG:colcon.colcon_core.package_identification:Package 'src/ros2_intel_realsense/realsense_camera_msgs' with type 'ros.ament_cmake' and name 'realsense_camera_msgs'
[0.837s] Level 1:colcon.colcon_core.package_identification:_identify(src/ros2_intel_realsense/realsense_ros2_camera) by extensions ['ignore', 'ignore_ament_install']
[0.837s] Level 1:colcon.colcon_core.package_identification:_identify(src/ros2_intel_realsense/realsense_ros2_camera) by extension 'ignore'
[0.838s] Level 1:colcon.colcon_core.package_identification:_identify(src/ros2_intel_realsense/realsense_ros2_camera) by extension 'ignore_ament_install'
[0.838s] Level 1:colcon.colcon_core.package_identification:_identify(src/ros2_intel_realsense/realsense_ros2_camera) by extensions ['colcon_pkg']
[0.838s] Level 1:colcon.colcon_core.package_identification:_identify(src/ros2_intel_realsense/realsense_ros2_camera) by extension 'colcon_pkg'
[0.838s] Level 1:colcon.colcon_core.package_identification:_identify(src/ros2_intel_realsense/realsense_ros2_camera) by extensions ['colcon_meta']
[0.839s] Level 1:colcon.colcon_core.package_identification:_identify(src/ros2_intel_realsense/realsense_ros2_camera) by extension 'colcon_meta'
[0.839s] Level 1:colcon.colcon_core.package_identification:_identify(src/ros2_intel_realsense/realsense_ros2_camera) by extensions ['ros']
[0.839s] Level 1:colcon.colcon_core.package_identification:_identify(src/ros2_intel_realsense/realsense_ros2_camera) by extension 'ros'
[0.848s] DEBUG:colcon.colcon_core.package_identification:Package 'src/ros2_intel_realsense/realsense_ros2_camera' with type 'ros.ament_cmake' and name 'realsense_ros2_camera'
[0.848s] Level 1:colcon.colcon_core.package_discovery:discover_packages(recursive) using defaults
[0.850s] Level 1:colcon.colcon_core.package_discovery:discover_packages(ignore) discover
[0.850s] Level 1:colcon.colcon_core.package_discovery:discover_packages(ignore) using defaults
[0.850s] Level 1:colcon.colcon_core.package_discovery:discover_packages(path) discover
[0.850s] Level 1:colcon.colcon_core.package_discovery:discover_packages(path) using defaults
[1.009s] Level 1:colcon.colcon_core.package_discovery:discover_packages(prefix_path) check parameters
[1.009s] Level 1:colcon.colcon_core.package_discovery:discover_packages(prefix_path) discover
[1.023s] DEBUG:colcon.colcon_installed_package_information.package_discovery:Found 5 installed packages in /home/hansol/ros2_ws/install
[1.030s] DEBUG:colcon.colcon_installed_package_information.package_discovery:Found 170 installed packages in /opt/ros/dashing
[1.040s] Level 1:colcon.colcon_core.package_discovery:discover_packages(prefix_path) using defaults
[1.336s] Level 5:colcon.colcon_core.verb:set package 'Darknet' build argument 'cmake_args' from command line to 'None'
[1.336s] Level 5:colcon.colcon_core.verb:set package 'Darknet' build argument 'cmake_target' from command line to 'None'
[1.337s] Level 5:colcon.colcon_core.verb:set package 'Darknet' build argument 'cmake_target_skip_unavailable' from command line to 'False'
[1.337s] Level 5:colcon.colcon_core.verb:set package 'Darknet' build argument 'cmake_clean_cache' from command line to 'False'
[1.337s] Level 5:colcon.colcon_core.verb:set package 'Darknet' build argument 'cmake_clean_first' from command line to 'False'
[1.337s] Level 5:colcon.colcon_core.verb:set package 'Darknet' build argument 'cmake_force_configure' from command line to 'False'
[1.338s] Level 5:colcon.colcon_core.verb:set package 'Darknet' build argument 'ament_cmake_args' from command line to 'None'
[1.338s] Level 5:colcon.colcon_core.verb:set package 'Darknet' build argument 'catkin_cmake_args' from command line to 'None'
[1.338s] Level 5:colcon.colcon_core.verb:set package 'Darknet' build argument 'catkin_skip_building_tests' from command line to 'False'
[1.338s] DEBUG:colcon.colcon_core.verb:Building package 'Darknet' with the following arguments: {'ament_cmake_args': None, 'build_base': '/home/hansol/ros2_ws/build/Darknet', 'catkin_cmake_args': None, 'catkin_skip_building_tests': False, 'cmake_args': None, 'cmake_clean_cache': False, 'cmake_clean_first': False, 'cmake_force_configure': False, 'cmake_target': None, 'cmake_target_skip_unavailable': False, 'install_base': '/home/hansol/ros2_ws/install/Darknet', 'merge_install': False, 'path': '/home/hansol/ros2_ws/src/darknet_ros/darknet', 'symlink_install': True, 'test_result_base': None}
[1.341s] Level 5:colcon.colcon_core.verb:set package 'darknet_ros_msgs' build argument 'cmake_args' from command line to 'None'
[1.341s] Level 5:colcon.colcon_core.verb:set package 'darknet_ros_msgs' build argument 'cmake_target' from command line to 'None'
[1.342s] Level 5:colcon.colcon_core.verb:set package 'darknet_ros_msgs' build argument 'cmake_target_skip_unavailable' from command line to 'False'
[1.342s] Level 5:colcon.colcon_core.verb:set package 'darknet_ros_msgs' build argument 'cmake_clean_cache' from command line to 'False'
[1.342s] Level 5:colcon.colcon_core.verb:set package 'darknet_ros_msgs' build argument 'cmake_clean_first' from command line to 'False'
[1.342s] Level 5:colcon.colcon_core.verb:set package 'darknet_ros_msgs' build argument 'cmake_force_configure' from command line to 'False'
[1.342s] Level 5:colcon.colcon_core.verb:set package 'darknet_ros_msgs' build argument 'ament_cmake_args' from command line to 'None'
[1.343s] Level 5:colcon.colcon_core.verb:set package 'darknet_ros_msgs' build argument 'catkin_cmake_args' from command line to 'None'
[1.343s] Level 5:colcon.colcon_core.verb:set package 'darknet_ros_msgs' build argument 'catkin_skip_building_tests' from command line to 'False'
[1.343s] DEBUG:colcon.colcon_core.verb:Building package 'darknet_ros_msgs' with the following arguments: {'ament_cmake_args': None, 'build_base': '/home/hansol/ros2_ws/build/darknet_ros_msgs', 'catkin_cmake_args': None, 'catkin_skip_building_tests': False, 'cmake_args': None, 'cmake_clean_cache': False, 'cmake_clean_first': False, 'cmake_force_configure': False, 'cmake_target': None, 'cmake_target_skip_unavailable': False, 'install_base': '/home/hansol/ros2_ws/install/darknet_ros_msgs', 'merge_install': False, 'path': '/home/hansol/ros2_ws/src/darknet_ros/darknet_ros_msgs', 'symlink_install': True, 'test_result_base': None}
[1.346s] Level 5:colcon.colcon_core.verb:set package 'realsense_camera_msgs' build argument 'cmake_args' from command line to 'None'
[1.346s] Level 5:colcon.colcon_core.verb:set package 'realsense_camera_msgs' build argument 'cmake_target' from command line to 'None'
[1.346s] Level 5:colcon.colcon_core.verb:set package 'realsense_camera_msgs' build argument 'cmake_target_skip_unavailable' from command line to 'False'
[1.346s] Level 5:colcon.colcon_core.verb:set package 'realsense_camera_msgs' build argument 'cmake_clean_cache' from command line to 'False'
[1.347s] Level 5:colcon.colcon_core.verb:set package 'realsense_camera_msgs' build argument 'cmake_clean_first' from command line to 'False'
[1.347s] Level 5:colcon.colcon_core.verb:set package 'realsense_camera_msgs' build argument 'cmake_force_configure' from command line to 'False'
[1.347s] Level 5:colcon.colcon_core.verb:set package 'realsense_camera_msgs' build argument 'ament_cmake_args' from command line to 'None'
[1.347s] Level 5:colcon.colcon_core.verb:set package 'realsense_camera_msgs' build argument 'catkin_cmake_args' from command line to 'None'
[1.347s] Level 5:colcon.colcon_core.verb:set package 'realsense_camera_msgs' build argument 'catkin_skip_building_tests' from command line to 'False'
[1.348s] DEBUG:colcon.colcon_core.verb:Building package 'realsense_camera_msgs' with the following arguments: {'ament_cmake_args': None, 'build_base': '/home/hansol/ros2_ws/build/realsense_camera_msgs', 'catkin_cmake_args': None, 'catkin_skip_building_tests': False, 'cmake_args': None, 'cmake_clean_cache': False, 'cmake_clean_first': False, 'cmake_force_configure': False, 'cmake_target': None, 'cmake_target_skip_unavailable': False, 'install_base': '/home/hansol/ros2_ws/install/realsense_camera_msgs', 'merge_install': False, 'path': '/home/hansol/ros2_ws/src/ros2_intel_realsense/realsense_camera_msgs', 'symlink_install': True, 'test_result_base': None}
[1.350s] Level 5:colcon.colcon_core.verb:set package 'darknet_ros' build argument 'cmake_args' from command line to 'None'
[1.351s] Level 5:colcon.colcon_core.verb:set package 'darknet_ros' build argument 'cmake_target' from command line to 'None'
[1.351s] Level 5:colcon.colcon_core.verb:set package 'darknet_ros' build argument 'cmake_target_skip_unavailable' from command line to 'False'
[1.351s] Level 5:colcon.colcon_core.verb:set package 'darknet_ros' build argument 'cmake_clean_cache' from command line to 'False'
[1.351s] Level 5:colcon.colcon_core.verb:set package 'darknet_ros' build argument 'cmake_clean_first' from command line to 'False'
[1.351s] Level 5:colcon.colcon_core.verb:set package 'darknet_ros' build argument 'cmake_force_configure' from command line to 'False'
[1.352s] Level 5:colcon.colcon_core.verb:set package 'darknet_ros' build argument 'ament_cmake_args' from command line to 'None'
[1.352s] Level 5:colcon.colcon_core.verb:set package 'darknet_ros' build argument 'catkin_cmake_args' from command line to 'None'
[1.352s] Level 5:colcon.colcon_core.verb:set package 'darknet_ros' build argument 'catkin_skip_building_tests' from command line to 'False'
[1.352s] DEBUG:colcon.colcon_core.verb:Building package 'darknet_ros' with the following arguments: {'ament_cmake_args': None, 'build_base': '/home/hansol/ros2_ws/build/darknet_ros', 'catkin_cmake_args': None, 'catkin_skip_building_tests': False, 'cmake_args': None, 'cmake_clean_cache': False, 'cmake_clean_first': False, 'cmake_force_configure': False, 'cmake_target': None, 'cmake_target_skip_unavailable': False, 'install_base': '/home/hansol/ros2_ws/install/darknet_ros', 'merge_install': False, 'path': '/home/hansol/ros2_ws/src/darknet_ros/darknet_ros', 'symlink_install': True, 'test_result_base': None}
[1.355s] Level 5:colcon.colcon_core.verb:set package 'realsense_ros2_camera' build argument 'cmake_args' from command line to 'None'
[1.355s] Level 5:colcon.colcon_core.verb:set package 'realsense_ros2_camera' build argument 'cmake_target' from command line to 'None'
[1.356s] Level 5:colcon.colcon_core.verb:set package 'realsense_ros2_camera' build argument 'cmake_target_skip_unavailable' from command line to 'False'
[1.356s] Level 5:colcon.colcon_core.verb:set package 'realsense_ros2_camera' build argument 'cmake_clean_cache' from command line to 'False'
[1.356s] Level 5:colcon.colcon_core.verb:set package 'realsense_ros2_camera' build argument 'cmake_clean_first' from command line to 'False'
[1.356s] Level 5:colcon.colcon_core.verb:set package 'realsense_ros2_camera' build argument 'cmake_force_configure' from command line to 'False'
[1.356s] Level 5:colcon.colcon_core.verb:set package 'realsense_ros2_camera' build argument 'ament_cmake_args' from command line to 'None'
[1.357s] Level 5:colcon.colcon_core.verb:set package 'realsense_ros2_camera' build argument 'catkin_cmake_args' from command line to 'None'
[1.357s] Level 5:colcon.colcon_core.verb:set package 'realsense_ros2_camera' build argument 'catkin_skip_building_tests' from command line to 'False'
[1.357s] DEBUG:colcon.colcon_core.verb:Building package 'realsense_ros2_camera' with the following arguments: {'ament_cmake_args': None, 'build_base': '/home/hansol/ros2_ws/build/realsense_ros2_camera', 'catkin_cmake_args': None, 'catkin_skip_building_tests': False, 'cmake_args': None, 'cmake_clean_cache': False, 'cmake_clean_first': False, 'cmake_force_configure': False, 'cmake_target': None, 'cmake_target_skip_unavailable': False, 'install_base': '/home/hansol/ros2_ws/install/realsense_ros2_camera', 'merge_install': False, 'path': '/home/hansol/ros2_ws/src/ros2_intel_realsense/realsense_ros2_camera', 'symlink_install': True, 'test_result_base': None}
[1.358s] INFO:colcon.colcon_core.executor:Executing jobs using 'parallel' executor
[1.363s] DEBUG:colcon.colcon_parallel_executor.executor.parallel:run_until_complete
[1.364s] INFO:colcon.colcon_ros.task.ament_cmake.build:Building ROS package in '/home/hansol/ros2_ws/src/darknet_ros/darknet_ros_msgs' with build type 'ament_cmake'
[1.365s] INFO:colcon.colcon_cmake.task.cmake.build:Building CMake package in '/home/hansol/ros2_ws/src/darknet_ros/darknet_ros_msgs'
[1.377s] INFO:colcon.colcon_core.plugin_system:Skipping extension 'colcon_core.shell.bat': Not used on non-Windows systems
[1.378s] INFO:colcon.colcon_core.shell:Skip shell extension 'powershell' for command environment: Not usable outside of PowerShell
[1.378s] DEBUG:colcon.colcon_core.shell:Skip shell extension 'dsv' for command environment
[1.403s] INFO:colcon.colcon_ros.task.ament_cmake.build:Building ROS package in '/home/hansol/ros2_ws/src/ros2_intel_realsense/realsense_camera_msgs' with build type 'ament_cmake'
[1.404s] INFO:colcon.colcon_cmake.task.cmake.build:Building CMake package in '/home/hansol/ros2_ws/src/ros2_intel_realsense/realsense_camera_msgs'
[1.407s] INFO:colcon.colcon_core.shell:Skip shell extension 'powershell' for command environment: Not usable outside of PowerShell
[1.408s] DEBUG:colcon.colcon_core.shell:Skip shell extension 'dsv' for command environment
[1.430s] INFO:colcon.colcon_cmake.task.cmake.build:Building CMake package in '/home/hansol/ros2_ws/src/darknet_ros/darknet'
[1.433s] INFO:colcon.colcon_core.shell:Skip shell extension 'powershell' for command environment: Not usable outside of PowerShell
[1.434s] DEBUG:colcon.colcon_core.shell:Skip shell extension 'dsv' for command environment
[1.483s] DEBUG:colcon.colcon_core.event_handler.log_command:Invoking command in '/home/hansol/ros2_ws/build/darknet_ros_msgs': CMAKE_PREFIX_PATH=${CMAKE_PREFIX_PATH}:/opt/ros/dashing /usr/local/bin/cmake --build /home/hansol/ros2_ws/build/darknet_ros_msgs -- -j4 -l4
[1.514s] DEBUG:colcon.colcon_core.event_handler.log_command:Invoking command in '/home/hansol/ros2_ws/build/realsense_camera_msgs': CMAKE_PREFIX_PATH=${CMAKE_PREFIX_PATH}:/opt/ros/dashing /usr/local/bin/cmake --build /home/hansol/ros2_ws/build/realsense_camera_msgs -- -j4 -l4
[1.538s] DEBUG:colcon.colcon_core.event_handler.log_command:Invoking command in '/home/hansol/ros2_ws/build/Darknet': /usr/local/bin/cmake --build /home/hansol/ros2_ws/build/Darknet -- -j4 -l4
[1.992s] DEBUG:colcon.colcon_core.event_handler.log_command:Invoked command in '/home/hansol/ros2_ws/build/Darknet' returned '0': /usr/local/bin/cmake --build /home/hansol/ros2_ws/build/Darknet -- -j4 -l4
[2.182s] DEBUG:colcon.colcon_core.event_handler.log_command:Invoked command in '/home/hansol/ros2_ws/build/realsense_camera_msgs' returned '0': CMAKE_PREFIX_PATH=${CMAKE_PREFIX_PATH}:/opt/ros/dashing /usr/local/bin/cmake --build /home/hansol/ros2_ws/build/realsense_camera_msgs -- -j4 -l4
[2.205s] DEBUG:colcon.colcon_core.event_handler.log_command:Invoked command in '/home/hansol/ros2_ws/build/darknet_ros_msgs' returned '0': CMAKE_PREFIX_PATH=${CMAKE_PREFIX_PATH}:/opt/ros/dashing /usr/local/bin/cmake --build /home/hansol/ros2_ws/build/darknet_ros_msgs -- -j4 -l4
[2.472s] DEBUG:colcon.colcon_core.event_handler.log_command:Invoking command in '/home/hansol/ros2_ws/build/realsense_camera_msgs': CMAKE_PREFIX_PATH=${CMAKE_PREFIX_PATH}:/opt/ros/dashing /usr/local/bin/cmake --install /home/hansol/ros2_ws/build/realsense_camera_msgs
[2.640s] DEBUG:colcon.colcon_core.event_handler.log_command:Invoking command in '/home/hansol/ros2_ws/build/darknet_ros_msgs': CMAKE_PREFIX_PATH=${CMAKE_PREFIX_PATH}:/opt/ros/dashing /usr/local/bin/cmake --install /home/hansol/ros2_ws/build/darknet_ros_msgs
[2.821s] Level 1:colcon.colcon_core.environment:create_environment_scripts_only(realsense_camera_msgs)
[2.826s] DEBUG:colcon.colcon_core.event_handler.log_command:Invoked command in '/home/hansol/ros2_ws/build/realsense_camera_msgs' returned '0': CMAKE_PREFIX_PATH=${CMAKE_PREFIX_PATH}:/opt/ros/dashing /usr/local/bin/cmake --install /home/hansol/ros2_ws/build/realsense_camera_msgs
[2.841s] Level 1:colcon.colcon_core.environment:checking '/home/hansol/ros2_ws/install/realsense_camera_msgs' for CMake module files
[2.845s] Level 1:colcon.colcon_core.environment:checking '/home/hansol/ros2_ws/install/realsense_camera_msgs' for CMake config files
[2.847s] Level 1:colcon.colcon_core.shell:create_environment_hook('realsense_camera_msgs', 'cmake_prefix_path')
[2.849s] INFO:colcon.colcon_core.shell:Creating environment hook '/home/hansol/ros2_ws/install/realsense_camera_msgs/share/realsense_camera_msgs/hook/cmake_prefix_path.ps1'
[2.853s] INFO:colcon.colcon_core.shell:Creating environment descriptor '/home/hansol/ros2_ws/install/realsense_camera_msgs/share/realsense_camera_msgs/hook/cmake_prefix_path.dsv'
[2.856s] INFO:colcon.colcon_core.shell:Creating environment hook '/home/hansol/ros2_ws/install/realsense_camera_msgs/share/realsense_camera_msgs/hook/cmake_prefix_path.sh'
[2.864s] Level 1:colcon.colcon_core.environment:checking '/home/hansol/ros2_ws/install/realsense_camera_msgs/lib'
[2.865s] Level 1:colcon.colcon_core.shell:create_environment_hook('realsense_camera_msgs', 'ld_library_path_lib')
[2.867s] INFO:colcon.colcon_core.shell:Creating environment hook '/home/hansol/ros2_ws/install/realsense_camera_msgs/share/realsense_camera_msgs/hook/ld_library_path_lib.ps1'
[2.869s] INFO:colcon.colcon_core.shell:Creating environment descriptor '/home/hansol/ros2_ws/install/realsense_camera_msgs/share/realsense_camera_msgs/hook/ld_library_path_lib.dsv'
[2.871s] INFO:colcon.colcon_core.shell:Creating environment hook '/home/hansol/ros2_ws/install/realsense_camera_msgs/share/realsense_camera_msgs/hook/ld_library_path_lib.sh'
[2.874s] Level 1:colcon.colcon_core.environment:checking '/home/hansol/ros2_ws/install/realsense_camera_msgs/bin'
[2.874s] Level 1:colcon.colcon_core.environment:checking '/home/hansol/ros2_ws/install/realsense_camera_msgs/lib/pkgconfig/realsense_camera_msgs.pc'
[2.876s] Level 1:colcon.colcon_core.environment:checking '/home/hansol/ros2_ws/install/realsense_camera_msgs/lib/python3.6/site-packages'
[2.877s] Level 1:colcon.colcon_core.shell:create_environment_hook('realsense_camera_msgs', 'pythonpath')
[2.879s] INFO:colcon.colcon_core.shell:Creating environment hook '/home/hansol/ros2_ws/install/realsense_camera_msgs/share/realsense_camera_msgs/hook/pythonpath.ps1'
[2.882s] INFO:colcon.colcon_core.shell:Creating environment descriptor '/home/hansol/ros2_ws/install/realsense_camera_msgs/share/realsense_camera_msgs/hook/pythonpath.dsv'
[2.884s] INFO:colcon.colcon_core.shell:Creating environment hook '/home/hansol/ros2_ws/install/realsense_camera_msgs/share/realsense_camera_msgs/hook/pythonpath.sh'
[2.887s] Level 1:colcon.colcon_core.environment:checking '/home/hansol/ros2_ws/install/realsense_camera_msgs/bin'
[2.890s] INFO:colcon.colcon_core.shell:Creating package script '/home/hansol/ros2_ws/install/realsense_camera_msgs/share/realsense_camera_msgs/package.ps1'
[2.895s] INFO:colcon.colcon_core.shell:Creating package descriptor '/home/hansol/ros2_ws/install/realsense_camera_msgs/share/realsense_camera_msgs/package.dsv'
[2.899s] INFO:colcon.colcon_core.shell:Creating package script '/home/hansol/ros2_ws/install/realsense_camera_msgs/share/realsense_camera_msgs/package.sh'
[2.904s] INFO:colcon.colcon_core.shell:Creating package script '/home/hansol/ros2_ws/install/realsense_camera_msgs/share/realsense_camera_msgs/package.bash'
[2.910s] INFO:colcon.colcon_core.shell:Creating package script '/home/hansol/ros2_ws/install/realsense_camera_msgs/share/realsense_camera_msgs/package.zsh'
[2.914s] Level 1:colcon.colcon_core.environment:create_file_with_runtime_dependencies(/home/hansol/ros2_ws/install/realsense_camera_msgs/share/colcon-core/packages/realsense_camera_msgs)
[2.949s] DEBUG:colcon.colcon_core.event_handler.log_command:Invoking command in '/home/hansol/ros2_ws/build/Darknet': /usr/local/bin/cmake --install /home/hansol/ros2_ws/build/Darknet
[2.982s] Level 1:colcon.colcon_core.environment:create_environment_scripts_only(Darknet)
[2.985s] Level 1:colcon.colcon_core.environment:checking '/home/hansol/ros2_ws/install/Darknet' for CMake module files
[2.991s] DEBUG:colcon.colcon_core.event_handler.log_command:Invoked command in '/home/hansol/ros2_ws/build/Darknet' returned '0': /usr/local/bin/cmake --install /home/hansol/ros2_ws/build/Darknet
[2.993s] Level 1:colcon.colcon_core.environment:checking '/home/hansol/ros2_ws/install/Darknet' for CMake config files
[2.995s] Level 1:colcon.colcon_core.shell:create_environment_hook('Darknet', 'cmake_prefix_path')
[2.998s] INFO:colcon.colcon_core.shell:Creating environment hook '/home/hansol/ros2_ws/install/Darknet/share/Darknet/hook/cmake_prefix_path.ps1'
[3.001s] INFO:colcon.colcon_core.shell:Creating environment descriptor '/home/hansol/ros2_ws/install/Darknet/share/Darknet/hook/cmake_prefix_path.dsv'
[3.003s] INFO:colcon.colcon_core.shell:Creating environment hook '/home/hansol/ros2_ws/install/Darknet/share/Darknet/hook/cmake_prefix_path.sh'
[3.007s] Level 1:colcon.colcon_core.environment:checking '/home/hansol/ros2_ws/install/Darknet/bin'
[3.008s] Level 1:colcon.colcon_core.environment:checking '/home/hansol/ros2_ws/install/Darknet/lib/pkgconfig/Darknet.pc'
[3.009s] Level 1:colcon.colcon_core.environment:checking '/home/hansol/ros2_ws/install/Darknet/lib/python3.6/site-packages'
[3.010s] Level 1:colcon.colcon_core.environment:checking '/home/hansol/ros2_ws/install/Darknet/bin'
[3.013s] INFO:colcon.colcon_core.shell:Creating package script '/home/hansol/ros2_ws/install/Darknet/share/Darknet/package.ps1'
[3.016s] INFO:colcon.colcon_core.shell:Creating package descriptor '/home/hansol/ros2_ws/install/Darknet/share/Darknet/package.dsv'
[3.018s] INFO:colcon.colcon_core.shell:Creating package script '/home/hansol/ros2_ws/install/Darknet/share/Darknet/package.sh'
[3.020s] INFO:colcon.colcon_core.shell:Creating package script '/home/hansol/ros2_ws/install/Darknet/share/Darknet/package.bash'
[3.023s] INFO:colcon.colcon_core.shell:Creating package script '/home/hansol/ros2_ws/install/Darknet/share/Darknet/package.zsh'
[3.025s] Level 1:colcon.colcon_core.environment:create_file_with_runtime_dependencies(/home/hansol/ros2_ws/install/Darknet/share/colcon-core/packages/Darknet)
[3.032s] Level 1:colcon.colcon_core.environment:create_environment_scripts_only(darknet_ros_msgs)
[3.034s] Level 1:colcon.colcon_core.environment:checking '/home/hansol/ros2_ws/install/darknet_ros_msgs' for CMake module files
[3.038s] DEBUG:colcon.colcon_core.event_handler.log_command:Invoked command in '/home/hansol/ros2_ws/build/darknet_ros_msgs' returned '0': CMAKE_PREFIX_PATH=${CMAKE_PREFIX_PATH}:/opt/ros/dashing /usr/local/bin/cmake --install /home/hansol/ros2_ws/build/darknet_ros_msgs
[3.040s] Level 1:colcon.colcon_core.environment:checking '/home/hansol/ros2_ws/install/darknet_ros_msgs' for CMake config files
[3.043s] Level 1:colcon.colcon_core.shell:create_environment_hook('darknet_ros_msgs', 'cmake_prefix_path')
[3.045s] INFO:colcon.colcon_core.shell:Creating environment hook '/home/hansol/ros2_ws/install/darknet_ros_msgs/share/darknet_ros_msgs/hook/cmake_prefix_path.ps1'
[3.047s] INFO:colcon.colcon_core.shell:Creating environment descriptor '/home/hansol/ros2_ws/install/darknet_ros_msgs/share/darknet_ros_msgs/hook/cmake_prefix_path.dsv'
[3.049s] INFO:colcon.colcon_core.shell:Creating environment hook '/home/hansol/ros2_ws/install/darknet_ros_msgs/share/darknet_ros_msgs/hook/cmake_prefix_path.sh'
[3.054s] Level 1:colcon.colcon_core.environment:checking '/home/hansol/ros2_ws/install/darknet_ros_msgs/lib'
[3.055s] Level 1:colcon.colcon_core.shell:create_environment_hook('darknet_ros_msgs', 'ld_library_path_lib')
[3.057s] INFO:colcon.colcon_core.shell:Creating environment hook '/home/hansol/ros2_ws/install/darknet_ros_msgs/share/darknet_ros_msgs/hook/ld_library_path_lib.ps1'
[3.059s] INFO:colcon.colcon_core.shell:Creating environment descriptor '/home/hansol/ros2_ws/install/darknet_ros_msgs/share/darknet_ros_msgs/hook/ld_library_path_lib.dsv'
[3.062s] INFO:colcon.colcon_core.shell:Creating environment hook '/home/hansol/ros2_ws/install/darknet_ros_msgs/share/darknet_ros_msgs/hook/ld_library_path_lib.sh'
[3.064s] Level 1:colcon.colcon_core.environment:checking '/home/hansol/ros2_ws/install/darknet_ros_msgs/bin'
[3.065s] Level 1:colcon.colcon_core.environment:checking '/home/hansol/ros2_ws/install/darknet_ros_msgs/lib/pkgconfig/darknet_ros_msgs.pc'
[3.066s] Level 1:colcon.colcon_core.environment:checking '/home/hansol/ros2_ws/install/darknet_ros_msgs/lib/python3.6/site-packages'
[3.066s] Level 1:colcon.colcon_core.shell:create_environment_hook('darknet_ros_msgs', 'pythonpath')
[3.068s] INFO:colcon.colcon_core.shell:Creating environment hook '/home/hansol/ros2_ws/install/darknet_ros_msgs/share/darknet_ros_msgs/hook/pythonpath.ps1'
[3.071s] INFO:colcon.colcon_core.shell:Creating environment descriptor '/home/hansol/ros2_ws/install/darknet_ros_msgs/share/darknet_ros_msgs/hook/pythonpath.dsv'
[3.073s] INFO:colcon.colcon_core.shell:Creating environment hook '/home/hansol/ros2_ws/install/darknet_ros_msgs/share/darknet_ros_msgs/hook/pythonpath.sh'
[3.075s] Level 1:colcon.colcon_core.environment:checking '/home/hansol/ros2_ws/install/darknet_ros_msgs/bin'
[3.078s] INFO:colcon.colcon_core.shell:Creating package script '/home/hansol/ros2_ws/install/darknet_ros_msgs/share/darknet_ros_msgs/package.ps1'
[3.084s] INFO:colcon.colcon_core.shell:Creating package descriptor '/home/hansol/ros2_ws/install/darknet_ros_msgs/share/darknet_ros_msgs/package.dsv'
[3.087s] INFO:colcon.colcon_core.shell:Creating package script '/home/hansol/ros2_ws/install/darknet_ros_msgs/share/darknet_ros_msgs/package.sh'
[3.090s] INFO:colcon.colcon_core.shell:Creating package script '/home/hansol/ros2_ws/install/darknet_ros_msgs/share/darknet_ros_msgs/package.bash'
[3.092s] INFO:colcon.colcon_core.shell:Creating package script '/home/hansol/ros2_ws/install/darknet_ros_msgs/share/darknet_ros_msgs/package.zsh'
[3.094s] Level 1:colcon.colcon_core.environment:create_file_with_runtime_dependencies(/home/hansol/ros2_ws/install/darknet_ros_msgs/share/colcon-core/packages/darknet_ros_msgs)
[3.171s] Level 1:colcon.colcon_core.environment:create_environment_scripts_only(realsense_camera_msgs)
[3.173s] Level 1:colcon.colcon_core.environment:checking '/home/hansol/ros2_ws/install/realsense_camera_msgs' for CMake module files
[3.177s] Level 1:colcon.colcon_core.environment:checking '/home/hansol/ros2_ws/install/realsense_camera_msgs' for CMake config files
[3.179s] Level 1:colcon.colcon_core.shell:create_environment_hook('realsense_camera_msgs', 'cmake_prefix_path')
[3.181s] INFO:colcon.colcon_core.shell:Creating environment hook '/home/hansol/ros2_ws/install/realsense_camera_msgs/share/realsense_camera_msgs/hook/cmake_prefix_path.ps1'
[3.185s] INFO:colcon.colcon_core.shell:Creating environment descriptor '/home/hansol/ros2_ws/install/realsense_camera_msgs/share/realsense_camera_msgs/hook/cmake_prefix_path.dsv'
[3.187s] INFO:colcon.colcon_core.shell:Creating environment hook '/home/hansol/ros2_ws/install/realsense_camera_msgs/share/realsense_camera_msgs/hook/cmake_prefix_path.sh'
[3.192s] Level 1:colcon.colcon_core.environment:checking '/home/hansol/ros2_ws/install/realsense_camera_msgs/lib'
[3.193s] Level 1:colcon.colcon_core.shell:create_environment_hook('realsense_camera_msgs', 'ld_library_path_lib')
[3.195s] INFO:colcon.colcon_core.shell:Creating environment hook '/home/hansol/ros2_ws/install/realsense_camera_msgs/share/realsense_camera_msgs/hook/ld_library_path_lib.ps1'
[3.198s] INFO:colcon.colcon_core.shell:Creating environment descriptor '/home/hansol/ros2_ws/install/realsense_camera_msgs/share/realsense_camera_msgs/hook/ld_library_path_lib.dsv'
[3.201s] INFO:colcon.colcon_core.shell:Creating environment hook '/home/hansol/ros2_ws/install/realsense_camera_msgs/share/realsense_camera_msgs/hook/ld_library_path_lib.sh'
[3.203s] Level 1:colcon.colcon_core.environment:checking '/home/hansol/ros2_ws/install/realsense_camera_msgs/bin'
[3.203s] Level 1:colcon.colcon_core.environment:checking '/home/hansol/ros2_ws/install/realsense_camera_msgs/lib/pkgconfig/realsense_camera_msgs.pc'
[3.204s] Level 1:colcon.colcon_core.environment:checking '/home/hansol/ros2_ws/install/realsense_camera_msgs/lib/python3.6/site-packages'
[3.205s] Level 1:colcon.colcon_core.shell:create_environment_hook('realsense_camera_msgs', 'pythonpath')
[3.207s] INFO:colcon.colcon_core.shell:Creating environment hook '/home/hansol/ros2_ws/install/realsense_camera_msgs/share/realsense_camera_msgs/hook/pythonpath.ps1'
[3.209s] INFO:colcon.colcon_core.shell:Creating environment descriptor '/home/hansol/ros2_ws/install/realsense_camera_msgs/share/realsense_camera_msgs/hook/pythonpath.dsv'
[3.211s] INFO:colcon.colcon_core.shell:Creating environment hook '/home/hansol/ros2_ws/install/realsense_camera_msgs/share/realsense_camera_msgs/hook/pythonpath.sh'
[3.214s] Level 1:colcon.colcon_core.environment:checking '/home/hansol/ros2_ws/install/realsense_camera_msgs/bin'
[3.217s] INFO:colcon.colcon_core.shell:Creating package script '/home/hansol/ros2_ws/install/realsense_camera_msgs/share/realsense_camera_msgs/package.ps1'
[3.221s] INFO:colcon.colcon_core.shell:Creating package descriptor '/home/hansol/ros2_ws/install/realsense_camera_msgs/share/realsense_camera_msgs/package.dsv'
[3.225s] INFO:colcon.colcon_core.shell:Creating package script '/home/hansol/ros2_ws/install/realsense_camera_msgs/share/realsense_camera_msgs/package.sh'
[3.228s] INFO:colcon.colcon_core.shell:Creating package script '/home/hansol/ros2_ws/install/realsense_camera_msgs/share/realsense_camera_msgs/package.bash'
[3.233s] INFO:colcon.colcon_core.shell:Creating package script '/home/hansol/ros2_ws/install/realsense_camera_msgs/share/realsense_camera_msgs/package.zsh'
[3.235s] Level 1:colcon.colcon_core.environment:create_file_with_runtime_dependencies(/home/hansol/ros2_ws/install/realsense_camera_msgs/share/colcon-core/packages/realsense_camera_msgs)
[3.238s] INFO:colcon.colcon_ros.task.ament_cmake.build:Building ROS package in '/home/hansol/ros2_ws/src/ros2_intel_realsense/realsense_ros2_camera' with build type 'ament_cmake'
[3.239s] INFO:colcon.colcon_cmake.task.cmake.build:Building CMake package in '/home/hansol/ros2_ws/src/ros2_intel_realsense/realsense_ros2_camera'
[3.241s] INFO:colcon.colcon_core.shell:Skip shell extension 'powershell' for command environment: Not usable outside of PowerShell
[3.242s] DEBUG:colcon.colcon_core.shell:Skip shell extension 'dsv' for command environment
[3.317s] DEBUG:colcon.colcon_core.event_handler.log_command:Invoking command in '/home/hansol/ros2_ws/build/realsense_ros2_camera': CMAKE_PREFIX_PATH=/home/hansol/ros2_ws/install/realsense_camera_msgs:/home/hansol/ros2_ws/install/realsense_ros2_camera:/home/hansol/ros2_ws/install/darknet_ros:/home/hansol/ros2_ws/install/darknet_ros_msgs:/home/hansol/ros2_ws/install/Darknet:/opt/ros/dashing LD_LIBRARY_PATH=/home/hansol/ros2_ws/install/realsense_camera_msgs/lib:/home/hansol/ros2_ws/install/darknet_ros/lib:/home/hansol/ros2_ws/install/darknet_ros_msgs/lib:/opt/ros/dashing/lib:/usr/local/cuda-10.2/lib64 /usr/local/bin/cmake --build /home/hansol/ros2_ws/build/realsense_ros2_camera -- -j4 -l4
[3.465s] DEBUG:colcon.colcon_core.event_handler.log_command:Invoked command in '/home/hansol/ros2_ws/build/realsense_ros2_camera' returned '0': CMAKE_PREFIX_PATH=/home/hansol/ros2_ws/install/realsense_camera_msgs:/home/hansol/ros2_ws/install/realsense_ros2_camera:/home/hansol/ros2_ws/install/darknet_ros:/home/hansol/ros2_ws/install/darknet_ros_msgs:/home/hansol/ros2_ws/install/Darknet:/opt/ros/dashing LD_LIBRARY_PATH=/home/hansol/ros2_ws/install/realsense_camera_msgs/lib:/home/hansol/ros2_ws/install/darknet_ros/lib:/home/hansol/ros2_ws/install/darknet_ros_msgs/lib:/opt/ros/dashing/lib:/usr/local/cuda-10.2/lib64 /usr/local/bin/cmake --build /home/hansol/ros2_ws/build/realsense_ros2_camera -- -j4 -l4
[3.487s] Level 1:colcon.colcon_core.environment:create_environment_scripts_only(darknet_ros_msgs)
[3.508s] Level 1:colcon.colcon_core.environment:checking '/home/hansol/ros2_ws/install/darknet_ros_msgs' for CMake module files
[3.513s] Level 1:colcon.colcon_core.environment:checking '/home/hansol/ros2_ws/install/darknet_ros_msgs' for CMake config files
[3.515s] Level 1:colcon.colcon_core.shell:create_environment_hook('darknet_ros_msgs', 'cmake_prefix_path')
[3.518s] INFO:colcon.colcon_core.shell:Creating environment hook '/home/hansol/ros2_ws/install/darknet_ros_msgs/share/darknet_ros_msgs/hook/cmake_prefix_path.ps1'
[3.520s] INFO:colcon.colcon_core.shell:Creating environment descriptor '/home/hansol/ros2_ws/install/darknet_ros_msgs/share/darknet_ros_msgs/hook/cmake_prefix_path.dsv'
[3.522s] INFO:colcon.colcon_core.shell:Creating environment hook '/home/hansol/ros2_ws/install/darknet_ros_msgs/share/darknet_ros_msgs/hook/cmake_prefix_path.sh'
[3.526s] Level 1:colcon.colcon_core.environment:checking '/home/hansol/ros2_ws/install/darknet_ros_msgs/lib'
[3.527s] Level 1:colcon.colcon_core.shell:create_environment_hook('darknet_ros_msgs', 'ld_library_path_lib')
[3.529s] INFO:colcon.colcon_core.shell:Creating environment hook '/home/hansol/ros2_ws/install/darknet_ros_msgs/share/darknet_ros_msgs/hook/ld_library_path_lib.ps1'
[3.531s] INFO:colcon.colcon_core.shell:Creating environment descriptor '/home/hansol/ros2_ws/install/darknet_ros_msgs/share/darknet_ros_msgs/hook/ld_library_path_lib.dsv'
[3.533s] INFO:colcon.colcon_core.shell:Creating environment hook '/home/hansol/ros2_ws/install/darknet_ros_msgs/share/darknet_ros_msgs/hook/ld_library_path_lib.sh'
[3.535s] Level 1:colcon.colcon_core.environment:checking '/home/hansol/ros2_ws/install/darknet_ros_msgs/bin'
[3.536s] Level 1:colcon.colcon_core.environment:checking '/home/hansol/ros2_ws/install/darknet_ros_msgs/lib/pkgconfig/darknet_ros_msgs.pc'
[3.537s] Level 1:colcon.colcon_core.environment:checking '/home/hansol/ros2_ws/install/darknet_ros_msgs/lib/python3.6/site-packages'
[3.537s] Level 1:colcon.colcon_core.shell:create_environment_hook('darknet_ros_msgs', 'pythonpath')
[3.540s] INFO:colcon.colcon_core.shell:Creating environment hook '/home/hansol/ros2_ws/install/darknet_ros_msgs/share/darknet_ros_msgs/hook/pythonpath.ps1'
[3.542s] INFO:colcon.colcon_core.shell:Creating environment descriptor '/home/hansol/ros2_ws/install/darknet_ros_msgs/share/darknet_ros_msgs/hook/pythonpath.dsv'
[3.544s] INFO:colcon.colcon_core.shell:Creating environment hook '/home/hansol/ros2_ws/install/darknet_ros_msgs/share/darknet_ros_msgs/hook/pythonpath.sh'
[3.546s] Level 1:colcon.colcon_core.environment:checking '/home/hansol/ros2_ws/install/darknet_ros_msgs/bin'
[3.549s] INFO:colcon.colcon_core.shell:Creating package script '/home/hansol/ros2_ws/install/darknet_ros_msgs/share/darknet_ros_msgs/package.ps1'
[3.552s] INFO:colcon.colcon_core.shell:Creating package descriptor '/home/hansol/ros2_ws/install/darknet_ros_msgs/share/darknet_ros_msgs/package.dsv'
[3.555s] INFO:colcon.colcon_core.shell:Creating package script '/home/hansol/ros2_ws/install/darknet_ros_msgs/share/darknet_ros_msgs/package.sh'
[3.557s] INFO:colcon.colcon_core.shell:Creating package script '/home/hansol/ros2_ws/install/darknet_ros_msgs/share/darknet_ros_msgs/package.bash'
[3.559s] INFO:colcon.colcon_core.shell:Creating package script '/home/hansol/ros2_ws/install/darknet_ros_msgs/share/darknet_ros_msgs/package.zsh'
[3.561s] Level 1:colcon.colcon_core.environment:create_file_with_runtime_dependencies(/home/hansol/ros2_ws/install/darknet_ros_msgs/share/colcon-core/packages/darknet_ros_msgs)
[3.565s] INFO:colcon.colcon_ros.task.ament_cmake.build:Building ROS package in '/home/hansol/ros2_ws/src/darknet_ros/darknet_ros' with build type 'ament_cmake'
[3.566s] INFO:colcon.colcon_cmake.task.cmake.build:Building CMake package in '/home/hansol/ros2_ws/src/darknet_ros/darknet_ros'
[3.568s] INFO:colcon.colcon_core.shell:Skip shell extension 'powershell' for command environment: Not usable outside of PowerShell
[3.568s] DEBUG:colcon.colcon_core.shell:Skip shell extension 'dsv' for command environment
[3.620s] DEBUG:colcon.colcon_core.event_handler.log_command:Invoking command in '/home/hansol/ros2_ws/build/realsense_ros2_camera': CMAKE_PREFIX_PATH=/home/hansol/ros2_ws/install/realsense_camera_msgs:/home/hansol/ros2_ws/install/realsense_ros2_camera:/home/hansol/ros2_ws/install/darknet_ros:/home/hansol/ros2_ws/install/darknet_ros_msgs:/home/hansol/ros2_ws/install/Darknet:/opt/ros/dashing LD_LIBRARY_PATH=/home/hansol/ros2_ws/install/realsense_camera_msgs/lib:/home/hansol/ros2_ws/install/darknet_ros/lib:/home/hansol/ros2_ws/install/darknet_ros_msgs/lib:/opt/ros/dashing/lib:/usr/local/cuda-10.2/lib64 /usr/local/bin/cmake --install /home/hansol/ros2_ws/build/realsense_ros2_camera
[3.681s] DEBUG:colcon.colcon_core.event_handler.log_command:Invoking command in '/home/hansol/ros2_ws/build/darknet_ros': CMAKE_PREFIX_PATH=/home/hansol/ros2_ws/install/darknet_ros_msgs:/home/hansol/ros2_ws/install/realsense_ros2_camera:/home/hansol/ros2_ws/install/realsense_camera_msgs:/home/hansol/ros2_ws/install/darknet_ros:/home/hansol/ros2_ws/install/Darknet:/opt/ros/dashing LD_LIBRARY_PATH=/home/hansol/ros2_ws/install/darknet_ros_msgs/lib:/home/hansol/ros2_ws/install/realsense_camera_msgs/lib:/home/hansol/ros2_ws/install/darknet_ros/lib:/opt/ros/dashing/lib:/usr/local/cuda-10.2/lib64 PYTHONPATH=/home/hansol/ros2_ws/install/darknet_ros_msgs/lib/python3.6/site-packages:/home/hansol/ros2_ws/install/realsense_camera_msgs/lib/python3.6/site-packages:/opt/ros/dashing/lib/python3.6/site-packages /usr/local/bin/cmake --build /home/hansol/ros2_ws/build/darknet_ros -- -j4 -l4
[3.689s] Level 1:colcon.colcon_core.environment:create_environment_scripts_only(realsense_ros2_camera)
[3.691s] Level 1:colcon.colcon_core.environment:checking '/home/hansol/ros2_ws/install/realsense_ros2_camera' for CMake module files
[3.695s] DEBUG:colcon.colcon_core.event_handler.log_command:Invoked command in '/home/hansol/ros2_ws/build/realsense_ros2_camera' returned '0': CMAKE_PREFIX_PATH=/home/hansol/ros2_ws/install/realsense_camera_msgs:/home/hansol/ros2_ws/install/realsense_ros2_camera:/home/hansol/ros2_ws/install/darknet_ros:/home/hansol/ros2_ws/install/darknet_ros_msgs:/home/hansol/ros2_ws/install/Darknet:/opt/ros/dashing LD_LIBRARY_PATH=/home/hansol/ros2_ws/install/realsense_camera_msgs/lib:/home/hansol/ros2_ws/install/darknet_ros/lib:/home/hansol/ros2_ws/install/darknet_ros_msgs/lib:/opt/ros/dashing/lib:/usr/local/cuda-10.2/lib64 /usr/local/bin/cmake --install /home/hansol/ros2_ws/build/realsense_ros2_camera
[3.698s] Level 1:colcon.colcon_core.environment:checking '/home/hansol/ros2_ws/install/realsense_ros2_camera' for CMake config files
[3.700s] Level 1:colcon.colcon_core.shell:create_environment_hook('realsense_ros2_camera', 'cmake_prefix_path')
[3.702s] INFO:colcon.colcon_core.shell:Creating environment hook '/home/hansol/ros2_ws/install/realsense_ros2_camera/share/realsense_ros2_camera/hook/cmake_prefix_path.ps1'
[3.705s] INFO:colcon.colcon_core.shell:Creating environment descriptor '/home/hansol/ros2_ws/install/realsense_ros2_camera/share/realsense_ros2_camera/hook/cmake_prefix_path.dsv'
[3.706s] INFO:colcon.colcon_core.shell:Creating environment hook '/home/hansol/ros2_ws/install/realsense_ros2_camera/share/realsense_ros2_camera/hook/cmake_prefix_path.sh'
[3.711s] Level 1:colcon.colcon_core.environment:checking '/home/hansol/ros2_ws/install/realsense_ros2_camera/lib'
[3.711s] Level 1:colcon.colcon_core.environment:checking '/home/hansol/ros2_ws/install/realsense_ros2_camera/bin'
[3.712s] Level 1:colcon.colcon_core.shell:create_environment_hook('realsense_ros2_camera', 'path')
[3.714s] INFO:colcon.colcon_core.shell:Creating environment hook '/home/hansol/ros2_ws/install/realsense_ros2_camera/share/realsense_ros2_camera/hook/path.ps1'
[3.716s] INFO:colcon.colcon_core.shell:Creating environment descriptor '/home/hansol/ros2_ws/install/realsense_ros2_camera/share/realsense_ros2_camera/hook/path.dsv'
[3.718s] INFO:colcon.colcon_core.shell:Creating environment hook '/home/hansol/ros2_ws/install/realsense_ros2_camera/share/realsense_ros2_camera/hook/path.sh'
[3.721s] Level 1:colcon.colcon_core.environment:checking '/home/hansol/ros2_ws/install/realsense_ros2_camera/lib/pkgconfig/realsense_ros2_camera.pc'
[3.722s] Level 1:colcon.colcon_core.environment:checking '/home/hansol/ros2_ws/install/realsense_ros2_camera/lib/python3.6/site-packages'
[3.723s] Level 1:colcon.colcon_core.environment:checking '/home/hansol/ros2_ws/install/realsense_ros2_camera/bin'
[3.724s] Level 1:colcon.colcon_core.shell:create_environment_hook('realsense_ros2_camera', 'pythonscriptspath')
[3.726s] INFO:colcon.colcon_core.shell:Creating environment hook '/home/hansol/ros2_ws/install/realsense_ros2_camera/share/realsense_ros2_camera/hook/pythonscriptspath.ps1'
[3.728s] INFO:colcon.colcon_core.shell:Creating environment descriptor '/home/hansol/ros2_ws/install/realsense_ros2_camera/share/realsense_ros2_camera/hook/pythonscriptspath.dsv'
[3.730s] INFO:colcon.colcon_core.shell:Creating environment hook '/home/hansol/ros2_ws/install/realsense_ros2_camera/share/realsense_ros2_camera/hook/pythonscriptspath.sh'
[3.735s] INFO:colcon.colcon_core.shell:Creating package script '/home/hansol/ros2_ws/install/realsense_ros2_camera/share/realsense_ros2_camera/package.ps1'
[3.740s] INFO:colcon.colcon_core.shell:Creating package descriptor '/home/hansol/ros2_ws/install/realsense_ros2_camera/share/realsense_ros2_camera/package.dsv'
[3.743s] INFO:colcon.colcon_core.shell:Creating package script '/home/hansol/ros2_ws/install/realsense_ros2_camera/share/realsense_ros2_camera/package.sh'
[3.746s] INFO:colcon.colcon_core.shell:Creating package script '/home/hansol/ros2_ws/install/realsense_ros2_camera/share/realsense_ros2_camera/package.bash'
[3.749s] INFO:colcon.colcon_core.shell:Creating package script '/home/hansol/ros2_ws/install/realsense_ros2_camera/share/realsense_ros2_camera/package.zsh'
[3.751s] Level 1:colcon.colcon_core.environment:create_file_with_runtime_dependencies(/home/hansol/ros2_ws/install/realsense_ros2_camera/share/colcon-core/packages/realsense_ros2_camera)
[3.832s] Level 1:colcon.colcon_core.environment:create_environment_scripts_only(realsense_ros2_camera)
[3.834s] Level 1:colcon.colcon_core.environment:checking '/home/hansol/ros2_ws/install/realsense_ros2_camera' for CMake module files
[3.838s] Level 1:colcon.colcon_core.environment:checking '/home/hansol/ros2_ws/install/realsense_ros2_camera' for CMake config files
[3.841s] Level 1:colcon.colcon_core.shell:create_environment_hook('realsense_ros2_camera', 'cmake_prefix_path')
[3.843s] INFO:colcon.colcon_core.shell:Creating environment hook '/home/hansol/ros2_ws/install/realsense_ros2_camera/share/realsense_ros2_camera/hook/cmake_prefix_path.ps1'
[3.847s] INFO:colcon.colcon_core.shell:Creating environment descriptor '/home/hansol/ros2_ws/install/realsense_ros2_camera/share/realsense_ros2_camera/hook/cmake_prefix_path.dsv'
[3.851s] INFO:colcon.colcon_core.shell:Creating environment hook '/home/hansol/ros2_ws/install/realsense_ros2_camera/share/realsense_ros2_camera/hook/cmake_prefix_path.sh'
[3.856s] Level 1:colcon.colcon_core.environment:checking '/home/hansol/ros2_ws/install/realsense_ros2_camera/lib'
[3.857s] Level 1:colcon.colcon_core.environment:checking '/home/hansol/ros2_ws/install/realsense_ros2_camera/bin'
[3.858s] Level 1:colcon.colcon_core.shell:create_environment_hook('realsense_ros2_camera', 'path')
[3.860s] INFO:colcon.colcon_core.shell:Creating environment hook '/home/hansol/ros2_ws/install/realsense_ros2_camera/share/realsense_ros2_camera/hook/path.ps1'
[3.863s] INFO:colcon.colcon_core.shell:Creating environment descriptor '/home/hansol/ros2_ws/install/realsense_ros2_camera/share/realsense_ros2_camera/hook/path.dsv'
[3.865s] INFO:colcon.colcon_core.shell:Creating environment hook '/home/hansol/ros2_ws/install/realsense_ros2_camera/share/realsense_ros2_camera/hook/path.sh'
[3.867s] Level 1:colcon.colcon_core.environment:checking '/home/hansol/ros2_ws/install/realsense_ros2_camera/lib/pkgconfig/realsense_ros2_camera.pc'
[3.868s] Level 1:colcon.colcon_core.environment:checking '/home/hansol/ros2_ws/install/realsense_ros2_camera/lib/python3.6/site-packages'
[3.869s] Level 1:colcon.colcon_core.environment:checking '/home/hansol/ros2_ws/install/realsense_ros2_camera/bin'
[3.870s] Level 1:colcon.colcon_core.shell:create_environment_hook('realsense_ros2_camera', 'pythonscriptspath')
[3.872s] INFO:colcon.colcon_core.shell:Creating environment hook '/home/hansol/ros2_ws/install/realsense_ros2_camera/share/realsense_ros2_camera/hook/pythonscriptspath.ps1'
[3.874s] INFO:colcon.colcon_core.shell:Creating environment descriptor '/home/hansol/ros2_ws/install/realsense_ros2_camera/share/realsense_ros2_camera/hook/pythonscriptspath.dsv'
[3.875s] INFO:colcon.colcon_core.shell:Creating environment hook '/home/hansol/ros2_ws/install/realsense_ros2_camera/share/realsense_ros2_camera/hook/pythonscriptspath.sh'
[3.880s] INFO:colcon.colcon_core.shell:Creating package script '/home/hansol/ros2_ws/install/realsense_ros2_camera/share/realsense_ros2_camera/package.ps1'
[3.883s] INFO:colcon.colcon_core.shell:Creating package descriptor '/home/hansol/ros2_ws/install/realsense_ros2_camera/share/realsense_ros2_camera/package.dsv'
[3.886s] INFO:colcon.colcon_core.shell:Creating package script '/home/hansol/ros2_ws/install/realsense_ros2_camera/share/realsense_ros2_camera/package.sh'
[3.889s] INFO:colcon.colcon_core.shell:Creating package script '/home/hansol/ros2_ws/install/realsense_ros2_camera/share/realsense_ros2_camera/package.bash'
[3.891s] INFO:colcon.colcon_core.shell:Creating package script '/home/hansol/ros2_ws/install/realsense_ros2_camera/share/realsense_ros2_camera/package.zsh'
[3.893s] Level 1:colcon.colcon_core.environment:create_file_with_runtime_dependencies(/home/hansol/ros2_ws/install/realsense_ros2_camera/share/colcon-core/packages/realsense_ros2_camera)
[18.957s] DEBUG:colcon.colcon_core.event_handler.log_command:Invoked command in '/home/hansol/ros2_ws/build/darknet_ros' returned '2': CMAKE_PREFIX_PATH=/home/hansol/ros2_ws/install/darknet_ros_msgs:/home/hansol/ros2_ws/install/realsense_ros2_camera:/home/hansol/ros2_ws/install/realsense_camera_msgs:/home/hansol/ros2_ws/install/darknet_ros:/home/hansol/ros2_ws/install/Darknet:/opt/ros/dashing LD_LIBRARY_PATH=/home/hansol/ros2_ws/install/darknet_ros_msgs/lib:/home/hansol/ros2_ws/install/realsense_camera_msgs/lib:/home/hansol/ros2_ws/install/darknet_ros/lib:/opt/ros/dashing/lib:/usr/local/cuda-10.2/lib64 PYTHONPATH=/home/hansol/ros2_ws/install/darknet_ros_msgs/lib/python3.6/site-packages:/home/hansol/ros2_ws/install/realsense_camera_msgs/lib/python3.6/site-packages:/opt/ros/dashing/lib/python3.6/site-packages /usr/local/bin/cmake --build /home/hansol/ros2_ws/build/darknet_ros -- -j4 -l4
[19.556s] Level 1:colcon.colcon_core.environment:create_environment_scripts_only(darknet_ros)
[19.558s] Level 1:colcon.colcon_core.environment:checking '/home/hansol/ros2_ws/install/darknet_ros' for CMake module files
[19.561s] Level 1:colcon.colcon_core.environment:checking '/home/hansol/ros2_ws/install/darknet_ros' for CMake config files
[19.564s] Level 1:colcon.colcon_core.shell:create_environment_hook('darknet_ros', 'cmake_prefix_path')
[19.566s] INFO:colcon.colcon_core.shell:Creating environment hook '/home/hansol/ros2_ws/install/darknet_ros/share/darknet_ros/hook/cmake_prefix_path.ps1'
[19.569s] INFO:colcon.colcon_core.shell:Creating environment descriptor '/home/hansol/ros2_ws/install/darknet_ros/share/darknet_ros/hook/cmake_prefix_path.dsv'
[19.571s] INFO:colcon.colcon_core.shell:Creating environment hook '/home/hansol/ros2_ws/install/darknet_ros/share/darknet_ros/hook/cmake_prefix_path.sh'
[19.575s] Level 1:colcon.colcon_core.environment:checking '/home/hansol/ros2_ws/install/darknet_ros/lib'
[19.576s] Level 1:colcon.colcon_core.environment:checking '/home/hansol/ros2_ws/install/darknet_ros/bin'
[19.576s] Level 1:colcon.colcon_core.environment:checking '/home/hansol/ros2_ws/install/darknet_ros/lib/pkgconfig/darknet_ros.pc'
[19.577s] Level 1:colcon.colcon_core.environment:checking '/home/hansol/ros2_ws/install/darknet_ros/lib/python3.6/site-packages'
[19.578s] Level 1:colcon.colcon_core.environment:checking '/home/hansol/ros2_ws/install/darknet_ros/bin'
[19.580s] INFO:colcon.colcon_core.shell:Creating package script '/home/hansol/ros2_ws/install/darknet_ros/share/darknet_ros/package.ps1'
[19.583s] INFO:colcon.colcon_core.shell:Creating package descriptor '/home/hansol/ros2_ws/install/darknet_ros/share/darknet_ros/package.dsv'
[19.585s] INFO:colcon.colcon_core.shell:Creating package script '/home/hansol/ros2_ws/install/darknet_ros/share/darknet_ros/package.sh'
[19.587s] INFO:colcon.colcon_core.shell:Creating package script '/home/hansol/ros2_ws/install/darknet_ros/share/darknet_ros/package.bash'
[19.589s] INFO:colcon.colcon_core.shell:Creating package script '/home/hansol/ros2_ws/install/darknet_ros/share/darknet_ros/package.zsh'
[19.591s] Level 1:colcon.colcon_core.environment:create_file_with_runtime_dependencies(/home/hansol/ros2_ws/install/darknet_ros/share/colcon-core/packages/darknet_ros)
[19.603s] DEBUG:colcon.colcon_parallel_executor.executor.parallel:closing loop
[19.607s] DEBUG:colcon.colcon_parallel_executor.executor.parallel:loop closed
[19.608s] DEBUG:colcon.colcon_parallel_executor.executor.parallel:run_until_complete finished with '2'
[19.608s] DEBUG:colcon.colcon_core.event_reactor:joining thread
[19.633s] INFO:colcon.colcon_core.plugin_system:Skipping extension 'colcon_notification.desktop_notification.terminal_notifier': Not used on non-Darwin systems
[19.634s] INFO:colcon.colcon_core.plugin_system:Skipping extension 'colcon_notification.desktop_notification.win32': Not used on non-Windows systems
[19.634s] INFO:colcon.colcon_notification.desktop_notification:Sending desktop notification using 'notify2'
[19.659s] DEBUG:colcon.colcon_core.event_reactor:joined thread
[19.661s] INFO:colcon.colcon_core.shell:Creating prefix script '/home/hansol/ros2_ws/install/local_setup.ps1'
[19.667s] INFO:colcon.colcon_core.shell:Creating prefix util module '/home/hansol/ros2_ws/install/_local_setup_util_ps1.py'
[19.678s] INFO:colcon.colcon_core.shell:Creating prefix chain script '/home/hansol/ros2_ws/install/setup.ps1'
[19.685s] INFO:colcon.colcon_core.shell:Creating prefix script '/home/hansol/ros2_ws/install/local_setup.sh'
[19.688s] INFO:colcon.colcon_core.shell:Creating prefix util module '/home/hansol/ros2_ws/install/_local_setup_util_sh.py'
[19.690s] INFO:colcon.colcon_core.shell:Creating prefix chain script '/home/hansol/ros2_ws/install/setup.sh'
[19.698s] INFO:colcon.colcon_core.shell:Creating prefix script '/home/hansol/ros2_ws/install/local_setup.bash'
[19.700s] INFO:colcon.colcon_core.shell:Creating prefix chain script '/home/hansol/ros2_ws/install/setup.bash'
[19.707s] INFO:colcon.colcon_core.shell:Creating prefix script '/home/hansol/ros2_ws/install/local_setup.zsh'
[19.710s] INFO:colcon.colcon_core.shell:Creating prefix chain script '/home/hansol/ros2_ws/install/setup.zsh'
