[0.141s] Invoking command in '/home/hansol/ros2_ws/build/Darknet': /usr/local/bin/cmake --build /home/hansol/ros2_ws/build/Darknet -- -j4 -l4
[0.173s] Change Dir: '/home/hansol/ros2_ws/build/Darknet'
[0.174s] 
[0.175s] Run Build Command(s): /usr/local/bin/cmake -E env VERBOSE=1 /usr/bin/make -f Makefile -j4 -l4
[0.193s] /usr/local/bin/cmake -S/home/hansol/ros2_ws/src/darknet_ros/darknet -B/home/hansol/ros2_ws/build/Darknet --check-build-system CMakeFiles/Makefile.cmake 0
[0.218s] /usr/local/bin/cmake -E cmake_progress_start /home/hansol/ros2_ws/build/Darknet/CMakeFiles /home/hansol/ros2_ws/build/Darknet//CMakeFiles/progress.marks
[0.245s] /usr/bin/make  -f CMakeFiles/Makefile2 all
[0.260s] make[1]: Entering directory '/home/hansol/ros2_ws/build/Darknet'
[0.261s] /usr/bin/make  -f CMakeFiles/dark.dir/build.make CMakeFiles/dark.dir/depend
[0.262s] /usr/bin/make  -f CMakeFiles/darknet.dir/build.make CMakeFiles/darknet.dir/depend
[0.340s] make[2]: Entering directory '/home/hansol/ros2_ws/build/Darknet'
[0.341s] cd /home/hansol/ros2_ws/build/Darknet && /usr/local/bin/cmake -E cmake_depends "Unix Makefiles" /home/hansol/ros2_ws/src/darknet_ros/darknet /home/hansol/ros2_ws/src/darknet_ros/darknet /home/hansol/ros2_ws/build/Darknet /home/hansol/ros2_ws/build/Darknet /home/hansol/ros2_ws/build/Darknet/CMakeFiles/dark.dir/DependInfo.cmake "--color="
[0.364s] make[2]: Entering directory '/home/hansol/ros2_ws/build/Darknet'
[0.365s] cd /home/hansol/ros2_ws/build/Darknet && /usr/local/bin/cmake -E cmake_depends "Unix Makefiles" /home/hansol/ros2_ws/src/darknet_ros/darknet /home/hansol/ros2_ws/src/darknet_ros/darknet /home/hansol/ros2_ws/build/Darknet /home/hansol/ros2_ws/build/Darknet /home/hansol/ros2_ws/build/Darknet/CMakeFiles/darknet.dir/DependInfo.cmake "--color="
[0.417s] make[2]: Leaving directory '/home/hansol/ros2_ws/build/Darknet'
[0.428s] /usr/bin/make  -f CMakeFiles/darknet.dir/build.make CMakeFiles/darknet.dir/build
[0.429s] make[2]: Leaving directory '/home/hansol/ros2_ws/build/Darknet'
[0.430s] /usr/bin/make  -f CMakeFiles/dark.dir/build.make CMakeFiles/dark.dir/build
[0.550s] make[2]: Entering directory '/home/hansol/ros2_ws/build/Darknet'
[0.551s] make[2]: Nothing to be done for 'CMakeFiles/dark.dir/build'.
[0.554s] make[2]: Leaving directory '/home/hansol/ros2_ws/build/Darknet'
[0.567s] make[2]: Entering directory '/home/hansol/ros2_ws/build/Darknet'
[0.568s] make[2]: Nothing to be done for 'CMakeFiles/darknet.dir/build'.
[0.569s] make[2]: Leaving directory '/home/hansol/ros2_ws/build/Darknet'
[0.604s] [ 51%] Built target darknet
[0.612s] [ 97%] Built target dark
[0.614s] /usr/bin/make  -f CMakeFiles/uselib_track.dir/build.make CMakeFiles/uselib_track.dir/depend
[0.616s] /usr/bin/make  -f CMakeFiles/uselib.dir/build.make CMakeFiles/uselib.dir/depend
[0.625s] make[2]: Entering directory '/home/hansol/ros2_ws/build/Darknet'
[0.627s] cd /home/hansol/ros2_ws/build/Darknet && /usr/local/bin/cmake -E cmake_depends "Unix Makefiles" /home/hansol/ros2_ws/src/darknet_ros/darknet /home/hansol/ros2_ws/src/darknet_ros/darknet /home/hansol/ros2_ws/build/Darknet /home/hansol/ros2_ws/build/Darknet /home/hansol/ros2_ws/build/Darknet/CMakeFiles/uselib.dir/DependInfo.cmake "--color="
[0.632s] make[2]: Entering directory '/home/hansol/ros2_ws/build/Darknet'
[0.634s] cd /home/hansol/ros2_ws/build/Darknet && /usr/local/bin/cmake -E cmake_depends "Unix Makefiles" /home/hansol/ros2_ws/src/darknet_ros/darknet /home/hansol/ros2_ws/src/darknet_ros/darknet /home/hansol/ros2_ws/build/Darknet /home/hansol/ros2_ws/build/Darknet /home/hansol/ros2_ws/build/Darknet/CMakeFiles/uselib_track.dir/DependInfo.cmake "--color="
[0.657s] make[2]: Leaving directory '/home/hansol/ros2_ws/build/Darknet'
[0.659s] /usr/bin/make  -f CMakeFiles/uselib_track.dir/build.make CMakeFiles/uselib_track.dir/build
[0.660s] make[2]: Leaving directory '/home/hansol/ros2_ws/build/Darknet'
[0.661s] /usr/bin/make  -f CMakeFiles/uselib.dir/build.make CMakeFiles/uselib.dir/build
[0.681s] make[2]: Entering directory '/home/hansol/ros2_ws/build/Darknet'
[0.682s] make[2]: Nothing to be done for 'CMakeFiles/uselib_track.dir/build'.
[0.683s] make[2]: Leaving directory '/home/hansol/ros2_ws/build/Darknet'
[0.689s] make[2]: Entering directory '/home/hansol/ros2_ws/build/Darknet'
[0.690s] make[2]: Nothing to be done for 'CMakeFiles/uselib.dir/build'.
[0.691s] make[2]: Leaving directory '/home/hansol/ros2_ws/build/Darknet'
[0.703s] [ 99%] Built target uselib_track
[0.719s] [100%] Built target uselib
[0.725s] make[1]: Leaving directory '/home/hansol/ros2_ws/build/Darknet'
[0.726s] /usr/local/bin/cmake -E cmake_progress_start /home/hansol/ros2_ws/build/Darknet/CMakeFiles 0
[0.766s] 
[0.787s] Invoked command in '/home/hansol/ros2_ws/build/Darknet' returned '0': /usr/local/bin/cmake --build /home/hansol/ros2_ws/build/Darknet -- -j4 -l4
[1.992s] Invoking command in '/home/hansol/ros2_ws/build/Darknet': /usr/local/bin/cmake --install /home/hansol/ros2_ws/build/Darknet
[2.024s] -- Install configuration: "Release"
[2.027s] -- Up-to-date: /home/hansol/ros2_ws/src/darknet_ros/darknet/libdarknet.so
[2.030s] -- Up-to-date: /home/hansol/ros2_ws/install/Darknet/include/darknet/darknet.h
[2.032s] -- Up-to-date: /home/hansol/ros2_ws/install/Darknet/include/darknet/yolo_v2_class.hpp
[2.038s] -- Up-to-date: /home/hansol/ros2_ws/src/darknet_ros/darknet/uselib
[2.044s] -- Up-to-date: /home/hansol/ros2_ws/src/darknet_ros/darknet/darknet
[2.045s] -- Up-to-date: /home/hansol/ros2_ws/src/darknet_ros/darknet/uselib_track
[2.056s] -- Up-to-date: /home/hansol/ros2_ws/install/Darknet/share/darknet/DarknetTargets.cmake
[2.065s] -- Up-to-date: /home/hansol/ros2_ws/install/Darknet/share/darknet/DarknetTargets-release.cmake
[2.066s] -- Up-to-date: /home/hansol/ros2_ws/install/Darknet/share/darknet/DarknetConfig.cmake
[2.067s] -- Up-to-date: /home/hansol/ros2_ws/install/Darknet/share/darknet/DarknetConfigVersion.cmake
[2.069s] Invoked command in '/home/hansol/ros2_ws/build/Darknet' returned '0': /usr/local/bin/cmake --install /home/hansol/ros2_ws/build/Darknet
