[0.104s] Invoking command in '/home/hansol/ros2_ws/build/Darknet': /usr/local/bin/cmake --build /home/hansol/ros2_ws/build/Darknet -- -j4 -l4
[0.120s] Change Dir: '/home/hansol/ros2_ws/build/Darknet'
[0.120s] 
[0.121s] Run Build Command(s): /usr/local/bin/cmake -E env VERBOSE=1 /usr/bin/make -f Makefile -j4 -l4
[0.145s] /usr/local/bin/cmake -S/home/hansol/ros2_ws/src/darknet_ros/darknet -B/home/hansol/ros2_ws/build/Darknet --check-build-system CMakeFiles/Makefile.cmake 0
[0.165s] /usr/local/bin/cmake -E cmake_progress_start /home/hansol/ros2_ws/build/Darknet/CMakeFiles /home/hansol/ros2_ws/build/Darknet//CMakeFiles/progress.marks
[0.186s] /usr/bin/make  -f CMakeFiles/Makefile2 all
[0.192s] make[1]: Entering directory '/home/hansol/ros2_ws/build/Darknet'
[0.193s] /usr/bin/make  -f CMakeFiles/dark.dir/build.make CMakeFiles/dark.dir/depend
[0.194s] /usr/bin/make  -f CMakeFiles/darknet.dir/build.make CMakeFiles/darknet.dir/depend
[0.297s] make[2]: Entering directory '/home/hansol/ros2_ws/build/Darknet'
[0.303s] cd /home/hansol/ros2_ws/build/Darknet && /usr/local/bin/cmake -E cmake_depends "Unix Makefiles" /home/hansol/ros2_ws/src/darknet_ros/darknet /home/hansol/ros2_ws/src/darknet_ros/darknet /home/hansol/ros2_ws/build/Darknet /home/hansol/ros2_ws/build/Darknet /home/hansol/ros2_ws/build/Darknet/CMakeFiles/darknet.dir/DependInfo.cmake "--color="
[0.313s] make[2]: Entering directory '/home/hansol/ros2_ws/build/Darknet'
[0.314s] cd /home/hansol/ros2_ws/build/Darknet && /usr/local/bin/cmake -E cmake_depends "Unix Makefiles" /home/hansol/ros2_ws/src/darknet_ros/darknet /home/hansol/ros2_ws/src/darknet_ros/darknet /home/hansol/ros2_ws/build/Darknet /home/hansol/ros2_ws/build/Darknet /home/hansol/ros2_ws/build/Darknet/CMakeFiles/dark.dir/DependInfo.cmake "--color="
[0.357s] make[2]: Leaving directory '/home/hansol/ros2_ws/build/Darknet'
[0.359s] /usr/bin/make  -f CMakeFiles/dark.dir/build.make CMakeFiles/dark.dir/build
[0.368s] make[2]: Leaving directory '/home/hansol/ros2_ws/build/Darknet'
[0.370s] /usr/bin/make  -f CMakeFiles/darknet.dir/build.make CMakeFiles/darknet.dir/build
[0.440s] make[2]: Entering directory '/home/hansol/ros2_ws/build/Darknet'
[0.441s] make[2]: Nothing to be done for 'CMakeFiles/dark.dir/build'.
[0.442s] make[2]: Leaving directory '/home/hansol/ros2_ws/build/Darknet'
[0.454s] make[2]: Entering directory '/home/hansol/ros2_ws/build/Darknet'
[0.458s] make[2]: Nothing to be done for 'CMakeFiles/darknet.dir/build'.
[0.459s] make[2]: Leaving directory '/home/hansol/ros2_ws/build/Darknet'
[0.460s] [ 49%] Built target dark
[0.463s] /usr/bin/make  -f CMakeFiles/uselib_track.dir/build.make CMakeFiles/uselib_track.dir/depend
[0.464s] /usr/bin/make  -f CMakeFiles/uselib.dir/build.make CMakeFiles/uselib.dir/depend
[0.471s] make[2]: Entering directory '/home/hansol/ros2_ws/build/Darknet'
[0.475s] cd /home/hansol/ros2_ws/build/Darknet && /usr/local/bin/cmake -E cmake_depends "Unix Makefiles" /home/hansol/ros2_ws/src/darknet_ros/darknet /home/hansol/ros2_ws/src/darknet_ros/darknet /home/hansol/ros2_ws/build/Darknet /home/hansol/ros2_ws/build/Darknet /home/hansol/ros2_ws/build/Darknet/CMakeFiles/uselib_track.dir/DependInfo.cmake "--color="
[0.480s] make[2]: Entering directory '/home/hansol/ros2_ws/build/Darknet'
[0.481s] cd /home/hansol/ros2_ws/build/Darknet && /usr/local/bin/cmake -E cmake_depends "Unix Makefiles" /home/hansol/ros2_ws/src/darknet_ros/darknet /home/hansol/ros2_ws/src/darknet_ros/darknet /home/hansol/ros2_ws/build/Darknet /home/hansol/ros2_ws/build/Darknet /home/hansol/ros2_ws/build/Darknet/CMakeFiles/uselib.dir/DependInfo.cmake "--color="
[0.492s] make[2]: Leaving directory '/home/hansol/ros2_ws/build/Darknet'
[0.494s] /usr/bin/make  -f CMakeFiles/uselib_track.dir/build.make CMakeFiles/uselib_track.dir/build
[0.499s] make[2]: Leaving directory '/home/hansol/ros2_ws/build/Darknet'
[0.501s] /usr/bin/make  -f CMakeFiles/uselib.dir/build.make CMakeFiles/uselib.dir/build
[0.503s] [ 97%] Built target darknet
[0.517s] make[2]: Entering directory '/home/hansol/ros2_ws/build/Darknet'
[0.518s] make[2]: Nothing to be done for 'CMakeFiles/uselib_track.dir/build'.
[0.519s] make[2]: Leaving directory '/home/hansol/ros2_ws/build/Darknet'
[0.520s] make[2]: Entering directory '/home/hansol/ros2_ws/build/Darknet'
[0.521s] make[2]: Nothing to be done for 'CMakeFiles/uselib.dir/build'.
[0.522s] make[2]: Leaving directory '/home/hansol/ros2_ws/build/Darknet'
[0.538s] [ 98%] Built target uselib
[0.542s] [100%] Built target uselib_track
[0.544s] make[1]: Leaving directory '/home/hansol/ros2_ws/build/Darknet'
[0.546s] /usr/local/bin/cmake -E cmake_progress_start /home/hansol/ros2_ws/build/Darknet/CMakeFiles 0
[0.568s] 
[0.573s] Invoked command in '/home/hansol/ros2_ws/build/Darknet' returned '0': /usr/local/bin/cmake --build /home/hansol/ros2_ws/build/Darknet -- -j4 -l4
[1.599s] Invoking command in '/home/hansol/ros2_ws/build/Darknet': /usr/local/bin/cmake --install /home/hansol/ros2_ws/build/Darknet
[1.636s] -- Install configuration: "Release"
[1.638s] -- Up-to-date: /home/hansol/ros2_ws/src/darknet_ros/darknet/libdarknet.so
[1.639s] -- Up-to-date: /home/hansol/ros2_ws/install/Darknet/include/darknet/darknet.h
[1.640s] -- Up-to-date: /home/hansol/ros2_ws/install/Darknet/include/darknet/yolo_v2_class.hpp
[1.641s] -- Up-to-date: /home/hansol/ros2_ws/src/darknet_ros/darknet/uselib
[1.642s] -- Up-to-date: /home/hansol/ros2_ws/src/darknet_ros/darknet/darknet
[1.643s] -- Up-to-date: /home/hansol/ros2_ws/src/darknet_ros/darknet/uselib_track
[1.644s] -- Up-to-date: /home/hansol/ros2_ws/install/Darknet/share/darknet/DarknetTargets.cmake
[1.650s] -- Up-to-date: /home/hansol/ros2_ws/install/Darknet/share/darknet/DarknetTargets-release.cmake
[1.655s] -- Up-to-date: /home/hansol/ros2_ws/install/Darknet/share/darknet/DarknetConfig.cmake
[1.658s] -- Up-to-date: /home/hansol/ros2_ws/install/Darknet/share/darknet/DarknetConfigVersion.cmake
[1.661s] Invoked command in '/home/hansol/ros2_ws/build/Darknet' returned '0': /usr/local/bin/cmake --install /home/hansol/ros2_ws/build/Darknet
