-- Create Debug Build.
-- Found ament_cmake: 0.7.6 (/opt/ros/dashing/share/ament_cmake/cmake)
-- Using PYTHON_EXECUTABLE: /usr/bin/python3
-- Override CMake install command with custom implementation using symlinks instead of copying resources
-- Found builtin_interfaces: 0.7.4 (/opt/ros/dashing/share/builtin_interfaces/cmake)
-- Found rosidl_adapter: 0.7.10 (/opt/ros/dashing/share/rosidl_adapter/cmake)
-- Found cv_bridge: 2.1.4 (/opt/ros/dashing/share/cv_bridge/cmake)
-- Found image_transport: 2.1.1 (/opt/ros/dashing/share/image_transport/cmake)
-- Found rmw_implementation_cmake: 0.7.2 (/opt/ros/dashing/share/rmw_implementation_cmake/cmake)
-- Using RMW implementation 'rmw_fastrtps_cpp' as default
-- Found tinyxml2_vendor:  (/opt/ros/dashing/share/tinyxml2_vendor/cmake)
-- Found poco_vendor:  (/opt/ros/dashing/share/poco_vendor/cmake)
-- Found librealsense2: 2.16.5 (/opt/ros/dashing/share/librealsense2/cmake)
-- Found realsense_camera_msgs: 2.0.4 (/home/hansol/ros2_ws/install/realsense_camera_msgs/share/realsense_camera_msgs/cmake)
-- Found tf2_ros: 0.11.6 (/opt/ros/dashing/share/tf2_ros/cmake)
-- Found ament_lint_auto: 0.7.12 (/opt/ros/dashing/share/ament_lint_auto/cmake)
-- Added test 'copyright' to check for copyright in CMake / C / C++ / Python code
-- Added test 'cppcheck' to perform static code analysis on C / C++ code
-- Configured cppcheck include dirs: /home/hansol/ros2_ws/src/ros2_intel_realsense/realsense_ros2_camera/include
-- Added test 'cpplint' to check C / C++ code against the Google style
-- Added test 'flake8' to check Python code syntax and style conventions
-- Added test 'lint_cmake' to check CMake code style
-- Added test 'pep257' to check Python code against some of the style conventions in PEP 257
-- Added test 'uncrustify' to check C / C++ code style
-- Added test 'xmllint' to check XML markup files
-- Configuring done (3.3s)
-- Generating done (0.1s)
-- Build files have been written to: /home/hansol/ros2_ws/build/realsense_ros2_camera
[ 50%] [32mBuilding CXX object CMakeFiles/realsense_ros2_camera.dir/src/realsense_camera_node.cpp.o[0m
[100%] [32m[1mLinking CXX executable realsense_ros2_camera[0m
[100%] Built target realsense_ros2_camera
-- Install configuration: ""
-- Execute custom install script
-- Symlinking: /home/hansol/ros2_ws/install/realsense_ros2_camera/bin/realsense_ros2_camera
-- Symlinking: /home/hansol/ros2_ws/install/realsense_ros2_camera/lib/realsense_ros2_camera/realsense_ros2_camera
-- Symlinking: /home/hansol/ros2_ws/install/realsense_ros2_camera/include/realsense_ros2_camera/constants.hpp
-- Symlinking: /home/hansol/ros2_ws/install/realsense_ros2_camera/share/realsense_ros2_camera//launch/default.rviz
-- Symlinking: /home/hansol/ros2_ws/install/realsense_ros2_camera/share/realsense_ros2_camera//launch/realsense2_to_laserscan.py
-- Symlinking: /home/hansol/ros2_ws/install/realsense_ros2_camera/share/realsense_ros2_camera//launch/ros2_intel_realsense.launch.py
-- Symlinking: /home/hansol/ros2_ws/install/realsense_ros2_camera/share/realsense_ros2_camera//launch/rs.launch.py
-- Symlinking: /home/hansol/ros2_ws/install/realsense_ros2_camera/share/ament_index/resource_index/package_run_dependencies/realsense_ros2_camera
-- Symlinking: /home/hansol/ros2_ws/install/realsense_ros2_camera/share/ament_index/resource_index/parent_prefix_path/realsense_ros2_camera
-- Symlinking: /home/hansol/ros2_ws/install/realsense_ros2_camera/share/realsense_ros2_camera/environment/ament_prefix_path.sh
-- Symlinking: /home/hansol/ros2_ws/install/realsense_ros2_camera/share/realsense_ros2_camera/environment/path.sh
-- Symlinking: /home/hansol/ros2_ws/install/realsense_ros2_camera/share/realsense_ros2_camera/local_setup.bash
-- Symlinking: /home/hansol/ros2_ws/install/realsense_ros2_camera/share/realsense_ros2_camera/local_setup.sh
-- Symlinking: /home/hansol/ros2_ws/install/realsense_ros2_camera/share/realsense_ros2_camera/local_setup.zsh
-- Symlinking: /home/hansol/ros2_ws/install/realsense_ros2_camera/share/ament_index/resource_index/packages/realsense_ros2_camera
-- Symlinking: /home/hansol/ros2_ws/install/realsense_ros2_camera/share/realsense_ros2_camera/cmake/realsense_ros2_cameraConfig.cmake
-- Symlinking: /home/hansol/ros2_ws/install/realsense_ros2_camera/share/realsense_ros2_camera/cmake/realsense_ros2_cameraConfig-version.cmake
-- Symlinking: /home/hansol/ros2_ws/install/realsense_ros2_camera/share/realsense_ros2_camera/package.xml
