[0.069s] Invoking command in '/home/hansol/ros2_ws/build/realsense_ros2_camera': CMAKE_PREFIX_PATH=/home/hansol/ros2_ws/install/realsense_camera_msgs:/home/hansol/ros2_ws/install/realsense_ros2_camera:/home/hansol/ros2_ws/install/darknet_ros:/home/hansol/ros2_ws/install/darknet_ros_msgs:/home/hansol/ros2_ws/install/Darknet:/opt/ros/dashing LD_LIBRARY_PATH=/home/hansol/ros2_ws/install/realsense_camera_msgs/lib:/home/hansol/ros2_ws/install/darknet_ros/lib:/home/hansol/ros2_ws/install/darknet_ros_msgs/lib:/opt/ros/dashing/lib:/usr/local/cuda-10.2/lib64 /usr/local/bin/cmake /home/hansol/ros2_ws/src/ros2_intel_realsense/realsense_ros2_camera -DAMENT_CMAKE_SYMLINK_INSTALL=1 -DCMAKE_INSTALL_PREFIX=/home/hansol/ros2_ws/install/realsense_ros2_camera
[0.137s] -- Create Debug Build.
[0.138s] -- Found ament_cmake: 0.7.6 (/opt/ros/dashing/share/ament_cmake/cmake)
[0.146s] [33mCMake Warning (dev) at /opt/ros/dashing/share/ament_cmake_core/cmake/core/python.cmake:22 (find_package):
[0.148s]   Policy CMP0148 is not set: The FindPythonInterp and FindPythonLibs modules
[0.148s]   are removed.  Run "cmake --help-policy CMP0148" for policy details.  Use
[0.149s]   the cmake_policy command to set the policy and suppress this warning.
[0.150s] 
[0.151s] Call Stack (most recent call first):
[0.152s]   /opt/ros/dashing/share/ament_cmake_core/cmake/core/all.cmake:53 (include)
[0.153s]   /opt/ros/dashing/share/ament_cmake_core/cmake/ament_cmake_core-extras.cmake:17 (include)
[0.154s]   /opt/ros/dashing/share/ament_cmake_core/cmake/ament_cmake_coreConfig.cmake:38 (include)
[0.155s]   /opt/ros/dashing/share/ament_cmake/cmake/ament_cmake_export_dependencies-extras.cmake:15 (find_package)
[0.156s]   /opt/ros/dashing/share/ament_cmake/cmake/ament_cmakeConfig.cmake:38 (include)
[0.156s]   CMakeLists.txt:61 (find_package)
[0.157s] This warning is for project developers.  Use -Wno-dev to suppress it.
[0.158s] [0m
[0.306s] -- Using PYTHON_EXECUTABLE: /usr/bin/python3
[1.614s] -- Override CMake install command with custom implementation using symlinks instead of copying resources
[1.643s] -- Found builtin_interfaces: 0.7.4 (/opt/ros/dashing/share/builtin_interfaces/cmake)
[1.682s] -- Found rosidl_adapter: 0.7.10 (/opt/ros/dashing/share/rosidl_adapter/cmake)
[1.799s] -- Found cv_bridge: 2.1.4 (/opt/ros/dashing/share/cv_bridge/cmake)
[1.806s] [33mCMake Warning (dev) at /usr/lib/aarch64-linux-gnu/cmake/opencv4/OpenCVConfig.cmake:86 (find_package):
[1.807s]   Policy CMP0146 is not set: The FindCUDA module is removed.  Run "cmake
[1.807s]   --help-policy CMP0146" for policy details.  Use the cmake_policy command to
[1.808s]   set the policy and suppress this warning.
[1.809s] 
[1.810s] Call Stack (most recent call first):
[1.810s]   /usr/lib/aarch64-linux-gnu/cmake/opencv4/OpenCVConfig.cmake:108 (find_host_package)
[1.812s]   /opt/ros/dashing/share/cv_bridge/cmake/ament_cmake_export_dependencies-extras.cmake:21 (find_package)
[1.812s]   /opt/ros/dashing/share/cv_bridge/cmake/cv_bridgeConfig.cmake:38 (include)
[1.813s]   CMakeLists.txt:63 (find_package)
[1.813s] This warning is for project developers.  Use -Wno-dev to suppress it.
[1.815s] [0m
[1.944s] -- Found image_transport: 2.1.1 (/opt/ros/dashing/share/image_transport/cmake)
[1.999s] -- Found rmw_implementation_cmake: 0.7.2 (/opt/ros/dashing/share/rmw_implementation_cmake/cmake)
[2.005s] -- Using RMW implementation 'rmw_fastrtps_cpp' as default
[2.267s] -- Found tinyxml2_vendor:  (/opt/ros/dashing/share/tinyxml2_vendor/cmake)
[2.330s] -- Found poco_vendor:  (/opt/ros/dashing/share/poco_vendor/cmake)
[2.362s] -- Found librealsense2: 2.16.5 (/opt/ros/dashing/share/librealsense2/cmake)
[2.370s] -- Found realsense_camera_msgs: 2.0.4 (/home/hansol/ros2_ws/install/realsense_camera_msgs/share/realsense_camera_msgs/cmake)
[2.399s] -- Found tf2_ros: 0.11.6 (/opt/ros/dashing/share/tf2_ros/cmake)
[2.932s] -- Found ament_lint_auto: 0.7.12 (/opt/ros/dashing/share/ament_lint_auto/cmake)
[3.409s] -- Added test 'copyright' to check for copyright in CMake / C / C++ / Python code
[3.417s] -- Added test 'cppcheck' to perform static code analysis on C / C++ code
[3.418s] -- Configured cppcheck include dirs: /home/hansol/ros2_ws/src/ros2_intel_realsense/realsense_ros2_camera/include
[3.425s] -- Added test 'cpplint' to check C / C++ code against the Google style
[3.427s] -- Added test 'flake8' to check Python code syntax and style conventions
[3.430s] -- Added test 'lint_cmake' to check CMake code style
[3.432s] -- Added test 'pep257' to check Python code against some of the style conventions in PEP 257
[3.439s] -- Added test 'uncrustify' to check C / C++ code style
[3.441s] -- Added test 'xmllint' to check XML markup files
[3.446s] -- Configuring done (3.3s)
[3.572s] -- Generating done (0.1s)
[3.574s] -- Build files have been written to: /home/hansol/ros2_ws/build/realsense_ros2_camera
[3.642s] Invoked command in '/home/hansol/ros2_ws/build/realsense_ros2_camera' returned '0': CMAKE_PREFIX_PATH=/home/hansol/ros2_ws/install/realsense_camera_msgs:/home/hansol/ros2_ws/install/realsense_ros2_camera:/home/hansol/ros2_ws/install/darknet_ros:/home/hansol/ros2_ws/install/darknet_ros_msgs:/home/hansol/ros2_ws/install/Darknet:/opt/ros/dashing LD_LIBRARY_PATH=/home/hansol/ros2_ws/install/realsense_camera_msgs/lib:/home/hansol/ros2_ws/install/darknet_ros/lib:/home/hansol/ros2_ws/install/darknet_ros_msgs/lib:/opt/ros/dashing/lib:/usr/local/cuda-10.2/lib64 /usr/local/bin/cmake /home/hansol/ros2_ws/src/ros2_intel_realsense/realsense_ros2_camera -DAMENT_CMAKE_SYMLINK_INSTALL=1 -DCMAKE_INSTALL_PREFIX=/home/hansol/ros2_ws/install/realsense_ros2_camera
[3.663s] Invoking command in '/home/hansol/ros2_ws/build/realsense_ros2_camera': CMAKE_PREFIX_PATH=/home/hansol/ros2_ws/install/realsense_camera_msgs:/home/hansol/ros2_ws/install/realsense_ros2_camera:/home/hansol/ros2_ws/install/darknet_ros:/home/hansol/ros2_ws/install/darknet_ros_msgs:/home/hansol/ros2_ws/install/Darknet:/opt/ros/dashing LD_LIBRARY_PATH=/home/hansol/ros2_ws/install/realsense_camera_msgs/lib:/home/hansol/ros2_ws/install/darknet_ros/lib:/home/hansol/ros2_ws/install/darknet_ros_msgs/lib:/opt/ros/dashing/lib:/usr/local/cuda-10.2/lib64 /usr/local/bin/cmake --build /home/hansol/ros2_ws/build/realsense_ros2_camera -- -j4 -l4
[3.815s] [ 50%] [32mBuilding CXX object CMakeFiles/realsense_ros2_camera.dir/src/realsense_camera_node.cpp.o[0m
[12.452s] In file included from [01m[K/opt/ros/dashing/include/librealsense2/hpp/rs_sensor.hpp:8:0[m[K,
[12.455s]                  from [01m[K/opt/ros/dashing/include/librealsense2/hpp/rs_device.hpp:8[m[K,
[12.457s]                  from [01m[K/opt/ros/dashing/include/librealsense2/hpp/rs_record_playback.hpp:8[m[K,
[12.459s]                  from [01m[K/opt/ros/dashing/include/librealsense2/hpp/rs_context.hpp:8[m[K,
[12.460s]                  from [01m[K/opt/ros/dashing/include/librealsense2/rs.hpp:9[m[K,
[12.461s]                  from [01m[K/home/hansol/ros2_ws/src/ros2_intel_realsense/realsense_ros2_camera/src/realsense_camera_node.cpp:34[m[K:
[12.461s] [01m[K/opt/ros/dashing/include/librealsense2/hpp/rs_frame.hpp:[m[K In lambda function:
[12.462s] [01m[K/opt/ros/dashing/include/librealsense2/hpp/rs_frame.hpp:932:120:[m[K [01;35m[Kwarning: [m[Kcomparison between signed and unsigned integer expressions [[01;35m[K-Wsign-compare[m[K]
[12.463s]  me.get_profile().stream_type() == RS2_STREAM_INFRARED && [01;35m[Kframe.get_profile().stream_index() == index[m[K)
[12.464s]                                                           [01;35m[K~~~~~~~~~~~~~~~~~~~~~~~~~~~~~~~~~~~^~~~~~~~[m[K
[12.761s] In file included from [01m[K/opt/ros/dashing/include/librealsense2/hpp/rs_context.hpp:9:0[m[K,
[12.764s]                  from [01m[K/opt/ros/dashing/include/librealsense2/rs.hpp:9[m[K,
[12.766s]                  from [01m[K/home/hansol/ros2_ws/src/ros2_intel_realsense/realsense_ros2_camera/src/realsense_camera_node.cpp:34[m[K:
[12.766s] [01m[K/opt/ros/dashing/include/librealsense2/hpp/rs_processing.hpp:[m[K In constructor ‘[01m[Krs2::processing_block::processing_block(std::shared_ptr<rs2_processing_block>)[m[K’:
[12.767s] [01m[K/opt/ros/dashing/include/librealsense2/hpp/rs_processing.hpp:295:47:[m[K [01;35m[Kwarning: [m[K‘[01m[Krs2::processing_block::_block[m[K’ will be initialized after [[01;35m[K-Wreorder[m[K]
[12.768s]          std::shared_ptr<rs2_processing_block> [01;35m[K_block[m[K;
[12.768s]                                                [01;35m[K^~~~~~[m[K
[12.769s] [01m[K/opt/ros/dashing/include/librealsense2/hpp/rs_processing.hpp:265:63:[m[K [01;35m[Kwarning: [m[K  base ‘[01m[Krs2::options[m[K’ [[01;35m[K-Wreorder[m[K]
[12.770s]              : _block(block), options((rs2_options*)block.get()[01;35m[K)[m[K
[12.772s]                                                                [01;35m[K^[m[K
[12.772s] [01m[K/opt/ros/dashing/include/librealsense2/hpp/rs_processing.hpp:264:9:[m[K [01;35m[Kwarning: [m[K  when initialized here [[01;35m[K-Wreorder[m[K]
[12.774s]          [01;35m[Kprocessing_block[m[K(std::shared_ptr<rs2_processing_block> block)
[12.774s]          [01;35m[K^~~~~~~~~~~~~~~~[m[K
[12.776s] [01m[K/opt/ros/dashing/include/librealsense2/hpp/rs_processing.hpp:[m[K In constructor ‘[01m[Krs2::processing_block::processing_block(std::shared_ptr<rs2_processing_block>, int)[m[K’:
[12.776s] [01m[K/opt/ros/dashing/include/librealsense2/hpp/rs_processing.hpp:296:21:[m[K [01;35m[Kwarning: [m[K‘[01m[Krs2::processing_block::_queue[m[K’ will be initialized after [[01;35m[K-Wreorder[m[K]
[12.777s]          frame_queue [01;35m[K_queue[m[K;
[12.778s]                      [01;35m[K^~~~~~[m[K
[12.778s] [01m[K/opt/ros/dashing/include/librealsense2/hpp/rs_processing.hpp:290:83:[m[K [01;35m[Kwarning: [m[K  base ‘[01m[Krs2::options[m[K’ [[01;35m[K-Wreorder[m[K]
[12.779s]              : _block(block), _queue(queue_size), options((rs2_options*)block.get()[01;35m[K)[m[K
[12.780s]                                                                                    [01;35m[K^[m[K
[12.780s] [01m[K/opt/ros/dashing/include/librealsense2/hpp/rs_processing.hpp:289:9:[m[K [01;35m[Kwarning: [m[K  when initialized here [[01;35m[K-Wreorder[m[K]
[12.781s]          [01;35m[Kprocessing_block[m[K(std::shared_ptr<rs2_processing_block> block, int queue_size)
[12.782s]          [01;35m[K^~~~~~~~~~~~~~~~[m[K
[22.113s] In file included from [01m[K/home/hansol/ros2_ws/src/ros2_intel_realsense/realsense_ros2_camera/src/realsense_camera_node.cpp:35:0[m[K:
[22.114s] [01m[K/opt/ros/dashing/include/librealsense2/rsutil.h:[m[K At global scope:
[22.115s] [01m[K/opt/ros/dashing/include/librealsense2/rsutil.h:116:13:[m[K [01;35m[Kwarning: [m[K‘[01m[Kvoid rs2_project_color_pixel_to_depth_pixel(float*, const uint16_t*, float, float, float, const rs2_intrinsics*, const rs2_intrinsics*, const rs2_extrinsics*, const rs2_extrinsics*, const float*)[m[K’ defined but not used [[01;35m[K-Wunused-function[m[K]
[22.116s]  static void [01;35m[Krs2_project_color_pixel_to_depth_pixel[m[K(float to_pixel[2],
[22.116s]              [01;35m[K^~~~~~~~~~~~~~~~~~~~~~~~~~~~~~~~~~~~~~[m[K
[22.117s] [01m[K/opt/ros/dashing/include/librealsense2/rsutil.h:80:13:[m[K [01;35m[Kwarning: [m[K‘[01m[Kvoid rs2_fov(const rs2_intrinsics*, float*)[m[K’ defined but not used [[01;35m[K-Wunused-function[m[K]
[22.118s]  static void [01;35m[Krs2_fov[m[K(const struct rs2_intrinsics * intrin, float to_fov[2])
[22.119s]              [01;35m[K^~~~~~~[m[K
[35.601s] [100%] [32m[1mLinking CXX executable realsense_ros2_camera[0m
[39.492s] /usr/bin/ld: warning: libopencv_imgcodecs.so.3.2, needed by /opt/ros/dashing/lib/libcv_bridge.so, may conflict with libopencv_imgcodecs.so.4.5
[39.493s] /usr/bin/ld: warning: libopencv_core.so.3.2, needed by /opt/ros/dashing/lib/libcv_bridge.so, may conflict with libopencv_core.so.4.5
[39.509s] [100%] Built target realsense_ros2_camera
[39.529s] Invoked command in '/home/hansol/ros2_ws/build/realsense_ros2_camera' returned '0': CMAKE_PREFIX_PATH=/home/hansol/ros2_ws/install/realsense_camera_msgs:/home/hansol/ros2_ws/install/realsense_ros2_camera:/home/hansol/ros2_ws/install/darknet_ros:/home/hansol/ros2_ws/install/darknet_ros_msgs:/home/hansol/ros2_ws/install/Darknet:/opt/ros/dashing LD_LIBRARY_PATH=/home/hansol/ros2_ws/install/realsense_camera_msgs/lib:/home/hansol/ros2_ws/install/darknet_ros/lib:/home/hansol/ros2_ws/install/darknet_ros_msgs/lib:/opt/ros/dashing/lib:/usr/local/cuda-10.2/lib64 /usr/local/bin/cmake --build /home/hansol/ros2_ws/build/realsense_ros2_camera -- -j4 -l4
[39.647s] Invoking command in '/home/hansol/ros2_ws/build/realsense_ros2_camera': CMAKE_PREFIX_PATH=/home/hansol/ros2_ws/install/realsense_camera_msgs:/home/hansol/ros2_ws/install/realsense_ros2_camera:/home/hansol/ros2_ws/install/darknet_ros:/home/hansol/ros2_ws/install/darknet_ros_msgs:/home/hansol/ros2_ws/install/Darknet:/opt/ros/dashing LD_LIBRARY_PATH=/home/hansol/ros2_ws/install/realsense_camera_msgs/lib:/home/hansol/ros2_ws/install/darknet_ros/lib:/home/hansol/ros2_ws/install/darknet_ros_msgs/lib:/opt/ros/dashing/lib:/usr/local/cuda-10.2/lib64 /usr/local/bin/cmake --install /home/hansol/ros2_ws/build/realsense_ros2_camera
[39.684s] -- Install configuration: ""
[39.687s] -- Execute custom install script
[39.688s] -- Symlinking: /home/hansol/ros2_ws/install/realsense_ros2_camera/bin/realsense_ros2_camera
[39.706s] -- Symlinking: /home/hansol/ros2_ws/install/realsense_ros2_camera/lib/realsense_ros2_camera/realsense_ros2_camera
[39.722s] -- Symlinking: /home/hansol/ros2_ws/install/realsense_ros2_camera/include/realsense_ros2_camera/constants.hpp
[39.738s] -- Symlinking: /home/hansol/ros2_ws/install/realsense_ros2_camera/share/realsense_ros2_camera//launch/default.rviz
[39.755s] -- Symlinking: /home/hansol/ros2_ws/install/realsense_ros2_camera/share/realsense_ros2_camera//launch/realsense2_to_laserscan.py
[39.770s] -- Symlinking: /home/hansol/ros2_ws/install/realsense_ros2_camera/share/realsense_ros2_camera//launch/ros2_intel_realsense.launch.py
[39.783s] -- Symlinking: /home/hansol/ros2_ws/install/realsense_ros2_camera/share/realsense_ros2_camera//launch/rs.launch.py
[39.801s] -- Symlinking: /home/hansol/ros2_ws/install/realsense_ros2_camera/share/ament_index/resource_index/package_run_dependencies/realsense_ros2_camera
[39.814s] -- Symlinking: /home/hansol/ros2_ws/install/realsense_ros2_camera/share/ament_index/resource_index/parent_prefix_path/realsense_ros2_camera
[39.832s] -- Symlinking: /home/hansol/ros2_ws/install/realsense_ros2_camera/share/realsense_ros2_camera/environment/ament_prefix_path.sh
[39.848s] -- Symlinking: /home/hansol/ros2_ws/install/realsense_ros2_camera/share/realsense_ros2_camera/environment/path.sh
[39.863s] -- Symlinking: /home/hansol/ros2_ws/install/realsense_ros2_camera/share/realsense_ros2_camera/local_setup.bash
[39.876s] -- Symlinking: /home/hansol/ros2_ws/install/realsense_ros2_camera/share/realsense_ros2_camera/local_setup.sh
[39.890s] -- Symlinking: /home/hansol/ros2_ws/install/realsense_ros2_camera/share/realsense_ros2_camera/local_setup.zsh
[39.904s] -- Symlinking: /home/hansol/ros2_ws/install/realsense_ros2_camera/share/ament_index/resource_index/packages/realsense_ros2_camera
[39.918s] -- Symlinking: /home/hansol/ros2_ws/install/realsense_ros2_camera/share/realsense_ros2_camera/cmake/realsense_ros2_cameraConfig.cmake
[39.931s] -- Symlinking: /home/hansol/ros2_ws/install/realsense_ros2_camera/share/realsense_ros2_camera/cmake/realsense_ros2_cameraConfig-version.cmake
[39.945s] -- Symlinking: /home/hansol/ros2_ws/install/realsense_ros2_camera/share/realsense_ros2_camera/package.xml
[39.968s] Invoked command in '/home/hansol/ros2_ws/build/realsense_ros2_camera' returned '0': CMAKE_PREFIX_PATH=/home/hansol/ros2_ws/install/realsense_camera_msgs:/home/hansol/ros2_ws/install/realsense_ros2_camera:/home/hansol/ros2_ws/install/darknet_ros:/home/hansol/ros2_ws/install/darknet_ros_msgs:/home/hansol/ros2_ws/install/Darknet:/opt/ros/dashing LD_LIBRARY_PATH=/home/hansol/ros2_ws/install/realsense_camera_msgs/lib:/home/hansol/ros2_ws/install/darknet_ros/lib:/home/hansol/ros2_ws/install/darknet_ros_msgs/lib:/opt/ros/dashing/lib:/usr/local/cuda-10.2/lib64 /usr/local/bin/cmake --install /home/hansol/ros2_ws/build/realsense_ros2_camera
