[0.126s] Invoking command in '/home/hansol/ros2_ws/build/darknet_ros': CMAKE_PREFIX_PATH=/home/hansol/ros2_ws/install/darknet_ros_msgs:/home/hansol/ros2_ws/install/realsense_ros2_camera:/home/hansol/ros2_ws/install/realsense_camera_msgs:/home/hansol/ros2_ws/install/darknet_ros:/home/hansol/ros2_ws/install/Darknet:/opt/ros/dashing LD_LIBRARY_PATH=/home/hansol/ros2_ws/install/darknet_ros_msgs/lib:/home/hansol/ros2_ws/install/realsense_camera_msgs/lib:/home/hansol/ros2_ws/install/darknet_ros/lib:/opt/ros/dashing/lib:/usr/local/cuda-10.2/lib64 PYTHONPATH=/home/hansol/ros2_ws/install/darknet_ros_msgs/lib/python3.6/site-packages:/home/hansol/ros2_ws/install/realsense_camera_msgs/lib/python3.6/site-packages:/opt/ros/dashing/lib/python3.6/site-packages /usr/local/bin/cmake --build /home/hansol/ros2_ws/build/darknet_ros -- -j4 -l4
[0.648s] [  1%] [32mBuilding CXX object CMakeFiles/darknet_ros_lib.dir/src/YoloObjectDetector.cpp.o[0m
[0.649s] [  2%] [32mBuilding CXX object CMakeFiles/darknet_ros_lib.dir/src/yolo_object_detector_node.cpp.o[0m
[12.325s] [01m[K/home/hansol/ros2_ws/src/darknet_ros/darknet_ros/src/YoloObjectDetector.cpp:[m[K In member function ‘[01m[Kvoid darknet_ros::YoloObjectDetector::init()[m[K’:
[12.326s] [01m[K/home/hansol/ros2_ws/src/darknet_ros/darknet_ros/src/YoloObjectDetector.cpp:191:75:[m[K [01;31m[Kerror: [m[Kno matching function for call to ‘[01m[Kimage_transport::ImageTransport::subscribe(std::__cxx11::string&, int&, std::_Bind_helper<false, void (darknet_ros::YoloObjectDetector::*)(const std::shared_ptr<const sensor_msgs::msg::CompressedImage_<std::allocator<void> > >&), darknet_ros::YoloObjectDetector*, const std::_Placeholder<1>&>::type, const char [11])[m[K’
[12.327s]  :bind(&YoloObjectDetector::cameraCallback, this, _1), "compressed"[01;31m[K)[m[K;
[12.328s]                                                                    [01;31m[K^[m[K
[12.329s] In file included from [01m[K/home/hansol/ros2_ws/src/darknet_ros/darknet_ros/include/darknet_ros/YoloObjectDetector.hpp:30:0[m[K,
[12.330s]                  from [01m[K/home/hansol/ros2_ws/src/darknet_ros/darknet_ros/src/YoloObjectDetector.cpp:10[m[K:
[12.330s] [01m[K/opt/ros/dashing/include/image_transport/image_transport.h:141:14:[m[K [01;36m[Knote: [m[Kcandidate: image_transport::Subscriber image_transport::ImageTransport::subscribe(const string&, uint32_t, const Callback&, const VoidPtr&, const image_transport::TransportHints*)
[12.331s]    Subscriber [01;36m[Ksubscribe[m[K(
[12.332s]               [01;36m[K^~~~~~~~~[m[K
[12.333s] [01m[K/opt/ros/dashing/include/image_transport/image_transport.h:141:14:[m[K [01;36m[Knote: [m[K  no known conversion for argument 3 from ‘[01m[Kstd::_Bind_helper<false, void (darknet_ros::YoloObjectDetector::*)(const std::shared_ptr<const sensor_msgs::msg::CompressedImage_<std::allocator<void> > >&), darknet_ros::YoloObjectDetector*, const std::_Placeholder<1>&>::type {aka std::_Bind<void (darknet_ros::YoloObjectDetector::*(darknet_ros::YoloObjectDetector*, std::_Placeholder<1>))(const std::shared_ptr<const sensor_msgs::msg::CompressedImage_<std::allocator<void> > >&)>}[m[K’ to ‘[01m[Kconst Callback& {aka const std::function<void(const std::shared_ptr<const sensor_msgs::msg::Image_<std::allocator<void> > >&)>&}[m[K’
[12.342s] [01m[K/opt/ros/dashing/include/image_transport/image_transport.h:151:14:[m[K [01;36m[Knote: [m[Kcandidate: image_transport::Subscriber image_transport::ImageTransport::subscribe(const string&, uint32_t, void (*)(const ImageConstPtr&), const image_transport::TransportHints*)
[12.343s]    Subscriber [01;36m[Ksubscribe[m[K(
[12.344s]               [01;36m[K^~~~~~~~~[m[K
[12.345s] [01m[K/opt/ros/dashing/include/image_transport/image_transport.h:151:14:[m[K [01;36m[Knote: [m[K  no known conversion for argument 3 from ‘[01m[Kstd::_Bind_helper<false, void (darknet_ros::YoloObjectDetector::*)(const std::shared_ptr<const sensor_msgs::msg::CompressedImage_<std::allocator<void> > >&), darknet_ros::YoloObjectDetector*, const std::_Placeholder<1>&>::type {aka std::_Bind<void (darknet_ros::YoloObjectDetector::*(darknet_ros::YoloObjectDetector*, std::_Placeholder<1>))(const std::shared_ptr<const sensor_msgs::msg::CompressedImage_<std::allocator<void> > >&)>}[m[K’ to ‘[01m[Kvoid (*)(const ImageConstPtr&) {aka void (*)(const std::shared_ptr<const sensor_msgs::msg::Image_<std::allocator<void> > >&)}[m[K’
[12.346s] [01m[K/opt/ros/dashing/include/image_transport/image_transport.h:165:14:[m[K [01;36m[Knote: [m[Kcandidate: template<class T> image_transport::Subscriber image_transport::ImageTransport::subscribe(const string&, uint32_t, void (T::*)(const ImageConstPtr&), T*, const image_transport::TransportHints*)
[12.347s]    Subscriber [01;36m[Ksubscribe[m[K(
[12.348s]               [01;36m[K^~~~~~~~~[m[K
[12.349s] [01m[K/opt/ros/dashing/include/image_transport/image_transport.h:165:14:[m[K [01;36m[Knote: [m[K  template argument deduction/substitution failed:
[12.350s] [01m[K/home/hansol/ros2_ws/src/darknet_ros/darknet_ros/src/YoloObjectDetector.cpp:191:75:[m[K [01;36m[Knote: [m[K  mismatched types ‘[01m[Kvoid (T::*)(const ImageConstPtr&)[m[K’ and ‘[01m[Kstd::_Bind<void (darknet_ros::YoloObjectDetector::*(darknet_ros::YoloObjectDetector*, std::_Placeholder<1>))(const std::shared_ptr<const sensor_msgs::msg::CompressedImage_<std::allocator<void> > >&)>[m[K’
[12.351s]  :bind(&YoloObjectDetector::cameraCallback, this, _1), "compressed"[01;36m[K)[m[K;
[12.352s]                                                                    [01;36m[K^[m[K
[12.352s] In file included from [01m[K/home/hansol/ros2_ws/src/darknet_ros/darknet_ros/include/darknet_ros/YoloObjectDetector.hpp:30:0[m[K,
[12.353s]                  from [01m[K/home/hansol/ros2_ws/src/darknet_ros/darknet_ros/src/YoloObjectDetector.cpp:10[m[K:
[12.354s] [01m[K/opt/ros/dashing/include/image_transport/image_transport.h:178:14:[m[K [01;36m[Knote: [m[Kcandidate: template<class T> image_transport::Subscriber image_transport::ImageTransport::subscribe(const string&, uint32_t, void (T::*)(const ImageConstPtr&), const std::shared_ptr<_Tp>&, const image_transport::TransportHints*)
[12.355s]    Subscriber [01;36m[Ksubscribe[m[K(
[12.356s]               [01;36m[K^~~~~~~~~[m[K
[12.357s] [01m[K/opt/ros/dashing/include/image_transport/image_transport.h:178:14:[m[K [01;36m[Knote: [m[K  template argument deduction/substitution failed:
[12.358s] [01m[K/home/hansol/ros2_ws/src/darknet_ros/darknet_ros/src/YoloObjectDetector.cpp:191:75:[m[K [01;36m[Knote: [m[K  mismatched types ‘[01m[Kvoid (T::*)(const ImageConstPtr&)[m[K’ and ‘[01m[Kstd::_Bind<void (darknet_ros::YoloObjectDetector::*(darknet_ros::YoloObjectDetector*, std::_Placeholder<1>))(const std::shared_ptr<const sensor_msgs::msg::CompressedImage_<std::allocator<void> > >&)>[m[K’
[12.359s]  :bind(&YoloObjectDetector::cameraCallback, this, _1), "compressed"[01;36m[K)[m[K;
[12.360s]                                                                    [01;36m[K^[m[K
[21.600s] CMakeFiles/darknet_ros_lib.dir/build.make:2370: recipe for target 'CMakeFiles/darknet_ros_lib.dir/src/YoloObjectDetector.cpp.o' failed
[21.602s] make[2]: *** [CMakeFiles/darknet_ros_lib.dir/src/YoloObjectDetector.cpp.o] Error 1
[21.603s] CMakeFiles/Makefile2:111: recipe for target 'CMakeFiles/darknet_ros_lib.dir/all' failed
[21.604s] make[1]: *** [CMakeFiles/darknet_ros_lib.dir/all] Error 2
[21.604s] make: *** [all] Error 2
[21.605s] Makefile:145: recipe for target 'all' failed
[21.610s] Invoked command in '/home/hansol/ros2_ws/build/darknet_ros' returned '2': CMAKE_PREFIX_PATH=/home/hansol/ros2_ws/install/darknet_ros_msgs:/home/hansol/ros2_ws/install/realsense_ros2_camera:/home/hansol/ros2_ws/install/realsense_camera_msgs:/home/hansol/ros2_ws/install/darknet_ros:/home/hansol/ros2_ws/install/Darknet:/opt/ros/dashing LD_LIBRARY_PATH=/home/hansol/ros2_ws/install/darknet_ros_msgs/lib:/home/hansol/ros2_ws/install/realsense_camera_msgs/lib:/home/hansol/ros2_ws/install/darknet_ros/lib:/opt/ros/dashing/lib:/usr/local/cuda-10.2/lib64 PYTHONPATH=/home/hansol/ros2_ws/install/darknet_ros_msgs/lib/python3.6/site-packages:/home/hansol/ros2_ws/install/realsense_camera_msgs/lib/python3.6/site-packages:/opt/ros/dashing/lib/python3.6/site-packages /usr/local/bin/cmake --build /home/hansol/ros2_ws/build/darknet_ros -- -j4 -l4
