[0.145s] Invoking command in '/home/hansol/ros2_ws/build/darknet_ros_msgs': CMAKE_PREFIX_PATH=${CMAKE_PREFIX_PATH}:/opt/ros/dashing /usr/local/bin/cmake --build /home/hansol/ros2_ws/build/darknet_ros_msgs -- -j4 -l4
[0.334s] [ 11%] Built target darknet_ros_msgs__rosidl_generator_c
[0.341s] [ 13%] Built target darknet_ros_msgs__cpp
[0.469s] [ 24%] Built target darknet_ros_msgs__rosidl_typesupport_fastrtps_cpp
[0.479s] [ 35%] Built target darknet_ros_msgs__rosidl_typesupport_introspection_c
[0.602s] [ 47%] Built target darknet_ros_msgs__rosidl_typesupport_introspection_cpp
[0.632s] [ 58%] Built target darknet_ros_msgs__rosidl_typesupport_fastrtps_c
[0.660s] [ 69%] Built target darknet_ros_msgs__rosidl_typesupport_cpp
[0.747s] [ 81%] Built target darknet_ros_msgs__rosidl_typesupport_c
[0.798s] [ 81%] Built target darknet_ros_msgs
[0.862s] [ 83%] Built target darknet_ros_msgs__py
[0.930s] [ 92%] Built target darknet_ros_msgs__python
[1.020s] [ 96%] Built target darknet_ros_msgs__rosidl_typesupport_fastrtps_c__pyext
[1.034s] [100%] Built target darknet_ros_msgs__rosidl_typesupport_c__pyext
[1.084s] Invoked command in '/home/hansol/ros2_ws/build/darknet_ros_msgs' returned '0': CMAKE_PREFIX_PATH=${CMAKE_PREFIX_PATH}:/opt/ros/dashing /usr/local/bin/cmake --build /home/hansol/ros2_ws/build/darknet_ros_msgs -- -j4 -l4
[1.693s] Invoking command in '/home/hansol/ros2_ws/build/darknet_ros_msgs': CMAKE_PREFIX_PATH=${CMAKE_PREFIX_PATH}:/opt/ros/dashing /usr/local/bin/cmake --install /home/hansol/ros2_ws/build/darknet_ros_msgs
[1.703s] -- Install configuration: ""
[1.704s] -- Execute custom install script
[1.706s] -- Up-to-date symlink: /home/hansol/ros2_ws/install/darknet_ros_msgs/share/ament_index/resource_index/rosidl_interfaces/darknet_ros_msgs
[1.707s] -- Up-to-date symlink: /home/hansol/ros2_ws/install/darknet_ros_msgs/include/darknet_ros_msgs/action/check_for_objects.hpp
[1.708s] -- Up-to-date symlink: /home/hansol/ros2_ws/install/darknet_ros_msgs/include/darknet_ros_msgs/action/check_for_objects__struct.hpp
[1.709s] -- Up-to-date symlink: /home/hansol/ros2_ws/install/darknet_ros_msgs/include/darknet_ros_msgs/action/check_for_objects__traits.hpp
[1.710s] -- Up-to-date symlink: /home/hansol/ros2_ws/install/darknet_ros_msgs/include/darknet_ros_msgs/msg/bounding_box.hpp
[1.711s] -- Up-to-date symlink: /home/hansol/ros2_ws/install/darknet_ros_msgs/include/darknet_ros_msgs/msg/bounding_box__struct.hpp
[1.711s] -- Up-to-date symlink: /home/hansol/ros2_ws/install/darknet_ros_msgs/include/darknet_ros_msgs/msg/bounding_box__traits.hpp
[1.717s] -- Up-to-date symlink: /home/hansol/ros2_ws/install/darknet_ros_msgs/include/darknet_ros_msgs/msg/bounding_boxes.hpp
[1.722s] -- Up-to-date symlink: /home/hansol/ros2_ws/install/darknet_ros_msgs/include/darknet_ros_msgs/msg/bounding_boxes__struct.hpp
[1.726s] -- Up-to-date symlink: /home/hansol/ros2_ws/install/darknet_ros_msgs/include/darknet_ros_msgs/msg/bounding_boxes__traits.hpp
[1.732s] -- Up-to-date symlink: /home/hansol/ros2_ws/install/darknet_ros_msgs/include/darknet_ros_msgs/msg/object_count.hpp
[1.734s] -- Up-to-date symlink: /home/hansol/ros2_ws/install/darknet_ros_msgs/include/darknet_ros_msgs/msg/object_count__struct.hpp
[1.735s] -- Up-to-date symlink: /home/hansol/ros2_ws/install/darknet_ros_msgs/include/darknet_ros_msgs/msg/object_count__traits.hpp
[1.736s] -- Up-to-date symlink: /home/hansol/ros2_ws/install/darknet_ros_msgs/include/darknet_ros_msgs/action/check_for_objects.h
[1.737s] -- Up-to-date symlink: /home/hansol/ros2_ws/install/darknet_ros_msgs/include/darknet_ros_msgs/action/check_for_objects__functions.h
[1.738s] -- Up-to-date symlink: /home/hansol/ros2_ws/install/darknet_ros_msgs/include/darknet_ros_msgs/action/check_for_objects__struct.h
[1.739s] -- Up-to-date symlink: /home/hansol/ros2_ws/install/darknet_ros_msgs/include/darknet_ros_msgs/action/check_for_objects__type_support.h
[1.740s] -- Up-to-date symlink: /home/hansol/ros2_ws/install/darknet_ros_msgs/include/darknet_ros_msgs/msg/bounding_box.h
[1.741s] -- Up-to-date symlink: /home/hansol/ros2_ws/install/darknet_ros_msgs/include/darknet_ros_msgs/msg/bounding_box__functions.h
[1.742s] -- Up-to-date symlink: /home/hansol/ros2_ws/install/darknet_ros_msgs/include/darknet_ros_msgs/msg/bounding_box__struct.h
[1.743s] -- Up-to-date symlink: /home/hansol/ros2_ws/install/darknet_ros_msgs/include/darknet_ros_msgs/msg/bounding_box__type_support.h
[1.744s] -- Up-to-date symlink: /home/hansol/ros2_ws/install/darknet_ros_msgs/include/darknet_ros_msgs/msg/bounding_boxes.h
[1.745s] -- Up-to-date symlink: /home/hansol/ros2_ws/install/darknet_ros_msgs/include/darknet_ros_msgs/msg/bounding_boxes__functions.h
[1.747s] -- Up-to-date symlink: /home/hansol/ros2_ws/install/darknet_ros_msgs/include/darknet_ros_msgs/msg/bounding_boxes__struct.h
[1.748s] -- Up-to-date symlink: /home/hansol/ros2_ws/install/darknet_ros_msgs/include/darknet_ros_msgs/msg/bounding_boxes__type_support.h
[1.749s] -- Up-to-date symlink: /home/hansol/ros2_ws/install/darknet_ros_msgs/include/darknet_ros_msgs/msg/object_count.h
[1.750s] -- Up-to-date symlink: /home/hansol/ros2_ws/install/darknet_ros_msgs/include/darknet_ros_msgs/msg/object_count__functions.h
[1.751s] -- Up-to-date symlink: /home/hansol/ros2_ws/install/darknet_ros_msgs/include/darknet_ros_msgs/msg/object_count__struct.h
[1.752s] -- Up-to-date symlink: /home/hansol/ros2_ws/install/darknet_ros_msgs/include/darknet_ros_msgs/msg/object_count__type_support.h
[1.753s] -- Up-to-date symlink: /home/hansol/ros2_ws/install/darknet_ros_msgs/include/darknet_ros_msgs/msg/rosidl_generator_c__visibility_control.h
[1.754s] -- Up-to-date symlink: /home/hansol/ros2_ws/install/darknet_ros_msgs/share/darknet_ros_msgs/environment/library_path.sh
[1.755s] -- Up-to-date symlink: /home/hansol/ros2_ws/install/darknet_ros_msgs/lib/libdarknet_ros_msgs__rosidl_generator_c.so
[1.756s] -- Up-to-date symlink: /home/hansol/ros2_ws/install/darknet_ros_msgs/lib/libdarknet_ros_msgs__rosidl_typesupport_c.so
[1.757s] -- Up-to-date symlink: /home/hansol/ros2_ws/install/darknet_ros_msgs/lib/libdarknet_ros_msgs__rosidl_typesupport_cpp.so
[1.758s] -- Up-to-date symlink: /home/hansol/ros2_ws/install/darknet_ros_msgs/include/darknet_ros_msgs/action/check_for_objects__rosidl_typesupport_introspection_c.h
[1.759s] -- Up-to-date symlink: /home/hansol/ros2_ws/install/darknet_ros_msgs/include/darknet_ros_msgs/msg/bounding_box__rosidl_typesupport_introspection_c.h
[1.760s] -- Up-to-date symlink: /home/hansol/ros2_ws/install/darknet_ros_msgs/include/darknet_ros_msgs/msg/bounding_boxes__rosidl_typesupport_introspection_c.h
[1.761s] -- Up-to-date symlink: /home/hansol/ros2_ws/install/darknet_ros_msgs/include/darknet_ros_msgs/msg/object_count__rosidl_typesupport_introspection_c.h
[1.762s] -- Up-to-date symlink: /home/hansol/ros2_ws/install/darknet_ros_msgs/include/darknet_ros_msgs/msg/rosidl_typesupport_introspection_c__visibility_control.h
[1.763s] -- Up-to-date symlink: /home/hansol/ros2_ws/install/darknet_ros_msgs/lib/libdarknet_ros_msgs__rosidl_typesupport_introspection_c.so
[1.763s] -- Up-to-date symlink: /home/hansol/ros2_ws/install/darknet_ros_msgs/include/darknet_ros_msgs/action/check_for_objects__rosidl_typesupport_introspection_cpp.hpp
[1.764s] -- Up-to-date symlink: /home/hansol/ros2_ws/install/darknet_ros_msgs/include/darknet_ros_msgs/msg/bounding_box__rosidl_typesupport_introspection_cpp.hpp
[1.765s] -- Up-to-date symlink: /home/hansol/ros2_ws/install/darknet_ros_msgs/include/darknet_ros_msgs/msg/bounding_boxes__rosidl_typesupport_introspection_cpp.hpp
[1.766s] -- Up-to-date symlink: /home/hansol/ros2_ws/install/darknet_ros_msgs/include/darknet_ros_msgs/msg/object_count__rosidl_typesupport_introspection_cpp.hpp
[1.768s] -- Up-to-date symlink: /home/hansol/ros2_ws/install/darknet_ros_msgs/lib/libdarknet_ros_msgs__rosidl_typesupport_introspection_cpp.so
[1.769s] -- Up-to-date symlink: /home/hansol/ros2_ws/install/darknet_ros_msgs/include/darknet_ros_msgs/action/check_for_objects__rosidl_typesupport_fastrtps_c.h
[1.770s] -- Up-to-date symlink: /home/hansol/ros2_ws/install/darknet_ros_msgs/include/darknet_ros_msgs/msg/bounding_box__rosidl_typesupport_fastrtps_c.h
[1.771s] -- Up-to-date symlink: /home/hansol/ros2_ws/install/darknet_ros_msgs/include/darknet_ros_msgs/msg/bounding_boxes__rosidl_typesupport_fastrtps_c.h
[1.772s] -- Up-to-date symlink: /home/hansol/ros2_ws/install/darknet_ros_msgs/include/darknet_ros_msgs/msg/object_count__rosidl_typesupport_fastrtps_c.h
[1.773s] -- Up-to-date symlink: /home/hansol/ros2_ws/install/darknet_ros_msgs/include/darknet_ros_msgs/msg/rosidl_typesupport_fastrtps_c__visibility_control.h
[1.774s] -- Up-to-date symlink: /home/hansol/ros2_ws/install/darknet_ros_msgs/lib/libdarknet_ros_msgs__rosidl_typesupport_fastrtps_c.so
[1.775s] -- Up-to-date symlink: /home/hansol/ros2_ws/install/darknet_ros_msgs/include/darknet_ros_msgs/action/check_for_objects__rosidl_typesupport_fastrtps_cpp.hpp
[1.776s] -- Up-to-date symlink: /home/hansol/ros2_ws/install/darknet_ros_msgs/include/darknet_ros_msgs/msg/bounding_box__rosidl_typesupport_fastrtps_cpp.hpp
[1.777s] -- Up-to-date symlink: /home/hansol/ros2_ws/install/darknet_ros_msgs/include/darknet_ros_msgs/msg/bounding_boxes__rosidl_typesupport_fastrtps_cpp.hpp
[1.777s] -- Up-to-date symlink: /home/hansol/ros2_ws/install/darknet_ros_msgs/include/darknet_ros_msgs/msg/object_count__rosidl_typesupport_fastrtps_cpp.hpp
[1.778s] -- Up-to-date symlink: /home/hansol/ros2_ws/install/darknet_ros_msgs/include/darknet_ros_msgs/msg/rosidl_typesupport_fastrtps_cpp__visibility_control.h
[1.779s] -- Up-to-date symlink: /home/hansol/ros2_ws/install/darknet_ros_msgs/lib/libdarknet_ros_msgs__rosidl_typesupport_fastrtps_cpp.so
[1.780s] -- Up-to-date symlink: /home/hansol/ros2_ws/install/darknet_ros_msgs/share/darknet_ros_msgs/environment/pythonpath.sh
[1.781s] -- Up-to-date symlink: /home/hansol/ros2_ws/install/darknet_ros_msgs/lib/python3.6/site-packages/darknet_ros_msgs/__init__.py
[1.782s] -- Up-to-date symlink: /home/hansol/ros2_ws/install/darknet_ros_msgs/lib/python3.6/site-packages/darknet_ros_msgs/msg/__init__.py
[1.783s] -- Up-to-date symlink: /home/hansol/ros2_ws/install/darknet_ros_msgs/lib/python3.6/site-packages/darknet_ros_msgs/msg/_bounding_box.py
[1.784s] -- Up-to-date symlink: /home/hansol/ros2_ws/install/darknet_ros_msgs/lib/python3.6/site-packages/darknet_ros_msgs/msg/_bounding_boxes.py
[1.788s] -- Up-to-date symlink: /home/hansol/ros2_ws/install/darknet_ros_msgs/lib/python3.6/site-packages/darknet_ros_msgs/msg/_object_count.py
[1.790s] -- Up-to-date symlink: /home/hansol/ros2_ws/install/darknet_ros_msgs/lib/python3.6/site-packages/darknet_ros_msgs/action/__init__.py
[1.791s] -- Up-to-date symlink: /home/hansol/ros2_ws/install/darknet_ros_msgs/lib/python3.6/site-packages/darknet_ros_msgs/action/_check_for_objects.py
[1.792s] -- Up-to-date symlink: /home/hansol/ros2_ws/install/darknet_ros_msgs/lib/python3.6/site-packages/darknet_ros_msgs/darknet_ros_msgs_s__rosidl_typesupport_c.cpython-36m-aarch64-linux-gnu.so
[1.793s] -- Up-to-date symlink: /home/hansol/ros2_ws/install/darknet_ros_msgs/lib/python3.6/site-packages/darknet_ros_msgs/darknet_ros_msgs_s__rosidl_typesupport_fastrtps_c.cpython-36m-aarch64-linux-gnu.so
[1.794s] -- Up-to-date symlink: /home/hansol/ros2_ws/install/darknet_ros_msgs/lib/libdarknet_ros_msgs__python.so
[1.795s] -- Up-to-date symlink: /home/hansol/ros2_ws/install/darknet_ros_msgs/share/darknet_ros_msgs/msg/BoundingBox.idl
[1.796s] -- Up-to-date symlink: /home/hansol/ros2_ws/install/darknet_ros_msgs/share/darknet_ros_msgs/msg/BoundingBoxes.idl
[1.797s] -- Up-to-date symlink: /home/hansol/ros2_ws/install/darknet_ros_msgs/share/darknet_ros_msgs/msg/ObjectCount.idl
[1.798s] -- Up-to-date symlink: /home/hansol/ros2_ws/install/darknet_ros_msgs/share/darknet_ros_msgs/action/CheckForObjects.idl
[1.798s] -- Up-to-date symlink: /home/hansol/ros2_ws/install/darknet_ros_msgs/share/darknet_ros_msgs/msg/BoundingBox.msg
[1.799s] -- Up-to-date symlink: /home/hansol/ros2_ws/install/darknet_ros_msgs/share/darknet_ros_msgs/msg/BoundingBoxes.msg
[1.800s] -- Up-to-date symlink: /home/hansol/ros2_ws/install/darknet_ros_msgs/share/darknet_ros_msgs/msg/ObjectCount.msg
[1.809s] -- Up-to-date symlink: /home/hansol/ros2_ws/install/darknet_ros_msgs/share/darknet_ros_msgs/action/CheckForObjects.action
[1.810s] -- Up-to-date symlink: /home/hansol/ros2_ws/install/darknet_ros_msgs/share/ament_index/resource_index/package_run_dependencies/darknet_ros_msgs
[1.811s] -- Up-to-date symlink: /home/hansol/ros2_ws/install/darknet_ros_msgs/share/ament_index/resource_index/parent_prefix_path/darknet_ros_msgs
[1.811s] -- Up-to-date symlink: /home/hansol/ros2_ws/install/darknet_ros_msgs/share/darknet_ros_msgs/environment/ament_prefix_path.sh
[1.812s] -- Up-to-date symlink: /home/hansol/ros2_ws/install/darknet_ros_msgs/share/darknet_ros_msgs/environment/path.sh
[1.813s] -- Up-to-date symlink: /home/hansol/ros2_ws/install/darknet_ros_msgs/share/darknet_ros_msgs/local_setup.bash
[1.814s] -- Up-to-date symlink: /home/hansol/ros2_ws/install/darknet_ros_msgs/share/darknet_ros_msgs/local_setup.sh
[1.815s] -- Up-to-date symlink: /home/hansol/ros2_ws/install/darknet_ros_msgs/share/darknet_ros_msgs/local_setup.zsh
[1.815s] -- Up-to-date symlink: /home/hansol/ros2_ws/install/darknet_ros_msgs/share/ament_index/resource_index/packages/darknet_ros_msgs
[1.816s] -- Up-to-date symlink: /home/hansol/ros2_ws/install/darknet_ros_msgs/share/darknet_ros_msgs/cmake/rosidl_cmake-extras.cmake
[1.817s] -- Up-to-date symlink: /home/hansol/ros2_ws/install/darknet_ros_msgs/share/darknet_ros_msgs/cmake/ament_cmake_export_dependencies-extras.cmake
[1.818s] -- Up-to-date symlink: /home/hansol/ros2_ws/install/darknet_ros_msgs/share/darknet_ros_msgs/cmake/ament_cmake_export_include_directories-extras.cmake
[1.822s] -- Up-to-date symlink: /home/hansol/ros2_ws/install/darknet_ros_msgs/share/darknet_ros_msgs/cmake/ament_cmake_export_libraries-extras.cmake
[1.825s] -- Up-to-date symlink: /home/hansol/ros2_ws/install/darknet_ros_msgs/share/darknet_ros_msgs/cmake/darknet_ros_msgsConfig.cmake
[1.826s] -- Up-to-date symlink: /home/hansol/ros2_ws/install/darknet_ros_msgs/share/darknet_ros_msgs/cmake/darknet_ros_msgsConfig-version.cmake
[1.829s] -- Up-to-date symlink: /home/hansol/ros2_ws/install/darknet_ros_msgs/share/darknet_ros_msgs/package.xml
[2.094s] Invoked command in '/home/hansol/ros2_ws/build/darknet_ros_msgs' returned '0': CMAKE_PREFIX_PATH=${CMAKE_PREFIX_PATH}:/opt/ros/dashing /usr/local/bin/cmake --install /home/hansol/ros2_ws/build/darknet_ros_msgs
