[0.695s] DEBUG:colcon:Command line arguments: ['/usr/bin/colcon', 'build', '--symlink-install']
[0.695s] DEBUG:colcon:Parsed command line arguments: Namespace(allow_overriding=[], ament_cmake_args=None, base_paths=['.'], build_base='build', catkin_cmake_args=None, catkin_skip_building_tests=False, cmake_args=None, cmake_clean_cache=False, cmake_clean_first=False, cmake_force_configure=False, cmake_target=None, cmake_target_skip_unavailable=False, continue_on_error=False, event_handlers=None, executor='parallel', ignore_user_meta=False, install_base='install', log_base=None, log_level=None, main=<bound method BuildVerb.main of <colcon_core.verb.build.BuildVerb object at 0x7fa2d0f128>>, merge_install=False, metas=['./colcon.meta'], packages_above=None, packages_above_and_dependencies=None, packages_above_depth=None, packages_end=None, packages_ignore=None, packages_ignore_regex=None, packages_select=None, packages_select_build_failed=False, packages_select_by_dep=None, packages_select_regex=None, packages_select_test_failures=False, packages_skip=None, packages_skip_build_finished=False, packages_skip_by_dep=None, packages_skip_regex=None, packages_skip_test_passed=False, packages_skip_up_to=None, packages_start=None, packages_up_to=None, packages_up_to_regex=None, parallel_workers=4, paths=None, symlink_install=True, test_result_base=None, verb_extension=<colcon_core.verb.build.BuildVerb object at 0x7fa2d0f128>, verb_name='build', verb_parser=<colcon_defaults.argument_parser.defaults.DefaultArgumentsDecorator object at 0x7fa2d0f470>)
[0.810s] Level 1:colcon.colcon_core.package_discovery:discover_packages(colcon_meta) check parameters
[0.811s] Level 1:colcon.colcon_core.package_discovery:discover_packages(recursive) check parameters
[0.811s] Level 1:colcon.colcon_core.package_discovery:discover_packages(ignore) check parameters
[0.812s] Level 1:colcon.colcon_core.package_discovery:discover_packages(path) check parameters
[0.812s] Level 1:colcon.colcon_core.package_discovery:discover_packages(colcon_meta) discover
[0.814s] Level 1:colcon.colcon_core.package_discovery:discover_packages(recursive) discover
[0.814s] INFO:colcon.colcon_core.package_discovery:Crawling recursively for packages in '/home/hansol/ros2_ws'
[0.814s] Level 1:colcon.colcon_core.package_identification:_identify(.) by extensions ['ignore', 'ignore_ament_install']
[0.815s] Level 1:colcon.colcon_core.package_identification:_identify(.) by extension 'ignore'
[0.816s] Level 1:colcon.colcon_core.package_identification:_identify(.) by extension 'ignore_ament_install'
[0.816s] Level 1:colcon.colcon_core.package_identification:_identify(.) by extensions ['colcon_pkg']
[0.816s] Level 1:colcon.colcon_core.package_identification:_identify(.) by extension 'colcon_pkg'
[0.816s] Level 1:colcon.colcon_core.package_identification:_identify(.) by extensions ['colcon_meta']
[0.817s] Level 1:colcon.colcon_core.package_identification:_identify(.) by extension 'colcon_meta'
[0.817s] Level 1:colcon.colcon_core.package_identification:_identify(.) by extensions ['ros']
[0.817s] Level 1:colcon.colcon_core.package_identification:_identify(.) by extension 'ros'
[0.891s] Level 1:colcon.colcon_core.package_identification:_identify(.) by extensions ['cmake', 'python']
[0.892s] Level 1:colcon.colcon_core.package_identification:_identify(.) by extension 'cmake'
[0.892s] Level 1:colcon.colcon_core.package_identification:_identify(.) by extension 'python'
[0.893s] Level 1:colcon.colcon_core.package_identification:_identify(.) by extensions ['python_setup_py']
[0.893s] Level 1:colcon.colcon_core.package_identification:_identify(.) by extension 'python_setup_py'
[0.894s] Level 1:colcon.colcon_core.package_identification:_identify(build) by extensions ['ignore', 'ignore_ament_install']
[0.894s] Level 1:colcon.colcon_core.package_identification:_identify(build) by extension 'ignore'
[0.895s] Level 1:colcon.colcon_core.package_identification:_identify(build) ignored
[0.897s] Level 1:colcon.colcon_core.package_identification:_identify(install) by extensions ['ignore', 'ignore_ament_install']
[0.897s] Level 1:colcon.colcon_core.package_identification:_identify(install) by extension 'ignore'
[0.898s] Level 1:colcon.colcon_core.package_identification:_identify(install) ignored
[0.899s] Level 1:colcon.colcon_core.package_identification:_identify(log) by extensions ['ignore', 'ignore_ament_install']
[0.899s] Level 1:colcon.colcon_core.package_identification:_identify(log) by extension 'ignore'
[0.899s] Level 1:colcon.colcon_core.package_identification:_identify(log) ignored
[0.900s] Level 1:colcon.colcon_core.package_identification:_identify(src) by extensions ['ignore', 'ignore_ament_install']
[0.900s] Level 1:colcon.colcon_core.package_identification:_identify(src) by extension 'ignore'
[0.901s] Level 1:colcon.colcon_core.package_identification:_identify(src) by extension 'ignore_ament_install'
[0.901s] Level 1:colcon.colcon_core.package_identification:_identify(src) by extensions ['colcon_pkg']
[0.901s] Level 1:colcon.colcon_core.package_identification:_identify(src) by extension 'colcon_pkg'
[0.902s] Level 1:colcon.colcon_core.package_identification:_identify(src) by extensions ['colcon_meta']
[0.902s] Level 1:colcon.colcon_core.package_identification:_identify(src) by extension 'colcon_meta'
[0.902s] Level 1:colcon.colcon_core.package_identification:_identify(src) by extensions ['ros']
[0.902s] Level 1:colcon.colcon_core.package_identification:_identify(src) by extension 'ros'
[0.903s] Level 1:colcon.colcon_core.package_identification:_identify(src) by extensions ['cmake', 'python']
[0.903s] Level 1:colcon.colcon_core.package_identification:_identify(src) by extension 'cmake'
[0.903s] Level 1:colcon.colcon_core.package_identification:_identify(src) by extension 'python'
[0.904s] Level 1:colcon.colcon_core.package_identification:_identify(src) by extensions ['python_setup_py']
[0.904s] Level 1:colcon.colcon_core.package_identification:_identify(src) by extension 'python_setup_py'
[0.905s] Level 1:colcon.colcon_core.package_identification:_identify(src/darknet_ros) by extensions ['ignore', 'ignore_ament_install']
[0.905s] Level 1:colcon.colcon_core.package_identification:_identify(src/darknet_ros) by extension 'ignore'
[0.905s] Level 1:colcon.colcon_core.package_identification:_identify(src/darknet_ros) by extension 'ignore_ament_install'
[0.906s] Level 1:colcon.colcon_core.package_identification:_identify(src/darknet_ros) by extensions ['colcon_pkg']
[0.906s] Level 1:colcon.colcon_core.package_identification:_identify(src/darknet_ros) by extension 'colcon_pkg'
[0.906s] Level 1:colcon.colcon_core.package_identification:_identify(src/darknet_ros) by extensions ['colcon_meta']
[0.907s] Level 1:colcon.colcon_core.package_identification:_identify(src/darknet_ros) by extension 'colcon_meta'
[0.907s] Level 1:colcon.colcon_core.package_identification:_identify(src/darknet_ros) by extensions ['ros']
[0.907s] Level 1:colcon.colcon_core.package_identification:_identify(src/darknet_ros) by extension 'ros'
[0.908s] Level 1:colcon.colcon_core.package_identification:_identify(src/darknet_ros) by extensions ['cmake', 'python']
[0.908s] Level 1:colcon.colcon_core.package_identification:_identify(src/darknet_ros) by extension 'cmake'
[0.908s] Level 1:colcon.colcon_core.package_identification:_identify(src/darknet_ros) by extension 'python'
[0.909s] Level 1:colcon.colcon_core.package_identification:_identify(src/darknet_ros) by extensions ['python_setup_py']
[0.909s] Level 1:colcon.colcon_core.package_identification:_identify(src/darknet_ros) by extension 'python_setup_py'
[0.909s] Level 1:colcon.colcon_core.package_identification:_identify(src/darknet_ros/build) by extensions ['ignore', 'ignore_ament_install']
[0.910s] Level 1:colcon.colcon_core.package_identification:_identify(src/darknet_ros/build) by extension 'ignore'
[0.910s] Level 1:colcon.colcon_core.package_identification:_identify(src/darknet_ros/build) ignored
[0.911s] Level 1:colcon.colcon_core.package_identification:_identify(src/darknet_ros/darknet) by extensions ['ignore', 'ignore_ament_install']
[0.912s] Level 1:colcon.colcon_core.package_identification:_identify(src/darknet_ros/darknet) by extension 'ignore'
[0.912s] Level 1:colcon.colcon_core.package_identification:_identify(src/darknet_ros/darknet) by extension 'ignore_ament_install'
[0.912s] Level 1:colcon.colcon_core.package_identification:_identify(src/darknet_ros/darknet) by extensions ['colcon_pkg']
[0.912s] Level 1:colcon.colcon_core.package_identification:_identify(src/darknet_ros/darknet) by extension 'colcon_pkg'
[0.913s] Level 1:colcon.colcon_core.package_identification:_identify(src/darknet_ros/darknet) by extensions ['colcon_meta']
[0.913s] Level 1:colcon.colcon_core.package_identification:_identify(src/darknet_ros/darknet) by extension 'colcon_meta'
[0.913s] Level 1:colcon.colcon_core.package_identification:_identify(src/darknet_ros/darknet) by extensions ['ros']
[0.913s] Level 1:colcon.colcon_core.package_identification:_identify(src/darknet_ros/darknet) by extension 'ros'
[0.914s] Level 1:colcon.colcon_core.package_identification:_identify(src/darknet_ros/darknet) by extensions ['cmake', 'python']
[0.914s] Level 1:colcon.colcon_core.package_identification:_identify(src/darknet_ros/darknet) by extension 'cmake'
[0.957s] Level 1:colcon.colcon_core.package_identification:_identify(src/darknet_ros/darknet) by extension 'python'
[0.958s] DEBUG:colcon.colcon_core.package_identification:Package 'src/darknet_ros/darknet' with type 'cmake' and name 'Darknet'
[0.959s] Level 1:colcon.colcon_core.package_identification:_identify(src/darknet_ros/darknet_ros) by extensions ['ignore', 'ignore_ament_install']
[0.960s] Level 1:colcon.colcon_core.package_identification:_identify(src/darknet_ros/darknet_ros) by extension 'ignore'
[0.960s] Level 1:colcon.colcon_core.package_identification:_identify(src/darknet_ros/darknet_ros) by extension 'ignore_ament_install'
[0.960s] Level 1:colcon.colcon_core.package_identification:_identify(src/darknet_ros/darknet_ros) by extensions ['colcon_pkg']
[0.961s] Level 1:colcon.colcon_core.package_identification:_identify(src/darknet_ros/darknet_ros) by extension 'colcon_pkg'
[0.961s] Level 1:colcon.colcon_core.package_identification:_identify(src/darknet_ros/darknet_ros) by extensions ['colcon_meta']
[0.961s] Level 1:colcon.colcon_core.package_identification:_identify(src/darknet_ros/darknet_ros) by extension 'colcon_meta'
[0.962s] Level 1:colcon.colcon_core.package_identification:_identify(src/darknet_ros/darknet_ros) by extensions ['ros']
[0.962s] Level 1:colcon.colcon_core.package_identification:_identify(src/darknet_ros/darknet_ros) by extension 'ros'
[0.985s] DEBUG:colcon.colcon_core.package_identification:Package 'src/darknet_ros/darknet_ros' with type 'ros.ament_cmake' and name 'darknet_ros'
[0.986s] Level 1:colcon.colcon_core.package_identification:_identify(src/darknet_ros/darknet_ros_msgs) by extensions ['ignore', 'ignore_ament_install']
[0.987s] Level 1:colcon.colcon_core.package_identification:_identify(src/darknet_ros/darknet_ros_msgs) by extension 'ignore'
[0.987s] Level 1:colcon.colcon_core.package_identification:_identify(src/darknet_ros/darknet_ros_msgs) by extension 'ignore_ament_install'
[0.988s] Level 1:colcon.colcon_core.package_identification:_identify(src/darknet_ros/darknet_ros_msgs) by extensions ['colcon_pkg']
[0.988s] Level 1:colcon.colcon_core.package_identification:_identify(src/darknet_ros/darknet_ros_msgs) by extension 'colcon_pkg'
[0.988s] Level 1:colcon.colcon_core.package_identification:_identify(src/darknet_ros/darknet_ros_msgs) by extensions ['colcon_meta']
[0.989s] Level 1:colcon.colcon_core.package_identification:_identify(src/darknet_ros/darknet_ros_msgs) by extension 'colcon_meta'
[0.989s] Level 1:colcon.colcon_core.package_identification:_identify(src/darknet_ros/darknet_ros_msgs) by extensions ['ros']
[0.989s] Level 1:colcon.colcon_core.package_identification:_identify(src/darknet_ros/darknet_ros_msgs) by extension 'ros'
[0.995s] DEBUG:colcon.colcon_core.package_identification:Package 'src/darknet_ros/darknet_ros_msgs' with type 'ros.ament_cmake' and name 'darknet_ros_msgs'
[0.996s] Level 1:colcon.colcon_core.package_identification:_identify(src/darknet_ros/install) by extensions ['ignore', 'ignore_ament_install']
[0.997s] Level 1:colcon.colcon_core.package_identification:_identify(src/darknet_ros/install) by extension 'ignore'
[0.997s] Level 1:colcon.colcon_core.package_identification:_identify(src/darknet_ros/install) ignored
[0.998s] Level 1:colcon.colcon_core.package_identification:_identify(src/darknet_ros/log) by extensions ['ignore', 'ignore_ament_install']
[0.999s] Level 1:colcon.colcon_core.package_identification:_identify(src/darknet_ros/log) by extension 'ignore'
[0.999s] Level 1:colcon.colcon_core.package_identification:_identify(src/darknet_ros/log) ignored
[0.999s] Level 1:colcon.colcon_core.package_identification:_identify(src/ros2_intel_realsense) by extensions ['ignore', 'ignore_ament_install']
[1.000s] Level 1:colcon.colcon_core.package_identification:_identify(src/ros2_intel_realsense) by extension 'ignore'
[1.000s] Level 1:colcon.colcon_core.package_identification:_identify(src/ros2_intel_realsense) by extension 'ignore_ament_install'
[1.001s] Level 1:colcon.colcon_core.package_identification:_identify(src/ros2_intel_realsense) by extensions ['colcon_pkg']
[1.001s] Level 1:colcon.colcon_core.package_identification:_identify(src/ros2_intel_realsense) by extension 'colcon_pkg'
[1.001s] Level 1:colcon.colcon_core.package_identification:_identify(src/ros2_intel_realsense) by extensions ['colcon_meta']
[1.001s] Level 1:colcon.colcon_core.package_identification:_identify(src/ros2_intel_realsense) by extension 'colcon_meta'
[1.002s] Level 1:colcon.colcon_core.package_identification:_identify(src/ros2_intel_realsense) by extensions ['ros']
[1.002s] Level 1:colcon.colcon_core.package_identification:_identify(src/ros2_intel_realsense) by extension 'ros'
[1.003s] Level 1:colcon.colcon_core.package_identification:_identify(src/ros2_intel_realsense) by extensions ['cmake', 'python']
[1.004s] Level 1:colcon.colcon_core.package_identification:_identify(src/ros2_intel_realsense) by extension 'cmake'
[1.004s] Level 1:colcon.colcon_core.package_identification:_identify(src/ros2_intel_realsense) by extension 'python'
[1.004s] Level 1:colcon.colcon_core.package_identification:_identify(src/ros2_intel_realsense) by extensions ['python_setup_py']
[1.004s] Level 1:colcon.colcon_core.package_identification:_identify(src/ros2_intel_realsense) by extension 'python_setup_py'
[1.005s] Level 1:colcon.colcon_core.package_identification:_identify(src/ros2_intel_realsense/realsense_camera_msgs) by extensions ['ignore', 'ignore_ament_install']
[1.006s] Level 1:colcon.colcon_core.package_identification:_identify(src/ros2_intel_realsense/realsense_camera_msgs) by extension 'ignore'
[1.006s] Level 1:colcon.colcon_core.package_identification:_identify(src/ros2_intel_realsense/realsense_camera_msgs) by extension 'ignore_ament_install'
[1.006s] Level 1:colcon.colcon_core.package_identification:_identify(src/ros2_intel_realsense/realsense_camera_msgs) by extensions ['colcon_pkg']
[1.007s] Level 1:colcon.colcon_core.package_identification:_identify(src/ros2_intel_realsense/realsense_camera_msgs) by extension 'colcon_pkg'
[1.007s] Level 1:colcon.colcon_core.package_identification:_identify(src/ros2_intel_realsense/realsense_camera_msgs) by extensions ['colcon_meta']
[1.007s] Level 1:colcon.colcon_core.package_identification:_identify(src/ros2_intel_realsense/realsense_camera_msgs) by extension 'colcon_meta'
[1.008s] Level 1:colcon.colcon_core.package_identification:_identify(src/ros2_intel_realsense/realsense_camera_msgs) by extensions ['ros']
[1.008s] Level 1:colcon.colcon_core.package_identification:_identify(src/ros2_intel_realsense/realsense_camera_msgs) by extension 'ros'
[1.018s] DEBUG:colcon.colcon_core.package_identification:Package 'src/ros2_intel_realsense/realsense_camera_msgs' with type 'ros.ament_cmake' and name 'realsense_camera_msgs'
[1.020s] Level 1:colcon.colcon_core.package_identification:_identify(src/ros2_intel_realsense/realsense_ros2_camera) by extensions ['ignore', 'ignore_ament_install']
[1.020s] Level 1:colcon.colcon_core.package_identification:_identify(src/ros2_intel_realsense/realsense_ros2_camera) by extension 'ignore'
[1.021s] Level 1:colcon.colcon_core.package_identification:_identify(src/ros2_intel_realsense/realsense_ros2_camera) by extension 'ignore_ament_install'
[1.021s] Level 1:colcon.colcon_core.package_identification:_identify(src/ros2_intel_realsense/realsense_ros2_camera) by extensions ['colcon_pkg']
[1.021s] Level 1:colcon.colcon_core.package_identification:_identify(src/ros2_intel_realsense/realsense_ros2_camera) by extension 'colcon_pkg'
[1.022s] Level 1:colcon.colcon_core.package_identification:_identify(src/ros2_intel_realsense/realsense_ros2_camera) by extensions ['colcon_meta']
[1.022s] Level 1:colcon.colcon_core.package_identification:_identify(src/ros2_intel_realsense/realsense_ros2_camera) by extension 'colcon_meta'
[1.022s] Level 1:colcon.colcon_core.package_identification:_identify(src/ros2_intel_realsense/realsense_ros2_camera) by extensions ['ros']
[1.022s] Level 1:colcon.colcon_core.package_identification:_identify(src/ros2_intel_realsense/realsense_ros2_camera) by extension 'ros'
[1.031s] DEBUG:colcon.colcon_core.package_identification:Package 'src/ros2_intel_realsense/realsense_ros2_camera' with type 'ros.ament_cmake' and name 'realsense_ros2_camera'
[1.032s] Level 1:colcon.colcon_core.package_discovery:discover_packages(recursive) using defaults
[1.033s] Level 1:colcon.colcon_core.package_discovery:discover_packages(ignore) discover
[1.033s] Level 1:colcon.colcon_core.package_discovery:discover_packages(ignore) using defaults
[1.034s] Level 1:colcon.colcon_core.package_discovery:discover_packages(path) discover
[1.034s] Level 1:colcon.colcon_core.package_discovery:discover_packages(path) using defaults
[1.250s] Level 1:colcon.colcon_core.package_discovery:discover_packages(prefix_path) check parameters
[1.251s] Level 1:colcon.colcon_core.package_discovery:discover_packages(prefix_path) discover
[1.267s] DEBUG:colcon.colcon_installed_package_information.package_discovery:Found 5 installed packages in /home/hansol/ros2_ws/install
[1.275s] DEBUG:colcon.colcon_installed_package_information.package_discovery:Found 170 installed packages in /opt/ros/dashing
[1.284s] Level 1:colcon.colcon_core.package_discovery:discover_packages(prefix_path) using defaults
[1.650s] Level 5:colcon.colcon_core.verb:set package 'Darknet' build argument 'cmake_args' from command line to 'None'
[1.651s] Level 5:colcon.colcon_core.verb:set package 'Darknet' build argument 'cmake_target' from command line to 'None'
[1.651s] Level 5:colcon.colcon_core.verb:set package 'Darknet' build argument 'cmake_target_skip_unavailable' from command line to 'False'
[1.651s] Level 5:colcon.colcon_core.verb:set package 'Darknet' build argument 'cmake_clean_cache' from command line to 'False'
[1.651s] Level 5:colcon.colcon_core.verb:set package 'Darknet' build argument 'cmake_clean_first' from command line to 'False'
[1.652s] Level 5:colcon.colcon_core.verb:set package 'Darknet' build argument 'cmake_force_configure' from command line to 'False'
[1.652s] Level 5:colcon.colcon_core.verb:set package 'Darknet' build argument 'ament_cmake_args' from command line to 'None'
[1.652s] Level 5:colcon.colcon_core.verb:set package 'Darknet' build argument 'catkin_cmake_args' from command line to 'None'
[1.652s] Level 5:colcon.colcon_core.verb:set package 'Darknet' build argument 'catkin_skip_building_tests' from command line to 'False'
[1.652s] DEBUG:colcon.colcon_core.verb:Building package 'Darknet' with the following arguments: {'ament_cmake_args': None, 'build_base': '/home/hansol/ros2_ws/build/Darknet', 'catkin_cmake_args': None, 'catkin_skip_building_tests': False, 'cmake_args': None, 'cmake_clean_cache': False, 'cmake_clean_first': False, 'cmake_force_configure': False, 'cmake_target': None, 'cmake_target_skip_unavailable': False, 'install_base': '/home/hansol/ros2_ws/install/Darknet', 'merge_install': False, 'path': '/home/hansol/ros2_ws/src/darknet_ros/darknet', 'symlink_install': True, 'test_result_base': None}
[1.656s] Level 5:colcon.colcon_core.verb:set package 'darknet_ros_msgs' build argument 'cmake_args' from command line to 'None'
[1.656s] Level 5:colcon.colcon_core.verb:set package 'darknet_ros_msgs' build argument 'cmake_target' from command line to 'None'
[1.656s] Level 5:colcon.colcon_core.verb:set package 'darknet_ros_msgs' build argument 'cmake_target_skip_unavailable' from command line to 'False'
[1.657s] Level 5:colcon.colcon_core.verb:set package 'darknet_ros_msgs' build argument 'cmake_clean_cache' from command line to 'False'
[1.657s] Level 5:colcon.colcon_core.verb:set package 'darknet_ros_msgs' build argument 'cmake_clean_first' from command line to 'False'
[1.657s] Level 5:colcon.colcon_core.verb:set package 'darknet_ros_msgs' build argument 'cmake_force_configure' from command line to 'False'
[1.657s] Level 5:colcon.colcon_core.verb:set package 'darknet_ros_msgs' build argument 'ament_cmake_args' from command line to 'None'
[1.657s] Level 5:colcon.colcon_core.verb:set package 'darknet_ros_msgs' build argument 'catkin_cmake_args' from command line to 'None'
[1.657s] Level 5:colcon.colcon_core.verb:set package 'darknet_ros_msgs' build argument 'catkin_skip_building_tests' from command line to 'False'
[1.658s] DEBUG:colcon.colcon_core.verb:Building package 'darknet_ros_msgs' with the following arguments: {'ament_cmake_args': None, 'build_base': '/home/hansol/ros2_ws/build/darknet_ros_msgs', 'catkin_cmake_args': None, 'catkin_skip_building_tests': False, 'cmake_args': None, 'cmake_clean_cache': False, 'cmake_clean_first': False, 'cmake_force_configure': False, 'cmake_target': None, 'cmake_target_skip_unavailable': False, 'install_base': '/home/hansol/ros2_ws/install/darknet_ros_msgs', 'merge_install': False, 'path': '/home/hansol/ros2_ws/src/darknet_ros/darknet_ros_msgs', 'symlink_install': True, 'test_result_base': None}
[1.661s] Level 5:colcon.colcon_core.verb:set package 'realsense_camera_msgs' build argument 'cmake_args' from command line to 'None'
[1.661s] Level 5:colcon.colcon_core.verb:set package 'realsense_camera_msgs' build argument 'cmake_target' from command line to 'None'
[1.661s] Level 5:colcon.colcon_core.verb:set package 'realsense_camera_msgs' build argument 'cmake_target_skip_unavailable' from command line to 'False'
[1.661s] Level 5:colcon.colcon_core.verb:set package 'realsense_camera_msgs' build argument 'cmake_clean_cache' from command line to 'False'
[1.662s] Level 5:colcon.colcon_core.verb:set package 'realsense_camera_msgs' build argument 'cmake_clean_first' from command line to 'False'
[1.662s] Level 5:colcon.colcon_core.verb:set package 'realsense_camera_msgs' build argument 'cmake_force_configure' from command line to 'False'
[1.662s] Level 5:colcon.colcon_core.verb:set package 'realsense_camera_msgs' build argument 'ament_cmake_args' from command line to 'None'
[1.662s] Level 5:colcon.colcon_core.verb:set package 'realsense_camera_msgs' build argument 'catkin_cmake_args' from command line to 'None'
[1.662s] Level 5:colcon.colcon_core.verb:set package 'realsense_camera_msgs' build argument 'catkin_skip_building_tests' from command line to 'False'
[1.663s] DEBUG:colcon.colcon_core.verb:Building package 'realsense_camera_msgs' with the following arguments: {'ament_cmake_args': None, 'build_base': '/home/hansol/ros2_ws/build/realsense_camera_msgs', 'catkin_cmake_args': None, 'catkin_skip_building_tests': False, 'cmake_args': None, 'cmake_clean_cache': False, 'cmake_clean_first': False, 'cmake_force_configure': False, 'cmake_target': None, 'cmake_target_skip_unavailable': False, 'install_base': '/home/hansol/ros2_ws/install/realsense_camera_msgs', 'merge_install': False, 'path': '/home/hansol/ros2_ws/src/ros2_intel_realsense/realsense_camera_msgs', 'symlink_install': True, 'test_result_base': None}
[1.666s] Level 5:colcon.colcon_core.verb:set package 'darknet_ros' build argument 'cmake_args' from command line to 'None'
[1.666s] Level 5:colcon.colcon_core.verb:set package 'darknet_ros' build argument 'cmake_target' from command line to 'None'
[1.666s] Level 5:colcon.colcon_core.verb:set package 'darknet_ros' build argument 'cmake_target_skip_unavailable' from command line to 'False'
[1.666s] Level 5:colcon.colcon_core.verb:set package 'darknet_ros' build argument 'cmake_clean_cache' from command line to 'False'
[1.667s] Level 5:colcon.colcon_core.verb:set package 'darknet_ros' build argument 'cmake_clean_first' from command line to 'False'
[1.667s] Level 5:colcon.colcon_core.verb:set package 'darknet_ros' build argument 'cmake_force_configure' from command line to 'False'
[1.667s] Level 5:colcon.colcon_core.verb:set package 'darknet_ros' build argument 'ament_cmake_args' from command line to 'None'
[1.667s] Level 5:colcon.colcon_core.verb:set package 'darknet_ros' build argument 'catkin_cmake_args' from command line to 'None'
[1.667s] Level 5:colcon.colcon_core.verb:set package 'darknet_ros' build argument 'catkin_skip_building_tests' from command line to 'False'
[1.668s] DEBUG:colcon.colcon_core.verb:Building package 'darknet_ros' with the following arguments: {'ament_cmake_args': None, 'build_base': '/home/hansol/ros2_ws/build/darknet_ros', 'catkin_cmake_args': None, 'catkin_skip_building_tests': False, 'cmake_args': None, 'cmake_clean_cache': False, 'cmake_clean_first': False, 'cmake_force_configure': False, 'cmake_target': None, 'cmake_target_skip_unavailable': False, 'install_base': '/home/hansol/ros2_ws/install/darknet_ros', 'merge_install': False, 'path': '/home/hansol/ros2_ws/src/darknet_ros/darknet_ros', 'symlink_install': True, 'test_result_base': None}
[1.670s] Level 5:colcon.colcon_core.verb:set package 'realsense_ros2_camera' build argument 'cmake_args' from command line to 'None'
[1.671s] Level 5:colcon.colcon_core.verb:set package 'realsense_ros2_camera' build argument 'cmake_target' from command line to 'None'
[1.671s] Level 5:colcon.colcon_core.verb:set package 'realsense_ros2_camera' build argument 'cmake_target_skip_unavailable' from command line to 'False'
[1.671s] Level 5:colcon.colcon_core.verb:set package 'realsense_ros2_camera' build argument 'cmake_clean_cache' from command line to 'False'
[1.671s] Level 5:colcon.colcon_core.verb:set package 'realsense_ros2_camera' build argument 'cmake_clean_first' from command line to 'False'
[1.672s] Level 5:colcon.colcon_core.verb:set package 'realsense_ros2_camera' build argument 'cmake_force_configure' from command line to 'False'
[1.672s] Level 5:colcon.colcon_core.verb:set package 'realsense_ros2_camera' build argument 'ament_cmake_args' from command line to 'None'
[1.672s] Level 5:colcon.colcon_core.verb:set package 'realsense_ros2_camera' build argument 'catkin_cmake_args' from command line to 'None'
[1.672s] Level 5:colcon.colcon_core.verb:set package 'realsense_ros2_camera' build argument 'catkin_skip_building_tests' from command line to 'False'
[1.672s] DEBUG:colcon.colcon_core.verb:Building package 'realsense_ros2_camera' with the following arguments: {'ament_cmake_args': None, 'build_base': '/home/hansol/ros2_ws/build/realsense_ros2_camera', 'catkin_cmake_args': None, 'catkin_skip_building_tests': False, 'cmake_args': None, 'cmake_clean_cache': False, 'cmake_clean_first': False, 'cmake_force_configure': False, 'cmake_target': None, 'cmake_target_skip_unavailable': False, 'install_base': '/home/hansol/ros2_ws/install/realsense_ros2_camera', 'merge_install': False, 'path': '/home/hansol/ros2_ws/src/ros2_intel_realsense/realsense_ros2_camera', 'symlink_install': True, 'test_result_base': None}
[1.674s] INFO:colcon.colcon_core.executor:Executing jobs using 'parallel' executor
[1.679s] DEBUG:colcon.colcon_parallel_executor.executor.parallel:run_until_complete
[1.682s] INFO:colcon.colcon_ros.task.ament_cmake.build:Building ROS package in '/home/hansol/ros2_ws/src/darknet_ros/darknet_ros_msgs' with build type 'ament_cmake'
[1.683s] INFO:colcon.colcon_cmake.task.cmake.build:Building CMake package in '/home/hansol/ros2_ws/src/darknet_ros/darknet_ros_msgs'
[1.697s] INFO:colcon.colcon_core.plugin_system:Skipping extension 'colcon_core.shell.bat': Not used on non-Windows systems
[1.698s] INFO:colcon.colcon_core.shell:Skip shell extension 'powershell' for command environment: Not usable outside of PowerShell
[1.699s] DEBUG:colcon.colcon_core.shell:Skip shell extension 'dsv' for command environment
[1.729s] INFO:colcon.colcon_ros.task.ament_cmake.build:Building ROS package in '/home/hansol/ros2_ws/src/ros2_intel_realsense/realsense_camera_msgs' with build type 'ament_cmake'
[1.731s] INFO:colcon.colcon_cmake.task.cmake.build:Building CMake package in '/home/hansol/ros2_ws/src/ros2_intel_realsense/realsense_camera_msgs'
[1.735s] INFO:colcon.colcon_core.shell:Skip shell extension 'powershell' for command environment: Not usable outside of PowerShell
[1.736s] DEBUG:colcon.colcon_core.shell:Skip shell extension 'dsv' for command environment
[1.762s] INFO:colcon.colcon_cmake.task.cmake.build:Building CMake package in '/home/hansol/ros2_ws/src/darknet_ros/darknet'
[1.766s] INFO:colcon.colcon_core.shell:Skip shell extension 'powershell' for command environment: Not usable outside of PowerShell
[1.767s] DEBUG:colcon.colcon_core.shell:Skip shell extension 'dsv' for command environment
[1.828s] DEBUG:colcon.colcon_core.event_handler.log_command:Invoking command in '/home/hansol/ros2_ws/build/darknet_ros_msgs': CMAKE_PREFIX_PATH=${CMAKE_PREFIX_PATH}:/opt/ros/dashing /usr/local/bin/cmake --build /home/hansol/ros2_ws/build/darknet_ros_msgs -- -j4 -l4
[1.869s] DEBUG:colcon.colcon_core.event_handler.log_command:Invoking command in '/home/hansol/ros2_ws/build/realsense_camera_msgs': CMAKE_PREFIX_PATH=${CMAKE_PREFIX_PATH}:/opt/ros/dashing /usr/local/bin/cmake --build /home/hansol/ros2_ws/build/realsense_camera_msgs -- -j4 -l4
[1.901s] DEBUG:colcon.colcon_core.event_handler.log_command:Invoking command in '/home/hansol/ros2_ws/build/Darknet': /usr/local/bin/cmake --build /home/hansol/ros2_ws/build/Darknet -- -j4 -l4
[2.454s] DEBUG:colcon.colcon_core.event_handler.log_command:Invoked command in '/home/hansol/ros2_ws/build/Darknet' returned '0': /usr/local/bin/cmake --build /home/hansol/ros2_ws/build/Darknet -- -j4 -l4
[2.657s] DEBUG:colcon.colcon_core.event_handler.log_command:Invoked command in '/home/hansol/ros2_ws/build/realsense_camera_msgs' returned '0': CMAKE_PREFIX_PATH=${CMAKE_PREFIX_PATH}:/opt/ros/dashing /usr/local/bin/cmake --build /home/hansol/ros2_ws/build/realsense_camera_msgs -- -j4 -l4
[2.723s] DEBUG:colcon.colcon_core.event_handler.log_command:Invoked command in '/home/hansol/ros2_ws/build/darknet_ros_msgs' returned '0': CMAKE_PREFIX_PATH=${CMAKE_PREFIX_PATH}:/opt/ros/dashing /usr/local/bin/cmake --build /home/hansol/ros2_ws/build/darknet_ros_msgs -- -j4 -l4
[3.051s] DEBUG:colcon.colcon_core.event_handler.log_command:Invoking command in '/home/hansol/ros2_ws/build/realsense_camera_msgs': CMAKE_PREFIX_PATH=${CMAKE_PREFIX_PATH}:/opt/ros/dashing /usr/local/bin/cmake --install /home/hansol/ros2_ws/build/realsense_camera_msgs
[3.262s] DEBUG:colcon.colcon_core.event_handler.log_command:Invoking command in '/home/hansol/ros2_ws/build/darknet_ros_msgs': CMAKE_PREFIX_PATH=${CMAKE_PREFIX_PATH}:/opt/ros/dashing /usr/local/bin/cmake --install /home/hansol/ros2_ws/build/darknet_ros_msgs
[3.432s] Level 1:colcon.colcon_core.environment:create_environment_scripts_only(realsense_camera_msgs)
[3.449s] DEBUG:colcon.colcon_core.event_handler.log_command:Invoked command in '/home/hansol/ros2_ws/build/realsense_camera_msgs' returned '0': CMAKE_PREFIX_PATH=${CMAKE_PREFIX_PATH}:/opt/ros/dashing /usr/local/bin/cmake --install /home/hansol/ros2_ws/build/realsense_camera_msgs
[3.466s] Level 1:colcon.colcon_core.environment:checking '/home/hansol/ros2_ws/install/realsense_camera_msgs' for CMake module files
[3.471s] Level 1:colcon.colcon_core.environment:checking '/home/hansol/ros2_ws/install/realsense_camera_msgs' for CMake config files
[3.473s] Level 1:colcon.colcon_core.shell:create_environment_hook('realsense_camera_msgs', 'cmake_prefix_path')
[3.476s] INFO:colcon.colcon_core.shell:Creating environment hook '/home/hansol/ros2_ws/install/realsense_camera_msgs/share/realsense_camera_msgs/hook/cmake_prefix_path.ps1'
[3.481s] INFO:colcon.colcon_core.shell:Creating environment descriptor '/home/hansol/ros2_ws/install/realsense_camera_msgs/share/realsense_camera_msgs/hook/cmake_prefix_path.dsv'
[3.486s] INFO:colcon.colcon_core.shell:Creating environment hook '/home/hansol/ros2_ws/install/realsense_camera_msgs/share/realsense_camera_msgs/hook/cmake_prefix_path.sh'
[3.496s] Level 1:colcon.colcon_core.environment:checking '/home/hansol/ros2_ws/install/realsense_camera_msgs/lib'
[3.499s] Level 1:colcon.colcon_core.shell:create_environment_hook('realsense_camera_msgs', 'ld_library_path_lib')
[3.502s] INFO:colcon.colcon_core.shell:Creating environment hook '/home/hansol/ros2_ws/install/realsense_camera_msgs/share/realsense_camera_msgs/hook/ld_library_path_lib.ps1'
[3.505s] INFO:colcon.colcon_core.shell:Creating environment descriptor '/home/hansol/ros2_ws/install/realsense_camera_msgs/share/realsense_camera_msgs/hook/ld_library_path_lib.dsv'
[3.508s] INFO:colcon.colcon_core.shell:Creating environment hook '/home/hansol/ros2_ws/install/realsense_camera_msgs/share/realsense_camera_msgs/hook/ld_library_path_lib.sh'
[3.512s] Level 1:colcon.colcon_core.environment:checking '/home/hansol/ros2_ws/install/realsense_camera_msgs/bin'
[3.513s] Level 1:colcon.colcon_core.environment:checking '/home/hansol/ros2_ws/install/realsense_camera_msgs/lib/pkgconfig/realsense_camera_msgs.pc'
[3.514s] Level 1:colcon.colcon_core.environment:checking '/home/hansol/ros2_ws/install/realsense_camera_msgs/lib/python3.6/site-packages'
[3.515s] Level 1:colcon.colcon_core.shell:create_environment_hook('realsense_camera_msgs', 'pythonpath')
[3.517s] INFO:colcon.colcon_core.shell:Creating environment hook '/home/hansol/ros2_ws/install/realsense_camera_msgs/share/realsense_camera_msgs/hook/pythonpath.ps1'
[3.520s] INFO:colcon.colcon_core.shell:Creating environment descriptor '/home/hansol/ros2_ws/install/realsense_camera_msgs/share/realsense_camera_msgs/hook/pythonpath.dsv'
[3.523s] INFO:colcon.colcon_core.shell:Creating environment hook '/home/hansol/ros2_ws/install/realsense_camera_msgs/share/realsense_camera_msgs/hook/pythonpath.sh'
[3.527s] Level 1:colcon.colcon_core.environment:checking '/home/hansol/ros2_ws/install/realsense_camera_msgs/bin'
[3.531s] INFO:colcon.colcon_core.shell:Creating package script '/home/hansol/ros2_ws/install/realsense_camera_msgs/share/realsense_camera_msgs/package.ps1'
[3.539s] INFO:colcon.colcon_core.shell:Creating package descriptor '/home/hansol/ros2_ws/install/realsense_camera_msgs/share/realsense_camera_msgs/package.dsv'
[3.544s] INFO:colcon.colcon_core.shell:Creating package script '/home/hansol/ros2_ws/install/realsense_camera_msgs/share/realsense_camera_msgs/package.sh'
[3.551s] INFO:colcon.colcon_core.shell:Creating package script '/home/hansol/ros2_ws/install/realsense_camera_msgs/share/realsense_camera_msgs/package.bash'
[3.558s] INFO:colcon.colcon_core.shell:Creating package script '/home/hansol/ros2_ws/install/realsense_camera_msgs/share/realsense_camera_msgs/package.zsh'
[3.563s] Level 1:colcon.colcon_core.environment:create_file_with_runtime_dependencies(/home/hansol/ros2_ws/install/realsense_camera_msgs/share/colcon-core/packages/realsense_camera_msgs)
[3.612s] DEBUG:colcon.colcon_core.event_handler.log_command:Invoking command in '/home/hansol/ros2_ws/build/Darknet': /usr/local/bin/cmake --install /home/hansol/ros2_ws/build/Darknet
[3.658s] Level 1:colcon.colcon_core.environment:create_environment_scripts_only(Darknet)
[3.663s] Level 1:colcon.colcon_core.environment:checking '/home/hansol/ros2_ws/install/Darknet' for CMake module files
[3.673s] DEBUG:colcon.colcon_core.event_handler.log_command:Invoked command in '/home/hansol/ros2_ws/build/Darknet' returned '0': /usr/local/bin/cmake --install /home/hansol/ros2_ws/build/Darknet
[3.674s] Level 1:colcon.colcon_core.environment:checking '/home/hansol/ros2_ws/install/Darknet' for CMake config files
[3.676s] Level 1:colcon.colcon_core.shell:create_environment_hook('Darknet', 'cmake_prefix_path')
[3.679s] INFO:colcon.colcon_core.shell:Creating environment hook '/home/hansol/ros2_ws/install/Darknet/share/Darknet/hook/cmake_prefix_path.ps1'
[3.683s] INFO:colcon.colcon_core.shell:Creating environment descriptor '/home/hansol/ros2_ws/install/Darknet/share/Darknet/hook/cmake_prefix_path.dsv'
[3.686s] INFO:colcon.colcon_core.shell:Creating environment hook '/home/hansol/ros2_ws/install/Darknet/share/Darknet/hook/cmake_prefix_path.sh'
[3.692s] Level 1:colcon.colcon_core.environment:checking '/home/hansol/ros2_ws/install/Darknet/bin'
[3.693s] Level 1:colcon.colcon_core.environment:checking '/home/hansol/ros2_ws/install/Darknet/lib/pkgconfig/Darknet.pc'
[3.694s] Level 1:colcon.colcon_core.environment:checking '/home/hansol/ros2_ws/install/Darknet/lib/python3.6/site-packages'
[3.695s] Level 1:colcon.colcon_core.environment:checking '/home/hansol/ros2_ws/install/Darknet/bin'
[3.698s] INFO:colcon.colcon_core.shell:Creating package script '/home/hansol/ros2_ws/install/Darknet/share/Darknet/package.ps1'
[3.702s] INFO:colcon.colcon_core.shell:Creating package descriptor '/home/hansol/ros2_ws/install/Darknet/share/Darknet/package.dsv'
[3.705s] INFO:colcon.colcon_core.shell:Creating package script '/home/hansol/ros2_ws/install/Darknet/share/Darknet/package.sh'
[3.708s] INFO:colcon.colcon_core.shell:Creating package script '/home/hansol/ros2_ws/install/Darknet/share/Darknet/package.bash'
[3.710s] INFO:colcon.colcon_core.shell:Creating package script '/home/hansol/ros2_ws/install/Darknet/share/Darknet/package.zsh'
[3.713s] Level 1:colcon.colcon_core.environment:create_file_with_runtime_dependencies(/home/hansol/ros2_ws/install/Darknet/share/colcon-core/packages/Darknet)
[3.722s] Level 1:colcon.colcon_core.environment:create_environment_scripts_only(darknet_ros_msgs)
[3.726s] Level 1:colcon.colcon_core.environment:checking '/home/hansol/ros2_ws/install/darknet_ros_msgs' for CMake module files
[3.731s] DEBUG:colcon.colcon_core.event_handler.log_command:Invoked command in '/home/hansol/ros2_ws/build/darknet_ros_msgs' returned '0': CMAKE_PREFIX_PATH=${CMAKE_PREFIX_PATH}:/opt/ros/dashing /usr/local/bin/cmake --install /home/hansol/ros2_ws/build/darknet_ros_msgs
[3.734s] Level 1:colcon.colcon_core.environment:checking '/home/hansol/ros2_ws/install/darknet_ros_msgs' for CMake config files
[3.737s] Level 1:colcon.colcon_core.shell:create_environment_hook('darknet_ros_msgs', 'cmake_prefix_path')
[3.740s] INFO:colcon.colcon_core.shell:Creating environment hook '/home/hansol/ros2_ws/install/darknet_ros_msgs/share/darknet_ros_msgs/hook/cmake_prefix_path.ps1'
[3.744s] INFO:colcon.colcon_core.shell:Creating environment descriptor '/home/hansol/ros2_ws/install/darknet_ros_msgs/share/darknet_ros_msgs/hook/cmake_prefix_path.dsv'
[3.747s] INFO:colcon.colcon_core.shell:Creating environment hook '/home/hansol/ros2_ws/install/darknet_ros_msgs/share/darknet_ros_msgs/hook/cmake_prefix_path.sh'
[3.755s] Level 1:colcon.colcon_core.environment:checking '/home/hansol/ros2_ws/install/darknet_ros_msgs/lib'
[3.756s] Level 1:colcon.colcon_core.shell:create_environment_hook('darknet_ros_msgs', 'ld_library_path_lib')
[3.758s] INFO:colcon.colcon_core.shell:Creating environment hook '/home/hansol/ros2_ws/install/darknet_ros_msgs/share/darknet_ros_msgs/hook/ld_library_path_lib.ps1'
[3.763s] INFO:colcon.colcon_core.shell:Creating environment descriptor '/home/hansol/ros2_ws/install/darknet_ros_msgs/share/darknet_ros_msgs/hook/ld_library_path_lib.dsv'
[3.767s] INFO:colcon.colcon_core.shell:Creating environment hook '/home/hansol/ros2_ws/install/darknet_ros_msgs/share/darknet_ros_msgs/hook/ld_library_path_lib.sh'
[3.770s] Level 1:colcon.colcon_core.environment:checking '/home/hansol/ros2_ws/install/darknet_ros_msgs/bin'
[3.771s] Level 1:colcon.colcon_core.environment:checking '/home/hansol/ros2_ws/install/darknet_ros_msgs/lib/pkgconfig/darknet_ros_msgs.pc'
[3.773s] Level 1:colcon.colcon_core.environment:checking '/home/hansol/ros2_ws/install/darknet_ros_msgs/lib/python3.6/site-packages'
[3.773s] Level 1:colcon.colcon_core.shell:create_environment_hook('darknet_ros_msgs', 'pythonpath')
[3.776s] INFO:colcon.colcon_core.shell:Creating environment hook '/home/hansol/ros2_ws/install/darknet_ros_msgs/share/darknet_ros_msgs/hook/pythonpath.ps1'
[3.779s] INFO:colcon.colcon_core.shell:Creating environment descriptor '/home/hansol/ros2_ws/install/darknet_ros_msgs/share/darknet_ros_msgs/hook/pythonpath.dsv'
[3.782s] INFO:colcon.colcon_core.shell:Creating environment hook '/home/hansol/ros2_ws/install/darknet_ros_msgs/share/darknet_ros_msgs/hook/pythonpath.sh'
[3.785s] Level 1:colcon.colcon_core.environment:checking '/home/hansol/ros2_ws/install/darknet_ros_msgs/bin'
[3.789s] INFO:colcon.colcon_core.shell:Creating package script '/home/hansol/ros2_ws/install/darknet_ros_msgs/share/darknet_ros_msgs/package.ps1'
[3.793s] INFO:colcon.colcon_core.shell:Creating package descriptor '/home/hansol/ros2_ws/install/darknet_ros_msgs/share/darknet_ros_msgs/package.dsv'
[3.797s] INFO:colcon.colcon_core.shell:Creating package script '/home/hansol/ros2_ws/install/darknet_ros_msgs/share/darknet_ros_msgs/package.sh'
[3.803s] INFO:colcon.colcon_core.shell:Creating package script '/home/hansol/ros2_ws/install/darknet_ros_msgs/share/darknet_ros_msgs/package.bash'
[3.806s] INFO:colcon.colcon_core.shell:Creating package script '/home/hansol/ros2_ws/install/darknet_ros_msgs/share/darknet_ros_msgs/package.zsh'
[3.809s] Level 1:colcon.colcon_core.environment:create_file_with_runtime_dependencies(/home/hansol/ros2_ws/install/darknet_ros_msgs/share/colcon-core/packages/darknet_ros_msgs)
[3.887s] Level 1:colcon.colcon_core.environment:create_environment_scripts_only(realsense_camera_msgs)
[3.890s] Level 1:colcon.colcon_core.environment:checking '/home/hansol/ros2_ws/install/realsense_camera_msgs' for CMake module files
[3.894s] Level 1:colcon.colcon_core.environment:checking '/home/hansol/ros2_ws/install/realsense_camera_msgs' for CMake config files
[3.896s] Level 1:colcon.colcon_core.shell:create_environment_hook('realsense_camera_msgs', 'cmake_prefix_path')
[3.899s] INFO:colcon.colcon_core.shell:Creating environment hook '/home/hansol/ros2_ws/install/realsense_camera_msgs/share/realsense_camera_msgs/hook/cmake_prefix_path.ps1'
[3.904s] INFO:colcon.colcon_core.shell:Creating environment descriptor '/home/hansol/ros2_ws/install/realsense_camera_msgs/share/realsense_camera_msgs/hook/cmake_prefix_path.dsv'
[3.906s] INFO:colcon.colcon_core.shell:Creating environment hook '/home/hansol/ros2_ws/install/realsense_camera_msgs/share/realsense_camera_msgs/hook/cmake_prefix_path.sh'
[3.912s] Level 1:colcon.colcon_core.environment:checking '/home/hansol/ros2_ws/install/realsense_camera_msgs/lib'
[3.913s] Level 1:colcon.colcon_core.shell:create_environment_hook('realsense_camera_msgs', 'ld_library_path_lib')
[3.915s] INFO:colcon.colcon_core.shell:Creating environment hook '/home/hansol/ros2_ws/install/realsense_camera_msgs/share/realsense_camera_msgs/hook/ld_library_path_lib.ps1'
[3.918s] INFO:colcon.colcon_core.shell:Creating environment descriptor '/home/hansol/ros2_ws/install/realsense_camera_msgs/share/realsense_camera_msgs/hook/ld_library_path_lib.dsv'
[3.921s] INFO:colcon.colcon_core.shell:Creating environment hook '/home/hansol/ros2_ws/install/realsense_camera_msgs/share/realsense_camera_msgs/hook/ld_library_path_lib.sh'
[3.923s] Level 1:colcon.colcon_core.environment:checking '/home/hansol/ros2_ws/install/realsense_camera_msgs/bin'
[3.924s] Level 1:colcon.colcon_core.environment:checking '/home/hansol/ros2_ws/install/realsense_camera_msgs/lib/pkgconfig/realsense_camera_msgs.pc'
[3.925s] Level 1:colcon.colcon_core.environment:checking '/home/hansol/ros2_ws/install/realsense_camera_msgs/lib/python3.6/site-packages'
[3.926s] Level 1:colcon.colcon_core.shell:create_environment_hook('realsense_camera_msgs', 'pythonpath')
[3.928s] INFO:colcon.colcon_core.shell:Creating environment hook '/home/hansol/ros2_ws/install/realsense_camera_msgs/share/realsense_camera_msgs/hook/pythonpath.ps1'
[3.931s] INFO:colcon.colcon_core.shell:Creating environment descriptor '/home/hansol/ros2_ws/install/realsense_camera_msgs/share/realsense_camera_msgs/hook/pythonpath.dsv'
[3.935s] INFO:colcon.colcon_core.shell:Creating environment hook '/home/hansol/ros2_ws/install/realsense_camera_msgs/share/realsense_camera_msgs/hook/pythonpath.sh'
[3.939s] Level 1:colcon.colcon_core.environment:checking '/home/hansol/ros2_ws/install/realsense_camera_msgs/bin'
[3.943s] INFO:colcon.colcon_core.shell:Creating package script '/home/hansol/ros2_ws/install/realsense_camera_msgs/share/realsense_camera_msgs/package.ps1'
[3.947s] INFO:colcon.colcon_core.shell:Creating package descriptor '/home/hansol/ros2_ws/install/realsense_camera_msgs/share/realsense_camera_msgs/package.dsv'
[3.952s] INFO:colcon.colcon_core.shell:Creating package script '/home/hansol/ros2_ws/install/realsense_camera_msgs/share/realsense_camera_msgs/package.sh'
[3.956s] INFO:colcon.colcon_core.shell:Creating package script '/home/hansol/ros2_ws/install/realsense_camera_msgs/share/realsense_camera_msgs/package.bash'
[3.961s] INFO:colcon.colcon_core.shell:Creating package script '/home/hansol/ros2_ws/install/realsense_camera_msgs/share/realsense_camera_msgs/package.zsh'
[3.965s] Level 1:colcon.colcon_core.environment:create_file_with_runtime_dependencies(/home/hansol/ros2_ws/install/realsense_camera_msgs/share/colcon-core/packages/realsense_camera_msgs)
[3.968s] INFO:colcon.colcon_ros.task.ament_cmake.build:Building ROS package in '/home/hansol/ros2_ws/src/ros2_intel_realsense/realsense_ros2_camera' with build type 'ament_cmake'
[3.970s] INFO:colcon.colcon_cmake.task.cmake.build:Building CMake package in '/home/hansol/ros2_ws/src/ros2_intel_realsense/realsense_ros2_camera'
[3.973s] INFO:colcon.colcon_core.shell:Skip shell extension 'powershell' for command environment: Not usable outside of PowerShell
[3.973s] DEBUG:colcon.colcon_core.shell:Skip shell extension 'dsv' for command environment
[4.078s] DEBUG:colcon.colcon_core.event_handler.log_command:Invoking command in '/home/hansol/ros2_ws/build/realsense_ros2_camera': CMAKE_PREFIX_PATH=/home/hansol/ros2_ws/install/realsense_camera_msgs:/home/hansol/ros2_ws/install/realsense_ros2_camera:/home/hansol/ros2_ws/install/darknet_ros:/home/hansol/ros2_ws/install/darknet_ros_msgs:/home/hansol/ros2_ws/install/Darknet:/opt/ros/dashing LD_LIBRARY_PATH=/home/hansol/ros2_ws/install/realsense_camera_msgs/lib:/home/hansol/ros2_ws/install/darknet_ros/lib:/home/hansol/ros2_ws/install/darknet_ros_msgs/lib:/opt/ros/dashing/lib:/usr/local/cuda-10.2/lib64 /usr/local/bin/cmake --build /home/hansol/ros2_ws/build/realsense_ros2_camera -- -j4 -l4
[4.267s] DEBUG:colcon.colcon_core.event_handler.log_command:Invoked command in '/home/hansol/ros2_ws/build/realsense_ros2_camera' returned '0': CMAKE_PREFIX_PATH=/home/hansol/ros2_ws/install/realsense_camera_msgs:/home/hansol/ros2_ws/install/realsense_ros2_camera:/home/hansol/ros2_ws/install/darknet_ros:/home/hansol/ros2_ws/install/darknet_ros_msgs:/home/hansol/ros2_ws/install/Darknet:/opt/ros/dashing LD_LIBRARY_PATH=/home/hansol/ros2_ws/install/realsense_camera_msgs/lib:/home/hansol/ros2_ws/install/darknet_ros/lib:/home/hansol/ros2_ws/install/darknet_ros_msgs/lib:/opt/ros/dashing/lib:/usr/local/cuda-10.2/lib64 /usr/local/bin/cmake --build /home/hansol/ros2_ws/build/realsense_ros2_camera -- -j4 -l4
[4.301s] Level 1:colcon.colcon_core.environment:create_environment_scripts_only(darknet_ros_msgs)
[4.304s] Level 1:colcon.colcon_core.environment:checking '/home/hansol/ros2_ws/install/darknet_ros_msgs' for CMake module files
[4.309s] Level 1:colcon.colcon_core.environment:checking '/home/hansol/ros2_ws/install/darknet_ros_msgs' for CMake config files
[4.311s] Level 1:colcon.colcon_core.shell:create_environment_hook('darknet_ros_msgs', 'cmake_prefix_path')
[4.314s] INFO:colcon.colcon_core.shell:Creating environment hook '/home/hansol/ros2_ws/install/darknet_ros_msgs/share/darknet_ros_msgs/hook/cmake_prefix_path.ps1'
[4.319s] INFO:colcon.colcon_core.shell:Creating environment descriptor '/home/hansol/ros2_ws/install/darknet_ros_msgs/share/darknet_ros_msgs/hook/cmake_prefix_path.dsv'
[4.322s] INFO:colcon.colcon_core.shell:Creating environment hook '/home/hansol/ros2_ws/install/darknet_ros_msgs/share/darknet_ros_msgs/hook/cmake_prefix_path.sh'
[4.328s] Level 1:colcon.colcon_core.environment:checking '/home/hansol/ros2_ws/install/darknet_ros_msgs/lib'
[4.329s] Level 1:colcon.colcon_core.shell:create_environment_hook('darknet_ros_msgs', 'ld_library_path_lib')
[4.332s] INFO:colcon.colcon_core.shell:Creating environment hook '/home/hansol/ros2_ws/install/darknet_ros_msgs/share/darknet_ros_msgs/hook/ld_library_path_lib.ps1'
[4.335s] INFO:colcon.colcon_core.shell:Creating environment descriptor '/home/hansol/ros2_ws/install/darknet_ros_msgs/share/darknet_ros_msgs/hook/ld_library_path_lib.dsv'
[4.339s] INFO:colcon.colcon_core.shell:Creating environment hook '/home/hansol/ros2_ws/install/darknet_ros_msgs/share/darknet_ros_msgs/hook/ld_library_path_lib.sh'
[4.342s] Level 1:colcon.colcon_core.environment:checking '/home/hansol/ros2_ws/install/darknet_ros_msgs/bin'
[4.344s] Level 1:colcon.colcon_core.environment:checking '/home/hansol/ros2_ws/install/darknet_ros_msgs/lib/pkgconfig/darknet_ros_msgs.pc'
[4.345s] Level 1:colcon.colcon_core.environment:checking '/home/hansol/ros2_ws/install/darknet_ros_msgs/lib/python3.6/site-packages'
[4.346s] Level 1:colcon.colcon_core.shell:create_environment_hook('darknet_ros_msgs', 'pythonpath')
[4.348s] INFO:colcon.colcon_core.shell:Creating environment hook '/home/hansol/ros2_ws/install/darknet_ros_msgs/share/darknet_ros_msgs/hook/pythonpath.ps1'
[4.351s] INFO:colcon.colcon_core.shell:Creating environment descriptor '/home/hansol/ros2_ws/install/darknet_ros_msgs/share/darknet_ros_msgs/hook/pythonpath.dsv'
[4.354s] INFO:colcon.colcon_core.shell:Creating environment hook '/home/hansol/ros2_ws/install/darknet_ros_msgs/share/darknet_ros_msgs/hook/pythonpath.sh'
[4.357s] Level 1:colcon.colcon_core.environment:checking '/home/hansol/ros2_ws/install/darknet_ros_msgs/bin'
[4.362s] INFO:colcon.colcon_core.shell:Creating package script '/home/hansol/ros2_ws/install/darknet_ros_msgs/share/darknet_ros_msgs/package.ps1'
[4.366s] INFO:colcon.colcon_core.shell:Creating package descriptor '/home/hansol/ros2_ws/install/darknet_ros_msgs/share/darknet_ros_msgs/package.dsv'
[4.370s] INFO:colcon.colcon_core.shell:Creating package script '/home/hansol/ros2_ws/install/darknet_ros_msgs/share/darknet_ros_msgs/package.sh'
[4.373s] INFO:colcon.colcon_core.shell:Creating package script '/home/hansol/ros2_ws/install/darknet_ros_msgs/share/darknet_ros_msgs/package.bash'
[4.376s] INFO:colcon.colcon_core.shell:Creating package script '/home/hansol/ros2_ws/install/darknet_ros_msgs/share/darknet_ros_msgs/package.zsh'
[4.378s] Level 1:colcon.colcon_core.environment:create_file_with_runtime_dependencies(/home/hansol/ros2_ws/install/darknet_ros_msgs/share/colcon-core/packages/darknet_ros_msgs)
[4.384s] INFO:colcon.colcon_ros.task.ament_cmake.build:Building ROS package in '/home/hansol/ros2_ws/src/darknet_ros/darknet_ros' with build type 'ament_cmake'
[4.385s] INFO:colcon.colcon_cmake.task.cmake.build:Building CMake package in '/home/hansol/ros2_ws/src/darknet_ros/darknet_ros'
[4.388s] INFO:colcon.colcon_core.shell:Skip shell extension 'powershell' for command environment: Not usable outside of PowerShell
[4.388s] DEBUG:colcon.colcon_core.shell:Skip shell extension 'dsv' for command environment
[4.460s] DEBUG:colcon.colcon_core.event_handler.log_command:Invoking command in '/home/hansol/ros2_ws/build/realsense_ros2_camera': CMAKE_PREFIX_PATH=/home/hansol/ros2_ws/install/realsense_camera_msgs:/home/hansol/ros2_ws/install/realsense_ros2_camera:/home/hansol/ros2_ws/install/darknet_ros:/home/hansol/ros2_ws/install/darknet_ros_msgs:/home/hansol/ros2_ws/install/Darknet:/opt/ros/dashing LD_LIBRARY_PATH=/home/hansol/ros2_ws/install/realsense_camera_msgs/lib:/home/hansol/ros2_ws/install/darknet_ros/lib:/home/hansol/ros2_ws/install/darknet_ros_msgs/lib:/opt/ros/dashing/lib:/usr/local/cuda-10.2/lib64 /usr/local/bin/cmake --install /home/hansol/ros2_ws/build/realsense_ros2_camera
[4.529s] DEBUG:colcon.colcon_core.event_handler.log_command:Invoking command in '/home/hansol/ros2_ws/build/darknet_ros': CMAKE_PREFIX_PATH=/home/hansol/ros2_ws/install/darknet_ros_msgs:/home/hansol/ros2_ws/install/realsense_ros2_camera:/home/hansol/ros2_ws/install/realsense_camera_msgs:/home/hansol/ros2_ws/install/darknet_ros:/home/hansol/ros2_ws/install/Darknet:/opt/ros/dashing LD_LIBRARY_PATH=/home/hansol/ros2_ws/install/darknet_ros_msgs/lib:/home/hansol/ros2_ws/install/realsense_camera_msgs/lib:/home/hansol/ros2_ws/install/darknet_ros/lib:/opt/ros/dashing/lib:/usr/local/cuda-10.2/lib64 PYTHONPATH=/home/hansol/ros2_ws/install/darknet_ros_msgs/lib/python3.6/site-packages:/home/hansol/ros2_ws/install/realsense_camera_msgs/lib/python3.6/site-packages:/opt/ros/dashing/lib/python3.6/site-packages /usr/local/bin/cmake --build /home/hansol/ros2_ws/build/darknet_ros -- -j4 -l4
[4.550s] Level 1:colcon.colcon_core.environment:create_environment_scripts_only(realsense_ros2_camera)
[4.553s] Level 1:colcon.colcon_core.environment:checking '/home/hansol/ros2_ws/install/realsense_ros2_camera' for CMake module files
[4.566s] DEBUG:colcon.colcon_core.event_handler.log_command:Invoked command in '/home/hansol/ros2_ws/build/realsense_ros2_camera' returned '0': CMAKE_PREFIX_PATH=/home/hansol/ros2_ws/install/realsense_camera_msgs:/home/hansol/ros2_ws/install/realsense_ros2_camera:/home/hansol/ros2_ws/install/darknet_ros:/home/hansol/ros2_ws/install/darknet_ros_msgs:/home/hansol/ros2_ws/install/Darknet:/opt/ros/dashing LD_LIBRARY_PATH=/home/hansol/ros2_ws/install/realsense_camera_msgs/lib:/home/hansol/ros2_ws/install/darknet_ros/lib:/home/hansol/ros2_ws/install/darknet_ros_msgs/lib:/opt/ros/dashing/lib:/usr/local/cuda-10.2/lib64 /usr/local/bin/cmake --install /home/hansol/ros2_ws/build/realsense_ros2_camera
[4.569s] Level 1:colcon.colcon_core.environment:checking '/home/hansol/ros2_ws/install/realsense_ros2_camera' for CMake config files
[4.571s] Level 1:colcon.colcon_core.shell:create_environment_hook('realsense_ros2_camera', 'cmake_prefix_path')
[4.574s] INFO:colcon.colcon_core.shell:Creating environment hook '/home/hansol/ros2_ws/install/realsense_ros2_camera/share/realsense_ros2_camera/hook/cmake_prefix_path.ps1'
[4.578s] INFO:colcon.colcon_core.shell:Creating environment descriptor '/home/hansol/ros2_ws/install/realsense_ros2_camera/share/realsense_ros2_camera/hook/cmake_prefix_path.dsv'
[4.581s] INFO:colcon.colcon_core.shell:Creating environment hook '/home/hansol/ros2_ws/install/realsense_ros2_camera/share/realsense_ros2_camera/hook/cmake_prefix_path.sh'
[4.586s] Level 1:colcon.colcon_core.environment:checking '/home/hansol/ros2_ws/install/realsense_ros2_camera/lib'
[4.587s] Level 1:colcon.colcon_core.environment:checking '/home/hansol/ros2_ws/install/realsense_ros2_camera/bin'
[4.587s] Level 1:colcon.colcon_core.shell:create_environment_hook('realsense_ros2_camera', 'path')
[4.589s] INFO:colcon.colcon_core.shell:Creating environment hook '/home/hansol/ros2_ws/install/realsense_ros2_camera/share/realsense_ros2_camera/hook/path.ps1'
[4.593s] INFO:colcon.colcon_core.shell:Creating environment descriptor '/home/hansol/ros2_ws/install/realsense_ros2_camera/share/realsense_ros2_camera/hook/path.dsv'
[4.596s] INFO:colcon.colcon_core.shell:Creating environment hook '/home/hansol/ros2_ws/install/realsense_ros2_camera/share/realsense_ros2_camera/hook/path.sh'
[4.599s] Level 1:colcon.colcon_core.environment:checking '/home/hansol/ros2_ws/install/realsense_ros2_camera/lib/pkgconfig/realsense_ros2_camera.pc'
[4.601s] Level 1:colcon.colcon_core.environment:checking '/home/hansol/ros2_ws/install/realsense_ros2_camera/lib/python3.6/site-packages'
[4.602s] Level 1:colcon.colcon_core.environment:checking '/home/hansol/ros2_ws/install/realsense_ros2_camera/bin'
[4.603s] Level 1:colcon.colcon_core.shell:create_environment_hook('realsense_ros2_camera', 'pythonscriptspath')
[4.605s] INFO:colcon.colcon_core.shell:Creating environment hook '/home/hansol/ros2_ws/install/realsense_ros2_camera/share/realsense_ros2_camera/hook/pythonscriptspath.ps1'
[4.608s] INFO:colcon.colcon_core.shell:Creating environment descriptor '/home/hansol/ros2_ws/install/realsense_ros2_camera/share/realsense_ros2_camera/hook/pythonscriptspath.dsv'
[4.611s] INFO:colcon.colcon_core.shell:Creating environment hook '/home/hansol/ros2_ws/install/realsense_ros2_camera/share/realsense_ros2_camera/hook/pythonscriptspath.sh'
[4.617s] INFO:colcon.colcon_core.shell:Creating package script '/home/hansol/ros2_ws/install/realsense_ros2_camera/share/realsense_ros2_camera/package.ps1'
[4.621s] INFO:colcon.colcon_core.shell:Creating package descriptor '/home/hansol/ros2_ws/install/realsense_ros2_camera/share/realsense_ros2_camera/package.dsv'
[4.625s] INFO:colcon.colcon_core.shell:Creating package script '/home/hansol/ros2_ws/install/realsense_ros2_camera/share/realsense_ros2_camera/package.sh'
[4.628s] INFO:colcon.colcon_core.shell:Creating package script '/home/hansol/ros2_ws/install/realsense_ros2_camera/share/realsense_ros2_camera/package.bash'
[4.630s] INFO:colcon.colcon_core.shell:Creating package script '/home/hansol/ros2_ws/install/realsense_ros2_camera/share/realsense_ros2_camera/package.zsh'
[4.632s] Level 1:colcon.colcon_core.environment:create_file_with_runtime_dependencies(/home/hansol/ros2_ws/install/realsense_ros2_camera/share/colcon-core/packages/realsense_ros2_camera)
[4.740s] Level 1:colcon.colcon_core.environment:create_environment_scripts_only(realsense_ros2_camera)
[4.743s] Level 1:colcon.colcon_core.environment:checking '/home/hansol/ros2_ws/install/realsense_ros2_camera' for CMake module files
[4.747s] Level 1:colcon.colcon_core.environment:checking '/home/hansol/ros2_ws/install/realsense_ros2_camera' for CMake config files
[4.749s] Level 1:colcon.colcon_core.shell:create_environment_hook('realsense_ros2_camera', 'cmake_prefix_path')
[4.751s] INFO:colcon.colcon_core.shell:Creating environment hook '/home/hansol/ros2_ws/install/realsense_ros2_camera/share/realsense_ros2_camera/hook/cmake_prefix_path.ps1'
[4.757s] INFO:colcon.colcon_core.shell:Creating environment descriptor '/home/hansol/ros2_ws/install/realsense_ros2_camera/share/realsense_ros2_camera/hook/cmake_prefix_path.dsv'
[4.759s] INFO:colcon.colcon_core.shell:Creating environment hook '/home/hansol/ros2_ws/install/realsense_ros2_camera/share/realsense_ros2_camera/hook/cmake_prefix_path.sh'
[4.765s] Level 1:colcon.colcon_core.environment:checking '/home/hansol/ros2_ws/install/realsense_ros2_camera/lib'
[4.765s] Level 1:colcon.colcon_core.environment:checking '/home/hansol/ros2_ws/install/realsense_ros2_camera/bin'
[4.766s] Level 1:colcon.colcon_core.shell:create_environment_hook('realsense_ros2_camera', 'path')
[4.768s] INFO:colcon.colcon_core.shell:Creating environment hook '/home/hansol/ros2_ws/install/realsense_ros2_camera/share/realsense_ros2_camera/hook/path.ps1'
[4.771s] INFO:colcon.colcon_core.shell:Creating environment descriptor '/home/hansol/ros2_ws/install/realsense_ros2_camera/share/realsense_ros2_camera/hook/path.dsv'
[4.774s] INFO:colcon.colcon_core.shell:Creating environment hook '/home/hansol/ros2_ws/install/realsense_ros2_camera/share/realsense_ros2_camera/hook/path.sh'
[4.777s] Level 1:colcon.colcon_core.environment:checking '/home/hansol/ros2_ws/install/realsense_ros2_camera/lib/pkgconfig/realsense_ros2_camera.pc'
[4.779s] Level 1:colcon.colcon_core.environment:checking '/home/hansol/ros2_ws/install/realsense_ros2_camera/lib/python3.6/site-packages'
[4.780s] Level 1:colcon.colcon_core.environment:checking '/home/hansol/ros2_ws/install/realsense_ros2_camera/bin'
[4.781s] Level 1:colcon.colcon_core.shell:create_environment_hook('realsense_ros2_camera', 'pythonscriptspath')
[4.783s] INFO:colcon.colcon_core.shell:Creating environment hook '/home/hansol/ros2_ws/install/realsense_ros2_camera/share/realsense_ros2_camera/hook/pythonscriptspath.ps1'
[4.786s] INFO:colcon.colcon_core.shell:Creating environment descriptor '/home/hansol/ros2_ws/install/realsense_ros2_camera/share/realsense_ros2_camera/hook/pythonscriptspath.dsv'
[4.788s] INFO:colcon.colcon_core.shell:Creating environment hook '/home/hansol/ros2_ws/install/realsense_ros2_camera/share/realsense_ros2_camera/hook/pythonscriptspath.sh'
[4.793s] INFO:colcon.colcon_core.shell:Creating package script '/home/hansol/ros2_ws/install/realsense_ros2_camera/share/realsense_ros2_camera/package.ps1'
[4.797s] INFO:colcon.colcon_core.shell:Creating package descriptor '/home/hansol/ros2_ws/install/realsense_ros2_camera/share/realsense_ros2_camera/package.dsv'
[4.801s] INFO:colcon.colcon_core.shell:Creating package script '/home/hansol/ros2_ws/install/realsense_ros2_camera/share/realsense_ros2_camera/package.sh'
[4.804s] INFO:colcon.colcon_core.shell:Creating package script '/home/hansol/ros2_ws/install/realsense_ros2_camera/share/realsense_ros2_camera/package.bash'
[4.807s] INFO:colcon.colcon_core.shell:Creating package script '/home/hansol/ros2_ws/install/realsense_ros2_camera/share/realsense_ros2_camera/package.zsh'
[4.810s] Level 1:colcon.colcon_core.environment:create_file_with_runtime_dependencies(/home/hansol/ros2_ws/install/realsense_ros2_camera/share/colcon-core/packages/realsense_ros2_camera)
[24.013s] DEBUG:colcon.colcon_core.event_handler.log_command:Invoked command in '/home/hansol/ros2_ws/build/darknet_ros' returned '2': CMAKE_PREFIX_PATH=/home/hansol/ros2_ws/install/darknet_ros_msgs:/home/hansol/ros2_ws/install/realsense_ros2_camera:/home/hansol/ros2_ws/install/realsense_camera_msgs:/home/hansol/ros2_ws/install/darknet_ros:/home/hansol/ros2_ws/install/Darknet:/opt/ros/dashing LD_LIBRARY_PATH=/home/hansol/ros2_ws/install/darknet_ros_msgs/lib:/home/hansol/ros2_ws/install/realsense_camera_msgs/lib:/home/hansol/ros2_ws/install/darknet_ros/lib:/opt/ros/dashing/lib:/usr/local/cuda-10.2/lib64 PYTHONPATH=/home/hansol/ros2_ws/install/darknet_ros_msgs/lib/python3.6/site-packages:/home/hansol/ros2_ws/install/realsense_camera_msgs/lib/python3.6/site-packages:/opt/ros/dashing/lib/python3.6/site-packages /usr/local/bin/cmake --build /home/hansol/ros2_ws/build/darknet_ros -- -j4 -l4
[24.827s] Level 1:colcon.colcon_core.environment:create_environment_scripts_only(darknet_ros)
[24.830s] Level 1:colcon.colcon_core.environment:checking '/home/hansol/ros2_ws/install/darknet_ros' for CMake module files
[24.834s] Level 1:colcon.colcon_core.environment:checking '/home/hansol/ros2_ws/install/darknet_ros' for CMake config files
[24.837s] Level 1:colcon.colcon_core.shell:create_environment_hook('darknet_ros', 'cmake_prefix_path')
[24.839s] INFO:colcon.colcon_core.shell:Creating environment hook '/home/hansol/ros2_ws/install/darknet_ros/share/darknet_ros/hook/cmake_prefix_path.ps1'
[24.842s] INFO:colcon.colcon_core.shell:Creating environment descriptor '/home/hansol/ros2_ws/install/darknet_ros/share/darknet_ros/hook/cmake_prefix_path.dsv'
[24.846s] INFO:colcon.colcon_core.shell:Creating environment hook '/home/hansol/ros2_ws/install/darknet_ros/share/darknet_ros/hook/cmake_prefix_path.sh'
[24.850s] Level 1:colcon.colcon_core.environment:checking '/home/hansol/ros2_ws/install/darknet_ros/lib'
[24.851s] Level 1:colcon.colcon_core.environment:checking '/home/hansol/ros2_ws/install/darknet_ros/bin'
[24.852s] Level 1:colcon.colcon_core.environment:checking '/home/hansol/ros2_ws/install/darknet_ros/lib/pkgconfig/darknet_ros.pc'
[24.853s] Level 1:colcon.colcon_core.environment:checking '/home/hansol/ros2_ws/install/darknet_ros/lib/python3.6/site-packages'
[24.854s] Level 1:colcon.colcon_core.environment:checking '/home/hansol/ros2_ws/install/darknet_ros/bin'
[24.856s] INFO:colcon.colcon_core.shell:Creating package script '/home/hansol/ros2_ws/install/darknet_ros/share/darknet_ros/package.ps1'
[24.859s] INFO:colcon.colcon_core.shell:Creating package descriptor '/home/hansol/ros2_ws/install/darknet_ros/share/darknet_ros/package.dsv'
[24.862s] INFO:colcon.colcon_core.shell:Creating package script '/home/hansol/ros2_ws/install/darknet_ros/share/darknet_ros/package.sh'
[24.865s] INFO:colcon.colcon_core.shell:Creating package script '/home/hansol/ros2_ws/install/darknet_ros/share/darknet_ros/package.bash'
[24.867s] INFO:colcon.colcon_core.shell:Creating package script '/home/hansol/ros2_ws/install/darknet_ros/share/darknet_ros/package.zsh'
[24.870s] Level 1:colcon.colcon_core.environment:create_file_with_runtime_dependencies(/home/hansol/ros2_ws/install/darknet_ros/share/colcon-core/packages/darknet_ros)
[24.883s] DEBUG:colcon.colcon_parallel_executor.executor.parallel:closing loop
[24.890s] DEBUG:colcon.colcon_parallel_executor.executor.parallel:loop closed
[24.890s] DEBUG:colcon.colcon_parallel_executor.executor.parallel:run_until_complete finished with '2'
[24.891s] DEBUG:colcon.colcon_core.event_reactor:joining thread
[24.924s] INFO:colcon.colcon_core.plugin_system:Skipping extension 'colcon_notification.desktop_notification.terminal_notifier': Not used on non-Darwin systems
[24.925s] INFO:colcon.colcon_core.plugin_system:Skipping extension 'colcon_notification.desktop_notification.win32': Not used on non-Windows systems
[24.925s] INFO:colcon.colcon_notification.desktop_notification:Sending desktop notification using 'notify2'
[24.955s] DEBUG:colcon.colcon_core.event_reactor:joined thread
[24.958s] INFO:colcon.colcon_core.shell:Creating prefix script '/home/hansol/ros2_ws/install/local_setup.ps1'
[24.965s] INFO:colcon.colcon_core.shell:Creating prefix util module '/home/hansol/ros2_ws/install/_local_setup_util_ps1.py'
[24.976s] INFO:colcon.colcon_core.shell:Creating prefix chain script '/home/hansol/ros2_ws/install/setup.ps1'
[24.986s] INFO:colcon.colcon_core.shell:Creating prefix script '/home/hansol/ros2_ws/install/local_setup.sh'
[24.989s] INFO:colcon.colcon_core.shell:Creating prefix util module '/home/hansol/ros2_ws/install/_local_setup_util_sh.py'
[24.992s] INFO:colcon.colcon_core.shell:Creating prefix chain script '/home/hansol/ros2_ws/install/setup.sh'
[25.000s] INFO:colcon.colcon_core.shell:Creating prefix script '/home/hansol/ros2_ws/install/local_setup.bash'
[25.003s] INFO:colcon.colcon_core.shell:Creating prefix chain script '/home/hansol/ros2_ws/install/setup.bash'
[25.011s] INFO:colcon.colcon_core.shell:Creating prefix script '/home/hansol/ros2_ws/install/local_setup.zsh'
[25.015s] INFO:colcon.colcon_core.shell:Creating prefix chain script '/home/hansol/ros2_ws/install/setup.zsh'
