[0.148s] Invoking command in '/home/hansol/ros2_ws/build/Darknet': /usr/local/bin/cmake --build /home/hansol/ros2_ws/build/Darknet -- -j4 -l4
[0.167s] Change Dir: '/home/hansol/ros2_ws/build/Darknet'
[0.168s] 
[0.169s] Run Build Command(s): /usr/local/bin/cmake -E env VERBOSE=1 /usr/bin/make -f Makefile -j4 -l4
[0.200s] /usr/local/bin/cmake -S/home/hansol/ros2_ws/src/darknet_ros/darknet -B/home/hansol/ros2_ws/build/Darknet --check-build-system CMakeFiles/Makefile.cmake 0
[0.234s] /usr/local/bin/cmake -E cmake_progress_start /home/hansol/ros2_ws/build/Darknet/CMakeFiles /home/hansol/ros2_ws/build/Darknet//CMakeFiles/progress.marks
[0.254s] /usr/bin/make  -f CMakeFiles/Makefile2 all
[0.267s] make[1]: Entering directory '/home/hansol/ros2_ws/build/Darknet'
[0.268s] /usr/bin/make  -f CMakeFiles/dark.dir/build.make CMakeFiles/dark.dir/depend
[0.269s] /usr/bin/make  -f CMakeFiles/darknet.dir/build.make CMakeFiles/darknet.dir/depend
[0.378s] make[2]: Entering directory '/home/hansol/ros2_ws/build/Darknet'
[0.379s] cd /home/hansol/ros2_ws/build/Darknet && /usr/local/bin/cmake -E cmake_depends "Unix Makefiles" /home/hansol/ros2_ws/src/darknet_ros/darknet /home/hansol/ros2_ws/src/darknet_ros/darknet /home/hansol/ros2_ws/build/Darknet /home/hansol/ros2_ws/build/Darknet /home/hansol/ros2_ws/build/Darknet/CMakeFiles/dark.dir/DependInfo.cmake "--color="
[0.396s] make[2]: Entering directory '/home/hansol/ros2_ws/build/Darknet'
[0.401s] cd /home/hansol/ros2_ws/build/Darknet && /usr/local/bin/cmake -E cmake_depends "Unix Makefiles" /home/hansol/ros2_ws/src/darknet_ros/darknet /home/hansol/ros2_ws/src/darknet_ros/darknet /home/hansol/ros2_ws/build/Darknet /home/hansol/ros2_ws/build/Darknet /home/hansol/ros2_ws/build/Darknet/CMakeFiles/darknet.dir/DependInfo.cmake "--color="
[0.463s] make[2]: Leaving directory '/home/hansol/ros2_ws/build/Darknet'
[0.474s] /usr/bin/make  -f CMakeFiles/dark.dir/build.make CMakeFiles/dark.dir/build
[0.483s] make[2]: Leaving directory '/home/hansol/ros2_ws/build/Darknet'
[0.484s] /usr/bin/make  -f CMakeFiles/darknet.dir/build.make CMakeFiles/darknet.dir/build
[0.571s] make[2]: Entering directory '/home/hansol/ros2_ws/build/Darknet'
[0.572s] make[2]: Nothing to be done for 'CMakeFiles/dark.dir/build'.
[0.573s] make[2]: Leaving directory '/home/hansol/ros2_ws/build/Darknet'
[0.592s] make[2]: Entering directory '/home/hansol/ros2_ws/build/Darknet'
[0.593s] make[2]: Nothing to be done for 'CMakeFiles/darknet.dir/build'.
[0.593s] make[2]: Leaving directory '/home/hansol/ros2_ws/build/Darknet'
[0.603s] [ 49%] Built target dark
[0.609s] /usr/bin/make  -f CMakeFiles/uselib_track.dir/build.make CMakeFiles/uselib_track.dir/depend
[0.611s] /usr/bin/make  -f CMakeFiles/uselib.dir/build.make CMakeFiles/uselib.dir/depend
[0.622s] make[2]: Entering directory '/home/hansol/ros2_ws/build/Darknet'
[0.625s] cd /home/hansol/ros2_ws/build/Darknet && /usr/local/bin/cmake -E cmake_depends "Unix Makefiles" /home/hansol/ros2_ws/src/darknet_ros/darknet /home/hansol/ros2_ws/src/darknet_ros/darknet /home/hansol/ros2_ws/build/Darknet /home/hansol/ros2_ws/build/Darknet /home/hansol/ros2_ws/build/Darknet/CMakeFiles/uselib_track.dir/DependInfo.cmake "--color="
[0.626s] make[2]: Entering directory '/home/hansol/ros2_ws/build/Darknet'
[0.627s] cd /home/hansol/ros2_ws/build/Darknet && /usr/local/bin/cmake -E cmake_depends "Unix Makefiles" /home/hansol/ros2_ws/src/darknet_ros/darknet /home/hansol/ros2_ws/src/darknet_ros/darknet /home/hansol/ros2_ws/build/Darknet /home/hansol/ros2_ws/build/Darknet /home/hansol/ros2_ws/build/Darknet/CMakeFiles/uselib.dir/DependInfo.cmake "--color="
[0.648s] [ 97%] Built target darknet
[0.650s] make[2]: Leaving directory '/home/hansol/ros2_ws/build/Darknet'
[0.651s] /usr/bin/make  -f CMakeFiles/uselib_track.dir/build.make CMakeFiles/uselib_track.dir/build
[0.658s] make[2]: Leaving directory '/home/hansol/ros2_ws/build/Darknet'
[0.659s] /usr/bin/make  -f CMakeFiles/uselib.dir/build.make CMakeFiles/uselib.dir/build
[0.677s] make[2]: Entering directory '/home/hansol/ros2_ws/build/Darknet'
[0.680s] make[2]: Nothing to be done for 'CMakeFiles/uselib.dir/build'.
[0.681s] make[2]: Leaving directory '/home/hansol/ros2_ws/build/Darknet'
[0.685s] make[2]: Entering directory '/home/hansol/ros2_ws/build/Darknet'
[0.687s] make[2]: Nothing to be done for 'CMakeFiles/uselib_track.dir/build'.
[0.689s] make[2]: Leaving directory '/home/hansol/ros2_ws/build/Darknet'
[0.703s] [ 98%] Built target uselib
[0.708s] [100%] Built target uselib_track
[0.711s] make[1]: Leaving directory '/home/hansol/ros2_ws/build/Darknet'
[0.713s] /usr/local/bin/cmake -E cmake_progress_start /home/hansol/ros2_ws/build/Darknet/CMakeFiles 0
[0.740s] 
[0.748s] Invoked command in '/home/hansol/ros2_ws/build/Darknet' returned '0': /usr/local/bin/cmake --build /home/hansol/ros2_ws/build/Darknet -- -j4 -l4
[2.024s] Invoking command in '/home/hansol/ros2_ws/build/Darknet': /usr/local/bin/cmake --install /home/hansol/ros2_ws/build/Darknet
[2.049s] -- Install configuration: "Release"
[2.053s] -- Up-to-date: /home/hansol/ros2_ws/src/darknet_ros/darknet/libdarknet.so
[2.054s] -- Up-to-date: /home/hansol/ros2_ws/install/Darknet/include/darknet/darknet.h
[2.056s] -- Up-to-date: /home/hansol/ros2_ws/install/Darknet/include/darknet/yolo_v2_class.hpp
[2.063s] -- Up-to-date: /home/hansol/ros2_ws/src/darknet_ros/darknet/uselib
[2.064s] -- Up-to-date: /home/hansol/ros2_ws/src/darknet_ros/darknet/darknet
[2.065s] -- Up-to-date: /home/hansol/ros2_ws/src/darknet_ros/darknet/uselib_track
[2.075s] -- Up-to-date: /home/hansol/ros2_ws/install/Darknet/share/darknet/DarknetTargets.cmake
[2.079s] -- Up-to-date: /home/hansol/ros2_ws/install/Darknet/share/darknet/DarknetTargets-release.cmake
[2.081s] -- Up-to-date: /home/hansol/ros2_ws/install/Darknet/share/darknet/DarknetConfig.cmake
[2.085s] -- Up-to-date: /home/hansol/ros2_ws/install/Darknet/share/darknet/DarknetConfigVersion.cmake
[2.092s] Invoked command in '/home/hansol/ros2_ws/build/Darknet' returned '0': /usr/local/bin/cmake --install /home/hansol/ros2_ws/build/Darknet
