[  1%] [32mBuilding CXX object CMakeFiles/darknet_ros_lib.dir/src/YoloObjectDetector.cpp.o[0m
[01m[K/home/hansol/ros2_ws/src/darknet_ros/darknet_ros/src/YoloObjectDetector.cpp:[m[K In member function ‘[01m[Kvoid darknet_ros::YoloObjectDetector::init()[m[K’:
[01m[K/home/hansol/ros2_ws/src/darknet_ros/darknet_ros/src/YoloObjectDetector.cpp:190:63:[m[K [01;31m[Kerror: [m[Kno matching function for call to ‘[01m[Kimage_transport::TransportHints::TransportHints(const char [11])[m[K’
   image_transport::TransportHints transport_hints("compressed"[01;31m[K)[m[K;
                                                               [01;31m[K^[m[K
In file included from [01m[K/opt/ros/dashing/include/image_transport/image_transport.h:49:0[m[K,
                 from [01m[K/home/hansol/ros2_ws/src/darknet_ros/darknet_ros/include/darknet_ros/YoloObjectDetector.hpp:30[m[K,
                 from [01m[K/home/hansol/ros2_ws/src/darknet_ros/darknet_ros/src/YoloObjectDetector.cpp:10[m[K:
[01m[K/opt/ros/dashing/include/image_transport/transport_hints.h:67:3:[m[K [01;36m[Knote: [m[Kcandidate: image_transport::TransportHints::TransportHints(const rclcpp::Node*, const string&, const string&)
   [01;36m[KTransportHints[m[K(
   [01;36m[K^~~~~~~~~~~~~~[m[K
[01m[K/opt/ros/dashing/include/image_transport/transport_hints.h:67:3:[m[K [01;36m[Knote: [m[K  no known conversion for argument 1 from ‘[01m[Kconst char [11][m[K’ to ‘[01m[Kconst rclcpp::Node*[m[K’
[01m[K/opt/ros/dashing/include/image_transport/transport_hints.h:51:7:[m[K [01;36m[Knote: [m[Kcandidate: image_transport::TransportHints::TransportHints(const image_transport::TransportHints&)
 class [01;36m[KTransportHints[m[K
       [01;36m[K^~~~~~~~~~~~~~[m[K
[01m[K/opt/ros/dashing/include/image_transport/transport_hints.h:51:7:[m[K [01;36m[Knote: [m[K  no known conversion for argument 1 from ‘[01m[Kconst char [11][m[K’ to ‘[01m[Kconst image_transport::TransportHints&[m[K’
[01m[K/opt/ros/dashing/include/image_transport/transport_hints.h:51:7:[m[K [01;36m[Knote: [m[Kcandidate: image_transport::TransportHints::TransportHints(image_transport::TransportHints&&)
[01m[K/opt/ros/dashing/include/image_transport/transport_hints.h:51:7:[m[K [01;36m[Knote: [m[K  no known conversion for argument 1 from ‘[01m[Kconst char [11][m[K’ to ‘[01m[Kimage_transport::TransportHints&&[m[K’
In file included from [01m[K/opt/ros/dashing/include/rclcpp/context.hpp:19:0[m[K,
                 from [01m[K/opt/ros/dashing/include/rclcpp/contexts/default_context.hpp:18[m[K,
                 from [01m[K/opt/ros/dashing/include/rclcpp/executor.hpp:32[m[K,
                 from [01m[K/opt/ros/dashing/include/rclcpp/executors/multi_threaded_executor.hpp:24[m[K,
                 from [01m[K/opt/ros/dashing/include/rclcpp/executors.hpp:21[m[K,
                 from [01m[K/opt/ros/dashing/include/rclcpp/rclcpp.hpp:144[m[K,
                 from [01m[K/home/hansol/ros2_ws/src/darknet_ros/darknet_ros/include/darknet_ros/YoloObjectDetector.hpp:25[m[K,
                 from [01m[K/home/hansol/ros2_ws/src/darknet_ros/darknet_ros/src/YoloObjectDetector.cpp:10[m[K:
/usr/include/c++/7/functional: In instantiation of ‘[01m[Kstruct std::_Bind_check_arity<void (darknet_ros::YoloObjectDetector::*)(const std::shared_ptr<const sensor_msgs::msg::CompressedImage_<std::allocator<void> > >&)>[m[K’:
[01m[K/usr/include/c++/7/functional:854:12:[m[K   required from ‘[01m[Kstruct std::_Bind_helper<false, void (darknet_ros::YoloObjectDetector::*)(const std::shared_ptr<const sensor_msgs::msg::CompressedImage_<std::allocator<void> > >&)>[m[K’
[01m[K/usr/include/c++/7/functional:875:5:[m[K   required by substitution of ‘[01m[Ktemplate<class _Func, class ... _BoundArgs> typename std::_Bind_helper<std::__is_socketlike<_Func>::value, _Func, _BoundArgs ...>::type std::bind(_Func&&, _BoundArgs&& ...) [with _Func = void (darknet_ros::YoloObjectDetector::*)(const std::shared_ptr<const sensor_msgs::msg::CompressedImage_<std::allocator<void> > >&); _BoundArgs = {}][m[K’
[01m[K/home/hansol/ros2_ws/src/darknet_ros/darknet_ros/src/YoloObjectDetector.cpp:193:50:[m[K   required from here
[01m[K/usr/include/c++/7/functional:841:7:[m[K [01;31m[Kerror: [m[Kstatic assertion failed: Wrong number of arguments for pointer-to-member
       [01;31m[Kstatic_assert[m[K(_Varargs::value
       [01;31m[K^~~~~~~~~~~~~[m[K
/usr/include/c++/7/functional: In substitution of ‘[01m[Ktemplate<class _Functor, class ... _Bound_args> template<class _Fn, class _CallArgs, class ... _BArgs> using _Res_type_impl = typename std::result_of<_Fn&(std::_Bind<_Functor(_Bound_args ...)>::_Mu_type<_BArgs, _CallArgs>&& ...)>::type [with _Fn = void (darknet_ros::YoloObjectDetector::*)(const std::shared_ptr<const sensor_msgs::msg::CompressedImage_<std::allocator<void> > >&); _CallArgs = _CallArgs; _BArgs = {}; _Functor = void (darknet_ros::YoloObjectDetector::*)(const std::shared_ptr<const sensor_msgs::msg::CompressedImage_<std::allocator<void> > >&); _Bound_args = {}][m[K’:
[01m[K/usr/include/c++/7/functional:514:71:[m[K   required from ‘[01m[Kstruct std::_Bind<void (darknet_ros::YoloObjectDetector::*())(const std::shared_ptr<const sensor_msgs::msg::CompressedImage_<std::allocator<void> > >&)>[m[K’
[01m[K/home/hansol/ros2_ws/src/darknet_ros/darknet_ros/src/YoloObjectDetector.cpp:193:50:[m[K   required from here
[01m[K/usr/include/c++/7/functional:511:72:[m[K [01;31m[Kerror: [m[Kno type named ‘[01m[Ktype[m[K’ in ‘[01m[Kclass std::result_of<void (darknet_ros::YoloObjectDetector::*&())(const std::shared_ptr<const sensor_msgs::msg::CompressedImage_<std::allocator<void> > >&)>[m[K’
    = typename result_of< _Fn&(_Mu_type<_BArgs, _CallArgs>&&...) >::type[01;31m[K;[m[K
                                                                        [01;31m[K^[m[K
/usr/include/c++/7/functional: In substitution of ‘[01m[Ktemplate<class _Functor, class ... _Bound_args> template<class _Fn, class _CallArgs, class ... _BArgs> using _Res_type_impl = typename std::result_of<_Fn&(std::_Bind<_Functor(_Bound_args ...)>::_Mu_type<_BArgs, _CallArgs>&& ...)>::type [with _Fn = void (darknet_ros::YoloObjectDetector::*)(const std::shared_ptr<const sensor_msgs::msg::CompressedImage_<std::allocator<void> > >&); _CallArgs = std::tuple<_Tps ...>; _BArgs = {}; _Functor = void (darknet_ros::YoloObjectDetector::*)(const std::shared_ptr<const sensor_msgs::msg::CompressedImage_<std::allocator<void> > >&); _Bound_args = {}][m[K’:
[01m[K/usr/include/c++/7/functional:514:71:[m[K   required by substitution of ‘[01m[Ktemplate<class _Functor, class ... _Bound_args> template<class _CallArgs> using _Res_type = std::_Bind<_Functor(_Bound_args ...)>::_Res_type_impl<_Functor, _CallArgs, _Bound_args ...> [with _CallArgs = std::tuple<_Tps ...>; _Functor = void (darknet_ros::YoloObjectDetector::*)(const std::shared_ptr<const sensor_msgs::msg::CompressedImage_<std::allocator<void> > >&); _Bound_args = {}][m[K’
[01m[K/usr/include/c++/7/functional:547:2:[m[K   required from ‘[01m[Kstruct std::_Bind<void (darknet_ros::YoloObjectDetector::*())(const std::shared_ptr<const sensor_msgs::msg::CompressedImage_<std::allocator<void> > >&)>[m[K’
[01m[K/home/hansol/ros2_ws/src/darknet_ros/darknet_ros/src/YoloObjectDetector.cpp:193:50:[m[K   required from here
[01m[K/usr/include/c++/7/functional:511:72:[m[K [01;31m[Kerror: [m[Kno type named ‘[01m[Ktype[m[K’ in ‘[01m[Kclass std::result_of<void (darknet_ros::YoloObjectDetector::*&())(const std::shared_ptr<const sensor_msgs::msg::CompressedImage_<std::allocator<void> > >&)>[m[K’
[01m[K/home/hansol/ros2_ws/src/darknet_ros/darknet_ros/src/YoloObjectDetector.cpp:193:74:[m[K [01;31m[Kerror: [m[Kno matching function for call to ‘[01m[Kimage_transport::ImageTransport::subscribe(std::__cxx11::string&, int&, std::_Bind_helper<false, void (darknet_ros::YoloObjectDetector::*)(const std::shared_ptr<const sensor_msgs::msg::CompressedImage_<std::allocator<void> > >&)>::type, darknet_ros::YoloObjectDetector*, image_transport::TransportHints&)[m[K’
     std::bind(&YoloObjectDetector::cameraCallback), this, transport_hints[01;31m[K)[m[K;
                                                                          [01;31m[K^[m[K
In file included from [01m[K/home/hansol/ros2_ws/src/darknet_ros/darknet_ros/include/darknet_ros/YoloObjectDetector.hpp:30:0[m[K,
                 from [01m[K/home/hansol/ros2_ws/src/darknet_ros/darknet_ros/src/YoloObjectDetector.cpp:10[m[K:
[01m[K/opt/ros/dashing/include/image_transport/image_transport.h:141:14:[m[K [01;36m[Knote: [m[Kcandidate: image_transport::Subscriber image_transport::ImageTransport::subscribe(const string&, uint32_t, const Callback&, const VoidPtr&, const image_transport::TransportHints*)
   Subscriber [01;36m[Ksubscribe[m[K(
              [01;36m[K^~~~~~~~~[m[K
[01m[K/opt/ros/dashing/include/image_transport/image_transport.h:141:14:[m[K [01;36m[Knote: [m[K  no known conversion for argument 3 from ‘[01m[Kstd::_Bind_helper<false, void (darknet_ros::YoloObjectDetector::*)(const std::shared_ptr<const sensor_msgs::msg::CompressedImage_<std::allocator<void> > >&)>::type {aka std::_Bind<void (darknet_ros::YoloObjectDetector::*())(const std::shared_ptr<const sensor_msgs::msg::CompressedImage_<std::allocator<void> > >&)>}[m[K’ to ‘[01m[Kconst Callback& {aka const std::function<void(const std::shared_ptr<const sensor_msgs::msg::Image_<std::allocator<void> > >&)>&}[m[K’
[01m[K/opt/ros/dashing/include/image_transport/image_transport.h:151:14:[m[K [01;36m[Knote: [m[Kcandidate: image_transport::Subscriber image_transport::ImageTransport::subscribe(const string&, uint32_t, void (*)(const ImageConstPtr&), const image_transport::TransportHints*)
   Subscriber [01;36m[Ksubscribe[m[K(
              [01;36m[K^~~~~~~~~[m[K
[01m[K/opt/ros/dashing/include/image_transport/image_transport.h:151:14:[m[K [01;36m[Knote: [m[K  candidate expects 4 arguments, 5 provided
[01m[K/opt/ros/dashing/include/image_transport/image_transport.h:165:14:[m[K [01;36m[Knote: [m[Kcandidate: template<class T> image_transport::Subscriber image_transport::ImageTransport::subscribe(const string&, uint32_t, void (T::*)(const ImageConstPtr&), T*, const image_transport::TransportHints*)
   Subscriber [01;36m[Ksubscribe[m[K(
              [01;36m[K^~~~~~~~~[m[K
[01m[K/opt/ros/dashing/include/image_transport/image_transport.h:165:14:[m[K [01;36m[Knote: [m[K  template argument deduction/substitution failed:
[01m[K/home/hansol/ros2_ws/src/darknet_ros/darknet_ros/src/YoloObjectDetector.cpp:193:74:[m[K [01;36m[Knote: [m[K  mismatched types ‘[01m[Kvoid (T::*)(const ImageConstPtr&)[m[K’ and ‘[01m[Kstd::_Bind<void (darknet_ros::YoloObjectDetector::*())(const std::shared_ptr<const sensor_msgs::msg::CompressedImage_<std::allocator<void> > >&)>[m[K’
     std::bind(&YoloObjectDetector::cameraCallback), this, transport_hints[01;36m[K)[m[K;
                                                                          [01;36m[K^[m[K
In file included from [01m[K/home/hansol/ros2_ws/src/darknet_ros/darknet_ros/include/darknet_ros/YoloObjectDetector.hpp:30:0[m[K,
                 from [01m[K/home/hansol/ros2_ws/src/darknet_ros/darknet_ros/src/YoloObjectDetector.cpp:10[m[K:
[01m[K/opt/ros/dashing/include/image_transport/image_transport.h:178:14:[m[K [01;36m[Knote: [m[Kcandidate: template<class T> image_transport::Subscriber image_transport::ImageTransport::subscribe(const string&, uint32_t, void (T::*)(const ImageConstPtr&), const std::shared_ptr<_Tp>&, const image_transport::TransportHints*)
   Subscriber [01;36m[Ksubscribe[m[K(
              [01;36m[K^~~~~~~~~[m[K
[01m[K/opt/ros/dashing/include/image_transport/image_transport.h:178:14:[m[K [01;36m[Knote: [m[K  template argument deduction/substitution failed:
[01m[K/home/hansol/ros2_ws/src/darknet_ros/darknet_ros/src/YoloObjectDetector.cpp:193:74:[m[K [01;36m[Knote: [m[K  mismatched types ‘[01m[Kvoid (T::*)(const ImageConstPtr&)[m[K’ and ‘[01m[Kstd::_Bind<void (darknet_ros::YoloObjectDetector::*())(const std::shared_ptr<const sensor_msgs::msg::CompressedImage_<std::allocator<void> > >&)>[m[K’
     std::bind(&YoloObjectDetector::cameraCallback), this, transport_hints[01;36m[K)[m[K;
                                                                          [01;36m[K^[m[K
CMakeFiles/darknet_ros_lib.dir/build.make:2370: recipe for target 'CMakeFiles/darknet_ros_lib.dir/src/YoloObjectDetector.cpp.o' failed
make[2]: *** [CMakeFiles/darknet_ros_lib.dir/src/YoloObjectDetector.cpp.o] Error 1
make[1]: *** [CMakeFiles/darknet_ros_lib.dir/all] Error 2
CMakeFiles/Makefile2:111: recipe for target 'CMakeFiles/darknet_ros_lib.dir/all' failed
Makefile:145: recipe for target 'all' failed
make: *** [all] Error 2
