[0.103s] Invoking command in '/home/hansol/ros2_ws/build/Darknet': /usr/local/bin/cmake --build /home/hansol/ros2_ws/build/Darknet -- -j4 -l4
[0.119s] Change Dir: '/home/hansol/ros2_ws/build/Darknet'
[0.120s] 
[0.121s] Run Build Command(s): /usr/local/bin/cmake -E env VERBOSE=1 /usr/bin/make -f Makefile -j4 -l4
[0.140s] /usr/local/bin/cmake -S/home/hansol/ros2_ws/src/darknet_ros/darknet -B/home/hansol/ros2_ws/build/Darknet --check-build-system CMakeFiles/Makefile.cmake 0
[0.162s] /usr/local/bin/cmake -E cmake_progress_start /home/hansol/ros2_ws/build/Darknet/CMakeFiles /home/hansol/ros2_ws/build/Darknet//CMakeFiles/progress.marks
[0.186s] /usr/bin/make  -f CMakeFiles/Makefile2 all
[0.196s] make[1]: Entering directory '/home/hansol/ros2_ws/build/Darknet'
[0.197s] /usr/bin/make  -f CMakeFiles/dark.dir/build.make CMakeFiles/dark.dir/depend
[0.201s] /usr/bin/make  -f CMakeFiles/darknet.dir/build.make CMakeFiles/darknet.dir/depend
[0.259s] make[2]: Entering directory '/home/hansol/ros2_ws/build/Darknet'
[0.263s] cd /home/hansol/ros2_ws/build/Darknet && /usr/local/bin/cmake -E cmake_depends "Unix Makefiles" /home/hansol/ros2_ws/src/darknet_ros/darknet /home/hansol/ros2_ws/src/darknet_ros/darknet /home/hansol/ros2_ws/build/Darknet /home/hansol/ros2_ws/build/Darknet /home/hansol/ros2_ws/build/Darknet/CMakeFiles/darknet.dir/DependInfo.cmake "--color="
[0.302s] make[2]: Leaving directory '/home/hansol/ros2_ws/build/Darknet'
[0.302s] /usr/bin/make  -f CMakeFiles/darknet.dir/build.make CMakeFiles/darknet.dir/build
[0.330s] make[2]: Entering directory '/home/hansol/ros2_ws/build/Darknet'
[0.334s] cd /home/hansol/ros2_ws/build/Darknet && /usr/local/bin/cmake -E cmake_depends "Unix Makefiles" /home/hansol/ros2_ws/src/darknet_ros/darknet /home/hansol/ros2_ws/src/darknet_ros/darknet /home/hansol/ros2_ws/build/Darknet /home/hansol/ros2_ws/build/Darknet /home/hansol/ros2_ws/build/Darknet/CMakeFiles/dark.dir/DependInfo.cmake "--color="
[0.402s] make[2]: Leaving directory '/home/hansol/ros2_ws/build/Darknet'
[0.403s] /usr/bin/make  -f CMakeFiles/dark.dir/build.make CMakeFiles/dark.dir/build
[0.417s] make[2]: Entering directory '/home/hansol/ros2_ws/build/Darknet'
[0.418s] make[2]: Nothing to be done for 'CMakeFiles/darknet.dir/build'.
[0.420s] make[2]: Leaving directory '/home/hansol/ros2_ws/build/Darknet'
[0.453s] [ 48%] Built target darknet
[0.465s] make[2]: Entering directory '/home/hansol/ros2_ws/build/Darknet'
[0.467s] make[2]: Nothing to be done for 'CMakeFiles/dark.dir/build'.
[0.468s] make[2]: Leaving directory '/home/hansol/ros2_ws/build/Darknet'
[0.489s] [ 97%] Built target dark
[0.492s] /usr/bin/make  -f CMakeFiles/uselib_track.dir/build.make CMakeFiles/uselib_track.dir/depend
[0.493s] /usr/bin/make  -f CMakeFiles/uselib.dir/build.make CMakeFiles/uselib.dir/depend
[0.502s] make[2]: Entering directory '/home/hansol/ros2_ws/build/Darknet'
[0.503s] cd /home/hansol/ros2_ws/build/Darknet && /usr/local/bin/cmake -E cmake_depends "Unix Makefiles" /home/hansol/ros2_ws/src/darknet_ros/darknet /home/hansol/ros2_ws/src/darknet_ros/darknet /home/hansol/ros2_ws/build/Darknet /home/hansol/ros2_ws/build/Darknet /home/hansol/ros2_ws/build/Darknet/CMakeFiles/uselib_track.dir/DependInfo.cmake "--color="
[0.515s] make[2]: Entering directory '/home/hansol/ros2_ws/build/Darknet'
[0.516s] cd /home/hansol/ros2_ws/build/Darknet && /usr/local/bin/cmake -E cmake_depends "Unix Makefiles" /home/hansol/ros2_ws/src/darknet_ros/darknet /home/hansol/ros2_ws/src/darknet_ros/darknet /home/hansol/ros2_ws/build/Darknet /home/hansol/ros2_ws/build/Darknet /home/hansol/ros2_ws/build/Darknet/CMakeFiles/uselib.dir/DependInfo.cmake "--color="
[0.523s] make[2]: Leaving directory '/home/hansol/ros2_ws/build/Darknet'
[0.524s] /usr/bin/make  -f CMakeFiles/uselib_track.dir/build.make CMakeFiles/uselib_track.dir/build
[0.535s] make[2]: Leaving directory '/home/hansol/ros2_ws/build/Darknet'
[0.536s] /usr/bin/make  -f CMakeFiles/uselib.dir/build.make CMakeFiles/uselib.dir/build
[0.544s] make[2]: Entering directory '/home/hansol/ros2_ws/build/Darknet'
[0.546s] make[2]: Nothing to be done for 'CMakeFiles/uselib_track.dir/build'.
[0.548s] make[2]: Leaving directory '/home/hansol/ros2_ws/build/Darknet'
[0.551s] make[2]: Entering directory '/home/hansol/ros2_ws/build/Darknet'
[0.551s] make[2]: Nothing to be done for 'CMakeFiles/uselib.dir/build'.
[0.552s] make[2]: Leaving directory '/home/hansol/ros2_ws/build/Darknet'
[0.566s] [ 99%] Built target uselib_track
[0.570s] [100%] Built target uselib
[0.572s] make[1]: Leaving directory '/home/hansol/ros2_ws/build/Darknet'
[0.577s] /usr/local/bin/cmake -E cmake_progress_start /home/hansol/ros2_ws/build/Darknet/CMakeFiles 0
[0.595s] 
[0.622s] Invoked command in '/home/hansol/ros2_ws/build/Darknet' returned '0': /usr/local/bin/cmake --build /home/hansol/ros2_ws/build/Darknet -- -j4 -l4
[1.638s] Invoking command in '/home/hansol/ros2_ws/build/Darknet': /usr/local/bin/cmake --install /home/hansol/ros2_ws/build/Darknet
[1.664s] -- Install configuration: "Release"
[1.666s] -- Up-to-date: /home/hansol/ros2_ws/src/darknet_ros/darknet/libdarknet.so
[1.667s] -- Up-to-date: /home/hansol/ros2_ws/install/Darknet/include/darknet/darknet.h
[1.668s] -- Up-to-date: /home/hansol/ros2_ws/install/Darknet/include/darknet/yolo_v2_class.hpp
[1.670s] -- Up-to-date: /home/hansol/ros2_ws/src/darknet_ros/darknet/uselib
[1.671s] -- Up-to-date: /home/hansol/ros2_ws/src/darknet_ros/darknet/darknet
[1.672s] -- Up-to-date: /home/hansol/ros2_ws/src/darknet_ros/darknet/uselib_track
[1.675s] -- Up-to-date: /home/hansol/ros2_ws/install/Darknet/share/darknet/DarknetTargets.cmake
[1.683s] -- Up-to-date: /home/hansol/ros2_ws/install/Darknet/share/darknet/DarknetTargets-release.cmake
[1.683s] -- Up-to-date: /home/hansol/ros2_ws/install/Darknet/share/darknet/DarknetConfig.cmake
[1.684s] -- Up-to-date: /home/hansol/ros2_ws/install/Darknet/share/darknet/DarknetConfigVersion.cmake
[1.687s] Invoked command in '/home/hansol/ros2_ws/build/Darknet' returned '0': /usr/local/bin/cmake --install /home/hansol/ros2_ws/build/Darknet
