[0.161s] Invoking command in '/home/hansol/ros2_ws/build/Darknet': /usr/local/bin/cmake --build /home/hansol/ros2_ws/build/Darknet -- -j4 -l4
[0.174s] Change Dir: '/home/hansol/ros2_ws/build/Darknet'
[0.175s] 
[0.176s] Run Build Command(s): /usr/local/bin/cmake -E env VERBOSE=1 /usr/bin/make -f Makefile -j4 -l4
[0.205s] /usr/local/bin/cmake -S/home/hansol/ros2_ws/src/darknet_ros/darknet -B/home/hansol/ros2_ws/build/Darknet --check-build-system CMakeFiles/Makefile.cmake 0
[0.238s] /usr/local/bin/cmake -E cmake_progress_start /home/hansol/ros2_ws/build/Darknet/CMakeFiles /home/hansol/ros2_ws/build/Darknet//CMakeFiles/progress.marks
[0.258s] /usr/bin/make  -f CMakeFiles/Makefile2 all
[0.265s] make[1]: Entering directory '/home/hansol/ros2_ws/build/Darknet'
[0.273s] /usr/bin/make  -f CMakeFiles/dark.dir/build.make CMakeFiles/dark.dir/depend
[0.275s] /usr/bin/make  -f CMakeFiles/darknet.dir/build.make CMakeFiles/darknet.dir/depend
[0.376s] make[2]: Entering directory '/home/hansol/ros2_ws/build/Darknet'
[0.379s] cd /home/hansol/ros2_ws/build/Darknet && /usr/local/bin/cmake -E cmake_depends "Unix Makefiles" /home/hansol/ros2_ws/src/darknet_ros/darknet /home/hansol/ros2_ws/src/darknet_ros/darknet /home/hansol/ros2_ws/build/Darknet /home/hansol/ros2_ws/build/Darknet /home/hansol/ros2_ws/build/Darknet/CMakeFiles/darknet.dir/DependInfo.cmake "--color="
[0.386s] make[2]: Entering directory '/home/hansol/ros2_ws/build/Darknet'
[0.387s] cd /home/hansol/ros2_ws/build/Darknet && /usr/local/bin/cmake -E cmake_depends "Unix Makefiles" /home/hansol/ros2_ws/src/darknet_ros/darknet /home/hansol/ros2_ws/src/darknet_ros/darknet /home/hansol/ros2_ws/build/Darknet /home/hansol/ros2_ws/build/Darknet /home/hansol/ros2_ws/build/Darknet/CMakeFiles/dark.dir/DependInfo.cmake "--color="
[0.450s] make[2]: Leaving directory '/home/hansol/ros2_ws/build/Darknet'
[0.453s] /usr/bin/make  -f CMakeFiles/dark.dir/build.make CMakeFiles/dark.dir/build
[0.473s] make[2]: Leaving directory '/home/hansol/ros2_ws/build/Darknet'
[0.476s] /usr/bin/make  -f CMakeFiles/darknet.dir/build.make CMakeFiles/darknet.dir/build
[0.547s] make[2]: Entering directory '/home/hansol/ros2_ws/build/Darknet'
[0.553s] make[2]: Nothing to be done for 'CMakeFiles/dark.dir/build'.
[0.556s] make[2]: Leaving directory '/home/hansol/ros2_ws/build/Darknet'
[0.585s] make[2]: Entering directory '/home/hansol/ros2_ws/build/Darknet'
[0.586s] make[2]: Nothing to be done for 'CMakeFiles/darknet.dir/build'.
[0.599s] [ 49%] Built target dark
[0.608s] /usr/bin/make  -f CMakeFiles/uselib_track.dir/build.make CMakeFiles/uselib_track.dir/depend
[0.609s] /usr/bin/make  -f CMakeFiles/uselib.dir/build.make CMakeFiles/uselib.dir/depend
[0.610s] make[2]: Leaving directory '/home/hansol/ros2_ws/build/Darknet'
[0.624s] make[2]: Entering directory '/home/hansol/ros2_ws/build/Darknet'
[0.626s] cd /home/hansol/ros2_ws/build/Darknet && /usr/local/bin/cmake -E cmake_depends "Unix Makefiles" /home/hansol/ros2_ws/src/darknet_ros/darknet /home/hansol/ros2_ws/src/darknet_ros/darknet /home/hansol/ros2_ws/build/Darknet /home/hansol/ros2_ws/build/Darknet /home/hansol/ros2_ws/build/Darknet/CMakeFiles/uselib_track.dir/DependInfo.cmake "--color="
[0.627s] make[2]: Entering directory '/home/hansol/ros2_ws/build/Darknet'
[0.631s] cd /home/hansol/ros2_ws/build/Darknet && /usr/local/bin/cmake -E cmake_depends "Unix Makefiles" /home/hansol/ros2_ws/src/darknet_ros/darknet /home/hansol/ros2_ws/src/darknet_ros/darknet /home/hansol/ros2_ws/build/Darknet /home/hansol/ros2_ws/build/Darknet /home/hansol/ros2_ws/build/Darknet/CMakeFiles/uselib.dir/DependInfo.cmake "--color="
[0.659s] [ 97%] Built target darknet
[0.684s] make[2]: Leaving directory '/home/hansol/ros2_ws/build/Darknet'
[0.685s] /usr/bin/make  -f CMakeFiles/uselib_track.dir/build.make CMakeFiles/uselib_track.dir/build
[0.700s] make[2]: Entering directory '/home/hansol/ros2_ws/build/Darknet'
[0.703s] make[2]: Nothing to be done for 'CMakeFiles/uselib_track.dir/build'.
[0.704s] make[2]: Leaving directory '/home/hansol/ros2_ws/build/Darknet'
[0.715s] make[2]: Leaving directory '/home/hansol/ros2_ws/build/Darknet'
[0.716s] /usr/bin/make  -f CMakeFiles/uselib.dir/build.make CMakeFiles/uselib.dir/build
[0.736s] make[2]: Entering directory '/home/hansol/ros2_ws/build/Darknet'
[0.737s] make[2]: Nothing to be done for 'CMakeFiles/uselib.dir/build'.
[0.742s] make[2]: Leaving directory '/home/hansol/ros2_ws/build/Darknet'
[0.751s] [ 99%] Built target uselib_track
[0.778s] [100%] Built target uselib
[0.785s] make[1]: Leaving directory '/home/hansol/ros2_ws/build/Darknet'
[0.787s] /usr/local/bin/cmake -E cmake_progress_start /home/hansol/ros2_ws/build/Darknet/CMakeFiles 0
[0.825s] 
[0.839s] Invoked command in '/home/hansol/ros2_ws/build/Darknet' returned '0': /usr/local/bin/cmake --build /home/hansol/ros2_ws/build/Darknet -- -j4 -l4
[2.100s] Invoking command in '/home/hansol/ros2_ws/build/Darknet': /usr/local/bin/cmake --install /home/hansol/ros2_ws/build/Darknet
[2.127s] -- Install configuration: "Release"
[2.130s] -- Up-to-date: /home/hansol/ros2_ws/src/darknet_ros/darknet/libdarknet.so
[2.134s] -- Up-to-date: /home/hansol/ros2_ws/install/Darknet/include/darknet/darknet.h
[2.142s] -- Up-to-date: /home/hansol/ros2_ws/install/Darknet/include/darknet/yolo_v2_class.hpp
[2.144s] -- Up-to-date: /home/hansol/ros2_ws/src/darknet_ros/darknet/uselib
[2.156s] -- Up-to-date: /home/hansol/ros2_ws/src/darknet_ros/darknet/darknet
[2.157s] -- Up-to-date: /home/hansol/ros2_ws/src/darknet_ros/darknet/uselib_track
[2.158s] -- Up-to-date: /home/hansol/ros2_ws/install/Darknet/share/darknet/DarknetTargets.cmake
[2.159s] -- Up-to-date: /home/hansol/ros2_ws/install/Darknet/share/darknet/DarknetTargets-release.cmake
[2.160s] -- Up-to-date: /home/hansol/ros2_ws/install/Darknet/share/darknet/DarknetConfig.cmake
[2.161s] -- Up-to-date: /home/hansol/ros2_ws/install/Darknet/share/darknet/DarknetConfigVersion.cmake
[2.162s] Invoked command in '/home/hansol/ros2_ws/build/Darknet' returned '0': /usr/local/bin/cmake --install /home/hansol/ros2_ws/build/Darknet
