[0.140s] Invoking command in '/home/hansol/ros2_ws/build/Darknet': /usr/local/bin/cmake --build /home/hansol/ros2_ws/build/Darknet -- -j4 -l4
[0.156s] Change Dir: '/home/hansol/ros2_ws/build/Darknet'
[0.157s] 
[0.159s] Run Build Command(s): /usr/local/bin/cmake -E env VERBOSE=1 /usr/bin/make -f Makefile -j4 -l4
[0.184s] /usr/local/bin/cmake -S/home/hansol/ros2_ws/src/darknet_ros/darknet -B/home/hansol/ros2_ws/build/Darknet --check-build-system CMakeFiles/Makefile.cmake 0
[0.208s] /usr/local/bin/cmake -E cmake_progress_start /home/hansol/ros2_ws/build/Darknet/CMakeFiles /home/hansol/ros2_ws/build/Darknet//CMakeFiles/progress.marks
[0.236s] /usr/bin/make  -f CMakeFiles/Makefile2 all
[0.245s] make[1]: Entering directory '/home/hansol/ros2_ws/build/Darknet'
[0.246s] /usr/bin/make  -f CMakeFiles/dark.dir/build.make CMakeFiles/dark.dir/depend
[0.247s] /usr/bin/make  -f CMakeFiles/darknet.dir/build.make CMakeFiles/darknet.dir/depend
[0.330s] make[2]: Entering directory '/home/hansol/ros2_ws/build/Darknet'
[0.331s] cd /home/hansol/ros2_ws/build/Darknet && /usr/local/bin/cmake -E cmake_depends "Unix Makefiles" /home/hansol/ros2_ws/src/darknet_ros/darknet /home/hansol/ros2_ws/src/darknet_ros/darknet /home/hansol/ros2_ws/build/Darknet /home/hansol/ros2_ws/build/Darknet /home/hansol/ros2_ws/build/Darknet/CMakeFiles/dark.dir/DependInfo.cmake "--color="
[0.355s] make[2]: Entering directory '/home/hansol/ros2_ws/build/Darknet'
[0.359s] cd /home/hansol/ros2_ws/build/Darknet && /usr/local/bin/cmake -E cmake_depends "Unix Makefiles" /home/hansol/ros2_ws/src/darknet_ros/darknet /home/hansol/ros2_ws/src/darknet_ros/darknet /home/hansol/ros2_ws/build/Darknet /home/hansol/ros2_ws/build/Darknet /home/hansol/ros2_ws/build/Darknet/CMakeFiles/darknet.dir/DependInfo.cmake "--color="
[0.400s] make[2]: Leaving directory '/home/hansol/ros2_ws/build/Darknet'
[0.401s] /usr/bin/make  -f CMakeFiles/dark.dir/build.make CMakeFiles/dark.dir/build
[0.420s] make[2]: Leaving directory '/home/hansol/ros2_ws/build/Darknet'
[0.424s] /usr/bin/make  -f CMakeFiles/darknet.dir/build.make CMakeFiles/darknet.dir/build
[0.504s] make[2]: Entering directory '/home/hansol/ros2_ws/build/Darknet'
[0.505s] make[2]: Nothing to be done for 'CMakeFiles/dark.dir/build'.
[0.509s] make[2]: Leaving directory '/home/hansol/ros2_ws/build/Darknet'
[0.533s] make[2]: Entering directory '/home/hansol/ros2_ws/build/Darknet'
[0.536s] make[2]: Nothing to be done for 'CMakeFiles/darknet.dir/build'.
[0.538s] make[2]: Leaving directory '/home/hansol/ros2_ws/build/Darknet'
[0.554s] [ 49%] Built target dark
[0.560s] /usr/bin/make  -f CMakeFiles/uselib_track.dir/build.make CMakeFiles/uselib_track.dir/depend
[0.561s] /usr/bin/make  -f CMakeFiles/uselib.dir/build.make CMakeFiles/uselib.dir/depend
[0.566s] [ 97%] Built target darknet
[0.567s] make[2]: Entering directory '/home/hansol/ros2_ws/build/Darknet'
[0.568s] cd /home/hansol/ros2_ws/build/Darknet && /usr/local/bin/cmake -E cmake_depends "Unix Makefiles" /home/hansol/ros2_ws/src/darknet_ros/darknet /home/hansol/ros2_ws/src/darknet_ros/darknet /home/hansol/ros2_ws/build/Darknet /home/hansol/ros2_ws/build/Darknet /home/hansol/ros2_ws/build/Darknet/CMakeFiles/uselib_track.dir/DependInfo.cmake "--color="
[0.578s] make[2]: Entering directory '/home/hansol/ros2_ws/build/Darknet'
[0.580s] cd /home/hansol/ros2_ws/build/Darknet && /usr/local/bin/cmake -E cmake_depends "Unix Makefiles" /home/hansol/ros2_ws/src/darknet_ros/darknet /home/hansol/ros2_ws/src/darknet_ros/darknet /home/hansol/ros2_ws/build/Darknet /home/hansol/ros2_ws/build/Darknet /home/hansol/ros2_ws/build/Darknet/CMakeFiles/uselib.dir/DependInfo.cmake "--color="
[0.600s] make[2]: Leaving directory '/home/hansol/ros2_ws/build/Darknet'
[0.602s] /usr/bin/make  -f CMakeFiles/uselib_track.dir/build.make CMakeFiles/uselib_track.dir/build
[0.614s] make[2]: Leaving directory '/home/hansol/ros2_ws/build/Darknet'
[0.616s] /usr/bin/make  -f CMakeFiles/uselib.dir/build.make CMakeFiles/uselib.dir/build
[0.623s] make[2]: Entering directory '/home/hansol/ros2_ws/build/Darknet'
[0.624s] make[2]: Nothing to be done for 'CMakeFiles/uselib_track.dir/build'.
[0.625s] make[2]: Leaving directory '/home/hansol/ros2_ws/build/Darknet'
[0.635s] make[2]: Entering directory '/home/hansol/ros2_ws/build/Darknet'
[0.638s] make[2]: Nothing to be done for 'CMakeFiles/uselib.dir/build'.
[0.641s] make[2]: Leaving directory '/home/hansol/ros2_ws/build/Darknet'
[0.648s] [ 99%] Built target uselib_track
[0.669s] [100%] Built target uselib
[0.670s] make[1]: Leaving directory '/home/hansol/ros2_ws/build/Darknet'
[0.671s] /usr/local/bin/cmake -E cmake_progress_start /home/hansol/ros2_ws/build/Darknet/CMakeFiles 0
[0.710s] 
[0.741s] Invoked command in '/home/hansol/ros2_ws/build/Darknet' returned '0': /usr/local/bin/cmake --build /home/hansol/ros2_ws/build/Darknet -- -j4 -l4
[1.891s] Invoking command in '/home/hansol/ros2_ws/build/Darknet': /usr/local/bin/cmake --install /home/hansol/ros2_ws/build/Darknet
[1.937s] -- Install configuration: "Release"
[1.938s] -- Up-to-date: /home/hansol/ros2_ws/src/darknet_ros/darknet/libdarknet.so
[1.939s] -- Up-to-date: /home/hansol/ros2_ws/install/Darknet/include/darknet/darknet.h
[1.941s] -- Up-to-date: /home/hansol/ros2_ws/install/Darknet/include/darknet/yolo_v2_class.hpp
[1.941s] -- Up-to-date: /home/hansol/ros2_ws/src/darknet_ros/darknet/uselib
[1.942s] -- Up-to-date: /home/hansol/ros2_ws/src/darknet_ros/darknet/darknet
[1.943s] -- Up-to-date: /home/hansol/ros2_ws/src/darknet_ros/darknet/uselib_track
[1.948s] -- Up-to-date: /home/hansol/ros2_ws/install/Darknet/share/darknet/DarknetTargets.cmake
[1.951s] -- Up-to-date: /home/hansol/ros2_ws/install/Darknet/share/darknet/DarknetTargets-release.cmake
[1.952s] -- Up-to-date: /home/hansol/ros2_ws/install/Darknet/share/darknet/DarknetConfig.cmake
[1.953s] -- Up-to-date: /home/hansol/ros2_ws/install/Darknet/share/darknet/DarknetConfigVersion.cmake
[2.071s] Invoked command in '/home/hansol/ros2_ws/build/Darknet' returned '0': /usr/local/bin/cmake --install /home/hansol/ros2_ws/build/Darknet
