[0.140s] Invoking command in '/home/hansol/ros2_ws/build/Darknet': /usr/local/bin/cmake --build /home/hansol/ros2_ws/build/Darknet -- -j4 -l4
[0.169s] Change Dir: '/home/hansol/ros2_ws/build/Darknet'
[0.170s] 
[0.171s] Run Build Command(s): /usr/local/bin/cmake -E env VERBOSE=1 /usr/bin/make -f Makefile -j4 -l4
[0.188s] /usr/local/bin/cmake -S/home/hansol/ros2_ws/src/darknet_ros/darknet -B/home/hansol/ros2_ws/build/Darknet --check-build-system CMakeFiles/Makefile.cmake 0
[0.216s] /usr/local/bin/cmake -E cmake_progress_start /home/hansol/ros2_ws/build/Darknet/CMakeFiles /home/hansol/ros2_ws/build/Darknet//CMakeFiles/progress.marks
[0.232s] /usr/bin/make  -f CMakeFiles/Makefile2 all
[0.240s] make[1]: Entering directory '/home/hansol/ros2_ws/build/Darknet'
[0.247s] /usr/bin/make  -f CMakeFiles/dark.dir/build.make CMakeFiles/dark.dir/depend
[0.257s] /usr/bin/make  -f CMakeFiles/darknet.dir/build.make CMakeFiles/darknet.dir/depend
[0.344s] make[2]: Entering directory '/home/hansol/ros2_ws/build/Darknet'
[0.345s] cd /home/hansol/ros2_ws/build/Darknet && /usr/local/bin/cmake -E cmake_depends "Unix Makefiles" /home/hansol/ros2_ws/src/darknet_ros/darknet /home/hansol/ros2_ws/src/darknet_ros/darknet /home/hansol/ros2_ws/build/Darknet /home/hansol/ros2_ws/build/Darknet /home/hansol/ros2_ws/build/Darknet/CMakeFiles/dark.dir/DependInfo.cmake "--color="
[0.359s] make[2]: Entering directory '/home/hansol/ros2_ws/build/Darknet'
[0.360s] cd /home/hansol/ros2_ws/build/Darknet && /usr/local/bin/cmake -E cmake_depends "Unix Makefiles" /home/hansol/ros2_ws/src/darknet_ros/darknet /home/hansol/ros2_ws/src/darknet_ros/darknet /home/hansol/ros2_ws/build/Darknet /home/hansol/ros2_ws/build/Darknet /home/hansol/ros2_ws/build/Darknet/CMakeFiles/darknet.dir/DependInfo.cmake "--color="
[0.407s] make[2]: Leaving directory '/home/hansol/ros2_ws/build/Darknet'
[0.408s] /usr/bin/make  -f CMakeFiles/darknet.dir/build.make CMakeFiles/darknet.dir/build
[0.442s] make[2]: Leaving directory '/home/hansol/ros2_ws/build/Darknet'
[0.444s] /usr/bin/make  -f CMakeFiles/dark.dir/build.make CMakeFiles/dark.dir/build
[0.535s] make[2]: Entering directory '/home/hansol/ros2_ws/build/Darknet'
[0.537s] make[2]: Nothing to be done for 'CMakeFiles/darknet.dir/build'.
[0.540s] make[2]: Leaving directory '/home/hansol/ros2_ws/build/Darknet'
[0.548s] make[2]: Entering directory '/home/hansol/ros2_ws/build/Darknet'
[0.551s] make[2]: Nothing to be done for 'CMakeFiles/dark.dir/build'.
[0.556s] make[2]: Leaving directory '/home/hansol/ros2_ws/build/Darknet'
[0.574s] [ 48%] Built target darknet
[0.599s] [ 97%] Built target dark
[0.601s] /usr/bin/make  -f CMakeFiles/uselib_track.dir/build.make CMakeFiles/uselib_track.dir/depend
[0.602s] /usr/bin/make  -f CMakeFiles/uselib.dir/build.make CMakeFiles/uselib.dir/depend
[0.611s] make[2]: Entering directory '/home/hansol/ros2_ws/build/Darknet'
[0.612s] cd /home/hansol/ros2_ws/build/Darknet && /usr/local/bin/cmake -E cmake_depends "Unix Makefiles" /home/hansol/ros2_ws/src/darknet_ros/darknet /home/hansol/ros2_ws/src/darknet_ros/darknet /home/hansol/ros2_ws/build/Darknet /home/hansol/ros2_ws/build/Darknet /home/hansol/ros2_ws/build/Darknet/CMakeFiles/uselib_track.dir/DependInfo.cmake "--color="
[0.625s] make[2]: Entering directory '/home/hansol/ros2_ws/build/Darknet'
[0.626s] cd /home/hansol/ros2_ws/build/Darknet && /usr/local/bin/cmake -E cmake_depends "Unix Makefiles" /home/hansol/ros2_ws/src/darknet_ros/darknet /home/hansol/ros2_ws/src/darknet_ros/darknet /home/hansol/ros2_ws/build/Darknet /home/hansol/ros2_ws/build/Darknet /home/hansol/ros2_ws/build/Darknet/CMakeFiles/uselib.dir/DependInfo.cmake "--color="
[0.636s] make[2]: Leaving directory '/home/hansol/ros2_ws/build/Darknet'
[0.637s] /usr/bin/make  -f CMakeFiles/uselib_track.dir/build.make CMakeFiles/uselib_track.dir/build
[0.653s] make[2]: Entering directory '/home/hansol/ros2_ws/build/Darknet'
[0.655s] make[2]: Nothing to be done for 'CMakeFiles/uselib_track.dir/build'.
[0.656s] make[2]: Leaving directory '/home/hansol/ros2_ws/build/Darknet'
[0.664s] make[2]: Leaving directory '/home/hansol/ros2_ws/build/Darknet'
[0.666s] /usr/bin/make  -f CMakeFiles/uselib.dir/build.make CMakeFiles/uselib.dir/build
[0.678s] make[2]: Entering directory '/home/hansol/ros2_ws/build/Darknet'
[0.679s] make[2]: Nothing to be done for 'CMakeFiles/uselib.dir/build'.
[0.683s] make[2]: Leaving directory '/home/hansol/ros2_ws/build/Darknet'
[0.687s] [ 99%] Built target uselib_track
[0.706s] [100%] Built target uselib
[0.710s] make[1]: Leaving directory '/home/hansol/ros2_ws/build/Darknet'
[0.711s] /usr/local/bin/cmake -E cmake_progress_start /home/hansol/ros2_ws/build/Darknet/CMakeFiles 0
[0.740s] 
[0.768s] Invoked command in '/home/hansol/ros2_ws/build/Darknet' returned '0': /usr/local/bin/cmake --build /home/hansol/ros2_ws/build/Darknet -- -j4 -l4
[1.994s] Invoking command in '/home/hansol/ros2_ws/build/Darknet': /usr/local/bin/cmake --install /home/hansol/ros2_ws/build/Darknet
[2.029s] -- Install configuration: "Release"
[2.032s] -- Up-to-date: /home/hansol/ros2_ws/src/darknet_ros/darknet/libdarknet.so
[2.033s] -- Up-to-date: /home/hansol/ros2_ws/install/Darknet/include/darknet/darknet.h
[2.042s] -- Up-to-date: /home/hansol/ros2_ws/install/Darknet/include/darknet/yolo_v2_class.hpp
[2.046s] -- Up-to-date: /home/hansol/ros2_ws/src/darknet_ros/darknet/uselib
[2.056s] -- Up-to-date: /home/hansol/ros2_ws/src/darknet_ros/darknet/darknet
[2.058s] -- Up-to-date: /home/hansol/ros2_ws/src/darknet_ros/darknet/uselib_track
[2.060s] -- Up-to-date: /home/hansol/ros2_ws/install/Darknet/share/darknet/DarknetTargets.cmake
[2.061s] -- Up-to-date: /home/hansol/ros2_ws/install/Darknet/share/darknet/DarknetTargets-release.cmake
[2.062s] -- Up-to-date: /home/hansol/ros2_ws/install/Darknet/share/darknet/DarknetConfig.cmake
[2.064s] -- Up-to-date: /home/hansol/ros2_ws/install/Darknet/share/darknet/DarknetConfigVersion.cmake
[2.066s] Invoked command in '/home/hansol/ros2_ws/build/Darknet' returned '0': /usr/local/bin/cmake --install /home/hansol/ros2_ws/build/Darknet
