[0.138s] Invoking command in '/home/hansol/ros2_ws/build/Darknet': /usr/local/bin/cmake --build /home/hansol/ros2_ws/build/Darknet -- -j4 -l4
[0.157s] Change Dir: '/home/hansol/ros2_ws/build/Darknet'
[0.158s] 
[0.158s] Run Build Command(s): /usr/local/bin/cmake -E env VERBOSE=1 /usr/bin/make -f Makefile -j4 -l4
[0.193s] /usr/local/bin/cmake -S/home/hansol/ros2_ws/src/darknet_ros/darknet -B/home/hansol/ros2_ws/build/Darknet --check-build-system CMakeFiles/Makefile.cmake 0
[0.227s] /usr/local/bin/cmake -E cmake_progress_start /home/hansol/ros2_ws/build/Darknet/CMakeFiles /home/hansol/ros2_ws/build/Darknet//CMakeFiles/progress.marks
[0.257s] /usr/bin/make  -f CMakeFiles/Makefile2 all
[0.274s] make[1]: Entering directory '/home/hansol/ros2_ws/build/Darknet'
[0.275s] /usr/bin/make  -f CMakeFiles/dark.dir/build.make CMakeFiles/dark.dir/depend
[0.282s] /usr/bin/make  -f CMakeFiles/darknet.dir/build.make CMakeFiles/darknet.dir/depend
[0.364s] make[2]: Entering directory '/home/hansol/ros2_ws/build/Darknet'
[0.368s] cd /home/hansol/ros2_ws/build/Darknet && /usr/local/bin/cmake -E cmake_depends "Unix Makefiles" /home/hansol/ros2_ws/src/darknet_ros/darknet /home/hansol/ros2_ws/src/darknet_ros/darknet /home/hansol/ros2_ws/build/Darknet /home/hansol/ros2_ws/build/Darknet /home/hansol/ros2_ws/build/Darknet/CMakeFiles/dark.dir/DependInfo.cmake "--color="
[0.397s] make[2]: Entering directory '/home/hansol/ros2_ws/build/Darknet'
[0.398s] cd /home/hansol/ros2_ws/build/Darknet && /usr/local/bin/cmake -E cmake_depends "Unix Makefiles" /home/hansol/ros2_ws/src/darknet_ros/darknet /home/hansol/ros2_ws/src/darknet_ros/darknet /home/hansol/ros2_ws/build/Darknet /home/hansol/ros2_ws/build/Darknet /home/hansol/ros2_ws/build/Darknet/CMakeFiles/darknet.dir/DependInfo.cmake "--color="
[0.431s] make[2]: Leaving directory '/home/hansol/ros2_ws/build/Darknet'
[0.432s] /usr/bin/make  -f CMakeFiles/dark.dir/build.make CMakeFiles/dark.dir/build
[0.485s] make[2]: Leaving directory '/home/hansol/ros2_ws/build/Darknet'
[0.488s] /usr/bin/make  -f CMakeFiles/darknet.dir/build.make CMakeFiles/darknet.dir/build
[0.529s] make[2]: Entering directory '/home/hansol/ros2_ws/build/Darknet'
[0.534s] make[2]: Nothing to be done for 'CMakeFiles/dark.dir/build'.
[0.536s] make[2]: Leaving directory '/home/hansol/ros2_ws/build/Darknet'
[0.587s] [ 49%] Built target dark
[0.592s] /usr/bin/make  -f CMakeFiles/uselib_track.dir/build.make CMakeFiles/uselib_track.dir/depend
[0.593s] /usr/bin/make  -f CMakeFiles/uselib.dir/build.make CMakeFiles/uselib.dir/depend
[0.595s] make[2]: Entering directory '/home/hansol/ros2_ws/build/Darknet'
[0.596s] make[2]: Nothing to be done for 'CMakeFiles/darknet.dir/build'.
[0.598s] make[2]: Leaving directory '/home/hansol/ros2_ws/build/Darknet'
[0.610s] make[2]: Entering directory '/home/hansol/ros2_ws/build/Darknet'
[0.611s] cd /home/hansol/ros2_ws/build/Darknet && /usr/local/bin/cmake -E cmake_depends "Unix Makefiles" /home/hansol/ros2_ws/src/darknet_ros/darknet /home/hansol/ros2_ws/src/darknet_ros/darknet /home/hansol/ros2_ws/build/Darknet /home/hansol/ros2_ws/build/Darknet /home/hansol/ros2_ws/build/Darknet/CMakeFiles/uselib_track.dir/DependInfo.cmake "--color="
[0.623s] make[2]: Entering directory '/home/hansol/ros2_ws/build/Darknet'
[0.624s] cd /home/hansol/ros2_ws/build/Darknet && /usr/local/bin/cmake -E cmake_depends "Unix Makefiles" /home/hansol/ros2_ws/src/darknet_ros/darknet /home/hansol/ros2_ws/src/darknet_ros/darknet /home/hansol/ros2_ws/build/Darknet /home/hansol/ros2_ws/build/Darknet /home/hansol/ros2_ws/build/Darknet/CMakeFiles/uselib.dir/DependInfo.cmake "--color="
[0.651s] make[2]: Leaving directory '/home/hansol/ros2_ws/build/Darknet'
[0.653s] /usr/bin/make  -f CMakeFiles/uselib.dir/build.make CMakeFiles/uselib.dir/build
[0.656s] make[2]: Leaving directory '/home/hansol/ros2_ws/build/Darknet'
[0.658s] /usr/bin/make  -f CMakeFiles/uselib_track.dir/build.make CMakeFiles/uselib_track.dir/build
[0.659s] [ 97%] Built target darknet
[0.666s] make[2]: Entering directory '/home/hansol/ros2_ws/build/Darknet'
[0.668s] make[2]: Nothing to be done for 'CMakeFiles/uselib.dir/build'.
[0.668s] make[2]: Leaving directory '/home/hansol/ros2_ws/build/Darknet'
[0.682s] make[2]: Entering directory '/home/hansol/ros2_ws/build/Darknet'
[0.683s] make[2]: Nothing to be done for 'CMakeFiles/uselib_track.dir/build'.
[0.686s] make[2]: Leaving directory '/home/hansol/ros2_ws/build/Darknet'
[0.703s] [ 98%] Built target uselib
[0.707s] [100%] Built target uselib_track
[0.716s] make[1]: Leaving directory '/home/hansol/ros2_ws/build/Darknet'
[0.718s] /usr/local/bin/cmake -E cmake_progress_start /home/hansol/ros2_ws/build/Darknet/CMakeFiles 0
[0.746s] 
[0.762s] Invoked command in '/home/hansol/ros2_ws/build/Darknet' returned '0': /usr/local/bin/cmake --build /home/hansol/ros2_ws/build/Darknet -- -j4 -l4
[1.971s] Invoking command in '/home/hansol/ros2_ws/build/Darknet': /usr/local/bin/cmake --install /home/hansol/ros2_ws/build/Darknet
[2.007s] -- Install configuration: "Release"
[2.010s] -- Up-to-date: /home/hansol/ros2_ws/src/darknet_ros/darknet/libdarknet.so
[2.011s] -- Up-to-date: /home/hansol/ros2_ws/install/Darknet/include/darknet/darknet.h
[2.013s] -- Up-to-date: /home/hansol/ros2_ws/install/Darknet/include/darknet/yolo_v2_class.hpp
[2.014s] -- Up-to-date: /home/hansol/ros2_ws/src/darknet_ros/darknet/uselib
[2.017s] -- Up-to-date: /home/hansol/ros2_ws/src/darknet_ros/darknet/darknet
[2.018s] -- Up-to-date: /home/hansol/ros2_ws/src/darknet_ros/darknet/uselib_track
[2.026s] -- Up-to-date: /home/hansol/ros2_ws/install/Darknet/share/darknet/DarknetTargets.cmake
[2.033s] -- Up-to-date: /home/hansol/ros2_ws/install/Darknet/share/darknet/DarknetTargets-release.cmake
[2.041s] -- Up-to-date: /home/hansol/ros2_ws/install/Darknet/share/darknet/DarknetConfig.cmake
[2.043s] -- Up-to-date: /home/hansol/ros2_ws/install/Darknet/share/darknet/DarknetConfigVersion.cmake
[2.044s] Invoked command in '/home/hansol/ros2_ws/build/Darknet' returned '0': /usr/local/bin/cmake --install /home/hansol/ros2_ws/build/Darknet
