[0.149s] Invoking command in '/home/hansol/ros2_ws/build/Darknet': /usr/local/bin/cmake --build /home/hansol/ros2_ws/build/Darknet -- -j4 -l4
[0.164s] Change Dir: '/home/hansol/ros2_ws/build/Darknet'
[0.166s] 
[0.168s] Run Build Command(s): /usr/local/bin/cmake -E env VERBOSE=1 /usr/bin/make -f Makefile -j4 -l4
[0.193s] /usr/local/bin/cmake -S/home/hansol/ros2_ws/src/darknet_ros/darknet -B/home/hansol/ros2_ws/build/Darknet --check-build-system CMakeFiles/Makefile.cmake 0
[0.229s] /usr/local/bin/cmake -E cmake_progress_start /home/hansol/ros2_ws/build/Darknet/CMakeFiles /home/hansol/ros2_ws/build/Darknet//CMakeFiles/progress.marks
[0.254s] /usr/bin/make  -f CMakeFiles/Makefile2 all
[0.282s] make[1]: Entering directory '/home/hansol/ros2_ws/build/Darknet'
[0.283s] /usr/bin/make  -f CMakeFiles/dark.dir/build.make CMakeFiles/dark.dir/depend
[0.284s] /usr/bin/make  -f CMakeFiles/darknet.dir/build.make CMakeFiles/darknet.dir/depend
[0.377s] make[2]: Entering directory '/home/hansol/ros2_ws/build/Darknet'
[0.378s] cd /home/hansol/ros2_ws/build/Darknet && /usr/local/bin/cmake -E cmake_depends "Unix Makefiles" /home/hansol/ros2_ws/src/darknet_ros/darknet /home/hansol/ros2_ws/src/darknet_ros/darknet /home/hansol/ros2_ws/build/Darknet /home/hansol/ros2_ws/build/Darknet /home/hansol/ros2_ws/build/Darknet/CMakeFiles/dark.dir/DependInfo.cmake "--color="
[0.389s] make[2]: Entering directory '/home/hansol/ros2_ws/build/Darknet'
[0.390s] cd /home/hansol/ros2_ws/build/Darknet && /usr/local/bin/cmake -E cmake_depends "Unix Makefiles" /home/hansol/ros2_ws/src/darknet_ros/darknet /home/hansol/ros2_ws/src/darknet_ros/darknet /home/hansol/ros2_ws/build/Darknet /home/hansol/ros2_ws/build/Darknet /home/hansol/ros2_ws/build/Darknet/CMakeFiles/darknet.dir/DependInfo.cmake "--color="
[0.432s] make[2]: Leaving directory '/home/hansol/ros2_ws/build/Darknet'
[0.435s] /usr/bin/make  -f CMakeFiles/dark.dir/build.make CMakeFiles/dark.dir/build
[0.447s] make[2]: Leaving directory '/home/hansol/ros2_ws/build/Darknet'
[0.451s] /usr/bin/make  -f CMakeFiles/darknet.dir/build.make CMakeFiles/darknet.dir/build
[0.529s] make[2]: Entering directory '/home/hansol/ros2_ws/build/Darknet'
[0.531s] make[2]: Nothing to be done for 'CMakeFiles/dark.dir/build'.
[0.534s] make[2]: Leaving directory '/home/hansol/ros2_ws/build/Darknet'
[0.548s] make[2]: Entering directory '/home/hansol/ros2_ws/build/Darknet'
[0.549s] make[2]: Nothing to be done for 'CMakeFiles/darknet.dir/build'.
[0.555s] make[2]: Leaving directory '/home/hansol/ros2_ws/build/Darknet'
[0.581s] [ 49%] Built target dark
[0.589s] /usr/bin/make  -f CMakeFiles/uselib_track.dir/build.make CMakeFiles/uselib_track.dir/depend
[0.596s] /usr/bin/make  -f CMakeFiles/uselib.dir/build.make CMakeFiles/uselib.dir/depend
[0.607s] [ 97%] Built target darknet
[0.614s] make[2]: Entering directory '/home/hansol/ros2_ws/build/Darknet'
[0.616s] cd /home/hansol/ros2_ws/build/Darknet && /usr/local/bin/cmake -E cmake_depends "Unix Makefiles" /home/hansol/ros2_ws/src/darknet_ros/darknet /home/hansol/ros2_ws/src/darknet_ros/darknet /home/hansol/ros2_ws/build/Darknet /home/hansol/ros2_ws/build/Darknet /home/hansol/ros2_ws/build/Darknet/CMakeFiles/uselib.dir/DependInfo.cmake "--color="
[0.617s] make[2]: Entering directory '/home/hansol/ros2_ws/build/Darknet'
[0.618s] cd /home/hansol/ros2_ws/build/Darknet && /usr/local/bin/cmake -E cmake_depends "Unix Makefiles" /home/hansol/ros2_ws/src/darknet_ros/darknet /home/hansol/ros2_ws/src/darknet_ros/darknet /home/hansol/ros2_ws/build/Darknet /home/hansol/ros2_ws/build/Darknet /home/hansol/ros2_ws/build/Darknet/CMakeFiles/uselib_track.dir/DependInfo.cmake "--color="
[0.640s] make[2]: Leaving directory '/home/hansol/ros2_ws/build/Darknet'
[0.641s] /usr/bin/make  -f CMakeFiles/uselib.dir/build.make CMakeFiles/uselib.dir/build
[0.658s] make[2]: Leaving directory '/home/hansol/ros2_ws/build/Darknet'
[0.662s] /usr/bin/make  -f CMakeFiles/uselib_track.dir/build.make CMakeFiles/uselib_track.dir/build
[0.663s] make[2]: Entering directory '/home/hansol/ros2_ws/build/Darknet'
[0.664s] make[2]: Nothing to be done for 'CMakeFiles/uselib.dir/build'.
[0.665s] make[2]: Leaving directory '/home/hansol/ros2_ws/build/Darknet'
[0.680s] [ 98%] Built target uselib
[0.688s] make[2]: Entering directory '/home/hansol/ros2_ws/build/Darknet'
[0.689s] make[2]: Nothing to be done for 'CMakeFiles/uselib_track.dir/build'.
[0.690s] make[2]: Leaving directory '/home/hansol/ros2_ws/build/Darknet'
[0.713s] [100%] Built target uselib_track
[0.718s] make[1]: Leaving directory '/home/hansol/ros2_ws/build/Darknet'
[0.721s] /usr/local/bin/cmake -E cmake_progress_start /home/hansol/ros2_ws/build/Darknet/CMakeFiles 0
[0.747s] 
[0.767s] Invoked command in '/home/hansol/ros2_ws/build/Darknet' returned '0': /usr/local/bin/cmake --build /home/hansol/ros2_ws/build/Darknet -- -j4 -l4
[1.969s] Invoking command in '/home/hansol/ros2_ws/build/Darknet': /usr/local/bin/cmake --install /home/hansol/ros2_ws/build/Darknet
[2.021s] -- Install configuration: "Release"
[2.027s] -- Up-to-date: /home/hansol/ros2_ws/src/darknet_ros/darknet/libdarknet.so
[2.031s] -- Up-to-date: /home/hansol/ros2_ws/install/Darknet/include/darknet/darknet.h
[2.036s] -- Up-to-date: /home/hansol/ros2_ws/install/Darknet/include/darknet/yolo_v2_class.hpp
[2.039s] -- Up-to-date: /home/hansol/ros2_ws/src/darknet_ros/darknet/uselib
[2.051s] -- Up-to-date: /home/hansol/ros2_ws/src/darknet_ros/darknet/darknet
[2.054s] -- Up-to-date: /home/hansol/ros2_ws/src/darknet_ros/darknet/uselib_track
[2.056s] -- Up-to-date: /home/hansol/ros2_ws/install/Darknet/share/darknet/DarknetTargets.cmake
[2.058s] -- Up-to-date: /home/hansol/ros2_ws/install/Darknet/share/darknet/DarknetTargets-release.cmake
[2.060s] -- Up-to-date: /home/hansol/ros2_ws/install/Darknet/share/darknet/DarknetConfig.cmake
[2.061s] -- Up-to-date: /home/hansol/ros2_ws/install/Darknet/share/darknet/DarknetConfigVersion.cmake
[2.063s] Invoked command in '/home/hansol/ros2_ws/build/Darknet' returned '0': /usr/local/bin/cmake --install /home/hansol/ros2_ws/build/Darknet
