[0.105s] Invoking command in '/home/hansol/ros2_ws/build/Darknet': /usr/local/bin/cmake --build /home/hansol/ros2_ws/build/Darknet -- -j4 -l4
[0.131s] Change Dir: '/home/hansol/ros2_ws/build/Darknet'
[0.132s] 
[0.133s] Run Build Command(s): /usr/local/bin/cmake -E env VERBOSE=1 /usr/bin/make -f Makefile -j4 -l4
[0.157s] /usr/local/bin/cmake -S/home/hansol/ros2_ws/src/darknet_ros/darknet -B/home/hansol/ros2_ws/build/Darknet --check-build-system CMakeFiles/Makefile.cmake 0
[0.175s] /usr/local/bin/cmake -E cmake_progress_start /home/hansol/ros2_ws/build/Darknet/CMakeFiles /home/hansol/ros2_ws/build/Darknet//CMakeFiles/progress.marks
[0.194s] /usr/bin/make  -f CMakeFiles/Makefile2 all
[0.203s] make[1]: Entering directory '/home/hansol/ros2_ws/build/Darknet'
[0.205s] /usr/bin/make  -f CMakeFiles/dark.dir/build.make CMakeFiles/dark.dir/depend
[0.208s] /usr/bin/make  -f CMakeFiles/darknet.dir/build.make CMakeFiles/darknet.dir/depend
[0.288s] make[2]: Entering directory '/home/hansol/ros2_ws/build/Darknet'
[0.289s] cd /home/hansol/ros2_ws/build/Darknet && /usr/local/bin/cmake -E cmake_depends "Unix Makefiles" /home/hansol/ros2_ws/src/darknet_ros/darknet /home/hansol/ros2_ws/src/darknet_ros/darknet /home/hansol/ros2_ws/build/Darknet /home/hansol/ros2_ws/build/Darknet /home/hansol/ros2_ws/build/Darknet/CMakeFiles/dark.dir/DependInfo.cmake "--color="
[0.301s] make[2]: Entering directory '/home/hansol/ros2_ws/build/Darknet'
[0.302s] cd /home/hansol/ros2_ws/build/Darknet && /usr/local/bin/cmake -E cmake_depends "Unix Makefiles" /home/hansol/ros2_ws/src/darknet_ros/darknet /home/hansol/ros2_ws/src/darknet_ros/darknet /home/hansol/ros2_ws/build/Darknet /home/hansol/ros2_ws/build/Darknet /home/hansol/ros2_ws/build/Darknet/CMakeFiles/darknet.dir/DependInfo.cmake "--color="
[0.336s] make[2]: Leaving directory '/home/hansol/ros2_ws/build/Darknet'
[0.341s] /usr/bin/make  -f CMakeFiles/dark.dir/build.make CMakeFiles/dark.dir/build
[0.347s] make[2]: Leaving directory '/home/hansol/ros2_ws/build/Darknet'
[0.349s] /usr/bin/make  -f CMakeFiles/darknet.dir/build.make CMakeFiles/darknet.dir/build
[0.423s] make[2]: Entering directory '/home/hansol/ros2_ws/build/Darknet'
[0.427s] make[2]: Nothing to be done for 'CMakeFiles/dark.dir/build'.
[0.430s] make[2]: Leaving directory '/home/hansol/ros2_ws/build/Darknet'
[0.433s] make[2]: Entering directory '/home/hansol/ros2_ws/build/Darknet'
[0.434s] make[2]: Nothing to be done for 'CMakeFiles/darknet.dir/build'.
[0.436s] make[2]: Leaving directory '/home/hansol/ros2_ws/build/Darknet'
[0.463s] [ 48%] Built target darknet
[0.469s] [ 97%] Built target dark
[0.472s] /usr/bin/make  -f CMakeFiles/uselib_track.dir/build.make CMakeFiles/uselib_track.dir/depend
[0.473s] /usr/bin/make  -f CMakeFiles/uselib.dir/build.make CMakeFiles/uselib.dir/depend
[0.488s] make[2]: Entering directory '/home/hansol/ros2_ws/build/Darknet'
[0.489s] cd /home/hansol/ros2_ws/build/Darknet && /usr/local/bin/cmake -E cmake_depends "Unix Makefiles" /home/hansol/ros2_ws/src/darknet_ros/darknet /home/hansol/ros2_ws/src/darknet_ros/darknet /home/hansol/ros2_ws/build/Darknet /home/hansol/ros2_ws/build/Darknet /home/hansol/ros2_ws/build/Darknet/CMakeFiles/uselib.dir/DependInfo.cmake "--color="
[0.498s] make[2]: Entering directory '/home/hansol/ros2_ws/build/Darknet'
[0.499s] cd /home/hansol/ros2_ws/build/Darknet && /usr/local/bin/cmake -E cmake_depends "Unix Makefiles" /home/hansol/ros2_ws/src/darknet_ros/darknet /home/hansol/ros2_ws/src/darknet_ros/darknet /home/hansol/ros2_ws/build/Darknet /home/hansol/ros2_ws/build/Darknet /home/hansol/ros2_ws/build/Darknet/CMakeFiles/uselib_track.dir/DependInfo.cmake "--color="
[0.510s] make[2]: Leaving directory '/home/hansol/ros2_ws/build/Darknet'
[0.511s] /usr/bin/make  -f CMakeFiles/uselib.dir/build.make CMakeFiles/uselib.dir/build
[0.523s] make[2]: Entering directory '/home/hansol/ros2_ws/build/Darknet'
[0.524s] make[2]: Nothing to be done for 'CMakeFiles/uselib.dir/build'.
[0.526s] make[2]: Leaving directory '/home/hansol/ros2_ws/build/Darknet'
[0.527s] make[2]: Leaving directory '/home/hansol/ros2_ws/build/Darknet'
[0.529s] /usr/bin/make  -f CMakeFiles/uselib_track.dir/build.make CMakeFiles/uselib_track.dir/build
[0.547s] [ 98%] Built target uselib
[0.550s] make[2]: Entering directory '/home/hansol/ros2_ws/build/Darknet'
[0.551s] make[2]: Nothing to be done for 'CMakeFiles/uselib_track.dir/build'.
[0.551s] make[2]: Leaving directory '/home/hansol/ros2_ws/build/Darknet'
[0.565s] [100%] Built target uselib_track
[0.567s] make[1]: Leaving directory '/home/hansol/ros2_ws/build/Darknet'
[0.569s] /usr/local/bin/cmake -E cmake_progress_start /home/hansol/ros2_ws/build/Darknet/CMakeFiles 0
[0.595s] 
[0.612s] Invoked command in '/home/hansol/ros2_ws/build/Darknet' returned '0': /usr/local/bin/cmake --build /home/hansol/ros2_ws/build/Darknet -- -j4 -l4
[1.782s] Invoking command in '/home/hansol/ros2_ws/build/Darknet': /usr/local/bin/cmake --install /home/hansol/ros2_ws/build/Darknet
[1.818s] -- Install configuration: "Release"
[1.823s] -- Up-to-date: /home/hansol/ros2_ws/src/darknet_ros/darknet/libdarknet.so
[1.825s] -- Up-to-date: /home/hansol/ros2_ws/install/Darknet/include/darknet/darknet.h
[1.826s] -- Up-to-date: /home/hansol/ros2_ws/install/Darknet/include/darknet/yolo_v2_class.hpp
[1.828s] -- Up-to-date: /home/hansol/ros2_ws/src/darknet_ros/darknet/uselib
[1.829s] -- Up-to-date: /home/hansol/ros2_ws/src/darknet_ros/darknet/darknet
[1.838s] -- Up-to-date: /home/hansol/ros2_ws/src/darknet_ros/darknet/uselib_track
[1.841s] -- Up-to-date: /home/hansol/ros2_ws/install/Darknet/share/darknet/DarknetTargets.cmake
[1.842s] -- Up-to-date: /home/hansol/ros2_ws/install/Darknet/share/darknet/DarknetTargets-release.cmake
[1.843s] -- Up-to-date: /home/hansol/ros2_ws/install/Darknet/share/darknet/DarknetConfig.cmake
[1.843s] -- Up-to-date: /home/hansol/ros2_ws/install/Darknet/share/darknet/DarknetConfigVersion.cmake
[1.845s] Invoked command in '/home/hansol/ros2_ws/build/Darknet' returned '0': /usr/local/bin/cmake --install /home/hansol/ros2_ws/build/Darknet
