[0.105s] Invoking command in '/home/hansol/ros2_ws/build/Darknet': /usr/local/bin/cmake --build /home/hansol/ros2_ws/build/Darknet -- -j4 -l4
[0.121s] Change Dir: '/home/hansol/ros2_ws/build/Darknet'
[0.121s] 
[0.122s] Run Build Command(s): /usr/local/bin/cmake -E env VERBOSE=1 /usr/bin/make -f Makefile -j4 -l4
[0.142s] /usr/local/bin/cmake -S/home/hansol/ros2_ws/src/darknet_ros/darknet -B/home/hansol/ros2_ws/build/Darknet --check-build-system CMakeFiles/Makefile.cmake 0
[0.161s] /usr/local/bin/cmake -E cmake_progress_start /home/hansol/ros2_ws/build/Darknet/CMakeFiles /home/hansol/ros2_ws/build/Darknet//CMakeFiles/progress.marks
[0.173s] /usr/bin/make  -f CMakeFiles/Makefile2 all
[0.181s] make[1]: Entering directory '/home/hansol/ros2_ws/build/Darknet'
[0.189s] /usr/bin/make  -f CMakeFiles/dark.dir/build.make CMakeFiles/dark.dir/depend
[0.193s] /usr/bin/make  -f CMakeFiles/darknet.dir/build.make CMakeFiles/darknet.dir/depend
[0.278s] make[2]: Entering directory '/home/hansol/ros2_ws/build/Darknet'
[0.280s] cd /home/hansol/ros2_ws/build/Darknet && /usr/local/bin/cmake -E cmake_depends "Unix Makefiles" /home/hansol/ros2_ws/src/darknet_ros/darknet /home/hansol/ros2_ws/src/darknet_ros/darknet /home/hansol/ros2_ws/build/Darknet /home/hansol/ros2_ws/build/Darknet /home/hansol/ros2_ws/build/Darknet/CMakeFiles/darknet.dir/DependInfo.cmake "--color="
[0.299s] make[2]: Entering directory '/home/hansol/ros2_ws/build/Darknet'
[0.302s] cd /home/hansol/ros2_ws/build/Darknet && /usr/local/bin/cmake -E cmake_depends "Unix Makefiles" /home/hansol/ros2_ws/src/darknet_ros/darknet /home/hansol/ros2_ws/src/darknet_ros/darknet /home/hansol/ros2_ws/build/Darknet /home/hansol/ros2_ws/build/Darknet /home/hansol/ros2_ws/build/Darknet/CMakeFiles/dark.dir/DependInfo.cmake "--color="
[0.323s] make[2]: Leaving directory '/home/hansol/ros2_ws/build/Darknet'
[0.326s] /usr/bin/make  -f CMakeFiles/darknet.dir/build.make CMakeFiles/darknet.dir/build
[0.353s] make[2]: Leaving directory '/home/hansol/ros2_ws/build/Darknet'
[0.354s] /usr/bin/make  -f CMakeFiles/dark.dir/build.make CMakeFiles/dark.dir/build
[0.414s] make[2]: Entering directory '/home/hansol/ros2_ws/build/Darknet'
[0.415s] make[2]: Nothing to be done for 'CMakeFiles/darknet.dir/build'.
[0.416s] make[2]: Leaving directory '/home/hansol/ros2_ws/build/Darknet'
[0.440s] [ 48%] Built target darknet
[0.445s] make[2]: Entering directory '/home/hansol/ros2_ws/build/Darknet'
[0.446s] make[2]: Nothing to be done for 'CMakeFiles/dark.dir/build'.
[0.447s] make[2]: Leaving directory '/home/hansol/ros2_ws/build/Darknet'
[0.468s] [ 97%] Built target dark
[0.470s] /usr/bin/make  -f CMakeFiles/uselib_track.dir/build.make CMakeFiles/uselib_track.dir/depend
[0.470s] /usr/bin/make  -f CMakeFiles/uselib.dir/build.make CMakeFiles/uselib.dir/depend
[0.478s] make[2]: Entering directory '/home/hansol/ros2_ws/build/Darknet'
[0.479s] cd /home/hansol/ros2_ws/build/Darknet && /usr/local/bin/cmake -E cmake_depends "Unix Makefiles" /home/hansol/ros2_ws/src/darknet_ros/darknet /home/hansol/ros2_ws/src/darknet_ros/darknet /home/hansol/ros2_ws/build/Darknet /home/hansol/ros2_ws/build/Darknet /home/hansol/ros2_ws/build/Darknet/CMakeFiles/uselib.dir/DependInfo.cmake "--color="
[0.486s] make[2]: Entering directory '/home/hansol/ros2_ws/build/Darknet'
[0.487s] cd /home/hansol/ros2_ws/build/Darknet && /usr/local/bin/cmake -E cmake_depends "Unix Makefiles" /home/hansol/ros2_ws/src/darknet_ros/darknet /home/hansol/ros2_ws/src/darknet_ros/darknet /home/hansol/ros2_ws/build/Darknet /home/hansol/ros2_ws/build/Darknet /home/hansol/ros2_ws/build/Darknet/CMakeFiles/uselib_track.dir/DependInfo.cmake "--color="
[0.513s] make[2]: Leaving directory '/home/hansol/ros2_ws/build/Darknet'
[0.514s] /usr/bin/make  -f CMakeFiles/uselib_track.dir/build.make CMakeFiles/uselib_track.dir/build
[0.518s] make[2]: Leaving directory '/home/hansol/ros2_ws/build/Darknet'
[0.520s] /usr/bin/make  -f CMakeFiles/uselib.dir/build.make CMakeFiles/uselib.dir/build
[0.521s] make[2]: Entering directory '/home/hansol/ros2_ws/build/Darknet'
[0.521s] make[2]: Nothing to be done for 'CMakeFiles/uselib_track.dir/build'.
[0.522s] make[2]: Leaving directory '/home/hansol/ros2_ws/build/Darknet'
[0.533s] [ 99%] Built target uselib_track
[0.545s] make[2]: Entering directory '/home/hansol/ros2_ws/build/Darknet'
[0.546s] make[2]: Nothing to be done for 'CMakeFiles/uselib.dir/build'.
[0.547s] make[2]: Leaving directory '/home/hansol/ros2_ws/build/Darknet'
[0.558s] [100%] Built target uselib
[0.561s] make[1]: Leaving directory '/home/hansol/ros2_ws/build/Darknet'
[0.564s] /usr/local/bin/cmake -E cmake_progress_start /home/hansol/ros2_ws/build/Darknet/CMakeFiles 0
[0.590s] 
[0.597s] Invoked command in '/home/hansol/ros2_ws/build/Darknet' returned '0': /usr/local/bin/cmake --build /home/hansol/ros2_ws/build/Darknet -- -j4 -l4
[1.535s] Invoking command in '/home/hansol/ros2_ws/build/Darknet': /usr/local/bin/cmake --install /home/hansol/ros2_ws/build/Darknet
[1.563s] -- Install configuration: "Release"
[1.564s] -- Up-to-date: /home/hansol/ros2_ws/src/darknet_ros/darknet/libdarknet.so
[1.565s] -- Up-to-date: /home/hansol/ros2_ws/install/Darknet/include/darknet/darknet.h
[1.566s] -- Up-to-date: /home/hansol/ros2_ws/install/Darknet/include/darknet/yolo_v2_class.hpp
[1.567s] -- Up-to-date: /home/hansol/ros2_ws/src/darknet_ros/darknet/uselib
[1.569s] -- Up-to-date: /home/hansol/ros2_ws/src/darknet_ros/darknet/darknet
[1.570s] -- Up-to-date: /home/hansol/ros2_ws/src/darknet_ros/darknet/uselib_track
[1.571s] -- Up-to-date: /home/hansol/ros2_ws/install/Darknet/share/darknet/DarknetTargets.cmake
[1.572s] -- Up-to-date: /home/hansol/ros2_ws/install/Darknet/share/darknet/DarknetTargets-release.cmake
[1.573s] -- Up-to-date: /home/hansol/ros2_ws/install/Darknet/share/darknet/DarknetConfig.cmake
[1.573s] -- Up-to-date: /home/hansol/ros2_ws/install/Darknet/share/darknet/DarknetConfigVersion.cmake
[1.654s] Invoked command in '/home/hansol/ros2_ws/build/Darknet' returned '0': /usr/local/bin/cmake --install /home/hansol/ros2_ws/build/Darknet
