/home/hansol/ros2_ws/src/darknet_ros/darknet/src/network_kernels.cu(379): warning: variable "l" was declared but never referenced

/home/hansol/ros2_ws/src/darknet_ros/darknet/src/network_kernels.cu(379): warning: variable "l" was declared but never referenced

/home/hansol/ros2_ws/src/darknet_ros/darknet/src/network_kernels.cu(379): warning: variable "l" was declared but never referenced

/home/hansol/ros2_ws/src/darknet_ros/darknet/src/network_kernels.cu(379): warning: variable "l" was declared but never referenced

/home/hansol/ros2_ws/src/darknet_ros/darknet/src/network_kernels.cu(379): warning: variable "l" was declared but never referenced

/home/hansol/ros2_ws/src/darknet_ros/darknet/src/blas_kernels.cu(1086): warning: variable "out_index" was declared but never referenced

/home/hansol/ros2_ws/src/darknet_ros/darknet/src/blas_kernels.cu(1130): warning: variable "step" was set but never used

/home/hansol/ros2_ws/src/darknet_ros/darknet/src/blas_kernels.cu(1736): warning: variable "stage_id" was declared but never referenced

/home/hansol/ros2_ws/src/darknet_ros/darknet/src/blas_kernels.cu(1086): warning: variable "out_index" was declared but never referenced

/home/hansol/ros2_ws/src/darknet_ros/darknet/src/blas_kernels.cu(1130): warning: variable "step" was set but never used

/home/hansol/ros2_ws/src/darknet_ros/darknet/src/blas_kernels.cu(1736): warning: variable "stage_id" was declared but never referenced

/home/hansol/ros2_ws/src/darknet_ros/darknet/src/activation_kernels.cu(263): warning: variable "MISH_THRESHOLD" was declared but never referenced

/home/hansol/ros2_ws/src/darknet_ros/darknet/src/blas_kernels.cu(1086): warning: variable "out_index" was declared but never referenced

/home/hansol/ros2_ws/src/darknet_ros/darknet/src/blas_kernels.cu(1130): warning: variable "step" was set but never used

/home/hansol/ros2_ws/src/darknet_ros/darknet/src/blas_kernels.cu(1736): warning: variable "stage_id" was declared but never referenced

/home/hansol/ros2_ws/src/darknet_ros/darknet/src/activation_kernels.cu(263): warning: variable "MISH_THRESHOLD" was declared but never referenced

/home/hansol/ros2_ws/src/darknet_ros/darknet/src/activation_kernels.cu(263): warning: variable "MISH_THRESHOLD" was declared but never referenced

/home/hansol/ros2_ws/src/darknet_ros/darknet/src/blas_kernels.cu(1086): warning: variable "out_index" was declared but never referenced

/home/hansol/ros2_ws/src/darknet_ros/darknet/src/blas_kernels.cu(1130): warning: variable "step" was set but never used

/home/hansol/ros2_ws/src/darknet_ros/darknet/src/blas_kernels.cu(1736): warning: variable "stage_id" was declared but never referenced

/home/hansol/ros2_ws/src/darknet_ros/darknet/src/activation_kernels.cu(263): warning: variable "MISH_THRESHOLD" was declared but never referenced

/home/hansol/ros2_ws/src/darknet_ros/darknet/src/activation_kernels.cu(263): warning: variable "MISH_THRESHOLD" was declared but never referenced

/home/hansol/ros2_ws/src/darknet_ros/darknet/src/blas_kernels.cu(1086): warning: variable "out_index" was declared but never referenced

/home/hansol/ros2_ws/src/darknet_ros/darknet/src/blas_kernels.cu(1130): warning: variable "step" was set but never used

/home/hansol/ros2_ws/src/darknet_ros/darknet/src/blas_kernels.cu(1736): warning: variable "stage_id" was declared but never referenced

/home/hansol/ros2_ws/src/darknet_ros/darknet/src/dropout_layer_kernels.cu(140): warning: variable "cur_scale" was declared but never referenced

/home/hansol/ros2_ws/src/darknet_ros/darknet/src/dropout_layer_kernels.cu(245): warning: variable "cur_scale" was declared but never referenced

/home/hansol/ros2_ws/src/darknet_ros/darknet/src/dropout_layer_kernels.cu(262): warning: variable "block_prob" was declared but never referenced

/home/hansol/ros2_ws/src/darknet_ros/darknet/src/dropout_layer_kernels.cu(140): warning: variable "cur_scale" was declared but never referenced

/home/hansol/ros2_ws/src/darknet_ros/darknet/src/dropout_layer_kernels.cu(245): warning: variable "cur_scale" was declared but never referenced

/home/hansol/ros2_ws/src/darknet_ros/darknet/src/dropout_layer_kernels.cu(262): warning: variable "block_prob" was declared but never referenced

/home/hansol/ros2_ws/src/darknet_ros/darknet/src/dropout_layer_kernels.cu(140): warning: variable "cur_scale" was declared but never referenced

/home/hansol/ros2_ws/src/darknet_ros/darknet/src/dropout_layer_kernels.cu(245): warning: variable "cur_scale" was declared but never referenced

/home/hansol/ros2_ws/src/darknet_ros/darknet/src/dropout_layer_kernels.cu(262): warning: variable "block_prob" was declared but never referenced

/home/hansol/ros2_ws/src/darknet_ros/darknet/src/dropout_layer_kernels.cu(140): warning: variable "cur_scale" was declared but never referenced

/home/hansol/ros2_ws/src/darknet_ros/darknet/src/dropout_layer_kernels.cu(245): warning: variable "cur_scale" was declared but never referenced

/home/hansol/ros2_ws/src/darknet_ros/darknet/src/dropout_layer_kernels.cu(262): warning: variable "block_prob" was declared but never referenced

/home/hansol/ros2_ws/src/darknet_ros/darknet/src/dropout_layer_kernels.cu(140): warning: variable "cur_scale" was declared but never referenced

/home/hansol/ros2_ws/src/darknet_ros/darknet/src/dropout_layer_kernels.cu(245): warning: variable "cur_scale" was declared but never referenced

/home/hansol/ros2_ws/src/darknet_ros/darknet/src/dropout_layer_kernels.cu(262): warning: variable "block_prob" was declared but never referenced

[01m[K/home/hansol/ros2_ws/src/darknet_ros/darknet_ros/src/image_interface.cpp:[m[K In function ‘[01m[Kimage** load_alphabet_with_file(char*)[m[K’:
[01m[K/home/hansol/ros2_ws/src/darknet_ros/darknet_ros/src/image_interface.cpp:21:18:[m[K [01;35m[Kwarning: [m[KISO C++ forbids converting a string constant to ‘[01m[Kchar*[m[K’ [[01;35m[K-Wwrite-strings[m[K]
   char* labels = [01;35m[K"/labels/%d_%d.png"[m[K;
                  [01;35m[K^~~~~~~~~~~~~~~~~~~[m[K
[01m[K/home/hansol/ros2_ws/src/darknet_ros/darknet/src/blas.c:[m[K In function ‘[01m[Kfind_sim[m[K’:
[01m[K/home/hansol/ros2_ws/src/darknet_ros/darknet/src/blas.c:597:59:[m[K [01;35m[Kwarning: [m[Kformat ‘[01m[K%d[m[K’ expects argument of type ‘[01m[Kint[m[K’, but argument 2 has type ‘[01m[Ksize_t {aka long unsigned int}[m[K’ [[01;35m[K-Wformat=[m[K]
         printf(" Error: find_sim(): sim isn't found: i = [01;35m[K%d[m[K, j = %d, z = %d \n", i, j, z);
                                                          [01;35m[K~^[m[K
                                                          [32m[K%ld[m[K
[01m[K/home/hansol/ros2_ws/src/darknet_ros/darknet/src/blas.c:597:67:[m[K [01;35m[Kwarning: [m[Kformat ‘[01m[K%d[m[K’ expects argument of type ‘[01m[Kint[m[K’, but argument 3 has type ‘[01m[Ksize_t {aka long unsigned int}[m[K’ [[01;35m[K-Wformat=[m[K]
         printf(" Error: find_sim(): sim isn't found: i = %d, j = [01;35m[K%d[m[K, z = %d \n", i, j, z);
                                                                  [01;35m[K~^[m[K
                                                                  [32m[K%ld[m[K
[01m[K/home/hansol/ros2_ws/src/darknet_ros/darknet/src/blas.c:597:75:[m[K [01;35m[Kwarning: [m[Kformat ‘[01m[K%d[m[K’ expects argument of type ‘[01m[Kint[m[K’, but argument 4 has type ‘[01m[Ksize_t {aka long unsigned int}[m[K’ [[01;35m[K-Wformat=[m[K]
         printf(" Error: find_sim(): sim isn't found: i = %d, j = %d, z = [01;35m[K%d[m[K \n", i, j, z);
                                                                          [01;35m[K~^[m[K
                                                                          [32m[K%ld[m[K
[01m[K/home/hansol/ros2_ws/src/darknet_ros/darknet/src/blas.c:[m[K In function ‘[01m[Kfind_P_constrastive[m[K’:
[01m[K/home/hansol/ros2_ws/src/darknet_ros/darknet/src/blas.c:611:68:[m[K [01;35m[Kwarning: [m[Kformat ‘[01m[K%d[m[K’ expects argument of type ‘[01m[Kint[m[K’, but argument 2 has type ‘[01m[Ksize_t {aka long unsigned int}[m[K’ [[01;35m[K-Wformat=[m[K]
         printf(" Error: find_P_constrastive(): P isn't found: i = [01;35m[K%d[m[K, j = %d, z = %d \n", i, j, z);
                                                                   [01;35m[K~^[m[K
                                                                   [32m[K%ld[m[K
[01m[K/home/hansol/ros2_ws/src/darknet_ros/darknet/src/blas.c:611:76:[m[K [01;35m[Kwarning: [m[Kformat ‘[01m[K%d[m[K’ expects argument of type ‘[01m[Kint[m[K’, but argument 3 has type ‘[01m[Ksize_t {aka long unsigned int}[m[K’ [[01;35m[K-Wformat=[m[K]
         printf(" Error: find_P_constrastive(): P isn't found: i = %d, j = [01;35m[K%d[m[K, z = %d \n", i, j, z);
                                                                           [01;35m[K~^[m[K
                                                                           [32m[K%ld[m[K
[01m[K/home/hansol/ros2_ws/src/darknet_ros/darknet/src/blas.c:611:84:[m[K [01;35m[Kwarning: [m[Kformat ‘[01m[K%d[m[K’ expects argument of type ‘[01m[Kint[m[K’, but argument 4 has type ‘[01m[Ksize_t {aka long unsigned int}[m[K’ [[01;35m[K-Wformat=[m[K]
         printf(" Error: find_P_constrastive(): P isn't found: i = %d, j = %d, z = [01;35m[K%d[m[K \n", i, j, z);
                                                                                   [01;35m[K~^[m[K
                                                                                   [32m[K%ld[m[K
[01m[K/home/hansol/ros2_ws/src/darknet_ros/darknet/src/blas.c:[m[K In function ‘[01m[KP_constrastive_f[m[K’:
[01m[K/home/hansol/ros2_ws/src/darknet_ros/darknet/src/blas.c:651:79:[m[K [01;35m[Kwarning: [m[Kformat ‘[01m[K%d[m[K’ expects argument of type ‘[01m[Kint[m[K’, but argument 3 has type ‘[01m[Ksize_t {aka long unsigned int}[m[K’ [[01;35m[K-Wformat=[m[K]
         fprintf(stderr, " Error: in P_constrastive must be i != l, while i = [01;35m[K%d[m[K, l = %d \n", i, l);
                                                                              [01;35m[K~^[m[K
                                                                              [32m[K%ld[m[K
[01m[K/home/hansol/ros2_ws/src/darknet_ros/darknet/src/blas.c:651:87:[m[K [01;35m[Kwarning: [m[Kformat ‘[01m[K%d[m[K’ expects argument of type ‘[01m[Kint[m[K’, but argument 4 has type ‘[01m[Ksize_t {aka long unsigned int}[m[K’ [[01;35m[K-Wformat=[m[K]
         fprintf(stderr, " Error: in P_constrastive must be i != l, while i = %d, l = [01;35m[K%d[m[K \n", i, l);
                                                                                      [01;35m[K~^[m[K
                                                                                      [32m[K%ld[m[K
[01m[K/home/hansol/ros2_ws/src/darknet_ros/darknet/src/blas.c:[m[K In function ‘[01m[KP_constrastive[m[K’:
[01m[K/home/hansol/ros2_ws/src/darknet_ros/darknet/src/blas.c:785:79:[m[K [01;35m[Kwarning: [m[Kformat ‘[01m[K%d[m[K’ expects argument of type ‘[01m[Kint[m[K’, but argument 3 has type ‘[01m[Ksize_t {aka long unsigned int}[m[K’ [[01;35m[K-Wformat=[m[K]
         fprintf(stderr, " Error: in P_constrastive must be i != l, while i = [01;35m[K%d[m[K, l = %d \n", i, l);
                                                                              [01;35m[K~^[m[K
                                                                              [32m[K%ld[m[K
[01m[K/home/hansol/ros2_ws/src/darknet_ros/darknet/src/blas.c:785:87:[m[K [01;35m[Kwarning: [m[Kformat ‘[01m[K%d[m[K’ expects argument of type ‘[01m[Kint[m[K’, but argument 4 has type ‘[01m[Ksize_t {aka long unsigned int}[m[K’ [[01;35m[K-Wformat=[m[K]
         fprintf(stderr, " Error: in P_constrastive must be i != l, while i = %d, l = [01;35m[K%d[m[K \n", i, l);
                                                                                      [01;35m[K~^[m[K
                                                                                      [32m[K%ld[m[K
[01m[K/home/hansol/ros2_ws/src/darknet_ros/darknet/src/dark_cuda.c:[m[K In function ‘[01m[Kpre_allocate_pinned_memory[m[K’:
[01m[K/home/hansol/ros2_ws/src/darknet_ros/darknet/src/dark_cuda.c:395:40:[m[K [01;35m[Kwarning: [m[Kformat ‘[01m[K%u[m[K’ expects argument of type ‘[01m[Kunsigned int[m[K’, but argument 2 has type ‘[01m[Klong unsigned int[m[K’ [[01;35m[K-Wformat=[m[K]
         printf("pre_allocate: size = [01;35m[K%Iu[m[K MB, num_of_blocks = %Iu, block_size = %Iu MB \n",
                                      [01;35m[K~~^[m[K
                                      [32m[K%Ilu[m[K
             [32m[Ksize / (1024*1024)[m[K, num_of_blocks, pinned_block_size / (1024 * 1024));
             [32m[K~~~~~~~~~~~~~~~~~~[m[K          
[01m[K/home/hansol/ros2_ws/src/darknet_ros/darknet/src/dark_cuda.c:395:64:[m[K [01;35m[Kwarning: [m[Kformat ‘[01m[K%u[m[K’ expects argument of type ‘[01m[Kunsigned int[m[K’, but argument 3 has type ‘[01m[Ksize_t {aka const long unsigned int}[m[K’ [[01;35m[K-Wformat=[m[K]
         printf("pre_allocate: size = %Iu MB, num_of_blocks = [01;35m[K%Iu[m[K, block_size = %Iu MB \n",
                                                              [01;35m[K~~^[m[K
                                                              [32m[K%Ilu[m[K
[01m[K/home/hansol/ros2_ws/src/darknet_ros/darknet/src/dark_cuda.c:395:82:[m[K [01;35m[Kwarning: [m[Kformat ‘[01m[K%u[m[K’ expects argument of type ‘[01m[Kunsigned int[m[K’, but argument 4 has type ‘[01m[Klong unsigned int[m[K’ [[01;35m[K-Wformat=[m[K]
         printf("pre_allocate: size = %Iu MB, num_of_blocks = %Iu, block_size = [01;35m[K%Iu[m[K MB \n",
                                                                                [01;35m[K~~^[m[K
                                                                                [32m[K%Ilu[m[K
[01m[K/home/hansol/ros2_ws/src/darknet_ros/darknet/src/dark_cuda.c:405:37:[m[K [01;35m[Kwarning: [m[Kformat ‘[01m[K%d[m[K’ expects argument of type ‘[01m[Kint[m[K’, but argument 2 has type ‘[01m[Ksize_t {aka const long unsigned int}[m[K’ [[01;35m[K-Wformat=[m[K]
                 printf(" Allocated [01;35m[K%d[m[K pinned block \n", pinned_block_size);
                                    [01;35m[K~^[m[K
                                    [32m[K%ld[m[K
[01m[K/home/hansol/ros2_ws/src/darknet_ros/darknet/src/dark_cuda.c:[m[K In function ‘[01m[Kcuda_make_array_pinned_preallocated[m[K’:
[01m[K/home/hansol/ros2_ws/src/darknet_ros/darknet/src/dark_cuda.c:426:43:[m[K [01;35m[Kwarning: [m[Kformat ‘[01m[K%d[m[K’ expects argument of type ‘[01m[Kint[m[K’, but argument 2 has type ‘[01m[Ksize_t {aka long unsigned int}[m[K’ [[01;35m[K-Wformat=[m[K]
             printf("\n Pinned block_id = [01;35m[K%d[m[K, filled = %f %% \n", pinned_block_id, filled);
                                          [01;35m[K~^[m[K
                                          [32m[K%ld[m[K
[01m[K/home/hansol/ros2_ws/src/darknet_ros/darknet/src/dark_cuda.c:441:64:[m[K [01;35m[Kwarning: [m[Kformat ‘[01m[K%d[m[K’ expects argument of type ‘[01m[Kint[m[K’, but argument 2 has type ‘[01m[Klong unsigned int[m[K’ [[01;35m[K-Wformat=[m[K]
             printf("Try to allocate new pinned memory, size = [01;35m[K%d[m[K MB \n", [32m[Ksize / (1024 * 1024)[m[K);
                                                               [01;35m[K~^[m[K         [32m[K~~~~~~~~~~~~~~~~~~~~[m[K
                                                               [32m[K%ld[m[K
[01m[K/home/hansol/ros2_ws/src/darknet_ros/darknet/src/dark_cuda.c:447:63:[m[K [01;35m[Kwarning: [m[Kformat ‘[01m[K%d[m[K’ expects argument of type ‘[01m[Kint[m[K’, but argument 2 has type ‘[01m[Klong unsigned int[m[K’ [[01;35m[K-Wformat=[m[K]
             printf("Try to allocate new pinned BLOCK, size = [01;35m[K%d[m[K MB \n", [32m[Ksize / (1024 * 1024)[m[K);
                                                              [01;35m[K~^[m[K         [32m[K~~~~~~~~~~~~~~~~~~~~[m[K
                                                              [32m[K%ld[m[K
[01m[K/home/hansol/ros2_ws/src/darknet_ros/darknet/src/data.c:[m[K In function ‘[01m[Kfill_truth_detection[m[K’:
[01m[K/home/hansol/ros2_ws/src/darknet_ros/darknet/src/data.c:411:13:[m[K [01;35m[Kwarning: [m[Kignoring return value of ‘[01m[Ksystem[m[K’, declared with attribute warn_unused_result [[01;35m[K-Wunused-result[m[K]
             [01;35m[Ksystem(buff)[m[K;
             [01;35m[K^~~~~~~~~~~~[m[K
[01m[K/home/hansol/ros2_ws/src/darknet_ros/darknet/src/data.c:425:13:[m[K [01;35m[Kwarning: [m[Kignoring return value of ‘[01m[Ksystem[m[K’, declared with attribute warn_unused_result [[01;35m[K-Wunused-result[m[K]
             [01;35m[Ksystem(buff)[m[K;
             [01;35m[K^~~~~~~~~~~~[m[K
[01m[K/home/hansol/ros2_ws/src/darknet_ros/darknet/src/data.c:433:13:[m[K [01;35m[Kwarning: [m[Kignoring return value of ‘[01m[Ksystem[m[K’, declared with attribute warn_unused_result [[01;35m[K-Wunused-result[m[K]
             [01;35m[Ksystem(buff)[m[K;
             [01;35m[K^~~~~~~~~~~~[m[K
[01m[K/home/hansol/ros2_ws/src/darknet_ros/darknet/src/data.c:441:13:[m[K [01;35m[Kwarning: [m[Kignoring return value of ‘[01m[Ksystem[m[K’, declared with attribute warn_unused_result [[01;35m[K-Wunused-result[m[K]
             [01;35m[Ksystem(buff)[m[K;
             [01;35m[K^~~~~~~~~~~~[m[K
[01m[K/home/hansol/ros2_ws/src/darknet_ros/darknet/src/data.c:448:13:[m[K [01;35m[Kwarning: [m[Kignoring return value of ‘[01m[Ksystem[m[K’, declared with attribute warn_unused_result [[01;35m[K-Wunused-result[m[K]
             [01;35m[Ksystem(buff)[m[K;
             [01;35m[K^~~~~~~~~~~~[m[K
[01m[K/home/hansol/ros2_ws/src/darknet_ros/darknet/src/data.c:[m[K In function ‘[01m[Kload_cifar10_data[m[K’:
[01m[K/home/hansol/ros2_ws/src/darknet_ros/darknet/src/data.c:2089:9:[m[K [01;35m[Kwarning: [m[Kignoring return value of ‘[01m[Kfread[m[K’, declared with attribute warn_unused_result [[01;35m[K-Wunused-result[m[K]
         [01;35m[Kfread(bytes, 1, 3073, fp)[m[K;
         [01;35m[K^~~~~~~~~~~~~~~~~~~~~~~~~[m[K
[01m[K/home/hansol/ros2_ws/src/darknet_ros/darknet/src/data.c:[m[K In function ‘[01m[Kload_all_cifar10[m[K’:
[01m[K/home/hansol/ros2_ws/src/darknet_ros/darknet/src/data.c:2153:13:[m[K [01;35m[Kwarning: [m[Kignoring return value of ‘[01m[Kfread[m[K’, declared with attribute warn_unused_result [[01;35m[K-Wunused-result[m[K]
             [01;35m[Kfread(bytes, 1, 3073, fp)[m[K;
             [01;35m[K^~~~~~~~~~~~~~~~~~~~~~~~~[m[K
[01m[K/home/hansol/ros2_ws/src/darknet_ros/darknet/src/detector.c:[m[K In function ‘[01m[Kcalc_anchors[m[K’:
[01m[K/home/hansol/ros2_ws/src/darknet_ros/darknet/src/detector.c:1488:17:[m[K [01;35m[Kwarning: [m[Kignoring return value of ‘[01m[Ksystem[m[K’, declared with attribute warn_unused_result [[01;35m[K-Wunused-result[m[K]
                 [01;35m[Ksystem(buff)[m[K;
                 [01;35m[K^~~~~~~~~~~~[m[K
[01m[K/home/hansol/ros2_ws/src/darknet_ros/darknet/src/gaussian_yolo_layer.c:[m[K In function ‘[01m[Kmake_gaussian_yolo_layer[m[K’:
[01m[K/home/hansol/ros2_ws/src/darknet_ros/darknet/src/gaussian_yolo_layer.c:72:38:[m[K [01;35m[Kwarning: [m[Kpassing argument 1 of ‘[01m[KcudaHostAlloc[m[K’ from incompatible pointer type [[01;35m[K-Wincompatible-pointer-types[m[K]
     if (cudaSuccess == cudaHostAlloc([01;35m[K&[m[Kl.output, batch*l.outputs * sizeof(float), cudaHostRegisterMapped)) l.output_pinned = 1;
                                      [01;35m[K^[m[K
In file included from [01m[K/usr/local/cuda-10.2/include/cuda_runtime.h:96:0[m[K,
                 from [01m[K/home/hansol/ros2_ws/src/darknet_ros/darknet/include/darknet.h:41[m[K,
                 from [01m[K/home/hansol/ros2_ws/src/darknet_ros/darknet/src/gaussian_yolo_layer.h:5[m[K,
                 from [01m[K/home/hansol/ros2_ws/src/darknet_ros/darknet/src/gaussian_yolo_layer.c:7[m[K:
[01m[K/usr/local/cuda-10.2/include/cuda_runtime_api.h:4575:39:[m[K [01;36m[Knote: [m[Kexpected ‘[01m[Kvoid **[m[K’ but argument is of type ‘[01m[Kfloat **[m[K’
 extern __host__ cudaError_t CUDARTAPI [01;36m[KcudaHostAlloc[m[K(void **pHost, size_t size, unsigned int flags);
                                       [01;36m[K^~~~~~~~~~~~~[m[K
[01m[K/home/hansol/ros2_ws/src/darknet_ros/darknet/src/gaussian_yolo_layer.c:79:38:[m[K [01;35m[Kwarning: [m[Kpassing argument 1 of ‘[01m[KcudaHostAlloc[m[K’ from incompatible pointer type [[01;35m[K-Wincompatible-pointer-types[m[K]
     if (cudaSuccess == cudaHostAlloc([01;35m[K&[m[Kl.delta, batch*l.outputs * sizeof(float), cudaHostRegisterMapped)) l.delta_pinned = 1;
                                      [01;35m[K^[m[K
In file included from [01m[K/usr/local/cuda-10.2/include/cuda_runtime.h:96:0[m[K,
                 from [01m[K/home/hansol/ros2_ws/src/darknet_ros/darknet/include/darknet.h:41[m[K,
                 from [01m[K/home/hansol/ros2_ws/src/darknet_ros/darknet/src/gaussian_yolo_layer.h:5[m[K,
                 from [01m[K/home/hansol/ros2_ws/src/darknet_ros/darknet/src/gaussian_yolo_layer.c:7[m[K:
[01m[K/usr/local/cuda-10.2/include/cuda_runtime_api.h:4575:39:[m[K [01;36m[Knote: [m[Kexpected ‘[01m[Kvoid **[m[K’ but argument is of type ‘[01m[Kfloat **[m[K’
 extern __host__ cudaError_t CUDARTAPI [01;36m[KcudaHostAlloc[m[K(void **pHost, size_t size, unsigned int flags);
                                       [01;36m[K^~~~~~~~~~~~~[m[K
[01m[K/home/hansol/ros2_ws/src/darknet_ros/darknet/src/gaussian_yolo_layer.c:[m[K In function ‘[01m[Kresize_gaussian_yolo_layer[m[K’:
[01m[K/home/hansol/ros2_ws/src/darknet_ros/darknet/src/gaussian_yolo_layer.c:111:42:[m[K [01;35m[Kwarning: [m[Kpassing argument 1 of ‘[01m[KcudaHostAlloc[m[K’ from incompatible pointer type [[01;35m[K-Wincompatible-pointer-types[m[K]
         if (cudaSuccess != cudaHostAlloc([01;35m[K&[m[Kl->output, l->batch*l->outputs * sizeof(float), cudaHostRegisterMapped)) {
                                          [01;35m[K^[m[K
In file included from [01m[K/usr/local/cuda-10.2/include/cuda_runtime.h:96:0[m[K,
                 from [01m[K/home/hansol/ros2_ws/src/darknet_ros/darknet/include/darknet.h:41[m[K,
                 from [01m[K/home/hansol/ros2_ws/src/darknet_ros/darknet/src/gaussian_yolo_layer.h:5[m[K,
                 from [01m[K/home/hansol/ros2_ws/src/darknet_ros/darknet/src/gaussian_yolo_layer.c:7[m[K:
[01m[K/usr/local/cuda-10.2/include/cuda_runtime_api.h:4575:39:[m[K [01;36m[Knote: [m[Kexpected ‘[01m[Kvoid **[m[K’ but argument is of type ‘[01m[Kfloat **[m[K’
 extern __host__ cudaError_t CUDARTAPI [01;36m[KcudaHostAlloc[m[K(void **pHost, size_t size, unsigned int flags);
                                       [01;36m[K^~~~~~~~~~~~~[m[K
[01m[K/home/hansol/ros2_ws/src/darknet_ros/darknet/src/gaussian_yolo_layer.c:120:42:[m[K [01;35m[Kwarning: [m[Kpassing argument 1 of ‘[01m[KcudaHostAlloc[m[K’ from incompatible pointer type [[01;35m[K-Wincompatible-pointer-types[m[K]
         if (cudaSuccess != cudaHostAlloc([01;35m[K&[m[Kl->delta, l->batch*l->outputs * sizeof(float), cudaHostRegisterMapped)) {
                                          [01;35m[K^[m[K
In file included from [01m[K/usr/local/cuda-10.2/include/cuda_runtime.h:96:0[m[K,
                 from [01m[K/home/hansol/ros2_ws/src/darknet_ros/darknet/include/darknet.h:41[m[K,
                 from [01m[K/home/hansol/ros2_ws/src/darknet_ros/darknet/src/gaussian_yolo_layer.h:5[m[K,
                 from [01m[K/home/hansol/ros2_ws/src/darknet_ros/darknet/src/gaussian_yolo_layer.c:7[m[K:
[01m[K/usr/local/cuda-10.2/include/cuda_runtime_api.h:4575:39:[m[K [01;36m[Knote: [m[Kexpected ‘[01m[Kvoid **[m[K’ but argument is of type ‘[01m[Kfloat **[m[K’
 extern __host__ cudaError_t CUDARTAPI [01;36m[KcudaHostAlloc[m[K(void **pHost, size_t size, unsigned int flags);
                                       [01;36m[K^~~~~~~~~~~~~[m[K
[01m[K/home/hansol/ros2_ws/src/darknet_ros/darknet/src/go.c:[m[K In function ‘[01m[Kengine_go[m[K’:
[01m[K/home/hansol/ros2_ws/src/darknet_ros/darknet/src/go.c:452:9:[m[K [01;35m[Kwarning: [m[Kignoring return value of ‘[01m[Kscanf[m[K’, declared with attribute warn_unused_result [[01;35m[K-Wunused-result[m[K]
         [01;35m[Kscanf("%s", buff)[m[K;
         [01;35m[K^~~~~~~~~~~~~~~~~[m[K
[01m[K/home/hansol/ros2_ws/src/darknet_ros/darknet/src/go.c:466:13:[m[K [01;35m[Kwarning: [m[Kignoring return value of ‘[01m[Kscanf[m[K’, declared with attribute warn_unused_result [[01;35m[K-Wunused-result[m[K]
             [01;35m[Kscanf("%s", comm)[m[K;
             [01;35m[K^~~~~~~~~~~~~~~~~[m[K
[01m[K/home/hansol/ros2_ws/src/darknet_ros/darknet/src/go.c:487:13:[m[K [01;35m[Kwarning: [m[Kignoring return value of ‘[01m[Kscanf[m[K’, declared with attribute warn_unused_result [[01;35m[K-Wunused-result[m[K]
             [01;35m[Kscanf("%d", &boardsize)[m[K;
             [01;35m[K^~~~~~~~~~~~~~~~~~~~~~~[m[K
[01m[K/home/hansol/ros2_ws/src/darknet_ros/darknet/src/go.c:500:13:[m[K [01;35m[Kwarning: [m[Kignoring return value of ‘[01m[Kscanf[m[K’, declared with attribute warn_unused_result [[01;35m[K-Wunused-result[m[K]
             [01;35m[Kscanf("%f", &komi)[m[K;
             [01;35m[K^~~~~~~~~~~~~~~~~~[m[K
[01m[K/home/hansol/ros2_ws/src/darknet_ros/darknet/src/go.c:504:13:[m[K [01;35m[Kwarning: [m[Kignoring return value of ‘[01m[Kscanf[m[K’, declared with attribute warn_unused_result [[01;35m[K-Wunused-result[m[K]
             [01;35m[Kscanf("%s ", color)[m[K;
             [01;35m[K^~~~~~~~~~~~~~~~~~~[m[K
[01m[K/home/hansol/ros2_ws/src/darknet_ros/darknet/src/go.c:536:13:[m[K [01;35m[Kwarning: [m[Kignoring return value of ‘[01m[Kscanf[m[K’, declared with attribute warn_unused_result [[01;35m[K-Wunused-result[m[K]
             [01;35m[Kscanf("%s", color)[m[K;
             [01;35m[K^~~~~~~~~~~~~~~~~~[m[K
[01m[K/home/hansol/ros2_ws/src/darknet_ros/darknet/src/go.c:563:13:[m[K [01;35m[Kwarning: [m[Kignoring return value of ‘[01m[Kscanf[m[K’, declared with attribute warn_unused_result [[01;35m[K-Wunused-result[m[K]
             [01;35m[Kscanf("%s", type)[m[K;
             [01;35m[K^~~~~~~~~~~~~~~~~[m[K
[01m[K/home/hansol/ros2_ws/src/darknet_ros/darknet/src/http_stream.cpp:[m[K In member function ‘[01m[Kbool MJPG_sender::write(const cv::Mat&)[m[K’:
[01m[K/home/hansol/ros2_ws/src/darknet_ros/darknet/src/http_stream.cpp:511:113:[m[K [01;35m[Kwarning: [m[Kformat ‘[01m[K%zu[m[K’ expects argument of type ‘[01m[Ksize_t[m[K’, but argument 3 has type ‘[01m[Kint[m[K’ [[01;35m[K-Wformat=[m[K]
                 sprintf(head, "--mjpegstream\r\nContent-Type: image/jpeg\r\nContent-Length: %zu\r\n\r\n", outlen[01;35m[K)[m[K;
                                                                                                                 [01;35m[K^[m[K
[01m[K/home/hansol/ros2_ws/src/darknet_ros/darknet/src/network.c:[m[K In function ‘[01m[Kresize_network[m[K’:
[01m[K/home/hansol/ros2_ws/src/darknet_ros/darknet/src/network.c:660:42:[m[K [01;35m[Kwarning: [m[Kpassing argument 1 of ‘[01m[KcudaHostAlloc[m[K’ from incompatible pointer type [[01;35m[K-Wincompatible-pointer-types[m[K]
         if (cudaSuccess == cudaHostAlloc([01;35m[K&[m[Knet->input_pinned_cpu, size * sizeof(float), cudaHostRegisterMapped))
                                          [01;35m[K^[m[K
In file included from [01m[K/usr/local/cuda-10.2/include/cuda_runtime.h:96:0[m[K,
                 from [01m[K/home/hansol/ros2_ws/src/darknet_ros/darknet/include/darknet.h:41[m[K,
                 from [01m[K/home/hansol/ros2_ws/src/darknet_ros/darknet/src/network.c:1[m[K:
[01m[K/usr/local/cuda-10.2/include/cuda_runtime_api.h:4575:39:[m[K [01;36m[Knote: [m[Kexpected ‘[01m[Kvoid **[m[K’ but argument is of type ‘[01m[Kfloat **[m[K’
 extern __host__ cudaError_t CUDARTAPI [01;36m[KcudaHostAlloc[m[K(void **pHost, size_t size, unsigned int flags);
                                       [01;36m[K^~~~~~~~~~~~~[m[K
[01m[K/home/hansol/ros2_ws/src/darknet_ros/darknet/src/parser.c:[m[K In function ‘[01m[Kparse_network_cfg_custom[m[K’:
[01m[K/home/hansol/ros2_ws/src/darknet_ros/darknet/src/parser.c:1777:42:[m[K [01;35m[Kwarning: [m[Kpassing argument 1 of ‘[01m[KcudaHostAlloc[m[K’ from incompatible pointer type [[01;35m[K-Wincompatible-pointer-types[m[K]
         if (cudaSuccess == cudaHostAlloc([01;35m[K&[m[Knet.input_pinned_cpu, size * sizeof(float), cudaHostRegisterMapped)) net.input_pinned_cpu_flag = 1;
                                          [01;35m[K^[m[K
In file included from [01m[K/usr/local/cuda-10.2/include/cuda_runtime.h:96:0[m[K,
                 from [01m[K/home/hansol/ros2_ws/src/darknet_ros/darknet/include/darknet.h:41[m[K,
                 from [01m[K/home/hansol/ros2_ws/src/darknet_ros/darknet/src/activations.h:3[m[K,
                 from [01m[K/home/hansol/ros2_ws/src/darknet_ros/darknet/src/activation_layer.h:4[m[K,
                 from [01m[K/home/hansol/ros2_ws/src/darknet_ros/darknet/src/parser.c:6[m[K:
[01m[K/usr/local/cuda-10.2/include/cuda_runtime_api.h:4575:39:[m[K [01;36m[Knote: [m[Kexpected ‘[01m[Kvoid **[m[K’ but argument is of type ‘[01m[Kfloat **[m[K’
 extern __host__ cudaError_t CUDARTAPI [01;36m[KcudaHostAlloc[m[K(void **pHost, size_t size, unsigned int flags);
                                       [01;36m[K^~~~~~~~~~~~~[m[K
[01m[K/home/hansol/ros2_ws/src/darknet_ros/darknet/src/parser.c:[m[K In function ‘[01m[Kload_connected_weights[m[K’:
[01m[K/home/hansol/ros2_ws/src/darknet_ros/darknet/src/parser.c:2111:5:[m[K [01;35m[Kwarning: [m[Kignoring return value of ‘[01m[Kfread[m[K’, declared with attribute warn_unused_result [[01;35m[K-Wunused-result[m[K]
     [01;35m[Kfread(l.biases, sizeof(float), l.outputs, fp)[m[K;
     [01;35m[K^~~~~~~~~~~~~~~~~~~~~~~~~~~~~~~~~~~~~~~~~~~~~[m[K
[01m[K/home/hansol/ros2_ws/src/darknet_ros/darknet/src/parser.c:2112:5:[m[K [01;35m[Kwarning: [m[Kignoring return value of ‘[01m[Kfread[m[K’, declared with attribute warn_unused_result [[01;35m[K-Wunused-result[m[K]
     [01;35m[Kfread(l.weights, sizeof(float), l.outputs*l.inputs, fp)[m[K;
     [01;35m[K^~~~~~~~~~~~~~~~~~~~~~~~~~~~~~~~~~~~~~~~~~~~~~~~~~~~~~~[m[K
[01m[K/home/hansol/ros2_ws/src/darknet_ros/darknet/src/parser.c:2119:9:[m[K [01;35m[Kwarning: [m[Kignoring return value of ‘[01m[Kfread[m[K’, declared with attribute warn_unused_result [[01;35m[K-Wunused-result[m[K]
         [01;35m[Kfread(l.scales, sizeof(float), l.outputs, fp)[m[K;
         [01;35m[K^~~~~~~~~~~~~~~~~~~~~~~~~~~~~~~~~~~~~~~~~~~~~[m[K
[01m[K/home/hansol/ros2_ws/src/darknet_ros/darknet/src/parser.c:2120:9:[m[K [01;35m[Kwarning: [m[Kignoring return value of ‘[01m[Kfread[m[K’, declared with attribute warn_unused_result [[01;35m[K-Wunused-result[m[K]
         [01;35m[Kfread(l.rolling_mean, sizeof(float), l.outputs, fp)[m[K;
         [01;35m[K^~~~~~~~~~~~~~~~~~~~~~~~~~~~~~~~~~~~~~~~~~~~~~~~~~~[m[K
[01m[K/home/hansol/ros2_ws/src/darknet_ros/darknet/src/parser.c:2121:9:[m[K [01;35m[Kwarning: [m[Kignoring return value of ‘[01m[Kfread[m[K’, declared with attribute warn_unused_result [[01;35m[K-Wunused-result[m[K]
         [01;35m[Kfread(l.rolling_variance, sizeof(float), l.outputs, fp)[m[K;
         [01;35m[K^~~~~~~~~~~~~~~~~~~~~~~~~~~~~~~~~~~~~~~~~~~~~~~~~~~~~~~[m[K
[01m[K/home/hansol/ros2_ws/src/darknet_ros/darknet/src/parser.c:[m[K In function ‘[01m[Kload_batchnorm_weights[m[K’:
[01m[K/home/hansol/ros2_ws/src/darknet_ros/darknet/src/parser.c:2135:5:[m[K [01;35m[Kwarning: [m[Kignoring return value of ‘[01m[Kfread[m[K’, declared with attribute warn_unused_result [[01;35m[K-Wunused-result[m[K]
     [01;35m[Kfread(l.biases, sizeof(float), l.c, fp)[m[K;
     [01;35m[K^~~~~~~~~~~~~~~~~~~~~~~~~~~~~~~~~~~~~~~[m[K
[01m[K/home/hansol/ros2_ws/src/darknet_ros/darknet/src/parser.c:2136:5:[m[K [01;35m[Kwarning: [m[Kignoring return value of ‘[01m[Kfread[m[K’, declared with attribute warn_unused_result [[01;35m[K-Wunused-result[m[K]
     [01;35m[Kfread(l.scales, sizeof(float), l.c, fp)[m[K;
     [01;35m[K^~~~~~~~~~~~~~~~~~~~~~~~~~~~~~~~~~~~~~~[m[K
[01m[K/home/hansol/ros2_ws/src/darknet_ros/darknet/src/parser.c:2137:5:[m[K [01;35m[Kwarning: [m[Kignoring return value of ‘[01m[Kfread[m[K’, declared with attribute warn_unused_result [[01;35m[K-Wunused-result[m[K]
     [01;35m[Kfread(l.rolling_mean, sizeof(float), l.c, fp)[m[K;
     [01;35m[K^~~~~~~~~~~~~~~~~~~~~~~~~~~~~~~~~~~~~~~~~~~~~[m[K
[01m[K/home/hansol/ros2_ws/src/darknet_ros/darknet/src/parser.c:2138:5:[m[K [01;35m[Kwarning: [m[Kignoring return value of ‘[01m[Kfread[m[K’, declared with attribute warn_unused_result [[01;35m[K-Wunused-result[m[K]
     [01;35m[Kfread(l.rolling_variance, sizeof(float), l.c, fp)[m[K;
     [01;35m[K^~~~~~~~~~~~~~~~~~~~~~~~~~~~~~~~~~~~~~~~~~~~~~~~~[m[K
[01m[K/home/hansol/ros2_ws/src/darknet_ros/darknet/src/parser.c:[m[K In function ‘[01m[Kload_convolutional_weights_binary[m[K’:
[01m[K/home/hansol/ros2_ws/src/darknet_ros/darknet/src/parser.c:2148:5:[m[K [01;35m[Kwarning: [m[Kignoring return value of ‘[01m[Kfread[m[K’, declared with attribute warn_unused_result [[01;35m[K-Wunused-result[m[K]
     [01;35m[Kfread(l.biases, sizeof(float), l.n, fp)[m[K;
     [01;35m[K^~~~~~~~~~~~~~~~~~~~~~~~~~~~~~~~~~~~~~~[m[K
[01m[K/home/hansol/ros2_ws/src/darknet_ros/darknet/src/parser.c:2150:9:[m[K [01;35m[Kwarning: [m[Kignoring return value of ‘[01m[Kfread[m[K’, declared with attribute warn_unused_result [[01;35m[K-Wunused-result[m[K]
         [01;35m[Kfread(l.scales, sizeof(float), l.n, fp)[m[K;
         [01;35m[K^~~~~~~~~~~~~~~~~~~~~~~~~~~~~~~~~~~~~~~[m[K
[01m[K/home/hansol/ros2_ws/src/darknet_ros/darknet/src/parser.c:2151:9:[m[K [01;35m[Kwarning: [m[Kignoring return value of ‘[01m[Kfread[m[K’, declared with attribute warn_unused_result [[01;35m[K-Wunused-result[m[K]
         [01;35m[Kfread(l.rolling_mean, sizeof(float), l.n, fp)[m[K;
         [01;35m[K^~~~~~~~~~~~~~~~~~~~~~~~~~~~~~~~~~~~~~~~~~~~~[m[K
[01m[K/home/hansol/ros2_ws/src/darknet_ros/darknet/src/parser.c:2152:9:[m[K [01;35m[Kwarning: [m[Kignoring return value of ‘[01m[Kfread[m[K’, declared with attribute warn_unused_result [[01;35m[K-Wunused-result[m[K]
         [01;35m[Kfread(l.rolling_variance, sizeof(float), l.n, fp)[m[K;
         [01;35m[K^~~~~~~~~~~~~~~~~~~~~~~~~~~~~~~~~~~~~~~~~~~~~~~~~[m[K
[01m[K/home/hansol/ros2_ws/src/darknet_ros/darknet/src/parser.c:2158:9:[m[K [01;35m[Kwarning: [m[Kignoring return value of ‘[01m[Kfread[m[K’, declared with attribute warn_unused_result [[01;35m[K-Wunused-result[m[K]
         [01;35m[Kfread(&mean, sizeof(float), 1, fp)[m[K;
         [01;35m[K^~~~~~~~~~~~~~~~~~~~~~~~~~~~~~~~~~[m[K
[01m[K/home/hansol/ros2_ws/src/darknet_ros/darknet/src/parser.c:2162:13:[m[K [01;35m[Kwarning: [m[Kignoring return value of ‘[01m[Kfread[m[K’, declared with attribute warn_unused_result [[01;35m[K-Wunused-result[m[K]
             [01;35m[Kfread(&c, sizeof(char), 1, fp)[m[K;
             [01;35m[K^~~~~~~~~~~~~~~~~~~~~~~~~~~~~~[m[K
[01m[K/home/hansol/ros2_ws/src/darknet_ros/darknet/src/parser.c:[m[K In function ‘[01m[Kload_weights_upto[m[K’:
[01m[K/home/hansol/ros2_ws/src/darknet_ros/darknet/src/parser.c:2273:5:[m[K [01;35m[Kwarning: [m[Kignoring return value of ‘[01m[Kfread[m[K’, declared with attribute warn_unused_result [[01;35m[K-Wunused-result[m[K]
     [01;35m[Kfread(&major, sizeof(int), 1, fp)[m[K;
     [01;35m[K^~~~~~~~~~~~~~~~~~~~~~~~~~~~~~~~~[m[K
[01m[K/home/hansol/ros2_ws/src/darknet_ros/darknet/src/parser.c:2274:5:[m[K [01;35m[Kwarning: [m[Kignoring return value of ‘[01m[Kfread[m[K’, declared with attribute warn_unused_result [[01;35m[K-Wunused-result[m[K]
     [01;35m[Kfread(&minor, sizeof(int), 1, fp)[m[K;
     [01;35m[K^~~~~~~~~~~~~~~~~~~~~~~~~~~~~~~~~[m[K
[01m[K/home/hansol/ros2_ws/src/darknet_ros/darknet/src/parser.c:2275:5:[m[K [01;35m[Kwarning: [m[Kignoring return value of ‘[01m[Kfread[m[K’, declared with attribute warn_unused_result [[01;35m[K-Wunused-result[m[K]
     [01;35m[Kfread(&revision, sizeof(int), 1, fp)[m[K;
     [01;35m[K^~~~~~~~~~~~~~~~~~~~~~~~~~~~~~~~~~~~[m[K
[01m[K/home/hansol/ros2_ws/src/darknet_ros/darknet/src/parser.c:2279:9:[m[K [01;35m[Kwarning: [m[Kignoring return value of ‘[01m[Kfread[m[K’, declared with attribute warn_unused_result [[01;35m[K-Wunused-result[m[K]
         [01;35m[Kfread(&iseen, sizeof(uint64_t), 1, fp)[m[K;
         [01;35m[K^~~~~~~~~~~~~~~~~~~~~~~~~~~~~~~~~~~~~~[m[K
[01m[K/home/hansol/ros2_ws/src/darknet_ros/darknet/src/parser.c:2285:9:[m[K [01;35m[Kwarning: [m[Kignoring return value of ‘[01m[Kfread[m[K’, declared with attribute warn_unused_result [[01;35m[K-Wunused-result[m[K]
         [01;35m[Kfread(&iseen, sizeof(uint32_t), 1, fp)[m[K;
         [01;35m[K^~~~~~~~~~~~~~~~~~~~~~~~~~~~~~~~~~~~~~[m[K
[01m[K/home/hansol/ros2_ws/src/darknet_ros/darknet/src/parser.c:2359:13:[m[K [01;35m[Kwarning: [m[Kignoring return value of ‘[01m[Kfread[m[K’, declared with attribute warn_unused_result [[01;35m[K-Wunused-result[m[K]
             [01;35m[Kfread(l.biases, sizeof(float), l.outputs, fp)[m[K;
             [01;35m[K^~~~~~~~~~~~~~~~~~~~~~~~~~~~~~~~~~~~~~~~~~~~~[m[K
[01m[K/home/hansol/ros2_ws/src/darknet_ros/darknet/src/parser.c:2360:13:[m[K [01;35m[Kwarning: [m[Kignoring return value of ‘[01m[Kfread[m[K’, declared with attribute warn_unused_result [[01;35m[K-Wunused-result[m[K]
             [01;35m[Kfread(l.weights, sizeof(float), size, fp)[m[K;
             [01;35m[K^~~~~~~~~~~~~~~~~~~~~~~~~~~~~~~~~~~~~~~~~[m[K
[01m[K/home/hansol/ros2_ws/src/darknet_ros/darknet/src/rnn.c:[m[K In function ‘[01m[Ktrain_char_rnn[m[K’:
[01m[K/home/hansol/ros2_ws/src/darknet_ros/darknet/src/rnn.c:141:9:[m[K [01;35m[Kwarning: [m[Kignoring return value of ‘[01m[Kfread[m[K’, declared with attribute warn_unused_result [[01;35m[K-Wunused-result[m[K]
         [01;35m[Kfread(text, 1, size, fp)[m[K;
         [01;35m[K^~~~~~~~~~~~~~~~~~~~~~~~[m[K
[01m[K/home/hansol/ros2_ws/src/darknet_ros/darknet/src/softmax_layer.c:[m[K In function ‘[01m[Kmake_contrastive_layer[m[K’:
[01m[K/home/hansol/ros2_ws/src/darknet_ros/darknet/src/softmax_layer.c:203:101:[m[K [01;35m[Kwarning: [m[Kformat ‘[01m[K%d[m[K’ expects argument of type ‘[01m[Kint[m[K’, but argument 9 has type ‘[01m[Ksize_t {aka const long unsigned int}[m[K’ [[01;35m[K-Wformat=[m[K]
 %4d x%4d x%4d x emb_size %4d x batch: %4d  classes = %4d, step = [01;35m[K%4d[m[K \n", w, h, l.n, l.embedding_size, batch, l.classes, step);
                                                                  [01;35m[K~~^[m[K
                                                                                                   [32m[K%4ld[m[K
[01m[K/home/hansol/ros2_ws/src/darknet_ros/darknet/src/softmax_layer.c:[m[K In function ‘[01m[Kforward_contrastive_layer[m[K’:
[01m[K/home/hansol/ros2_ws/src/darknet_ros/darknet/src/softmax_layer.c:423:71:[m[K [01;35m[Kwarning: [m[Kformat ‘[01m[K%d[m[K’ expects argument of type ‘[01m[Kint[m[K’, but argument 2 has type ‘[01m[Ksize_t {aka const long unsigned int}[m[K’ [[01;35m[K-Wformat=[m[K]
          printf(" Error: too large number of bboxes: contr_size = [01;35m[K%d[m[K > max_contr_size  = %d \n", contr_size, max_contr_size);
                                                                   [01;35m[K~^[m[K
                                                                      [32m[K%ld[m[K
[01m[K/home/hansol/ros2_ws/src/darknet_ros/darknet/src/utils.c:[m[K In function ‘[01m[Kfgetl[m[K’:
[01m[K/home/hansol/ros2_ws/src/darknet_ros/darknet/src/utils.c:456:9:[m[K [01;35m[Kwarning: [m[Kignoring return value of ‘[01m[Kfgets[m[K’, declared with attribute warn_unused_result [[01;35m[K-Wunused-result[m[K]
         [01;35m[Kfgets(&line[curr], readsize, fp)[m[K;
         [01;35m[K^~~~~~~~~~~~~~~~~~~~~~~~~~~~~~~~[m[K
[01m[K/home/hansol/ros2_ws/src/darknet_ros/darknet/src/yolo_layer.c:[m[K In function ‘[01m[Kmake_yolo_layer[m[K’:
[01m[K/home/hansol/ros2_ws/src/darknet_ros/darknet/src/yolo_layer.c:68:38:[m[K [01;35m[Kwarning: [m[Kpassing argument 1 of ‘[01m[KcudaHostAlloc[m[K’ from incompatible pointer type [[01;35m[K-Wincompatible-pointer-types[m[K]
     if (cudaSuccess == cudaHostAlloc([01;35m[K&[m[Kl.output, batch*l.outputs*sizeof(float), cudaHostRegisterMapped)) l.output_pinned = 1;
                                      [01;35m[K^[m[K
In file included from [01m[K/usr/local/cuda-10.2/include/cuda_runtime.h:96:0[m[K,
                 from [01m[K/home/hansol/ros2_ws/src/darknet_ros/darknet/include/darknet.h:41[m[K,
                 from [01m[K/home/hansol/ros2_ws/src/darknet_ros/darknet/src/activations.h:3[m[K,
                 from [01m[K/home/hansol/ros2_ws/src/darknet_ros/darknet/src/layer.h:4[m[K,
                 from [01m[K/home/hansol/ros2_ws/src/darknet_ros/darknet/src/yolo_layer.h:5[m[K,
                 from [01m[K/home/hansol/ros2_ws/src/darknet_ros/darknet/src/yolo_layer.c:1[m[K:
[01m[K/usr/local/cuda-10.2/include/cuda_runtime_api.h:4575:39:[m[K [01;36m[Knote: [m[Kexpected ‘[01m[Kvoid **[m[K’ but argument is of type ‘[01m[Kfloat **[m[K’
 extern __host__ cudaError_t CUDARTAPI [01;36m[KcudaHostAlloc[m[K(void **pHost, size_t size, unsigned int flags);
                                       [01;36m[K^~~~~~~~~~~~~[m[K
[01m[K/home/hansol/ros2_ws/src/darknet_ros/darknet/src/yolo_layer.c:75:38:[m[K [01;35m[Kwarning: [m[Kpassing argument 1 of ‘[01m[KcudaHostAlloc[m[K’ from incompatible pointer type [[01;35m[K-Wincompatible-pointer-types[m[K]
     if (cudaSuccess == cudaHostAlloc([01;35m[K&[m[Kl.delta, batch*l.outputs*sizeof(float), cudaHostRegisterMapped)) l.delta_pinned = 1;
                                      [01;35m[K^[m[K
In file included from [01m[K/usr/local/cuda-10.2/include/cuda_runtime.h:96:0[m[K,
                 from [01m[K/home/hansol/ros2_ws/src/darknet_ros/darknet/include/darknet.h:41[m[K,
                 from [01m[K/home/hansol/ros2_ws/src/darknet_ros/darknet/src/activations.h:3[m[K,
                 from [01m[K/home/hansol/ros2_ws/src/darknet_ros/darknet/src/layer.h:4[m[K,
                 from [01m[K/home/hansol/ros2_ws/src/darknet_ros/darknet/src/yolo_layer.h:5[m[K,
                 from [01m[K/home/hansol/ros2_ws/src/darknet_ros/darknet/src/yolo_layer.c:1[m[K:
[01m[K/usr/local/cuda-10.2/include/cuda_runtime_api.h:4575:39:[m[K [01;36m[Knote: [m[Kexpected ‘[01m[Kvoid **[m[K’ but argument is of type ‘[01m[Kfloat **[m[K’
 extern __host__ cudaError_t CUDARTAPI [01;36m[KcudaHostAlloc[m[K(void **pHost, size_t size, unsigned int flags);
                                       [01;36m[K^~~~~~~~~~~~~[m[K
[01m[K/home/hansol/ros2_ws/src/darknet_ros/darknet/src/yolo_layer.c:[m[K In function ‘[01m[Kresize_yolo_layer[m[K’:
[01m[K/home/hansol/ros2_ws/src/darknet_ros/darknet/src/yolo_layer.c:106:42:[m[K [01;35m[Kwarning: [m[Kpassing argument 1 of ‘[01m[KcudaHostAlloc[m[K’ from incompatible pointer type [[01;35m[K-Wincompatible-pointer-types[m[K]
         if (cudaSuccess != cudaHostAlloc([01;35m[K&[m[Kl->output, l->batch*l->outputs * sizeof(float), cudaHostRegisterMapped)) {
                                          [01;35m[K^[m[K
In file included from [01m[K/usr/local/cuda-10.2/include/cuda_runtime.h:96:0[m[K,
                 from [01m[K/home/hansol/ros2_ws/src/darknet_ros/darknet/include/darknet.h:41[m[K,
                 from [01m[K/home/hansol/ros2_ws/src/darknet_ros/darknet/src/activations.h:3[m[K,
                 from [01m[K/home/hansol/ros2_ws/src/darknet_ros/darknet/src/layer.h:4[m[K,
                 from [01m[K/home/hansol/ros2_ws/src/darknet_ros/darknet/src/yolo_layer.h:5[m[K,
                 from [01m[K/home/hansol/ros2_ws/src/darknet_ros/darknet/src/yolo_layer.c:1[m[K:
[01m[K/usr/local/cuda-10.2/include/cuda_runtime_api.h:4575:39:[m[K [01;36m[Knote: [m[Kexpected ‘[01m[Kvoid **[m[K’ but argument is of type ‘[01m[Kfloat **[m[K’
 extern __host__ cudaError_t CUDARTAPI [01;36m[KcudaHostAlloc[m[K(void **pHost, size_t size, unsigned int flags);
                                       [01;36m[K^~~~~~~~~~~~~[m[K
[01m[K/home/hansol/ros2_ws/src/darknet_ros/darknet/src/yolo_layer.c:115:42:[m[K [01;35m[Kwarning: [m[Kpassing argument 1 of ‘[01m[KcudaHostAlloc[m[K’ from incompatible pointer type [[01;35m[K-Wincompatible-pointer-types[m[K]
         if (cudaSuccess != cudaHostAlloc([01;35m[K&[m[Kl->delta, l->batch*l->outputs * sizeof(float), cudaHostRegisterMapped)) {
                                          [01;35m[K^[m[K
In file included from [01m[K/usr/local/cuda-10.2/include/cuda_runtime.h:96:0[m[K,
                 from [01m[K/home/hansol/ros2_ws/src/darknet_ros/darknet/include/darknet.h:41[m[K,
                 from [01m[K/home/hansol/ros2_ws/src/darknet_ros/darknet/src/activations.h:3[m[K,
                 from [01m[K/home/hansol/ros2_ws/src/darknet_ros/darknet/src/layer.h:4[m[K,
                 from [01m[K/home/hansol/ros2_ws/src/darknet_ros/darknet/src/yolo_layer.h:5[m[K,
                 from [01m[K/home/hansol/ros2_ws/src/darknet_ros/darknet/src/yolo_layer.c:1[m[K:
[01m[K/usr/local/cuda-10.2/include/cuda_runtime_api.h:4575:39:[m[K [01;36m[Knote: [m[Kexpected ‘[01m[Kvoid **[m[K’ but argument is of type ‘[01m[Kfloat **[m[K’
 extern __host__ cudaError_t CUDARTAPI [01;36m[KcudaHostAlloc[m[K(void **pHost, size_t size, unsigned int flags);
                                       [01;36m[K^~~~~~~~~~~~~[m[K
[01m[K/home/hansol/ros2_ws/src/darknet_ros/darknet/src/yolo_layer.c:[m[K In function ‘[01m[Kprocess_batch[m[K’:
[01m[K/home/hansol/ros2_ws/src/darknet_ros/darknet/src/yolo_layer.c:516:17:[m[K [01;35m[Kwarning: [m[Kignoring return value of ‘[01m[Ksystem[m[K’, declared with attribute warn_unused_result [[01;35m[K-Wunused-result[m[K]
                 [01;35m[Ksystem(buff)[m[K;
                 [01;35m[K^~~~~~~~~~~~[m[K
/usr/bin/ld: warning: libopencv_imgcodecs.so.3.2, needed by /opt/ros/dashing/lib/libcv_bridge.so, may conflict with libopencv_imgcodecs.so.4.5
/usr/bin/ld: warning: libopencv_imgproc.so.3.2, needed by /opt/ros/dashing/lib/libcv_bridge.so, may conflict with libopencv_imgproc.so.4.5
/usr/bin/ld: warning: libopencv_core.so.3.2, needed by /opt/ros/dashing/lib/libcv_bridge.so, may conflict with libopencv_core.so.4.5
