-- The C compiler identification is GNU 7.5.0
-- The CXX compiler identification is GNU 7.5.0
-- Detecting C compiler ABI info
-- Detecting C compiler ABI info - done
-- Check for working C compiler: /usr/bin/cc - skipped
-- Detecting C compile features
-- Detecting C compile features - done
-- Detecting CXX compiler ABI info
-- Detecting CXX compiler ABI info - done
-- Check for working CXX compiler: /usr/bin/c++ - skipped
-- Detecting CXX compile features
-- Detecting CXX compile features - done
-- Found Python3: /usr/bin/python3.6 (found version "3.6.9") found components: Interpreter Development Development.Module Development.Embed
-- Found Python3: /usr/bin/python3.6 (found version "3.6.9")
-- Darknet path dir = /home/hansol/ros2_ws/src/darknet_ros/darknet
-- Performing Test CMAKE_HAVE_LIBC_PTHREAD
-- Performing Test CMAKE_HAVE_LIBC_PTHREAD - Failed
-- Looking for pthread_create in pthreads
-- Looking for pthread_create in pthreads - not found
-- Looking for pthread_create in pthread
-- Looking for pthread_create in pthread - found
-- Found Threads: TRUE
-- Found CUDA: /usr/local/cuda-10.2 (found version "10.2")
-- CUDA Version: 
-- CUDA Libararies: /usr/local/cuda-10.2/lib64/libcudart_static.a;Threads::Threads;dl;/usr/lib/aarch64-linux-gnu/librt.so
-- Found CUDNN: /usr/include (found version "8.2.1")
-- cuDNN Version: 
-- cuDNN Libararies: /usr/lib/aarch64-linux-gnu/libcudnn.so
--  GPU (FP16): 
-- Your setup does not support half precision (it requires CUDA_ARCHITECTURES >= 70)
-- Searching for X11...
-- Found X11: /usr/include
-- Looking for XOpenDisplay in /usr/lib/aarch64-linux-gnu/libX11.so;/usr/lib/aarch64-linux-gnu/libXext.so
-- Looking for XOpenDisplay in /usr/lib/aarch64-linux-gnu/libX11.so;/usr/lib/aarch64-linux-gnu/libXext.so - found
-- Looking for gethostbyname
-- Looking for gethostbyname - found
-- Looking for connect
-- Looking for connect - found
-- Looking for remove
-- Looking for remove - found
-- Looking for shmat
-- Looking for shmat - found
-- Looking for IceConnectionNumber in ICE
-- Looking for IceConnectionNumber in ICE - found
--  X11_INCLUDE_DIR: /usr/include
--  X11_LIBRARIES: /usr/lib/aarch64-linux-gnu/libSM.so/usr/lib/aarch64-linux-gnu/libICE.so/usr/lib/aarch64-linux-gnu/libX11.so/usr/lib/aarch64-linux-gnu/libXext.so
-- Found OpenCV: /usr (found version "4.5.0")
-- Found ament_cmake: 0.7.6 (/opt/ros/dashing/share/ament_cmake/cmake)
-- Found PythonInterp: /usr/bin/python3 (found suitable version "3.6.9", minimum required is "3")
-- Using PYTHON_EXECUTABLE: /usr/bin/python3
-- Found rclcpp: 0.7.16 (/opt/ros/dashing/share/rclcpp/cmake)
-- Found rosidl_adapter: 0.7.10 (/opt/ros/dashing/share/rosidl_adapter/cmake)
-- Found rmw_implementation_cmake: 0.7.2 (/opt/ros/dashing/share/rmw_implementation_cmake/cmake)
-- Using RMW implementation 'rmw_fastrtps_cpp' as default
-- Found rclpy: 0.7.11 (/opt/ros/dashing/share/rclpy/cmake)
-- Found rclcpp_action: 0.7.16 (/opt/ros/dashing/share/rclcpp_action/cmake)
-- Found std_msgs: 0.7.1 (/opt/ros/dashing/share/std_msgs/cmake)
-- Found image_transport: 2.1.1 (/opt/ros/dashing/share/image_transport/cmake)
-- Found tinyxml2_vendor:  (/opt/ros/dashing/share/tinyxml2_vendor/cmake)
-- Found TinyXML2: /usr/lib/aarch64-linux-gnu/libtinyxml2.so
-- Found poco_vendor:  (/opt/ros/dashing/share/poco_vendor/cmake)
-- Found cv_bridge: 2.1.4 (/opt/ros/dashing/share/cv_bridge/cmake)
-- Found darknet_ros_msgs: 1.1.5 (/home/hansol/ros2_ws/install/darknet_ros_msgs/share/darknet_ros_msgs/cmake)
-- Found OpenMP_C: -fopenmp (found version "4.5")
-- Found OpenMP_CXX: -fopenmp (found version "4.5")
-- Found OpenMP: TRUE (found version "4.5")
-- Checking and downloading yolov4-tiny.weights if needed ...
-- Done.
-- Checking and downloading yolov4-csp.weights if needed ...
-- Done.
-- Checking and downloading yolov7-tiny.weights if needed ...
-- Done.
-- Configuring done (16.8s)
-- Generating done (0.4s)
-- Build files have been written to: /home/hansol/ros2_ws/build/darknet_ros
[  1%] [34m[1mBuilding NVCC (Device) object CMakeFiles/darknet_ros_lib.dir/__/darknet/src/darknet_ros_lib_generated_network_kernels.cu.o[0m
[  2%] [34m[1mBuilding NVCC (Device) object CMakeFiles/darknet_ros_lib.dir/__/darknet/src/darknet_ros_lib_generated_blas_kernels.cu.o[0m
[  3%] [34m[1mBuilding NVCC (Device) object CMakeFiles/darknet_ros_lib.dir/__/darknet/src/darknet_ros_lib_generated_col2im_kernels.cu.o[0m
[  4%] [34m[1mBuilding NVCC (Device) object CMakeFiles/darknet_ros_lib.dir/__/darknet/src/darknet_ros_lib_generated_avgpool_layer_kernels.cu.o[0m
[  5%] [34m[1mBuilding NVCC (Device) object CMakeFiles/darknet_ros_lib.dir/__/darknet/src/darknet_ros_lib_generated_activation_kernels.cu.o[0m
[  6%] [34m[1mBuilding NVCC (Device) object CMakeFiles/darknet_ros_lib.dir/__/darknet/src/darknet_ros_lib_generated_deconvolutional_kernels.cu.o[0m
[  7%] [34m[1mBuilding NVCC (Device) object CMakeFiles/darknet_ros_lib.dir/__/darknet/src/darknet_ros_lib_generated_dropout_layer_kernels.cu.o[0m
[  8%] [34m[1mBuilding NVCC (Device) object CMakeFiles/darknet_ros_lib.dir/__/darknet/src/darknet_ros_lib_generated_crop_layer_kernels.cu.o[0m
[ 10%] [34m[1mBuilding NVCC (Device) object CMakeFiles/darknet_ros_lib.dir/__/darknet/src/darknet_ros_lib_generated_im2col_kernels.cu.o[0m
[ 11%] [34m[1mBuilding NVCC (Device) object CMakeFiles/darknet_ros_lib.dir/__/darknet/src/darknet_ros_lib_generated_maxpool_layer_kernels.cu.o[0m
[ 12%] [34m[1mBuilding NVCC (Device) object CMakeFiles/darknet_ros_lib.dir/__/darknet/src/darknet_ros_lib_generated_convolutional_kernels.cu.o[0m
[ 13%] [32mBuilding CXX object CMakeFiles/darknet_ros_lib.dir/src/YoloObjectDetector.cpp.o[0m
[ 14%] [32mBuilding CXX object CMakeFiles/darknet_ros_lib.dir/src/image_interface.cpp.o[0m
[ 15%] [32mBuilding C object CMakeFiles/darknet_ros_lib.dir/home/hansol/ros2_ws/src/darknet_ros/darknet/src/activation_layer.c.o[0m
[ 16%] [32mBuilding C object CMakeFiles/darknet_ros_lib.dir/home/hansol/ros2_ws/src/darknet_ros/darknet/src/art.c.o[0m
[ 17%] [32mBuilding C object CMakeFiles/darknet_ros_lib.dir/home/hansol/ros2_ws/src/darknet_ros/darknet/src/activations.c.o[0m
[ 19%] [32mBuilding CXX object CMakeFiles/darknet_ros_lib.dir/src/yolo_object_detector_node.cpp.o[0m
[ 20%] [32mBuilding C object CMakeFiles/darknet_ros_lib.dir/home/hansol/ros2_ws/src/darknet_ros/darknet/src/avgpool_layer.c.o[0m
[ 21%] [32mBuilding C object CMakeFiles/darknet_ros_lib.dir/home/hansol/ros2_ws/src/darknet_ros/darknet/src/batchnorm_layer.c.o[0m
[ 22%] [32mBuilding C object CMakeFiles/darknet_ros_lib.dir/home/hansol/ros2_ws/src/darknet_ros/darknet/src/blas.c.o[0m
[ 23%] [32mBuilding C object CMakeFiles/darknet_ros_lib.dir/home/hansol/ros2_ws/src/darknet_ros/darknet/src/box.c.o[0m
[ 24%] [32mBuilding C object CMakeFiles/darknet_ros_lib.dir/home/hansol/ros2_ws/src/darknet_ros/darknet/src/captcha.c.o[0m
[ 25%] [32mBuilding C object CMakeFiles/darknet_ros_lib.dir/home/hansol/ros2_ws/src/darknet_ros/darknet/src/cifar.c.o[0m
[ 26%] [32mBuilding C object CMakeFiles/darknet_ros_lib.dir/home/hansol/ros2_ws/src/darknet_ros/darknet/src/classifier.c.o[0m
[ 28%] [32mBuilding C object CMakeFiles/darknet_ros_lib.dir/home/hansol/ros2_ws/src/darknet_ros/darknet/src/coco.c.o[0m
[ 29%] [32mBuilding C object CMakeFiles/darknet_ros_lib.dir/home/hansol/ros2_ws/src/darknet_ros/darknet/src/connected_layer.c.o[0m
[ 30%] [32mBuilding C object CMakeFiles/darknet_ros_lib.dir/home/hansol/ros2_ws/src/darknet_ros/darknet/src/compare.c.o[0m
[ 31%] [32mBuilding C object CMakeFiles/darknet_ros_lib.dir/home/hansol/ros2_ws/src/darknet_ros/darknet/src/conv_lstm_layer.c.o[0m
[ 32%] [32mBuilding C object CMakeFiles/darknet_ros_lib.dir/home/hansol/ros2_ws/src/darknet_ros/darknet/src/col2im.c.o[0m
[ 33%] [32mBuilding C object CMakeFiles/darknet_ros_lib.dir/home/hansol/ros2_ws/src/darknet_ros/darknet/src/convolutional_layer.c.o[0m
[ 34%] [32mBuilding C object CMakeFiles/darknet_ros_lib.dir/home/hansol/ros2_ws/src/darknet_ros/darknet/src/cost_layer.c.o[0m
[ 35%] [32mBuilding C object CMakeFiles/darknet_ros_lib.dir/home/hansol/ros2_ws/src/darknet_ros/darknet/src/cpu_gemm.c.o[0m
[ 37%] [32mBuilding C object CMakeFiles/darknet_ros_lib.dir/home/hansol/ros2_ws/src/darknet_ros/darknet/src/crnn_layer.c.o[0m
[ 38%] [32mBuilding C object CMakeFiles/darknet_ros_lib.dir/home/hansol/ros2_ws/src/darknet_ros/darknet/src/crop_layer.c.o[0m
[ 39%] [32mBuilding C object CMakeFiles/darknet_ros_lib.dir/home/hansol/ros2_ws/src/darknet_ros/darknet/src/dark_cuda.c.o[0m
[ 40%] [32mBuilding C object CMakeFiles/darknet_ros_lib.dir/home/hansol/ros2_ws/src/darknet_ros/darknet/src/darknet.c.o[0m
[ 41%] [32mBuilding C object CMakeFiles/darknet_ros_lib.dir/home/hansol/ros2_ws/src/darknet_ros/darknet/src/data.c.o[0m
[ 42%] [32mBuilding C object CMakeFiles/darknet_ros_lib.dir/home/hansol/ros2_ws/src/darknet_ros/darknet/src/detection_layer.c.o[0m
[ 43%] [32mBuilding C object CMakeFiles/darknet_ros_lib.dir/home/hansol/ros2_ws/src/darknet_ros/darknet/src/detector.c.o[0m
[ 44%] [32mBuilding C object CMakeFiles/darknet_ros_lib.dir/home/hansol/ros2_ws/src/darknet_ros/darknet/src/dice.c.o[0m
[ 46%] [32mBuilding C object CMakeFiles/darknet_ros_lib.dir/home/hansol/ros2_ws/src/darknet_ros/darknet/src/demo.c.o[0m
[ 47%] [32mBuilding C object CMakeFiles/darknet_ros_lib.dir/home/hansol/ros2_ws/src/darknet_ros/darknet/src/dropout_layer.c.o[0m
[ 48%] [32mBuilding C object CMakeFiles/darknet_ros_lib.dir/home/hansol/ros2_ws/src/darknet_ros/darknet/src/gaussian_yolo_layer.c.o[0m
[ 49%] [32mBuilding C object CMakeFiles/darknet_ros_lib.dir/home/hansol/ros2_ws/src/darknet_ros/darknet/src/gemm.c.o[0m
[ 50%] [32mBuilding C object CMakeFiles/darknet_ros_lib.dir/home/hansol/ros2_ws/src/darknet_ros/darknet/src/deconvolutional_layer.c.o[0m
[ 51%] [32mBuilding C object CMakeFiles/darknet_ros_lib.dir/home/hansol/ros2_ws/src/darknet_ros/darknet/src/getopt.c.o[0m
[ 52%] [32mBuilding C object CMakeFiles/darknet_ros_lib.dir/home/hansol/ros2_ws/src/darknet_ros/darknet/src/gettimeofday.c.o[0m
[ 53%] [32mBuilding C object CMakeFiles/darknet_ros_lib.dir/home/hansol/ros2_ws/src/darknet_ros/darknet/src/go.c.o[0m
[ 55%] [32mBuilding C object CMakeFiles/darknet_ros_lib.dir/home/hansol/ros2_ws/src/darknet_ros/darknet/src/gru_layer.c.o[0m
[ 56%] [32mBuilding CXX object CMakeFiles/darknet_ros_lib.dir/home/hansol/ros2_ws/src/darknet_ros/darknet/src/http_stream.cpp.o[0m
[ 57%] [32mBuilding C object CMakeFiles/darknet_ros_lib.dir/home/hansol/ros2_ws/src/darknet_ros/darknet/src/im2col.c.o[0m
[ 58%] [32mBuilding C object CMakeFiles/darknet_ros_lib.dir/home/hansol/ros2_ws/src/darknet_ros/darknet/src/image.c.o[0m
[ 59%] [32mBuilding CXX object CMakeFiles/darknet_ros_lib.dir/home/hansol/ros2_ws/src/darknet_ros/darknet/src/image_opencv.cpp.o[0m
[ 60%] [32mBuilding C object CMakeFiles/darknet_ros_lib.dir/home/hansol/ros2_ws/src/darknet_ros/darknet/src/layer.c.o[0m
[ 61%] [32mBuilding C object CMakeFiles/darknet_ros_lib.dir/home/hansol/ros2_ws/src/darknet_ros/darknet/src/list.c.o[0m
[ 62%] [32mBuilding C object CMakeFiles/darknet_ros_lib.dir/home/hansol/ros2_ws/src/darknet_ros/darknet/src/local_layer.c.o[0m
[ 64%] [32mBuilding C object CMakeFiles/darknet_ros_lib.dir/home/hansol/ros2_ws/src/darknet_ros/darknet/src/lstm_layer.c.o[0m
[ 65%] [32mBuilding C object CMakeFiles/darknet_ros_lib.dir/home/hansol/ros2_ws/src/darknet_ros/darknet/src/matrix.c.o[0m
[ 66%] [32mBuilding C object CMakeFiles/darknet_ros_lib.dir/home/hansol/ros2_ws/src/darknet_ros/darknet/src/maxpool_layer.c.o[0m
[ 67%] [32mBuilding C object CMakeFiles/darknet_ros_lib.dir/home/hansol/ros2_ws/src/darknet_ros/darknet/src/network.c.o[0m
[ 68%] [32mBuilding C object CMakeFiles/darknet_ros_lib.dir/home/hansol/ros2_ws/src/darknet_ros/darknet/src/nightmare.c.o[0m
[ 69%] [32mBuilding C object CMakeFiles/darknet_ros_lib.dir/home/hansol/ros2_ws/src/darknet_ros/darknet/src/normalization_layer.c.o[0m
[ 70%] [32mBuilding C object CMakeFiles/darknet_ros_lib.dir/home/hansol/ros2_ws/src/darknet_ros/darknet/src/option_list.c.o[0m
[ 71%] [32mBuilding C object CMakeFiles/darknet_ros_lib.dir/home/hansol/ros2_ws/src/darknet_ros/darknet/src/parser.c.o[0m
[ 73%] [32mBuilding C object CMakeFiles/darknet_ros_lib.dir/home/hansol/ros2_ws/src/darknet_ros/darknet/src/region_layer.c.o[0m
[ 74%] [32mBuilding C object CMakeFiles/darknet_ros_lib.dir/home/hansol/ros2_ws/src/darknet_ros/darknet/src/reorg_layer.c.o[0m
[ 75%] [32mBuilding C object CMakeFiles/darknet_ros_lib.dir/home/hansol/ros2_ws/src/darknet_ros/darknet/src/reorg_old_layer.c.o[0m
[ 76%] [32mBuilding C object CMakeFiles/darknet_ros_lib.dir/home/hansol/ros2_ws/src/darknet_ros/darknet/src/rnn.c.o[0m
[ 77%] [32mBuilding C object CMakeFiles/darknet_ros_lib.dir/home/hansol/ros2_ws/src/darknet_ros/darknet/src/rnn_layer.c.o[0m
[ 78%] [32mBuilding C object CMakeFiles/darknet_ros_lib.dir/home/hansol/ros2_ws/src/darknet_ros/darknet/src/rnn_vid.c.o[0m
[ 79%] [32mBuilding C object CMakeFiles/darknet_ros_lib.dir/home/hansol/ros2_ws/src/darknet_ros/darknet/src/route_layer.c.o[0m
[ 80%] [32mBuilding C object CMakeFiles/darknet_ros_lib.dir/home/hansol/ros2_ws/src/darknet_ros/darknet/src/sam_layer.c.o[0m
[ 82%] [32mBuilding C object CMakeFiles/darknet_ros_lib.dir/home/hansol/ros2_ws/src/darknet_ros/darknet/src/scale_channels_layer.c.o[0m
[ 83%] [32mBuilding C object CMakeFiles/darknet_ros_lib.dir/home/hansol/ros2_ws/src/darknet_ros/darknet/src/shortcut_layer.c.o[0m
[ 84%] [32mBuilding C object CMakeFiles/darknet_ros_lib.dir/home/hansol/ros2_ws/src/darknet_ros/darknet/src/softmax_layer.c.o[0m
[ 85%] [32mBuilding C object CMakeFiles/darknet_ros_lib.dir/home/hansol/ros2_ws/src/darknet_ros/darknet/src/super.c.o[0m
[ 86%] [32mBuilding C object CMakeFiles/darknet_ros_lib.dir/home/hansol/ros2_ws/src/darknet_ros/darknet/src/swag.c.o[0m
[ 87%] [32mBuilding C object CMakeFiles/darknet_ros_lib.dir/home/hansol/ros2_ws/src/darknet_ros/darknet/src/tag.c.o[0m
[ 88%] [32mBuilding C object CMakeFiles/darknet_ros_lib.dir/home/hansol/ros2_ws/src/darknet_ros/darknet/src/tree.c.o[0m
[ 89%] [32mBuilding C object CMakeFiles/darknet_ros_lib.dir/home/hansol/ros2_ws/src/darknet_ros/darknet/src/upsample_layer.c.o[0m
[ 91%] [32mBuilding C object CMakeFiles/darknet_ros_lib.dir/home/hansol/ros2_ws/src/darknet_ros/darknet/src/utils.c.o[0m
[ 92%] [32mBuilding C object CMakeFiles/darknet_ros_lib.dir/home/hansol/ros2_ws/src/darknet_ros/darknet/src/voxel.c.o[0m
[ 93%] [32mBuilding C object CMakeFiles/darknet_ros_lib.dir/home/hansol/ros2_ws/src/darknet_ros/darknet/src/writing.c.o[0m
[ 94%] [32mBuilding C object CMakeFiles/darknet_ros_lib.dir/home/hansol/ros2_ws/src/darknet_ros/darknet/src/yolo.c.o[0m
[ 95%] [32mBuilding C object CMakeFiles/darknet_ros_lib.dir/home/hansol/ros2_ws/src/darknet_ros/darknet/src/yolo_layer.c.o[0m
[ 96%] [32mBuilding C object CMakeFiles/darknet_ros_lib.dir/home/hansol/ros2_ws/src/darknet_ros/darknet/src/representation_layer.c.o[0m
[ 97%] [32m[1mLinking CXX static library libdarknet_ros_lib.a[0m
[ 97%] Built target darknet_ros_lib
[ 98%] [32mBuilding CXX object CMakeFiles/darknet_ros.dir/src/yolo_object_detector_node.cpp.o[0m
[100%] [32m[1mLinking CXX executable darknet_ros[0m
[100%] Built target darknet_ros
-- Install configuration: ""
-- Installing: /home/hansol/ros2_ws/install/darknet_ros/lib/libdarknet_ros_lib.a
-- Installing: /home/hansol/ros2_ws/install/darknet_ros/lib/darknet_ros/darknet_ros
-- Set non-toolchain portion of runtime path of "/home/hansol/ros2_ws/install/darknet_ros/lib/darknet_ros/darknet_ros" to ""
-- Installing: /home/hansol/ros2_ws/install/darknet_ros/include/
-- Installing: /home/hansol/ros2_ws/install/darknet_ros/include//darknet_ros
-- Installing: /home/hansol/ros2_ws/install/darknet_ros/include//darknet_ros/constants.h
-- Installing: /home/hansol/ros2_ws/install/darknet_ros/share/darknet_ros/yolo_network_config//cfg
-- Installing: /home/hansol/ros2_ws/install/darknet_ros/share/darknet_ros/yolo_network_config//cfg/yolov4-csp.cfg
-- Installing: /home/hansol/ros2_ws/install/darknet_ros/share/darknet_ros/yolo_network_config//cfg/yolov3.cfg
-- Installing: /home/hansol/ros2_ws/install/darknet_ros/share/darknet_ros/yolo_network_config//cfg/yolov2-tiny.cfg
-- Installing: /home/hansol/ros2_ws/install/darknet_ros/share/darknet_ros/yolo_network_config//cfg/yolov4.cfg
-- Installing: /home/hansol/ros2_ws/install/darknet_ros/share/darknet_ros/yolo_network_config//cfg/yolov4-tiny.cfg
-- Installing: /home/hansol/ros2_ws/install/darknet_ros/share/darknet_ros/yolo_network_config//cfg/yolov7-tiny.cfg
-- Installing: /home/hansol/ros2_ws/install/darknet_ros/share/darknet_ros/yolo_network_config//weights
-- Installing: /home/hansol/ros2_ws/install/darknet_ros/share/darknet_ros/yolo_network_config//weights/yolov4-tiny.weights
-- Installing: /home/hansol/ros2_ws/install/darknet_ros/share/darknet_ros/yolo_network_config//weights/yolov7-tiny.weights
-- Installing: /home/hansol/ros2_ws/install/darknet_ros/share/darknet_ros/yolo_network_config//weights/yolov4-csp.weights
-- Installing: /home/hansol/ros2_ws/install/darknet_ros/share/darknet_ros/yolo_network_config//weights/.gitignore
-- Installing: /home/hansol/ros2_ws/install/darknet_ros/share/darknet_ros/yolo_network_config//weights/how_to_download_weights.txt
-- Installing: /home/hansol/ros2_ws/install/darknet_ros/share/darknet_ros//launch
-- Installing: /home/hansol/ros2_ws/install/darknet_ros/share/darknet_ros//launch/yolov4-csp.launch.py
-- Installing: /home/hansol/ros2_ws/install/darknet_ros/share/darknet_ros//launch/darknet_ros.launch.py
-- Installing: /home/hansol/ros2_ws/install/darknet_ros/share/darknet_ros//launch/yolov7-tiny.launch.py
-- Installing: /home/hansol/ros2_ws/install/darknet_ros/share/darknet_ros//launch/yolov4-tiny.launch.py
-- Installing: /home/hansol/ros2_ws/install/darknet_ros/share/darknet_ros//config
-- Installing: /home/hansol/ros2_ws/install/darknet_ros/share/darknet_ros//config/yolov4.yaml
-- Installing: /home/hansol/ros2_ws/install/darknet_ros/share/darknet_ros//config/yolov4-tiny.yaml
-- Installing: /home/hansol/ros2_ws/install/darknet_ros/share/darknet_ros//config/yolov7-tiny.yaml
-- Installing: /home/hansol/ros2_ws/install/darknet_ros/share/darknet_ros//config/yolov3.yaml
-- Installing: /home/hansol/ros2_ws/install/darknet_ros/share/darknet_ros//config/yolov4-csp.yaml
-- Installing: /home/hansol/ros2_ws/install/darknet_ros/share/darknet_ros//config/ros.yaml
-- Installing: /home/hansol/ros2_ws/install/darknet_ros/share/darknet_ros//config/yolov2-tiny.yaml
-- Installing: /home/hansol/ros2_ws/install/darknet_ros/share/darknet_ros/environment/library_path.sh
-- Installing: /home/hansol/ros2_ws/install/darknet_ros/share/ament_index/resource_index/package_run_dependencies/darknet_ros
-- Installing: /home/hansol/ros2_ws/install/darknet_ros/share/ament_index/resource_index/parent_prefix_path/darknet_ros
-- Installing: /home/hansol/ros2_ws/install/darknet_ros/share/darknet_ros/environment/ament_prefix_path.sh
-- Installing: /home/hansol/ros2_ws/install/darknet_ros/share/darknet_ros/environment/path.sh
-- Installing: /home/hansol/ros2_ws/install/darknet_ros/share/darknet_ros/local_setup.bash
-- Installing: /home/hansol/ros2_ws/install/darknet_ros/share/darknet_ros/local_setup.sh
-- Installing: /home/hansol/ros2_ws/install/darknet_ros/share/darknet_ros/local_setup.zsh
-- Installing: /home/hansol/ros2_ws/install/darknet_ros/share/ament_index/resource_index/packages/darknet_ros
-- Installing: /home/hansol/ros2_ws/install/darknet_ros/share/darknet_ros/cmake/ament_cmake_export_include_directories-extras.cmake
-- Installing: /home/hansol/ros2_ws/install/darknet_ros/share/darknet_ros/cmake/ament_cmake_export_libraries-extras.cmake
-- Installing: /home/hansol/ros2_ws/install/darknet_ros/share/darknet_ros/cmake/ament_cmake_export_dependencies-extras.cmake
-- Installing: /home/hansol/ros2_ws/install/darknet_ros/share/darknet_ros/cmake/darknet_rosConfig.cmake
-- Installing: /home/hansol/ros2_ws/install/darknet_ros/share/darknet_ros/cmake/darknet_rosConfig-version.cmake
-- Installing: /home/hansol/ros2_ws/install/darknet_ros/share/darknet_ros/package.xml
