[0.067s] Invoking command in '/home/hansol/ros2_ws/build/darknet_ros': CMAKE_PREFIX_PATH=/home/hansol/ros2_ws/install/darknet_ros_msgs:/home/hansol/ros2_ws/install/darknet_ros:/home/hansol/ros2_ws/install/Darknet:/opt/ros/dashing LD_LIBRARY_PATH=/home/hansol/ros2_ws/install/darknet_ros_msgs/lib:/home/hansol/ros2_ws/install/darknet_ros/lib:/opt/ros/dashing/lib:/usr/local/cuda-10.2/lib64 /usr/local/bin/cmake /home/hansol/ros2_ws/src/darknet_ros/darknet_ros -DCMAKE_INSTALL_PREFIX=/home/hansol/ros2_ws/install/darknet_ros
[0.298s] -- The C compiler identification is GNU 7.5.0
[0.529s] -- The CXX compiler identification is GNU 7.5.0
[0.573s] -- Detecting C compiler ABI info
[0.827s] -- Detecting C compiler ABI info - done
[0.903s] -- Check for working C compiler: /usr/bin/cc - skipped
[0.906s] -- Detecting C compile features
[0.909s] -- Detecting C compile features - done
[0.929s] -- Detecting CXX compiler ABI info
[1.218s] -- Detecting CXX compiler ABI info - done
[1.299s] -- Check for working CXX compiler: /usr/bin/c++ - skipped
[1.302s] -- Detecting CXX compile features
[1.306s] -- Detecting CXX compile features - done
[7.250s] -- Found Python3: /usr/bin/python3.6 (found version "3.6.9") found components: Interpreter Development Development.Module Development.Embed
[7.254s] -- Found Python3: /usr/bin/python3.6 (found version "3.6.9")
[7.255s] -- Darknet path dir = /home/hansol/ros2_ws/src/darknet_ros/darknet
[7.301s] -- Performing Test CMAKE_HAVE_LIBC_PTHREAD
[7.561s] -- Performing Test CMAKE_HAVE_LIBC_PTHREAD - Failed
[7.563s] -- Looking for pthread_create in pthreads
[7.777s] -- Looking for pthread_create in pthreads - not found
[7.778s] -- Looking for pthread_create in pthread
[8.024s] -- Looking for pthread_create in pthread - found
[8.028s] -- Found Threads: TRUE
[8.074s] -- Found CUDA: /usr/local/cuda-10.2 (found version "10.2")
[8.079s] -- CUDA Version: 
[8.080s] -- CUDA Libararies: /usr/local/cuda-10.2/lib64/libcudart_static.a;Threads::Threads;dl;/usr/lib/aarch64-linux-gnu/librt.so
[8.095s] -- Found CUDNN: /usr/include (found version "8.2.1")
[8.097s] -- cuDNN Version: 
[8.098s] -- cuDNN Libararies: /usr/lib/aarch64-linux-gnu/libcudnn.so
[8.120s] --  GPU (FP16): 
[8.121s] -- Your setup does not support half precision (it requires CUDA_ARCHITECTURES >= 70)
[8.122s] -- Searching for X11...
[8.750s] -- Found X11: /usr/include
[8.753s] -- Looking for XOpenDisplay in /usr/lib/aarch64-linux-gnu/libX11.so;/usr/lib/aarch64-linux-gnu/libXext.so
[9.029s] -- Looking for XOpenDisplay in /usr/lib/aarch64-linux-gnu/libX11.so;/usr/lib/aarch64-linux-gnu/libXext.so - found
[9.031s] -- Looking for gethostbyname
[9.280s] -- Looking for gethostbyname - found
[9.281s] -- Looking for connect
[9.533s] -- Looking for connect - found
[9.534s] -- Looking for remove
[9.780s] -- Looking for remove - found
[9.781s] -- Looking for shmat
[10.034s] -- Looking for shmat - found
[10.035s] -- Looking for IceConnectionNumber in ICE
[10.289s] -- Looking for IceConnectionNumber in ICE - found
[10.295s] --  X11_INCLUDE_DIR: /usr/include
[10.296s] --  X11_LIBRARIES: /usr/lib/aarch64-linux-gnu/libSM.so/usr/lib/aarch64-linux-gnu/libICE.so/usr/lib/aarch64-linux-gnu/libX11.so/usr/lib/aarch64-linux-gnu/libXext.so
[10.371s] -- Found OpenCV: /usr (found version "4.5.0")
[10.382s] -- Found ament_cmake: 0.7.6 (/opt/ros/dashing/share/ament_cmake/cmake)
[10.561s] -- Found PythonInterp: /usr/bin/python3 (found suitable version "3.6.9", minimum required is "3")
[10.562s] -- Using PYTHON_EXECUTABLE: /usr/bin/python3
[12.185s] -- Found rclcpp: 0.7.16 (/opt/ros/dashing/share/rclcpp/cmake)
[12.298s] -- Found rosidl_adapter: 0.7.10 (/opt/ros/dashing/share/rosidl_adapter/cmake)
[12.517s] -- Found rmw_implementation_cmake: 0.7.2 (/opt/ros/dashing/share/rmw_implementation_cmake/cmake)
[12.524s] -- Using RMW implementation 'rmw_fastrtps_cpp' as default
[12.688s] -- Found rclpy: 0.7.11 (/opt/ros/dashing/share/rclpy/cmake)
[12.696s] -- Found rclcpp_action: 0.7.16 (/opt/ros/dashing/share/rclcpp_action/cmake)
[12.980s] -- Found std_msgs: 0.7.1 (/opt/ros/dashing/share/std_msgs/cmake)
[13.009s] -- Found image_transport: 2.1.1 (/opt/ros/dashing/share/image_transport/cmake)
[13.213s] -- Found tinyxml2_vendor:  (/opt/ros/dashing/share/tinyxml2_vendor/cmake)
[13.269s] -- Found TinyXML2: /usr/lib/aarch64-linux-gnu/libtinyxml2.so
[13.306s] -- Found poco_vendor:  (/opt/ros/dashing/share/poco_vendor/cmake)
[13.361s] -- Found cv_bridge: 2.1.4 (/opt/ros/dashing/share/cv_bridge/cmake)
[13.405s] -- Found darknet_ros_msgs: 1.1.5 (/home/hansol/ros2_ws/install/darknet_ros_msgs/share/darknet_ros_msgs/cmake)
[16.178s] -- Found OpenMP_C: -fopenmp (found version "4.5")
[16.469s] -- Found OpenMP_CXX: -fopenmp (found version "4.5")
[16.470s] -- Found OpenMP: TRUE (found version "4.5")
[16.474s] -- Checking and downloading yolov4-tiny.weights if needed ...
[16.475s] -- Done.
[16.476s] -- Checking and downloading yolov4-csp.weights if needed ...
[16.477s] -- Done.
[16.478s] -- Checking and downloading yolov7-tiny.weights if needed ...
[16.479s] -- Done.
[16.869s] -- Configuring done (16.8s)
[17.240s] -- Generating done (0.4s)
[17.244s] -- Build files have been written to: /home/hansol/ros2_ws/build/darknet_ros
[17.281s] Invoked command in '/home/hansol/ros2_ws/build/darknet_ros' returned '0': CMAKE_PREFIX_PATH=/home/hansol/ros2_ws/install/darknet_ros_msgs:/home/hansol/ros2_ws/install/darknet_ros:/home/hansol/ros2_ws/install/Darknet:/opt/ros/dashing LD_LIBRARY_PATH=/home/hansol/ros2_ws/install/darknet_ros_msgs/lib:/home/hansol/ros2_ws/install/darknet_ros/lib:/opt/ros/dashing/lib:/usr/local/cuda-10.2/lib64 /usr/local/bin/cmake /home/hansol/ros2_ws/src/darknet_ros/darknet_ros -DCMAKE_INSTALL_PREFIX=/home/hansol/ros2_ws/install/darknet_ros
[17.286s] Invoking command in '/home/hansol/ros2_ws/build/darknet_ros': CMAKE_PREFIX_PATH=/home/hansol/ros2_ws/install/darknet_ros_msgs:/home/hansol/ros2_ws/install/darknet_ros:/home/hansol/ros2_ws/install/Darknet:/opt/ros/dashing LD_LIBRARY_PATH=/home/hansol/ros2_ws/install/darknet_ros_msgs/lib:/home/hansol/ros2_ws/install/darknet_ros/lib:/opt/ros/dashing/lib:/usr/local/cuda-10.2/lib64 /usr/local/bin/cmake --build /home/hansol/ros2_ws/build/darknet_ros -- -j4 -l4
[17.417s] [  1%] [34m[1mBuilding NVCC (Device) object CMakeFiles/darknet_ros_lib.dir/__/darknet/src/darknet_ros_lib_generated_network_kernels.cu.o[0m
[21.283s] /home/hansol/ros2_ws/src/darknet_ros/darknet/src/network_kernels.cu(379): warning: variable "l" was declared but never referenced
[21.284s] 
[22.841s] /home/hansol/ros2_ws/src/darknet_ros/darknet/src/network_kernels.cu(379): warning: variable "l" was declared but never referenced
[22.842s] 
[24.416s] /home/hansol/ros2_ws/src/darknet_ros/darknet/src/network_kernels.cu(379): warning: variable "l" was declared but never referenced
[24.417s] 
[26.122s] /home/hansol/ros2_ws/src/darknet_ros/darknet/src/network_kernels.cu(379): warning: variable "l" was declared but never referenced
[26.123s] 
[27.821s] /home/hansol/ros2_ws/src/darknet_ros/darknet/src/network_kernels.cu(379): warning: variable "l" was declared but never referenced
[27.822s] 
[31.822s] [  2%] [34m[1mBuilding NVCC (Device) object CMakeFiles/darknet_ros_lib.dir/__/darknet/src/darknet_ros_lib_generated_blas_kernels.cu.o[0m
[35.356s] /home/hansol/ros2_ws/src/darknet_ros/darknet/src/blas_kernels.cu(1086): warning: variable "out_index" was declared but never referenced
[35.358s] 
[35.359s] /home/hansol/ros2_ws/src/darknet_ros/darknet/src/blas_kernels.cu(1130): warning: variable "step" was set but never used
[35.359s] 
[35.411s] /home/hansol/ros2_ws/src/darknet_ros/darknet/src/blas_kernels.cu(1736): warning: variable "stage_id" was declared but never referenced
[35.412s] 
[39.480s] /home/hansol/ros2_ws/src/darknet_ros/darknet/src/blas_kernels.cu(1086): warning: variable "out_index" was declared but never referenced
[39.481s] 
[39.482s] /home/hansol/ros2_ws/src/darknet_ros/darknet/src/blas_kernels.cu(1130): warning: variable "step" was set but never used
[39.483s] 
[39.532s] /home/hansol/ros2_ws/src/darknet_ros/darknet/src/blas_kernels.cu(1736): warning: variable "stage_id" was declared but never referenced
[39.533s] 
[40.860s] [  3%] [34m[1mBuilding NVCC (Device) object CMakeFiles/darknet_ros_lib.dir/__/darknet/src/darknet_ros_lib_generated_col2im_kernels.cu.o[0m
[42.926s] [  4%] [34m[1mBuilding NVCC (Device) object CMakeFiles/darknet_ros_lib.dir/__/darknet/src/darknet_ros_lib_generated_avgpool_layer_kernels.cu.o[0m
[45.033s] [  5%] [34m[1mBuilding NVCC (Device) object CMakeFiles/darknet_ros_lib.dir/__/darknet/src/darknet_ros_lib_generated_activation_kernels.cu.o[0m
[50.184s] /home/hansol/ros2_ws/src/darknet_ros/darknet/src/activation_kernels.cu(263): warning: variable "MISH_THRESHOLD" was declared but never referenced
[50.185s] 
[50.293s] /home/hansol/ros2_ws/src/darknet_ros/darknet/src/blas_kernels.cu(1086): warning: variable "out_index" was declared but never referenced
[50.294s] 
[50.298s] /home/hansol/ros2_ws/src/darknet_ros/darknet/src/blas_kernels.cu(1130): warning: variable "step" was set but never used
[50.299s] 
[50.354s] /home/hansol/ros2_ws/src/darknet_ros/darknet/src/blas_kernels.cu(1736): warning: variable "stage_id" was declared but never referenced
[50.355s] 
[53.786s] /home/hansol/ros2_ws/src/darknet_ros/darknet/src/activation_kernels.cu(263): warning: variable "MISH_THRESHOLD" was declared but never referenced
[53.787s] 
[58.751s] /home/hansol/ros2_ws/src/darknet_ros/darknet/src/activation_kernels.cu(263): warning: variable "MISH_THRESHOLD" was declared but never referenced
[58.752s] 
[62.632s] /home/hansol/ros2_ws/src/darknet_ros/darknet/src/blas_kernels.cu(1086): warning: variable "out_index" was declared but never referenced
[62.633s] 
[62.637s] /home/hansol/ros2_ws/src/darknet_ros/darknet/src/blas_kernels.cu(1130): warning: variable "step" was set but never used
[62.638s] 
[62.692s] /home/hansol/ros2_ws/src/darknet_ros/darknet/src/blas_kernels.cu(1736): warning: variable "stage_id" was declared but never referenced
[62.693s] 
[63.755s] /home/hansol/ros2_ws/src/darknet_ros/darknet/src/activation_kernels.cu(263): warning: variable "MISH_THRESHOLD" was declared but never referenced
[63.756s] 
[66.794s] /home/hansol/ros2_ws/src/darknet_ros/darknet/src/activation_kernels.cu(263): warning: variable "MISH_THRESHOLD" was declared but never referenced
[66.795s] 
[71.328s] /home/hansol/ros2_ws/src/darknet_ros/darknet/src/blas_kernels.cu(1086): warning: variable "out_index" was declared but never referenced
[71.329s] 
[71.330s] /home/hansol/ros2_ws/src/darknet_ros/darknet/src/blas_kernels.cu(1130): warning: variable "step" was set but never used
[71.331s] 
[71.386s] /home/hansol/ros2_ws/src/darknet_ros/darknet/src/blas_kernels.cu(1736): warning: variable "stage_id" was declared but never referenced
[71.387s] 
[94.567s] [  6%] [34m[1mBuilding NVCC (Device) object CMakeFiles/darknet_ros_lib.dir/__/darknet/src/darknet_ros_lib_generated_deconvolutional_kernels.cu.o[0m
[105.601s] [  7%] [34m[1mBuilding NVCC (Device) object CMakeFiles/darknet_ros_lib.dir/__/darknet/src/darknet_ros_lib_generated_dropout_layer_kernels.cu.o[0m
[107.451s] [  8%] [34m[1mBuilding NVCC (Device) object CMakeFiles/darknet_ros_lib.dir/__/darknet/src/darknet_ros_lib_generated_crop_layer_kernels.cu.o[0m
[109.536s] [ 10%] [34m[1mBuilding NVCC (Device) object CMakeFiles/darknet_ros_lib.dir/__/darknet/src/darknet_ros_lib_generated_im2col_kernels.cu.o[0m
[110.478s] /home/hansol/ros2_ws/src/darknet_ros/darknet/src/dropout_layer_kernels.cu(140): warning: variable "cur_scale" was declared but never referenced
[110.479s] 
[110.486s] /home/hansol/ros2_ws/src/darknet_ros/darknet/src/dropout_layer_kernels.cu(245): warning: variable "cur_scale" was declared but never referenced
[110.488s] 
[110.490s] /home/hansol/ros2_ws/src/darknet_ros/darknet/src/dropout_layer_kernels.cu(262): warning: variable "block_prob" was declared but never referenced
[110.491s] 
[113.005s] /home/hansol/ros2_ws/src/darknet_ros/darknet/src/dropout_layer_kernels.cu(140): warning: variable "cur_scale" was declared but never referenced
[113.007s] 
[113.013s] /home/hansol/ros2_ws/src/darknet_ros/darknet/src/dropout_layer_kernels.cu(245): warning: variable "cur_scale" was declared but never referenced
[113.014s] 
[113.016s] /home/hansol/ros2_ws/src/darknet_ros/darknet/src/dropout_layer_kernels.cu(262): warning: variable "block_prob" was declared but never referenced
[113.017s] 
[116.278s] /home/hansol/ros2_ws/src/darknet_ros/darknet/src/dropout_layer_kernels.cu(140): warning: variable "cur_scale" was declared but never referenced
[116.280s] 
[116.292s] /home/hansol/ros2_ws/src/darknet_ros/darknet/src/dropout_layer_kernels.cu(245): warning: variable "cur_scale" was declared but never referenced
[116.293s] 
[116.294s] /home/hansol/ros2_ws/src/darknet_ros/darknet/src/dropout_layer_kernels.cu(262): warning: variable "block_prob" was declared but never referenced
[116.295s] 
[120.044s] /home/hansol/ros2_ws/src/darknet_ros/darknet/src/dropout_layer_kernels.cu(140): warning: variable "cur_scale" was declared but never referenced
[120.045s] 
[120.048s] /home/hansol/ros2_ws/src/darknet_ros/darknet/src/dropout_layer_kernels.cu(245): warning: variable "cur_scale" was declared but never referenced
[120.049s] 
[120.050s] /home/hansol/ros2_ws/src/darknet_ros/darknet/src/dropout_layer_kernels.cu(262): warning: variable "block_prob" was declared but never referenced
[120.052s] 
[122.934s] /home/hansol/ros2_ws/src/darknet_ros/darknet/src/dropout_layer_kernels.cu(140): warning: variable "cur_scale" was declared but never referenced
[122.935s] 
[122.942s] /home/hansol/ros2_ws/src/darknet_ros/darknet/src/dropout_layer_kernels.cu(245): warning: variable "cur_scale" was declared but never referenced
[122.943s] 
[122.946s] /home/hansol/ros2_ws/src/darknet_ros/darknet/src/dropout_layer_kernels.cu(262): warning: variable "block_prob" was declared but never referenced
[122.946s] 
[154.930s] [ 11%] [34m[1mBuilding NVCC (Device) object CMakeFiles/darknet_ros_lib.dir/__/darknet/src/darknet_ros_lib_generated_maxpool_layer_kernels.cu.o[0m
[170.701s] [ 12%] [34m[1mBuilding NVCC (Device) object CMakeFiles/darknet_ros_lib.dir/__/darknet/src/darknet_ros_lib_generated_convolutional_kernels.cu.o[0m
[188.380s] [ 13%] [32mBuilding CXX object CMakeFiles/darknet_ros_lib.dir/src/YoloObjectDetector.cpp.o[0m
[188.381s] [ 14%] [32mBuilding CXX object CMakeFiles/darknet_ros_lib.dir/src/image_interface.cpp.o[0m
[190.443s] [ 15%] [32mBuilding C object CMakeFiles/darknet_ros_lib.dir/home/hansol/ros2_ws/src/darknet_ros/darknet/src/activation_layer.c.o[0m
[193.006s] [01m[K/home/hansol/ros2_ws/src/darknet_ros/darknet_ros/src/image_interface.cpp:[m[K In function ‘[01m[Kimage** load_alphabet_with_file(char*)[m[K’:
[193.007s] [01m[K/home/hansol/ros2_ws/src/darknet_ros/darknet_ros/src/image_interface.cpp:21:18:[m[K [01;35m[Kwarning: [m[KISO C++ forbids converting a string constant to ‘[01m[Kchar*[m[K’ [[01;35m[K-Wwrite-strings[m[K]
[193.008s]    char* labels = [01;35m[K"/labels/%d_%d.png"[m[K;
[193.009s]                   [01;35m[K^~~~~~~~~~~~~~~~~~~[m[K
[195.924s] [ 16%] [32mBuilding C object CMakeFiles/darknet_ros_lib.dir/home/hansol/ros2_ws/src/darknet_ros/darknet/src/art.c.o[0m
[195.940s] [ 17%] [32mBuilding C object CMakeFiles/darknet_ros_lib.dir/home/hansol/ros2_ws/src/darknet_ros/darknet/src/activations.c.o[0m
[196.329s] [ 19%] [32mBuilding CXX object CMakeFiles/darknet_ros_lib.dir/src/yolo_object_detector_node.cpp.o[0m
[197.383s] [ 20%] [32mBuilding C object CMakeFiles/darknet_ros_lib.dir/home/hansol/ros2_ws/src/darknet_ros/darknet/src/avgpool_layer.c.o[0m
[197.919s] [ 21%] [32mBuilding C object CMakeFiles/darknet_ros_lib.dir/home/hansol/ros2_ws/src/darknet_ros/darknet/src/batchnorm_layer.c.o[0m
[197.979s] [ 22%] [32mBuilding C object CMakeFiles/darknet_ros_lib.dir/home/hansol/ros2_ws/src/darknet_ros/darknet/src/blas.c.o[0m
[198.529s] [01m[K/home/hansol/ros2_ws/src/darknet_ros/darknet/src/blas.c:[m[K In function ‘[01m[Kfind_sim[m[K’:
[198.530s] [01m[K/home/hansol/ros2_ws/src/darknet_ros/darknet/src/blas.c:597:59:[m[K [01;35m[Kwarning: [m[Kformat ‘[01m[K%d[m[K’ expects argument of type ‘[01m[Kint[m[K’, but argument 2 has type ‘[01m[Ksize_t {aka long unsigned int}[m[K’ [[01;35m[K-Wformat=[m[K]
[198.530s]          printf(" Error: find_sim(): sim isn't found: i = [01;35m[K%d[m[K, j = %d, z = %d \n", i, j, z);
[198.531s]                                                           [01;35m[K~^[m[K
[198.532s]                                                           [32m[K%ld[m[K
[198.533s] [01m[K/home/hansol/ros2_ws/src/darknet_ros/darknet/src/blas.c:597:67:[m[K [01;35m[Kwarning: [m[Kformat ‘[01m[K%d[m[K’ expects argument of type ‘[01m[Kint[m[K’, but argument 3 has type ‘[01m[Ksize_t {aka long unsigned int}[m[K’ [[01;35m[K-Wformat=[m[K]
[198.534s]          printf(" Error: find_sim(): sim isn't found: i = %d, j = [01;35m[K%d[m[K, z = %d \n", i, j, z);
[198.535s]                                                                   [01;35m[K~^[m[K
[198.537s]                                                                   [32m[K%ld[m[K
[198.538s] [01m[K/home/hansol/ros2_ws/src/darknet_ros/darknet/src/blas.c:597:75:[m[K [01;35m[Kwarning: [m[Kformat ‘[01m[K%d[m[K’ expects argument of type ‘[01m[Kint[m[K’, but argument 4 has type ‘[01m[Ksize_t {aka long unsigned int}[m[K’ [[01;35m[K-Wformat=[m[K]
[198.538s]          printf(" Error: find_sim(): sim isn't found: i = %d, j = %d, z = [01;35m[K%d[m[K \n", i, j, z);
[198.539s]                                                                           [01;35m[K~^[m[K
[198.543s]                                                                           [32m[K%ld[m[K
[198.544s] [01m[K/home/hansol/ros2_ws/src/darknet_ros/darknet/src/blas.c:[m[K In function ‘[01m[Kfind_P_constrastive[m[K’:
[198.545s] [01m[K/home/hansol/ros2_ws/src/darknet_ros/darknet/src/blas.c:611:68:[m[K [01;35m[Kwarning: [m[Kformat ‘[01m[K%d[m[K’ expects argument of type ‘[01m[Kint[m[K’, but argument 2 has type ‘[01m[Ksize_t {aka long unsigned int}[m[K’ [[01;35m[K-Wformat=[m[K]
[198.546s]          printf(" Error: find_P_constrastive(): P isn't found: i = [01;35m[K%d[m[K, j = %d, z = %d \n", i, j, z);
[198.547s]                                                                    [01;35m[K~^[m[K
[198.560s]                                                                    [32m[K%ld[m[K
[198.561s] [01m[K/home/hansol/ros2_ws/src/darknet_ros/darknet/src/blas.c:611:76:[m[K [01;35m[Kwarning: [m[Kformat ‘[01m[K%d[m[K’ expects argument of type ‘[01m[Kint[m[K’, but argument 3 has type ‘[01m[Ksize_t {aka long unsigned int}[m[K’ [[01;35m[K-Wformat=[m[K]
[198.562s]          printf(" Error: find_P_constrastive(): P isn't found: i = %d, j = [01;35m[K%d[m[K, z = %d \n", i, j, z);
[198.562s]                                                                            [01;35m[K~^[m[K
[198.563s]                                                                            [32m[K%ld[m[K
[198.564s] [01m[K/home/hansol/ros2_ws/src/darknet_ros/darknet/src/blas.c:611:84:[m[K [01;35m[Kwarning: [m[Kformat ‘[01m[K%d[m[K’ expects argument of type ‘[01m[Kint[m[K’, but argument 4 has type ‘[01m[Ksize_t {aka long unsigned int}[m[K’ [[01;35m[K-Wformat=[m[K]
[198.564s]          printf(" Error: find_P_constrastive(): P isn't found: i = %d, j = %d, z = [01;35m[K%d[m[K \n", i, j, z);
[198.565s]                                                                                    [01;35m[K~^[m[K
[198.566s]                                                                                    [32m[K%ld[m[K
[198.567s] [01m[K/home/hansol/ros2_ws/src/darknet_ros/darknet/src/blas.c:[m[K In function ‘[01m[KP_constrastive_f[m[K’:
[198.567s] [01m[K/home/hansol/ros2_ws/src/darknet_ros/darknet/src/blas.c:651:79:[m[K [01;35m[Kwarning: [m[Kformat ‘[01m[K%d[m[K’ expects argument of type ‘[01m[Kint[m[K’, but argument 3 has type ‘[01m[Ksize_t {aka long unsigned int}[m[K’ [[01;35m[K-Wformat=[m[K]
[198.568s]          fprintf(stderr, " Error: in P_constrastive must be i != l, while i = [01;35m[K%d[m[K, l = %d \n", i, l);
[198.569s]                                                                               [01;35m[K~^[m[K
[198.570s]                                                                               [32m[K%ld[m[K
[198.570s] [01m[K/home/hansol/ros2_ws/src/darknet_ros/darknet/src/blas.c:651:87:[m[K [01;35m[Kwarning: [m[Kformat ‘[01m[K%d[m[K’ expects argument of type ‘[01m[Kint[m[K’, but argument 4 has type ‘[01m[Ksize_t {aka long unsigned int}[m[K’ [[01;35m[K-Wformat=[m[K]
[198.571s]          fprintf(stderr, " Error: in P_constrastive must be i != l, while i = %d, l = [01;35m[K%d[m[K \n", i, l);
[198.581s]                                                                                       [01;35m[K~^[m[K
[198.582s]                                                                                       [32m[K%ld[m[K
[198.583s] [01m[K/home/hansol/ros2_ws/src/darknet_ros/darknet/src/blas.c:[m[K In function ‘[01m[KP_constrastive[m[K’:
[198.584s] [01m[K/home/hansol/ros2_ws/src/darknet_ros/darknet/src/blas.c:785:79:[m[K [01;35m[Kwarning: [m[Kformat ‘[01m[K%d[m[K’ expects argument of type ‘[01m[Kint[m[K’, but argument 3 has type ‘[01m[Ksize_t {aka long unsigned int}[m[K’ [[01;35m[K-Wformat=[m[K]
[198.584s]          fprintf(stderr, " Error: in P_constrastive must be i != l, while i = [01;35m[K%d[m[K, l = %d \n", i, l);
[198.585s]                                                                               [01;35m[K~^[m[K
[198.586s]                                                                               [32m[K%ld[m[K
[198.586s] [01m[K/home/hansol/ros2_ws/src/darknet_ros/darknet/src/blas.c:785:87:[m[K [01;35m[Kwarning: [m[Kformat ‘[01m[K%d[m[K’ expects argument of type ‘[01m[Kint[m[K’, but argument 4 has type ‘[01m[Ksize_t {aka long unsigned int}[m[K’ [[01;35m[K-Wformat=[m[K]
[198.587s]          fprintf(stderr, " Error: in P_constrastive must be i != l, while i = %d, l = [01;35m[K%d[m[K \n", i, l);
[198.588s]                                                                                       [01;35m[K~^[m[K
[198.589s]                                                                                       [32m[K%ld[m[K
[199.263s] [ 23%] [32mBuilding C object CMakeFiles/darknet_ros_lib.dir/home/hansol/ros2_ws/src/darknet_ros/darknet/src/box.c.o[0m
[202.103s] [ 24%] [32mBuilding C object CMakeFiles/darknet_ros_lib.dir/home/hansol/ros2_ws/src/darknet_ros/darknet/src/captcha.c.o[0m
[202.651s] [ 25%] [32mBuilding C object CMakeFiles/darknet_ros_lib.dir/home/hansol/ros2_ws/src/darknet_ros/darknet/src/cifar.c.o[0m
[203.115s] [ 26%] [32mBuilding C object CMakeFiles/darknet_ros_lib.dir/home/hansol/ros2_ws/src/darknet_ros/darknet/src/classifier.c.o[0m
[203.775s] [ 28%] [32mBuilding C object CMakeFiles/darknet_ros_lib.dir/home/hansol/ros2_ws/src/darknet_ros/darknet/src/coco.c.o[0m
[215.975s] [ 29%] [32mBuilding C object CMakeFiles/darknet_ros_lib.dir/home/hansol/ros2_ws/src/darknet_ros/darknet/src/connected_layer.c.o[0m
[216.849s] [ 30%] [32mBuilding C object CMakeFiles/darknet_ros_lib.dir/home/hansol/ros2_ws/src/darknet_ros/darknet/src/compare.c.o[0m
[217.865s] [ 31%] [32mBuilding C object CMakeFiles/darknet_ros_lib.dir/home/hansol/ros2_ws/src/darknet_ros/darknet/src/conv_lstm_layer.c.o[0m
[217.930s] [ 32%] [32mBuilding C object CMakeFiles/darknet_ros_lib.dir/home/hansol/ros2_ws/src/darknet_ros/darknet/src/col2im.c.o[0m
[218.260s] [ 33%] [32mBuilding C object CMakeFiles/darknet_ros_lib.dir/home/hansol/ros2_ws/src/darknet_ros/darknet/src/convolutional_layer.c.o[0m
[219.312s] [ 34%] [32mBuilding C object CMakeFiles/darknet_ros_lib.dir/home/hansol/ros2_ws/src/darknet_ros/darknet/src/cost_layer.c.o[0m
[220.227s] [ 35%] [32mBuilding C object CMakeFiles/darknet_ros_lib.dir/home/hansol/ros2_ws/src/darknet_ros/darknet/src/cpu_gemm.c.o[0m
[221.216s] [ 37%] [32mBuilding C object CMakeFiles/darknet_ros_lib.dir/home/hansol/ros2_ws/src/darknet_ros/darknet/src/crnn_layer.c.o[0m
[223.067s] [ 38%] [32mBuilding C object CMakeFiles/darknet_ros_lib.dir/home/hansol/ros2_ws/src/darknet_ros/darknet/src/crop_layer.c.o[0m
[223.503s] [ 39%] [32mBuilding C object CMakeFiles/darknet_ros_lib.dir/home/hansol/ros2_ws/src/darknet_ros/darknet/src/dark_cuda.c.o[0m
[223.891s] [01m[K/home/hansol/ros2_ws/src/darknet_ros/darknet/src/dark_cuda.c:[m[K In function ‘[01m[Kpre_allocate_pinned_memory[m[K’:
[223.892s] [01m[K/home/hansol/ros2_ws/src/darknet_ros/darknet/src/dark_cuda.c:395:40:[m[K [01;35m[Kwarning: [m[Kformat ‘[01m[K%u[m[K’ expects argument of type ‘[01m[Kunsigned int[m[K’, but argument 2 has type ‘[01m[Klong unsigned int[m[K’ [[01;35m[K-Wformat=[m[K]
[223.893s]          printf("pre_allocate: size = [01;35m[K%Iu[m[K MB, num_of_blocks = %Iu, block_size = %Iu MB \n",
[223.894s]                                       [01;35m[K~~^[m[K
[223.894s]                                       [32m[K%Ilu[m[K
[223.895s]              [32m[Ksize / (1024*1024)[m[K, num_of_blocks, pinned_block_size / (1024 * 1024));
[223.896s]              [32m[K~~~~~~~~~~~~~~~~~~[m[K          
[223.897s] [01m[K/home/hansol/ros2_ws/src/darknet_ros/darknet/src/dark_cuda.c:395:64:[m[K [01;35m[Kwarning: [m[Kformat ‘[01m[K%u[m[K’ expects argument of type ‘[01m[Kunsigned int[m[K’, but argument 3 has type ‘[01m[Ksize_t {aka const long unsigned int}[m[K’ [[01;35m[K-Wformat=[m[K]
[223.897s]          printf("pre_allocate: size = %Iu MB, num_of_blocks = [01;35m[K%Iu[m[K, block_size = %Iu MB \n",
[223.898s]                                                               [01;35m[K~~^[m[K
[223.899s]                                                               [32m[K%Ilu[m[K
[223.900s] [01m[K/home/hansol/ros2_ws/src/darknet_ros/darknet/src/dark_cuda.c:395:82:[m[K [01;35m[Kwarning: [m[Kformat ‘[01m[K%u[m[K’ expects argument of type ‘[01m[Kunsigned int[m[K’, but argument 4 has type ‘[01m[Klong unsigned int[m[K’ [[01;35m[K-Wformat=[m[K]
[223.901s]          printf("pre_allocate: size = %Iu MB, num_of_blocks = %Iu, block_size = [01;35m[K%Iu[m[K MB \n",
[223.902s]                                                                                 [01;35m[K~~^[m[K
[223.908s]                                                                                 [32m[K%Ilu[m[K
[223.909s] [01m[K/home/hansol/ros2_ws/src/darknet_ros/darknet/src/dark_cuda.c:405:37:[m[K [01;35m[Kwarning: [m[Kformat ‘[01m[K%d[m[K’ expects argument of type ‘[01m[Kint[m[K’, but argument 2 has type ‘[01m[Ksize_t {aka const long unsigned int}[m[K’ [[01;35m[K-Wformat=[m[K]
[223.910s]                  printf(" Allocated [01;35m[K%d[m[K pinned block \n", pinned_block_size);
[223.916s]                                     [01;35m[K~^[m[K
[223.917s]                                     [32m[K%ld[m[K
[223.918s] [01m[K/home/hansol/ros2_ws/src/darknet_ros/darknet/src/dark_cuda.c:[m[K In function ‘[01m[Kcuda_make_array_pinned_preallocated[m[K’:
[223.919s] [01m[K/home/hansol/ros2_ws/src/darknet_ros/darknet/src/dark_cuda.c:426:43:[m[K [01;35m[Kwarning: [m[Kformat ‘[01m[K%d[m[K’ expects argument of type ‘[01m[Kint[m[K’, but argument 2 has type ‘[01m[Ksize_t {aka long unsigned int}[m[K’ [[01;35m[K-Wformat=[m[K]
[223.919s]              printf("\n Pinned block_id = [01;35m[K%d[m[K, filled = %f %% \n", pinned_block_id, filled);
[223.920s]                                           [01;35m[K~^[m[K
[223.921s]                                           [32m[K%ld[m[K
[223.921s] [01m[K/home/hansol/ros2_ws/src/darknet_ros/darknet/src/dark_cuda.c:441:64:[m[K [01;35m[Kwarning: [m[Kformat ‘[01m[K%d[m[K’ expects argument of type ‘[01m[Kint[m[K’, but argument 2 has type ‘[01m[Klong unsigned int[m[K’ [[01;35m[K-Wformat=[m[K]
[223.922s]              printf("Try to allocate new pinned memory, size = [01;35m[K%d[m[K MB \n", [32m[Ksize / (1024 * 1024)[m[K);
[223.923s]                                                                [01;35m[K~^[m[K         [32m[K~~~~~~~~~~~~~~~~~~~~[m[K
[223.927s]                                                                [32m[K%ld[m[K
[223.931s] [01m[K/home/hansol/ros2_ws/src/darknet_ros/darknet/src/dark_cuda.c:447:63:[m[K [01;35m[Kwarning: [m[Kformat ‘[01m[K%d[m[K’ expects argument of type ‘[01m[Kint[m[K’, but argument 2 has type ‘[01m[Klong unsigned int[m[K’ [[01;35m[K-Wformat=[m[K]
[223.932s]              printf("Try to allocate new pinned BLOCK, size = [01;35m[K%d[m[K MB \n", [32m[Ksize / (1024 * 1024)[m[K);
[223.944s]                                                               [01;35m[K~^[m[K         [32m[K~~~~~~~~~~~~~~~~~~~~[m[K
[223.945s]                                                               [32m[K%ld[m[K
[224.063s] [ 40%] [32mBuilding C object CMakeFiles/darknet_ros_lib.dir/home/hansol/ros2_ws/src/darknet_ros/darknet/src/darknet.c.o[0m
[224.725s] [ 41%] [32mBuilding C object CMakeFiles/darknet_ros_lib.dir/home/hansol/ros2_ws/src/darknet_ros/darknet/src/data.c.o[0m
[225.402s] [01m[K/home/hansol/ros2_ws/src/darknet_ros/darknet/src/data.c:[m[K In function ‘[01m[Kfill_truth_detection[m[K’:
[225.403s] [01m[K/home/hansol/ros2_ws/src/darknet_ros/darknet/src/data.c:411:13:[m[K [01;35m[Kwarning: [m[Kignoring return value of ‘[01m[Ksystem[m[K’, declared with attribute warn_unused_result [[01;35m[K-Wunused-result[m[K]
[225.404s]              [01;35m[Ksystem(buff)[m[K;
[225.404s]              [01;35m[K^~~~~~~~~~~~[m[K
[225.405s] [01m[K/home/hansol/ros2_ws/src/darknet_ros/darknet/src/data.c:425:13:[m[K [01;35m[Kwarning: [m[Kignoring return value of ‘[01m[Ksystem[m[K’, declared with attribute warn_unused_result [[01;35m[K-Wunused-result[m[K]
[225.406s]              [01;35m[Ksystem(buff)[m[K;
[225.407s]              [01;35m[K^~~~~~~~~~~~[m[K
[225.408s] [01m[K/home/hansol/ros2_ws/src/darknet_ros/darknet/src/data.c:433:13:[m[K [01;35m[Kwarning: [m[Kignoring return value of ‘[01m[Ksystem[m[K’, declared with attribute warn_unused_result [[01;35m[K-Wunused-result[m[K]
[225.409s]              [01;35m[Ksystem(buff)[m[K;
[225.410s]              [01;35m[K^~~~~~~~~~~~[m[K
[225.410s] [01m[K/home/hansol/ros2_ws/src/darknet_ros/darknet/src/data.c:441:13:[m[K [01;35m[Kwarning: [m[Kignoring return value of ‘[01m[Ksystem[m[K’, declared with attribute warn_unused_result [[01;35m[K-Wunused-result[m[K]
[225.411s]              [01;35m[Ksystem(buff)[m[K;
[225.412s]              [01;35m[K^~~~~~~~~~~~[m[K
[225.413s] [01m[K/home/hansol/ros2_ws/src/darknet_ros/darknet/src/data.c:448:13:[m[K [01;35m[Kwarning: [m[Kignoring return value of ‘[01m[Ksystem[m[K’, declared with attribute warn_unused_result [[01;35m[K-Wunused-result[m[K]
[225.413s]              [01;35m[Ksystem(buff)[m[K;
[225.414s]              [01;35m[K^~~~~~~~~~~~[m[K
[225.460s] [01m[K/home/hansol/ros2_ws/src/darknet_ros/darknet/src/data.c:[m[K In function ‘[01m[Kload_cifar10_data[m[K’:
[225.460s] [01m[K/home/hansol/ros2_ws/src/darknet_ros/darknet/src/data.c:2089:9:[m[K [01;35m[Kwarning: [m[Kignoring return value of ‘[01m[Kfread[m[K’, declared with attribute warn_unused_result [[01;35m[K-Wunused-result[m[K]
[225.461s]          [01;35m[Kfread(bytes, 1, 3073, fp)[m[K;
[225.462s]          [01;35m[K^~~~~~~~~~~~~~~~~~~~~~~~~[m[K
[225.463s] [01m[K/home/hansol/ros2_ws/src/darknet_ros/darknet/src/data.c:[m[K In function ‘[01m[Kload_all_cifar10[m[K’:
[225.464s] [01m[K/home/hansol/ros2_ws/src/darknet_ros/darknet/src/data.c:2153:13:[m[K [01;35m[Kwarning: [m[Kignoring return value of ‘[01m[Kfread[m[K’, declared with attribute warn_unused_result [[01;35m[K-Wunused-result[m[K]
[225.465s]              [01;35m[Kfread(bytes, 1, 3073, fp)[m[K;
[225.466s]              [01;35m[K^~~~~~~~~~~~~~~~~~~~~~~~~[m[K
[233.042s] [ 42%] [32mBuilding C object CMakeFiles/darknet_ros_lib.dir/home/hansol/ros2_ws/src/darknet_ros/darknet/src/detection_layer.c.o[0m
[234.216s] [ 43%] [32mBuilding C object CMakeFiles/darknet_ros_lib.dir/home/hansol/ros2_ws/src/darknet_ros/darknet/src/detector.c.o[0m
[234.515s] [01m[K/home/hansol/ros2_ws/src/darknet_ros/darknet/src/detector.c:[m[K In function ‘[01m[Kcalc_anchors[m[K’:
[234.515s] [01m[K/home/hansol/ros2_ws/src/darknet_ros/darknet/src/detector.c:1488:17:[m[K [01;35m[Kwarning: [m[Kignoring return value of ‘[01m[Ksystem[m[K’, declared with attribute warn_unused_result [[01;35m[K-Wunused-result[m[K]
[234.516s]                  [01;35m[Ksystem(buff)[m[K;
[234.517s]                  [01;35m[K^~~~~~~~~~~~[m[K
[236.232s] [ 44%] [32mBuilding C object CMakeFiles/darknet_ros_lib.dir/home/hansol/ros2_ws/src/darknet_ros/darknet/src/dice.c.o[0m
[236.738s] [ 46%] [32mBuilding C object CMakeFiles/darknet_ros_lib.dir/home/hansol/ros2_ws/src/darknet_ros/darknet/src/demo.c.o[0m
[237.745s] [ 47%] [32mBuilding C object CMakeFiles/darknet_ros_lib.dir/home/hansol/ros2_ws/src/darknet_ros/darknet/src/dropout_layer.c.o[0m
[238.210s] [ 48%] [32mBuilding C object CMakeFiles/darknet_ros_lib.dir/home/hansol/ros2_ws/src/darknet_ros/darknet/src/gaussian_yolo_layer.c.o[0m
[238.466s] [01m[K/home/hansol/ros2_ws/src/darknet_ros/darknet/src/gaussian_yolo_layer.c:[m[K In function ‘[01m[Kmake_gaussian_yolo_layer[m[K’:
[238.469s] [01m[K/home/hansol/ros2_ws/src/darknet_ros/darknet/src/gaussian_yolo_layer.c:72:38:[m[K [01;35m[Kwarning: [m[Kpassing argument 1 of ‘[01m[KcudaHostAlloc[m[K’ from incompatible pointer type [[01;35m[K-Wincompatible-pointer-types[m[K]
[238.469s]      if (cudaSuccess == cudaHostAlloc([01;35m[K&[m[Kl.output, batch*l.outputs * sizeof(float), cudaHostRegisterMapped)) l.output_pinned = 1;
[238.470s]                                       [01;35m[K^[m[K
[238.471s] In file included from [01m[K/usr/local/cuda-10.2/include/cuda_runtime.h:96:0[m[K,
[238.472s]                  from [01m[K/home/hansol/ros2_ws/src/darknet_ros/darknet/include/darknet.h:41[m[K,
[238.473s]                  from [01m[K/home/hansol/ros2_ws/src/darknet_ros/darknet/src/gaussian_yolo_layer.h:5[m[K,
[238.474s]                  from [01m[K/home/hansol/ros2_ws/src/darknet_ros/darknet/src/gaussian_yolo_layer.c:7[m[K:
[238.474s] [01m[K/usr/local/cuda-10.2/include/cuda_runtime_api.h:4575:39:[m[K [01;36m[Knote: [m[Kexpected ‘[01m[Kvoid **[m[K’ but argument is of type ‘[01m[Kfloat **[m[K’
[238.475s]  extern __host__ cudaError_t CUDARTAPI [01;36m[KcudaHostAlloc[m[K(void **pHost, size_t size, unsigned int flags);
[238.476s]                                        [01;36m[K^~~~~~~~~~~~~[m[K
[238.476s] [01m[K/home/hansol/ros2_ws/src/darknet_ros/darknet/src/gaussian_yolo_layer.c:79:38:[m[K [01;35m[Kwarning: [m[Kpassing argument 1 of ‘[01m[KcudaHostAlloc[m[K’ from incompatible pointer type [[01;35m[K-Wincompatible-pointer-types[m[K]
[238.477s]      if (cudaSuccess == cudaHostAlloc([01;35m[K&[m[Kl.delta, batch*l.outputs * sizeof(float), cudaHostRegisterMapped)) l.delta_pinned = 1;
[238.478s]                                       [01;35m[K^[m[K
[238.478s] In file included from [01m[K/usr/local/cuda-10.2/include/cuda_runtime.h:96:0[m[K,
[238.479s]                  from [01m[K/home/hansol/ros2_ws/src/darknet_ros/darknet/include/darknet.h:41[m[K,
[238.480s]                  from [01m[K/home/hansol/ros2_ws/src/darknet_ros/darknet/src/gaussian_yolo_layer.h:5[m[K,
[238.480s]                  from [01m[K/home/hansol/ros2_ws/src/darknet_ros/darknet/src/gaussian_yolo_layer.c:7[m[K:
[238.481s] [01m[K/usr/local/cuda-10.2/include/cuda_runtime_api.h:4575:39:[m[K [01;36m[Knote: [m[Kexpected ‘[01m[Kvoid **[m[K’ but argument is of type ‘[01m[Kfloat **[m[K’
[238.482s]  extern __host__ cudaError_t CUDARTAPI [01;36m[KcudaHostAlloc[m[K(void **pHost, size_t size, unsigned int flags);
[238.483s]                                        [01;36m[K^~~~~~~~~~~~~[m[K
[238.483s] [01m[K/home/hansol/ros2_ws/src/darknet_ros/darknet/src/gaussian_yolo_layer.c:[m[K In function ‘[01m[Kresize_gaussian_yolo_layer[m[K’:
[238.484s] [01m[K/home/hansol/ros2_ws/src/darknet_ros/darknet/src/gaussian_yolo_layer.c:111:42:[m[K [01;35m[Kwarning: [m[Kpassing argument 1 of ‘[01m[KcudaHostAlloc[m[K’ from incompatible pointer type [[01;35m[K-Wincompatible-pointer-types[m[K]
[238.485s]          if (cudaSuccess != cudaHostAlloc([01;35m[K&[m[Kl->output, l->batch*l->outputs * sizeof(float), cudaHostRegisterMapped)) {
[238.485s]                                           [01;35m[K^[m[K
[238.486s] In file included from [01m[K/usr/local/cuda-10.2/include/cuda_runtime.h:96:0[m[K,
[238.487s]                  from [01m[K/home/hansol/ros2_ws/src/darknet_ros/darknet/include/darknet.h:41[m[K,
[238.487s]                  from [01m[K/home/hansol/ros2_ws/src/darknet_ros/darknet/src/gaussian_yolo_layer.h:5[m[K,
[238.488s]                  from [01m[K/home/hansol/ros2_ws/src/darknet_ros/darknet/src/gaussian_yolo_layer.c:7[m[K:
[238.489s] [01m[K/usr/local/cuda-10.2/include/cuda_runtime_api.h:4575:39:[m[K [01;36m[Knote: [m[Kexpected ‘[01m[Kvoid **[m[K’ but argument is of type ‘[01m[Kfloat **[m[K’
[238.490s]  extern __host__ cudaError_t CUDARTAPI [01;36m[KcudaHostAlloc[m[K(void **pHost, size_t size, unsigned int flags);
[238.490s]                                        [01;36m[K^~~~~~~~~~~~~[m[K
[238.492s] [01m[K/home/hansol/ros2_ws/src/darknet_ros/darknet/src/gaussian_yolo_layer.c:120:42:[m[K [01;35m[Kwarning: [m[Kpassing argument 1 of ‘[01m[KcudaHostAlloc[m[K’ from incompatible pointer type [[01;35m[K-Wincompatible-pointer-types[m[K]
[238.492s]          if (cudaSuccess != cudaHostAlloc([01;35m[K&[m[Kl->delta, l->batch*l->outputs * sizeof(float), cudaHostRegisterMapped)) {
[238.493s]                                           [01;35m[K^[m[K
[238.494s] In file included from [01m[K/usr/local/cuda-10.2/include/cuda_runtime.h:96:0[m[K,
[238.494s]                  from [01m[K/home/hansol/ros2_ws/src/darknet_ros/darknet/include/darknet.h:41[m[K,
[238.495s]                  from [01m[K/home/hansol/ros2_ws/src/darknet_ros/darknet/src/gaussian_yolo_layer.h:5[m[K,
[238.496s]                  from [01m[K/home/hansol/ros2_ws/src/darknet_ros/darknet/src/gaussian_yolo_layer.c:7[m[K:
[238.497s] [01m[K/usr/local/cuda-10.2/include/cuda_runtime_api.h:4575:39:[m[K [01;36m[Knote: [m[Kexpected ‘[01m[Kvoid **[m[K’ but argument is of type ‘[01m[Kfloat **[m[K’
[238.497s]  extern __host__ cudaError_t CUDARTAPI [01;36m[KcudaHostAlloc[m[K(void **pHost, size_t size, unsigned int flags);
[238.498s]                                        [01;36m[K^~~~~~~~~~~~~[m[K
[239.230s] [ 49%] [32mBuilding C object CMakeFiles/darknet_ros_lib.dir/home/hansol/ros2_ws/src/darknet_ros/darknet/src/gemm.c.o[0m
[240.298s] [ 50%] [32mBuilding C object CMakeFiles/darknet_ros_lib.dir/home/hansol/ros2_ws/src/darknet_ros/darknet/src/deconvolutional_layer.c.o[0m
[241.009s] [ 51%] [32mBuilding C object CMakeFiles/darknet_ros_lib.dir/home/hansol/ros2_ws/src/darknet_ros/darknet/src/getopt.c.o[0m
[241.086s] [ 52%] [32mBuilding C object CMakeFiles/darknet_ros_lib.dir/home/hansol/ros2_ws/src/darknet_ros/darknet/src/gettimeofday.c.o[0m
[241.112s] [ 53%] [32mBuilding C object CMakeFiles/darknet_ros_lib.dir/home/hansol/ros2_ws/src/darknet_ros/darknet/src/go.c.o[0m
[241.135s] [ 55%] [32mBuilding C object CMakeFiles/darknet_ros_lib.dir/home/hansol/ros2_ws/src/darknet_ros/darknet/src/gru_layer.c.o[0m
[241.165s] [ 56%] [32mBuilding CXX object CMakeFiles/darknet_ros_lib.dir/home/hansol/ros2_ws/src/darknet_ros/darknet/src/http_stream.cpp.o[0m
[241.434s] [01m[K/home/hansol/ros2_ws/src/darknet_ros/darknet/src/go.c:[m[K In function ‘[01m[Kengine_go[m[K’:
[241.436s] [01m[K/home/hansol/ros2_ws/src/darknet_ros/darknet/src/go.c:452:9:[m[K [01;35m[Kwarning: [m[Kignoring return value of ‘[01m[Kscanf[m[K’, declared with attribute warn_unused_result [[01;35m[K-Wunused-result[m[K]
[241.437s]          [01;35m[Kscanf("%s", buff)[m[K;
[241.438s]          [01;35m[K^~~~~~~~~~~~~~~~~[m[K
[241.439s] [01m[K/home/hansol/ros2_ws/src/darknet_ros/darknet/src/go.c:466:13:[m[K [01;35m[Kwarning: [m[Kignoring return value of ‘[01m[Kscanf[m[K’, declared with attribute warn_unused_result [[01;35m[K-Wunused-result[m[K]
[241.440s]              [01;35m[Kscanf("%s", comm)[m[K;
[241.442s]              [01;35m[K^~~~~~~~~~~~~~~~~[m[K
[241.443s] [01m[K/home/hansol/ros2_ws/src/darknet_ros/darknet/src/go.c:487:13:[m[K [01;35m[Kwarning: [m[Kignoring return value of ‘[01m[Kscanf[m[K’, declared with attribute warn_unused_result [[01;35m[K-Wunused-result[m[K]
[241.444s]              [01;35m[Kscanf("%d", &boardsize)[m[K;
[241.445s]              [01;35m[K^~~~~~~~~~~~~~~~~~~~~~~[m[K
[241.446s] [01m[K/home/hansol/ros2_ws/src/darknet_ros/darknet/src/go.c:500:13:[m[K [01;35m[Kwarning: [m[Kignoring return value of ‘[01m[Kscanf[m[K’, declared with attribute warn_unused_result [[01;35m[K-Wunused-result[m[K]
[241.453s]              [01;35m[Kscanf("%f", &komi)[m[K;
[241.453s]              [01;35m[K^~~~~~~~~~~~~~~~~~[m[K
[241.454s] [01m[K/home/hansol/ros2_ws/src/darknet_ros/darknet/src/go.c:504:13:[m[K [01;35m[Kwarning: [m[Kignoring return value of ‘[01m[Kscanf[m[K’, declared with attribute warn_unused_result [[01;35m[K-Wunused-result[m[K]
[241.455s]              [01;35m[Kscanf("%s ", color)[m[K;
[241.456s]              [01;35m[K^~~~~~~~~~~~~~~~~~~[m[K
[241.456s] [01m[K/home/hansol/ros2_ws/src/darknet_ros/darknet/src/go.c:536:13:[m[K [01;35m[Kwarning: [m[Kignoring return value of ‘[01m[Kscanf[m[K’, declared with attribute warn_unused_result [[01;35m[K-Wunused-result[m[K]
[241.457s]              [01;35m[Kscanf("%s", color)[m[K;
[241.458s]              [01;35m[K^~~~~~~~~~~~~~~~~~[m[K
[241.458s] [01m[K/home/hansol/ros2_ws/src/darknet_ros/darknet/src/go.c:563:13:[m[K [01;35m[Kwarning: [m[Kignoring return value of ‘[01m[Kscanf[m[K’, declared with attribute warn_unused_result [[01;35m[K-Wunused-result[m[K]
[241.459s]              [01;35m[Kscanf("%s", type)[m[K;
[241.468s]              [01;35m[K^~~~~~~~~~~~~~~~~[m[K
[242.668s] [ 57%] [32mBuilding C object CMakeFiles/darknet_ros_lib.dir/home/hansol/ros2_ws/src/darknet_ros/darknet/src/im2col.c.o[0m
[242.784s] [ 58%] [32mBuilding C object CMakeFiles/darknet_ros_lib.dir/home/hansol/ros2_ws/src/darknet_ros/darknet/src/image.c.o[0m
[243.119s] [ 59%] [32mBuilding CXX object CMakeFiles/darknet_ros_lib.dir/home/hansol/ros2_ws/src/darknet_ros/darknet/src/image_opencv.cpp.o[0m
[250.410s] [01m[K/home/hansol/ros2_ws/src/darknet_ros/darknet/src/http_stream.cpp:[m[K In member function ‘[01m[Kbool MJPG_sender::write(const cv::Mat&)[m[K’:
[250.411s] [01m[K/home/hansol/ros2_ws/src/darknet_ros/darknet/src/http_stream.cpp:511:113:[m[K [01;35m[Kwarning: [m[Kformat ‘[01m[K%zu[m[K’ expects argument of type ‘[01m[Ksize_t[m[K’, but argument 3 has type ‘[01m[Kint[m[K’ [[01;35m[K-Wformat=[m[K]
[250.413s]                  sprintf(head, "--mjpegstream\r\nContent-Type: image/jpeg\r\nContent-Length: %zu\r\n\r\n", outlen[01;35m[K)[m[K;
[250.414s]                                                                                                                  [01;35m[K^[m[K
[251.179s] [ 60%] [32mBuilding C object CMakeFiles/darknet_ros_lib.dir/home/hansol/ros2_ws/src/darknet_ros/darknet/src/layer.c.o[0m
[254.765s] [ 61%] [32mBuilding C object CMakeFiles/darknet_ros_lib.dir/home/hansol/ros2_ws/src/darknet_ros/darknet/src/list.c.o[0m
[255.161s] [ 62%] [32mBuilding C object CMakeFiles/darknet_ros_lib.dir/home/hansol/ros2_ws/src/darknet_ros/darknet/src/local_layer.c.o[0m
[256.089s] [ 64%] [32mBuilding C object CMakeFiles/darknet_ros_lib.dir/home/hansol/ros2_ws/src/darknet_ros/darknet/src/lstm_layer.c.o[0m
[259.237s] [ 65%] [32mBuilding C object CMakeFiles/darknet_ros_lib.dir/home/hansol/ros2_ws/src/darknet_ros/darknet/src/matrix.c.o[0m
[260.844s] [ 66%] [32mBuilding C object CMakeFiles/darknet_ros_lib.dir/home/hansol/ros2_ws/src/darknet_ros/darknet/src/maxpool_layer.c.o[0m
[262.145s] [ 67%] [32mBuilding C object CMakeFiles/darknet_ros_lib.dir/home/hansol/ros2_ws/src/darknet_ros/darknet/src/network.c.o[0m
[262.454s] [01m[K/home/hansol/ros2_ws/src/darknet_ros/darknet/src/network.c:[m[K In function ‘[01m[Kresize_network[m[K’:
[262.456s] [01m[K/home/hansol/ros2_ws/src/darknet_ros/darknet/src/network.c:660:42:[m[K [01;35m[Kwarning: [m[Kpassing argument 1 of ‘[01m[KcudaHostAlloc[m[K’ from incompatible pointer type [[01;35m[K-Wincompatible-pointer-types[m[K]
[262.457s]          if (cudaSuccess == cudaHostAlloc([01;35m[K&[m[Knet->input_pinned_cpu, size * sizeof(float), cudaHostRegisterMapped))
[262.457s]                                           [01;35m[K^[m[K
[262.458s] In file included from [01m[K/usr/local/cuda-10.2/include/cuda_runtime.h:96:0[m[K,
[262.459s]                  from [01m[K/home/hansol/ros2_ws/src/darknet_ros/darknet/include/darknet.h:41[m[K,
[262.460s]                  from [01m[K/home/hansol/ros2_ws/src/darknet_ros/darknet/src/network.c:1[m[K:
[262.461s] [01m[K/usr/local/cuda-10.2/include/cuda_runtime_api.h:4575:39:[m[K [01;36m[Knote: [m[Kexpected ‘[01m[Kvoid **[m[K’ but argument is of type ‘[01m[Kfloat **[m[K’
[262.461s]  extern __host__ cudaError_t CUDARTAPI [01;36m[KcudaHostAlloc[m[K(void **pHost, size_t size, unsigned int flags);
[262.462s]                                        [01;36m[K^~~~~~~~~~~~~[m[K
[264.782s] [ 68%] [32mBuilding C object CMakeFiles/darknet_ros_lib.dir/home/hansol/ros2_ws/src/darknet_ros/darknet/src/nightmare.c.o[0m
[266.012s] [ 69%] [32mBuilding C object CMakeFiles/darknet_ros_lib.dir/home/hansol/ros2_ws/src/darknet_ros/darknet/src/normalization_layer.c.o[0m
[266.609s] [ 70%] [32mBuilding C object CMakeFiles/darknet_ros_lib.dir/home/hansol/ros2_ws/src/darknet_ros/darknet/src/option_list.c.o[0m
[267.058s] [ 71%] [32mBuilding C object CMakeFiles/darknet_ros_lib.dir/home/hansol/ros2_ws/src/darknet_ros/darknet/src/parser.c.o[0m
[267.196s] [ 73%] [32mBuilding C object CMakeFiles/darknet_ros_lib.dir/home/hansol/ros2_ws/src/darknet_ros/darknet/src/region_layer.c.o[0m
[267.382s] [01m[K/home/hansol/ros2_ws/src/darknet_ros/darknet/src/parser.c:[m[K In function ‘[01m[Kparse_network_cfg_custom[m[K’:
[267.384s] [01m[K/home/hansol/ros2_ws/src/darknet_ros/darknet/src/parser.c:1777:42:[m[K [01;35m[Kwarning: [m[Kpassing argument 1 of ‘[01m[KcudaHostAlloc[m[K’ from incompatible pointer type [[01;35m[K-Wincompatible-pointer-types[m[K]
[267.385s]          if (cudaSuccess == cudaHostAlloc([01;35m[K&[m[Knet.input_pinned_cpu, size * sizeof(float), cudaHostRegisterMapped)) net.input_pinned_cpu_flag = 1;
[267.386s]                                           [01;35m[K^[m[K
[267.387s] In file included from [01m[K/usr/local/cuda-10.2/include/cuda_runtime.h:96:0[m[K,
[267.388s]                  from [01m[K/home/hansol/ros2_ws/src/darknet_ros/darknet/include/darknet.h:41[m[K,
[267.388s]                  from [01m[K/home/hansol/ros2_ws/src/darknet_ros/darknet/src/activations.h:3[m[K,
[267.389s]                  from [01m[K/home/hansol/ros2_ws/src/darknet_ros/darknet/src/activation_layer.h:4[m[K,
[267.390s]                  from [01m[K/home/hansol/ros2_ws/src/darknet_ros/darknet/src/parser.c:6[m[K:
[267.390s] [01m[K/usr/local/cuda-10.2/include/cuda_runtime_api.h:4575:39:[m[K [01;36m[Knote: [m[Kexpected ‘[01m[Kvoid **[m[K’ but argument is of type ‘[01m[Kfloat **[m[K’
[267.391s]  extern __host__ cudaError_t CUDARTAPI [01;36m[KcudaHostAlloc[m[K(void **pHost, size_t size, unsigned int flags);
[267.392s]                                        [01;36m[K^~~~~~~~~~~~~[m[K
[267.447s] [01m[K/home/hansol/ros2_ws/src/darknet_ros/darknet/src/parser.c:[m[K In function ‘[01m[Kload_connected_weights[m[K’:
[267.450s] [01m[K/home/hansol/ros2_ws/src/darknet_ros/darknet/src/parser.c:2111:5:[m[K [01;35m[Kwarning: [m[Kignoring return value of ‘[01m[Kfread[m[K’, declared with attribute warn_unused_result [[01;35m[K-Wunused-result[m[K]
[267.452s]      [01;35m[Kfread(l.biases, sizeof(float), l.outputs, fp)[m[K;
[267.452s]      [01;35m[K^~~~~~~~~~~~~~~~~~~~~~~~~~~~~~~~~~~~~~~~~~~~~[m[K
[267.453s] [01m[K/home/hansol/ros2_ws/src/darknet_ros/darknet/src/parser.c:2112:5:[m[K [01;35m[Kwarning: [m[Kignoring return value of ‘[01m[Kfread[m[K’, declared with attribute warn_unused_result [[01;35m[K-Wunused-result[m[K]
[267.455s]      [01;35m[Kfread(l.weights, sizeof(float), l.outputs*l.inputs, fp)[m[K;
[267.456s]      [01;35m[K^~~~~~~~~~~~~~~~~~~~~~~~~~~~~~~~~~~~~~~~~~~~~~~~~~~~~~~[m[K
[267.456s] [01m[K/home/hansol/ros2_ws/src/darknet_ros/darknet/src/parser.c:2119:9:[m[K [01;35m[Kwarning: [m[Kignoring return value of ‘[01m[Kfread[m[K’, declared with attribute warn_unused_result [[01;35m[K-Wunused-result[m[K]
[267.457s]          [01;35m[Kfread(l.scales, sizeof(float), l.outputs, fp)[m[K;
[267.458s]          [01;35m[K^~~~~~~~~~~~~~~~~~~~~~~~~~~~~~~~~~~~~~~~~~~~~[m[K
[267.458s] [01m[K/home/hansol/ros2_ws/src/darknet_ros/darknet/src/parser.c:2120:9:[m[K [01;35m[Kwarning: [m[Kignoring return value of ‘[01m[Kfread[m[K’, declared with attribute warn_unused_result [[01;35m[K-Wunused-result[m[K]
[267.459s]          [01;35m[Kfread(l.rolling_mean, sizeof(float), l.outputs, fp)[m[K;
[267.460s]          [01;35m[K^~~~~~~~~~~~~~~~~~~~~~~~~~~~~~~~~~~~~~~~~~~~~~~~~~~[m[K
[267.461s] [01m[K/home/hansol/ros2_ws/src/darknet_ros/darknet/src/parser.c:2121:9:[m[K [01;35m[Kwarning: [m[Kignoring return value of ‘[01m[Kfread[m[K’, declared with attribute warn_unused_result [[01;35m[K-Wunused-result[m[K]
[267.462s]          [01;35m[Kfread(l.rolling_variance, sizeof(float), l.outputs, fp)[m[K;
[267.463s]          [01;35m[K^~~~~~~~~~~~~~~~~~~~~~~~~~~~~~~~~~~~~~~~~~~~~~~~~~~~~~~[m[K
[267.463s] [01m[K/home/hansol/ros2_ws/src/darknet_ros/darknet/src/parser.c:[m[K In function ‘[01m[Kload_batchnorm_weights[m[K’:
[267.473s] [01m[K/home/hansol/ros2_ws/src/darknet_ros/darknet/src/parser.c:2135:5:[m[K [01;35m[Kwarning: [m[Kignoring return value of ‘[01m[Kfread[m[K’, declared with attribute warn_unused_result [[01;35m[K-Wunused-result[m[K]
[267.473s]      [01;35m[Kfread(l.biases, sizeof(float), l.c, fp)[m[K;
[267.474s]      [01;35m[K^~~~~~~~~~~~~~~~~~~~~~~~~~~~~~~~~~~~~~~[m[K
[267.475s] [01m[K/home/hansol/ros2_ws/src/darknet_ros/darknet/src/parser.c:2136:5:[m[K [01;35m[Kwarning: [m[Kignoring return value of ‘[01m[Kfread[m[K’, declared with attribute warn_unused_result [[01;35m[K-Wunused-result[m[K]
[267.475s]      [01;35m[Kfread(l.scales, sizeof(float), l.c, fp)[m[K;
[267.476s]      [01;35m[K^~~~~~~~~~~~~~~~~~~~~~~~~~~~~~~~~~~~~~~[m[K
[267.477s] [01m[K/home/hansol/ros2_ws/src/darknet_ros/darknet/src/parser.c:2137:5:[m[K [01;35m[Kwarning: [m[Kignoring return value of ‘[01m[Kfread[m[K’, declared with attribute warn_unused_result [[01;35m[K-Wunused-result[m[K]
[267.477s]      [01;35m[Kfread(l.rolling_mean, sizeof(float), l.c, fp)[m[K;
[267.478s]      [01;35m[K^~~~~~~~~~~~~~~~~~~~~~~~~~~~~~~~~~~~~~~~~~~~~[m[K
[267.479s] [01m[K/home/hansol/ros2_ws/src/darknet_ros/darknet/src/parser.c:2138:5:[m[K [01;35m[Kwarning: [m[Kignoring return value of ‘[01m[Kfread[m[K’, declared with attribute warn_unused_result [[01;35m[K-Wunused-result[m[K]
[267.480s]      [01;35m[Kfread(l.rolling_variance, sizeof(float), l.c, fp)[m[K;
[267.480s]      [01;35m[K^~~~~~~~~~~~~~~~~~~~~~~~~~~~~~~~~~~~~~~~~~~~~~~~~[m[K
[267.481s] [01m[K/home/hansol/ros2_ws/src/darknet_ros/darknet/src/parser.c:[m[K In function ‘[01m[Kload_convolutional_weights_binary[m[K’:
[267.482s] [01m[K/home/hansol/ros2_ws/src/darknet_ros/darknet/src/parser.c:2148:5:[m[K [01;35m[Kwarning: [m[Kignoring return value of ‘[01m[Kfread[m[K’, declared with attribute warn_unused_result [[01;35m[K-Wunused-result[m[K]
[267.482s]      [01;35m[Kfread(l.biases, sizeof(float), l.n, fp)[m[K;
[267.483s]      [01;35m[K^~~~~~~~~~~~~~~~~~~~~~~~~~~~~~~~~~~~~~~[m[K
[267.496s] [01m[K/home/hansol/ros2_ws/src/darknet_ros/darknet/src/parser.c:2150:9:[m[K [01;35m[Kwarning: [m[Kignoring return value of ‘[01m[Kfread[m[K’, declared with attribute warn_unused_result [[01;35m[K-Wunused-result[m[K]
[267.497s]          [01;35m[Kfread(l.scales, sizeof(float), l.n, fp)[m[K;
[267.498s]          [01;35m[K^~~~~~~~~~~~~~~~~~~~~~~~~~~~~~~~~~~~~~~[m[K
[267.499s] [01m[K/home/hansol/ros2_ws/src/darknet_ros/darknet/src/parser.c:2151:9:[m[K [01;35m[Kwarning: [m[Kignoring return value of ‘[01m[Kfread[m[K’, declared with attribute warn_unused_result [[01;35m[K-Wunused-result[m[K]
[267.499s]          [01;35m[Kfread(l.rolling_mean, sizeof(float), l.n, fp)[m[K;
[267.500s]          [01;35m[K^~~~~~~~~~~~~~~~~~~~~~~~~~~~~~~~~~~~~~~~~~~~~[m[K
[267.501s] [01m[K/home/hansol/ros2_ws/src/darknet_ros/darknet/src/parser.c:2152:9:[m[K [01;35m[Kwarning: [m[Kignoring return value of ‘[01m[Kfread[m[K’, declared with attribute warn_unused_result [[01;35m[K-Wunused-result[m[K]
[267.502s]          [01;35m[Kfread(l.rolling_variance, sizeof(float), l.n, fp)[m[K;
[267.502s]          [01;35m[K^~~~~~~~~~~~~~~~~~~~~~~~~~~~~~~~~~~~~~~~~~~~~~~~~[m[K
[267.503s] [01m[K/home/hansol/ros2_ws/src/darknet_ros/darknet/src/parser.c:2158:9:[m[K [01;35m[Kwarning: [m[Kignoring return value of ‘[01m[Kfread[m[K’, declared with attribute warn_unused_result [[01;35m[K-Wunused-result[m[K]
[267.504s]          [01;35m[Kfread(&mean, sizeof(float), 1, fp)[m[K;
[267.504s]          [01;35m[K^~~~~~~~~~~~~~~~~~~~~~~~~~~~~~~~~~[m[K
[267.505s] [01m[K/home/hansol/ros2_ws/src/darknet_ros/darknet/src/parser.c:2162:13:[m[K [01;35m[Kwarning: [m[Kignoring return value of ‘[01m[Kfread[m[K’, declared with attribute warn_unused_result [[01;35m[K-Wunused-result[m[K]
[267.506s]              [01;35m[Kfread(&c, sizeof(char), 1, fp)[m[K;
[267.506s]              [01;35m[K^~~~~~~~~~~~~~~~~~~~~~~~~~~~~~[m[K
[267.507s] [01m[K/home/hansol/ros2_ws/src/darknet_ros/darknet/src/parser.c:[m[K In function ‘[01m[Kload_weights_upto[m[K’:
[267.520s] [01m[K/home/hansol/ros2_ws/src/darknet_ros/darknet/src/parser.c:2273:5:[m[K [01;35m[Kwarning: [m[Kignoring return value of ‘[01m[Kfread[m[K’, declared with attribute warn_unused_result [[01;35m[K-Wunused-result[m[K]
[267.521s]      [01;35m[Kfread(&major, sizeof(int), 1, fp)[m[K;
[267.522s]      [01;35m[K^~~~~~~~~~~~~~~~~~~~~~~~~~~~~~~~~[m[K
[267.522s] [01m[K/home/hansol/ros2_ws/src/darknet_ros/darknet/src/parser.c:2274:5:[m[K [01;35m[Kwarning: [m[Kignoring return value of ‘[01m[Kfread[m[K’, declared with attribute warn_unused_result [[01;35m[K-Wunused-result[m[K]
[267.523s]      [01;35m[Kfread(&minor, sizeof(int), 1, fp)[m[K;
[267.524s]      [01;35m[K^~~~~~~~~~~~~~~~~~~~~~~~~~~~~~~~~[m[K
[267.524s] [01m[K/home/hansol/ros2_ws/src/darknet_ros/darknet/src/parser.c:2275:5:[m[K [01;35m[Kwarning: [m[Kignoring return value of ‘[01m[Kfread[m[K’, declared with attribute warn_unused_result [[01;35m[K-Wunused-result[m[K]
[267.525s]      [01;35m[Kfread(&revision, sizeof(int), 1, fp)[m[K;
[267.526s]      [01;35m[K^~~~~~~~~~~~~~~~~~~~~~~~~~~~~~~~~~~~[m[K
[267.526s] [01m[K/home/hansol/ros2_ws/src/darknet_ros/darknet/src/parser.c:2279:9:[m[K [01;35m[Kwarning: [m[Kignoring return value of ‘[01m[Kfread[m[K’, declared with attribute warn_unused_result [[01;35m[K-Wunused-result[m[K]
[267.527s]          [01;35m[Kfread(&iseen, sizeof(uint64_t), 1, fp)[m[K;
[267.528s]          [01;35m[K^~~~~~~~~~~~~~~~~~~~~~~~~~~~~~~~~~~~~~[m[K
[267.529s] [01m[K/home/hansol/ros2_ws/src/darknet_ros/darknet/src/parser.c:2285:9:[m[K [01;35m[Kwarning: [m[Kignoring return value of ‘[01m[Kfread[m[K’, declared with attribute warn_unused_result [[01;35m[K-Wunused-result[m[K]
[267.529s]          [01;35m[Kfread(&iseen, sizeof(uint32_t), 1, fp)[m[K;
[267.530s]          [01;35m[K^~~~~~~~~~~~~~~~~~~~~~~~~~~~~~~~~~~~~~[m[K
[267.531s] [01m[K/home/hansol/ros2_ws/src/darknet_ros/darknet/src/parser.c:2359:13:[m[K [01;35m[Kwarning: [m[Kignoring return value of ‘[01m[Kfread[m[K’, declared with attribute warn_unused_result [[01;35m[K-Wunused-result[m[K]
[267.544s]              [01;35m[Kfread(l.biases, sizeof(float), l.outputs, fp)[m[K;
[267.544s]              [01;35m[K^~~~~~~~~~~~~~~~~~~~~~~~~~~~~~~~~~~~~~~~~~~~~[m[K
[267.545s] [01m[K/home/hansol/ros2_ws/src/darknet_ros/darknet/src/parser.c:2360:13:[m[K [01;35m[Kwarning: [m[Kignoring return value of ‘[01m[Kfread[m[K’, declared with attribute warn_unused_result [[01;35m[K-Wunused-result[m[K]
[267.546s]              [01;35m[Kfread(l.weights, sizeof(float), size, fp)[m[K;
[267.547s]              [01;35m[K^~~~~~~~~~~~~~~~~~~~~~~~~~~~~~~~~~~~~~~~~[m[K
[269.334s] [ 74%] [32mBuilding C object CMakeFiles/darknet_ros_lib.dir/home/hansol/ros2_ws/src/darknet_ros/darknet/src/reorg_layer.c.o[0m
[269.797s] [ 75%] [32mBuilding C object CMakeFiles/darknet_ros_lib.dir/home/hansol/ros2_ws/src/darknet_ros/darknet/src/reorg_old_layer.c.o[0m
[270.257s] [ 76%] [32mBuilding C object CMakeFiles/darknet_ros_lib.dir/home/hansol/ros2_ws/src/darknet_ros/darknet/src/rnn.c.o[0m
[270.534s] [01m[K/home/hansol/ros2_ws/src/darknet_ros/darknet/src/rnn.c:[m[K In function ‘[01m[Ktrain_char_rnn[m[K’:
[270.536s] [01m[K/home/hansol/ros2_ws/src/darknet_ros/darknet/src/rnn.c:141:9:[m[K [01;35m[Kwarning: [m[Kignoring return value of ‘[01m[Kfread[m[K’, declared with attribute warn_unused_result [[01;35m[K-Wunused-result[m[K]
[270.537s]          [01;35m[Kfread(text, 1, size, fp)[m[K;
[270.538s]          [01;35m[K^~~~~~~~~~~~~~~~~~~~~~~~[m[K
[271.620s] [ 77%] [32mBuilding C object CMakeFiles/darknet_ros_lib.dir/home/hansol/ros2_ws/src/darknet_ros/darknet/src/rnn_layer.c.o[0m
[272.793s] [ 78%] [32mBuilding C object CMakeFiles/darknet_ros_lib.dir/home/hansol/ros2_ws/src/darknet_ros/darknet/src/rnn_vid.c.o[0m
[273.594s] [ 79%] [32mBuilding C object CMakeFiles/darknet_ros_lib.dir/home/hansol/ros2_ws/src/darknet_ros/darknet/src/route_layer.c.o[0m
[274.199s] [ 80%] [32mBuilding C object CMakeFiles/darknet_ros_lib.dir/home/hansol/ros2_ws/src/darknet_ros/darknet/src/sam_layer.c.o[0m
[274.378s] [ 82%] [32mBuilding C object CMakeFiles/darknet_ros_lib.dir/home/hansol/ros2_ws/src/darknet_ros/darknet/src/scale_channels_layer.c.o[0m
[274.851s] [ 83%] [32mBuilding C object CMakeFiles/darknet_ros_lib.dir/home/hansol/ros2_ws/src/darknet_ros/darknet/src/shortcut_layer.c.o[0m
[275.011s] [ 84%] [32mBuilding C object CMakeFiles/darknet_ros_lib.dir/home/hansol/ros2_ws/src/darknet_ros/darknet/src/softmax_layer.c.o[0m
[275.269s] [01m[K/home/hansol/ros2_ws/src/darknet_ros/darknet/src/softmax_layer.c:[m[K In function ‘[01m[Kmake_contrastive_layer[m[K’:
[275.271s] [01m[K/home/hansol/ros2_ws/src/darknet_ros/darknet/src/softmax_layer.c:203:101:[m[K [01;35m[Kwarning: [m[Kformat ‘[01m[K%d[m[K’ expects argument of type ‘[01m[Kint[m[K’, but argument 9 has type ‘[01m[Ksize_t {aka const long unsigned int}[m[K’ [[01;35m[K-Wformat=[m[K]
[275.272s]  %4d x%4d x%4d x emb_size %4d x batch: %4d  classes = %4d, step = [01;35m[K%4d[m[K \n", w, h, l.n, l.embedding_size, batch, l.classes, step);
[275.273s]                                                                   [01;35m[K~~^[m[K
[275.274s]                                                                                                    [32m[K%4ld[m[K
[275.280s] [01m[K/home/hansol/ros2_ws/src/darknet_ros/darknet/src/softmax_layer.c:[m[K In function ‘[01m[Kforward_contrastive_layer[m[K’:
[275.281s] [01m[K/home/hansol/ros2_ws/src/darknet_ros/darknet/src/softmax_layer.c:423:71:[m[K [01;35m[Kwarning: [m[Kformat ‘[01m[K%d[m[K’ expects argument of type ‘[01m[Kint[m[K’, but argument 2 has type ‘[01m[Ksize_t {aka const long unsigned int}[m[K’ [[01;35m[K-Wformat=[m[K]
[275.282s]           printf(" Error: too large number of bboxes: contr_size = [01;35m[K%d[m[K > max_contr_size  = %d \n", contr_size, max_contr_size);
[275.283s]                                                                    [01;35m[K~^[m[K
[275.285s]                                                                       [32m[K%ld[m[K
[275.697s] [ 85%] [32mBuilding C object CMakeFiles/darknet_ros_lib.dir/home/hansol/ros2_ws/src/darknet_ros/darknet/src/super.c.o[0m
[276.238s] [ 86%] [32mBuilding C object CMakeFiles/darknet_ros_lib.dir/home/hansol/ros2_ws/src/darknet_ros/darknet/src/swag.c.o[0m
[276.702s] [ 87%] [32mBuilding C object CMakeFiles/darknet_ros_lib.dir/home/hansol/ros2_ws/src/darknet_ros/darknet/src/tag.c.o[0m
[276.710s] [ 88%] [32mBuilding C object CMakeFiles/darknet_ros_lib.dir/home/hansol/ros2_ws/src/darknet_ros/darknet/src/tree.c.o[0m
[277.218s] [ 89%] [32mBuilding C object CMakeFiles/darknet_ros_lib.dir/home/hansol/ros2_ws/src/darknet_ros/darknet/src/upsample_layer.c.o[0m
[277.276s] [ 91%] [32mBuilding C object CMakeFiles/darknet_ros_lib.dir/home/hansol/ros2_ws/src/darknet_ros/darknet/src/utils.c.o[0m
[277.588s] [01m[K/home/hansol/ros2_ws/src/darknet_ros/darknet/src/utils.c:[m[K In function ‘[01m[Kfgetl[m[K’:
[277.589s] [01m[K/home/hansol/ros2_ws/src/darknet_ros/darknet/src/utils.c:456:9:[m[K [01;35m[Kwarning: [m[Kignoring return value of ‘[01m[Kfgets[m[K’, declared with attribute warn_unused_result [[01;35m[K-Wunused-result[m[K]
[277.590s]          [01;35m[Kfgets(&line[curr], readsize, fp)[m[K;
[277.592s]          [01;35m[K^~~~~~~~~~~~~~~~~~~~~~~~~~~~~~~~[m[K
[277.693s] [ 92%] [32mBuilding C object CMakeFiles/darknet_ros_lib.dir/home/hansol/ros2_ws/src/darknet_ros/darknet/src/voxel.c.o[0m
[277.848s] [ 93%] [32mBuilding C object CMakeFiles/darknet_ros_lib.dir/home/hansol/ros2_ws/src/darknet_ros/darknet/src/writing.c.o[0m
[278.297s] [ 94%] [32mBuilding C object CMakeFiles/darknet_ros_lib.dir/home/hansol/ros2_ws/src/darknet_ros/darknet/src/yolo.c.o[0m
[278.414s] [ 95%] [32mBuilding C object CMakeFiles/darknet_ros_lib.dir/home/hansol/ros2_ws/src/darknet_ros/darknet/src/yolo_layer.c.o[0m
[278.682s] [01m[K/home/hansol/ros2_ws/src/darknet_ros/darknet/src/yolo_layer.c:[m[K In function ‘[01m[Kmake_yolo_layer[m[K’:
[278.684s] [01m[K/home/hansol/ros2_ws/src/darknet_ros/darknet/src/yolo_layer.c:68:38:[m[K [01;35m[Kwarning: [m[Kpassing argument 1 of ‘[01m[KcudaHostAlloc[m[K’ from incompatible pointer type [[01;35m[K-Wincompatible-pointer-types[m[K]
[278.685s]      if (cudaSuccess == cudaHostAlloc([01;35m[K&[m[Kl.output, batch*l.outputs*sizeof(float), cudaHostRegisterMapped)) l.output_pinned = 1;
[278.686s]                                       [01;35m[K^[m[K
[278.688s] In file included from [01m[K/usr/local/cuda-10.2/include/cuda_runtime.h:96:0[m[K,
[278.689s]                  from [01m[K/home/hansol/ros2_ws/src/darknet_ros/darknet/include/darknet.h:41[m[K,
[278.690s]                  from [01m[K/home/hansol/ros2_ws/src/darknet_ros/darknet/src/activations.h:3[m[K,
[278.691s]                  from [01m[K/home/hansol/ros2_ws/src/darknet_ros/darknet/src/layer.h:4[m[K,
[278.692s]                  from [01m[K/home/hansol/ros2_ws/src/darknet_ros/darknet/src/yolo_layer.h:5[m[K,
[278.694s]                  from [01m[K/home/hansol/ros2_ws/src/darknet_ros/darknet/src/yolo_layer.c:1[m[K:
[278.695s] [01m[K/usr/local/cuda-10.2/include/cuda_runtime_api.h:4575:39:[m[K [01;36m[Knote: [m[Kexpected ‘[01m[Kvoid **[m[K’ but argument is of type ‘[01m[Kfloat **[m[K’
[278.695s]  extern __host__ cudaError_t CUDARTAPI [01;36m[KcudaHostAlloc[m[K(void **pHost, size_t size, unsigned int flags);
[278.696s]                                        [01;36m[K^~~~~~~~~~~~~[m[K
[278.697s] [01m[K/home/hansol/ros2_ws/src/darknet_ros/darknet/src/yolo_layer.c:75:38:[m[K [01;35m[Kwarning: [m[Kpassing argument 1 of ‘[01m[KcudaHostAlloc[m[K’ from incompatible pointer type [[01;35m[K-Wincompatible-pointer-types[m[K]
[278.697s]      if (cudaSuccess == cudaHostAlloc([01;35m[K&[m[Kl.delta, batch*l.outputs*sizeof(float), cudaHostRegisterMapped)) l.delta_pinned = 1;
[278.698s]                                       [01;35m[K^[m[K
[278.699s] In file included from [01m[K/usr/local/cuda-10.2/include/cuda_runtime.h:96:0[m[K,
[278.700s]                  from [01m[K/home/hansol/ros2_ws/src/darknet_ros/darknet/include/darknet.h:41[m[K,
[278.707s]                  from [01m[K/home/hansol/ros2_ws/src/darknet_ros/darknet/src/activations.h:3[m[K,
[278.708s]                  from [01m[K/home/hansol/ros2_ws/src/darknet_ros/darknet/src/layer.h:4[m[K,
[278.708s]                  from [01m[K/home/hansol/ros2_ws/src/darknet_ros/darknet/src/yolo_layer.h:5[m[K,
[278.709s]                  from [01m[K/home/hansol/ros2_ws/src/darknet_ros/darknet/src/yolo_layer.c:1[m[K:
[278.710s] [01m[K/usr/local/cuda-10.2/include/cuda_runtime_api.h:4575:39:[m[K [01;36m[Knote: [m[Kexpected ‘[01m[Kvoid **[m[K’ but argument is of type ‘[01m[Kfloat **[m[K’
[278.711s]  extern __host__ cudaError_t CUDARTAPI [01;36m[KcudaHostAlloc[m[K(void **pHost, size_t size, unsigned int flags);
[278.711s]                                        [01;36m[K^~~~~~~~~~~~~[m[K
[278.712s] [01m[K/home/hansol/ros2_ws/src/darknet_ros/darknet/src/yolo_layer.c:[m[K In function ‘[01m[Kresize_yolo_layer[m[K’:
[278.713s] [01m[K/home/hansol/ros2_ws/src/darknet_ros/darknet/src/yolo_layer.c:106:42:[m[K [01;35m[Kwarning: [m[Kpassing argument 1 of ‘[01m[KcudaHostAlloc[m[K’ from incompatible pointer type [[01;35m[K-Wincompatible-pointer-types[m[K]
[278.714s]          if (cudaSuccess != cudaHostAlloc([01;35m[K&[m[Kl->output, l->batch*l->outputs * sizeof(float), cudaHostRegisterMapped)) {
[278.714s]                                           [01;35m[K^[m[K
[278.715s] In file included from [01m[K/usr/local/cuda-10.2/include/cuda_runtime.h:96:0[m[K,
[278.728s]                  from [01m[K/home/hansol/ros2_ws/src/darknet_ros/darknet/include/darknet.h:41[m[K,
[278.729s]                  from [01m[K/home/hansol/ros2_ws/src/darknet_ros/darknet/src/activations.h:3[m[K,
[278.730s]                  from [01m[K/home/hansol/ros2_ws/src/darknet_ros/darknet/src/layer.h:4[m[K,
[278.730s]                  from [01m[K/home/hansol/ros2_ws/src/darknet_ros/darknet/src/yolo_layer.h:5[m[K,
[278.734s]                  from [01m[K/home/hansol/ros2_ws/src/darknet_ros/darknet/src/yolo_layer.c:1[m[K:
[278.735s] [01m[K/usr/local/cuda-10.2/include/cuda_runtime_api.h:4575:39:[m[K [01;36m[Knote: [m[Kexpected ‘[01m[Kvoid **[m[K’ but argument is of type ‘[01m[Kfloat **[m[K’
[278.736s]  extern __host__ cudaError_t CUDARTAPI [01;36m[KcudaHostAlloc[m[K(void **pHost, size_t size, unsigned int flags);
[278.736s]                                        [01;36m[K^~~~~~~~~~~~~[m[K
[278.737s] [01m[K/home/hansol/ros2_ws/src/darknet_ros/darknet/src/yolo_layer.c:115:42:[m[K [01;35m[Kwarning: [m[Kpassing argument 1 of ‘[01m[KcudaHostAlloc[m[K’ from incompatible pointer type [[01;35m[K-Wincompatible-pointer-types[m[K]
[278.738s]          if (cudaSuccess != cudaHostAlloc([01;35m[K&[m[Kl->delta, l->batch*l->outputs * sizeof(float), cudaHostRegisterMapped)) {
[278.738s]                                           [01;35m[K^[m[K
[278.739s] In file included from [01m[K/usr/local/cuda-10.2/include/cuda_runtime.h:96:0[m[K,
[278.740s]                  from [01m[K/home/hansol/ros2_ws/src/darknet_ros/darknet/include/darknet.h:41[m[K,
[278.741s]                  from [01m[K/home/hansol/ros2_ws/src/darknet_ros/darknet/src/activations.h:3[m[K,
[278.741s]                  from [01m[K/home/hansol/ros2_ws/src/darknet_ros/darknet/src/layer.h:4[m[K,
[278.742s]                  from [01m[K/home/hansol/ros2_ws/src/darknet_ros/darknet/src/yolo_layer.h:5[m[K,
[278.742s]                  from [01m[K/home/hansol/ros2_ws/src/darknet_ros/darknet/src/yolo_layer.c:1[m[K:
[278.743s] [01m[K/usr/local/cuda-10.2/include/cuda_runtime_api.h:4575:39:[m[K [01;36m[Knote: [m[Kexpected ‘[01m[Kvoid **[m[K’ but argument is of type ‘[01m[Kfloat **[m[K’
[278.760s]  extern __host__ cudaError_t CUDARTAPI [01;36m[KcudaHostAlloc[m[K(void **pHost, size_t size, unsigned int flags);
[278.761s]                                        [01;36m[K^~~~~~~~~~~~~[m[K
[278.774s] [01m[K/home/hansol/ros2_ws/src/darknet_ros/darknet/src/yolo_layer.c:[m[K In function ‘[01m[Kprocess_batch[m[K’:
[278.774s] [01m[K/home/hansol/ros2_ws/src/darknet_ros/darknet/src/yolo_layer.c:516:17:[m[K [01;35m[Kwarning: [m[Kignoring return value of ‘[01m[Ksystem[m[K’, declared with attribute warn_unused_result [[01;35m[K-Wunused-result[m[K]
[278.775s]                  [01;35m[Ksystem(buff)[m[K;
[278.776s]                  [01;35m[K^~~~~~~~~~~~[m[K
[279.433s] [ 96%] [32mBuilding C object CMakeFiles/darknet_ros_lib.dir/home/hansol/ros2_ws/src/darknet_ros/darknet/src/representation_layer.c.o[0m
[298.269s] [ 97%] [32m[1mLinking CXX static library libdarknet_ros_lib.a[0m
[299.685s] [ 97%] Built target darknet_ros_lib
[299.724s] [ 98%] [32mBuilding CXX object CMakeFiles/darknet_ros.dir/src/yolo_object_detector_node.cpp.o[0m
[310.017s] [100%] [32m[1mLinking CXX executable darknet_ros[0m
[313.900s] /usr/bin/ld: warning: libopencv_imgcodecs.so.3.2, needed by /opt/ros/dashing/lib/libcv_bridge.so, may conflict with libopencv_imgcodecs.so.4.5
[313.901s] /usr/bin/ld: warning: libopencv_imgproc.so.3.2, needed by /opt/ros/dashing/lib/libcv_bridge.so, may conflict with libopencv_imgproc.so.4.5
[313.901s] /usr/bin/ld: warning: libopencv_core.so.3.2, needed by /opt/ros/dashing/lib/libcv_bridge.so, may conflict with libopencv_core.so.4.5
[313.916s] [100%] Built target darknet_ros
[313.943s] Invoked command in '/home/hansol/ros2_ws/build/darknet_ros' returned '0': CMAKE_PREFIX_PATH=/home/hansol/ros2_ws/install/darknet_ros_msgs:/home/hansol/ros2_ws/install/darknet_ros:/home/hansol/ros2_ws/install/Darknet:/opt/ros/dashing LD_LIBRARY_PATH=/home/hansol/ros2_ws/install/darknet_ros_msgs/lib:/home/hansol/ros2_ws/install/darknet_ros/lib:/opt/ros/dashing/lib:/usr/local/cuda-10.2/lib64 /usr/local/bin/cmake --build /home/hansol/ros2_ws/build/darknet_ros -- -j4 -l4
[314.530s] Invoking command in '/home/hansol/ros2_ws/build/darknet_ros': CMAKE_PREFIX_PATH=/home/hansol/ros2_ws/install/darknet_ros_msgs:/home/hansol/ros2_ws/install/darknet_ros:/home/hansol/ros2_ws/install/Darknet:/opt/ros/dashing LD_LIBRARY_PATH=/home/hansol/ros2_ws/install/darknet_ros_msgs/lib:/home/hansol/ros2_ws/install/darknet_ros/lib:/opt/ros/dashing/lib:/usr/local/cuda-10.2/lib64 /usr/local/bin/cmake --install /home/hansol/ros2_ws/build/darknet_ros
[314.551s] -- Install configuration: ""
[314.552s] -- Installing: /home/hansol/ros2_ws/install/darknet_ros/lib/libdarknet_ros_lib.a
[314.744s] -- Installing: /home/hansol/ros2_ws/install/darknet_ros/lib/darknet_ros/darknet_ros
[314.847s] -- Set non-toolchain portion of runtime path of "/home/hansol/ros2_ws/install/darknet_ros/lib/darknet_ros/darknet_ros" to ""
[314.848s] -- Installing: /home/hansol/ros2_ws/install/darknet_ros/include/
[314.849s] -- Installing: /home/hansol/ros2_ws/install/darknet_ros/include//darknet_ros
[314.849s] -- Installing: /home/hansol/ros2_ws/install/darknet_ros/include//darknet_ros/constants.h
[314.856s] -- Installing: /home/hansol/ros2_ws/install/darknet_ros/share/darknet_ros/yolo_network_config//cfg
[314.856s] -- Installing: /home/hansol/ros2_ws/install/darknet_ros/share/darknet_ros/yolo_network_config//cfg/yolov4-csp.cfg
[314.857s] -- Installing: /home/hansol/ros2_ws/install/darknet_ros/share/darknet_ros/yolo_network_config//cfg/yolov3.cfg
[314.857s] -- Installing: /home/hansol/ros2_ws/install/darknet_ros/share/darknet_ros/yolo_network_config//cfg/yolov2-tiny.cfg
[314.858s] -- Installing: /home/hansol/ros2_ws/install/darknet_ros/share/darknet_ros/yolo_network_config//cfg/yolov4.cfg
[314.859s] -- Installing: /home/hansol/ros2_ws/install/darknet_ros/share/darknet_ros/yolo_network_config//cfg/yolov4-tiny.cfg
[314.859s] -- Installing: /home/hansol/ros2_ws/install/darknet_ros/share/darknet_ros/yolo_network_config//cfg/yolov7-tiny.cfg
[314.860s] -- Installing: /home/hansol/ros2_ws/install/darknet_ros/share/darknet_ros/yolo_network_config//weights
[314.860s] -- Installing: /home/hansol/ros2_ws/install/darknet_ros/share/darknet_ros/yolo_network_config//weights/yolov4-tiny.weights
[314.979s] -- Installing: /home/hansol/ros2_ws/install/darknet_ros/share/darknet_ros/yolo_network_config//weights/yolov7-tiny.weights
[315.258s] -- Installing: /home/hansol/ros2_ws/install/darknet_ros/share/darknet_ros/yolo_network_config//weights/yolov4-csp.weights
[317.526s] -- Installing: /home/hansol/ros2_ws/install/darknet_ros/share/darknet_ros/yolo_network_config//weights/.gitignore
[317.528s] -- Installing: /home/hansol/ros2_ws/install/darknet_ros/share/darknet_ros/yolo_network_config//weights/how_to_download_weights.txt
[317.529s] -- Installing: /home/hansol/ros2_ws/install/darknet_ros/share/darknet_ros//launch
[317.529s] -- Installing: /home/hansol/ros2_ws/install/darknet_ros/share/darknet_ros//launch/yolov4-csp.launch.py
[317.530s] -- Installing: /home/hansol/ros2_ws/install/darknet_ros/share/darknet_ros//launch/darknet_ros.launch.py
[317.530s] -- Installing: /home/hansol/ros2_ws/install/darknet_ros/share/darknet_ros//launch/yolov7-tiny.launch.py
[317.531s] -- Installing: /home/hansol/ros2_ws/install/darknet_ros/share/darknet_ros//launch/yolov4-tiny.launch.py
[317.532s] -- Installing: /home/hansol/ros2_ws/install/darknet_ros/share/darknet_ros//config
[317.532s] -- Installing: /home/hansol/ros2_ws/install/darknet_ros/share/darknet_ros//config/yolov4.yaml
[317.533s] -- Installing: /home/hansol/ros2_ws/install/darknet_ros/share/darknet_ros//config/yolov4-tiny.yaml
[317.534s] -- Installing: /home/hansol/ros2_ws/install/darknet_ros/share/darknet_ros//config/yolov7-tiny.yaml
[317.534s] -- Installing: /home/hansol/ros2_ws/install/darknet_ros/share/darknet_ros//config/yolov3.yaml
[317.535s] -- Installing: /home/hansol/ros2_ws/install/darknet_ros/share/darknet_ros//config/yolov4-csp.yaml
[317.535s] -- Installing: /home/hansol/ros2_ws/install/darknet_ros/share/darknet_ros//config/ros.yaml
[317.536s] -- Installing: /home/hansol/ros2_ws/install/darknet_ros/share/darknet_ros//config/yolov2-tiny.yaml
[317.536s] -- Installing: /home/hansol/ros2_ws/install/darknet_ros/share/darknet_ros/environment/library_path.sh
[317.537s] -- Installing: /home/hansol/ros2_ws/install/darknet_ros/share/ament_index/resource_index/package_run_dependencies/darknet_ros
[317.538s] -- Installing: /home/hansol/ros2_ws/install/darknet_ros/share/ament_index/resource_index/parent_prefix_path/darknet_ros
[317.538s] -- Installing: /home/hansol/ros2_ws/install/darknet_ros/share/darknet_ros/environment/ament_prefix_path.sh
[317.539s] -- Installing: /home/hansol/ros2_ws/install/darknet_ros/share/darknet_ros/environment/path.sh
[317.539s] -- Installing: /home/hansol/ros2_ws/install/darknet_ros/share/darknet_ros/local_setup.bash
[317.540s] -- Installing: /home/hansol/ros2_ws/install/darknet_ros/share/darknet_ros/local_setup.sh
[317.541s] -- Installing: /home/hansol/ros2_ws/install/darknet_ros/share/darknet_ros/local_setup.zsh
[317.541s] -- Installing: /home/hansol/ros2_ws/install/darknet_ros/share/ament_index/resource_index/packages/darknet_ros
[317.542s] -- Installing: /home/hansol/ros2_ws/install/darknet_ros/share/darknet_ros/cmake/ament_cmake_export_include_directories-extras.cmake
[317.542s] -- Installing: /home/hansol/ros2_ws/install/darknet_ros/share/darknet_ros/cmake/ament_cmake_export_libraries-extras.cmake
[317.543s] -- Installing: /home/hansol/ros2_ws/install/darknet_ros/share/darknet_ros/cmake/ament_cmake_export_dependencies-extras.cmake
[317.544s] -- Installing: /home/hansol/ros2_ws/install/darknet_ros/share/darknet_ros/cmake/darknet_rosConfig.cmake
[317.545s] -- Installing: /home/hansol/ros2_ws/install/darknet_ros/share/darknet_ros/cmake/darknet_rosConfig-version.cmake
[317.546s] -- Installing: /home/hansol/ros2_ws/install/darknet_ros/share/darknet_ros/package.xml
[317.552s] Invoked command in '/home/hansol/ros2_ws/build/darknet_ros' returned '0': CMAKE_PREFIX_PATH=/home/hansol/ros2_ws/install/darknet_ros_msgs:/home/hansol/ros2_ws/install/darknet_ros:/home/hansol/ros2_ws/install/Darknet:/opt/ros/dashing LD_LIBRARY_PATH=/home/hansol/ros2_ws/install/darknet_ros_msgs/lib:/home/hansol/ros2_ws/install/darknet_ros/lib:/opt/ros/dashing/lib:/usr/local/cuda-10.2/lib64 /usr/local/bin/cmake --install /home/hansol/ros2_ws/build/darknet_ros
