[0.146s] Invoking command in '/home/hansol/ros2_ws/build/darknet_ros': CMAKE_PREFIX_PATH=/home/hansol/ros2_ws/install/darknet_ros_msgs:/home/hansol/ros2_ws/install/realsense_ros2_camera:/home/hansol/ros2_ws/install/realsense_camera_msgs:/home/hansol/ros2_ws/install/darknet_ros:/home/hansol/ros2_ws/install/Darknet:/opt/ros/dashing LD_LIBRARY_PATH=/home/hansol/ros2_ws/install/darknet_ros_msgs/lib:/home/hansol/ros2_ws/install/realsense_camera_msgs/lib:/home/hansol/ros2_ws/install/darknet_ros/lib:/opt/ros/dashing/lib:/usr/local/cuda-10.2/lib64 PYTHONPATH=/home/hansol/ros2_ws/install/darknet_ros_msgs/lib/python3.6/site-packages:/home/hansol/ros2_ws/install/realsense_camera_msgs/lib/python3.6/site-packages:/opt/ros/dashing/lib/python3.6/site-packages /usr/local/bin/cmake --build /home/hansol/ros2_ws/build/darknet_ros -- -j4 -l4
[0.457s] [  1%] [32mBuilding CXX object CMakeFiles/darknet_ros_lib.dir/src/YoloObjectDetector.cpp.o[0m
[11.231s] In file included from [01m[K/usr/include/c++/7/ext/alloc_traits.h:36:0[m[K,
[11.232s]                  from [01m[K/usr/include/c++/7/bits/basic_string.h:40[m[K,
[11.233s]                  from [01m[K/usr/include/c++/7/string:52[m[K,
[11.234s]                  from [01m[K/home/hansol/ros2_ws/src/darknet_ros/darknet_ros/include/darknet_ros/YoloObjectDetector.hpp:13[m[K,
[11.234s]                  from [01m[K/home/hansol/ros2_ws/src/darknet_ros/darknet_ros/src/YoloObjectDetector.cpp:10[m[K:
[11.235s] /usr/include/c++/7/bits/alloc_traits.h: In instantiation of ‘[01m[Kstruct std::allocator_traits<std::allocator<const sensor_msgs::msg::CompressedImage_<std::allocator<void> >&> >[m[K’:
[11.236s] [01m[K/opt/ros/dashing/include/rclcpp/message_memory_strategy.hpp:46:67:[m[K   required from ‘[01m[Kclass rclcpp::message_memory_strategy::MessageMemoryStrategy<const sensor_msgs::msg::CompressedImage_<std::allocator<void> >&, std::allocator<void> >[m[K’
[11.237s] [01m[K/opt/ros/dashing/include/rclcpp/node_impl.hpp:115:1:[m[K   required by substitution of ‘[01m[Ktemplate<class MessageT, class CallbackT, class AllocatorT, class SubscriptionT> std::shared_ptr<SubscriptionT> rclcpp::Node::create_subscription(const string&, const rclcpp::QoS&, CallbackT&&, const rclcpp::SubscriptionOptionsWithAllocator<AllocatorT>&, typename rclcpp::message_memory_strategy::MessageMemoryStrategy<typename rclcpp::subscription_traits::has_message_type<CallbackT>::type, AllocatorT>::SharedPtr) [with MessageT = sensor_msgs::msg::CompressedImage_<std::allocator<void> >; CallbackT = std::_Bind<void (darknet_ros::YoloObjectDetector::*(darknet_ros::YoloObjectDetector*, std::_Placeholder<1>))(const sensor_msgs::msg::CompressedImage_<std::allocator<void> >&)>; AllocatorT = std::allocator<void>; SubscriptionT = rclcpp::Subscription<const sensor_msgs::msg::CompressedImage_<std::allocator<void> >&, std::allocator<void> >][m[K’
[11.238s] [01m[K/home/hansol/ros2_ws/src/darknet_ros/darknet_ros/src/YoloObjectDetector.cpp:190:61:[m[K   required from here
[11.238s] [01m[K/usr/include/c++/7/bits/alloc_traits.h:392:27:[m[K [01;31m[Kerror: [m[Kforming pointer to reference type ‘[01m[Kconst sensor_msgs::msg::CompressedImage_<std::allocator<void> >&[m[K’
[11.239s]        using pointer = _Tp*[01;31m[K;[m[K
[11.240s]                            [01;31m[K^[m[K
[11.241s] [01m[K/usr/include/c++/7/bits/alloc_traits.h:395:39:[m[K [01;31m[Kerror: [m[Kforming pointer to reference type ‘[01m[Kconst sensor_msgs::msg::CompressedImage_<std::allocator<void> >&[m[K’
[11.241s]        using const_pointer = const _Tp*[01;31m[K;[m[K
[11.242s]                                        [01;31m[K^[m[K
[11.250s] In file included from [01m[K/usr/include/c++/7/memory:80:0[m[K,
[11.251s]                  from [01m[K/usr/include/c++/7/thread:39[m[K,
[11.251s]                  from [01m[K/home/hansol/ros2_ws/src/darknet_ros/darknet_ros/include/darknet_ros/YoloObjectDetector.hpp:17[m[K,
[11.252s]                  from [01m[K/home/hansol/ros2_ws/src/darknet_ros/darknet_ros/src/YoloObjectDetector.cpp:10[m[K:
[11.253s] /usr/include/c++/7/bits/unique_ptr.h: In instantiation of ‘[01m[Kstruct std::default_delete<const sensor_msgs::msg::CompressedImage_<std::allocator<void> >&>[m[K’:
[11.254s] [01m[K/opt/ros/dashing/include/rclcpp/message_memory_strategy.hpp:135:18:[m[K   required from ‘[01m[Kclass rclcpp::message_memory_strategy::MessageMemoryStrategy<const sensor_msgs::msg::CompressedImage_<std::allocator<void> >&, std::allocator<void> >[m[K’
[11.255s] [01m[K/opt/ros/dashing/include/rclcpp/node_impl.hpp:115:1:[m[K   required by substitution of ‘[01m[Ktemplate<class MessageT, class CallbackT, class AllocatorT, class SubscriptionT> std::shared_ptr<SubscriptionT> rclcpp::Node::create_subscription(const string&, const rclcpp::QoS&, CallbackT&&, const rclcpp::SubscriptionOptionsWithAllocator<AllocatorT>&, typename rclcpp::message_memory_strategy::MessageMemoryStrategy<typename rclcpp::subscription_traits::has_message_type<CallbackT>::type, AllocatorT>::SharedPtr) [with MessageT = sensor_msgs::msg::CompressedImage_<std::allocator<void> >; CallbackT = std::_Bind<void (darknet_ros::YoloObjectDetector::*(darknet_ros::YoloObjectDetector*, std::_Placeholder<1>))(const sensor_msgs::msg::CompressedImage_<std::allocator<void> >&)>; AllocatorT = std::allocator<void>; SubscriptionT = rclcpp::Subscription<const sensor_msgs::msg::CompressedImage_<std::allocator<void> >&, std::allocator<void> >][m[K’
[11.256s] [01m[K/home/hansol/ros2_ws/src/darknet_ros/darknet_ros/src/YoloObjectDetector.cpp:190:61:[m[K   required from here
[11.257s] [01m[K/usr/include/c++/7/bits/unique_ptr.h:68:9:[m[K [01;31m[Kerror: [m[Kforming pointer to reference type ‘[01m[Kconst sensor_msgs::msg::CompressedImage_<std::allocator<void> >&[m[K’
[11.258s]          [01;31m[Kdefault_delete[m[K(const default_delete<_Up>&) noexcept { }
[11.258s]          [01;31m[K^~~~~~~~~~~~~~[m[K
[11.259s] [01m[K/usr/include/c++/7/bits/unique_ptr.h:72:7:[m[K [01;31m[Kerror: [m[Kforming pointer to reference type ‘[01m[Kconst sensor_msgs::msg::CompressedImage_<std::allocator<void> >&[m[K’
[11.260s]        [01;31m[Koperator[m[K()(_Tp* __ptr) const
[11.261s]        [01;31m[K^~~~~~~~[m[K
[11.315s] [01m[K/home/hansol/ros2_ws/src/darknet_ros/darknet_ros/src/YoloObjectDetector.cpp:[m[K In member function ‘[01m[Kvoid darknet_ros::YoloObjectDetector::init()[m[K’:
[11.316s] [01m[K/home/hansol/ros2_ws/src/darknet_ros/darknet_ros/src/YoloObjectDetector.cpp:190:61:[m[K [01;31m[Kerror: [m[Kno match for ‘[01m[Koperator=[m[K’ (operand types are ‘[01m[Kimage_transport::Subscriber[m[K’ and ‘[01m[Kstd::shared_ptr<rclcpp::Subscription<const sensor_msgs::msg::CompressedImage_<std::allocator<void> >&, std::allocator<void> > >[m[K’)
[11.317s]      std::bind(&YoloObjectDetector::cameraCallback, this, _1)[01;31m[K)[m[K;
[11.318s]                                                              [01;31m[K^[m[K
[11.319s] In file included from [01m[K/opt/ros/dashing/include/image_transport/image_transport.h:48:0[m[K,
[11.319s]                  from [01m[K/home/hansol/ros2_ws/src/darknet_ros/darknet_ros/include/darknet_ros/YoloObjectDetector.hpp:30[m[K,
[11.320s]                  from [01m[K/home/hansol/ros2_ws/src/darknet_ros/darknet_ros/src/YoloObjectDetector.cpp:10[m[K:
[11.321s] [01m[K/opt/ros/dashing/include/image_transport/subscriber.h:63:7:[m[K [01;36m[Knote: [m[Kcandidate: image_transport::Subscriber& image_transport::Subscriber::operator=(const image_transport::Subscriber&)
[11.322s]  class [01;36m[KSubscriber[m[K
[11.322s]        [01;36m[K^~~~~~~~~~[m[K
[11.323s] [01m[K/opt/ros/dashing/include/image_transport/subscriber.h:63:7:[m[K [01;36m[Knote: [m[K  no known conversion for argument 1 from ‘[01m[Kstd::shared_ptr<rclcpp::Subscription<const sensor_msgs::msg::CompressedImage_<std::allocator<void> >&, std::allocator<void> > >[m[K’ to ‘[01m[Kconst image_transport::Subscriber&[m[K’
[11.323s] [01m[K/opt/ros/dashing/include/image_transport/subscriber.h:63:7:[m[K [01;36m[Knote: [m[Kcandidate: image_transport::Subscriber& image_transport::Subscriber::operator=(image_transport::Subscriber&&)
[11.324s] [01m[K/opt/ros/dashing/include/image_transport/subscriber.h:63:7:[m[K [01;36m[Knote: [m[K  no known conversion for argument 1 from ‘[01m[Kstd::shared_ptr<rclcpp::Subscription<const sensor_msgs::msg::CompressedImage_<std::allocator<void> >&, std::allocator<void> > >[m[K’ to ‘[01m[Kimage_transport::Subscriber&&[m[K’
[11.552s] [01m[K/home/hansol/ros2_ws/src/darknet_ros/darknet_ros/src/YoloObjectDetector.cpp:[m[K In member function ‘[01m[Kvoid darknet_ros::YoloObjectDetector::cameraCallback(const CompressedImage&)[m[K’:
[11.553s] [01m[K/home/hansol/ros2_ws/src/darknet_ros/darknet_ros/src/YoloObjectDetector.cpp:245:25:[m[K [01;31m[Kerror: [m[Kbase operand of ‘[01m[K->[m[K’ has non-pointer type ‘[01m[Kconst CompressedImage {aka const sensor_msgs::msg::CompressedImage_<std::allocator<void> >}[m[K’
[11.554s]        imageHeader_ = msg[01;31m[K->[m[Kheader;
[11.554s]                          [01;31m[K^~[m[K
[13.426s] In file included from [01m[K/opt/ros/dashing/include/rclcpp/subscription_base.hpp:28:0[m[K,
[13.428s]                  from [01m[K/opt/ros/dashing/include/rclcpp/intra_process_manager_impl.hpp:38[m[K,
[13.429s]                  from [01m[K/opt/ros/dashing/include/rclcpp/intra_process_manager.hpp:32[m[K,
[13.430s]                  from [01m[K/opt/ros/dashing/include/rclcpp/publisher.hpp:35[m[K,
[13.430s]                  from [01m[K/opt/ros/dashing/include/rclcpp/callback_group.hpp:24[m[K,
[13.431s]                  from [01m[K/opt/ros/dashing/include/rclcpp/any_executable.hpp:20[m[K,
[13.432s]                  from [01m[K/opt/ros/dashing/include/rclcpp/memory_strategy.hpp:24[m[K,
[13.432s]                  from [01m[K/opt/ros/dashing/include/rclcpp/memory_strategies.hpp:18[m[K,
[13.433s]                  from [01m[K/opt/ros/dashing/include/rclcpp/executor.hpp:33[m[K,
[13.434s]                  from [01m[K/opt/ros/dashing/include/rclcpp/executors/multi_threaded_executor.hpp:24[m[K,
[13.434s]                  from [01m[K/opt/ros/dashing/include/rclcpp/executors.hpp:21[m[K,
[13.435s]                  from [01m[K/opt/ros/dashing/include/rclcpp/rclcpp.hpp:144[m[K,
[13.436s]                  from [01m[K/home/hansol/ros2_ws/src/darknet_ros/darknet_ros/include/darknet_ros/YoloObjectDetector.hpp:25[m[K,
[13.436s]                  from [01m[K/home/hansol/ros2_ws/src/darknet_ros/darknet_ros/src/YoloObjectDetector.cpp:10[m[K:
[13.437s] /opt/ros/dashing/include/rclcpp/any_subscription_callback.hpp: In instantiation of ‘[01m[Kclass rclcpp::AnySubscriptionCallback<const sensor_msgs::msg::CompressedImage_<std::allocator<void> >&, std::allocator<void> >[m[K’:
[13.438s] [01m[K/opt/ros/dashing/include/rclcpp/subscription_factory.hpp:92:52:[m[K   required from ‘[01m[Krclcpp::SubscriptionFactory rclcpp::create_subscription_factory(CallbackT&&, const rclcpp::SubscriptionEventCallbacks&, typename rclcpp::message_memory_strategy::MessageMemoryStrategy<CallbackMessageT, Alloc>::SharedPtr, std::shared_ptr<PublisherT>) [with MessageT = sensor_msgs::msg::CompressedImage_<std::allocator<void> >; CallbackT = std::_Bind<void (darknet_ros::YoloObjectDetector::*(darknet_ros::YoloObjectDetector*, std::_Placeholder<1>))(const sensor_msgs::msg::CompressedImage_<std::allocator<void> >&)>; Alloc = std::allocator<void>; CallbackMessageT = const sensor_msgs::msg::CompressedImage_<std::allocator<void> >&; SubscriptionT = rclcpp::Subscription<const sensor_msgs::msg::CompressedImage_<std::allocator<void> >&, std::allocator<void> >; typename rclcpp::message_memory_strategy::MessageMemoryStrategy<CallbackMessageT, Alloc>::SharedPtr = std::shared_ptr<rclcpp::message_memory_strategy::MessageMemoryStrategy<const sensor_msgs::msg::CompressedImage_<std::allocator<void> >&, std::allocator<void> > >][m[K’
[13.438s] [01m[K/opt/ros/dashing/include/rclcpp/create_subscription.hpp:115:71:[m[K   required from ‘[01m[Kstd::shared_ptr<SubscriptionT> rclcpp::create_subscription(NodeT&&, const string&, const rclcpp::QoS&, CallbackT&&, const rclcpp::SubscriptionOptionsWithAllocator<AllocatorT>&, typename rclcpp::message_memory_strategy::MessageMemoryStrategy<CallbackMessageT, Alloc>::SharedPtr) [with MessageT = sensor_msgs::msg::CompressedImage_<std::allocator<void> >; CallbackT = std::_Bind<void (darknet_ros::YoloObjectDetector::*(darknet_ros::YoloObjectDetector*, std::_Placeholder<1>))(const sensor_msgs::msg::CompressedImage_<std::allocator<void> >&)>; AllocatorT = std::allocator<void>; CallbackMessageT = const sensor_msgs::msg::CompressedImage_<std::allocator<void> >&; SubscriptionT = rclcpp::Subscription<const sensor_msgs::msg::CompressedImage_<std::allocator<void> >&, std::allocator<void> >; NodeT = rclcpp::Node&; std::__cxx11::string = std::__cxx11::basic_string<char>; typename rclcpp::message_memory_strategy::MessageMemoryStrategy<CallbackMessageT, Alloc>::SharedPtr = std::shared_ptr<rclcpp::message_memory_strategy::MessageMemoryStrategy<const sensor_msgs::msg::CompressedImage_<std::allocator<void> >&, std::allocator<void> > >][m[K’
[13.439s] [01m[K/opt/ros/dashing/include/rclcpp/node_impl.hpp:124:47:[m[K   required from ‘[01m[Kstd::shared_ptr<SubscriptionT> rclcpp::Node::create_subscription(const string&, const rclcpp::QoS&, CallbackT&&, const rclcpp::SubscriptionOptionsWithAllocator<AllocatorT>&, typename rclcpp::message_memory_strategy::MessageMemoryStrategy<typename rclcpp::subscription_traits::has_message_type<CallbackT>::type, AllocatorT>::SharedPtr) [with MessageT = sensor_msgs::msg::CompressedImage_<std::allocator<void> >; CallbackT = std::_Bind<void (darknet_ros::YoloObjectDetector::*(darknet_ros::YoloObjectDetector*, std::_Placeholder<1>))(const sensor_msgs::msg::CompressedImage_<std::allocator<void> >&)>; AllocatorT = std::allocator<void>; SubscriptionT = rclcpp::Subscription<const sensor_msgs::msg::CompressedImage_<std::allocator<void> >&, std::allocator<void> >; std::__cxx11::string = std::__cxx11::basic_string<char>; typename rclcpp::message_memory_strategy::MessageMemoryStrategy<typename rclcpp::subscription_traits::has_message_type<CallbackT>::type, AllocatorT>::SharedPtr = std::shared_ptr<rclcpp::message_memory_strategy::MessageMemoryStrategy<const sensor_msgs::msg::CompressedImage_<std::allocator<void> >&, std::allocator<void> > >][m[K’
[13.442s] [01m[K/home/hansol/ros2_ws/src/darknet_ros/darknet_ros/src/YoloObjectDetector.cpp:190:61:[m[K   required from here
[13.443s] [01m[K/opt/ros/dashing/include/rclcpp/any_subscription_callback.hpp:108:8:[m[K [01;31m[Kerror: [m[K‘[01m[Ktemplate<class CallbackT, typename std::enable_if<rclcpp::function_traits::same_arguments<CallbackT, std::function<void(std::shared_ptr<const sensor_msgs::msg::CompressedImage_<std::allocator<void> >&>)> >::value, void>::type* <anonymous> > void rclcpp::AnySubscriptionCallback<MessageT, Alloc>::set(CallbackT) [with CallbackT = CallbackT; typename std::enable_if<rclcpp::function_traits::same_arguments<CallbackT, std::function<void(std::shared_ptr<const _Tp>)> >::value>::type* <anonymous> = <enumerator>; MessageT = const sensor_msgs::msg::CompressedImage_<std::allocator<void> >&; Alloc = std::allocator<void>][m[K’ cannot be overloaded
[13.444s]    void [01;31m[Kset[m[K(CallbackT callback)
[13.445s]         [01;31m[K^~~[m[K
[13.446s] [01m[K/opt/ros/dashing/include/rclcpp/any_subscription_callback.hpp:80:8:[m[K [01;31m[Kerror: [m[Kwith ‘[01m[Ktemplate<class CallbackT, typename std::enable_if<rclcpp::function_traits::same_arguments<CallbackT, std::function<void(std::shared_ptr<const sensor_msgs::msg::CompressedImage_<std::allocator<void> >&>)> >::value, void>::type* <anonymous> > void rclcpp::AnySubscriptionCallback<MessageT, Alloc>::set(CallbackT) [with CallbackT = CallbackT; typename std::enable_if<rclcpp::function_traits::same_arguments<CallbackT, std::function<void(std::shared_ptr<_Tp>)> >::value>::type* <anonymous> = <enumerator>; MessageT = const sensor_msgs::msg::CompressedImage_<std::allocator<void> >&; Alloc = std::allocator<void>][m[K’
[13.446s]    void [01;31m[Kset[m[K(CallbackT callback)
[13.447s]         [01;31m[K^~~[m[K
[13.448s] [01m[K/opt/ros/dashing/include/rclcpp/any_subscription_callback.hpp:122:8:[m[K [01;31m[Kerror: [m[K‘[01m[Ktemplate<class CallbackT, typename std::enable_if<rclcpp::function_traits::same_arguments<CallbackT, std::function<void(std::shared_ptr<const sensor_msgs::msg::CompressedImage_<std::allocator<void> >&>, const rmw_message_info_t&)> >::value, void>::type* <anonymous> > void rclcpp::AnySubscriptionCallback<MessageT, Alloc>::set(CallbackT) [with CallbackT = CallbackT; typename std::enable_if<rclcpp::function_traits::same_arguments<CallbackT, std::function<void(std::shared_ptr<const _Tp>, const rmw_message_info_t&)> >::value>::type* <anonymous> = <enumerator>; MessageT = const sensor_msgs::msg::CompressedImage_<std::allocator<void> >&; Alloc = std::allocator<void>][m[K’ cannot be overloaded
[13.448s]    void [01;31m[Kset[m[K(CallbackT callback)
[13.449s]         [01;31m[K^~~[m[K
[13.450s] [01m[K/opt/ros/dashing/include/rclcpp/any_subscription_callback.hpp:94:8:[m[K [01;31m[Kerror: [m[Kwith ‘[01m[Ktemplate<class CallbackT, typename std::enable_if<rclcpp::function_traits::same_arguments<CallbackT, std::function<void(std::shared_ptr<const sensor_msgs::msg::CompressedImage_<std::allocator<void> >&>, const rmw_message_info_t&)> >::value, void>::type* <anonymous> > void rclcpp::AnySubscriptionCallback<MessageT, Alloc>::set(CallbackT) [with CallbackT = CallbackT; typename std::enable_if<rclcpp::function_traits::same_arguments<CallbackT, std::function<void(std::shared_ptr<_Tp>, const rmw_message_info_t&)> >::value>::type* <anonymous> = <enumerator>; MessageT = const sensor_msgs::msg::CompressedImage_<std::allocator<void> >&; Alloc = std::allocator<void>][m[K’
[13.450s]    void [01;31m[Kset[m[K(CallbackT callback)
[13.451s]         [01;31m[K^~~[m[K
[13.452s] In file included from [01m[K/opt/ros/dashing/include/rclcpp/node_interfaces/node_topics_interface.hpp:29:0[m[K,
[13.452s]                  from [01m[K/opt/ros/dashing/include/rclcpp/node.hpp:53[m[K,
[13.453s]                  from [01m[K/opt/ros/dashing/include/rclcpp/executors/single_threaded_executor.hpp:28[m[K,
[13.454s]                  from [01m[K/opt/ros/dashing/include/rclcpp/executors.hpp:22[m[K,
[13.454s]                  from [01m[K/opt/ros/dashing/include/rclcpp/rclcpp.hpp:144[m[K,
[13.455s]                  from [01m[K/home/hansol/ros2_ws/src/darknet_ros/darknet_ros/include/darknet_ros/YoloObjectDetector.hpp:25[m[K,
[13.455s]                  from [01m[K/home/hansol/ros2_ws/src/darknet_ros/darknet_ros/src/YoloObjectDetector.cpp:10[m[K:
[13.457s] /opt/ros/dashing/include/rclcpp/subscription_factory.hpp: In instantiation of ‘[01m[Krclcpp::SubscriptionFactory rclcpp::create_subscription_factory(CallbackT&&, const rclcpp::SubscriptionEventCallbacks&, typename rclcpp::message_memory_strategy::MessageMemoryStrategy<CallbackMessageT, Alloc>::SharedPtr, std::shared_ptr<PublisherT>) [with MessageT = sensor_msgs::msg::CompressedImage_<std::allocator<void> >; CallbackT = std::_Bind<void (darknet_ros::YoloObjectDetector::*(darknet_ros::YoloObjectDetector*, std::_Placeholder<1>))(const sensor_msgs::msg::CompressedImage_<std::allocator<void> >&)>; Alloc = std::allocator<void>; CallbackMessageT = const sensor_msgs::msg::CompressedImage_<std::allocator<void> >&; SubscriptionT = rclcpp::Subscription<const sensor_msgs::msg::CompressedImage_<std::allocator<void> >&, std::allocator<void> >; typename rclcpp::message_memory_strategy::MessageMemoryStrategy<CallbackMessageT, Alloc>::SharedPtr = std::shared_ptr<rclcpp::message_memory_strategy::MessageMemoryStrategy<const sensor_msgs::msg::CompressedImage_<std::allocator<void> >&, std::allocator<void> > >][m[K’:
[13.457s] [01m[K/opt/ros/dashing/include/rclcpp/create_subscription.hpp:115:71:[m[K   required from ‘[01m[Kstd::shared_ptr<SubscriptionT> rclcpp::create_subscription(NodeT&&, const string&, const rclcpp::QoS&, CallbackT&&, const rclcpp::SubscriptionOptionsWithAllocator<AllocatorT>&, typename rclcpp::message_memory_strategy::MessageMemoryStrategy<CallbackMessageT, Alloc>::SharedPtr) [with MessageT = sensor_msgs::msg::CompressedImage_<std::allocator<void> >; CallbackT = std::_Bind<void (darknet_ros::YoloObjectDetector::*(darknet_ros::YoloObjectDetector*, std::_Placeholder<1>))(const sensor_msgs::msg::CompressedImage_<std::allocator<void> >&)>; AllocatorT = std::allocator<void>; CallbackMessageT = const sensor_msgs::msg::CompressedImage_<std::allocator<void> >&; SubscriptionT = rclcpp::Subscription<const sensor_msgs::msg::CompressedImage_<std::allocator<void> >&, std::allocator<void> >; NodeT = rclcpp::Node&; std::__cxx11::string = std::__cxx11::basic_string<char>; typename rclcpp::message_memory_strategy::MessageMemoryStrategy<CallbackMessageT, Alloc>::SharedPtr = std::shared_ptr<rclcpp::message_memory_strategy::MessageMemoryStrategy<const sensor_msgs::msg::CompressedImage_<std::allocator<void> >&, std::allocator<void> > >][m[K’
[13.459s] [01m[K/opt/ros/dashing/include/rclcpp/node_impl.hpp:124:47:[m[K   required from ‘[01m[Kstd::shared_ptr<SubscriptionT> rclcpp::Node::create_subscription(const string&, const rclcpp::QoS&, CallbackT&&, const rclcpp::SubscriptionOptionsWithAllocator<AllocatorT>&, typename rclcpp::message_memory_strategy::MessageMemoryStrategy<typename rclcpp::subscription_traits::has_message_type<CallbackT>::type, AllocatorT>::SharedPtr) [with MessageT = sensor_msgs::msg::CompressedImage_<std::allocator<void> >; CallbackT = std::_Bind<void (darknet_ros::YoloObjectDetector::*(darknet_ros::YoloObjectDetector*, std::_Placeholder<1>))(const sensor_msgs::msg::CompressedImage_<std::allocator<void> >&)>; AllocatorT = std::allocator<void>; SubscriptionT = rclcpp::Subscription<const sensor_msgs::msg::CompressedImage_<std::allocator<void> >&, std::allocator<void> >; std::__cxx11::string = std::__cxx11::basic_string<char>; typename rclcpp::message_memory_strategy::MessageMemoryStrategy<typename rclcpp::subscription_traits::has_message_type<CallbackT>::type, AllocatorT>::SharedPtr = std::shared_ptr<rclcpp::message_memory_strategy::MessageMemoryStrategy<const sensor_msgs::msg::CompressedImage_<std::allocator<void> >&, std::allocator<void> > >][m[K’
[13.460s] [01m[K/home/hansol/ros2_ws/src/darknet_ros/darknet_ros/src/YoloObjectDetector.cpp:190:61:[m[K   required from here
[13.460s] [01m[K/opt/ros/dashing/include/rclcpp/subscription_factory.hpp:93:3:[m[K [01;31m[Kerror: [m[Kno matching function for call to ‘[01m[Krclcpp::AnySubscriptionCallback<const sensor_msgs::msg::CompressedImage_<std::allocator<void> >&, std::allocator<void> >::set(std::_Bind<void (darknet_ros::YoloObjectDetector::*(darknet_ros::YoloObjectDetector*, std::_Placeholder<1>))(const sensor_msgs::msg::CompressedImage_<std::allocator<void> >&)>)[m[K’
[13.461s]    [01;31m[Kany_subscription_callback[m[K.set(std::forward<CallbackT>(callback));
[13.462s]    [01;31m[K^~~~~~~~~~~~~~~~~~~~~~~~~[m[K
[13.463s] In file included from [01m[K/opt/ros/dashing/include/rclcpp/subscription_base.hpp:28:0[m[K,
[13.464s]                  from [01m[K/opt/ros/dashing/include/rclcpp/intra_process_manager_impl.hpp:38[m[K,
[13.464s]                  from [01m[K/opt/ros/dashing/include/rclcpp/intra_process_manager.hpp:32[m[K,
[13.465s]                  from [01m[K/opt/ros/dashing/include/rclcpp/publisher.hpp:35[m[K,
[13.466s]                  from [01m[K/opt/ros/dashing/include/rclcpp/callback_group.hpp:24[m[K,
[13.467s]                  from [01m[K/opt/ros/dashing/include/rclcpp/any_executable.hpp:20[m[K,
[13.467s]                  from [01m[K/opt/ros/dashing/include/rclcpp/memory_strategy.hpp:24[m[K,
[13.468s]                  from [01m[K/opt/ros/dashing/include/rclcpp/memory_strategies.hpp:18[m[K,
[13.469s]                  from [01m[K/opt/ros/dashing/include/rclcpp/executor.hpp:33[m[K,
[13.469s]                  from [01m[K/opt/ros/dashing/include/rclcpp/executors/multi_threaded_executor.hpp:24[m[K,
[13.470s]                  from [01m[K/opt/ros/dashing/include/rclcpp/executors.hpp:21[m[K,
[13.471s]                  from [01m[K/opt/ros/dashing/include/rclcpp/rclcpp.hpp:144[m[K,
[13.472s]                  from [01m[K/home/hansol/ros2_ws/src/darknet_ros/darknet_ros/include/darknet_ros/YoloObjectDetector.hpp:25[m[K,
[13.473s]                  from [01m[K/home/hansol/ros2_ws/src/darknet_ros/darknet_ros/src/YoloObjectDetector.cpp:10[m[K:
[13.473s] [01m[K/opt/ros/dashing/include/rclcpp/any_subscription_callback.hpp:80:8:[m[K [01;36m[Knote: [m[Kcandidate: template<class CallbackT, typename std::enable_if<rclcpp::function_traits::same_arguments<CallbackT, std::function<void(std::shared_ptr<const sensor_msgs::msg::CompressedImage_<std::allocator<void> >&>)> >::value, void>::type* <anonymous> > void rclcpp::AnySubscriptionCallback<MessageT, Alloc>::set(CallbackT) [with CallbackT = CallbackT; typename std::enable_if<rclcpp::function_traits::same_arguments<CallbackT, std::function<void(std::shared_ptr<_Tp>)> >::value>::type* <anonymous> = <enumerator>; MessageT = const sensor_msgs::msg::CompressedImage_<std::allocator<void> >&; Alloc = std::allocator<void>]
[13.474s]    void [01;36m[Kset[m[K(CallbackT callback)
[13.475s]         [01;36m[K^~~[m[K
[13.475s] [01m[K/opt/ros/dashing/include/rclcpp/any_subscription_callback.hpp:80:8:[m[K [01;36m[Knote: [m[K  template argument deduction/substitution failed:
[13.477s] [01m[K/opt/ros/dashing/include/rclcpp/any_subscription_callback.hpp:78:17:[m[K [01;31m[Kerror: [m[Kno type named ‘[01m[Ktype[m[K’ in ‘[01m[Kstruct std::enable_if<false, void>[m[K’
[13.477s]      >::type * = [01;31m[Knullptr[m[K
[13.478s]                  [01;31m[K^~~~~~~[m[K
[13.479s] [01m[K/opt/ros/dashing/include/rclcpp/any_subscription_callback.hpp:78:17:[m[K [01;36m[Knote: [m[Kinvalid template non-type parameter
[13.480s] [01m[K/opt/ros/dashing/include/rclcpp/any_subscription_callback.hpp:94:8:[m[K [01;36m[Knote: [m[Kcandidate: template<class CallbackT, typename std::enable_if<rclcpp::function_traits::same_arguments<CallbackT, std::function<void(std::shared_ptr<const sensor_msgs::msg::CompressedImage_<std::allocator<void> >&>, const rmw_message_info_t&)> >::value, void>::type* <anonymous> > void rclcpp::AnySubscriptionCallback<MessageT, Alloc>::set(CallbackT) [with CallbackT = CallbackT; typename std::enable_if<rclcpp::function_traits::same_arguments<CallbackT, std::function<void(std::shared_ptr<_Tp>, const rmw_message_info_t&)> >::value>::type* <anonymous> = <enumerator>; MessageT = const sensor_msgs::msg::CompressedImage_<std::allocator<void> >&; Alloc = std::allocator<void>]
[13.480s]    void [01;36m[Kset[m[K(CallbackT callback)
[13.481s]         [01;36m[K^~~[m[K
[13.482s] [01m[K/opt/ros/dashing/include/rclcpp/any_subscription_callback.hpp:94:8:[m[K [01;36m[Knote: [m[K  template argument deduction/substitution failed:
[13.482s] [01m[K/opt/ros/dashing/include/rclcpp/any_subscription_callback.hpp:92:17:[m[K [01;31m[Kerror: [m[Kno type named ‘[01m[Ktype[m[K’ in ‘[01m[Kstruct std::enable_if<false, void>[m[K’
[13.483s]      >::type * = [01;31m[Knullptr[m[K
[13.484s]                  [01;31m[K^~~~~~~[m[K
[13.485s] [01m[K/opt/ros/dashing/include/rclcpp/any_subscription_callback.hpp:92:17:[m[K [01;36m[Knote: [m[Kinvalid template non-type parameter
[13.486s] [01m[K/opt/ros/dashing/include/rclcpp/any_subscription_callback.hpp:136:8:[m[K [01;36m[Knote: [m[Kcandidate: template<class CallbackT, typename std::enable_if<rclcpp::function_traits::same_arguments<CallbackT, std::function<void(std::unique_ptr<const sensor_msgs::msg::CompressedImage_<std::allocator<void> >&, std::default_delete<const sensor_msgs::msg::CompressedImage_<std::allocator<void> >&> >)> >::value, void>::type* <anonymous> > void rclcpp::AnySubscriptionCallback<MessageT, Alloc>::set(CallbackT) [with CallbackT = CallbackT; typename std::enable_if<rclcpp::function_traits::same_arguments<CallbackT, std::function<void(std::unique_ptr<T, typename std::conditional<std::is_same<typename std::allocator_traits<typename std::allocator_traits<_Alloc>::rebind_traits<T>::allocator_type>::rebind_alloc<T>, typename std::allocator<void>::rebind<_Tp1>::other>::value, std::default_delete<_Tp>, rclcpp::allocator::AllocatorDeleter<typename std::allocator_traits<_Alloc>::rebind_traits<T>::allocator_type> >::type>)> >::value>::type* <anonymous> = <enumerator>; MessageT = const sensor_msgs::msg::CompressedImage_<std::allocator<void> >&; Alloc = std::allocator<void>]
[13.487s]    void [01;36m[Kset[m[K(CallbackT callback)
[13.488s]         [01;36m[K^~~[m[K
[13.489s] [01m[K/opt/ros/dashing/include/rclcpp/any_subscription_callback.hpp:136:8:[m[K [01;36m[Knote: [m[K  template argument deduction/substitution failed:
[13.489s] [01m[K/opt/ros/dashing/include/rclcpp/any_subscription_callback.hpp:134:17:[m[K [01;31m[Kerror: [m[Kno type named ‘[01m[Ktype[m[K’ in ‘[01m[Kstruct std::enable_if<false, void>[m[K’
[13.490s]      >::type * = [01;31m[Knullptr[m[K
[13.490s]                  [01;31m[K^~~~~~~[m[K
[13.491s] [01m[K/opt/ros/dashing/include/rclcpp/any_subscription_callback.hpp:134:17:[m[K [01;36m[Knote: [m[Kinvalid template non-type parameter
[13.492s] [01m[K/opt/ros/dashing/include/rclcpp/any_subscription_callback.hpp:150:8:[m[K [01;36m[Knote: [m[Kcandidate: template<class CallbackT, typename std::enable_if<rclcpp::function_traits::same_arguments<CallbackT, std::function<void(std::unique_ptr<const sensor_msgs::msg::CompressedImage_<std::allocator<void> >&, std::default_delete<const sensor_msgs::msg::CompressedImage_<std::allocator<void> >&> >, const rmw_message_info_t&)> >::value, void>::type* <anonymous> > void rclcpp::AnySubscriptionCallback<MessageT, Alloc>::set(CallbackT) [with CallbackT = CallbackT; typename std::enable_if<rclcpp::function_traits::same_arguments<CallbackT, std::function<void(std::unique_ptr<T, typename std::conditional<std::is_same<typename std::allocator_traits<typename std::allocator_traits<_Alloc>::rebind_traits<T>::allocator_type>::rebind_alloc<T>, typename std::allocator<void>::rebind<_Tp1>::other>::value, std::default_delete<_Tp>, rclcpp::allocator::AllocatorDeleter<typename std::allocator_traits<_Alloc>::rebind_traits<T>::allocator_type> >::type>, const rmw_message_info_t&)> >::value>::type* <anonymous> = <enumerator>; MessageT = const sensor_msgs::msg::CompressedImage_<std::allocator<void> >&; Alloc = std::allocator<void>]
[13.493s]    void [01;36m[Kset[m[K(CallbackT callback)
[13.493s]         [01;36m[K^~~[m[K
[13.494s] [01m[K/opt/ros/dashing/include/rclcpp/any_subscription_callback.hpp:150:8:[m[K [01;36m[Knote: [m[K  template argument deduction/substitution failed:
[13.494s] [01m[K/opt/ros/dashing/include/rclcpp/any_subscription_callback.hpp:148:17:[m[K [01;31m[Kerror: [m[Kno type named ‘[01m[Ktype[m[K’ in ‘[01m[Kstruct std::enable_if<false, void>[m[K’
[13.495s]      >::type * = [01;31m[Knullptr[m[K
[13.496s]                  [01;31m[K^~~~~~~[m[K
[13.497s] [01m[K/opt/ros/dashing/include/rclcpp/any_subscription_callback.hpp:148:17:[m[K [01;36m[Knote: [m[Kinvalid template non-type parameter
[16.941s] In file included from [01m[K/usr/include/aarch64-linux-gnu/c++/7/bits/c++allocator.h:33:0[m[K,
[16.942s]                  from [01m[K/usr/include/c++/7/bits/allocator.h:46[m[K,
[16.943s]                  from [01m[K/usr/include/c++/7/string:41[m[K,
[16.944s]                  from [01m[K/home/hansol/ros2_ws/src/darknet_ros/darknet_ros/include/darknet_ros/YoloObjectDetector.hpp:13[m[K,
[16.944s]                  from [01m[K/home/hansol/ros2_ws/src/darknet_ros/darknet_ros/src/YoloObjectDetector.cpp:10[m[K:
[16.945s] /usr/include/c++/7/ext/new_allocator.h: In instantiation of ‘[01m[Kclass __gnu_cxx::new_allocator<const sensor_msgs::msg::CompressedImage_<std::allocator<void> >&>[m[K’:
[16.946s] [01m[K/usr/include/c++/7/bits/allocator.h:108:11:[m[K   required from ‘[01m[Kclass std::allocator<const sensor_msgs::msg::CompressedImage_<std::allocator<void> >&>[m[K’
[16.947s] [01m[K/usr/include/c++/7/bits/shared_ptr_base.h:1355:63:[m[K   required by substitution of ‘[01m[Ktemplate<class _Yp> struct std::__shared_ptr<std::allocator<const sensor_msgs::msg::CompressedImage_<std::allocator<void> >&>, (__gnu_cxx::_Lock_policy)2>::__has_esft_base<_Yp, std::__void_t<decltype (__enable_shared_from_this_base(declval<const std::__shared_count<(__gnu_cxx::_Lock_policy)2>&>(), declval<_Yp*>()))> > [with _Yp = std::allocator<const sensor_msgs::msg::CompressedImage_<std::allocator<void> >&>][m[K’
[16.947s] [01m[K/usr/include/c++/7/bits/shared_ptr_base.h:1377:21:[m[K   required by substitution of ‘[01m[Ktemplate<class _Yp, class _Yp2> typename std::enable_if<(! std::__shared_ptr<std::allocator<const sensor_msgs::msg::CompressedImage_<std::allocator<void> >&>, (__gnu_cxx::_Lock_policy)2>::__has_esft_base<_Yp2, void>::value), void>::type std::__shared_ptr<std::allocator<const sensor_msgs::msg::CompressedImage_<std::allocator<void> >&>, (__gnu_cxx::_Lock_policy)2>::_M_enable_shared_from_this_with<_Yp, _Yp2>(_Yp*) [with _Yp = std::allocator<const sensor_msgs::msg::CompressedImage_<std::allocator<void> >&>; _Yp2 = std::allocator<const sensor_msgs::msg::CompressedImage_<std::allocator<void> >&>][m[K’
[16.948s] [01m[K/usr/include/c++/7/bits/shared_ptr_base.h:1301:35:[m[K   required from ‘[01m[Kstd::__shared_ptr<_Tp, _Lp>::__shared_ptr(std::_Sp_make_shared_tag, const _Alloc&, _Args&& ...) [with _Alloc = std::allocator<std::allocator<const sensor_msgs::msg::CompressedImage_<std::allocator<void> >&> >; _Args = {std::allocator<void>&}; _Tp = std::allocator<const sensor_msgs::msg::CompressedImage_<std::allocator<void> >&>; __gnu_cxx::_Lock_policy _Lp = (__gnu_cxx::_Lock_policy)2][m[K’
[16.949s] [01m[K/usr/include/c++/7/bits/shared_ptr.h:344:64:[m[K   required from ‘[01m[Kstd::shared_ptr<_Tp>::shared_ptr(std::_Sp_make_shared_tag, const _Alloc&, _Args&& ...) [with _Alloc = std::allocator<std::allocator<const sensor_msgs::msg::CompressedImage_<std::allocator<void> >&> >; _Args = {std::allocator<void>&}; _Tp = std::allocator<const sensor_msgs::msg::CompressedImage_<std::allocator<void> >&>][m[K’
[16.949s] [01m[K/usr/include/c++/7/bits/shared_ptr.h:690:14:[m[K   [ skipping 9 instantiation contexts, use -ftemplate-backtrace-limit=0 to disable ]
[16.950s] [01m[K/usr/include/c++/7/bits/shared_ptr.h:690:14:[m[K   required from ‘[01m[Kstd::shared_ptr<_Tp> std::allocate_shared(const _Alloc&, _Args&& ...) [with _Tp = rclcpp::message_memory_strategy::MessageMemoryStrategy<const sensor_msgs::msg::CompressedImage_<std::allocator<void> >&, std::allocator<void> >; _Alloc = std::allocator<rclcpp::message_memory_strategy::MessageMemoryStrategy<const sensor_msgs::msg::CompressedImage_<std::allocator<void> >&, std::allocator<void> > >; _Args = {std::shared_ptr<std::allocator<void> >}][m[K’
[16.951s] [01m[K/usr/include/c++/7/bits/shared_ptr.h:706:39:[m[K   required from ‘[01m[Kstd::shared_ptr<_Tp> std::make_shared(_Args&& ...) [with _Tp = rclcpp::message_memory_strategy::MessageMemoryStrategy<const sensor_msgs::msg::CompressedImage_<std::allocator<void> >&, std::allocator<void> >; _Args = {std::shared_ptr<std::allocator<void> >}][m[K’
[16.952s] [01m[K/opt/ros/dashing/include/rclcpp/message_memory_strategy.hpp:79:68:[m[K   required from ‘[01m[Kstatic rclcpp::message_memory_strategy::MessageMemoryStrategy<MessageT, Alloc>::SharedPtr rclcpp::message_memory_strategy::MessageMemoryStrategy<MessageT, Alloc>::create_default() [with MessageT = const sensor_msgs::msg::CompressedImage_<std::allocator<void> >&; Alloc = std::allocator<void>; rclcpp::message_memory_strategy::MessageMemoryStrategy<MessageT, Alloc>::SharedPtr = std::shared_ptr<rclcpp::message_memory_strategy::MessageMemoryStrategy<const sensor_msgs::msg::CompressedImage_<std::allocator<void> >&, std::allocator<void> > >][m[K’
[16.953s] [01m[K/opt/ros/dashing/include/rclcpp/create_subscription.hpp:107:88:[m[K   required from ‘[01m[Kstd::shared_ptr<SubscriptionT> rclcpp::create_subscription(NodeT&&, const string&, const rclcpp::QoS&, CallbackT&&, const rclcpp::SubscriptionOptionsWithAllocator<AllocatorT>&, typename rclcpp::message_memory_strategy::MessageMemoryStrategy<CallbackMessageT, Alloc>::SharedPtr) [with MessageT = sensor_msgs::msg::CompressedImage_<std::allocator<void> >; CallbackT = std::_Bind<void (darknet_ros::YoloObjectDetector::*(darknet_ros::YoloObjectDetector*, std::_Placeholder<1>))(const sensor_msgs::msg::CompressedImage_<std::allocator<void> >&)>; AllocatorT = std::allocator<void>; CallbackMessageT = const sensor_msgs::msg::CompressedImage_<std::allocator<void> >&; SubscriptionT = rclcpp::Subscription<const sensor_msgs::msg::CompressedImage_<std::allocator<void> >&, std::allocator<void> >; NodeT = rclcpp::Node&; std::__cxx11::string = std::__cxx11::basic_string<char>; typename rclcpp::message_memory_strategy::MessageMemoryStrategy<CallbackMessageT, Alloc>::SharedPtr = std::shared_ptr<rclcpp::message_memory_strategy::MessageMemoryStrategy<const sensor_msgs::msg::CompressedImage_<std::allocator<void> >&, std::allocator<void> > >][m[K’
[16.954s] [01m[K/opt/ros/dashing/include/rclcpp/node_impl.hpp:124:47:[m[K   required from ‘[01m[Kstd::shared_ptr<SubscriptionT> rclcpp::Node::create_subscription(const string&, const rclcpp::QoS&, CallbackT&&, const rclcpp::SubscriptionOptionsWithAllocator<AllocatorT>&, typename rclcpp::message_memory_strategy::MessageMemoryStrategy<typename rclcpp::subscription_traits::has_message_type<CallbackT>::type, AllocatorT>::SharedPtr) [with MessageT = sensor_msgs::msg::CompressedImage_<std::allocator<void> >; CallbackT = std::_Bind<void (darknet_ros::YoloObjectDetector::*(darknet_ros::YoloObjectDetector*, std::_Placeholder<1>))(const sensor_msgs::msg::CompressedImage_<std::allocator<void> >&)>; AllocatorT = std::allocator<void>; SubscriptionT = rclcpp::Subscription<const sensor_msgs::msg::CompressedImage_<std::allocator<void> >&, std::allocator<void> >; std::__cxx11::string = std::__cxx11::basic_string<char>; typename rclcpp::message_memory_strategy::MessageMemoryStrategy<typename rclcpp::subscription_traits::has_message_type<CallbackT>::type, AllocatorT>::SharedPtr = std::shared_ptr<rclcpp::message_memory_strategy::MessageMemoryStrategy<const sensor_msgs::msg::CompressedImage_<std::allocator<void> >&, std::allocator<void> > >][m[K’
[16.955s] [01m[K/home/hansol/ros2_ws/src/darknet_ros/darknet_ros/src/YoloObjectDetector.cpp:190:61:[m[K   required from here
[16.955s] [01m[K/usr/include/c++/7/ext/new_allocator.h:63:26:[m[K [01;31m[Kerror: [m[Kforming pointer to reference type ‘[01m[Kconst sensor_msgs::msg::CompressedImage_<std::allocator<void> >&[m[K’
[16.956s]        typedef _Tp*       [01;31m[Kpointer[m[K;
[16.957s]                           [01;31m[K^~~~~~~[m[K
[16.957s] [01m[K/usr/include/c++/7/ext/new_allocator.h:64:26:[m[K [01;31m[Kerror: [m[Kforming pointer to reference type ‘[01m[Kconst sensor_msgs::msg::CompressedImage_<std::allocator<void> >&[m[K’
[16.958s]        typedef const _Tp* [01;31m[Kconst_pointer[m[K;
[16.959s]                           [01;31m[K^~~~~~~~~~~~~[m[K
[16.959s] In file included from [01m[K/usr/include/c++/7/string:41:0[m[K,
[16.960s]                  from [01m[K/home/hansol/ros2_ws/src/darknet_ros/darknet_ros/include/darknet_ros/YoloObjectDetector.hpp:13[m[K,
[16.961s]                  from [01m[K/home/hansol/ros2_ws/src/darknet_ros/darknet_ros/src/YoloObjectDetector.cpp:10[m[K:
[16.962s] /usr/include/c++/7/bits/allocator.h: In instantiation of ‘[01m[Kclass std::allocator<const sensor_msgs::msg::CompressedImage_<std::allocator<void> >&>[m[K’:
[16.963s] [01m[K/usr/include/c++/7/bits/shared_ptr_base.h:1355:63:[m[K   required by substitution of ‘[01m[Ktemplate<class _Yp> struct std::__shared_ptr<std::allocator<const sensor_msgs::msg::CompressedImage_<std::allocator<void> >&>, (__gnu_cxx::_Lock_policy)2>::__has_esft_base<_Yp, std::__void_t<decltype (__enable_shared_from_this_base(declval<const std::__shared_count<(__gnu_cxx::_Lock_policy)2>&>(), declval<_Yp*>()))> > [with _Yp = std::allocator<const sensor_msgs::msg::CompressedImage_<std::allocator<void> >&>][m[K’
[16.964s] [01m[K/usr/include/c++/7/bits/shared_ptr_base.h:1377:21:[m[K   required by substitution of ‘[01m[Ktemplate<class _Yp, class _Yp2> typename std::enable_if<(! std::__shared_ptr<std::allocator<const sensor_msgs::msg::CompressedImage_<std::allocator<void> >&>, (__gnu_cxx::_Lock_policy)2>::__has_esft_base<_Yp2, void>::value), void>::type std::__shared_ptr<std::allocator<const sensor_msgs::msg::CompressedImage_<std::allocator<void> >&>, (__gnu_cxx::_Lock_policy)2>::_M_enable_shared_from_this_with<_Yp, _Yp2>(_Yp*) [with _Yp = std::allocator<const sensor_msgs::msg::CompressedImage_<std::allocator<void> >&>; _Yp2 = std::allocator<const sensor_msgs::msg::CompressedImage_<std::allocator<void> >&>][m[K’
[16.965s] [01m[K/usr/include/c++/7/bits/shared_ptr_base.h:1301:35:[m[K   required from ‘[01m[Kstd::__shared_ptr<_Tp, _Lp>::__shared_ptr(std::_Sp_make_shared_tag, const _Alloc&, _Args&& ...) [with _Alloc = std::allocator<std::allocator<const sensor_msgs::msg::CompressedImage_<std::allocator<void> >&> >; _Args = {std::allocator<void>&}; _Tp = std::allocator<const sensor_msgs::msg::CompressedImage_<std::allocator<void> >&>; __gnu_cxx::_Lock_policy _Lp = (__gnu_cxx::_Lock_policy)2][m[K’
[16.965s] [01m[K/usr/include/c++/7/bits/shared_ptr.h:344:64:[m[K   required from ‘[01m[Kstd::shared_ptr<_Tp>::shared_ptr(std::_Sp_make_shared_tag, const _Alloc&, _Args&& ...) [with _Alloc = std::allocator<std::allocator<const sensor_msgs::msg::CompressedImage_<std::allocator<void> >&> >; _Args = {std::allocator<void>&}; _Tp = std::allocator<const sensor_msgs::msg::CompressedImage_<std::allocator<void> >&>][m[K’
[16.966s] [01m[K/usr/include/c++/7/bits/shared_ptr.h:690:14:[m[K   required from ‘[01m[Kstd::shared_ptr<_Tp> std::allocate_shared(const _Alloc&, _Args&& ...) [with _Tp = std::allocator<const sensor_msgs::msg::CompressedImage_<std::allocator<void> >&>; _Alloc = std::allocator<std::allocator<const sensor_msgs::msg::CompressedImage_<std::allocator<void> >&> >; _Args = {std::allocator<void>&}][m[K’
[16.967s] [01m[K/usr/include/c++/7/bits/shared_ptr.h:706:39:[m[K   [ skipping 8 instantiation contexts, use -ftemplate-backtrace-limit=0 to disable ]
[16.968s] [01m[K/usr/include/c++/7/bits/shared_ptr.h:690:14:[m[K   required from ‘[01m[Kstd::shared_ptr<_Tp> std::allocate_shared(const _Alloc&, _Args&& ...) [with _Tp = rclcpp::message_memory_strategy::MessageMemoryStrategy<const sensor_msgs::msg::CompressedImage_<std::allocator<void> >&, std::allocator<void> >; _Alloc = std::allocator<rclcpp::message_memory_strategy::MessageMemoryStrategy<const sensor_msgs::msg::CompressedImage_<std::allocator<void> >&, std::allocator<void> > >; _Args = {std::shared_ptr<std::allocator<void> >}][m[K’
[16.969s] [01m[K/usr/include/c++/7/bits/shared_ptr.h:706:39:[m[K   required from ‘[01m[Kstd::shared_ptr<_Tp> std::make_shared(_Args&& ...) [with _Tp = rclcpp::message_memory_strategy::MessageMemoryStrategy<const sensor_msgs::msg::CompressedImage_<std::allocator<void> >&, std::allocator<void> >; _Args = {std::shared_ptr<std::allocator<void> >}][m[K’
[16.970s] [01m[K/opt/ros/dashing/include/rclcpp/message_memory_strategy.hpp:79:68:[m[K   required from ‘[01m[Kstatic rclcpp::message_memory_strategy::MessageMemoryStrategy<MessageT, Alloc>::SharedPtr rclcpp::message_memory_strategy::MessageMemoryStrategy<MessageT, Alloc>::create_default() [with MessageT = const sensor_msgs::msg::CompressedImage_<std::allocator<void> >&; Alloc = std::allocator<void>; rclcpp::message_memory_strategy::MessageMemoryStrategy<MessageT, Alloc>::SharedPtr = std::shared_ptr<rclcpp::message_memory_strategy::MessageMemoryStrategy<const sensor_msgs::msg::CompressedImage_<std::allocator<void> >&, std::allocator<void> > >][m[K’
[16.970s] [01m[K/opt/ros/dashing/include/rclcpp/create_subscription.hpp:107:88:[m[K   required from ‘[01m[Kstd::shared_ptr<SubscriptionT> rclcpp::create_subscription(NodeT&&, const string&, const rclcpp::QoS&, CallbackT&&, const rclcpp::SubscriptionOptionsWithAllocator<AllocatorT>&, typename rclcpp::message_memory_strategy::MessageMemoryStrategy<CallbackMessageT, Alloc>::SharedPtr) [with MessageT = sensor_msgs::msg::CompressedImage_<std::allocator<void> >; CallbackT = std::_Bind<void (darknet_ros::YoloObjectDetector::*(darknet_ros::YoloObjectDetector*, std::_Placeholder<1>))(const sensor_msgs::msg::CompressedImage_<std::allocator<void> >&)>; AllocatorT = std::allocator<void>; CallbackMessageT = const sensor_msgs::msg::CompressedImage_<std::allocator<void> >&; SubscriptionT = rclcpp::Subscription<const sensor_msgs::msg::CompressedImage_<std::allocator<void> >&, std::allocator<void> >; NodeT = rclcpp::Node&; std::__cxx11::string = std::__cxx11::basic_string<char>; typename rclcpp::message_memory_strategy::MessageMemoryStrategy<CallbackMessageT, Alloc>::SharedPtr = std::shared_ptr<rclcpp::message_memory_strategy::MessageMemoryStrategy<const sensor_msgs::msg::CompressedImage_<std::allocator<void> >&, std::allocator<void> > >][m[K’
[16.971s] [01m[K/opt/ros/dashing/include/rclcpp/node_impl.hpp:124:47:[m[K   required from ‘[01m[Kstd::shared_ptr<SubscriptionT> rclcpp::Node::create_subscription(const string&, const rclcpp::QoS&, CallbackT&&, const rclcpp::SubscriptionOptionsWithAllocator<AllocatorT>&, typename rclcpp::message_memory_strategy::MessageMemoryStrategy<typename rclcpp::subscription_traits::has_message_type<CallbackT>::type, AllocatorT>::SharedPtr) [with MessageT = sensor_msgs::msg::CompressedImage_<std::allocator<void> >; CallbackT = std::_Bind<void (darknet_ros::YoloObjectDetector::*(darknet_ros::YoloObjectDetector*, std::_Placeholder<1>))(const sensor_msgs::msg::CompressedImage_<std::allocator<void> >&)>; AllocatorT = std::allocator<void>; SubscriptionT = rclcpp::Subscription<const sensor_msgs::msg::CompressedImage_<std::allocator<void> >&, std::allocator<void> >; std::__cxx11::string = std::__cxx11::basic_string<char>; typename rclcpp::message_memory_strategy::MessageMemoryStrategy<typename rclcpp::subscription_traits::has_message_type<CallbackT>::type, AllocatorT>::SharedPtr = std::shared_ptr<rclcpp::message_memory_strategy::MessageMemoryStrategy<const sensor_msgs::msg::CompressedImage_<std::allocator<void> >&, std::allocator<void> > >][m[K’
[16.972s] [01m[K/home/hansol/ros2_ws/src/darknet_ros/darknet_ros/src/YoloObjectDetector.cpp:190:61:[m[K   required from here
[16.973s] [01m[K/usr/include/c++/7/bits/allocator.h:113:26:[m[K [01;31m[Kerror: [m[Kforming pointer to reference type ‘[01m[Kconst sensor_msgs::msg::CompressedImage_<std::allocator<void> >&[m[K’
[16.973s]        typedef _Tp*       [01;31m[Kpointer[m[K;
[16.974s]                           [01;31m[K^~~~~~~[m[K
[16.975s] [01m[K/usr/include/c++/7/bits/allocator.h:114:26:[m[K [01;31m[Kerror: [m[Kforming pointer to reference type ‘[01m[Kconst sensor_msgs::msg::CompressedImage_<std::allocator<void> >&[m[K’
[16.975s]        typedef const _Tp* [01;31m[Kconst_pointer[m[K;
[16.976s]                           [01;31m[K^~~~~~~~~~~~~[m[K
[17.175s] In file included from [01m[K/usr/include/c++/7/bits/shared_ptr.h:52:0[m[K,
[17.177s]                  from [01m[K/usr/include/c++/7/memory:81[m[K,
[17.178s]                  from [01m[K/usr/include/c++/7/thread:39[m[K,
[17.179s]                  from [01m[K/home/hansol/ros2_ws/src/darknet_ros/darknet_ros/include/darknet_ros/YoloObjectDetector.hpp:17[m[K,
[17.180s]                  from [01m[K/home/hansol/ros2_ws/src/darknet_ros/darknet_ros/src/YoloObjectDetector.cpp:10[m[K:
[17.180s] /usr/include/c++/7/bits/shared_ptr_base.h: In instantiation of ‘[01m[Kclass std::__shared_ptr_access<const sensor_msgs::msg::CompressedImage_<std::allocator<void> >&, (__gnu_cxx::_Lock_policy)2, false, false>[m[K’:
[17.181s] [01m[K/usr/include/c++/7/bits/shared_ptr_base.h:1034:11:[m[K   required from ‘[01m[Kclass std::__shared_ptr<const sensor_msgs::msg::CompressedImage_<std::allocator<void> >&, (__gnu_cxx::_Lock_policy)2>[m[K’
[17.182s] [01m[K/usr/include/c++/7/bits/shared_ptr.h:93:11:[m[K   required from ‘[01m[Kclass std::shared_ptr<const sensor_msgs::msg::CompressedImage_<std::allocator<void> >&>[m[K’
[17.183s] [01m[K/opt/ros/dashing/include/rclcpp/message_memory_strategy.hpp:84:37:[m[K   required from ‘[01m[Kstd::shared_ptr<_Tp> rclcpp::message_memory_strategy::MessageMemoryStrategy<MessageT, Alloc>::borrow_message() [with MessageT = const sensor_msgs::msg::CompressedImage_<std::allocator<void> >&; Alloc = std::allocator<void>][m[K’
[17.184s] [01m[K/home/hansol/ros2_ws/src/darknet_ros/darknet_ros/src/YoloObjectDetector.cpp:766:1:[m[K   required from here
[17.185s] [01m[K/usr/include/c++/7/bits/shared_ptr_base.h:966:7:[m[K [01;31m[Kerror: [m[Kforming pointer to reference type ‘[01m[Kstd::__shared_ptr_access<const sensor_msgs::msg::CompressedImage_<std::allocator<void> >&, (__gnu_cxx::_Lock_policy)2, false, false>::element_type {aka const sensor_msgs::msg::CompressedImage_<std::allocator<void> >&}[m[K’
[17.185s]        [01;31m[Koperator[m[K->() const noexcept
[17.186s]        [01;31m[K^~~~~~~~[m[K
[17.187s] [01m[K/usr/include/c++/7/bits/shared_ptr_base.h:974:7:[m[K [01;31m[Kerror: [m[Kforming pointer to reference type ‘[01m[Kstd::__shared_ptr_access<const sensor_msgs::msg::CompressedImage_<std::allocator<void> >&, (__gnu_cxx::_Lock_policy)2, false, false>::element_type {aka const sensor_msgs::msg::CompressedImage_<std::allocator<void> >&}[m[K’
[17.187s]        [01;31m[K_M_get[m[K() const noexcept
[17.188s]        [01;31m[K^~~~~~[m[K
[17.189s] /usr/include/c++/7/bits/shared_ptr_base.h: In instantiation of ‘[01m[Kclass std::__shared_ptr<const sensor_msgs::msg::CompressedImage_<std::allocator<void> >&, (__gnu_cxx::_Lock_policy)2>[m[K’:
[17.190s] [01m[K/usr/include/c++/7/bits/shared_ptr.h:93:11:[m[K   required from ‘[01m[Kclass std::shared_ptr<const sensor_msgs::msg::CompressedImage_<std::allocator<void> >&>[m[K’
[17.190s] [01m[K/opt/ros/dashing/include/rclcpp/message_memory_strategy.hpp:84:37:[m[K   required from ‘[01m[Kstd::shared_ptr<_Tp> rclcpp::message_memory_strategy::MessageMemoryStrategy<MessageT, Alloc>::borrow_message() [with MessageT = const sensor_msgs::msg::CompressedImage_<std::allocator<void> >&; Alloc = std::allocator<void>][m[K’
[17.191s] [01m[K/home/hansol/ros2_ws/src/darknet_ros/darknet_ros/src/YoloObjectDetector.cpp:766:1:[m[K   required from here
[17.191s] [01m[K/usr/include/c++/7/bits/shared_ptr_base.h:1049:66:[m[K [01;31m[Kerror: [m[Kforming pointer to reference type ‘[01m[Kconst sensor_msgs::msg::CompressedImage_<std::allocator<void> >&[m[K’
[17.193s]     enable_if<__sp_compatible_with<_Yp*, _Tp*>::value, _Res>::type[01;31m[K;[m[K
[17.193s]                                                                   [01;31m[K^[m[K
[17.194s] [01m[K/usr/include/c++/7/bits/shared_ptr_base.h:1060:25:[m[K [01;31m[Kerror: [m[Kforming pointer to reference type ‘[01m[Kconst sensor_msgs::msg::CompressedImage_<std::allocator<void> >&[m[K’
[17.195s]     >::value, _Res>::type[01;31m[K;[m[K
[17.196s]                          [01;31m[K^[m[K
[17.196s] [01m[K/usr/include/c++/7/bits/shared_ptr_base.h:1116:2:[m[K [01;31m[Kerror: [m[Kforming pointer to reference type ‘[01m[Kstd::__shared_ptr<const sensor_msgs::msg::CompressedImage_<std::allocator<void> >&, (__gnu_cxx::_Lock_policy)2>::element_type {aka const sensor_msgs::msg::CompressedImage_<std::allocator<void> >&}[m[K’
[17.197s]   [01;31m[K__shared_ptr[m[K(const __shared_ptr<_Yp, _Lp>& __r,
[17.198s]   [01;31m[K^~~~~~~~~~~~[m[K
[17.198s] /usr/include/c++/7/bits/shared_ptr_base.h: In substitution of ‘[01m[Ktemplate<class _Tp, __gnu_cxx::_Lock_policy _Lp> template<class _Yp, class _Res> using _Compatible = typename std::enable_if<std::__sp_compatible_with<_Yp*, _Tp*>::value, _Res>::type [with _Yp = _Yp; _Res = void; _Tp = const sensor_msgs::msg::CompressedImage_<std::allocator<void> >&; __gnu_cxx::_Lock_policy _Lp = (__gnu_cxx::_Lock_policy)2][m[K’:
[17.200s] [01m[K/usr/include/c++/7/bits/shared_ptr_base.h:1126:2:[m[K   required from ‘[01m[Kclass std::__shared_ptr<const sensor_msgs::msg::CompressedImage_<std::allocator<void> >&, (__gnu_cxx::_Lock_policy)2>[m[K’
[17.201s] [01m[K/usr/include/c++/7/bits/shared_ptr.h:93:11:[m[K   required from ‘[01m[Kclass std::shared_ptr<const sensor_msgs::msg::CompressedImage_<std::allocator<void> >&>[m[K’
[17.201s] [01m[K/opt/ros/dashing/include/rclcpp/message_memory_strategy.hpp:84:37:[m[K   required from ‘[01m[Kstd::shared_ptr<_Tp> rclcpp::message_memory_strategy::MessageMemoryStrategy<MessageT, Alloc>::borrow_message() [with MessageT = const sensor_msgs::msg::CompressedImage_<std::allocator<void> >&; Alloc = std::allocator<void>][m[K’
[17.202s] [01m[K/home/hansol/ros2_ws/src/darknet_ros/darknet_ros/src/YoloObjectDetector.cpp:766:1:[m[K   required from here
[17.203s] [01m[K/usr/include/c++/7/bits/shared_ptr_base.h:1049:66:[m[K [01;31m[Kerror: [m[Kforming pointer to reference type ‘[01m[Kconst sensor_msgs::msg::CompressedImage_<std::allocator<void> >&[m[K’
[17.204s]     enable_if<__sp_compatible_with<_Yp*, _Tp*>::value, _Res>::type[01;31m[K;[m[K
[17.206s]                                                                   [01;31m[K^[m[K
[17.207s] /usr/include/c++/7/bits/shared_ptr_base.h: In substitution of ‘[01m[Ktemplate<class _Tp, __gnu_cxx::_Lock_policy _Lp> template<class _Yp, class _Del, class _Res, class _Ptr> using _UniqCompatible = typename std::enable_if<std::__and_<std::__sp_compatible_with<_Yp*, _Tp*>, std::is_convertible<_Ptr, typename std::remove_extent<_Up>::type*> >::value, _Res>::type [with _Yp = _Yp; _Del = _Del; _Res = void; _Ptr = typename std::unique_ptr<_Tp, _Dp>::pointer; _Tp = const sensor_msgs::msg::CompressedImage_<std::allocator<void> >&; __gnu_cxx::_Lock_policy _Lp = (__gnu_cxx::_Lock_policy)2][m[K’:
[17.209s] [01m[K/usr/include/c++/7/bits/shared_ptr_base.h:1157:2:[m[K   required from ‘[01m[Kclass std::__shared_ptr<const sensor_msgs::msg::CompressedImage_<std::allocator<void> >&, (__gnu_cxx::_Lock_policy)2>[m[K’
[17.210s] [01m[K/usr/include/c++/7/bits/shared_ptr.h:93:11:[m[K   required from ‘[01m[Kclass std::shared_ptr<const sensor_msgs::msg::CompressedImage_<std::allocator<void> >&>[m[K’
[17.211s] [01m[K/opt/ros/dashing/include/rclcpp/message_memory_strategy.hpp:84:37:[m[K   required from ‘[01m[Kstd::shared_ptr<_Tp> rclcpp::message_memory_strategy::MessageMemoryStrategy<MessageT, Alloc>::borrow_message() [with MessageT = const sensor_msgs::msg::CompressedImage_<std::allocator<void> >&; Alloc = std::allocator<void>][m[K’
[17.211s] [01m[K/home/hansol/ros2_ws/src/darknet_ros/darknet_ros/src/YoloObjectDetector.cpp:766:1:[m[K   required from here
[17.212s] [01m[K/usr/include/c++/7/bits/shared_ptr_base.h:1060:25:[m[K [01;31m[Kerror: [m[Kforming pointer to reference type ‘[01m[Kconst sensor_msgs::msg::CompressedImage_<std::allocator<void> >&[m[K’
[17.213s]     >::value, _Res>::type[01;31m[K;[m[K
[17.214s]                          [01;31m[K^[m[K
[17.215s] /usr/include/c++/7/bits/shared_ptr_base.h: In instantiation of ‘[01m[Kclass std::__shared_ptr<const sensor_msgs::msg::CompressedImage_<std::allocator<void> >&, (__gnu_cxx::_Lock_policy)2>[m[K’:
[17.215s] [01m[K/usr/include/c++/7/bits/shared_ptr.h:93:11:[m[K   required from ‘[01m[Kclass std::shared_ptr<const sensor_msgs::msg::CompressedImage_<std::allocator<void> >&>[m[K’
[17.216s] [01m[K/opt/ros/dashing/include/rclcpp/message_memory_strategy.hpp:84:37:[m[K   required from ‘[01m[Kstd::shared_ptr<_Tp> rclcpp::message_memory_strategy::MessageMemoryStrategy<MessageT, Alloc>::borrow_message() [with MessageT = const sensor_msgs::msg::CompressedImage_<std::allocator<void> >&; Alloc = std::allocator<void>][m[K’
[17.217s] [01m[K/home/hansol/ros2_ws/src/darknet_ros/darknet_ros/src/YoloObjectDetector.cpp:766:1:[m[K   required from here
[17.218s] [01m[K/usr/include/c++/7/bits/shared_ptr_base.h:1257:7:[m[K [01;31m[Kerror: [m[Kforming pointer to reference type ‘[01m[Kstd::__shared_ptr<const sensor_msgs::msg::CompressedImage_<std::allocator<void> >&, (__gnu_cxx::_Lock_policy)2>::element_type {aka const sensor_msgs::msg::CompressedImage_<std::allocator<void> >&}[m[K’
[17.218s]        [01;31m[Kget[m[K() const noexcept
[17.219s]        [01;31m[K^~~[m[K
[17.220s] [01m[K/usr/include/c++/7/bits/shared_ptr_base.h:1401:24:[m[K [01;31m[Kerror: [m[Kforming pointer to reference type ‘[01m[Kstd::__shared_ptr<const sensor_msgs::msg::CompressedImage_<std::allocator<void> >&, (__gnu_cxx::_Lock_policy)2>::element_type {aka const sensor_msgs::msg::CompressedImage_<std::allocator<void> >&}[m[K’
[17.221s]        element_type*    [01;31m[K_M_ptr[m[K;         // Contained pointer.
[17.221s]                         [01;31m[K^~~~~~[m[K
[17.222s] In file included from [01m[K/usr/include/c++/7/memory:81:0[m[K,
[17.223s]                  from [01m[K/usr/include/c++/7/thread:39[m[K,
[17.224s]                  from [01m[K/home/hansol/ros2_ws/src/darknet_ros/darknet_ros/include/darknet_ros/YoloObjectDetector.hpp:17[m[K,
[17.225s]                  from [01m[K/home/hansol/ros2_ws/src/darknet_ros/darknet_ros/src/YoloObjectDetector.cpp:10[m[K:
[17.225s] /usr/include/c++/7/bits/shared_ptr.h: In instantiation of ‘[01m[Kclass std::shared_ptr<const sensor_msgs::msg::CompressedImage_<std::allocator<void> >&>[m[K’:
[17.226s] [01m[K/opt/ros/dashing/include/rclcpp/message_memory_strategy.hpp:84:37:[m[K   required from ‘[01m[Kstd::shared_ptr<_Tp> rclcpp::message_memory_strategy::MessageMemoryStrategy<MessageT, Alloc>::borrow_message() [with MessageT = const sensor_msgs::msg::CompressedImage_<std::allocator<void> >&; Alloc = std::allocator<void>][m[K’
[17.227s] [01m[K/home/hansol/ros2_ws/src/darknet_ros/darknet_ros/src/YoloObjectDetector.cpp:766:1:[m[K   required from here
[17.228s] [01m[K/usr/include/c++/7/bits/shared_ptr.h:224:2:[m[K [01;31m[Kerror: [m[Kforming pointer to reference type ‘[01m[Kstd::shared_ptr<const sensor_msgs::msg::CompressedImage_<std::allocator<void> >&>::element_type {aka const sensor_msgs::msg::CompressedImage_<std::allocator<void> >&}[m[K’
[17.229s]   [01;31m[Kshared_ptr[m[K(const shared_ptr<_Yp>& __r, element_type* __p) noexcept
[17.231s]   [01;31m[K^~~~~~~~~~[m[K
[17.682s] In file included from [01m[K/usr/include/c++/7/bits/shared_ptr.h:52:0[m[K,
[17.684s]                  from [01m[K/usr/include/c++/7/memory:81[m[K,
[17.686s]                  from [01m[K/usr/include/c++/7/thread:39[m[K,
[17.689s]                  from [01m[K/home/hansol/ros2_ws/src/darknet_ros/darknet_ros/include/darknet_ros/YoloObjectDetector.hpp:17[m[K,
[17.690s]                  from [01m[K/home/hansol/ros2_ws/src/darknet_ros/darknet_ros/src/YoloObjectDetector.cpp:10[m[K:
[17.691s] /usr/include/c++/7/bits/shared_ptr_base.h: In instantiation of ‘[01m[Kconstexpr std::__shared_ptr<_Tp, _Lp>::__shared_ptr() [with _Tp = const sensor_msgs::msg::CompressedImage_<std::allocator<void> >&; __gnu_cxx::_Lock_policy _Lp = (__gnu_cxx::_Lock_policy)2][m[K’:
[17.692s] [01m[K/usr/include/c++/7/bits/shared_ptr_base.h:1235:9:[m[K   required from ‘[01m[Kvoid std::__shared_ptr<_Tp, _Lp>::reset() [with _Tp = const sensor_msgs::msg::CompressedImage_<std::allocator<void> >&; __gnu_cxx::_Lock_policy _Lp = (__gnu_cxx::_Lock_policy)2][m[K’
[17.693s] [01m[K/opt/ros/dashing/include/rclcpp/message_memory_strategy.hpp:126:5:[m[K   required from ‘[01m[Kvoid rclcpp::message_memory_strategy::MessageMemoryStrategy<MessageT, Alloc>::return_message(std::shared_ptr<_Tp>&) [with MessageT = const sensor_msgs::msg::CompressedImage_<std::allocator<void> >&; Alloc = std::allocator<void>][m[K’
[17.693s] [01m[K/home/hansol/ros2_ws/src/darknet_ros/darknet_ros/src/YoloObjectDetector.cpp:766:1:[m[K   required from here
[17.694s] [01m[K/usr/include/c++/7/bits/shared_ptr_base.h:1073:32:[m[K [01;31m[Kerror: [m[Kusing invalid field ‘[01m[Kstd::__shared_ptr<_Tp, _Lp>::_M_ptr[m[K’
[17.695s]        : _M_ptr(0), _M_refcount([01;31m[K)[m[K
[17.695s]                                 [01;31m[K^[m[K
[17.696s] /usr/include/c++/7/bits/shared_ptr_base.h: In instantiation of ‘[01m[Kvoid std::__shared_ptr<_Tp, _Lp>::swap(std::__shared_ptr<_Tp, _Lp>&) [with _Tp = const sensor_msgs::msg::CompressedImage_<std::allocator<void> >&; __gnu_cxx::_Lock_policy _Lp = (__gnu_cxx::_Lock_policy)2][m[K’:
[17.697s] [01m[K/usr/include/c++/7/bits/shared_ptr_base.h:1235:24:[m[K   required from ‘[01m[Kvoid std::__shared_ptr<_Tp, _Lp>::reset() [with _Tp = const sensor_msgs::msg::CompressedImage_<std::allocator<void> >&; __gnu_cxx::_Lock_policy _Lp = (__gnu_cxx::_Lock_policy)2][m[K’
[17.697s] [01m[K/opt/ros/dashing/include/rclcpp/message_memory_strategy.hpp:126:5:[m[K   required from ‘[01m[Kvoid rclcpp::message_memory_strategy::MessageMemoryStrategy<MessageT, Alloc>::return_message(std::shared_ptr<_Tp>&) [with MessageT = const sensor_msgs::msg::CompressedImage_<std::allocator<void> >&; Alloc = std::allocator<void>][m[K’
[17.698s] [01m[K/home/hansol/ros2_ws/src/darknet_ros/darknet_ros/src/YoloObjectDetector.cpp:766:1:[m[K   required from here
[17.699s] [01m[K/usr/include/c++/7/bits/shared_ptr_base.h:1274:12:[m[K [01;31m[Kerror: [m[Kusing invalid field ‘[01m[Kstd::__shared_ptr<_Tp, _Lp>::_M_ptr[m[K’
[17.700s]   std::swap([01;31m[K_M_ptr[m[K, __other._M_ptr);
[17.700s]             [01;31m[K^~~~~~[m[K
[17.701s] [01m[K/usr/include/c++/7/bits/shared_ptr_base.h:1274:28:[m[K [01;31m[Kerror: [m[K‘[01m[Kclass std::__shared_ptr<const sensor_msgs::msg::CompressedImage_<std::allocator<void> >&, (__gnu_cxx::_Lock_policy)2>[m[K’ has no member named ‘[01m[K_M_ptr[m[K’
[17.702s]   std::swap(_M_ptr, [01;31m[K__other._M_ptr[m[K);
[17.702s]                     [01;31m[K~~~~~~~~^~~~~~[m[K
[19.041s] In file included from [01m[K/usr/include/c++/7/future:48:0[m[K,
[19.042s]                  from [01m[K/opt/ros/dashing/include/rclcpp/executors.hpp:18[m[K,
[19.042s]                  from [01m[K/opt/ros/dashing/include/rclcpp/rclcpp.hpp:144[m[K,
[19.043s]                  from [01m[K/home/hansol/ros2_ws/src/darknet_ros/darknet_ros/include/darknet_ros/YoloObjectDetector.hpp:25[m[K,
[19.043s]                  from [01m[K/home/hansol/ros2_ws/src/darknet_ros/darknet_ros/src/YoloObjectDetector.cpp:10[m[K:
[19.044s] [01m[K/usr/include/c++/7/bits/std_function.h:[m[K At global scope:
[19.045s] [01m[K/usr/include/c++/7/bits/std_function.h:541:2:[m[K [01;31m[Kerror: [m[K‘[01m[Kstd::function<_Res(_ArgTypes ...)>::_Requires<std::function<_Res(_ArgTypes ...)>::_Callable<typename std::decay<_U1>::type>, std::function<_Res(_ArgTypes ...)>&> std::function<_Res(_ArgTypes ...)>::operator=(_Functor&&) [with _Functor = rclcpp::create_subscription_factory(CallbackT&&, const rclcpp::SubscriptionEventCallbacks&, typename rclcpp::message_memory_strategy::MessageMemoryStrategy<CallbackMessageT, Alloc>::SharedPtr, std::shared_ptr<PublisherT>) [with MessageT = sensor_msgs::msg::CompressedImage_<std::allocator<void> >; CallbackT = std::_Bind<void (darknet_ros::YoloObjectDetector::*(darknet_ros::YoloObjectDetector*, std::_Placeholder<1>))(const sensor_msgs::msg::CompressedImage_<std::allocator<void> >&)>; Alloc = std::allocator<void>; CallbackMessageT = const sensor_msgs::msg::CompressedImage_<std::allocator<void> >&; SubscriptionT = rclcpp::Subscription<const sensor_msgs::msg::CompressedImage_<std::allocator<void> >&, std::allocator<void> >; typename rclcpp::message_memory_strategy::MessageMemoryStrategy<CallbackMessageT, Alloc>::SharedPtr = std::shared_ptr<rclcpp::message_memory_strategy::MessageMemoryStrategy<const sensor_msgs::msg::CompressedImage_<std::allocator<void> >&, std::allocator<void> > >]::<lambda(rclcpp::node_interfaces::NodeBaseInterface*, const string&, const rcl_subscription_options_t&)>; _Res = std::shared_ptr<rclcpp::SubscriptionBase>; _ArgTypes = {rclcpp::node_interfaces::NodeBaseInterface*, const std::__cxx11::basic_string<char, std::char_traits<char>, std::allocator<char> >&, const rcl_subscription_options_t&}; std::function<_Res(_ArgTypes ...)>::_Requires<std::function<_Res(_ArgTypes ...)>::_Callable<typename std::decay<_U1>::type>, std::function<_Res(_ArgTypes ...)>&> = std::function<std::shared_ptr<rclcpp::SubscriptionBase>(rclcpp::node_interfaces::NodeBaseInterface*, const std::__cxx11::basic_string<char>&, const rcl_subscription_options_t&)>&][m[K’, declared using local type ‘[01m[Krclcpp::create_subscription_factory(CallbackT&&, const rclcpp::SubscriptionEventCallbacks&, typename rclcpp::message_memory_strategy::MessageMemoryStrategy<CallbackMessageT, Alloc>::SharedPtr, std::shared_ptr<PublisherT>) [with MessageT = sensor_msgs::msg::CompressedImage_<std::allocator<void> >; CallbackT = std::_Bind<void (darknet_ros::YoloObjectDetector::*(darknet_ros::YoloObjectDetector*, std::_Placeholder<1>))(const sensor_msgs::msg::CompressedImage_<std::allocator<void> >&)>; Alloc = std::allocator<void>; CallbackMessageT = const sensor_msgs::msg::CompressedImage_<std::allocator<void> >&; SubscriptionT = rclcpp::Subscription<const sensor_msgs::msg::CompressedImage_<std::allocator<void> >&, std::allocator<void> >; typename rclcpp::message_memory_strategy::MessageMemoryStrategy<CallbackMessageT, Alloc>::SharedPtr = std::shared_ptr<rclcpp::message_memory_strategy::MessageMemoryStrategy<const sensor_msgs::msg::CompressedImage_<std::allocator<void> >&, std::allocator<void> > >]::<lambda(rclcpp::node_interfaces::NodeBaseInterface*, const string&, const rcl_subscription_options_t&)>[m[K’, is used but never defined [[01;31m[K-fpermissive[m[K]
[19.045s]   [01;31m[Koperator[m[K=(_Functor&& __f)
[19.046s]   [01;31m[K^~~~~~~~[m[K
[20.121s] CMakeFiles/darknet_ros_lib.dir/build.make:2370: recipe for target 'CMakeFiles/darknet_ros_lib.dir/src/YoloObjectDetector.cpp.o' failed
[20.122s] make[2]: *** [CMakeFiles/darknet_ros_lib.dir/src/YoloObjectDetector.cpp.o] Error 1
[20.124s] CMakeFiles/Makefile2:111: recipe for target 'CMakeFiles/darknet_ros_lib.dir/all' failed
[20.125s] make[1]: *** [CMakeFiles/darknet_ros_lib.dir/all] Error 2
[20.125s] Makefile:145: recipe for target 'all' failed
[20.126s] make: *** [all] Error 2
[20.131s] Invoked command in '/home/hansol/ros2_ws/build/darknet_ros' returned '2': CMAKE_PREFIX_PATH=/home/hansol/ros2_ws/install/darknet_ros_msgs:/home/hansol/ros2_ws/install/realsense_ros2_camera:/home/hansol/ros2_ws/install/realsense_camera_msgs:/home/hansol/ros2_ws/install/darknet_ros:/home/hansol/ros2_ws/install/Darknet:/opt/ros/dashing LD_LIBRARY_PATH=/home/hansol/ros2_ws/install/darknet_ros_msgs/lib:/home/hansol/ros2_ws/install/realsense_camera_msgs/lib:/home/hansol/ros2_ws/install/darknet_ros/lib:/opt/ros/dashing/lib:/usr/local/cuda-10.2/lib64 PYTHONPATH=/home/hansol/ros2_ws/install/darknet_ros_msgs/lib/python3.6/site-packages:/home/hansol/ros2_ws/install/realsense_camera_msgs/lib/python3.6/site-packages:/opt/ros/dashing/lib/python3.6/site-packages /usr/local/bin/cmake --build /home/hansol/ros2_ws/build/darknet_ros -- -j4 -l4
