[0.140s] Invoking command in '/home/hansol/ros2_ws/build/Darknet': /usr/local/bin/cmake --build /home/hansol/ros2_ws/build/Darknet -- -j4 -l4
[0.163s] Change Dir: '/home/hansol/ros2_ws/build/Darknet'
[0.164s] 
[0.169s] Run Build Command(s): /usr/local/bin/cmake -E env VERBOSE=1 /usr/bin/make -f Makefile -j4 -l4
[0.187s] /usr/local/bin/cmake -S/home/hansol/ros2_ws/src/darknet_ros/darknet -B/home/hansol/ros2_ws/build/Darknet --check-build-system CMakeFiles/Makefile.cmake 0
[0.215s] /usr/local/bin/cmake -E cmake_progress_start /home/hansol/ros2_ws/build/Darknet/CMakeFiles /home/hansol/ros2_ws/build/Darknet//CMakeFiles/progress.marks
[0.245s] /usr/bin/make  -f CMakeFiles/Makefile2 all
[0.252s] make[1]: Entering directory '/home/hansol/ros2_ws/build/Darknet'
[0.253s] /usr/bin/make  -f CMakeFiles/dark.dir/build.make CMakeFiles/dark.dir/depend
[0.254s] /usr/bin/make  -f CMakeFiles/darknet.dir/build.make CMakeFiles/darknet.dir/depend
[0.366s] make[2]: Entering directory '/home/hansol/ros2_ws/build/Darknet'
[0.371s] cd /home/hansol/ros2_ws/build/Darknet && /usr/local/bin/cmake -E cmake_depends "Unix Makefiles" /home/hansol/ros2_ws/src/darknet_ros/darknet /home/hansol/ros2_ws/src/darknet_ros/darknet /home/hansol/ros2_ws/build/Darknet /home/hansol/ros2_ws/build/Darknet /home/hansol/ros2_ws/build/Darknet/CMakeFiles/darknet.dir/DependInfo.cmake "--color="
[0.393s] make[2]: Entering directory '/home/hansol/ros2_ws/build/Darknet'
[0.394s] cd /home/hansol/ros2_ws/build/Darknet && /usr/local/bin/cmake -E cmake_depends "Unix Makefiles" /home/hansol/ros2_ws/src/darknet_ros/darknet /home/hansol/ros2_ws/src/darknet_ros/darknet /home/hansol/ros2_ws/build/Darknet /home/hansol/ros2_ws/build/Darknet /home/hansol/ros2_ws/build/Darknet/CMakeFiles/dark.dir/DependInfo.cmake "--color="
[0.437s] make[2]: Leaving directory '/home/hansol/ros2_ws/build/Darknet'
[0.438s] /usr/bin/make  -f CMakeFiles/dark.dir/build.make CMakeFiles/dark.dir/build
[0.462s] make[2]: Leaving directory '/home/hansol/ros2_ws/build/Darknet'
[0.463s] /usr/bin/make  -f CMakeFiles/darknet.dir/build.make CMakeFiles/darknet.dir/build
[0.515s] make[2]: Entering directory '/home/hansol/ros2_ws/build/Darknet'
[0.529s] make[2]: Nothing to be done for 'CMakeFiles/dark.dir/build'.
[0.530s] make[2]: Leaving directory '/home/hansol/ros2_ws/build/Darknet'
[0.554s] make[2]: Entering directory '/home/hansol/ros2_ws/build/Darknet'
[0.555s] make[2]: Nothing to be done for 'CMakeFiles/darknet.dir/build'.
[0.556s] make[2]: Leaving directory '/home/hansol/ros2_ws/build/Darknet'
[0.567s] [ 49%] Built target dark
[0.573s] /usr/bin/make  -f CMakeFiles/uselib_track.dir/build.make CMakeFiles/uselib_track.dir/depend
[0.574s] /usr/bin/make  -f CMakeFiles/uselib.dir/build.make CMakeFiles/uselib.dir/depend
[0.581s] make[2]: Entering directory '/home/hansol/ros2_ws/build/Darknet'
[0.582s] cd /home/hansol/ros2_ws/build/Darknet && /usr/local/bin/cmake -E cmake_depends "Unix Makefiles" /home/hansol/ros2_ws/src/darknet_ros/darknet /home/hansol/ros2_ws/src/darknet_ros/darknet /home/hansol/ros2_ws/build/Darknet /home/hansol/ros2_ws/build/Darknet /home/hansol/ros2_ws/build/Darknet/CMakeFiles/uselib.dir/DependInfo.cmake "--color="
[0.592s] [ 97%] Built target darknet
[0.597s] make[2]: Entering directory '/home/hansol/ros2_ws/build/Darknet'
[0.614s] cd /home/hansol/ros2_ws/build/Darknet && /usr/local/bin/cmake -E cmake_depends "Unix Makefiles" /home/hansol/ros2_ws/src/darknet_ros/darknet /home/hansol/ros2_ws/src/darknet_ros/darknet /home/hansol/ros2_ws/build/Darknet /home/hansol/ros2_ws/build/Darknet /home/hansol/ros2_ws/build/Darknet/CMakeFiles/uselib_track.dir/DependInfo.cmake "--color="
[0.615s] make[2]: Leaving directory '/home/hansol/ros2_ws/build/Darknet'
[0.617s] /usr/bin/make  -f CMakeFiles/uselib.dir/build.make CMakeFiles/uselib.dir/build
[0.624s] make[2]: Entering directory '/home/hansol/ros2_ws/build/Darknet'
[0.625s] make[2]: Nothing to be done for 'CMakeFiles/uselib.dir/build'.
[0.636s] make[2]: Leaving directory '/home/hansol/ros2_ws/build/Darknet'
[0.638s] make[2]: Leaving directory '/home/hansol/ros2_ws/build/Darknet'
[0.639s] /usr/bin/make  -f CMakeFiles/uselib_track.dir/build.make CMakeFiles/uselib_track.dir/build
[0.649s] make[2]: Entering directory '/home/hansol/ros2_ws/build/Darknet'
[0.650s] make[2]: Nothing to be done for 'CMakeFiles/uselib_track.dir/build'.
[0.651s] make[2]: Leaving directory '/home/hansol/ros2_ws/build/Darknet'
[0.666s] [ 98%] Built target uselib
[0.672s] [100%] Built target uselib_track
[0.674s] make[1]: Leaving directory '/home/hansol/ros2_ws/build/Darknet'
[0.675s] /usr/local/bin/cmake -E cmake_progress_start /home/hansol/ros2_ws/build/Darknet/CMakeFiles 0
[0.708s] 
[0.716s] Invoked command in '/home/hansol/ros2_ws/build/Darknet' returned '0': /usr/local/bin/cmake --build /home/hansol/ros2_ws/build/Darknet -- -j4 -l4
[1.981s] Invoking command in '/home/hansol/ros2_ws/build/Darknet': /usr/local/bin/cmake --install /home/hansol/ros2_ws/build/Darknet
[2.025s] -- Install configuration: "Release"
[2.029s] -- Up-to-date: /home/hansol/ros2_ws/src/darknet_ros/darknet/libdarknet.so
[2.031s] -- Up-to-date: /home/hansol/ros2_ws/install/Darknet/include/darknet/darknet.h
[2.036s] -- Up-to-date: /home/hansol/ros2_ws/install/Darknet/include/darknet/yolo_v2_class.hpp
[2.040s] -- Up-to-date: /home/hansol/ros2_ws/src/darknet_ros/darknet/uselib
[2.042s] -- Up-to-date: /home/hansol/ros2_ws/src/darknet_ros/darknet/darknet
[2.043s] -- Up-to-date: /home/hansol/ros2_ws/src/darknet_ros/darknet/uselib_track
[2.044s] -- Up-to-date: /home/hansol/ros2_ws/install/Darknet/share/darknet/DarknetTargets.cmake
[2.052s] -- Up-to-date: /home/hansol/ros2_ws/install/Darknet/share/darknet/DarknetTargets-release.cmake
[2.053s] -- Up-to-date: /home/hansol/ros2_ws/install/Darknet/share/darknet/DarknetConfig.cmake
[2.054s] -- Up-to-date: /home/hansol/ros2_ws/install/Darknet/share/darknet/DarknetConfigVersion.cmake
[2.056s] Invoked command in '/home/hansol/ros2_ws/build/Darknet' returned '0': /usr/local/bin/cmake --install /home/hansol/ros2_ws/build/Darknet
