[01m[K/home/hansol/ros2_ws/src/darknet_ros/darknet_ros/src/YoloObjectDetector.cpp:[m[K In member function ‘[01m[Kvoid darknet_ros::YoloObjectDetector::init()[m[K’:
[01m[K/home/hansol/ros2_ws/src/darknet_ros/darknet_ros/src/YoloObjectDetector.cpp:191:61:[m[K [01;31m[Kerror: [m[Kno matching function for call to ‘[01m[Kimage_transport::ImageTransport::subscribe(std::__cxx11::string&, int&, std::_Bind_helper<false, void (darknet_ros::YoloObjectDetector::*)(const sensor_msgs::msg::CompressedImage_<std::allocator<void> >&), darknet_ros::YoloObjectDetector*, const std::_Placeholder<1>&>::type)[m[K’
     std::bind(&YoloObjectDetector::cameraCallback, this, _1)[01;31m[K)[m[K;
                                                             [01;31m[K^[m[K
In file included from [01m[K/home/hansol/ros2_ws/src/darknet_ros/darknet_ros/include/darknet_ros/YoloObjectDetector.hpp:30:0[m[K,
                 from [01m[K/home/hansol/ros2_ws/src/darknet_ros/darknet_ros/src/YoloObjectDetector.cpp:10[m[K:
[01m[K/opt/ros/dashing/include/image_transport/image_transport.h:141:14:[m[K [01;36m[Knote: [m[Kcandidate: image_transport::Subscriber image_transport::ImageTransport::subscribe(const string&, uint32_t, const Callback&, const VoidPtr&, const image_transport::TransportHints*)
   Subscriber [01;36m[Ksubscribe[m[K(
              [01;36m[K^~~~~~~~~[m[K
[01m[K/opt/ros/dashing/include/image_transport/image_transport.h:141:14:[m[K [01;36m[Knote: [m[K  no known conversion for argument 3 from ‘[01m[Kstd::_Bind_helper<false, void (darknet_ros::YoloObjectDetector::*)(const sensor_msgs::msg::CompressedImage_<std::allocator<void> >&), darknet_ros::YoloObjectDetector*, const std::_Placeholder<1>&>::type {aka std::_Bind<void (darknet_ros::YoloObjectDetector::*(darknet_ros::YoloObjectDetector*, std::_Placeholder<1>))(const sensor_msgs::msg::CompressedImage_<std::allocator<void> >&)>}[m[K’ to ‘[01m[Kconst Callback& {aka const std::function<void(const std::shared_ptr<const sensor_msgs::msg::Image_<std::allocator<void> > >&)>&}[m[K’
[01m[K/opt/ros/dashing/include/image_transport/image_transport.h:151:14:[m[K [01;36m[Knote: [m[Kcandidate: image_transport::Subscriber image_transport::ImageTransport::subscribe(const string&, uint32_t, void (*)(const ImageConstPtr&), const image_transport::TransportHints*)
   Subscriber [01;36m[Ksubscribe[m[K(
              [01;36m[K^~~~~~~~~[m[K
[01m[K/opt/ros/dashing/include/image_transport/image_transport.h:151:14:[m[K [01;36m[Knote: [m[K  no known conversion for argument 3 from ‘[01m[Kstd::_Bind_helper<false, void (darknet_ros::YoloObjectDetector::*)(const sensor_msgs::msg::CompressedImage_<std::allocator<void> >&), darknet_ros::YoloObjectDetector*, const std::_Placeholder<1>&>::type {aka std::_Bind<void (darknet_ros::YoloObjectDetector::*(darknet_ros::YoloObjectDetector*, std::_Placeholder<1>))(const sensor_msgs::msg::CompressedImage_<std::allocator<void> >&)>}[m[K’ to ‘[01m[Kvoid (*)(const ImageConstPtr&) {aka void (*)(const std::shared_ptr<const sensor_msgs::msg::Image_<std::allocator<void> > >&)}[m[K’
[01m[K/opt/ros/dashing/include/image_transport/image_transport.h:165:14:[m[K [01;36m[Knote: [m[Kcandidate: template<class T> image_transport::Subscriber image_transport::ImageTransport::subscribe(const string&, uint32_t, void (T::*)(const ImageConstPtr&), T*, const image_transport::TransportHints*)
   Subscriber [01;36m[Ksubscribe[m[K(
              [01;36m[K^~~~~~~~~[m[K
[01m[K/opt/ros/dashing/include/image_transport/image_transport.h:165:14:[m[K [01;36m[Knote: [m[K  template argument deduction/substitution failed:
[01m[K/home/hansol/ros2_ws/src/darknet_ros/darknet_ros/src/YoloObjectDetector.cpp:191:61:[m[K [01;36m[Knote: [m[K  mismatched types ‘[01m[Kvoid (T::*)(const ImageConstPtr&)[m[K’ and ‘[01m[Kstd::_Bind<void (darknet_ros::YoloObjectDetector::*(darknet_ros::YoloObjectDetector*, std::_Placeholder<1>))(const sensor_msgs::msg::CompressedImage_<std::allocator<void> >&)>[m[K’
     std::bind(&YoloObjectDetector::cameraCallback, this, _1)[01;36m[K)[m[K;
                                                             [01;36m[K^[m[K
In file included from [01m[K/home/hansol/ros2_ws/src/darknet_ros/darknet_ros/include/darknet_ros/YoloObjectDetector.hpp:30:0[m[K,
                 from [01m[K/home/hansol/ros2_ws/src/darknet_ros/darknet_ros/src/YoloObjectDetector.cpp:10[m[K:
[01m[K/opt/ros/dashing/include/image_transport/image_transport.h:178:14:[m[K [01;36m[Knote: [m[Kcandidate: template<class T> image_transport::Subscriber image_transport::ImageTransport::subscribe(const string&, uint32_t, void (T::*)(const ImageConstPtr&), const std::shared_ptr<_Tp>&, const image_transport::TransportHints*)
   Subscriber [01;36m[Ksubscribe[m[K(
              [01;36m[K^~~~~~~~~[m[K
[01m[K/opt/ros/dashing/include/image_transport/image_transport.h:178:14:[m[K [01;36m[Knote: [m[K  template argument deduction/substitution failed:
[01m[K/home/hansol/ros2_ws/src/darknet_ros/darknet_ros/src/YoloObjectDetector.cpp:191:61:[m[K [01;36m[Knote: [m[K  mismatched types ‘[01m[Kvoid (T::*)(const ImageConstPtr&)[m[K’ and ‘[01m[Kstd::_Bind<void (darknet_ros::YoloObjectDetector::*(darknet_ros::YoloObjectDetector*, std::_Placeholder<1>))(const sensor_msgs::msg::CompressedImage_<std::allocator<void> >&)>[m[K’
     std::bind(&YoloObjectDetector::cameraCallback, this, _1)[01;36m[K)[m[K;
                                                             [01;36m[K^[m[K
[01m[K/home/hansol/ros2_ws/src/darknet_ros/darknet_ros/src/YoloObjectDetector.cpp:[m[K At global scope:
[01m[K/home/hansol/ros2_ws/src/darknet_ros/darknet_ros/src/YoloObjectDetector.cpp:230:6:[m[K [01;31m[Kerror: [m[Kprototype for ‘[01m[Kvoid darknet_ros::YoloObjectDetector::cameraCallback(const CompressedImage&) const[m[K’ does not match any in class ‘[01m[Kdarknet_ros::YoloObjectDetector[m[K’
 void [01;31m[KYoloObjectDetector[m[K::cameraCallback(const sensor_msgs::msg::CompressedImage & msg) const
      [01;31m[K^~~~~~~~~~~~~~~~~~[m[K
In file included from [01m[K/home/hansol/ros2_ws/src/darknet_ros/darknet_ros/src/YoloObjectDetector.cpp:10:0[m[K:
[01m[K/home/hansol/ros2_ws/src/darknet_ros/darknet_ros/include/darknet_ros/YoloObjectDetector.hpp:124:8:[m[K [01;31m[Kerror: [m[Kcandidate is: void darknet_ros::YoloObjectDetector::cameraCallback(const CompressedImage&)
   void [01;31m[KcameraCallback[m[K(const sensor_msgs::msg::CompressedImage & msg);
        [01;31m[K^~~~~~~~~~~~~~[m[K
make[2]: *** [CMakeFiles/darknet_ros_lib.dir/src/YoloObjectDetector.cpp.o] Error 1
make[1]: *** [CMakeFiles/darknet_ros_lib.dir/all] Error 2
make: *** [all] Error 2
