[0.110s] Invoking command in '/home/hansol/ros2_ws/build/darknet_ros': CMAKE_PREFIX_PATH=/home/hansol/ros2_ws/install/darknet_ros_msgs:/home/hansol/ros2_ws/install/realsense_ros2_camera:/home/hansol/ros2_ws/install/realsense_camera_msgs:/home/hansol/ros2_ws/install/darknet_ros:/home/hansol/ros2_ws/install/Darknet:/opt/ros/dashing LD_LIBRARY_PATH=/home/hansol/ros2_ws/install/darknet_ros_msgs/lib:/home/hansol/ros2_ws/install/realsense_camera_msgs/lib:/home/hansol/ros2_ws/install/darknet_ros/lib:/opt/ros/dashing/lib:/usr/local/cuda-10.2/lib64 PYTHONPATH=/home/hansol/ros2_ws/install/darknet_ros_msgs/lib/python3.6/site-packages:/home/hansol/ros2_ws/install/realsense_camera_msgs/lib/python3.6/site-packages:/opt/ros/dashing/lib/python3.6/site-packages /usr/local/bin/cmake --build /home/hansol/ros2_ws/build/darknet_ros -- -j4 -l4
[0.387s] [  1%] [32mBuilding CXX object CMakeFiles/darknet_ros_lib.dir/src/YoloObjectDetector.cpp.o[0m
[0.388s] [  2%] [32mBuilding CXX object CMakeFiles/darknet_ros_lib.dir/src/yolo_object_detector_node.cpp.o[0m
[9.571s] [01m[K/home/hansol/ros2_ws/src/darknet_ros/darknet_ros/src/YoloObjectDetector.cpp:[m[K In member function ‘[01m[Kvoid darknet_ros::YoloObjectDetector::init()[m[K’:
[9.572s] [01m[K/home/hansol/ros2_ws/src/darknet_ros/darknet_ros/src/YoloObjectDetector.cpp:191:61:[m[K [01;31m[Kerror: [m[Kno matching function for call to ‘[01m[Kimage_transport::ImageTransport::subscribe(std::__cxx11::string&, int&, std::_Bind_helper<false, void (darknet_ros::YoloObjectDetector::*)(const sensor_msgs::msg::CompressedImage_<std::allocator<void> >&), darknet_ros::YoloObjectDetector*, const std::_Placeholder<1>&>::type)[m[K’
[9.572s]      std::bind(&YoloObjectDetector::cameraCallback, this, _1)[01;31m[K)[m[K;
[9.573s]                                                              [01;31m[K^[m[K
[9.574s] In file included from [01m[K/home/hansol/ros2_ws/src/darknet_ros/darknet_ros/include/darknet_ros/YoloObjectDetector.hpp:30:0[m[K,
[9.574s]                  from [01m[K/home/hansol/ros2_ws/src/darknet_ros/darknet_ros/src/YoloObjectDetector.cpp:10[m[K:
[9.575s] [01m[K/opt/ros/dashing/include/image_transport/image_transport.h:141:14:[m[K [01;36m[Knote: [m[Kcandidate: image_transport::Subscriber image_transport::ImageTransport::subscribe(const string&, uint32_t, const Callback&, const VoidPtr&, const image_transport::TransportHints*)
[9.576s]    Subscriber [01;36m[Ksubscribe[m[K(
[9.576s]               [01;36m[K^~~~~~~~~[m[K
[9.577s] [01m[K/opt/ros/dashing/include/image_transport/image_transport.h:141:14:[m[K [01;36m[Knote: [m[K  no known conversion for argument 3 from ‘[01m[Kstd::_Bind_helper<false, void (darknet_ros::YoloObjectDetector::*)(const sensor_msgs::msg::CompressedImage_<std::allocator<void> >&), darknet_ros::YoloObjectDetector*, const std::_Placeholder<1>&>::type {aka std::_Bind<void (darknet_ros::YoloObjectDetector::*(darknet_ros::YoloObjectDetector*, std::_Placeholder<1>))(const sensor_msgs::msg::CompressedImage_<std::allocator<void> >&)>}[m[K’ to ‘[01m[Kconst Callback& {aka const std::function<void(const std::shared_ptr<const sensor_msgs::msg::Image_<std::allocator<void> > >&)>&}[m[K’
[9.578s] [01m[K/opt/ros/dashing/include/image_transport/image_transport.h:151:14:[m[K [01;36m[Knote: [m[Kcandidate: image_transport::Subscriber image_transport::ImageTransport::subscribe(const string&, uint32_t, void (*)(const ImageConstPtr&), const image_transport::TransportHints*)
[9.579s]    Subscriber [01;36m[Ksubscribe[m[K(
[9.579s]               [01;36m[K^~~~~~~~~[m[K
[9.580s] [01m[K/opt/ros/dashing/include/image_transport/image_transport.h:151:14:[m[K [01;36m[Knote: [m[K  no known conversion for argument 3 from ‘[01m[Kstd::_Bind_helper<false, void (darknet_ros::YoloObjectDetector::*)(const sensor_msgs::msg::CompressedImage_<std::allocator<void> >&), darknet_ros::YoloObjectDetector*, const std::_Placeholder<1>&>::type {aka std::_Bind<void (darknet_ros::YoloObjectDetector::*(darknet_ros::YoloObjectDetector*, std::_Placeholder<1>))(const sensor_msgs::msg::CompressedImage_<std::allocator<void> >&)>}[m[K’ to ‘[01m[Kvoid (*)(const ImageConstPtr&) {aka void (*)(const std::shared_ptr<const sensor_msgs::msg::Image_<std::allocator<void> > >&)}[m[K’
[9.581s] [01m[K/opt/ros/dashing/include/image_transport/image_transport.h:165:14:[m[K [01;36m[Knote: [m[Kcandidate: template<class T> image_transport::Subscriber image_transport::ImageTransport::subscribe(const string&, uint32_t, void (T::*)(const ImageConstPtr&), T*, const image_transport::TransportHints*)
[9.582s]    Subscriber [01;36m[Ksubscribe[m[K(
[9.582s]               [01;36m[K^~~~~~~~~[m[K
[9.583s] [01m[K/opt/ros/dashing/include/image_transport/image_transport.h:165:14:[m[K [01;36m[Knote: [m[K  template argument deduction/substitution failed:
[9.584s] [01m[K/home/hansol/ros2_ws/src/darknet_ros/darknet_ros/src/YoloObjectDetector.cpp:191:61:[m[K [01;36m[Knote: [m[K  mismatched types ‘[01m[Kvoid (T::*)(const ImageConstPtr&)[m[K’ and ‘[01m[Kstd::_Bind<void (darknet_ros::YoloObjectDetector::*(darknet_ros::YoloObjectDetector*, std::_Placeholder<1>))(const sensor_msgs::msg::CompressedImage_<std::allocator<void> >&)>[m[K’
[9.585s]      std::bind(&YoloObjectDetector::cameraCallback, this, _1)[01;36m[K)[m[K;
[9.586s]                                                              [01;36m[K^[m[K
[9.586s] In file included from [01m[K/home/hansol/ros2_ws/src/darknet_ros/darknet_ros/include/darknet_ros/YoloObjectDetector.hpp:30:0[m[K,
[9.587s]                  from [01m[K/home/hansol/ros2_ws/src/darknet_ros/darknet_ros/src/YoloObjectDetector.cpp:10[m[K:
[9.588s] [01m[K/opt/ros/dashing/include/image_transport/image_transport.h:178:14:[m[K [01;36m[Knote: [m[Kcandidate: template<class T> image_transport::Subscriber image_transport::ImageTransport::subscribe(const string&, uint32_t, void (T::*)(const ImageConstPtr&), const std::shared_ptr<_Tp>&, const image_transport::TransportHints*)
[9.588s]    Subscriber [01;36m[Ksubscribe[m[K(
[9.589s]               [01;36m[K^~~~~~~~~[m[K
[9.590s] [01m[K/opt/ros/dashing/include/image_transport/image_transport.h:178:14:[m[K [01;36m[Knote: [m[K  template argument deduction/substitution failed:
[9.590s] [01m[K/home/hansol/ros2_ws/src/darknet_ros/darknet_ros/src/YoloObjectDetector.cpp:191:61:[m[K [01;36m[Knote: [m[K  mismatched types ‘[01m[Kvoid (T::*)(const ImageConstPtr&)[m[K’ and ‘[01m[Kstd::_Bind<void (darknet_ros::YoloObjectDetector::*(darknet_ros::YoloObjectDetector*, std::_Placeholder<1>))(const sensor_msgs::msg::CompressedImage_<std::allocator<void> >&)>[m[K’
[9.591s]      std::bind(&YoloObjectDetector::cameraCallback, this, _1)[01;36m[K)[m[K;
[9.591s]                                                              [01;36m[K^[m[K
[9.741s] [01m[K/home/hansol/ros2_ws/src/darknet_ros/darknet_ros/src/YoloObjectDetector.cpp:[m[K At global scope:
[9.742s] [01m[K/home/hansol/ros2_ws/src/darknet_ros/darknet_ros/src/YoloObjectDetector.cpp:230:6:[m[K [01;31m[Kerror: [m[Kprototype for ‘[01m[Kvoid darknet_ros::YoloObjectDetector::cameraCallback(const CompressedImage&) const[m[K’ does not match any in class ‘[01m[Kdarknet_ros::YoloObjectDetector[m[K’
[9.743s]  void [01;31m[KYoloObjectDetector[m[K::cameraCallback(const sensor_msgs::msg::CompressedImage & msg) const
[9.743s]       [01;31m[K^~~~~~~~~~~~~~~~~~[m[K
[9.744s] In file included from [01m[K/home/hansol/ros2_ws/src/darknet_ros/darknet_ros/src/YoloObjectDetector.cpp:10:0[m[K:
[9.745s] [01m[K/home/hansol/ros2_ws/src/darknet_ros/darknet_ros/include/darknet_ros/YoloObjectDetector.hpp:124:8:[m[K [01;31m[Kerror: [m[Kcandidate is: void darknet_ros::YoloObjectDetector::cameraCallback(const CompressedImage&)
[9.745s]    void [01;31m[KcameraCallback[m[K(const sensor_msgs::msg::CompressedImage & msg);
[9.746s]         [01;31m[K^~~~~~~~~~~~~~[m[K
[15.367s] CMakeFiles/darknet_ros_lib.dir/build.make:2370: recipe for target 'CMakeFiles/darknet_ros_lib.dir/src/YoloObjectDetector.cpp.o' failed
[15.368s] make[2]: *** [CMakeFiles/darknet_ros_lib.dir/src/YoloObjectDetector.cpp.o] Error 1
[15.369s] make[1]: *** [CMakeFiles/darknet_ros_lib.dir/all] Error 2
[15.370s] CMakeFiles/Makefile2:111: recipe for target 'CMakeFiles/darknet_ros_lib.dir/all' failed
[15.370s] Makefile:145: recipe for target 'all' failed
[15.372s] make: *** [all] Error 2
[15.385s] Invoked command in '/home/hansol/ros2_ws/build/darknet_ros' returned '2': CMAKE_PREFIX_PATH=/home/hansol/ros2_ws/install/darknet_ros_msgs:/home/hansol/ros2_ws/install/realsense_ros2_camera:/home/hansol/ros2_ws/install/realsense_camera_msgs:/home/hansol/ros2_ws/install/darknet_ros:/home/hansol/ros2_ws/install/Darknet:/opt/ros/dashing LD_LIBRARY_PATH=/home/hansol/ros2_ws/install/darknet_ros_msgs/lib:/home/hansol/ros2_ws/install/realsense_camera_msgs/lib:/home/hansol/ros2_ws/install/darknet_ros/lib:/opt/ros/dashing/lib:/usr/local/cuda-10.2/lib64 PYTHONPATH=/home/hansol/ros2_ws/install/darknet_ros_msgs/lib/python3.6/site-packages:/home/hansol/ros2_ws/install/realsense_camera_msgs/lib/python3.6/site-packages:/opt/ros/dashing/lib/python3.6/site-packages /usr/local/bin/cmake --build /home/hansol/ros2_ws/build/darknet_ros -- -j4 -l4
