[0.101s] Invoking command in '/home/hansol/ros2_ws/build/Darknet': /usr/local/bin/cmake --build /home/hansol/ros2_ws/build/Darknet -- -j4 -l4
[0.119s] Change Dir: '/home/hansol/ros2_ws/build/Darknet'
[0.119s] 
[0.120s] Run Build Command(s): /usr/local/bin/cmake -E env VERBOSE=1 /usr/bin/make -f Makefile -j4 -l4
[0.139s] /usr/local/bin/cmake -S/home/hansol/ros2_ws/src/darknet_ros/darknet -B/home/hansol/ros2_ws/build/Darknet --check-build-system CMakeFiles/Makefile.cmake 0
[0.166s] /usr/local/bin/cmake -E cmake_progress_start /home/hansol/ros2_ws/build/Darknet/CMakeFiles /home/hansol/ros2_ws/build/Darknet//CMakeFiles/progress.marks
[0.188s] /usr/bin/make  -f CMakeFiles/Makefile2 all
[0.198s] make[1]: Entering directory '/home/hansol/ros2_ws/build/Darknet'
[0.199s] /usr/bin/make  -f CMakeFiles/dark.dir/build.make CMakeFiles/dark.dir/depend
[0.200s] /usr/bin/make  -f CMakeFiles/darknet.dir/build.make CMakeFiles/darknet.dir/depend
[0.265s] make[2]: Entering directory '/home/hansol/ros2_ws/build/Darknet'
[0.266s] cd /home/hansol/ros2_ws/build/Darknet && /usr/local/bin/cmake -E cmake_depends "Unix Makefiles" /home/hansol/ros2_ws/src/darknet_ros/darknet /home/hansol/ros2_ws/src/darknet_ros/darknet /home/hansol/ros2_ws/build/Darknet /home/hansol/ros2_ws/build/Darknet /home/hansol/ros2_ws/build/Darknet/CMakeFiles/dark.dir/DependInfo.cmake "--color="
[0.292s] make[2]: Entering directory '/home/hansol/ros2_ws/build/Darknet'
[0.292s] cd /home/hansol/ros2_ws/build/Darknet && /usr/local/bin/cmake -E cmake_depends "Unix Makefiles" /home/hansol/ros2_ws/src/darknet_ros/darknet /home/hansol/ros2_ws/src/darknet_ros/darknet /home/hansol/ros2_ws/build/Darknet /home/hansol/ros2_ws/build/Darknet /home/hansol/ros2_ws/build/Darknet/CMakeFiles/darknet.dir/DependInfo.cmake "--color="
[0.299s] make[2]: Leaving directory '/home/hansol/ros2_ws/build/Darknet'
[0.299s] /usr/bin/make  -f CMakeFiles/dark.dir/build.make CMakeFiles/dark.dir/build
[0.331s] make[2]: Leaving directory '/home/hansol/ros2_ws/build/Darknet'
[0.332s] /usr/bin/make  -f CMakeFiles/darknet.dir/build.make CMakeFiles/darknet.dir/build
[0.398s] make[2]: Entering directory '/home/hansol/ros2_ws/build/Darknet'
[0.400s] make[2]: Nothing to be done for 'CMakeFiles/dark.dir/build'.
[0.402s] make[2]: Leaving directory '/home/hansol/ros2_ws/build/Darknet'
[0.411s] make[2]: Entering directory '/home/hansol/ros2_ws/build/Darknet'
[0.419s] make[2]: Nothing to be done for 'CMakeFiles/darknet.dir/build'.
[0.420s] make[2]: Leaving directory '/home/hansol/ros2_ws/build/Darknet'
[0.428s] [ 49%] Built target dark
[0.431s] /usr/bin/make  -f CMakeFiles/uselib_track.dir/build.make CMakeFiles/uselib_track.dir/depend
[0.432s] /usr/bin/make  -f CMakeFiles/uselib.dir/build.make CMakeFiles/uselib.dir/depend
[0.442s] make[2]: Entering directory '/home/hansol/ros2_ws/build/Darknet'
[0.443s] cd /home/hansol/ros2_ws/build/Darknet && /usr/local/bin/cmake -E cmake_depends "Unix Makefiles" /home/hansol/ros2_ws/src/darknet_ros/darknet /home/hansol/ros2_ws/src/darknet_ros/darknet /home/hansol/ros2_ws/build/Darknet /home/hansol/ros2_ws/build/Darknet /home/hansol/ros2_ws/build/Darknet/CMakeFiles/uselib_track.dir/DependInfo.cmake "--color="
[0.445s] make[2]: Entering directory '/home/hansol/ros2_ws/build/Darknet'
[0.446s] cd /home/hansol/ros2_ws/build/Darknet && /usr/local/bin/cmake -E cmake_depends "Unix Makefiles" /home/hansol/ros2_ws/src/darknet_ros/darknet /home/hansol/ros2_ws/src/darknet_ros/darknet /home/hansol/ros2_ws/build/Darknet /home/hansol/ros2_ws/build/Darknet /home/hansol/ros2_ws/build/Darknet/CMakeFiles/uselib.dir/DependInfo.cmake "--color="
[0.446s] [ 97%] Built target darknet
[0.465s] make[2]: Leaving directory '/home/hansol/ros2_ws/build/Darknet'
[0.466s] /usr/bin/make  -f CMakeFiles/uselib_track.dir/build.make CMakeFiles/uselib_track.dir/build
[0.470s] make[2]: Leaving directory '/home/hansol/ros2_ws/build/Darknet'
[0.471s] /usr/bin/make  -f CMakeFiles/uselib.dir/build.make CMakeFiles/uselib.dir/build
[0.478s] make[2]: Entering directory '/home/hansol/ros2_ws/build/Darknet'
[0.479s] make[2]: Nothing to be done for 'CMakeFiles/uselib_track.dir/build'.
[0.480s] make[2]: Leaving directory '/home/hansol/ros2_ws/build/Darknet'
[0.484s] make[2]: Entering directory '/home/hansol/ros2_ws/build/Darknet'
[0.489s] make[2]: Nothing to be done for 'CMakeFiles/uselib.dir/build'.
[0.489s] make[2]: Leaving directory '/home/hansol/ros2_ws/build/Darknet'
[0.493s] [ 99%] Built target uselib_track
[0.503s] [100%] Built target uselib
[0.506s] make[1]: Leaving directory '/home/hansol/ros2_ws/build/Darknet'
[0.508s] /usr/local/bin/cmake -E cmake_progress_start /home/hansol/ros2_ws/build/Darknet/CMakeFiles 0
[0.539s] 
[0.557s] Invoked command in '/home/hansol/ros2_ws/build/Darknet' returned '0': /usr/local/bin/cmake --build /home/hansol/ros2_ws/build/Darknet -- -j4 -l4
[1.507s] Invoking command in '/home/hansol/ros2_ws/build/Darknet': /usr/local/bin/cmake --install /home/hansol/ros2_ws/build/Darknet
[1.530s] -- Install configuration: "Release"
[1.534s] -- Up-to-date: /home/hansol/ros2_ws/src/darknet_ros/darknet/libdarknet.so
[1.551s] -- Up-to-date: /home/hansol/ros2_ws/install/Darknet/include/darknet/darknet.h
[1.552s] -- Up-to-date: /home/hansol/ros2_ws/install/Darknet/include/darknet/yolo_v2_class.hpp
[1.553s] -- Up-to-date: /home/hansol/ros2_ws/src/darknet_ros/darknet/uselib
[1.554s] -- Up-to-date: /home/hansol/ros2_ws/src/darknet_ros/darknet/darknet
[1.557s] -- Up-to-date: /home/hansol/ros2_ws/src/darknet_ros/darknet/uselib_track
[1.558s] -- Up-to-date: /home/hansol/ros2_ws/install/Darknet/share/darknet/DarknetTargets.cmake
[1.559s] -- Up-to-date: /home/hansol/ros2_ws/install/Darknet/share/darknet/DarknetTargets-release.cmake
[1.564s] -- Up-to-date: /home/hansol/ros2_ws/install/Darknet/share/darknet/DarknetConfig.cmake
[1.566s] -- Up-to-date: /home/hansol/ros2_ws/install/Darknet/share/darknet/DarknetConfigVersion.cmake
[1.568s] Invoked command in '/home/hansol/ros2_ws/build/Darknet' returned '0': /usr/local/bin/cmake --install /home/hansol/ros2_ws/build/Darknet
