[0.098s] Invoking command in '/home/hansol/ros2_ws/build/darknet_ros': CMAKE_PREFIX_PATH=/home/hansol/ros2_ws/install/darknet_ros_msgs:/home/hansol/ros2_ws/install/realsense_ros2_camera:/home/hansol/ros2_ws/install/realsense_camera_msgs:/home/hansol/ros2_ws/install/darknet_ros:/home/hansol/ros2_ws/install/Darknet:/opt/ros/dashing LD_LIBRARY_PATH=/home/hansol/ros2_ws/install/darknet_ros_msgs/lib:/home/hansol/ros2_ws/install/realsense_camera_msgs/lib:/home/hansol/ros2_ws/install/darknet_ros/lib:/opt/ros/dashing/lib:/usr/local/cuda-10.2/lib64 PYTHONPATH=/home/hansol/ros2_ws/install/darknet_ros_msgs/lib/python3.6/site-packages:/home/hansol/ros2_ws/install/realsense_camera_msgs/lib/python3.6/site-packages:/opt/ros/dashing/lib/python3.6/site-packages /usr/local/bin/cmake --build /home/hansol/ros2_ws/build/darknet_ros -- -j4 -l4
[0.548s] [  1%] [32mBuilding CXX object CMakeFiles/darknet_ros_lib.dir/src/YoloObjectDetector.cpp.o[0m
[0.549s] [  2%] [32mBuilding CXX object CMakeFiles/darknet_ros_lib.dir/src/yolo_object_detector_node.cpp.o[0m
[9.741s] In file included from [01m[K/usr/include/c++/7/ext/alloc_traits.h:36:0[m[K,
[9.741s]                  from [01m[K/usr/include/c++/7/bits/basic_string.h:40[m[K,
[9.742s]                  from [01m[K/usr/include/c++/7/string:52[m[K,
[9.743s]                  from [01m[K/home/hansol/ros2_ws/src/darknet_ros/darknet_ros/include/darknet_ros/YoloObjectDetector.hpp:13[m[K,
[9.744s]                  from [01m[K/home/hansol/ros2_ws/src/darknet_ros/darknet_ros/src/YoloObjectDetector.cpp:10[m[K:
[9.744s] /usr/include/c++/7/bits/alloc_traits.h: In instantiation of ‘[01m[Kstruct std::allocator_traits<std::allocator<const std::shared_ptr<const sensor_msgs::msg::CompressedImage_<std::allocator<void> > >&> >[m[K’:
[9.745s] [01m[K/opt/ros/dashing/include/rclcpp/message_memory_strategy.hpp:46:67:[m[K   required from ‘[01m[Kclass rclcpp::message_memory_strategy::MessageMemoryStrategy<const std::shared_ptr<const sensor_msgs::msg::CompressedImage_<std::allocator<void> > >&, std::allocator<void> >[m[K’
[9.745s] [01m[K/opt/ros/dashing/include/rclcpp/node_impl.hpp:115:1:[m[K   required by substitution of ‘[01m[Ktemplate<class MessageT, class CallbackT, class AllocatorT, class SubscriptionT> std::shared_ptr<SubscriptionT> rclcpp::Node::create_subscription(const string&, const rclcpp::QoS&, CallbackT&&, const rclcpp::SubscriptionOptionsWithAllocator<AllocatorT>&, typename rclcpp::message_memory_strategy::MessageMemoryStrategy<typename rclcpp::subscription_traits::has_message_type<CallbackT>::type, AllocatorT>::SharedPtr) [with MessageT = sensor_msgs::msg::CompressedImage_<std::allocator<void> >; CallbackT = std::_Bind<void (darknet_ros::YoloObjectDetector::*(darknet_ros::YoloObjectDetector*, std::_Placeholder<1>))(const std::shared_ptr<const sensor_msgs::msg::CompressedImage_<std::allocator<void> > >&)>; AllocatorT = std::allocator<void>; SubscriptionT = rclcpp::Subscription<const std::shared_ptr<const sensor_msgs::msg::CompressedImage_<std::allocator<void> > >&, std::allocator<void> >][m[K’
[9.746s] [01m[K/home/hansol/ros2_ws/src/darknet_ros/darknet_ros/src/YoloObjectDetector.cpp:188:104:[m[K   required from here
[9.747s] [01m[K/usr/include/c++/7/bits/alloc_traits.h:392:27:[m[K [01;31m[Kerror: [m[Kforming pointer to reference type ‘[01m[Kconst std::shared_ptr<const sensor_msgs::msg::CompressedImage_<std::allocator<void> > >&[m[K’
[9.748s]        using pointer = _Tp*[01;31m[K;[m[K
[9.748s]                            [01;31m[K^[m[K
[9.749s] [01m[K/usr/include/c++/7/bits/alloc_traits.h:395:39:[m[K [01;31m[Kerror: [m[Kforming pointer to reference type ‘[01m[Kconst std::shared_ptr<const sensor_msgs::msg::CompressedImage_<std::allocator<void> > >&[m[K’
[9.749s]        using const_pointer = const _Tp*[01;31m[K;[m[K
[9.750s]                                        [01;31m[K^[m[K
[9.755s] In file included from [01m[K/usr/include/c++/7/memory:80:0[m[K,
[9.756s]                  from [01m[K/usr/include/c++/7/thread:39[m[K,
[9.757s]                  from [01m[K/home/hansol/ros2_ws/src/darknet_ros/darknet_ros/include/darknet_ros/YoloObjectDetector.hpp:17[m[K,
[9.757s]                  from [01m[K/home/hansol/ros2_ws/src/darknet_ros/darknet_ros/src/YoloObjectDetector.cpp:10[m[K:
[9.758s] /usr/include/c++/7/bits/unique_ptr.h: In instantiation of ‘[01m[Kstruct std::default_delete<const std::shared_ptr<const sensor_msgs::msg::CompressedImage_<std::allocator<void> > >&>[m[K’:
[9.759s] [01m[K/opt/ros/dashing/include/rclcpp/message_memory_strategy.hpp:135:18:[m[K   required from ‘[01m[Kclass rclcpp::message_memory_strategy::MessageMemoryStrategy<const std::shared_ptr<const sensor_msgs::msg::CompressedImage_<std::allocator<void> > >&, std::allocator<void> >[m[K’
[9.759s] [01m[K/opt/ros/dashing/include/rclcpp/node_impl.hpp:115:1:[m[K   required by substitution of ‘[01m[Ktemplate<class MessageT, class CallbackT, class AllocatorT, class SubscriptionT> std::shared_ptr<SubscriptionT> rclcpp::Node::create_subscription(const string&, const rclcpp::QoS&, CallbackT&&, const rclcpp::SubscriptionOptionsWithAllocator<AllocatorT>&, typename rclcpp::message_memory_strategy::MessageMemoryStrategy<typename rclcpp::subscription_traits::has_message_type<CallbackT>::type, AllocatorT>::SharedPtr) [with MessageT = sensor_msgs::msg::CompressedImage_<std::allocator<void> >; CallbackT = std::_Bind<void (darknet_ros::YoloObjectDetector::*(darknet_ros::YoloObjectDetector*, std::_Placeholder<1>))(const std::shared_ptr<const sensor_msgs::msg::CompressedImage_<std::allocator<void> > >&)>; AllocatorT = std::allocator<void>; SubscriptionT = rclcpp::Subscription<const std::shared_ptr<const sensor_msgs::msg::CompressedImage_<std::allocator<void> > >&, std::allocator<void> >][m[K’
[9.760s] [01m[K/home/hansol/ros2_ws/src/darknet_ros/darknet_ros/src/YoloObjectDetector.cpp:188:104:[m[K   required from here
[9.761s] [01m[K/usr/include/c++/7/bits/unique_ptr.h:68:9:[m[K [01;31m[Kerror: [m[Kforming pointer to reference type ‘[01m[Kconst std::shared_ptr<const sensor_msgs::msg::CompressedImage_<std::allocator<void> > >&[m[K’
[9.761s]          [01;31m[Kdefault_delete[m[K(const default_delete<_Up>&) noexcept { }
[9.762s]          [01;31m[K^~~~~~~~~~~~~~[m[K
[9.763s] [01m[K/usr/include/c++/7/bits/unique_ptr.h:72:7:[m[K [01;31m[Kerror: [m[Kforming pointer to reference type ‘[01m[Kconst std::shared_ptr<const sensor_msgs::msg::CompressedImage_<std::allocator<void> > >&[m[K’
[9.764s]        [01;31m[Koperator[m[K()(_Tp* __ptr) const
[9.764s]        [01;31m[K^~~~~~~~[m[K
[9.822s] In file included from [01m[K/opt/ros/dashing/include/rclcpp/subscription_base.hpp:28:0[m[K,
[9.823s]                  from [01m[K/opt/ros/dashing/include/rclcpp/intra_process_manager_impl.hpp:38[m[K,
[9.824s]                  from [01m[K/opt/ros/dashing/include/rclcpp/intra_process_manager.hpp:32[m[K,
[9.824s]                  from [01m[K/opt/ros/dashing/include/rclcpp/publisher.hpp:35[m[K,
[9.825s]                  from [01m[K/opt/ros/dashing/include/rclcpp/callback_group.hpp:24[m[K,
[9.827s]                  from [01m[K/opt/ros/dashing/include/rclcpp/any_executable.hpp:20[m[K,
[9.828s]                  from [01m[K/opt/ros/dashing/include/rclcpp/memory_strategy.hpp:24[m[K,
[9.829s]                  from [01m[K/opt/ros/dashing/include/rclcpp/memory_strategies.hpp:18[m[K,
[9.830s]                  from [01m[K/opt/ros/dashing/include/rclcpp/executor.hpp:33[m[K,
[9.831s]                  from [01m[K/opt/ros/dashing/include/rclcpp/executors/multi_threaded_executor.hpp:24[m[K,
[9.831s]                  from [01m[K/opt/ros/dashing/include/rclcpp/executors.hpp:21[m[K,
[9.832s]                  from [01m[K/opt/ros/dashing/include/rclcpp/rclcpp.hpp:144[m[K,
[9.833s]                  from [01m[K/home/hansol/ros2_ws/src/darknet_ros/darknet_ros/include/darknet_ros/YoloObjectDetector.hpp:25[m[K,
[9.833s]                  from [01m[K/home/hansol/ros2_ws/src/darknet_ros/darknet_ros/src/YoloObjectDetector.cpp:10[m[K:
[9.834s] /opt/ros/dashing/include/rclcpp/any_subscription_callback.hpp: In instantiation of ‘[01m[Kclass rclcpp::AnySubscriptionCallback<const std::shared_ptr<const sensor_msgs::msg::CompressedImage_<std::allocator<void> > >&, std::allocator<void> >[m[K’:
[9.837s] [01m[K/opt/ros/dashing/include/rclcpp/subscription.hpp:275:52:[m[K   required from ‘[01m[Kclass rclcpp::Subscription<const std::shared_ptr<const sensor_msgs::msg::CompressedImage_<std::allocator<void> > >&, std::allocator<void> >[m[K’
[9.838s] [01m[K/usr/include/c++/7/type_traits:1529:45:[m[K   required by substitution of ‘[01m[Ktemplate<class _From1, class _To1, class> static std::true_type std::__is_convertible_helper<rclcpp::Subscription<const std::shared_ptr<const sensor_msgs::msg::CompressedImage_<std::allocator<void> > >&, std::allocator<void> >*, rclcpp::Subscription<sensor_msgs::msg::CompressedImage_<std::allocator<void> > >*, false>::__test<_From1, _To1, <template-parameter-1-3> >(int) [with _From1 = rclcpp::Subscription<const std::shared_ptr<const sensor_msgs::msg::CompressedImage_<std::allocator<void> > >&, std::allocator<void> >*; _To1 = rclcpp::Subscription<sensor_msgs::msg::CompressedImage_<std::allocator<void> > >*; <template-parameter-1-3> = <missing>][m[K’
[9.838s] [01m[K/usr/include/c++/7/type_traits:1538:42:[m[K   required from ‘[01m[Kstruct std::__is_convertible_helper<rclcpp::Subscription<const std::shared_ptr<const sensor_msgs::msg::CompressedImage_<std::allocator<void> > >&, std::allocator<void> >*, rclcpp::Subscription<sensor_msgs::msg::CompressedImage_<std::allocator<void> > >*, false>[m[K’
[9.839s] [01m[K/usr/include/c++/7/type_traits:1544:12:[m[K   required from ‘[01m[Kstruct std::is_convertible<rclcpp::Subscription<const std::shared_ptr<const sensor_msgs::msg::CompressedImage_<std::allocator<void> > >&, std::allocator<void> >*, rclcpp::Subscription<sensor_msgs::msg::CompressedImage_<std::allocator<void> > >*>[m[K’
[9.840s] [01m[K/usr/include/c++/7/bits/shared_ptr_base.h:881:12:[m[K   [ skipping 3 instantiation contexts, use -ftemplate-backtrace-limit=0 to disable ]
[9.841s] [01m[K/usr/include/c++/7/bits/shared_ptr_base.h:1219:2:[m[K   required by substitution of ‘[01m[Ktemplate<class _Yp> std::__shared_ptr<rclcpp::Subscription<sensor_msgs::msg::CompressedImage_<std::allocator<void> > >, (__gnu_cxx::_Lock_policy)2>::_Assignable<_Yp> std::__shared_ptr<rclcpp::Subscription<sensor_msgs::msg::CompressedImage_<std::allocator<void> > >, (__gnu_cxx::_Lock_policy)2>::operator=<_Yp>(std::__shared_ptr<_Tp>&&) [with _Yp = rclcpp::Subscription<const std::shared_ptr<const sensor_msgs::msg::CompressedImage_<std::allocator<void> > >&, std::allocator<void> >][m[K’
[9.841s] [01m[K/usr/include/c++/7/type_traits:1259:45:[m[K   required by substitution of ‘[01m[Ktemplate<class _Tp1, class _Up1, class> static std::true_type std::__is_assignable_helper<std::__shared_ptr<rclcpp::Subscription<sensor_msgs::msg::CompressedImage_<std::allocator<void> > >, (__gnu_cxx::_Lock_policy)2>&, std::shared_ptr<rclcpp::Subscription<const std::shared_ptr<const sensor_msgs::msg::CompressedImage_<std::allocator<void> > >&, std::allocator<void> > > >::__test<_Tp1, _Up1, <template-parameter-1-3> >(int) [with _Tp1 = std::__shared_ptr<rclcpp::Subscription<sensor_msgs::msg::CompressedImage_<std::allocator<void> > >, (__gnu_cxx::_Lock_policy)2>&; _Up1 = std::shared_ptr<rclcpp::Subscription<const std::shared_ptr<const sensor_msgs::msg::CompressedImage_<std::allocator<void> > >&, std::allocator<void> > >; <template-parameter-1-3> = <missing>][m[K’
[9.842s] [01m[K/usr/include/c++/7/type_traits:1268:40:[m[K   required from ‘[01m[Kclass std::__is_assignable_helper<std::__shared_ptr<rclcpp::Subscription<sensor_msgs::msg::CompressedImage_<std::allocator<void> > >, (__gnu_cxx::_Lock_policy)2>&, std::shared_ptr<rclcpp::Subscription<const std::shared_ptr<const sensor_msgs::msg::CompressedImage_<std::allocator<void> > >&, std::allocator<void> > > >[m[K’
[9.843s] [01m[K/usr/include/c++/7/type_traits:1273:12:[m[K   required from ‘[01m[Kstruct std::is_assignable<std::__shared_ptr<rclcpp::Subscription<sensor_msgs::msg::CompressedImage_<std::allocator<void> > >, (__gnu_cxx::_Lock_policy)2>&, std::shared_ptr<rclcpp::Subscription<const std::shared_ptr<const sensor_msgs::msg::CompressedImage_<std::allocator<void> > >&, std::allocator<void> > > >[m[K’
[9.843s] [01m[K/usr/include/c++/7/bits/shared_ptr.h:103:9:[m[K   required by substitution of ‘[01m[Ktemplate<class _Tp> template<class _Arg> using _Assignable = typename std::enable_if<std::is_assignable<std::__shared_ptr<_Tp>&, _Arg>::value, std::shared_ptr<_Tp>&>::type [with _Arg = std::shared_ptr<rclcpp::Subscription<const std::shared_ptr<const sensor_msgs::msg::CompressedImage_<std::allocator<void> > >&, std::allocator<void> > >; _Tp = rclcpp::Subscription<sensor_msgs::msg::CompressedImage_<std::allocator<void> > >][m[K’
[9.844s] [01m[K/usr/include/c++/7/bits/shared_ptr.h:325:2:[m[K   required by substitution of ‘[01m[Ktemplate<class _Yp> std::shared_ptr<rclcpp::Subscription<sensor_msgs::msg::CompressedImage_<std::allocator<void> > > >::_Assignable<std::shared_ptr<_Tp> > std::shared_ptr<rclcpp::Subscription<sensor_msgs::msg::CompressedImage_<std::allocator<void> > > >::operator=<_Yp>(std::shared_ptr<_Tp>&&) [with _Yp = rclcpp::Subscription<const std::shared_ptr<const sensor_msgs::msg::CompressedImage_<std::allocator<void> > >&, std::allocator<void> >][m[K’
[9.845s] [01m[K/home/hansol/ros2_ws/src/darknet_ros/darknet_ros/src/YoloObjectDetector.cpp:188:104:[m[K   required from here
[9.846s] [01m[K/opt/ros/dashing/include/rclcpp/any_subscription_callback.hpp:108:8:[m[K [01;31m[Kerror: [m[K‘[01m[Ktemplate<class CallbackT, typename std::enable_if<rclcpp::function_traits::same_arguments<CallbackT, std::function<void(std::shared_ptr<const std::shared_ptr<const sensor_msgs::msg::CompressedImage_<std::allocator<void> > >&>)> >::value, void>::type* <anonymous> > void rclcpp::AnySubscriptionCallback<MessageT, Alloc>::set(CallbackT) [with CallbackT = CallbackT; typename std::enable_if<rclcpp::function_traits::same_arguments<CallbackT, std::function<void(std::shared_ptr<const _Tp>)> >::value>::type* <anonymous> = <enumerator>; MessageT = const std::shared_ptr<const sensor_msgs::msg::CompressedImage_<std::allocator<void> > >&; Alloc = std::allocator<void>][m[K’ cannot be overloaded
[9.846s]    void [01;31m[Kset[m[K(CallbackT callback)
[9.847s]         [01;31m[K^~~[m[K
[9.848s] [01m[K/opt/ros/dashing/include/rclcpp/any_subscription_callback.hpp:80:8:[m[K [01;31m[Kerror: [m[Kwith ‘[01m[Ktemplate<class CallbackT, typename std::enable_if<rclcpp::function_traits::same_arguments<CallbackT, std::function<void(std::shared_ptr<const std::shared_ptr<const sensor_msgs::msg::CompressedImage_<std::allocator<void> > >&>)> >::value, void>::type* <anonymous> > void rclcpp::AnySubscriptionCallback<MessageT, Alloc>::set(CallbackT) [with CallbackT = CallbackT; typename std::enable_if<rclcpp::function_traits::same_arguments<CallbackT, std::function<void(std::shared_ptr<_Tp>)> >::value>::type* <anonymous> = <enumerator>; MessageT = const std::shared_ptr<const sensor_msgs::msg::CompressedImage_<std::allocator<void> > >&; Alloc = std::allocator<void>][m[K’
[9.849s]    void [01;31m[Kset[m[K(CallbackT callback)
[9.849s]         [01;31m[K^~~[m[K
[9.850s] [01m[K/opt/ros/dashing/include/rclcpp/any_subscription_callback.hpp:122:8:[m[K [01;31m[Kerror: [m[K‘[01m[Ktemplate<class CallbackT, typename std::enable_if<rclcpp::function_traits::same_arguments<CallbackT, std::function<void(std::shared_ptr<const std::shared_ptr<const sensor_msgs::msg::CompressedImage_<std::allocator<void> > >&>, const rmw_message_info_t&)> >::value, void>::type* <anonymous> > void rclcpp::AnySubscriptionCallback<MessageT, Alloc>::set(CallbackT) [with CallbackT = CallbackT; typename std::enable_if<rclcpp::function_traits::same_arguments<CallbackT, std::function<void(std::shared_ptr<const _Tp>, const rmw_message_info_t&)> >::value>::type* <anonymous> = <enumerator>; MessageT = const std::shared_ptr<const sensor_msgs::msg::CompressedImage_<std::allocator<void> > >&; Alloc = std::allocator<void>][m[K’ cannot be overloaded
[9.851s]    void [01;31m[Kset[m[K(CallbackT callback)
[9.852s]         [01;31m[K^~~[m[K
[9.853s] [01m[K/opt/ros/dashing/include/rclcpp/any_subscription_callback.hpp:94:8:[m[K [01;31m[Kerror: [m[Kwith ‘[01m[Ktemplate<class CallbackT, typename std::enable_if<rclcpp::function_traits::same_arguments<CallbackT, std::function<void(std::shared_ptr<const std::shared_ptr<const sensor_msgs::msg::CompressedImage_<std::allocator<void> > >&>, const rmw_message_info_t&)> >::value, void>::type* <anonymous> > void rclcpp::AnySubscriptionCallback<MessageT, Alloc>::set(CallbackT) [with CallbackT = CallbackT; typename std::enable_if<rclcpp::function_traits::same_arguments<CallbackT, std::function<void(std::shared_ptr<_Tp>, const rmw_message_info_t&)> >::value>::type* <anonymous> = <enumerator>; MessageT = const std::shared_ptr<const sensor_msgs::msg::CompressedImage_<std::allocator<void> > >&; Alloc = std::allocator<void>][m[K’
[9.853s]    void [01;31m[Kset[m[K(CallbackT callback)
[9.854s]         [01;31m[K^~~[m[K
[9.855s] [01m[K/home/hansol/ros2_ws/src/darknet_ros/darknet_ros/src/YoloObjectDetector.cpp:[m[K In member function ‘[01m[Kvoid darknet_ros::YoloObjectDetector::init()[m[K’:
[9.856s] [01m[K/home/hansol/ros2_ws/src/darknet_ros/darknet_ros/src/YoloObjectDetector.cpp:188:104:[m[K [01;31m[Kerror: [m[Kno match for ‘[01m[Koperator=[m[K’ (operand types are ‘[01m[Krclcpp::Subscription<sensor_msgs::msg::CompressedImage_<std::allocator<void> > >::SharedPtr {aka std::shared_ptr<rclcpp::Subscription<sensor_msgs::msg::CompressedImage_<std::allocator<void> > > >}[m[K’ and ‘[01m[Kstd::shared_ptr<rclcpp::Subscription<const std::shared_ptr<const sensor_msgs::msg::CompressedImage_<std::allocator<void> > >&, std::allocator<void> > >[m[K’)
[9.856s]        cameraTopicName, qos, std::bind(&YoloObjectDetector::cameraCallback, this, std::placeholders::_1)[01;31m[K)[m[K;
[9.857s]                                                                                                         [01;31m[K^[m[K
[9.858s] In file included from [01m[K/usr/include/c++/7/memory:81:0[m[K,
[9.858s]                  from [01m[K/usr/include/c++/7/thread:39[m[K,
[9.859s]                  from [01m[K/home/hansol/ros2_ws/src/darknet_ros/darknet_ros/include/darknet_ros/YoloObjectDetector.hpp:17[m[K,
[9.860s]                  from [01m[K/home/hansol/ros2_ws/src/darknet_ros/darknet_ros/src/YoloObjectDetector.cpp:10[m[K:
[9.860s] [01m[K/usr/include/c++/7/bits/shared_ptr.h:296:19:[m[K [01;36m[Knote: [m[Kcandidate: std::shared_ptr<_Tp>& std::shared_ptr<_Tp>::operator=(const std::shared_ptr<_Tp>&) [with _Tp = rclcpp::Subscription<sensor_msgs::msg::CompressedImage_<std::allocator<void> > >]
[9.861s]        shared_ptr& [01;36m[Koperator[m[K=(const shared_ptr&) noexcept = default;
[9.862s]                    [01;36m[K^~~~~~~~[m[K
[9.863s] [01m[K/usr/include/c++/7/bits/shared_ptr.h:296:19:[m[K [01;36m[Knote: [m[K  no known conversion for argument 1 from ‘[01m[Kstd::shared_ptr<rclcpp::Subscription<const std::shared_ptr<const sensor_msgs::msg::CompressedImage_<std::allocator<void> > >&, std::allocator<void> > >[m[K’ to ‘[01m[Kconst std::shared_ptr<rclcpp::Subscription<sensor_msgs::msg::CompressedImage_<std::allocator<void> > > >&[m[K’
[9.863s] [01m[K/usr/include/c++/7/bits/shared_ptr.h:300:2:[m[K [01;36m[Knote: [m[Kcandidate: template<class _Yp> std::shared_ptr<_Tp>::_Assignable<const std::shared_ptr<_Yp>&> std::shared_ptr<_Tp>::operator=(const std::shared_ptr<_Yp>&) [with _Yp = _Yp; _Tp = rclcpp::Subscription<sensor_msgs::msg::CompressedImage_<std::allocator<void> > >]
[9.864s]   [01;36m[Koperator[m[K=(const shared_ptr<_Yp>& __r) noexcept
[9.865s]   [01;36m[K^~~~~~~~[m[K
[9.865s] [01m[K/usr/include/c++/7/bits/shared_ptr.h:300:2:[m[K [01;36m[Knote: [m[K  template argument deduction/substitution failed:
[9.866s] [01m[K/usr/include/c++/7/bits/shared_ptr.h:309:2:[m[K [01;36m[Knote: [m[Kcandidate: template<class _Yp> std::shared_ptr<_Tp>::_Assignable<std::auto_ptr<_Up> > std::shared_ptr<_Tp>::operator=(std::auto_ptr<_Up>&&) [with _Yp = _Yp; _Tp = rclcpp::Subscription<sensor_msgs::msg::CompressedImage_<std::allocator<void> > >]
[9.867s]   [01;36m[Koperator[m[K=(auto_ptr<_Yp>&& __r)
[9.868s]   [01;36m[K^~~~~~~~[m[K
[9.868s] [01m[K/usr/include/c++/7/bits/shared_ptr.h:309:2:[m[K [01;36m[Knote: [m[K  template argument deduction/substitution failed:
[9.869s] [01m[K/home/hansol/ros2_ws/src/darknet_ros/darknet_ros/src/YoloObjectDetector.cpp:188:104:[m[K [01;36m[Knote: [m[K  ‘[01m[Kstd::shared_ptr<rclcpp::Subscription<const std::shared_ptr<const sensor_msgs::msg::CompressedImage_<std::allocator<void> > >&, std::allocator<void> > >[m[K’ is not derived from ‘[01m[Kstd::auto_ptr<_Up>[m[K’
[9.869s]        cameraTopicName, qos, std::bind(&YoloObjectDetector::cameraCallback, this, std::placeholders::_1)[01;36m[K)[m[K;
[9.870s]                                                                                                         [01;36m[K^[m[K
[9.871s] In file included from [01m[K/usr/include/c++/7/memory:81:0[m[K,
[9.872s]                  from [01m[K/usr/include/c++/7/thread:39[m[K,
[9.872s]                  from [01m[K/home/hansol/ros2_ws/src/darknet_ros/darknet_ros/include/darknet_ros/YoloObjectDetector.hpp:17[m[K,
[9.873s]                  from [01m[K/home/hansol/ros2_ws/src/darknet_ros/darknet_ros/src/YoloObjectDetector.cpp:10[m[K:
[9.874s] [01m[K/usr/include/c++/7/bits/shared_ptr.h:317:7:[m[K [01;36m[Knote: [m[Kcandidate: std::shared_ptr<_Tp>& std::shared_ptr<_Tp>::operator=(std::shared_ptr<_Tp>&&) [with _Tp = rclcpp::Subscription<sensor_msgs::msg::CompressedImage_<std::allocator<void> > >]
[9.874s]        [01;36m[Koperator[m[K=(shared_ptr&& __r) noexcept
[9.875s]        [01;36m[K^~~~~~~~[m[K
[9.876s] [01m[K/usr/include/c++/7/bits/shared_ptr.h:317:7:[m[K [01;36m[Knote: [m[K  no known conversion for argument 1 from ‘[01m[Kstd::shared_ptr<rclcpp::Subscription<const std::shared_ptr<const sensor_msgs::msg::CompressedImage_<std::allocator<void> > >&, std::allocator<void> > >[m[K’ to ‘[01m[Kstd::shared_ptr<rclcpp::Subscription<sensor_msgs::msg::CompressedImage_<std::allocator<void> > > >&&[m[K’
[9.876s] [01m[K/usr/include/c++/7/bits/shared_ptr.h:325:2:[m[K [01;36m[Knote: [m[Kcandidate: template<class _Yp> std::shared_ptr<_Tp>::_Assignable<std::shared_ptr<_Yp> > std::shared_ptr<_Tp>::operator=(std::shared_ptr<_Yp>&&) [with _Yp = _Yp; _Tp = rclcpp::Subscription<sensor_msgs::msg::CompressedImage_<std::allocator<void> > >]
[9.877s]   [01;36m[Koperator[m[K=(shared_ptr<_Yp>&& __r) noexcept
[9.879s]   [01;36m[K^~~~~~~~[m[K
[9.880s] [01m[K/usr/include/c++/7/bits/shared_ptr.h:325:2:[m[K [01;36m[Knote: [m[K  substitution of deduced template arguments resulted in errors seen above
[9.880s] [01m[K/usr/include/c++/7/bits/shared_ptr.h:333:2:[m[K [01;36m[Knote: [m[Kcandidate: template<class _Yp, class _Del> std::shared_ptr<_Tp>::_Assignable<std::unique_ptr<_Up, _Ep> > std::shared_ptr<_Tp>::operator=(std::unique_ptr<_Up, _Ep>&&) [with _Yp = _Yp; _Del = _Del; _Tp = rclcpp::Subscription<sensor_msgs::msg::CompressedImage_<std::allocator<void> > >]
[9.881s]   [01;36m[Koperator[m[K=(unique_ptr<_Yp, _Del>&& __r)
[9.882s]   [01;36m[K^~~~~~~~[m[K
[9.882s] [01m[K/usr/include/c++/7/bits/shared_ptr.h:333:2:[m[K [01;36m[Knote: [m[K  template argument deduction/substitution failed:
[9.883s] [01m[K/home/hansol/ros2_ws/src/darknet_ros/darknet_ros/src/YoloObjectDetector.cpp:188:104:[m[K [01;36m[Knote: [m[K  ‘[01m[Kstd::shared_ptr<rclcpp::Subscription<const std::shared_ptr<const sensor_msgs::msg::CompressedImage_<std::allocator<void> > >&, std::allocator<void> > >[m[K’ is not derived from ‘[01m[Kstd::unique_ptr<_Tp, _Dp>[m[K’
[9.884s]        cameraTopicName, qos, std::bind(&YoloObjectDetector::cameraCallback, this, std::placeholders::_1)[01;36m[K)[m[K;
[9.885s]                                                                                                         [01;36m[K^[m[K
[9.885s] [01m[K/home/hansol/ros2_ws/src/darknet_ros/darknet_ros/src/YoloObjectDetector.cpp:222:71:[m[K [01;31m[Kerror: [m[K‘[01m[K_1[m[K’ was not declared in this scope
[9.886s]      std::bind(&YoloObjectDetector::checkForObjectsActionGoalCB, this, [01;31m[K_1[m[K, _2),
[9.887s]                                                                        [01;31m[K^~[m[K
[9.887s] [01m[K/home/hansol/ros2_ws/src/darknet_ros/darknet_ros/src/YoloObjectDetector.cpp:222:71:[m[K [01;36m[Knote: [m[Ksuggested alternative:
[9.888s] In file included from [01m[K/opt/ros/dashing/include/rclcpp/context.hpp:19:0[m[K,
[9.889s]                  from [01m[K/opt/ros/dashing/include/rclcpp/contexts/default_context.hpp:18[m[K,
[9.889s]                  from [01m[K/opt/ros/dashing/include/rclcpp/executor.hpp:32[m[K,
[9.890s]                  from [01m[K/opt/ros/dashing/include/rclcpp/executors/multi_threaded_executor.hpp:24[m[K,
[9.891s]                  from [01m[K/opt/ros/dashing/include/rclcpp/executors.hpp:21[m[K,
[9.891s]                  from [01m[K/opt/ros/dashing/include/rclcpp/rclcpp.hpp:144[m[K,
[9.892s]                  from [01m[K/home/hansol/ros2_ws/src/darknet_ros/darknet_ros/include/darknet_ros/YoloObjectDetector.hpp:25[m[K,
[9.893s]                  from [01m[K/home/hansol/ros2_ws/src/darknet_ros/darknet_ros/src/YoloObjectDetector.cpp:10[m[K:
[9.894s] [01m[K/usr/include/c++/7/functional:275:34:[m[K [01;36m[Knote: [m[K  ‘[01m[Kstd::placeholders::_1[m[K’
[9.895s]      extern const _Placeholder<1> [01;36m[K_1[m[K;
[9.895s]                                   [01;36m[K^~[m[K
[11.432s] In file included from [01m[K/opt/ros/dashing/include/rclcpp/node_interfaces/node_topics_interface.hpp:29:0[m[K,
[11.434s]                  from [01m[K/opt/ros/dashing/include/rclcpp/node.hpp:53[m[K,
[11.436s]                  from [01m[K/opt/ros/dashing/include/rclcpp/executors/single_threaded_executor.hpp:28[m[K,
[11.436s]                  from [01m[K/opt/ros/dashing/include/rclcpp/executors.hpp:22[m[K,
[11.437s]                  from [01m[K/opt/ros/dashing/include/rclcpp/rclcpp.hpp:144[m[K,
[11.438s]                  from [01m[K/home/hansol/ros2_ws/src/darknet_ros/darknet_ros/include/darknet_ros/YoloObjectDetector.hpp:25[m[K,
[11.438s]                  from [01m[K/home/hansol/ros2_ws/src/darknet_ros/darknet_ros/src/YoloObjectDetector.cpp:10[m[K:
[11.439s] /opt/ros/dashing/include/rclcpp/subscription_factory.hpp: In instantiation of ‘[01m[Krclcpp::SubscriptionFactory rclcpp::create_subscription_factory(CallbackT&&, const rclcpp::SubscriptionEventCallbacks&, typename rclcpp::message_memory_strategy::MessageMemoryStrategy<CallbackMessageT, Alloc>::SharedPtr, std::shared_ptr<PublisherT>) [with MessageT = sensor_msgs::msg::CompressedImage_<std::allocator<void> >; CallbackT = std::_Bind<void (darknet_ros::YoloObjectDetector::*(darknet_ros::YoloObjectDetector*, std::_Placeholder<1>))(const std::shared_ptr<const sensor_msgs::msg::CompressedImage_<std::allocator<void> > >&)>; Alloc = std::allocator<void>; CallbackMessageT = const std::shared_ptr<const sensor_msgs::msg::CompressedImage_<std::allocator<void> > >&; SubscriptionT = rclcpp::Subscription<const std::shared_ptr<const sensor_msgs::msg::CompressedImage_<std::allocator<void> > >&, std::allocator<void> >; typename rclcpp::message_memory_strategy::MessageMemoryStrategy<CallbackMessageT, Alloc>::SharedPtr = std::shared_ptr<rclcpp::message_memory_strategy::MessageMemoryStrategy<const std::shared_ptr<const sensor_msgs::msg::CompressedImage_<std::allocator<void> > >&, std::allocator<void> > >][m[K’:
[11.440s] [01m[K/opt/ros/dashing/include/rclcpp/create_subscription.hpp:115:71:[m[K   required from ‘[01m[Kstd::shared_ptr<SubscriptionT> rclcpp::create_subscription(NodeT&&, const string&, const rclcpp::QoS&, CallbackT&&, const rclcpp::SubscriptionOptionsWithAllocator<AllocatorT>&, typename rclcpp::message_memory_strategy::MessageMemoryStrategy<CallbackMessageT, Alloc>::SharedPtr) [with MessageT = sensor_msgs::msg::CompressedImage_<std::allocator<void> >; CallbackT = std::_Bind<void (darknet_ros::YoloObjectDetector::*(darknet_ros::YoloObjectDetector*, std::_Placeholder<1>))(const std::shared_ptr<const sensor_msgs::msg::CompressedImage_<std::allocator<void> > >&)>; AllocatorT = std::allocator<void>; CallbackMessageT = const std::shared_ptr<const sensor_msgs::msg::CompressedImage_<std::allocator<void> > >&; SubscriptionT = rclcpp::Subscription<const std::shared_ptr<const sensor_msgs::msg::CompressedImage_<std::allocator<void> > >&, std::allocator<void> >; NodeT = rclcpp::Node&; std::__cxx11::string = std::__cxx11::basic_string<char>; typename rclcpp::message_memory_strategy::MessageMemoryStrategy<CallbackMessageT, Alloc>::SharedPtr = std::shared_ptr<rclcpp::message_memory_strategy::MessageMemoryStrategy<const std::shared_ptr<const sensor_msgs::msg::CompressedImage_<std::allocator<void> > >&, std::allocator<void> > >][m[K’
[11.441s] [01m[K/opt/ros/dashing/include/rclcpp/node_impl.hpp:124:47:[m[K   required from ‘[01m[Kstd::shared_ptr<SubscriptionT> rclcpp::Node::create_subscription(const string&, const rclcpp::QoS&, CallbackT&&, const rclcpp::SubscriptionOptionsWithAllocator<AllocatorT>&, typename rclcpp::message_memory_strategy::MessageMemoryStrategy<typename rclcpp::subscription_traits::has_message_type<CallbackT>::type, AllocatorT>::SharedPtr) [with MessageT = sensor_msgs::msg::CompressedImage_<std::allocator<void> >; CallbackT = std::_Bind<void (darknet_ros::YoloObjectDetector::*(darknet_ros::YoloObjectDetector*, std::_Placeholder<1>))(const std::shared_ptr<const sensor_msgs::msg::CompressedImage_<std::allocator<void> > >&)>; AllocatorT = std::allocator<void>; SubscriptionT = rclcpp::Subscription<const std::shared_ptr<const sensor_msgs::msg::CompressedImage_<std::allocator<void> > >&, std::allocator<void> >; std::__cxx11::string = std::__cxx11::basic_string<char>; typename rclcpp::message_memory_strategy::MessageMemoryStrategy<typename rclcpp::subscription_traits::has_message_type<CallbackT>::type, AllocatorT>::SharedPtr = std::shared_ptr<rclcpp::message_memory_strategy::MessageMemoryStrategy<const std::shared_ptr<const sensor_msgs::msg::CompressedImage_<std::allocator<void> > >&, std::allocator<void> > >][m[K’
[11.441s] [01m[K/home/hansol/ros2_ws/src/darknet_ros/darknet_ros/src/YoloObjectDetector.cpp:188:104:[m[K   required from here
[11.442s] [01m[K/opt/ros/dashing/include/rclcpp/subscription_factory.hpp:93:3:[m[K [01;31m[Kerror: [m[Kno matching function for call to ‘[01m[Krclcpp::AnySubscriptionCallback<const std::shared_ptr<const sensor_msgs::msg::CompressedImage_<std::allocator<void> > >&, std::allocator<void> >::set(std::_Bind<void (darknet_ros::YoloObjectDetector::*(darknet_ros::YoloObjectDetector*, std::_Placeholder<1>))(const std::shared_ptr<const sensor_msgs::msg::CompressedImage_<std::allocator<void> > >&)>)[m[K’
[11.443s]    [01;31m[Kany_subscription_callback[m[K.set(std::forward<CallbackT>(callback));
[11.443s]    [01;31m[K^~~~~~~~~~~~~~~~~~~~~~~~~[m[K
[11.445s] In file included from [01m[K/opt/ros/dashing/include/rclcpp/subscription_base.hpp:28:0[m[K,
[11.446s]                  from [01m[K/opt/ros/dashing/include/rclcpp/intra_process_manager_impl.hpp:38[m[K,
[11.447s]                  from [01m[K/opt/ros/dashing/include/rclcpp/intra_process_manager.hpp:32[m[K,
[11.448s]                  from [01m[K/opt/ros/dashing/include/rclcpp/publisher.hpp:35[m[K,
[11.448s]                  from [01m[K/opt/ros/dashing/include/rclcpp/callback_group.hpp:24[m[K,
[11.449s]                  from [01m[K/opt/ros/dashing/include/rclcpp/any_executable.hpp:20[m[K,
[11.450s]                  from [01m[K/opt/ros/dashing/include/rclcpp/memory_strategy.hpp:24[m[K,
[11.451s]                  from [01m[K/opt/ros/dashing/include/rclcpp/memory_strategies.hpp:18[m[K,
[11.451s]                  from [01m[K/opt/ros/dashing/include/rclcpp/executor.hpp:33[m[K,
[11.452s]                  from [01m[K/opt/ros/dashing/include/rclcpp/executors/multi_threaded_executor.hpp:24[m[K,
[11.453s]                  from [01m[K/opt/ros/dashing/include/rclcpp/executors.hpp:21[m[K,
[11.453s]                  from [01m[K/opt/ros/dashing/include/rclcpp/rclcpp.hpp:144[m[K,
[11.454s]                  from [01m[K/home/hansol/ros2_ws/src/darknet_ros/darknet_ros/include/darknet_ros/YoloObjectDetector.hpp:25[m[K,
[11.455s]                  from [01m[K/home/hansol/ros2_ws/src/darknet_ros/darknet_ros/src/YoloObjectDetector.cpp:10[m[K:
[11.455s] [01m[K/opt/ros/dashing/include/rclcpp/any_subscription_callback.hpp:80:8:[m[K [01;36m[Knote: [m[Kcandidate: template<class CallbackT, typename std::enable_if<rclcpp::function_traits::same_arguments<CallbackT, std::function<void(std::shared_ptr<const std::shared_ptr<const sensor_msgs::msg::CompressedImage_<std::allocator<void> > >&>)> >::value, void>::type* <anonymous> > void rclcpp::AnySubscriptionCallback<MessageT, Alloc>::set(CallbackT) [with CallbackT = CallbackT; typename std::enable_if<rclcpp::function_traits::same_arguments<CallbackT, std::function<void(std::shared_ptr<_Tp>)> >::value>::type* <anonymous> = <enumerator>; MessageT = const std::shared_ptr<const sensor_msgs::msg::CompressedImage_<std::allocator<void> > >&; Alloc = std::allocator<void>]
[11.456s]    void [01;36m[Kset[m[K(CallbackT callback)
[11.457s]         [01;36m[K^~~[m[K
[11.457s] [01m[K/opt/ros/dashing/include/rclcpp/any_subscription_callback.hpp:80:8:[m[K [01;36m[Knote: [m[K  template argument deduction/substitution failed:
[11.458s] [01m[K/opt/ros/dashing/include/rclcpp/any_subscription_callback.hpp:78:17:[m[K [01;31m[Kerror: [m[Kno type named ‘[01m[Ktype[m[K’ in ‘[01m[Kstruct std::enable_if<false, void>[m[K’
[11.459s]      >::type * = [01;31m[Knullptr[m[K
[11.459s]                  [01;31m[K^~~~~~~[m[K
[11.460s] [01m[K/opt/ros/dashing/include/rclcpp/any_subscription_callback.hpp:78:17:[m[K [01;36m[Knote: [m[Kinvalid template non-type parameter
[11.461s] [01m[K/opt/ros/dashing/include/rclcpp/any_subscription_callback.hpp:94:8:[m[K [01;36m[Knote: [m[Kcandidate: template<class CallbackT, typename std::enable_if<rclcpp::function_traits::same_arguments<CallbackT, std::function<void(std::shared_ptr<const std::shared_ptr<const sensor_msgs::msg::CompressedImage_<std::allocator<void> > >&>, const rmw_message_info_t&)> >::value, void>::type* <anonymous> > void rclcpp::AnySubscriptionCallback<MessageT, Alloc>::set(CallbackT) [with CallbackT = CallbackT; typename std::enable_if<rclcpp::function_traits::same_arguments<CallbackT, std::function<void(std::shared_ptr<_Tp>, const rmw_message_info_t&)> >::value>::type* <anonymous> = <enumerator>; MessageT = const std::shared_ptr<const sensor_msgs::msg::CompressedImage_<std::allocator<void> > >&; Alloc = std::allocator<void>]
[11.461s]    void [01;36m[Kset[m[K(CallbackT callback)
[11.462s]         [01;36m[K^~~[m[K
[11.463s] [01m[K/opt/ros/dashing/include/rclcpp/any_subscription_callback.hpp:94:8:[m[K [01;36m[Knote: [m[K  template argument deduction/substitution failed:
[11.464s] [01m[K/opt/ros/dashing/include/rclcpp/any_subscription_callback.hpp:92:17:[m[K [01;31m[Kerror: [m[Kno type named ‘[01m[Ktype[m[K’ in ‘[01m[Kstruct std::enable_if<false, void>[m[K’
[11.465s]      >::type * = [01;31m[Knullptr[m[K
[11.465s]                  [01;31m[K^~~~~~~[m[K
[11.466s] [01m[K/opt/ros/dashing/include/rclcpp/any_subscription_callback.hpp:92:17:[m[K [01;36m[Knote: [m[Kinvalid template non-type parameter
[11.467s] [01m[K/opt/ros/dashing/include/rclcpp/any_subscription_callback.hpp:136:8:[m[K [01;36m[Knote: [m[Kcandidate: template<class CallbackT, typename std::enable_if<rclcpp::function_traits::same_arguments<CallbackT, std::function<void(std::unique_ptr<const std::shared_ptr<const sensor_msgs::msg::CompressedImage_<std::allocator<void> > >&, std::default_delete<const std::shared_ptr<const sensor_msgs::msg::CompressedImage_<std::allocator<void> > >&> >)> >::value, void>::type* <anonymous> > void rclcpp::AnySubscriptionCallback<MessageT, Alloc>::set(CallbackT) [with CallbackT = CallbackT; typename std::enable_if<rclcpp::function_traits::same_arguments<CallbackT, std::function<void(std::unique_ptr<T, typename std::conditional<std::is_same<typename std::allocator_traits<typename std::allocator_traits<_Alloc>::rebind_traits<T>::allocator_type>::rebind_alloc<T>, typename std::allocator<void>::rebind<_Tp1>::other>::value, std::default_delete<_Tp>, rclcpp::allocator::AllocatorDeleter<typename std::allocator_traits<_Alloc>::rebind_traits<T>::allocator_type> >::type>)> >::value>::type* <anonymous> = <enumerator>; MessageT = const std::shared_ptr<const sensor_msgs::msg::CompressedImage_<std::allocator<void> > >&; Alloc = std::allocator<void>]
[11.468s]    void [01;36m[Kset[m[K(CallbackT callback)
[11.468s]         [01;36m[K^~~[m[K
[11.469s] [01m[K/opt/ros/dashing/include/rclcpp/any_subscription_callback.hpp:136:8:[m[K [01;36m[Knote: [m[K  template argument deduction/substitution failed:
[11.470s] [01m[K/opt/ros/dashing/include/rclcpp/any_subscription_callback.hpp:134:17:[m[K [01;31m[Kerror: [m[Kno type named ‘[01m[Ktype[m[K’ in ‘[01m[Kstruct std::enable_if<false, void>[m[K’
[11.471s]      >::type * = [01;31m[Knullptr[m[K
[11.471s]                  [01;31m[K^~~~~~~[m[K
[11.472s] [01m[K/opt/ros/dashing/include/rclcpp/any_subscription_callback.hpp:134:17:[m[K [01;36m[Knote: [m[Kinvalid template non-type parameter
[11.473s] [01m[K/opt/ros/dashing/include/rclcpp/any_subscription_callback.hpp:150:8:[m[K [01;36m[Knote: [m[Kcandidate: template<class CallbackT, typename std::enable_if<rclcpp::function_traits::same_arguments<CallbackT, std::function<void(std::unique_ptr<const std::shared_ptr<const sensor_msgs::msg::CompressedImage_<std::allocator<void> > >&, std::default_delete<const std::shared_ptr<const sensor_msgs::msg::CompressedImage_<std::allocator<void> > >&> >, const rmw_message_info_t&)> >::value, void>::type* <anonymous> > void rclcpp::AnySubscriptionCallback<MessageT, Alloc>::set(CallbackT) [with CallbackT = CallbackT; typename std::enable_if<rclcpp::function_traits::same_arguments<CallbackT, std::function<void(std::unique_ptr<T, typename std::conditional<std::is_same<typename std::allocator_traits<typename std::allocator_traits<_Alloc>::rebind_traits<T>::allocator_type>::rebind_alloc<T>, typename std::allocator<void>::rebind<_Tp1>::other>::value, std::default_delete<_Tp>, rclcpp::allocator::AllocatorDeleter<typename std::allocator_traits<_Alloc>::rebind_traits<T>::allocator_type> >::type>, const rmw_message_info_t&)> >::value>::type* <anonymous> = <enumerator>; MessageT = const std::shared_ptr<const sensor_msgs::msg::CompressedImage_<std::allocator<void> > >&; Alloc = std::allocator<void>]
[11.473s]    void [01;36m[Kset[m[K(CallbackT callback)
[11.474s]         [01;36m[K^~~[m[K
[11.475s] [01m[K/opt/ros/dashing/include/rclcpp/any_subscription_callback.hpp:150:8:[m[K [01;36m[Knote: [m[K  template argument deduction/substitution failed:
[11.475s] [01m[K/opt/ros/dashing/include/rclcpp/any_subscription_callback.hpp:148:17:[m[K [01;31m[Kerror: [m[Kno type named ‘[01m[Ktype[m[K’ in ‘[01m[Kstruct std::enable_if<false, void>[m[K’
[11.476s]      >::type * = [01;31m[Knullptr[m[K
[11.477s]                  [01;31m[K^~~~~~~[m[K
[11.478s] [01m[K/opt/ros/dashing/include/rclcpp/any_subscription_callback.hpp:148:17:[m[K [01;36m[Knote: [m[Kinvalid template non-type parameter
[13.629s] In file included from [01m[K/usr/include/aarch64-linux-gnu/c++/7/bits/c++allocator.h:33:0[m[K,
[13.630s]                  from [01m[K/usr/include/c++/7/bits/allocator.h:46[m[K,
[13.631s]                  from [01m[K/usr/include/c++/7/string:41[m[K,
[13.632s]                  from [01m[K/home/hansol/ros2_ws/src/darknet_ros/darknet_ros/include/darknet_ros/YoloObjectDetector.hpp:13[m[K,
[13.632s]                  from [01m[K/home/hansol/ros2_ws/src/darknet_ros/darknet_ros/src/YoloObjectDetector.cpp:10[m[K:
[13.633s] /usr/include/c++/7/ext/new_allocator.h: In instantiation of ‘[01m[Kclass __gnu_cxx::new_allocator<const std::shared_ptr<const sensor_msgs::msg::CompressedImage_<std::allocator<void> > >&>[m[K’:
[13.633s] [01m[K/usr/include/c++/7/bits/allocator.h:108:11:[m[K   required from ‘[01m[Kclass std::allocator<const std::shared_ptr<const sensor_msgs::msg::CompressedImage_<std::allocator<void> > >&>[m[K’
[13.634s] [01m[K/usr/include/c++/7/bits/shared_ptr_base.h:1355:63:[m[K   required by substitution of ‘[01m[Ktemplate<class _Yp> struct std::__shared_ptr<std::allocator<const std::shared_ptr<const sensor_msgs::msg::CompressedImage_<std::allocator<void> > >&>, (__gnu_cxx::_Lock_policy)2>::__has_esft_base<_Yp, std::__void_t<decltype (__enable_shared_from_this_base(declval<const std::__shared_count<(__gnu_cxx::_Lock_policy)2>&>(), declval<_Yp*>()))> > [with _Yp = std::allocator<const std::shared_ptr<const sensor_msgs::msg::CompressedImage_<std::allocator<void> > >&>][m[K’
[13.635s] [01m[K/usr/include/c++/7/bits/shared_ptr_base.h:1377:21:[m[K   required by substitution of ‘[01m[Ktemplate<class _Yp, class _Yp2> typename std::enable_if<(! std::__shared_ptr<std::allocator<const std::shared_ptr<const sensor_msgs::msg::CompressedImage_<std::allocator<void> > >&>, (__gnu_cxx::_Lock_policy)2>::__has_esft_base<_Yp2, void>::value), void>::type std::__shared_ptr<std::allocator<const std::shared_ptr<const sensor_msgs::msg::CompressedImage_<std::allocator<void> > >&>, (__gnu_cxx::_Lock_policy)2>::_M_enable_shared_from_this_with<_Yp, _Yp2>(_Yp*) [with _Yp = std::allocator<const std::shared_ptr<const sensor_msgs::msg::CompressedImage_<std::allocator<void> > >&>; _Yp2 = std::allocator<const std::shared_ptr<const sensor_msgs::msg::CompressedImage_<std::allocator<void> > >&>][m[K’
[13.636s] [01m[K/usr/include/c++/7/bits/shared_ptr_base.h:1301:35:[m[K   required from ‘[01m[Kstd::__shared_ptr<_Tp, _Lp>::__shared_ptr(std::_Sp_make_shared_tag, const _Alloc&, _Args&& ...) [with _Alloc = std::allocator<std::allocator<const std::shared_ptr<const sensor_msgs::msg::CompressedImage_<std::allocator<void> > >&> >; _Args = {std::allocator<void>&}; _Tp = std::allocator<const std::shared_ptr<const sensor_msgs::msg::CompressedImage_<std::allocator<void> > >&>; __gnu_cxx::_Lock_policy _Lp = (__gnu_cxx::_Lock_policy)2][m[K’
[13.636s] [01m[K/usr/include/c++/7/bits/shared_ptr.h:344:64:[m[K   [ skipping 2 instantiation contexts, use -ftemplate-backtrace-limit=0 to disable ]
[13.637s] [01m[K/usr/include/c++/7/bits/shared_ptr.h:706:39:[m[K   required from ‘[01m[Kstd::shared_ptr<_Tp> std::make_shared(_Args&& ...) [with _Tp = std::allocator<const std::shared_ptr<const sensor_msgs::msg::CompressedImage_<std::allocator<void> > >&>; _Args = {std::allocator<void>&}][m[K’
[13.637s] [01m[K/opt/ros/dashing/include/rclcpp/any_subscription_callback.hpp:65:56:[m[K   required from ‘[01m[Krclcpp::AnySubscriptionCallback<MessageT, Alloc>::AnySubscriptionCallback(std::shared_ptr<_Up>) [with MessageT = const std::shared_ptr<const sensor_msgs::msg::CompressedImage_<std::allocator<void> > >&; Alloc = std::allocator<void>][m[K’
[13.638s] [01m[K/opt/ros/dashing/include/rclcpp/subscription_factory.hpp:92:52:[m[K   required from ‘[01m[Krclcpp::SubscriptionFactory rclcpp::create_subscription_factory(CallbackT&&, const rclcpp::SubscriptionEventCallbacks&, typename rclcpp::message_memory_strategy::MessageMemoryStrategy<CallbackMessageT, Alloc>::SharedPtr, std::shared_ptr<PublisherT>) [with MessageT = sensor_msgs::msg::CompressedImage_<std::allocator<void> >; CallbackT = std::_Bind<void (darknet_ros::YoloObjectDetector::*(darknet_ros::YoloObjectDetector*, std::_Placeholder<1>))(const std::shared_ptr<const sensor_msgs::msg::CompressedImage_<std::allocator<void> > >&)>; Alloc = std::allocator<void>; CallbackMessageT = const std::shared_ptr<const sensor_msgs::msg::CompressedImage_<std::allocator<void> > >&; SubscriptionT = rclcpp::Subscription<const std::shared_ptr<const sensor_msgs::msg::CompressedImage_<std::allocator<void> > >&, std::allocator<void> >; typename rclcpp::message_memory_strategy::MessageMemoryStrategy<CallbackMessageT, Alloc>::SharedPtr = std::shared_ptr<rclcpp::message_memory_strategy::MessageMemoryStrategy<const std::shared_ptr<const sensor_msgs::msg::CompressedImage_<std::allocator<void> > >&, std::allocator<void> > >][m[K’
[13.639s] [01m[K/opt/ros/dashing/include/rclcpp/create_subscription.hpp:115:71:[m[K   required from ‘[01m[Kstd::shared_ptr<SubscriptionT> rclcpp::create_subscription(NodeT&&, const string&, const rclcpp::QoS&, CallbackT&&, const rclcpp::SubscriptionOptionsWithAllocator<AllocatorT>&, typename rclcpp::message_memory_strategy::MessageMemoryStrategy<CallbackMessageT, Alloc>::SharedPtr) [with MessageT = sensor_msgs::msg::CompressedImage_<std::allocator<void> >; CallbackT = std::_Bind<void (darknet_ros::YoloObjectDetector::*(darknet_ros::YoloObjectDetector*, std::_Placeholder<1>))(const std::shared_ptr<const sensor_msgs::msg::CompressedImage_<std::allocator<void> > >&)>; AllocatorT = std::allocator<void>; CallbackMessageT = const std::shared_ptr<const sensor_msgs::msg::CompressedImage_<std::allocator<void> > >&; SubscriptionT = rclcpp::Subscription<const std::shared_ptr<const sensor_msgs::msg::CompressedImage_<std::allocator<void> > >&, std::allocator<void> >; NodeT = rclcpp::Node&; std::__cxx11::string = std::__cxx11::basic_string<char>; typename rclcpp::message_memory_strategy::MessageMemoryStrategy<CallbackMessageT, Alloc>::SharedPtr = std::shared_ptr<rclcpp::message_memory_strategy::MessageMemoryStrategy<const std::shared_ptr<const sensor_msgs::msg::CompressedImage_<std::allocator<void> > >&, std::allocator<void> > >][m[K’
[13.639s] [01m[K/opt/ros/dashing/include/rclcpp/node_impl.hpp:124:47:[m[K   required from ‘[01m[Kstd::shared_ptr<SubscriptionT> rclcpp::Node::create_subscription(const string&, const rclcpp::QoS&, CallbackT&&, const rclcpp::SubscriptionOptionsWithAllocator<AllocatorT>&, typename rclcpp::message_memory_strategy::MessageMemoryStrategy<typename rclcpp::subscription_traits::has_message_type<CallbackT>::type, AllocatorT>::SharedPtr) [with MessageT = sensor_msgs::msg::CompressedImage_<std::allocator<void> >; CallbackT = std::_Bind<void (darknet_ros::YoloObjectDetector::*(darknet_ros::YoloObjectDetector*, std::_Placeholder<1>))(const std::shared_ptr<const sensor_msgs::msg::CompressedImage_<std::allocator<void> > >&)>; AllocatorT = std::allocator<void>; SubscriptionT = rclcpp::Subscription<const std::shared_ptr<const sensor_msgs::msg::CompressedImage_<std::allocator<void> > >&, std::allocator<void> >; std::__cxx11::string = std::__cxx11::basic_string<char>; typename rclcpp::message_memory_strategy::MessageMemoryStrategy<typename rclcpp::subscription_traits::has_message_type<CallbackT>::type, AllocatorT>::SharedPtr = std::shared_ptr<rclcpp::message_memory_strategy::MessageMemoryStrategy<const std::shared_ptr<const sensor_msgs::msg::CompressedImage_<std::allocator<void> > >&, std::allocator<void> > >][m[K’
[13.640s] [01m[K/home/hansol/ros2_ws/src/darknet_ros/darknet_ros/src/YoloObjectDetector.cpp:188:104:[m[K   required from here
[13.641s] [01m[K/usr/include/c++/7/ext/new_allocator.h:63:26:[m[K [01;31m[Kerror: [m[Kforming pointer to reference type ‘[01m[Kconst std::shared_ptr<const sensor_msgs::msg::CompressedImage_<std::allocator<void> > >&[m[K’
[13.642s]        typedef _Tp*       [01;31m[Kpointer[m[K;
[13.642s]                           [01;31m[K^~~~~~~[m[K
[13.643s] [01m[K/usr/include/c++/7/ext/new_allocator.h:64:26:[m[K [01;31m[Kerror: [m[Kforming pointer to reference type ‘[01m[Kconst std::shared_ptr<const sensor_msgs::msg::CompressedImage_<std::allocator<void> > >&[m[K’
[13.644s]        typedef const _Tp* [01;31m[Kconst_pointer[m[K;
[13.645s]                           [01;31m[K^~~~~~~~~~~~~[m[K
[13.645s] In file included from [01m[K/usr/include/c++/7/string:41:0[m[K,
[13.646s]                  from [01m[K/home/hansol/ros2_ws/src/darknet_ros/darknet_ros/include/darknet_ros/YoloObjectDetector.hpp:13[m[K,
[13.647s]                  from [01m[K/home/hansol/ros2_ws/src/darknet_ros/darknet_ros/src/YoloObjectDetector.cpp:10[m[K:
[13.647s] /usr/include/c++/7/bits/allocator.h: In instantiation of ‘[01m[Kclass std::allocator<const std::shared_ptr<const sensor_msgs::msg::CompressedImage_<std::allocator<void> > >&>[m[K’:
[13.648s] [01m[K/usr/include/c++/7/bits/shared_ptr_base.h:1355:63:[m[K   required by substitution of ‘[01m[Ktemplate<class _Yp> struct std::__shared_ptr<std::allocator<const std::shared_ptr<const sensor_msgs::msg::CompressedImage_<std::allocator<void> > >&>, (__gnu_cxx::_Lock_policy)2>::__has_esft_base<_Yp, std::__void_t<decltype (__enable_shared_from_this_base(declval<const std::__shared_count<(__gnu_cxx::_Lock_policy)2>&>(), declval<_Yp*>()))> > [with _Yp = std::allocator<const std::shared_ptr<const sensor_msgs::msg::CompressedImage_<std::allocator<void> > >&>][m[K’
[13.649s] [01m[K/usr/include/c++/7/bits/shared_ptr_base.h:1377:21:[m[K   required by substitution of ‘[01m[Ktemplate<class _Yp, class _Yp2> typename std::enable_if<(! std::__shared_ptr<std::allocator<const std::shared_ptr<const sensor_msgs::msg::CompressedImage_<std::allocator<void> > >&>, (__gnu_cxx::_Lock_policy)2>::__has_esft_base<_Yp2, void>::value), void>::type std::__shared_ptr<std::allocator<const std::shared_ptr<const sensor_msgs::msg::CompressedImage_<std::allocator<void> > >&>, (__gnu_cxx::_Lock_policy)2>::_M_enable_shared_from_this_with<_Yp, _Yp2>(_Yp*) [with _Yp = std::allocator<const std::shared_ptr<const sensor_msgs::msg::CompressedImage_<std::allocator<void> > >&>; _Yp2 = std::allocator<const std::shared_ptr<const sensor_msgs::msg::CompressedImage_<std::allocator<void> > >&>][m[K’
[13.649s] [01m[K/usr/include/c++/7/bits/shared_ptr_base.h:1301:35:[m[K   required from ‘[01m[Kstd::__shared_ptr<_Tp, _Lp>::__shared_ptr(std::_Sp_make_shared_tag, const _Alloc&, _Args&& ...) [with _Alloc = std::allocator<std::allocator<const std::shared_ptr<const sensor_msgs::msg::CompressedImage_<std::allocator<void> > >&> >; _Args = {std::allocator<void>&}; _Tp = std::allocator<const std::shared_ptr<const sensor_msgs::msg::CompressedImage_<std::allocator<void> > >&>; __gnu_cxx::_Lock_policy _Lp = (__gnu_cxx::_Lock_policy)2][m[K’
[13.650s] [01m[K/usr/include/c++/7/bits/shared_ptr.h:344:64:[m[K   required from ‘[01m[Kstd::shared_ptr<_Tp>::shared_ptr(std::_Sp_make_shared_tag, const _Alloc&, _Args&& ...) [with _Alloc = std::allocator<std::allocator<const std::shared_ptr<const sensor_msgs::msg::CompressedImage_<std::allocator<void> > >&> >; _Args = {std::allocator<void>&}; _Tp = std::allocator<const std::shared_ptr<const sensor_msgs::msg::CompressedImage_<std::allocator<void> > >&>][m[K’
[13.651s] [01m[K/usr/include/c++/7/bits/shared_ptr.h:690:14:[m[K   required from ‘[01m[Kstd::shared_ptr<_Tp> std::allocate_shared(const _Alloc&, _Args&& ...) [with _Tp = std::allocator<const std::shared_ptr<const sensor_msgs::msg::CompressedImage_<std::allocator<void> > >&>; _Alloc = std::allocator<std::allocator<const std::shared_ptr<const sensor_msgs::msg::CompressedImage_<std::allocator<void> > >&> >; _Args = {std::allocator<void>&}][m[K’
[13.652s] [01m[K/usr/include/c++/7/bits/shared_ptr.h:706:39:[m[K   required from ‘[01m[Kstd::shared_ptr<_Tp> std::make_shared(_Args&& ...) [with _Tp = std::allocator<const std::shared_ptr<const sensor_msgs::msg::CompressedImage_<std::allocator<void> > >&>; _Args = {std::allocator<void>&}][m[K’
[13.652s] [01m[K/opt/ros/dashing/include/rclcpp/any_subscription_callback.hpp:65:56:[m[K   required from ‘[01m[Krclcpp::AnySubscriptionCallback<MessageT, Alloc>::AnySubscriptionCallback(std::shared_ptr<_Up>) [with MessageT = const std::shared_ptr<const sensor_msgs::msg::CompressedImage_<std::allocator<void> > >&; Alloc = std::allocator<void>][m[K’
[13.653s] [01m[K/opt/ros/dashing/include/rclcpp/subscription_factory.hpp:92:52:[m[K   required from ‘[01m[Krclcpp::SubscriptionFactory rclcpp::create_subscription_factory(CallbackT&&, const rclcpp::SubscriptionEventCallbacks&, typename rclcpp::message_memory_strategy::MessageMemoryStrategy<CallbackMessageT, Alloc>::SharedPtr, std::shared_ptr<PublisherT>) [with MessageT = sensor_msgs::msg::CompressedImage_<std::allocator<void> >; CallbackT = std::_Bind<void (darknet_ros::YoloObjectDetector::*(darknet_ros::YoloObjectDetector*, std::_Placeholder<1>))(const std::shared_ptr<const sensor_msgs::msg::CompressedImage_<std::allocator<void> > >&)>; Alloc = std::allocator<void>; CallbackMessageT = const std::shared_ptr<const sensor_msgs::msg::CompressedImage_<std::allocator<void> > >&; SubscriptionT = rclcpp::Subscription<const std::shared_ptr<const sensor_msgs::msg::CompressedImage_<std::allocator<void> > >&, std::allocator<void> >; typename rclcpp::message_memory_strategy::MessageMemoryStrategy<CallbackMessageT, Alloc>::SharedPtr = std::shared_ptr<rclcpp::message_memory_strategy::MessageMemoryStrategy<const std::shared_ptr<const sensor_msgs::msg::CompressedImage_<std::allocator<void> > >&, std::allocator<void> > >][m[K’
[13.654s] [01m[K/opt/ros/dashing/include/rclcpp/create_subscription.hpp:115:71:[m[K   required from ‘[01m[Kstd::shared_ptr<SubscriptionT> rclcpp::create_subscription(NodeT&&, const string&, const rclcpp::QoS&, CallbackT&&, const rclcpp::SubscriptionOptionsWithAllocator<AllocatorT>&, typename rclcpp::message_memory_strategy::MessageMemoryStrategy<CallbackMessageT, Alloc>::SharedPtr) [with MessageT = sensor_msgs::msg::CompressedImage_<std::allocator<void> >; CallbackT = std::_Bind<void (darknet_ros::YoloObjectDetector::*(darknet_ros::YoloObjectDetector*, std::_Placeholder<1>))(const std::shared_ptr<const sensor_msgs::msg::CompressedImage_<std::allocator<void> > >&)>; AllocatorT = std::allocator<void>; CallbackMessageT = const std::shared_ptr<const sensor_msgs::msg::CompressedImage_<std::allocator<void> > >&; SubscriptionT = rclcpp::Subscription<const std::shared_ptr<const sensor_msgs::msg::CompressedImage_<std::allocator<void> > >&, std::allocator<void> >; NodeT = rclcpp::Node&; std::__cxx11::string = std::__cxx11::basic_string<char>; typename rclcpp::message_memory_strategy::MessageMemoryStrategy<CallbackMessageT, Alloc>::SharedPtr = std::shared_ptr<rclcpp::message_memory_strategy::MessageMemoryStrategy<const std::shared_ptr<const sensor_msgs::msg::CompressedImage_<std::allocator<void> > >&, std::allocator<void> > >][m[K’
[13.655s] [01m[K/opt/ros/dashing/include/rclcpp/node_impl.hpp:124:47:[m[K   required from ‘[01m[Kstd::shared_ptr<SubscriptionT> rclcpp::Node::create_subscription(const string&, const rclcpp::QoS&, CallbackT&&, const rclcpp::SubscriptionOptionsWithAllocator<AllocatorT>&, typename rclcpp::message_memory_strategy::MessageMemoryStrategy<typename rclcpp::subscription_traits::has_message_type<CallbackT>::type, AllocatorT>::SharedPtr) [with MessageT = sensor_msgs::msg::CompressedImage_<std::allocator<void> >; CallbackT = std::_Bind<void (darknet_ros::YoloObjectDetector::*(darknet_ros::YoloObjectDetector*, std::_Placeholder<1>))(const std::shared_ptr<const sensor_msgs::msg::CompressedImage_<std::allocator<void> > >&)>; AllocatorT = std::allocator<void>; SubscriptionT = rclcpp::Subscription<const std::shared_ptr<const sensor_msgs::msg::CompressedImage_<std::allocator<void> > >&, std::allocator<void> >; std::__cxx11::string = std::__cxx11::basic_string<char>; typename rclcpp::message_memory_strategy::MessageMemoryStrategy<typename rclcpp::subscription_traits::has_message_type<CallbackT>::type, AllocatorT>::SharedPtr = std::shared_ptr<rclcpp::message_memory_strategy::MessageMemoryStrategy<const std::shared_ptr<const sensor_msgs::msg::CompressedImage_<std::allocator<void> > >&, std::allocator<void> > >][m[K’
[13.655s] [01m[K/home/hansol/ros2_ws/src/darknet_ros/darknet_ros/src/YoloObjectDetector.cpp:188:104:[m[K   required from here
[13.656s] [01m[K/usr/include/c++/7/bits/allocator.h:113:26:[m[K [01;31m[Kerror: [m[Kforming pointer to reference type ‘[01m[Kconst std::shared_ptr<const sensor_msgs::msg::CompressedImage_<std::allocator<void> > >&[m[K’
[13.657s]        typedef _Tp*       [01;31m[Kpointer[m[K;
[13.657s]                           [01;31m[K^~~~~~~[m[K
[13.658s] [01m[K/usr/include/c++/7/bits/allocator.h:114:26:[m[K [01;31m[Kerror: [m[Kforming pointer to reference type ‘[01m[Kconst std::shared_ptr<const sensor_msgs::msg::CompressedImage_<std::allocator<void> > >&[m[K’
[13.658s]        typedef const _Tp* [01;31m[Kconst_pointer[m[K;
[13.659s]                           [01;31m[K^~~~~~~~~~~~~[m[K
[14.071s] In file included from [01m[K/usr/include/c++/7/bits/shared_ptr.h:52:0[m[K,
[14.072s]                  from [01m[K/usr/include/c++/7/memory:81[m[K,
[14.073s]                  from [01m[K/usr/include/c++/7/thread:39[m[K,
[14.074s]                  from [01m[K/home/hansol/ros2_ws/src/darknet_ros/darknet_ros/include/darknet_ros/YoloObjectDetector.hpp:17[m[K,
[14.075s]                  from [01m[K/home/hansol/ros2_ws/src/darknet_ros/darknet_ros/src/YoloObjectDetector.cpp:10[m[K:
[14.075s] /usr/include/c++/7/bits/shared_ptr_base.h: In instantiation of ‘[01m[Kclass std::__shared_ptr_access<const std::shared_ptr<const sensor_msgs::msg::CompressedImage_<std::allocator<void> > >&, (__gnu_cxx::_Lock_policy)2, false, false>[m[K’:
[14.076s] [01m[K/usr/include/c++/7/bits/shared_ptr_base.h:1034:11:[m[K   required from ‘[01m[Kclass std::__shared_ptr<const std::shared_ptr<const sensor_msgs::msg::CompressedImage_<std::allocator<void> > >&, (__gnu_cxx::_Lock_policy)2>[m[K’
[14.077s] [01m[K/usr/include/c++/7/bits/shared_ptr.h:93:11:[m[K   required from ‘[01m[Kclass std::shared_ptr<const std::shared_ptr<const sensor_msgs::msg::CompressedImage_<std::allocator<void> > >&>[m[K’
[14.077s] [01m[K/opt/ros/dashing/include/rclcpp/message_memory_strategy.hpp:84:37:[m[K   required from ‘[01m[Kstd::shared_ptr<_Tp> rclcpp::message_memory_strategy::MessageMemoryStrategy<MessageT, Alloc>::borrow_message() [with MessageT = const std::shared_ptr<const sensor_msgs::msg::CompressedImage_<std::allocator<void> > >&; Alloc = std::allocator<void>][m[K’
[14.078s] [01m[K/home/hansol/ros2_ws/src/darknet_ros/darknet_ros/src/YoloObjectDetector.cpp:764:1:[m[K   required from here
[14.079s] [01m[K/usr/include/c++/7/bits/shared_ptr_base.h:966:7:[m[K [01;31m[Kerror: [m[Kforming pointer to reference type ‘[01m[Kstd::__shared_ptr_access<const std::shared_ptr<const sensor_msgs::msg::CompressedImage_<std::allocator<void> > >&, (__gnu_cxx::_Lock_policy)2, false, false>::element_type {aka const std::shared_ptr<const sensor_msgs::msg::CompressedImage_<std::allocator<void> > >&}[m[K’
[14.080s]        [01;31m[Koperator[m[K->() const noexcept
[14.080s]        [01;31m[K^~~~~~~~[m[K
[14.081s] [01m[K/usr/include/c++/7/bits/shared_ptr_base.h:974:7:[m[K [01;31m[Kerror: [m[Kforming pointer to reference type ‘[01m[Kstd::__shared_ptr_access<const std::shared_ptr<const sensor_msgs::msg::CompressedImage_<std::allocator<void> > >&, (__gnu_cxx::_Lock_policy)2, false, false>::element_type {aka const std::shared_ptr<const sensor_msgs::msg::CompressedImage_<std::allocator<void> > >&}[m[K’
[14.082s]        [01;31m[K_M_get[m[K() const noexcept
[14.082s]        [01;31m[K^~~~~~[m[K
[14.083s] /usr/include/c++/7/bits/shared_ptr_base.h: In instantiation of ‘[01m[Kclass std::__shared_ptr<const std::shared_ptr<const sensor_msgs::msg::CompressedImage_<std::allocator<void> > >&, (__gnu_cxx::_Lock_policy)2>[m[K’:
[14.083s] [01m[K/usr/include/c++/7/bits/shared_ptr.h:93:11:[m[K   required from ‘[01m[Kclass std::shared_ptr<const std::shared_ptr<const sensor_msgs::msg::CompressedImage_<std::allocator<void> > >&>[m[K’
[14.084s] [01m[K/opt/ros/dashing/include/rclcpp/message_memory_strategy.hpp:84:37:[m[K   required from ‘[01m[Kstd::shared_ptr<_Tp> rclcpp::message_memory_strategy::MessageMemoryStrategy<MessageT, Alloc>::borrow_message() [with MessageT = const std::shared_ptr<const sensor_msgs::msg::CompressedImage_<std::allocator<void> > >&; Alloc = std::allocator<void>][m[K’
[14.085s] [01m[K/home/hansol/ros2_ws/src/darknet_ros/darknet_ros/src/YoloObjectDetector.cpp:764:1:[m[K   required from here
[14.085s] [01m[K/usr/include/c++/7/bits/shared_ptr_base.h:1049:66:[m[K [01;31m[Kerror: [m[Kforming pointer to reference type ‘[01m[Kconst std::shared_ptr<const sensor_msgs::msg::CompressedImage_<std::allocator<void> > >&[m[K’
[14.086s]     enable_if<__sp_compatible_with<_Yp*, _Tp*>::value, _Res>::type[01;31m[K;[m[K
[14.086s]                                                                   [01;31m[K^[m[K
[14.087s] [01m[K/usr/include/c++/7/bits/shared_ptr_base.h:1060:25:[m[K [01;31m[Kerror: [m[Kforming pointer to reference type ‘[01m[Kconst std::shared_ptr<const sensor_msgs::msg::CompressedImage_<std::allocator<void> > >&[m[K’
[14.087s]     >::value, _Res>::type[01;31m[K;[m[K
[14.088s]                          [01;31m[K^[m[K
[14.088s] [01m[K/usr/include/c++/7/bits/shared_ptr_base.h:1116:2:[m[K [01;31m[Kerror: [m[Kforming pointer to reference type ‘[01m[Kstd::__shared_ptr<const std::shared_ptr<const sensor_msgs::msg::CompressedImage_<std::allocator<void> > >&, (__gnu_cxx::_Lock_policy)2>::element_type {aka const std::shared_ptr<const sensor_msgs::msg::CompressedImage_<std::allocator<void> > >&}[m[K’
[14.089s]   [01;31m[K__shared_ptr[m[K(const __shared_ptr<_Yp, _Lp>& __r,
[14.090s]   [01;31m[K^~~~~~~~~~~~[m[K
[14.090s] /usr/include/c++/7/bits/shared_ptr_base.h: In substitution of ‘[01m[Ktemplate<class _Tp, __gnu_cxx::_Lock_policy _Lp> template<class _Yp, class _Res> using _Compatible = typename std::enable_if<std::__sp_compatible_with<_Yp*, _Tp*>::value, _Res>::type [with _Yp = _Yp; _Res = void; _Tp = const std::shared_ptr<const sensor_msgs::msg::CompressedImage_<std::allocator<void> > >&; __gnu_cxx::_Lock_policy _Lp = (__gnu_cxx::_Lock_policy)2][m[K’:
[14.091s] [01m[K/usr/include/c++/7/bits/shared_ptr_base.h:1126:2:[m[K   required from ‘[01m[Kclass std::__shared_ptr<const std::shared_ptr<const sensor_msgs::msg::CompressedImage_<std::allocator<void> > >&, (__gnu_cxx::_Lock_policy)2>[m[K’
[14.091s] [01m[K/usr/include/c++/7/bits/shared_ptr.h:93:11:[m[K   required from ‘[01m[Kclass std::shared_ptr<const std::shared_ptr<const sensor_msgs::msg::CompressedImage_<std::allocator<void> > >&>[m[K’
[14.092s] [01m[K/opt/ros/dashing/include/rclcpp/message_memory_strategy.hpp:84:37:[m[K   required from ‘[01m[Kstd::shared_ptr<_Tp> rclcpp::message_memory_strategy::MessageMemoryStrategy<MessageT, Alloc>::borrow_message() [with MessageT = const std::shared_ptr<const sensor_msgs::msg::CompressedImage_<std::allocator<void> > >&; Alloc = std::allocator<void>][m[K’
[14.092s] [01m[K/home/hansol/ros2_ws/src/darknet_ros/darknet_ros/src/YoloObjectDetector.cpp:764:1:[m[K   required from here
[14.093s] [01m[K/usr/include/c++/7/bits/shared_ptr_base.h:1049:66:[m[K [01;31m[Kerror: [m[Kforming pointer to reference type ‘[01m[Kconst std::shared_ptr<const sensor_msgs::msg::CompressedImage_<std::allocator<void> > >&[m[K’
[14.094s]     enable_if<__sp_compatible_with<_Yp*, _Tp*>::value, _Res>::type[01;31m[K;[m[K
[14.094s]                                                                   [01;31m[K^[m[K
[14.095s] /usr/include/c++/7/bits/shared_ptr_base.h: In substitution of ‘[01m[Ktemplate<class _Tp, __gnu_cxx::_Lock_policy _Lp> template<class _Yp, class _Del, class _Res, class _Ptr> using _UniqCompatible = typename std::enable_if<std::__and_<std::__sp_compatible_with<_Yp*, _Tp*>, std::is_convertible<_Ptr, typename std::remove_extent<_Up>::type*> >::value, _Res>::type [with _Yp = _Yp; _Del = _Del; _Res = void; _Ptr = typename std::unique_ptr<_Tp, _Dp>::pointer; _Tp = const std::shared_ptr<const sensor_msgs::msg::CompressedImage_<std::allocator<void> > >&; __gnu_cxx::_Lock_policy _Lp = (__gnu_cxx::_Lock_policy)2][m[K’:
[14.095s] [01m[K/usr/include/c++/7/bits/shared_ptr_base.h:1157:2:[m[K   required from ‘[01m[Kclass std::__shared_ptr<const std::shared_ptr<const sensor_msgs::msg::CompressedImage_<std::allocator<void> > >&, (__gnu_cxx::_Lock_policy)2>[m[K’
[14.096s] [01m[K/usr/include/c++/7/bits/shared_ptr.h:93:11:[m[K   required from ‘[01m[Kclass std::shared_ptr<const std::shared_ptr<const sensor_msgs::msg::CompressedImage_<std::allocator<void> > >&>[m[K’
[14.097s] [01m[K/opt/ros/dashing/include/rclcpp/message_memory_strategy.hpp:84:37:[m[K   required from ‘[01m[Kstd::shared_ptr<_Tp> rclcpp::message_memory_strategy::MessageMemoryStrategy<MessageT, Alloc>::borrow_message() [with MessageT = const std::shared_ptr<const sensor_msgs::msg::CompressedImage_<std::allocator<void> > >&; Alloc = std::allocator<void>][m[K’
[14.098s] [01m[K/home/hansol/ros2_ws/src/darknet_ros/darknet_ros/src/YoloObjectDetector.cpp:764:1:[m[K   required from here
[14.098s] [01m[K/usr/include/c++/7/bits/shared_ptr_base.h:1060:25:[m[K [01;31m[Kerror: [m[Kforming pointer to reference type ‘[01m[Kconst std::shared_ptr<const sensor_msgs::msg::CompressedImage_<std::allocator<void> > >&[m[K’
[14.099s]     >::value, _Res>::type[01;31m[K;[m[K
[14.099s]                          [01;31m[K^[m[K
[14.100s] /usr/include/c++/7/bits/shared_ptr_base.h: In instantiation of ‘[01m[Kclass std::__shared_ptr<const std::shared_ptr<const sensor_msgs::msg::CompressedImage_<std::allocator<void> > >&, (__gnu_cxx::_Lock_policy)2>[m[K’:
[14.101s] [01m[K/usr/include/c++/7/bits/shared_ptr.h:93:11:[m[K   required from ‘[01m[Kclass std::shared_ptr<const std::shared_ptr<const sensor_msgs::msg::CompressedImage_<std::allocator<void> > >&>[m[K’
[14.101s] [01m[K/opt/ros/dashing/include/rclcpp/message_memory_strategy.hpp:84:37:[m[K   required from ‘[01m[Kstd::shared_ptr<_Tp> rclcpp::message_memory_strategy::MessageMemoryStrategy<MessageT, Alloc>::borrow_message() [with MessageT = const std::shared_ptr<const sensor_msgs::msg::CompressedImage_<std::allocator<void> > >&; Alloc = std::allocator<void>][m[K’
[14.102s] [01m[K/home/hansol/ros2_ws/src/darknet_ros/darknet_ros/src/YoloObjectDetector.cpp:764:1:[m[K   required from here
[14.102s] [01m[K/usr/include/c++/7/bits/shared_ptr_base.h:1257:7:[m[K [01;31m[Kerror: [m[Kforming pointer to reference type ‘[01m[Kstd::__shared_ptr<const std::shared_ptr<const sensor_msgs::msg::CompressedImage_<std::allocator<void> > >&, (__gnu_cxx::_Lock_policy)2>::element_type {aka const std::shared_ptr<const sensor_msgs::msg::CompressedImage_<std::allocator<void> > >&}[m[K’
[14.103s]        [01;31m[Kget[m[K() const noexcept
[14.104s]        [01;31m[K^~~[m[K
[14.104s] [01m[K/usr/include/c++/7/bits/shared_ptr_base.h:1401:24:[m[K [01;31m[Kerror: [m[Kforming pointer to reference type ‘[01m[Kstd::__shared_ptr<const std::shared_ptr<const sensor_msgs::msg::CompressedImage_<std::allocator<void> > >&, (__gnu_cxx::_Lock_policy)2>::element_type {aka const std::shared_ptr<const sensor_msgs::msg::CompressedImage_<std::allocator<void> > >&}[m[K’
[14.105s]        element_type*    [01;31m[K_M_ptr[m[K;         // Contained pointer.
[14.105s]                         [01;31m[K^~~~~~[m[K
[14.106s] In file included from [01m[K/usr/include/c++/7/memory:81:0[m[K,
[14.106s]                  from [01m[K/usr/include/c++/7/thread:39[m[K,
[14.107s]                  from [01m[K/home/hansol/ros2_ws/src/darknet_ros/darknet_ros/include/darknet_ros/YoloObjectDetector.hpp:17[m[K,
[14.108s]                  from [01m[K/home/hansol/ros2_ws/src/darknet_ros/darknet_ros/src/YoloObjectDetector.cpp:10[m[K:
[14.108s] /usr/include/c++/7/bits/shared_ptr.h: In instantiation of ‘[01m[Kclass std::shared_ptr<const std::shared_ptr<const sensor_msgs::msg::CompressedImage_<std::allocator<void> > >&>[m[K’:
[14.109s] [01m[K/opt/ros/dashing/include/rclcpp/message_memory_strategy.hpp:84:37:[m[K   required from ‘[01m[Kstd::shared_ptr<_Tp> rclcpp::message_memory_strategy::MessageMemoryStrategy<MessageT, Alloc>::borrow_message() [with MessageT = const std::shared_ptr<const sensor_msgs::msg::CompressedImage_<std::allocator<void> > >&; Alloc = std::allocator<void>][m[K’
[14.109s] [01m[K/home/hansol/ros2_ws/src/darknet_ros/darknet_ros/src/YoloObjectDetector.cpp:764:1:[m[K   required from here
[14.110s] [01m[K/usr/include/c++/7/bits/shared_ptr.h:224:2:[m[K [01;31m[Kerror: [m[Kforming pointer to reference type ‘[01m[Kstd::shared_ptr<const std::shared_ptr<const sensor_msgs::msg::CompressedImage_<std::allocator<void> > >&>::element_type {aka const std::shared_ptr<const sensor_msgs::msg::CompressedImage_<std::allocator<void> > >&}[m[K’
[14.111s]   [01;31m[Kshared_ptr[m[K(const shared_ptr<_Yp>& __r, element_type* __p) noexcept
[14.111s]   [01;31m[K^~~~~~~~~~[m[K
[14.151s] In file included from [01m[K/usr/include/c++/7/bits/shared_ptr.h:52:0[m[K,
[14.152s]                  from [01m[K/usr/include/c++/7/memory:81[m[K,
[14.152s]                  from [01m[K/usr/include/c++/7/thread:39[m[K,
[14.153s]                  from [01m[K/home/hansol/ros2_ws/src/darknet_ros/darknet_ros/include/darknet_ros/YoloObjectDetector.hpp:17[m[K,
[14.153s]                  from [01m[K/home/hansol/ros2_ws/src/darknet_ros/darknet_ros/src/YoloObjectDetector.cpp:10[m[K:
[14.154s] /usr/include/c++/7/bits/shared_ptr_base.h: In instantiation of ‘[01m[Kconstexpr std::__shared_ptr<_Tp, _Lp>::__shared_ptr() [with _Tp = const std::shared_ptr<const sensor_msgs::msg::CompressedImage_<std::allocator<void> > >&; __gnu_cxx::_Lock_policy _Lp = (__gnu_cxx::_Lock_policy)2][m[K’:
[14.155s] [01m[K/usr/include/c++/7/bits/shared_ptr_base.h:1235:9:[m[K   required from ‘[01m[Kvoid std::__shared_ptr<_Tp, _Lp>::reset() [with _Tp = const std::shared_ptr<const sensor_msgs::msg::CompressedImage_<std::allocator<void> > >&; __gnu_cxx::_Lock_policy _Lp = (__gnu_cxx::_Lock_policy)2][m[K’
[14.155s] [01m[K/opt/ros/dashing/include/rclcpp/message_memory_strategy.hpp:126:5:[m[K   required from ‘[01m[Kvoid rclcpp::message_memory_strategy::MessageMemoryStrategy<MessageT, Alloc>::return_message(std::shared_ptr<_Tp>&) [with MessageT = const std::shared_ptr<const sensor_msgs::msg::CompressedImage_<std::allocator<void> > >&; Alloc = std::allocator<void>][m[K’
[14.156s] [01m[K/home/hansol/ros2_ws/src/darknet_ros/darknet_ros/src/YoloObjectDetector.cpp:764:1:[m[K   required from here
[14.156s] [01m[K/usr/include/c++/7/bits/shared_ptr_base.h:1073:32:[m[K [01;31m[Kerror: [m[Kusing invalid field ‘[01m[Kstd::__shared_ptr<_Tp, _Lp>::_M_ptr[m[K’
[14.157s]        : _M_ptr(0), _M_refcount([01;31m[K)[m[K
[14.158s]                                 [01;31m[K^[m[K
[14.158s] /usr/include/c++/7/bits/shared_ptr_base.h: In instantiation of ‘[01m[Kvoid std::__shared_ptr<_Tp, _Lp>::swap(std::__shared_ptr<_Tp, _Lp>&) [with _Tp = const std::shared_ptr<const sensor_msgs::msg::CompressedImage_<std::allocator<void> > >&; __gnu_cxx::_Lock_policy _Lp = (__gnu_cxx::_Lock_policy)2][m[K’:
[14.159s] [01m[K/usr/include/c++/7/bits/shared_ptr_base.h:1235:24:[m[K   required from ‘[01m[Kvoid std::__shared_ptr<_Tp, _Lp>::reset() [with _Tp = const std::shared_ptr<const sensor_msgs::msg::CompressedImage_<std::allocator<void> > >&; __gnu_cxx::_Lock_policy _Lp = (__gnu_cxx::_Lock_policy)2][m[K’
[14.160s] [01m[K/opt/ros/dashing/include/rclcpp/message_memory_strategy.hpp:126:5:[m[K   required from ‘[01m[Kvoid rclcpp::message_memory_strategy::MessageMemoryStrategy<MessageT, Alloc>::return_message(std::shared_ptr<_Tp>&) [with MessageT = const std::shared_ptr<const sensor_msgs::msg::CompressedImage_<std::allocator<void> > >&; Alloc = std::allocator<void>][m[K’
[14.160s] [01m[K/home/hansol/ros2_ws/src/darknet_ros/darknet_ros/src/YoloObjectDetector.cpp:764:1:[m[K   required from here
[14.161s] [01m[K/usr/include/c++/7/bits/shared_ptr_base.h:1274:12:[m[K [01;31m[Kerror: [m[Kusing invalid field ‘[01m[Kstd::__shared_ptr<_Tp, _Lp>::_M_ptr[m[K’
[14.161s]   std::swap([01;31m[K_M_ptr[m[K, __other._M_ptr);
[14.162s]             [01;31m[K^~~~~~[m[K
[14.163s] [01m[K/usr/include/c++/7/bits/shared_ptr_base.h:1274:28:[m[K [01;31m[Kerror: [m[K‘[01m[Kclass std::__shared_ptr<const std::shared_ptr<const sensor_msgs::msg::CompressedImage_<std::allocator<void> > >&, (__gnu_cxx::_Lock_policy)2>[m[K’ has no member named ‘[01m[K_M_ptr[m[K’
[14.163s]   std::swap(_M_ptr, [01;31m[K__other._M_ptr[m[K);
[14.164s]                     [01;31m[K~~~~~~~~^~~~~~[m[K
[14.395s] In file included from [01m[K/usr/include/c++/7/future:48:0[m[K,
[14.396s]                  from [01m[K/opt/ros/dashing/include/rclcpp/executors.hpp:18[m[K,
[14.396s]                  from [01m[K/opt/ros/dashing/include/rclcpp/rclcpp.hpp:144[m[K,
[14.397s]                  from [01m[K/home/hansol/ros2_ws/src/darknet_ros/darknet_ros/include/darknet_ros/YoloObjectDetector.hpp:25[m[K,
[14.397s]                  from [01m[K/home/hansol/ros2_ws/src/darknet_ros/darknet_ros/src/YoloObjectDetector.cpp:10[m[K:
[14.398s] [01m[K/usr/include/c++/7/bits/std_function.h:[m[K At global scope:
[14.399s] [01m[K/usr/include/c++/7/bits/std_function.h:541:2:[m[K [01;31m[Kerror: [m[K‘[01m[Kstd::function<_Res(_ArgTypes ...)>::_Requires<std::function<_Res(_ArgTypes ...)>::_Callable<typename std::decay<_U1>::type>, std::function<_Res(_ArgTypes ...)>&> std::function<_Res(_ArgTypes ...)>::operator=(_Functor&&) [with _Functor = rclcpp::create_subscription_factory(CallbackT&&, const rclcpp::SubscriptionEventCallbacks&, typename rclcpp::message_memory_strategy::MessageMemoryStrategy<CallbackMessageT, Alloc>::SharedPtr, std::shared_ptr<PublisherT>) [with MessageT = sensor_msgs::msg::CompressedImage_<std::allocator<void> >; CallbackT = std::_Bind<void (darknet_ros::YoloObjectDetector::*(darknet_ros::YoloObjectDetector*, std::_Placeholder<1>))(const std::shared_ptr<const sensor_msgs::msg::CompressedImage_<std::allocator<void> > >&)>; Alloc = std::allocator<void>; CallbackMessageT = const std::shared_ptr<const sensor_msgs::msg::CompressedImage_<std::allocator<void> > >&; SubscriptionT = rclcpp::Subscription<const std::shared_ptr<const sensor_msgs::msg::CompressedImage_<std::allocator<void> > >&, std::allocator<void> >; typename rclcpp::message_memory_strategy::MessageMemoryStrategy<CallbackMessageT, Alloc>::SharedPtr = std::shared_ptr<rclcpp::message_memory_strategy::MessageMemoryStrategy<const std::shared_ptr<const sensor_msgs::msg::CompressedImage_<std::allocator<void> > >&, std::allocator<void> > >]::<lambda(rclcpp::node_interfaces::NodeBaseInterface*, const string&, const rcl_subscription_options_t&)>; _Res = std::shared_ptr<rclcpp::SubscriptionBase>; _ArgTypes = {rclcpp::node_interfaces::NodeBaseInterface*, const std::__cxx11::basic_string<char, std::char_traits<char>, std::allocator<char> >&, const rcl_subscription_options_t&}; std::function<_Res(_ArgTypes ...)>::_Requires<std::function<_Res(_ArgTypes ...)>::_Callable<typename std::decay<_U1>::type>, std::function<_Res(_ArgTypes ...)>&> = std::function<std::shared_ptr<rclcpp::SubscriptionBase>(rclcpp::node_interfaces::NodeBaseInterface*, const std::__cxx11::basic_string<char>&, const rcl_subscription_options_t&)>&][m[K’, declared using local type ‘[01m[Krclcpp::create_subscription_factory(CallbackT&&, const rclcpp::SubscriptionEventCallbacks&, typename rclcpp::message_memory_strategy::MessageMemoryStrategy<CallbackMessageT, Alloc>::SharedPtr, std::shared_ptr<PublisherT>) [with MessageT = sensor_msgs::msg::CompressedImage_<std::allocator<void> >; CallbackT = std::_Bind<void (darknet_ros::YoloObjectDetector::*(darknet_ros::YoloObjectDetector*, std::_Placeholder<1>))(const std::shared_ptr<const sensor_msgs::msg::CompressedImage_<std::allocator<void> > >&)>; Alloc = std::allocator<void>; CallbackMessageT = const std::shared_ptr<const sensor_msgs::msg::CompressedImage_<std::allocator<void> > >&; SubscriptionT = rclcpp::Subscription<const std::shared_ptr<const sensor_msgs::msg::CompressedImage_<std::allocator<void> > >&, std::allocator<void> >; typename rclcpp::message_memory_strategy::MessageMemoryStrategy<CallbackMessageT, Alloc>::SharedPtr = std::shared_ptr<rclcpp::message_memory_strategy::MessageMemoryStrategy<const std::shared_ptr<const sensor_msgs::msg::CompressedImage_<std::allocator<void> > >&, std::allocator<void> > >]::<lambda(rclcpp::node_interfaces::NodeBaseInterface*, const string&, const rcl_subscription_options_t&)>[m[K’, is used but never defined [[01;31m[K-fpermissive[m[K]
[14.399s]   [01;31m[Koperator[m[K=(_Functor&& __f)
[14.400s]   [01;31m[K^~~~~~~~[m[K
[15.061s] CMakeFiles/darknet_ros_lib.dir/build.make:2370: recipe for target 'CMakeFiles/darknet_ros_lib.dir/src/YoloObjectDetector.cpp.o' failed
[15.062s] make[2]: *** [CMakeFiles/darknet_ros_lib.dir/src/YoloObjectDetector.cpp.o] Error 1
[15.063s] CMakeFiles/Makefile2:111: recipe for target 'CMakeFiles/darknet_ros_lib.dir/all' failed
[15.064s] make[1]: *** [CMakeFiles/darknet_ros_lib.dir/all] Error 2
[15.064s] make: *** [all] Error 2
[15.065s] Makefile:145: recipe for target 'all' failed
[15.069s] Invoked command in '/home/hansol/ros2_ws/build/darknet_ros' returned '2': CMAKE_PREFIX_PATH=/home/hansol/ros2_ws/install/darknet_ros_msgs:/home/hansol/ros2_ws/install/realsense_ros2_camera:/home/hansol/ros2_ws/install/realsense_camera_msgs:/home/hansol/ros2_ws/install/darknet_ros:/home/hansol/ros2_ws/install/Darknet:/opt/ros/dashing LD_LIBRARY_PATH=/home/hansol/ros2_ws/install/darknet_ros_msgs/lib:/home/hansol/ros2_ws/install/realsense_camera_msgs/lib:/home/hansol/ros2_ws/install/darknet_ros/lib:/opt/ros/dashing/lib:/usr/local/cuda-10.2/lib64 PYTHONPATH=/home/hansol/ros2_ws/install/darknet_ros_msgs/lib/python3.6/site-packages:/home/hansol/ros2_ws/install/realsense_camera_msgs/lib/python3.6/site-packages:/opt/ros/dashing/lib/python3.6/site-packages /usr/local/bin/cmake --build /home/hansol/ros2_ws/build/darknet_ros -- -j4 -l4
