[0.143s] Invoking command in '/home/hansol/ros2_ws/build/Darknet': /usr/local/bin/cmake --build /home/hansol/ros2_ws/build/Darknet -- -j4 -l4
[0.163s] Change Dir: '/home/hansol/ros2_ws/build/Darknet'
[0.164s] 
[0.165s] Run Build Command(s): /usr/local/bin/cmake -E env VERBOSE=1 /usr/bin/make -f Makefile -j4 -l4
[0.187s] /usr/local/bin/cmake -S/home/hansol/ros2_ws/src/darknet_ros/darknet -B/home/hansol/ros2_ws/build/Darknet --check-build-system CMakeFiles/Makefile.cmake 0
[0.245s] /usr/local/bin/cmake -E cmake_progress_start /home/hansol/ros2_ws/build/Darknet/CMakeFiles /home/hansol/ros2_ws/build/Darknet//CMakeFiles/progress.marks
[0.295s] /usr/bin/make  -f CMakeFiles/Makefile2 all
[0.313s] make[1]: Entering directory '/home/hansol/ros2_ws/build/Darknet'
[0.314s] /usr/bin/make  -f CMakeFiles/dark.dir/build.make CMakeFiles/dark.dir/depend
[0.314s] /usr/bin/make  -f CMakeFiles/darknet.dir/build.make CMakeFiles/darknet.dir/depend
[0.424s] make[2]: Entering directory '/home/hansol/ros2_ws/build/Darknet'
[0.425s] cd /home/hansol/ros2_ws/build/Darknet && /usr/local/bin/cmake -E cmake_depends "Unix Makefiles" /home/hansol/ros2_ws/src/darknet_ros/darknet /home/hansol/ros2_ws/src/darknet_ros/darknet /home/hansol/ros2_ws/build/Darknet /home/hansol/ros2_ws/build/Darknet /home/hansol/ros2_ws/build/Darknet/CMakeFiles/dark.dir/DependInfo.cmake "--color="
[0.456s] make[2]: Leaving directory '/home/hansol/ros2_ws/build/Darknet'
[0.458s] /usr/bin/make  -f CMakeFiles/dark.dir/build.make CMakeFiles/dark.dir/build
[0.475s] make[2]: Entering directory '/home/hansol/ros2_ws/build/Darknet'
[0.476s] cd /home/hansol/ros2_ws/build/Darknet && /usr/local/bin/cmake -E cmake_depends "Unix Makefiles" /home/hansol/ros2_ws/src/darknet_ros/darknet /home/hansol/ros2_ws/src/darknet_ros/darknet /home/hansol/ros2_ws/build/Darknet /home/hansol/ros2_ws/build/Darknet /home/hansol/ros2_ws/build/Darknet/CMakeFiles/darknet.dir/DependInfo.cmake "--color="
[0.528s] make[2]: Leaving directory '/home/hansol/ros2_ws/build/Darknet'
[0.530s] /usr/bin/make  -f CMakeFiles/darknet.dir/build.make CMakeFiles/darknet.dir/build
[0.552s] make[2]: Entering directory '/home/hansol/ros2_ws/build/Darknet'
[0.556s] make[2]: Nothing to be done for 'CMakeFiles/dark.dir/build'.
[0.559s] make[2]: Leaving directory '/home/hansol/ros2_ws/build/Darknet'
[0.595s] [ 49%] Built target dark
[0.600s] /usr/bin/make  -f CMakeFiles/uselib_track.dir/build.make CMakeFiles/uselib_track.dir/depend
[0.602s] /usr/bin/make  -f CMakeFiles/uselib.dir/build.make CMakeFiles/uselib.dir/depend
[0.603s] make[2]: Entering directory '/home/hansol/ros2_ws/build/Darknet'
[0.604s] make[2]: Nothing to be done for 'CMakeFiles/darknet.dir/build'.
[0.605s] make[2]: Leaving directory '/home/hansol/ros2_ws/build/Darknet'
[0.620s] make[2]: Entering directory '/home/hansol/ros2_ws/build/Darknet'
[0.625s] cd /home/hansol/ros2_ws/build/Darknet && /usr/local/bin/cmake -E cmake_depends "Unix Makefiles" /home/hansol/ros2_ws/src/darknet_ros/darknet /home/hansol/ros2_ws/src/darknet_ros/darknet /home/hansol/ros2_ws/build/Darknet /home/hansol/ros2_ws/build/Darknet /home/hansol/ros2_ws/build/Darknet/CMakeFiles/uselib.dir/DependInfo.cmake "--color="
[0.627s] make[2]: Entering directory '/home/hansol/ros2_ws/build/Darknet'
[0.629s] cd /home/hansol/ros2_ws/build/Darknet && /usr/local/bin/cmake -E cmake_depends "Unix Makefiles" /home/hansol/ros2_ws/src/darknet_ros/darknet /home/hansol/ros2_ws/src/darknet_ros/darknet /home/hansol/ros2_ws/build/Darknet /home/hansol/ros2_ws/build/Darknet /home/hansol/ros2_ws/build/Darknet/CMakeFiles/uselib_track.dir/DependInfo.cmake "--color="
[0.632s] [ 97%] Built target darknet
[0.660s] make[2]: Leaving directory '/home/hansol/ros2_ws/build/Darknet'
[0.661s] /usr/bin/make  -f CMakeFiles/uselib_track.dir/build.make CMakeFiles/uselib_track.dir/build
[0.675s] make[2]: Entering directory '/home/hansol/ros2_ws/build/Darknet'
[0.677s] make[2]: Nothing to be done for 'CMakeFiles/uselib_track.dir/build'.
[0.683s] make[2]: Leaving directory '/home/hansol/ros2_ws/build/Darknet'
[0.692s] make[2]: Leaving directory '/home/hansol/ros2_ws/build/Darknet'
[0.699s] /usr/bin/make  -f CMakeFiles/uselib.dir/build.make CMakeFiles/uselib.dir/build
[0.706s] [ 99%] Built target uselib_track
[0.720s] make[2]: Entering directory '/home/hansol/ros2_ws/build/Darknet'
[0.722s] make[2]: Nothing to be done for 'CMakeFiles/uselib.dir/build'.
[0.729s] make[2]: Leaving directory '/home/hansol/ros2_ws/build/Darknet'
[0.749s] [100%] Built target uselib
[0.752s] make[1]: Leaving directory '/home/hansol/ros2_ws/build/Darknet'
[0.753s] /usr/local/bin/cmake -E cmake_progress_start /home/hansol/ros2_ws/build/Darknet/CMakeFiles 0
[0.784s] 
[0.815s] Invoked command in '/home/hansol/ros2_ws/build/Darknet' returned '0': /usr/local/bin/cmake --build /home/hansol/ros2_ws/build/Darknet -- -j4 -l4
[2.024s] Invoking command in '/home/hansol/ros2_ws/build/Darknet': /usr/local/bin/cmake --install /home/hansol/ros2_ws/build/Darknet
[2.075s] -- Install configuration: "Release"
[2.077s] -- Up-to-date: /home/hansol/ros2_ws/src/darknet_ros/darknet/libdarknet.so
[2.082s] -- Up-to-date: /home/hansol/ros2_ws/install/Darknet/include/darknet/darknet.h
[2.085s] -- Up-to-date: /home/hansol/ros2_ws/install/Darknet/include/darknet/yolo_v2_class.hpp
[2.086s] -- Up-to-date: /home/hansol/ros2_ws/src/darknet_ros/darknet/uselib
[2.086s] -- Up-to-date: /home/hansol/ros2_ws/src/darknet_ros/darknet/darknet
[2.088s] -- Up-to-date: /home/hansol/ros2_ws/src/darknet_ros/darknet/uselib_track
[2.088s] -- Up-to-date: /home/hansol/ros2_ws/install/Darknet/share/darknet/DarknetTargets.cmake
[2.089s] -- Up-to-date: /home/hansol/ros2_ws/install/Darknet/share/darknet/DarknetTargets-release.cmake
[2.090s] -- Up-to-date: /home/hansol/ros2_ws/install/Darknet/share/darknet/DarknetConfig.cmake
[2.090s] -- Up-to-date: /home/hansol/ros2_ws/install/Darknet/share/darknet/DarknetConfigVersion.cmake
[2.189s] Invoked command in '/home/hansol/ros2_ws/build/Darknet' returned '0': /usr/local/bin/cmake --install /home/hansol/ros2_ws/build/Darknet
